[2025-11-13T03:31:22.991+0000] {local_task_job_runner.py:123} INFO - ::group::Pre task execution logs
[2025-11-13T03:31:23.022+0000] {taskinstance.py:2612} INFO - Dependencies all met for dep_context=non-requeueable deps ti=<TaskInstance: Reinitialize_Application.apply_container_restart_docker manual__2025-11-13T03:31:21.011293+00:00 [queued]>
[2025-11-13T03:31:23.038+0000] {taskinstance.py:2612} INFO - Dependencies all met for dep_context=requeueable deps ti=<TaskInstance: Reinitialize_Application.apply_container_restart_docker manual__2025-11-13T03:31:21.011293+00:00 [queued]>
[2025-11-13T03:31:23.038+0000] {taskinstance.py:2865} INFO - Starting attempt 1 of 1
[2025-11-13T03:31:23.073+0000] {taskinstance.py:2888} INFO - Executing <Task(DockerOperator): apply_container_restart_docker> on 2025-11-13 03:31:21.011293+00:00
[2025-11-13T03:31:23.090+0000] {standard_task_runner.py:72} INFO - Started process 155 to run task
[2025-11-13T03:31:23.100+0000] {standard_task_runner.py:104} INFO - Running: ['***', 'tasks', 'run', 'Reinitialize_Application', 'apply_container_restart_docker', 'manual__2025-11-13T03:31:21.011293+00:00', '--job-id', '14726', '--raw', '--subdir', 'DAGS_FOLDER/dag_factory.py', '--cfg-path', '/tmp/tmpmn3wf5rf']
[2025-11-13T03:31:23.102+0000] {standard_task_runner.py:105} INFO - Job 14726: Subtask apply_container_restart_docker
[2025-11-13T03:31:23.198+0000] {task_command.py:467} INFO - Running <TaskInstance: Reinitialize_Application.apply_container_restart_docker manual__2025-11-13T03:31:21.011293+00:00 [running]> on host workflow.y2twbfvcjkaujnl2bmtbxunhcb.cx.internal.cloudapp.net
[2025-11-13T03:31:23.509+0000] {taskinstance.py:3131} INFO - Exporting env vars: AIRFLOW_CTX_DAG_OWNER='***' AIRFLOW_CTX_DAG_ID='Reinitialize_Application' AIRFLOW_CTX_TASK_ID='apply_container_restart_docker' AIRFLOW_CTX_EXECUTION_DATE='2025-11-13T03:31:21.011293+00:00' AIRFLOW_CTX_TRY_NUMBER='1' AIRFLOW_CTX_DAG_RUN_ID='manual__2025-11-13T03:31:21.011293+00:00'
[2025-11-13T03:31:23.516+0000] {taskinstance.py:731} INFO - ::endgroup::
[2025-11-13T03:31:23.587+0000] {docker.py:367} INFO - Starting docker container from image priyanshu01ce/***_chaos:latest
[2025-11-13T03:31:24.231+0000] {docker.py:438} INFO - The container is run as root user. For security, consider using a regular user account.
[2025-11-13T03:31:42.757+0000] {docker.py:438} INFO - 
[2025-11-13T03:31:42.768+0000] {docker.py:438} INFO - total 10236
[2025-11-13T03:31:42.769+0000] {docker.py:438} INFO - drwxr-xr-x 6    1000 1000    4096 Nov 11 11:35 .
[2025-11-13T03:31:42.769+0000] {docker.py:438} INFO - drwxr-xr-x 1 *** root    4096 Sep 26 10:44 ..
[2025-11-13T03:31:42.770+0000] {docker.py:438} INFO - -rw-r--r-- 1    1000 1000    1193 Sep  8 07:02 API_Latency.json
[2025-11-13T03:31:42.771+0000] {docker.py:438} INFO - -rw-r--r-- 1    1000 1000     729 Sep  9 10:30 API_Timeout.json
[2025-11-13T03:31:42.773+0000] {docker.py:438} INFO - -rw-r--r-- 1    1000 1000    1331 Oct  7 18:22 Continuous_Load_Test_Azure.yaml
[2025-11-13T03:31:42.774+0000] {docker.py:438} INFO - -rw-r--r-- 1    1000 1000    1665 Nov 11 09:21 Memory_Stress_Test_Azure.yaml
[2025-11-13T03:31:42.774+0000] {docker.py:438} INFO - -rw-r--r-- 1    1000 1000    1178 Sep 30 18:19 Stress_Test_Azure.yaml
[2025-11-13T03:31:42.775+0000] {docker.py:438} INFO - drwxrwxr-x 2 root    root    4096 Oct 29 06:31 __pycache__
[2025-11-13T03:31:42.775+0000] {docker.py:438} INFO - drwxrwxr-x 5    1000 1000    4096 Oct 21 08:05 chaos_env
[2025-11-13T03:31:42.778+0000] {docker.py:438} INFO - -rw-r--r-- 1    1000 1000    8875 Sep 25 16:54 chaosk6_actions.py
[2025-11-13T03:31:42.778+0000] {docker.py:438} INFO - -rw-rw-r-- 1    1000 1000 9912694 Nov 13 03:30 chaostoolkit.log
[2025-11-13T03:31:42.779+0000] {docker.py:438} INFO - -rw-rw-r-- 1    1000 1000    1421 Oct 23 09:34 check.py
[2025-11-13T03:31:42.779+0000] {docker.py:438} INFO - -rw-r--r-- 1    1000 1000    3213 Sep  9 09:11 combined-sequential.json
[2025-11-13T03:31:42.781+0000] {docker.py:438} INFO - -rwxrwxr-x 1    1000 1000    1489 Oct 27 06:29 complete_chaos_mesh-cleanup.sh
[2025-11-13T03:31:42.782+0000] {docker.py:438} INFO - -rw-r--r-- 1    1000 1000     502 Sep 16 05:31 connection_test_experiment.json
[2025-11-13T03:31:42.782+0000] {docker.py:438} INFO - -rw-rw-r-- 1    1000 1000     692 Oct 24 01:43 container_probe.json
[2025-11-13T03:31:42.783+0000] {docker.py:438} INFO - -rw-rw-r-- 1    1000 1000    2533 Oct 23 09:28 container_probe.yaml
[2025-11-13T03:31:42.783+0000] {docker.py:438} INFO - -rw-r--r-- 1    1000 1000    1420 Sep 24 06:53 container_restart.json
[2025-11-13T03:31:42.786+0000] {docker.py:438} INFO - -rw-r--r-- 1    1000 1000   16452 Sep 26 09:59 container_restart.py
[2025-11-13T03:31:42.786+0000] {docker.py:438} INFO - -rw-r--r-- 1    1000 1000    1744 Nov 11 09:15 container_restart_Azure.yaml
[2025-11-13T03:31:42.787+0000] {docker.py:438} INFO - -rw-r--r-- 1    1000 1000    1409 Sep 18 12:30 continuous_load_test.json
[2025-11-13T03:31:42.787+0000] {docker.py:438} INFO - -rw-r--r-- 1    1000 1000    1637 Sep 25 10:13 cordon-uncordon-node.json
[2025-11-13T03:31:42.791+0000] {docker.py:438} INFO - -rw-r--r-- 1    1000 1000    1637 Sep 25 04:39 cordon_test.json
[2025-11-13T03:31:42.791+0000] {docker.py:438} INFO - -rw-r--r-- 1    1000 1000    1430 Nov 11 09:16 cordon_uncordon_node_Azure.yaml
[2025-11-13T03:31:42.791+0000] {docker.py:438} INFO - -rw-r--r-- 1    1000 1000    1203 Sep 30 06:51 cpu_stress_ng.json
[2025-11-13T03:31:42.792+0000] {docker.py:438} INFO - -rw-r--r-- 1    1000 1000    1760 Oct 21 08:00 db_cleanup.json
[2025-11-13T03:31:42.792+0000] {docker.py:438} INFO - -rw-r--r-- 1    1000 1000    6399 Sep 24 07:40 db_cleanup.py
[2025-11-13T03:31:42.795+0000] {docker.py:438} INFO - -rw-rw-r-- 1    1000 1000    5855 Oct 28 12:27 direct_memory_stress.py
[2025-11-13T03:31:42.795+0000] {docker.py:438} INFO - -rw-r--r-- 1    1000 1000    3295 Nov 13 03:29 journal.json
[2025-11-13T03:31:42.796+0000] {docker.py:438} INFO - -rw-rw-r-- 1    1000 1000       0 Nov 11 11:31 json
[2025-11-13T03:31:42.796+0000] {docker.py:438} INFO - -rw-rw-r-- 1 root    root  263809 Nov 13 03:30 k6_continuous_load.log
[2025-11-13T03:31:42.798+0000] {docker.py:438} INFO - -rw-r--r-- 1    1000 1000    3906 Nov 13 02:45 k6_continuous_summary.json
[2025-11-13T03:31:42.799+0000] {docker.py:438} INFO - -rw-r--r-- 1    1000 1000    3433 Sep 25 09:28 k6_summary.json
[2025-11-13T03:31:42.799+0000] {docker.py:438} INFO - -rw-r--r-- 1    1000 1000     989 Sep 30 09:24 kubernetes_actions.json
[2025-11-13T03:31:42.800+0000] {docker.py:438} INFO - -rw-r--r-- 1    1000 1000   10961 Sep 30 09:23 kubernetes_actions.py
[2025-11-13T03:31:42.800+0000] {docker.py:438} INFO - -rw-r--r-- 1    1000 1000     945 Sep 21 16:40 load_test.json
[2025-11-13T03:31:42.802+0000] {docker.py:438} INFO - -rw-r--r-- 1    1000 1000     528 Sep 17 12:13 max_connection_experiment.json
[2025-11-13T03:31:42.802+0000] {docker.py:438} INFO - -rw-r--r-- 1    1000 1000    1227 Sep 13 15:20 memory-stress-rollback.json
[2025-11-13T03:31:42.802+0000] {docker.py:438} INFO - -rw-rw-r-- 1    1000 1000    1066 Oct 30 12:27 memory_stress.json
[2025-11-13T03:31:42.803+0000] {docker.py:438} INFO - -rw-rw-r-- 1    1000 1000    6653 Oct 29 06:18 memory_stress.py
[2025-11-13T03:31:42.803+0000] {docker.py:438} INFO - -rw-r--r-- 1    1000 1000    1421 Sep 29 05:20 mongo_db_container_restart.json
[2025-11-13T03:31:42.807+0000] {docker.py:438} INFO - -rw-r--r-- 1    1000 1000    7586 Sep 18 05:54 mongodb_actions.py
[2025-11-13T03:31:42.807+0000] {docker.py:438} INFO - -rw-r--r-- 1    1000 1000    2136 Sep 18 11:23 mongodb_connection.json
[2025-11-13T03:31:42.808+0000] {docker.py:438} INFO - -rw-r--r-- 1    1000 1000     597 Sep 16 09:17 mongodb_network_latency_experiment.json
[2025-11-13T03:31:42.808+0000] {docker.py:438} INFO - -rw-r--r-- 1    1000 1000    3657 Sep 18 05:42 mongodb_probes.py
[2025-11-13T03:31:42.811+0000] {docker.py:438} INFO - -rw-r--r-- 1    1000 1000    6161 Sep 12 08:04 pod_restart.py
[2025-11-13T03:31:42.811+0000] {docker.py:438} INFO - -rw-r--r-- 1    1000 1000    1497 Sep 30 05:50 redis_config_faults.py
[2025-11-13T03:31:42.811+0000] {docker.py:438} INFO - -rw-r--r-- 1    1000 1000     862 Sep 30 05:50 redis_experiment.json
[2025-11-13T03:31:42.812+0000] {docker.py:438} INFO - -rw-r--r-- 1    1000 1000     945 Sep 18 06:53 redis_load.json
[2025-11-13T03:31:42.812+0000] {docker.py:438} INFO - -rw-r--r-- 1    1000 1000    1634 Nov 11 09:16 redis_memory_stress_Azure.yaml
[2025-11-13T03:31:42.814+0000] {docker.py:438} INFO - -rw-rw-r-- 1    1000 1000    1333 Oct 21 09:39 reinitialize_application.yaml
[2025-11-13T03:31:42.815+0000] {docker.py:438} INFO - -rw-r--r-- 1    1000 1000    1284 Sep 25 10:53 run_load_test_with_cleanup.py
[2025-11-13T03:31:42.816+0000] {docker.py:438} INFO - -rw-rw-r-- 1    1000 1000    1307 Oct 27 10:33 sample_probe.yaml
[2025-11-13T03:31:42.817+0000] {docker.py:438} INFO - drwxr-xr-x 2    1000 1000    4096 Oct 22 06:46 scripts
[2025-11-13T03:31:42.818+0000] {docker.py:438} INFO - -rw-rw-r-- 1    1000 1000     272 Oct 27 08:51 simple-stress-test.yaml
[2025-11-13T03:31:42.818+0000] {docker.py:438} INFO - drwxr-xr-x 4    1000 1000    4096 Sep 30 09:41 socialNetwork
[2025-11-13T03:31:42.819+0000] {docker.py:438} INFO - -rw-r--r-- 1    1000 1000     821 Sep 26 13:20 stress_test.json
[2025-11-13T03:31:42.819+0000] {docker.py:438} INFO - -rw-rw-r-- 1    1000 1000     301 Oct 27 08:46 test-stress-fixed.yaml
[2025-11-13T03:31:42.821+0000] {docker.py:438} INFO - -rw-rw-r-- 1    1000 1000     295 Oct 27 08:49 test_after_fix.yaml
[2025-11-13T03:31:42.821+0000] {docker.py:438} INFO - -rw-r--r-- 1    1000 1000     367 Sep 17 07:24 test_params.json
[2025-11-13T03:31:42.822+0000] {docker.py:438} INFO - Starting Reinitializing the Social Networking Application...
[2025-11-13T03:31:43.741+0000] {docker.py:438} INFO - [32m[2025-11-13 03:31:43 INFO] Validating the experiment's syntax
[2025-11-13T03:31:44.286+0000] {docker.py:438} INFO - [32m[2025-11-13 03:31:44 INFO] Experiment looks valid
[2025-11-13T03:31:44.290+0000] {docker.py:438} INFO - [32m[2025-11-13 03:31:44 INFO] Running experiment: Simple Social Network Reset
[2025-11-13T03:31:44.300+0000] {docker.py:438} INFO - [32m[2025-11-13 03:31:44 INFO] Steady-state strategy: default
[2025-11-13T03:31:44.301+0000] {docker.py:438} INFO - [32m[2025-11-13 03:31:44 INFO] Rollbacks strategy: default
[2025-11-13T03:31:44.302+0000] {docker.py:438} INFO - [32m[2025-11-13 03:31:44 INFO] No steady state hypothesis defined. That's ok, just exploring.
[2025-11-13T03:31:44.302+0000] {docker.py:438} INFO - [32m[2025-11-13 03:31:44 INFO] Playing your experiment's method now...
[2025-11-13T03:31:44.303+0000] {docker.py:438} INFO - [32m[2025-11-13 03:31:44 INFO] Action: complete-reset-and-reinit
[2025-11-13T03:31:44.303+0000] {docker.py:438} INFO - INFO:kubernetes_actions:Starting complete reset and reinitialization...
[2025-11-13T03:31:44.304+0000] {docker.py:438} INFO - INFO:kubernetes_actions:Starting full social network reset...
[2025-11-13T03:31:44.305+0000] {docker.py:438} INFO - INFO:kubernetes_actions:Clearing Redis data...
[2025-11-13T03:31:44.383+0000] {docker.py:438} INFO - INFO:kubernetes_actions:Loaded local Kubernetes config
[2025-11-13T03:31:44.413+0000] {docker.py:438} INFO - INFO:kubernetes_actions:Loaded local Kubernetes config
[2025-11-13T03:31:44.704+0000] {docker.py:438} INFO - INFO:kubernetes_actions:Found running pod: social-graph-redis-64bd79b48b-gpwdg for deployment: social-graph-redis
[2025-11-13T03:31:44.705+0000] {docker.py:438} INFO - INFO:kubernetes_actions:Executing command in pod social-graph-redis-64bd79b48b-gpwdg, container social-graph-redis: redis-cli FLUSHALL
[2025-11-13T03:31:46.133+0000] {docker.py:438} INFO - INFO:kubernetes_actions:Command executed successfully. Output: OK
[2025-11-13T03:31:46.161+0000] {docker.py:438} INFO - INFO:kubernetes_actions:Loaded local Kubernetes config
[2025-11-13T03:31:46.189+0000] {docker.py:438} INFO - INFO:kubernetes_actions:Loaded local Kubernetes config
[2025-11-13T03:31:46.528+0000] {docker.py:438} INFO - INFO:kubernetes_actions:Found running pod: home-timeline-redis-744dd9998f-xqjsk for deployment: home-timeline-redis
[2025-11-13T03:31:46.528+0000] {docker.py:438} INFO - INFO:kubernetes_actions:Executing command in pod home-timeline-redis-744dd9998f-xqjsk, container home-timeline-redis: redis-cli FLUSHALL
[2025-11-13T03:31:47.884+0000] {docker.py:438} INFO - INFO:kubernetes_actions:Command executed successfully. Output: OK
[2025-11-13T03:31:47.910+0000] {docker.py:438} INFO - INFO:kubernetes_actions:Loaded local Kubernetes config
[2025-11-13T03:31:47.939+0000] {docker.py:438} INFO - INFO:kubernetes_actions:Loaded local Kubernetes config
[2025-11-13T03:31:48.261+0000] {docker.py:438} INFO - INFO:kubernetes_actions:Found running pod: user-timeline-redis-7b8f6ff4fb-5s87m for deployment: user-timeline-redis
[2025-11-13T03:31:48.264+0000] {docker.py:438} INFO - INFO:kubernetes_actions:Executing command in pod user-timeline-redis-7b8f6ff4fb-5s87m, container user-timeline-redis: redis-cli FLUSHALL
[2025-11-13T03:31:49.939+0000] {docker.py:438} INFO - INFO:kubernetes_actions:Command executed successfully. Output: OK
[2025-11-13T03:31:49.940+0000] {docker.py:438} INFO - 
[2025-11-13T03:31:49.941+0000] {docker.py:438} INFO - INFO:kubernetes_actions:Clearing Memcached data...
[2025-11-13T03:31:49.973+0000] {docker.py:438} INFO - INFO:kubernetes_actions:Loaded local Kubernetes config
[2025-11-13T03:31:49.999+0000] {docker.py:438} INFO - INFO:kubernetes_actions:Loaded local Kubernetes config
[2025-11-13T03:31:50.260+0000] {docker.py:438} INFO - INFO:kubernetes_actions:Found running pod: post-storage-memcached-67c6cc65cc-j4jdz for deployment: post-storage-memcached
[2025-11-13T03:31:50.261+0000] {docker.py:438} INFO - INFO:kubernetes_actions:Executing command in pod post-storage-memcached-67c6cc65cc-j4jdz, container post-storage-memcached: sh -c echo 'flush_all' | nc localhost 11211
[2025-11-13T03:31:51.693+0000] {docker.py:438} INFO - INFO:kubernetes_actions:Command executed successfully. Output: sh: 1: nc: not found
[2025-11-13T03:31:51.720+0000] {docker.py:438} INFO - INFO:kubernetes_actions:Loaded local Kubernetes config
[2025-11-13T03:31:51.748+0000] {docker.py:438} INFO - INFO:kubernetes_actions:Loaded local Kubernetes config
[2025-11-13T03:31:52.017+0000] {docker.py:438} INFO - INFO:kubernetes_actions:Found running pod: user-memcached-56f89988c-kswck for deployment: user-memcached
[2025-11-13T03:31:52.018+0000] {docker.py:438} INFO - INFO:kubernetes_actions:Executing command in pod user-memcached-56f89988c-kswck, container user-memcached: sh -c echo 'flush_all' | nc localhost 11211
[2025-11-13T03:31:53.574+0000] {docker.py:438} INFO - INFO:kubernetes_actions:Command executed successfully. Output: sh: 1: nc: not found
[2025-11-13T03:31:53.577+0000] {docker.py:438} INFO - INFO:kubernetes_actions:Dropping MongoDB databases...
[2025-11-13T03:31:53.625+0000] {docker.py:438} INFO - INFO:kubernetes_actions:Loaded local Kubernetes config
[2025-11-13T03:31:53.681+0000] {docker.py:438} INFO - INFO:kubernetes_actions:Loaded local Kubernetes config
[2025-11-13T03:31:54.002+0000] {docker.py:438} INFO - INFO:kubernetes_actions:Found running pod: post-storage-mongodb-7f7657964c-b2fld for deployment: post-storage-mongodb
[2025-11-13T03:31:54.003+0000] {docker.py:438} INFO - INFO:kubernetes_actions:Executing command in pod post-storage-mongodb-7f7657964c-b2fld, container post-storage-mongodb: mongo --eval db.getSiblingDB('post').dropDatabase()
[2025-11-13T03:31:55.701+0000] {docker.py:438} INFO - INFO:kubernetes_actions:Command executed successfully. Output: MongoDB shell version v4.4.6
[2025-11-13T03:31:55.702+0000] {docker.py:438} INFO - connecting to: mongodb://127.0.0.1:27017/?compressors=disabled&gssapiServiceName=mongodb
[2025-11-13T03:31:55.702+0000] {docker.py:438} INFO - Implicit session: session { "id" : UUID("037bdadb-5f1d-49d2-972a-b9e41c91b431") }
[2025-11-13T03:31:55.705+0000] {docker.py:438} INFO - MongoDB server version: 4.4.6
[2025-11-13T03:31:55.705+0000] {docker.py:438} INFO - { "dropped" : "post", "ok" : 1 }
[2025-11-13T03:31:55.730+0000] {docker.py:438} INFO - INFO:kubernetes_actions:Loaded local Kubernetes config
[2025-11-13T03:31:55.758+0000] {docker.py:438} INFO - INFO:kubernetes_actions:Loaded local Kubernetes config
[2025-11-13T03:31:56.023+0000] {docker.py:438} INFO - INFO:kubernetes_actions:Found running pod: post-storage-mongodb-7f7657964c-b2fld for deployment: post-storage-mongodb
[2025-11-13T03:31:56.024+0000] {docker.py:438} INFO - INFO:kubernetes_actions:Executing command in pod post-storage-mongodb-7f7657964c-b2fld, container post-storage-mongodb: mongo --eval db.getSiblingDB('READ__ME_TO_RECOVER_YOUR_DATA').dropDatabase()
[2025-11-13T03:31:57.607+0000] {docker.py:438} INFO - INFO:kubernetes_actions:Command executed successfully. Output: MongoDB shell version v4.4.6
[2025-11-13T03:31:57.607+0000] {docker.py:438} INFO - connecting to: mongodb://127.0.0.1:27017/?compressors=disabled&gssapiServiceName=mongodb
[2025-11-13T03:31:57.608+0000] {docker.py:438} INFO - Implicit session: session { "id" : UUID("97cb2a22-5377-4e13-a48c-df7a01504cf8") }
[2025-11-13T03:31:57.608+0000] {docker.py:438} INFO - MongoDB server version: 4.4.6
[2025-11-13T03:31:57.609+0000] {docker.py:438} INFO - { "ok" : 1 }
[2025-11-13T03:31:57.639+0000] {docker.py:438} INFO - INFO:kubernetes_actions:Loaded local Kubernetes config
[2025-11-13T03:31:57.667+0000] {docker.py:438} INFO - INFO:kubernetes_actions:Loaded local Kubernetes config
[2025-11-13T03:31:57.918+0000] {docker.py:438} INFO - INFO:kubernetes_actions:Found running pod: user-mongodb-f95b7d968-tqlld for deployment: user-mongodb
[2025-11-13T03:31:57.919+0000] {docker.py:438} INFO - INFO:kubernetes_actions:Executing command in pod user-mongodb-f95b7d968-tqlld, container user-mongodb: mongo --eval db.getSiblingDB('user').dropDatabase()
[2025-11-13T03:31:59.447+0000] {docker.py:438} INFO - INFO:kubernetes_actions:Command executed successfully. Output: MongoDB shell version v4.4.6
[2025-11-13T03:31:59.448+0000] {docker.py:438} INFO - connecting to: mongodb://127.0.0.1:27017/?compressors=disabled&gssapiServiceName=mongodb
[2025-11-13T03:31:59.448+0000] {docker.py:438} INFO - Implicit session: session { "id" : UUID("87dbad93-ba82-4289-9a57-b5171785d818") }
[2025-11-13T03:31:59.451+0000] {docker.py:438} INFO - MongoDB server version: 4.4.6
[2025-11-13T03:31:59.451+0000] {docker.py:438} INFO - { "dropped" : "user", "ok" : 1 }
[2025-11-13T03:31:59.485+0000] {docker.py:438} INFO - INFO:kubernetes_actions:Loaded local Kubernetes config
[2025-11-13T03:31:59.521+0000] {docker.py:438} INFO - INFO:kubernetes_actions:Loaded local Kubernetes config
[2025-11-13T03:31:59.826+0000] {docker.py:438} INFO - INFO:kubernetes_actions:Found running pod: user-mongodb-f95b7d968-tqlld for deployment: user-mongodb
[2025-11-13T03:31:59.828+0000] {docker.py:438} INFO - INFO:kubernetes_actions:Executing command in pod user-mongodb-f95b7d968-tqlld, container user-mongodb: mongo --eval db.getSiblingDB('READ__ME_TO_RECOVER_YOUR_DATA').dropDatabase()
[2025-11-13T03:32:01.350+0000] {docker.py:438} INFO - INFO:kubernetes_actions:Command executed successfully. Output: MongoDB shell version v4.4.6
[2025-11-13T03:32:01.351+0000] {docker.py:438} INFO - connecting to: mongodb://127.0.0.1:27017/?compressors=disabled&gssapiServiceName=mongodb
[2025-11-13T03:32:01.352+0000] {docker.py:438} INFO - Implicit session: session { "id" : UUID("a0df0a62-8959-4483-bf2b-5d3946ed1d8d") }
[2025-11-13T03:32:01.357+0000] {docker.py:438} INFO - MongoDB server version: 4.4.6
[2025-11-13T03:32:01.357+0000] {docker.py:438} INFO - { "ok" : 1 }
[2025-11-13T03:32:01.405+0000] {docker.py:438} INFO - INFO:kubernetes_actions:Loaded local Kubernetes config
[2025-11-13T03:32:01.454+0000] {docker.py:438} INFO - INFO:kubernetes_actions:Loaded local Kubernetes config
[2025-11-13T03:32:01.740+0000] {docker.py:438} INFO - INFO:kubernetes_actions:Found running pod: social-graph-mongodb-77fd77d9f4-jj4vn for deployment: social-graph-mongodb
[2025-11-13T03:32:01.742+0000] {docker.py:438} INFO - INFO:kubernetes_actions:Executing command in pod social-graph-mongodb-77fd77d9f4-jj4vn, container social-graph-mongodb: mongo --eval db.getSiblingDB('social-graph').dropDatabase()
[2025-11-13T03:32:03.348+0000] {docker.py:438} INFO - INFO:kubernetes_actions:Command executed successfully. Output: MongoDB shell version v4.4.6
[2025-11-13T03:32:03.349+0000] {docker.py:438} INFO - connecting to: mongodb://127.0.0.1:27017/?compressors=disabled&gssapiServiceName=mongodb
[2025-11-13T03:32:03.349+0000] {docker.py:438} INFO - Implicit session: session { "id" : UUID("38678ba1-545f-4c7e-b948-9afd2268bc3f") }
[2025-11-13T03:32:03.353+0000] {docker.py:438} INFO - MongoDB server version: 4.4.6
[2025-11-13T03:32:03.353+0000] {docker.py:438} INFO - { "dropped" : "social-graph", "ok" : 1 }
[2025-11-13T03:32:03.383+0000] {docker.py:438} INFO - INFO:kubernetes_actions:Loaded local Kubernetes config
[2025-11-13T03:32:03.412+0000] {docker.py:438} INFO - INFO:kubernetes_actions:Loaded local Kubernetes config
[2025-11-13T03:32:03.717+0000] {docker.py:438} INFO - INFO:kubernetes_actions:Found running pod: social-graph-mongodb-77fd77d9f4-jj4vn for deployment: social-graph-mongodb
[2025-11-13T03:32:03.720+0000] {docker.py:438} INFO - INFO:kubernetes_actions:Executing command in pod social-graph-mongodb-77fd77d9f4-jj4vn, container social-graph-mongodb: mongo --eval db.getSiblingDB('READ__ME_TO_RECOVER_YOUR_DATA').dropDatabase()
[2025-11-13T03:32:05.349+0000] {docker.py:438} INFO - INFO:kubernetes_actions:Command executed successfully. Output: MongoDB shell version v4.4.6
[2025-11-13T03:32:05.350+0000] {docker.py:438} INFO - connecting to: mongodb://127.0.0.1:27017/?compressors=disabled&gssapiServiceName=mongodb
[2025-11-13T03:32:05.350+0000] {docker.py:438} INFO - Implicit session: session { "id" : UUID("e1bf9e0f-05cb-4b4b-b50e-79aeb3847fa5") }
[2025-11-13T03:32:05.352+0000] {docker.py:438} INFO - MongoDB server version: 4.4.6
[2025-11-13T03:32:05.352+0000] {docker.py:438} INFO - { "ok" : 1 }
[2025-11-13T03:32:05.384+0000] {docker.py:438} INFO - INFO:kubernetes_actions:Loaded local Kubernetes config
[2025-11-13T03:32:05.413+0000] {docker.py:438} INFO - INFO:kubernetes_actions:Loaded local Kubernetes config
[2025-11-13T03:32:05.851+0000] {docker.py:438} INFO - INFO:kubernetes_actions:Found running pod: user-timeline-mongodb-6ff9797bfc-bnf8b for deployment: user-timeline-mongodb
[2025-11-13T03:32:05.852+0000] {docker.py:438} INFO - INFO:kubernetes_actions:Executing command in pod user-timeline-mongodb-6ff9797bfc-bnf8b, container user-timeline-mongodb: mongo --eval db.getSiblingDB('user-timeline').dropDatabase()
[2025-11-13T03:32:07.789+0000] {docker.py:438} INFO - INFO:kubernetes_actions:Command executed successfully. Output: MongoDB shell version v4.4.6
[2025-11-13T03:32:07.790+0000] {docker.py:438} INFO - connecting to: mongodb://127.0.0.1:27017/?compressors=disabled&gssapiServiceName=mongodb
[2025-11-13T03:32:07.792+0000] {docker.py:438} INFO - Implicit session: session { "id" : UUID("d3d9165d-15c5-41dc-9854-138e1bab89ff") }
[2025-11-13T03:32:07.795+0000] {docker.py:438} INFO - MongoDB server version: 4.4.6
[2025-11-13T03:32:07.795+0000] {docker.py:438} INFO - { "dropped" : "user-timeline", "ok" : 1 }
[2025-11-13T03:32:07.823+0000] {docker.py:438} INFO - INFO:kubernetes_actions:Loaded local Kubernetes config
[2025-11-13T03:32:07.850+0000] {docker.py:438} INFO - INFO:kubernetes_actions:Loaded local Kubernetes config
[2025-11-13T03:32:08.166+0000] {docker.py:438} INFO - INFO:kubernetes_actions:Found running pod: user-timeline-mongodb-6ff9797bfc-bnf8b for deployment: user-timeline-mongodb
[2025-11-13T03:32:08.168+0000] {docker.py:438} INFO - INFO:kubernetes_actions:Executing command in pod user-timeline-mongodb-6ff9797bfc-bnf8b, container user-timeline-mongodb: mongo --eval db.getSiblingDB('READ__ME_TO_RECOVER_YOUR_DATA').dropDatabase()
[2025-11-13T03:32:10.124+0000] {docker.py:438} INFO - INFO:kubernetes_actions:Command executed successfully. Output: MongoDB shell version v4.4.6
[2025-11-13T03:32:10.124+0000] {docker.py:438} INFO - connecting to: mongodb://127.0.0.1:27017/?compressors=disabled&gssapiServiceName=mongodb
[2025-11-13T03:32:10.125+0000] {docker.py:438} INFO - Implicit session: session { "id" : UUID("71893fae-b74a-4926-8b95-e6cdf2ae118f") }
[2025-11-13T03:32:10.125+0000] {docker.py:438} INFO - MongoDB server version: 4.4.6
[2025-11-13T03:32:10.128+0000] {docker.py:438} INFO - { "ok" : 1 }
[2025-11-13T03:32:10.128+0000] {docker.py:438} INFO - 
[2025-11-13T03:32:10.129+0000] {docker.py:438} INFO - INFO:kubernetes_actions:Full social network reset completed
[2025-11-13T03:32:15.152+0000] {docker.py:438} INFO - INFO:kubernetes_actions:Loaded local Kubernetes config
[2025-11-13T03:32:15.153+0000] {docker.py:438} INFO - INFO:kubernetes_actions:Restarting deployment: social-graph-service
[2025-11-13T03:32:15.519+0000] {docker.py:438} INFO - INFO:kubernetes_actions:✅ Successfully restarted social-graph-service
[2025-11-13T03:32:15.520+0000] {docker.py:438} INFO - INFO:kubernetes_actions:Restarting deployment: user-service
[2025-11-13T03:32:15.704+0000] {docker.py:438} INFO - INFO:kubernetes_actions:✅ Successfully restarted user-service
[2025-11-13T03:32:15.705+0000] {docker.py:438} INFO - INFO:kubernetes_actions:Restarting deployment: post-storage-service
[2025-11-13T03:32:15.885+0000] {docker.py:438} INFO - INFO:kubernetes_actions:✅ Successfully restarted post-storage-service
[2025-11-13T03:32:15.888+0000] {docker.py:438} INFO - INFO:kubernetes_actions:Restarting deployment: compose-post-service
[2025-11-13T03:32:16.082+0000] {docker.py:438} INFO - INFO:kubernetes_actions:✅ Successfully restarted compose-post-service
[2025-11-13T03:32:16.083+0000] {docker.py:438} INFO - INFO:kubernetes_actions:Restarting deployment: home-timeline-service
[2025-11-13T03:32:16.285+0000] {docker.py:438} INFO - INFO:kubernetes_actions:✅ Successfully restarted home-timeline-service
[2025-11-13T03:32:16.286+0000] {docker.py:438} INFO - INFO:kubernetes_actions:Restarting deployment: user-timeline-service
[2025-11-13T03:32:16.484+0000] {docker.py:438} INFO - INFO:kubernetes_actions:✅ Successfully restarted user-timeline-service
[2025-11-13T03:32:16.486+0000] {docker.py:438} INFO - INFO:kubernetes_actions:Restarting deployment: nginx-thrift
[2025-11-13T03:32:16.837+0000] {docker.py:438} INFO - INFO:kubernetes_actions:✅ Successfully restarted nginx-thrift
[2025-11-13T03:32:16.837+0000] {docker.py:438} INFO - INFO:kubernetes_actions:Restarting deployment: text-service
[2025-11-13T03:32:17.042+0000] {docker.py:438} INFO - INFO:kubernetes_actions:✅ Successfully restarted text-service
[2025-11-13T03:32:17.043+0000] {docker.py:438} INFO - INFO:kubernetes_actions:Restarting deployment: unique-id-service
[2025-11-13T03:32:17.255+0000] {docker.py:438} INFO - INFO:kubernetes_actions:✅ Successfully restarted unique-id-service
[2025-11-13T03:32:17.258+0000] {docker.py:438} INFO - INFO:kubernetes_actions:Restarting deployment: user-mention-service
[2025-11-13T03:32:17.443+0000] {docker.py:438} INFO - INFO:kubernetes_actions:✅ Successfully restarted user-mention-service
[2025-11-13T03:32:17.446+0000] {docker.py:438} INFO - INFO:kubernetes_actions:Waiting 90 seconds for services to restart...
[2025-11-13T03:33:47.448+0000] {docker.py:438} INFO - INFO:kubernetes_actions:Reinitializing social network data...
[2025-11-13T03:51:50.433+0000] {docker.py:438} INFO - INFO:kubernetes_actions:Social network reinitialization completed successfully
[2025-11-13T03:51:50.434+0000] {docker.py:438} INFO - [32m[2025-11-13 03:51:50 INFO] Let's rollback...
[2025-11-13T03:51:50.436+0000] {docker.py:438} INFO - [32m[2025-11-13 03:51:50 INFO] No declared rollbacks, let's move on.
[2025-11-13T03:51:50.437+0000] {docker.py:438} INFO - [32m[2025-11-13 03:51:50 INFO] Experiment ended with status: completed
[2025-11-13T03:51:50.663+0000] {docker.py:438} INFO - Reinitialized Social Networking APplication successfully
[2025-11-13T03:51:51.033+0000] {taskinstance.py:340} INFO - ::group::Post task execution logs
[2025-11-13T03:51:51.033+0000] {taskinstance.py:352} INFO - Marking task as SUCCESS. dag_id=Reinitialize_Application, task_id=apply_container_restart_docker, run_id=manual__2025-11-13T03:31:21.011293+00:00, execution_date=20251113T033121, start_date=20251113T033123, end_date=20251113T035151
[2025-11-13T03:51:51.100+0000] {local_task_job_runner.py:266} INFO - Task exited with return code 0
[2025-11-13T03:51:51.142+0000] {taskinstance.py:3900} INFO - 0 downstream tasks scheduled from follow-on schedule check
[2025-11-13T03:51:51.145+0000] {local_task_job_runner.py:245} INFO - ::endgroup::
