[2025-10-06T12:00:02.307+0000] {local_task_job_runner.py:123} INFO - ::group::Pre task execution logs
[2025-10-06T12:00:02.343+0000] {taskinstance.py:2612} INFO - Dependencies all met for dep_context=non-requeueable deps ti=<TaskInstance: Cordon_Uncordon_Node.apply_cordon_uncordon_node scheduled__2025-10-06T09:00:00+00:00 [queued]>
[2025-10-06T12:00:02.360+0000] {taskinstance.py:2612} INFO - Dependencies all met for dep_context=requeueable deps ti=<TaskInstance: Cordon_Uncordon_Node.apply_cordon_uncordon_node scheduled__2025-10-06T09:00:00+00:00 [queued]>
[2025-10-06T12:00:02.360+0000] {taskinstance.py:2865} INFO - Starting attempt 1 of 1
[2025-10-06T12:00:02.381+0000] {taskinstance.py:2888} INFO - Executing <Task(DockerOperator): apply_cordon_uncordon_node> on 2025-10-06 09:00:00+00:00
[2025-10-06T12:00:02.393+0000] {standard_task_runner.py:72} INFO - Started process 1268 to run task
[2025-10-06T12:00:02.402+0000] {standard_task_runner.py:104} INFO - Running: ['***', 'tasks', 'run', 'Cordon_Uncordon_Node', 'apply_cordon_uncordon_node', 'scheduled__2025-10-06T09:00:00+00:00', '--job-id', '424', '--raw', '--subdir', 'DAGS_FOLDER/dag_factory.py', '--cfg-path', '/tmp/tmpwhbdf1mj']
[2025-10-06T12:00:02.403+0000] {standard_task_runner.py:105} INFO - Job 424: Subtask apply_cordon_uncordon_node
[2025-10-06T12:00:02.493+0000] {task_command.py:467} INFO - Running <TaskInstance: Cordon_Uncordon_Node.apply_cordon_uncordon_node scheduled__2025-10-06T09:00:00+00:00 [running]> on host workflow.y2twbfvcjkaujnl2bmtbxunhcb.cx.internal.cloudapp.net
[2025-10-06T12:00:02.701+0000] {taskinstance.py:3131} INFO - Exporting env vars: AIRFLOW_CTX_DAG_OWNER='***' AIRFLOW_CTX_DAG_ID='Cordon_Uncordon_Node' AIRFLOW_CTX_TASK_ID='apply_cordon_uncordon_node' AIRFLOW_CTX_EXECUTION_DATE='2025-10-06T09:00:00+00:00' AIRFLOW_CTX_TRY_NUMBER='1' AIRFLOW_CTX_DAG_RUN_ID='scheduled__2025-10-06T09:00:00+00:00'
[2025-10-06T12:00:02.702+0000] {taskinstance.py:731} INFO - ::endgroup::
[2025-10-06T12:00:02.774+0000] {docker.py:367} INFO - Starting docker container from image ***_chaos:latest
[2025-10-06T12:00:03.259+0000] {docker.py:438} INFO - The container is run as root user. For security, consider using a regular user account.
[2025-10-06T12:00:16.968+0000] {docker.py:438} INFO - 
[2025-10-06T12:00:17.759+0000] {docker.py:438} INFO - [32m[2025-10-06 12:00:17 INFO] Validating the experiment's syntax
[2025-10-06T12:00:18.124+0000] {docker.py:438} INFO - [32m[2025-10-06 12:00:18 INFO] Experiment looks valid
[2025-10-06T12:00:18.125+0000] {docker.py:438} INFO - [32m[2025-10-06 12:00:18 INFO] Running experiment: Cordon-Pod Restart Combined Experiment
[2025-10-06T12:00:18.128+0000] {docker.py:438} INFO - [32m[2025-10-06 12:00:18 INFO] Steady-state strategy: default
[2025-10-06T12:00:18.129+0000] {docker.py:438} INFO - [32m[2025-10-06 12:00:18 INFO] Rollbacks strategy: default
[2025-10-06T12:00:18.129+0000] {docker.py:438} INFO - [32m[2025-10-06 12:00:18 INFO] No steady state hypothesis defined. That's ok, just exploring.
[2025-10-06T12:00:18.130+0000] {docker.py:438} INFO - [32m[2025-10-06 12:00:18 INFO] Playing your experiment's method now...
[2025-10-06T12:00:18.131+0000] {docker.py:438} INFO - [32m[2025-10-06 12:00:18 INFO] Action: cordon-nodes
[2025-10-06T12:00:19.153+0000] {docker.py:438} INFO - [32m[2025-10-06 12:00:19 INFO] Action: continuous-pod-restart-during-cordon
[2025-10-06T12:05:05.368+0000] {docker.py:438} INFO - 🚀 Starting continuous pod restart experiment
[2025-10-06T12:05:05.369+0000] {docker.py:438} INFO - 📅 Interval: 20 seconds
[2025-10-06T12:05:05.369+0000] {docker.py:438} INFO - ⏱️  Duration: 300 seconds
[2025-10-06T12:05:05.370+0000] {docker.py:438} INFO - 🎯 Target: app=post-storage-service
[2025-10-06T12:05:05.370+0000] {docker.py:438} INFO - 📍 Namespace: default
[2025-10-06T12:05:05.370+0000] {docker.py:438} INFO - 
[2025-10-06T12:05:05.370+0000] {docker.py:438} INFO - ==================================================
[2025-10-06T12:05:05.371+0000] {docker.py:438} INFO - 🔄 Restart #1 at 2025-10-06 12:00:19
[2025-10-06T12:05:05.371+0000] {docker.py:438} INFO - ==================================================
[2025-10-06T12:05:05.371+0000] {docker.py:438} INFO - Hello world - terminate function started!
[2025-10-06T12:05:05.371+0000] {docker.py:438} INFO - Selecting pods with label_selector: app=post-storage-service
[2025-10-06T12:05:05.371+0000] {docker.py:438} INFO - Found 1 pods initially
[2025-10-06T12:05:05.372+0000] {docker.py:438} INFO - Random selection: 1 pods
[2025-10-06T12:05:05.372+0000] {docker.py:438} INFO - Deleting pod: post-storage-service-769cf6947d-p7lt6
[2025-10-06T12:05:05.372+0000] {docker.py:438} INFO - Deleted 1 pods: ['post-storage-service-769cf6947d-p7lt6']
[2025-10-06T12:05:05.372+0000] {docker.py:438} INFO - ✅ Successfully restarted pods: ['post-storage-service-769cf6947d-p7lt6']
[2025-10-06T12:05:05.372+0000] {docker.py:438} INFO - ⏳ Waiting 20 seconds until next restart...
[2025-10-06T12:05:05.373+0000] {docker.py:438} INFO - 📊 Time remaining: 300 seconds
[2025-10-06T12:05:05.373+0000] {docker.py:438} INFO - 
[2025-10-06T12:05:05.373+0000] {docker.py:438} INFO - ==================================================
[2025-10-06T12:05:05.373+0000] {docker.py:438} INFO - 🔄 Restart #2 at 2025-10-06 12:00:39
[2025-10-06T12:05:05.373+0000] {docker.py:438} INFO - ==================================================
[2025-10-06T12:05:05.373+0000] {docker.py:438} INFO - Hello world - terminate function started!
[2025-10-06T12:05:05.374+0000] {docker.py:438} INFO - Selecting pods with label_selector: app=post-storage-service
[2025-10-06T12:05:05.374+0000] {docker.py:438} INFO - Found 2 pods initially
[2025-10-06T12:05:05.374+0000] {docker.py:438} INFO - Random selection: 1 pods
[2025-10-06T12:05:05.374+0000] {docker.py:438} INFO - Deleting pod: post-storage-service-769cf6947d-w6db5
[2025-10-06T12:05:05.374+0000] {docker.py:438} INFO - Deleted 1 pods: ['post-storage-service-769cf6947d-w6db5']
[2025-10-06T12:05:05.375+0000] {docker.py:438} INFO - ✅ Successfully restarted pods: ['post-storage-service-769cf6947d-w6db5']
[2025-10-06T12:05:05.375+0000] {docker.py:438} INFO - ⏳ Waiting 20 seconds until next restart...
[2025-10-06T12:05:05.375+0000] {docker.py:438} INFO - 📊 Time remaining: 279 seconds
[2025-10-06T12:05:05.375+0000] {docker.py:438} INFO - 
[2025-10-06T12:05:05.375+0000] {docker.py:438} INFO - ==================================================
[2025-10-06T12:05:05.376+0000] {docker.py:438} INFO - 🔄 Restart #3 at 2025-10-06 12:01:00
[2025-10-06T12:05:05.376+0000] {docker.py:438} INFO - ==================================================
[2025-10-06T12:05:05.376+0000] {docker.py:438} INFO - Hello world - terminate function started!
[2025-10-06T12:05:05.376+0000] {docker.py:438} INFO - Selecting pods with label_selector: app=post-storage-service
[2025-10-06T12:05:05.376+0000] {docker.py:438} INFO - Found 2 pods initially
[2025-10-06T12:05:05.376+0000] {docker.py:438} INFO - Random selection: 1 pods
[2025-10-06T12:05:05.377+0000] {docker.py:438} INFO - Deleting pod: post-storage-service-769cf6947d-w6db5
[2025-10-06T12:05:05.377+0000] {docker.py:438} INFO - Deleted 1 pods: ['post-storage-service-769cf6947d-w6db5']
[2025-10-06T12:05:05.377+0000] {docker.py:438} INFO - ✅ Successfully restarted pods: ['post-storage-service-769cf6947d-w6db5']
[2025-10-06T12:05:05.377+0000] {docker.py:438} INFO - ⏳ Waiting 20 seconds until next restart...
[2025-10-06T12:05:05.377+0000] {docker.py:438} INFO - 📊 Time remaining: 259 seconds
[2025-10-06T12:05:05.378+0000] {docker.py:438} INFO - 
[2025-10-06T12:05:05.378+0000] {docker.py:438} INFO - ==================================================
[2025-10-06T12:05:05.378+0000] {docker.py:438} INFO - 🔄 Restart #4 at 2025-10-06 12:01:20
[2025-10-06T12:05:05.378+0000] {docker.py:438} INFO - ==================================================
[2025-10-06T12:05:05.378+0000] {docker.py:438} INFO - Hello world - terminate function started!
[2025-10-06T12:05:05.379+0000] {docker.py:438} INFO - Selecting pods with label_selector: app=post-storage-service
[2025-10-06T12:05:05.379+0000] {docker.py:438} INFO - Found 1 pods initially
[2025-10-06T12:05:05.379+0000] {docker.py:438} INFO - Random selection: 1 pods
[2025-10-06T12:05:05.379+0000] {docker.py:438} INFO - Deleting pod: post-storage-service-769cf6947d-6mvrj
[2025-10-06T12:05:05.379+0000] {docker.py:438} INFO - Deleted 1 pods: ['post-storage-service-769cf6947d-6mvrj']
[2025-10-06T12:05:05.380+0000] {docker.py:438} INFO - ✅ Successfully restarted pods: ['post-storage-service-769cf6947d-6mvrj']
[2025-10-06T12:05:05.380+0000] {docker.py:438} INFO - ⏳ Waiting 20 seconds until next restart...
[2025-10-06T12:05:05.380+0000] {docker.py:438} INFO - 📊 Time remaining: 238 seconds
[2025-10-06T12:05:05.380+0000] {docker.py:438} INFO - 
[2025-10-06T12:05:05.380+0000] {docker.py:438} INFO - ==================================================
[2025-10-06T12:05:05.381+0000] {docker.py:438} INFO - 🔄 Restart #5 at 2025-10-06 12:01:40
[2025-10-06T12:05:05.381+0000] {docker.py:438} INFO - ==================================================
[2025-10-06T12:05:05.381+0000] {docker.py:438} INFO - Hello world - terminate function started!
[2025-10-06T12:05:05.381+0000] {docker.py:438} INFO - Selecting pods with label_selector: app=post-storage-service
[2025-10-06T12:05:05.381+0000] {docker.py:438} INFO - Found 2 pods initially
[2025-10-06T12:05:05.382+0000] {docker.py:438} INFO - Random selection: 1 pods
[2025-10-06T12:05:05.382+0000] {docker.py:438} INFO - Deleting pod: post-storage-service-769cf6947d-fwbfm
[2025-10-06T12:05:05.382+0000] {docker.py:438} INFO - Deleted 1 pods: ['post-storage-service-769cf6947d-fwbfm']
[2025-10-06T12:05:05.382+0000] {docker.py:438} INFO - ✅ Successfully restarted pods: ['post-storage-service-769cf6947d-fwbfm']
[2025-10-06T12:05:05.382+0000] {docker.py:438} INFO - ⏳ Waiting 20 seconds until next restart...
[2025-10-06T12:05:05.383+0000] {docker.py:438} INFO - 📊 Time remaining: 218 seconds
[2025-10-06T12:05:05.383+0000] {docker.py:438} INFO - 
[2025-10-06T12:05:05.383+0000] {docker.py:438} INFO - ==================================================
[2025-10-06T12:05:05.383+0000] {docker.py:438} INFO - 🔄 Restart #6 at 2025-10-06 12:02:01
[2025-10-06T12:05:05.383+0000] {docker.py:438} INFO - ==================================================
[2025-10-06T12:05:05.384+0000] {docker.py:438} INFO - Hello world - terminate function started!
[2025-10-06T12:05:05.384+0000] {docker.py:438} INFO - Selecting pods with label_selector: app=post-storage-service
[2025-10-06T12:05:05.384+0000] {docker.py:438} INFO - Found 2 pods initially
[2025-10-06T12:05:05.384+0000] {docker.py:438} INFO - Random selection: 1 pods
[2025-10-06T12:05:05.384+0000] {docker.py:438} INFO - Deleting pod: post-storage-service-769cf6947d-98jqb
[2025-10-06T12:05:05.384+0000] {docker.py:438} INFO - Deleted 1 pods: ['post-storage-service-769cf6947d-98jqb']
[2025-10-06T12:05:05.385+0000] {docker.py:438} INFO - ✅ Successfully restarted pods: ['post-storage-service-769cf6947d-98jqb']
[2025-10-06T12:05:05.385+0000] {docker.py:438} INFO - ⏳ Waiting 20 seconds until next restart...
[2025-10-06T12:05:05.385+0000] {docker.py:438} INFO - 📊 Time remaining: 197 seconds
[2025-10-06T12:05:05.385+0000] {docker.py:438} INFO - 
[2025-10-06T12:05:05.385+0000] {docker.py:438} INFO - ==================================================
[2025-10-06T12:05:05.385+0000] {docker.py:438} INFO - 🔄 Restart #7 at 2025-10-06 12:02:21
[2025-10-06T12:05:05.386+0000] {docker.py:438} INFO - ==================================================
[2025-10-06T12:05:05.386+0000] {docker.py:438} INFO - Hello world - terminate function started!
[2025-10-06T12:05:05.386+0000] {docker.py:438} INFO - Selecting pods with label_selector: app=post-storage-service
[2025-10-06T12:05:05.386+0000] {docker.py:438} INFO - Found 2 pods initially
[2025-10-06T12:05:05.386+0000] {docker.py:438} INFO - Random selection: 1 pods
[2025-10-06T12:05:05.387+0000] {docker.py:438} INFO - Deleting pod: post-storage-service-769cf6947d-4dw69
[2025-10-06T12:05:05.387+0000] {docker.py:438} INFO - Deleted 1 pods: ['post-storage-service-769cf6947d-4dw69']
[2025-10-06T12:05:05.387+0000] {docker.py:438} INFO - ✅ Successfully restarted pods: ['post-storage-service-769cf6947d-4dw69']
[2025-10-06T12:05:05.387+0000] {docker.py:438} INFO - ⏳ Waiting 20 seconds until next restart...
[2025-10-06T12:05:05.387+0000] {docker.py:438} INFO - 📊 Time remaining: 177 seconds
[2025-10-06T12:05:05.388+0000] {docker.py:438} INFO - 
[2025-10-06T12:05:05.388+0000] {docker.py:438} INFO - ==================================================
[2025-10-06T12:05:05.388+0000] {docker.py:438} INFO - 🔄 Restart #8 at 2025-10-06 12:02:42
[2025-10-06T12:05:05.388+0000] {docker.py:438} INFO - ==================================================
[2025-10-06T12:05:05.389+0000] {docker.py:438} INFO - Hello world - terminate function started!
[2025-10-06T12:05:05.389+0000] {docker.py:438} INFO - Selecting pods with label_selector: app=post-storage-service
[2025-10-06T12:05:05.389+0000] {docker.py:438} INFO - Found 2 pods initially
[2025-10-06T12:05:05.389+0000] {docker.py:438} INFO - Random selection: 1 pods
[2025-10-06T12:05:05.389+0000] {docker.py:438} INFO - Deleting pod: post-storage-service-769cf6947d-p6tp4
[2025-10-06T12:05:05.389+0000] {docker.py:438} INFO - Deleted 1 pods: ['post-storage-service-769cf6947d-p6tp4']
[2025-10-06T12:05:05.390+0000] {docker.py:438} INFO - ✅ Successfully restarted pods: ['post-storage-service-769cf6947d-p6tp4']
[2025-10-06T12:05:05.390+0000] {docker.py:438} INFO - ⏳ Waiting 20 seconds until next restart...
[2025-10-06T12:05:05.390+0000] {docker.py:438} INFO - 📊 Time remaining: 156 seconds
[2025-10-06T12:05:05.390+0000] {docker.py:438} INFO - 
[2025-10-06T12:05:05.390+0000] {docker.py:438} INFO - ==================================================
[2025-10-06T12:05:05.391+0000] {docker.py:438} INFO - 🔄 Restart #9 at 2025-10-06 12:03:02
[2025-10-06T12:05:05.391+0000] {docker.py:438} INFO - ==================================================
[2025-10-06T12:05:05.391+0000] {docker.py:438} INFO - Hello world - terminate function started!
[2025-10-06T12:05:05.391+0000] {docker.py:438} INFO - Selecting pods with label_selector: app=post-storage-service
[2025-10-06T12:05:05.391+0000] {docker.py:438} INFO - Found 2 pods initially
[2025-10-06T12:05:05.391+0000] {docker.py:438} INFO - Random selection: 1 pods
[2025-10-06T12:05:05.392+0000] {docker.py:438} INFO - Deleting pod: post-storage-service-769cf6947d-hhzkx
[2025-10-06T12:05:05.392+0000] {docker.py:438} INFO - Deleted 1 pods: ['post-storage-service-769cf6947d-hhzkx']
[2025-10-06T12:05:05.392+0000] {docker.py:438} INFO - ✅ Successfully restarted pods: ['post-storage-service-769cf6947d-hhzkx']
[2025-10-06T12:05:05.392+0000] {docker.py:438} INFO - ⏳ Waiting 20 seconds until next restart...
[2025-10-06T12:05:05.392+0000] {docker.py:438} INFO - 📊 Time remaining: 136 seconds
[2025-10-06T12:05:05.393+0000] {docker.py:438} INFO - 
[2025-10-06T12:05:05.393+0000] {docker.py:438} INFO - ==================================================
[2025-10-06T12:05:05.393+0000] {docker.py:438} INFO - 🔄 Restart #10 at 2025-10-06 12:03:23
[2025-10-06T12:05:05.393+0000] {docker.py:438} INFO - ==================================================
[2025-10-06T12:05:05.393+0000] {docker.py:438} INFO - Hello world - terminate function started!
[2025-10-06T12:05:05.394+0000] {docker.py:438} INFO - Selecting pods with label_selector: app=post-storage-service
[2025-10-06T12:05:05.394+0000] {docker.py:438} INFO - Found 2 pods initially
[2025-10-06T12:05:05.394+0000] {docker.py:438} INFO - Random selection: 1 pods
[2025-10-06T12:05:05.394+0000] {docker.py:438} INFO - Deleting pod: post-storage-service-769cf6947d-hhzkx
[2025-10-06T12:05:05.394+0000] {docker.py:438} INFO - Deleted 1 pods: ['post-storage-service-769cf6947d-hhzkx']
[2025-10-06T12:05:05.395+0000] {docker.py:438} INFO - ✅ Successfully restarted pods: ['post-storage-service-769cf6947d-hhzkx']
[2025-10-06T12:05:05.395+0000] {docker.py:438} INFO - ⏳ Waiting 20 seconds until next restart...
[2025-10-06T12:05:05.395+0000] {docker.py:438} INFO - 📊 Time remaining: 116 seconds
[2025-10-06T12:05:05.395+0000] {docker.py:438} INFO - 
[2025-10-06T12:05:05.396+0000] {docker.py:438} INFO - ==================================================
[2025-10-06T12:05:05.396+0000] {docker.py:438} INFO - 🔄 Restart #11 at 2025-10-06 12:03:43
[2025-10-06T12:05:05.396+0000] {docker.py:438} INFO - ==================================================
[2025-10-06T12:05:05.396+0000] {docker.py:438} INFO - Hello world - terminate function started!
[2025-10-06T12:05:05.396+0000] {docker.py:438} INFO - Selecting pods with label_selector: app=post-storage-service
[2025-10-06T12:05:05.397+0000] {docker.py:438} INFO - Found 1 pods initially
[2025-10-06T12:05:05.397+0000] {docker.py:438} INFO - Random selection: 1 pods
[2025-10-06T12:05:05.397+0000] {docker.py:438} INFO - Deleting pod: post-storage-service-769cf6947d-ls7sr
[2025-10-06T12:05:05.397+0000] {docker.py:438} INFO - Deleted 1 pods: ['post-storage-service-769cf6947d-ls7sr']
[2025-10-06T12:05:05.397+0000] {docker.py:438} INFO - ✅ Successfully restarted pods: ['post-storage-service-769cf6947d-ls7sr']
[2025-10-06T12:05:05.398+0000] {docker.py:438} INFO - ⏳ Waiting 20 seconds until next restart...
[2025-10-06T12:05:05.398+0000] {docker.py:438} INFO - 📊 Time remaining: 95 seconds
[2025-10-06T12:05:05.398+0000] {docker.py:438} INFO - 
[2025-10-06T12:05:05.398+0000] {docker.py:438} INFO - ==================================================
[2025-10-06T12:05:05.398+0000] {docker.py:438} INFO - 🔄 Restart #12 at 2025-10-06 12:04:03
[2025-10-06T12:05:05.399+0000] {docker.py:438} INFO - ==================================================
[2025-10-06T12:05:05.399+0000] {docker.py:438} INFO - Hello world - terminate function started!
[2025-10-06T12:05:05.399+0000] {docker.py:438} INFO - Selecting pods with label_selector: app=post-storage-service
[2025-10-06T12:05:05.399+0000] {docker.py:438} INFO - Found 2 pods initially
[2025-10-06T12:05:05.399+0000] {docker.py:438} INFO - Random selection: 1 pods
[2025-10-06T12:05:05.399+0000] {docker.py:438} INFO - Deleting pod: post-storage-service-769cf6947d-zmdq5
[2025-10-06T12:05:05.400+0000] {docker.py:438} INFO - Deleted 1 pods: ['post-storage-service-769cf6947d-zmdq5']
[2025-10-06T12:05:05.400+0000] {docker.py:438} INFO - ✅ Successfully restarted pods: ['post-storage-service-769cf6947d-zmdq5']
[2025-10-06T12:05:05.400+0000] {docker.py:438} INFO - ⏳ Waiting 20 seconds until next restart...
[2025-10-06T12:05:05.400+0000] {docker.py:438} INFO - 📊 Time remaining: 75 seconds
[2025-10-06T12:05:05.400+0000] {docker.py:438} INFO - 
[2025-10-06T12:05:05.401+0000] {docker.py:438} INFO - ==================================================
[2025-10-06T12:05:05.401+0000] {docker.py:438} INFO - 🔄 Restart #13 at 2025-10-06 12:04:24
[2025-10-06T12:05:05.401+0000] {docker.py:438} INFO - ==================================================
[2025-10-06T12:05:05.401+0000] {docker.py:438} INFO - Hello world - terminate function started!
[2025-10-06T12:05:05.401+0000] {docker.py:438} INFO - Selecting pods with label_selector: app=post-storage-service
[2025-10-06T12:05:05.401+0000] {docker.py:438} INFO - Found 2 pods initially
[2025-10-06T12:05:05.402+0000] {docker.py:438} INFO - Random selection: 1 pods
[2025-10-06T12:05:05.402+0000] {docker.py:438} INFO - Deleting pod: post-storage-service-769cf6947d-gn7kl
[2025-10-06T12:05:05.402+0000] {docker.py:438} INFO - Deleted 1 pods: ['post-storage-service-769cf6947d-gn7kl']
[2025-10-06T12:05:05.402+0000] {docker.py:438} INFO - ✅ Successfully restarted pods: ['post-storage-service-769cf6947d-gn7kl']
[2025-10-06T12:05:05.402+0000] {docker.py:438} INFO - ⏳ Waiting 20 seconds until next restart...
[2025-10-06T12:05:05.403+0000] {docker.py:438} INFO - 📊 Time remaining: 54 seconds
[2025-10-06T12:05:05.403+0000] {docker.py:438} INFO - 
[2025-10-06T12:05:05.403+0000] {docker.py:438} INFO - ==================================================
[2025-10-06T12:05:05.403+0000] {docker.py:438} INFO - 🔄 Restart #14 at 2025-10-06 12:04:44
[2025-10-06T12:05:05.403+0000] {docker.py:438} INFO - ==================================================
[2025-10-06T12:05:05.403+0000] {docker.py:438} INFO - Hello world - terminate function started!
[2025-10-06T12:05:05.404+0000] {docker.py:438} INFO - Selecting pods with label_selector: app=post-storage-service
[2025-10-06T12:05:05.404+0000] {docker.py:438} INFO - Found 2 pods initially
[2025-10-06T12:05:05.404+0000] {docker.py:438} INFO - Random selection: 1 pods
[2025-10-06T12:05:05.404+0000] {docker.py:438} INFO - Deleting pod: post-storage-service-769cf6947d-9xkgf
[2025-10-06T12:05:05.404+0000] {docker.py:438} INFO - Deleted 1 pods: ['post-storage-service-769cf6947d-9xkgf']
[2025-10-06T12:05:05.405+0000] {docker.py:438} INFO - ✅ Successfully restarted pods: ['post-storage-service-769cf6947d-9xkgf']
[2025-10-06T12:05:05.405+0000] {docker.py:438} INFO - ⏳ Waiting 20 seconds until next restart...
[2025-10-06T12:05:05.405+0000] {docker.py:438} INFO - 📊 Time remaining: 34 seconds
[2025-10-06T12:05:05.405+0000] {docker.py:438} INFO - 
[2025-10-06T12:05:05.405+0000] {docker.py:438} INFO - ==================================================
[2025-10-06T12:05:05.406+0000] {docker.py:438} INFO - 🔄 Restart #15 at 2025-10-06 12:05:05
[2025-10-06T12:05:05.406+0000] {docker.py:438} INFO - ==================================================
[2025-10-06T12:05:05.406+0000] {docker.py:438} INFO - Hello world - terminate function started!
[2025-10-06T12:05:05.406+0000] {docker.py:438} INFO - Selecting pods with label_selector: app=post-storage-service
[2025-10-06T12:05:05.824+0000] {docker.py:438} INFO - [32m[2025-10-06 12:05:05 INFO] Let's rollback...
[2025-10-06T12:05:05.825+0000] {docker.py:438} INFO - [32m[2025-10-06 12:05:05 INFO] Rollback: uncordon-all-nodes
[2025-10-06T12:05:05.825+0000] {docker.py:438} INFO - [32m[2025-10-06 12:05:05 INFO] Action: uncordon-all-nodes
[2025-10-06T12:05:06.840+0000] {docker.py:438} INFO - [32m[2025-10-06 12:05:06 INFO] Experiment ended with status: completed
[2025-10-06T12:05:06.841+0000] {docker.py:438} INFO - Found 2 pods initially
[2025-10-06T12:05:06.841+0000] {docker.py:438} INFO - Random selection: 1 pods
[2025-10-06T12:05:06.842+0000] {docker.py:438} INFO - Deleting pod: post-storage-service-769cf6947d-xmmgg
[2025-10-06T12:05:06.842+0000] {docker.py:438} INFO - Deleted 1 pods: ['post-storage-service-769cf6947d-xmmgg']
[2025-10-06T12:05:06.842+0000] {docker.py:438} INFO - ✅ Successfully restarted pods: ['post-storage-service-769cf6947d-xmmgg']
[2025-10-06T12:05:06.843+0000] {docker.py:438} INFO - ⏰ Less than 20 seconds remaining, stopping experiment
[2025-10-06T12:05:06.843+0000] {docker.py:438} INFO - 
[2025-10-06T12:05:06.843+0000] {docker.py:438} INFO - ==================================================
[2025-10-06T12:05:06.844+0000] {docker.py:438} INFO - 🏁 Experiment Completed!
[2025-10-06T12:05:06.844+0000] {docker.py:438} INFO - ==================================================
[2025-10-06T12:05:06.844+0000] {docker.py:438} INFO - 📈 Total restarts performed: 15
[2025-10-06T12:05:06.845+0000] {docker.py:438} INFO - ⏱️  Total duration: 287 seconds
[2025-10-06T12:05:06.845+0000] {docker.py:438} INFO - 📊 Average interval: 19.1 seconds
[2025-10-06T12:05:07.103+0000] {taskinstance.py:340} INFO - ::group::Post task execution logs
[2025-10-06T12:05:07.103+0000] {taskinstance.py:352} INFO - Marking task as SUCCESS. dag_id=Cordon_Uncordon_Node, task_id=apply_cordon_uncordon_node, run_id=scheduled__2025-10-06T09:00:00+00:00, execution_date=20251006T090000, start_date=20251006T120002, end_date=20251006T120507
[2025-10-06T12:05:07.144+0000] {local_task_job_runner.py:266} INFO - Task exited with return code 0
[2025-10-06T12:05:07.158+0000] {taskinstance.py:3900} INFO - 0 downstream tasks scheduled from follow-on schedule check
[2025-10-06T12:05:07.160+0000] {local_task_job_runner.py:245} INFO - ::endgroup::
