[2025-10-04T06:00:01.803+0000] {local_task_job_runner.py:123} INFO - ::group::Pre task execution logs
[2025-10-04T06:00:01.836+0000] {taskinstance.py:2612} INFO - Dependencies all met for dep_context=non-requeueable deps ti=<TaskInstance: Cordon_Uncordon_Node.apply_cordon_uncordon_node scheduled__2025-10-04T03:00:00+00:00 [queued]>
[2025-10-04T06:00:01.860+0000] {taskinstance.py:2612} INFO - Dependencies all met for dep_context=requeueable deps ti=<TaskInstance: Cordon_Uncordon_Node.apply_cordon_uncordon_node scheduled__2025-10-04T03:00:00+00:00 [queued]>
[2025-10-04T06:00:01.860+0000] {taskinstance.py:2865} INFO - Starting attempt 1 of 1
[2025-10-04T06:00:01.892+0000] {taskinstance.py:2888} INFO - Executing <Task(DockerOperator): apply_cordon_uncordon_node> on 2025-10-04 03:00:00+00:00
[2025-10-04T06:00:01.909+0000] {standard_task_runner.py:72} INFO - Started process 784 to run task
[2025-10-04T06:00:01.921+0000] {standard_task_runner.py:104} INFO - Running: ['***', 'tasks', 'run', 'Cordon_Uncordon_Node', 'apply_cordon_uncordon_node', 'scheduled__2025-10-04T03:00:00+00:00', '--job-id', '262', '--raw', '--subdir', 'DAGS_FOLDER/dag_factory.py', '--cfg-path', '/tmp/tmpwu3jlx6w']
[2025-10-04T06:00:01.922+0000] {standard_task_runner.py:105} INFO - Job 262: Subtask apply_cordon_uncordon_node
[2025-10-04T06:00:02.037+0000] {task_command.py:467} INFO - Running <TaskInstance: Cordon_Uncordon_Node.apply_cordon_uncordon_node scheduled__2025-10-04T03:00:00+00:00 [running]> on host workflow.y2twbfvcjkaujnl2bmtbxunhcb.cx.internal.cloudapp.net
[2025-10-04T06:00:02.249+0000] {taskinstance.py:3131} INFO - Exporting env vars: AIRFLOW_CTX_DAG_OWNER='***' AIRFLOW_CTX_DAG_ID='Cordon_Uncordon_Node' AIRFLOW_CTX_TASK_ID='apply_cordon_uncordon_node' AIRFLOW_CTX_EXECUTION_DATE='2025-10-04T03:00:00+00:00' AIRFLOW_CTX_TRY_NUMBER='1' AIRFLOW_CTX_DAG_RUN_ID='scheduled__2025-10-04T03:00:00+00:00'
[2025-10-04T06:00:02.250+0000] {taskinstance.py:731} INFO - ::endgroup::
[2025-10-04T06:00:02.347+0000] {docker.py:367} INFO - Starting docker container from image ***_chaos:latest
[2025-10-04T06:00:02.878+0000] {docker.py:438} INFO - The container is run as root user. For security, consider using a regular user account.
[2025-10-04T06:00:22.752+0000] {docker.py:438} INFO - 
[2025-10-04T06:00:23.842+0000] {docker.py:438} INFO - [32m[2025-10-04 06:00:23 INFO] Validating the experiment's syntax
[2025-10-04T06:00:24.167+0000] {docker.py:438} INFO - [32m[2025-10-04 06:00:24 INFO] Experiment looks valid
[2025-10-04T06:00:24.168+0000] {docker.py:438} INFO - [32m[2025-10-04 06:00:24 INFO] Running experiment: Cordon-Pod Restart Combined Experiment
[2025-10-04T06:00:24.171+0000] {docker.py:438} INFO - [32m[2025-10-04 06:00:24 INFO] Steady-state strategy: default
[2025-10-04T06:00:24.171+0000] {docker.py:438} INFO - [32m[2025-10-04 06:00:24 INFO] Rollbacks strategy: default
[2025-10-04T06:00:24.172+0000] {docker.py:438} INFO - [32m[2025-10-04 06:00:24 INFO] No steady state hypothesis defined. That's ok, just exploring.
[2025-10-04T06:00:24.172+0000] {docker.py:438} INFO - [32m[2025-10-04 06:00:24 INFO] Playing your experiment's method now...
[2025-10-04T06:00:24.173+0000] {docker.py:438} INFO - [32m[2025-10-04 06:00:24 INFO] Action: cordon-nodes
[2025-10-04T06:00:25.291+0000] {docker.py:438} INFO - [32m[2025-10-04 06:00:25 INFO] Action: continuous-pod-restart-during-cordon
[2025-10-04T06:05:11.304+0000] {docker.py:438} INFO - 🚀 Starting continuous pod restart experiment
[2025-10-04T06:05:11.304+0000] {docker.py:438} INFO - 📅 Interval: 20 seconds
[2025-10-04T06:05:11.305+0000] {docker.py:438} INFO - ⏱️  Duration: 300 seconds
[2025-10-04T06:05:11.305+0000] {docker.py:438} INFO - 🎯 Target: app=post-storage-service
[2025-10-04T06:05:11.305+0000] {docker.py:438} INFO - 📍 Namespace: default
[2025-10-04T06:05:11.305+0000] {docker.py:438} INFO - 
[2025-10-04T06:05:11.306+0000] {docker.py:438} INFO - ==================================================
[2025-10-04T06:05:11.306+0000] {docker.py:438} INFO - 🔄 Restart #1 at 2025-10-04 06:00:25
[2025-10-04T06:05:11.306+0000] {docker.py:438} INFO - ==================================================
[2025-10-04T06:05:11.307+0000] {docker.py:438} INFO - Hello world - terminate function started!
[2025-10-04T06:05:11.307+0000] {docker.py:438} INFO - Selecting pods with label_selector: app=post-storage-service
[2025-10-04T06:05:11.307+0000] {docker.py:438} INFO - Found 1 pods initially
[2025-10-04T06:05:11.307+0000] {docker.py:438} INFO - Random selection: 1 pods
[2025-10-04T06:05:11.307+0000] {docker.py:438} INFO - Deleting pod: post-storage-service-769cf6947d-sxq46
[2025-10-04T06:05:11.308+0000] {docker.py:438} INFO - Deleted 1 pods: ['post-storage-service-769cf6947d-sxq46']
[2025-10-04T06:05:11.308+0000] {docker.py:438} INFO - ✅ Successfully restarted pods: ['post-storage-service-769cf6947d-sxq46']
[2025-10-04T06:05:11.308+0000] {docker.py:438} INFO - ⏳ Waiting 20 seconds until next restart...
[2025-10-04T06:05:11.308+0000] {docker.py:438} INFO - 📊 Time remaining: 300 seconds
[2025-10-04T06:05:11.308+0000] {docker.py:438} INFO - 
[2025-10-04T06:05:11.309+0000] {docker.py:438} INFO - ==================================================
[2025-10-04T06:05:11.309+0000] {docker.py:438} INFO - 🔄 Restart #2 at 2025-10-04 06:00:45
[2025-10-04T06:05:11.309+0000] {docker.py:438} INFO - ==================================================
[2025-10-04T06:05:11.309+0000] {docker.py:438} INFO - Hello world - terminate function started!
[2025-10-04T06:05:11.309+0000] {docker.py:438} INFO - Selecting pods with label_selector: app=post-storage-service
[2025-10-04T06:05:11.310+0000] {docker.py:438} INFO - Found 2 pods initially
[2025-10-04T06:05:11.310+0000] {docker.py:438} INFO - Random selection: 1 pods
[2025-10-04T06:05:11.310+0000] {docker.py:438} INFO - Deleting pod: post-storage-service-769cf6947d-sxq46
[2025-10-04T06:05:11.310+0000] {docker.py:438} INFO - Deleted 1 pods: ['post-storage-service-769cf6947d-sxq46']
[2025-10-04T06:05:11.310+0000] {docker.py:438} INFO - ✅ Successfully restarted pods: ['post-storage-service-769cf6947d-sxq46']
[2025-10-04T06:05:11.311+0000] {docker.py:438} INFO - ⏳ Waiting 20 seconds until next restart...
[2025-10-04T06:05:11.311+0000] {docker.py:438} INFO - 📊 Time remaining: 279 seconds
[2025-10-04T06:05:11.311+0000] {docker.py:438} INFO - 
[2025-10-04T06:05:11.311+0000] {docker.py:438} INFO - ==================================================
[2025-10-04T06:05:11.311+0000] {docker.py:438} INFO - 🔄 Restart #3 at 2025-10-04 06:01:06
[2025-10-04T06:05:11.312+0000] {docker.py:438} INFO - ==================================================
[2025-10-04T06:05:11.312+0000] {docker.py:438} INFO - Hello world - terminate function started!
[2025-10-04T06:05:11.312+0000] {docker.py:438} INFO - Selecting pods with label_selector: app=post-storage-service
[2025-10-04T06:05:11.312+0000] {docker.py:438} INFO - Found 1 pods initially
[2025-10-04T06:05:11.312+0000] {docker.py:438} INFO - Random selection: 1 pods
[2025-10-04T06:05:11.313+0000] {docker.py:438} INFO - Deleting pod: post-storage-service-769cf6947d-547xv
[2025-10-04T06:05:11.313+0000] {docker.py:438} INFO - Deleted 1 pods: ['post-storage-service-769cf6947d-547xv']
[2025-10-04T06:05:11.313+0000] {docker.py:438} INFO - ✅ Successfully restarted pods: ['post-storage-service-769cf6947d-547xv']
[2025-10-04T06:05:11.313+0000] {docker.py:438} INFO - ⏳ Waiting 20 seconds until next restart...
[2025-10-04T06:05:11.313+0000] {docker.py:438} INFO - 📊 Time remaining: 259 seconds
[2025-10-04T06:05:11.314+0000] {docker.py:438} INFO - 
[2025-10-04T06:05:11.314+0000] {docker.py:438} INFO - ==================================================
[2025-10-04T06:05:11.314+0000] {docker.py:438} INFO - 🔄 Restart #4 at 2025-10-04 06:01:26
[2025-10-04T06:05:11.314+0000] {docker.py:438} INFO - ==================================================
[2025-10-04T06:05:11.315+0000] {docker.py:438} INFO - Hello world - terminate function started!
[2025-10-04T06:05:11.315+0000] {docker.py:438} INFO - Selecting pods with label_selector: app=post-storage-service
[2025-10-04T06:05:11.315+0000] {docker.py:438} INFO - Found 2 pods initially
[2025-10-04T06:05:11.315+0000] {docker.py:438} INFO - Random selection: 1 pods
[2025-10-04T06:05:11.315+0000] {docker.py:438} INFO - Deleting pod: post-storage-service-769cf6947d-7x2wf
[2025-10-04T06:05:11.316+0000] {docker.py:438} INFO - Deleted 1 pods: ['post-storage-service-769cf6947d-7x2wf']
[2025-10-04T06:05:11.316+0000] {docker.py:438} INFO - ✅ Successfully restarted pods: ['post-storage-service-769cf6947d-7x2wf']
[2025-10-04T06:05:11.316+0000] {docker.py:438} INFO - ⏳ Waiting 20 seconds until next restart...
[2025-10-04T06:05:11.316+0000] {docker.py:438} INFO - 📊 Time remaining: 238 seconds
[2025-10-04T06:05:11.317+0000] {docker.py:438} INFO - 
[2025-10-04T06:05:11.317+0000] {docker.py:438} INFO - ==================================================
[2025-10-04T06:05:11.317+0000] {docker.py:438} INFO - 🔄 Restart #5 at 2025-10-04 06:01:46
[2025-10-04T06:05:11.317+0000] {docker.py:438} INFO - ==================================================
[2025-10-04T06:05:11.317+0000] {docker.py:438} INFO - Hello world - terminate function started!
[2025-10-04T06:05:11.318+0000] {docker.py:438} INFO - Selecting pods with label_selector: app=post-storage-service
[2025-10-04T06:05:11.318+0000] {docker.py:438} INFO - Found 2 pods initially
[2025-10-04T06:05:11.318+0000] {docker.py:438} INFO - Random selection: 1 pods
[2025-10-04T06:05:11.318+0000] {docker.py:438} INFO - Deleting pod: post-storage-service-769cf6947d-7x2wf
[2025-10-04T06:05:11.318+0000] {docker.py:438} INFO - Deleted 1 pods: ['post-storage-service-769cf6947d-7x2wf']
[2025-10-04T06:05:11.318+0000] {docker.py:438} INFO - ✅ Successfully restarted pods: ['post-storage-service-769cf6947d-7x2wf']
[2025-10-04T06:05:11.319+0000] {docker.py:438} INFO - ⏳ Waiting 20 seconds until next restart...
[2025-10-04T06:05:11.319+0000] {docker.py:438} INFO - 📊 Time remaining: 218 seconds
[2025-10-04T06:05:11.319+0000] {docker.py:438} INFO - 
[2025-10-04T06:05:11.319+0000] {docker.py:438} INFO - ==================================================
[2025-10-04T06:05:11.319+0000] {docker.py:438} INFO - 🔄 Restart #6 at 2025-10-04 06:02:07
[2025-10-04T06:05:11.320+0000] {docker.py:438} INFO - ==================================================
[2025-10-04T06:05:11.320+0000] {docker.py:438} INFO - Hello world - terminate function started!
[2025-10-04T06:05:11.320+0000] {docker.py:438} INFO - Selecting pods with label_selector: app=post-storage-service
[2025-10-04T06:05:11.320+0000] {docker.py:438} INFO - Found 1 pods initially
[2025-10-04T06:05:11.320+0000] {docker.py:438} INFO - Random selection: 1 pods
[2025-10-04T06:05:11.321+0000] {docker.py:438} INFO - Deleting pod: post-storage-service-769cf6947d-fvbxw
[2025-10-04T06:05:11.321+0000] {docker.py:438} INFO - Deleted 1 pods: ['post-storage-service-769cf6947d-fvbxw']
[2025-10-04T06:05:11.321+0000] {docker.py:438} INFO - ✅ Successfully restarted pods: ['post-storage-service-769cf6947d-fvbxw']
[2025-10-04T06:05:11.321+0000] {docker.py:438} INFO - ⏳ Waiting 20 seconds until next restart...
[2025-10-04T06:05:11.321+0000] {docker.py:438} INFO - 📊 Time remaining: 197 seconds
[2025-10-04T06:05:11.321+0000] {docker.py:438} INFO - 
[2025-10-04T06:05:11.322+0000] {docker.py:438} INFO - ==================================================
[2025-10-04T06:05:11.322+0000] {docker.py:438} INFO - 🔄 Restart #7 at 2025-10-04 06:02:27
[2025-10-04T06:05:11.322+0000] {docker.py:438} INFO - ==================================================
[2025-10-04T06:05:11.322+0000] {docker.py:438} INFO - Hello world - terminate function started!
[2025-10-04T06:05:11.323+0000] {docker.py:438} INFO - Selecting pods with label_selector: app=post-storage-service
[2025-10-04T06:05:11.323+0000] {docker.py:438} INFO - Found 2 pods initially
[2025-10-04T06:05:11.323+0000] {docker.py:438} INFO - Random selection: 1 pods
[2025-10-04T06:05:11.323+0000] {docker.py:438} INFO - Deleting pod: post-storage-service-769cf6947d-fvbxw
[2025-10-04T06:05:11.323+0000] {docker.py:438} INFO - Deleted 1 pods: ['post-storage-service-769cf6947d-fvbxw']
[2025-10-04T06:05:11.324+0000] {docker.py:438} INFO - ✅ Successfully restarted pods: ['post-storage-service-769cf6947d-fvbxw']
[2025-10-04T06:05:11.324+0000] {docker.py:438} INFO - ⏳ Waiting 20 seconds until next restart...
[2025-10-04T06:05:11.324+0000] {docker.py:438} INFO - 📊 Time remaining: 177 seconds
[2025-10-04T06:05:11.324+0000] {docker.py:438} INFO - 
[2025-10-04T06:05:11.324+0000] {docker.py:438} INFO - ==================================================
[2025-10-04T06:05:11.325+0000] {docker.py:438} INFO - 🔄 Restart #8 at 2025-10-04 06:02:48
[2025-10-04T06:05:11.325+0000] {docker.py:438} INFO - ==================================================
[2025-10-04T06:05:11.325+0000] {docker.py:438} INFO - Hello world - terminate function started!
[2025-10-04T06:05:11.325+0000] {docker.py:438} INFO - Selecting pods with label_selector: app=post-storage-service
[2025-10-04T06:05:11.325+0000] {docker.py:438} INFO - Found 1 pods initially
[2025-10-04T06:05:11.326+0000] {docker.py:438} INFO - Random selection: 1 pods
[2025-10-04T06:05:11.326+0000] {docker.py:438} INFO - Deleting pod: post-storage-service-769cf6947d-5rk82
[2025-10-04T06:05:11.326+0000] {docker.py:438} INFO - Deleted 1 pods: ['post-storage-service-769cf6947d-5rk82']
[2025-10-04T06:05:11.326+0000] {docker.py:438} INFO - ✅ Successfully restarted pods: ['post-storage-service-769cf6947d-5rk82']
[2025-10-04T06:05:11.326+0000] {docker.py:438} INFO - ⏳ Waiting 20 seconds until next restart...
[2025-10-04T06:05:11.327+0000] {docker.py:438} INFO - 📊 Time remaining: 157 seconds
[2025-10-04T06:05:11.327+0000] {docker.py:438} INFO - 
[2025-10-04T06:05:11.327+0000] {docker.py:438} INFO - ==================================================
[2025-10-04T06:05:11.327+0000] {docker.py:438} INFO - 🔄 Restart #9 at 2025-10-04 06:03:08
[2025-10-04T06:05:11.327+0000] {docker.py:438} INFO - ==================================================
[2025-10-04T06:05:11.327+0000] {docker.py:438} INFO - Hello world - terminate function started!
[2025-10-04T06:05:11.328+0000] {docker.py:438} INFO - Selecting pods with label_selector: app=post-storage-service
[2025-10-04T06:05:11.328+0000] {docker.py:438} INFO - Found 2 pods initially
[2025-10-04T06:05:11.328+0000] {docker.py:438} INFO - Random selection: 1 pods
[2025-10-04T06:05:11.328+0000] {docker.py:438} INFO - Deleting pod: post-storage-service-769cf6947d-79w6l
[2025-10-04T06:05:11.328+0000] {docker.py:438} INFO - Deleted 1 pods: ['post-storage-service-769cf6947d-79w6l']
[2025-10-04T06:05:11.329+0000] {docker.py:438} INFO - ✅ Successfully restarted pods: ['post-storage-service-769cf6947d-79w6l']
[2025-10-04T06:05:11.329+0000] {docker.py:438} INFO - ⏳ Waiting 20 seconds until next restart...
[2025-10-04T06:05:11.329+0000] {docker.py:438} INFO - 📊 Time remaining: 136 seconds
[2025-10-04T06:05:11.329+0000] {docker.py:438} INFO - 
[2025-10-04T06:05:11.329+0000] {docker.py:438} INFO - ==================================================
[2025-10-04T06:05:11.330+0000] {docker.py:438} INFO - 🔄 Restart #10 at 2025-10-04 06:03:29
[2025-10-04T06:05:11.330+0000] {docker.py:438} INFO - ==================================================
[2025-10-04T06:05:11.330+0000] {docker.py:438} INFO - Hello world - terminate function started!
[2025-10-04T06:05:11.330+0000] {docker.py:438} INFO - Selecting pods with label_selector: app=post-storage-service
[2025-10-04T06:05:11.330+0000] {docker.py:438} INFO - Found 2 pods initially
[2025-10-04T06:05:11.331+0000] {docker.py:438} INFO - Random selection: 1 pods
[2025-10-04T06:05:11.331+0000] {docker.py:438} INFO - Deleting pod: post-storage-service-769cf6947d-79w6l
[2025-10-04T06:05:11.331+0000] {docker.py:438} INFO - Deleted 1 pods: ['post-storage-service-769cf6947d-79w6l']
[2025-10-04T06:05:11.331+0000] {docker.py:438} INFO - ✅ Successfully restarted pods: ['post-storage-service-769cf6947d-79w6l']
[2025-10-04T06:05:11.332+0000] {docker.py:438} INFO - ⏳ Waiting 20 seconds until next restart...
[2025-10-04T06:05:11.332+0000] {docker.py:438} INFO - 📊 Time remaining: 116 seconds
[2025-10-04T06:05:11.332+0000] {docker.py:438} INFO - 
[2025-10-04T06:05:11.332+0000] {docker.py:438} INFO - ==================================================
[2025-10-04T06:05:11.333+0000] {docker.py:438} INFO - 🔄 Restart #11 at 2025-10-04 06:03:49
[2025-10-04T06:05:11.333+0000] {docker.py:438} INFO - ==================================================
[2025-10-04T06:05:11.334+0000] {docker.py:438} INFO - Hello world - terminate function started!
[2025-10-04T06:05:11.334+0000] {docker.py:438} INFO - Selecting pods with label_selector: app=post-storage-service
[2025-10-04T06:05:11.335+0000] {docker.py:438} INFO - Found 1 pods initially
[2025-10-04T06:05:11.335+0000] {docker.py:438} INFO - Random selection: 1 pods
[2025-10-04T06:05:11.335+0000] {docker.py:438} INFO - Deleting pod: post-storage-service-769cf6947d-7wbc5
[2025-10-04T06:05:11.336+0000] {docker.py:438} INFO - Deleted 1 pods: ['post-storage-service-769cf6947d-7wbc5']
[2025-10-04T06:05:11.336+0000] {docker.py:438} INFO - ✅ Successfully restarted pods: ['post-storage-service-769cf6947d-7wbc5']
[2025-10-04T06:05:11.336+0000] {docker.py:438} INFO - ⏳ Waiting 20 seconds until next restart...
[2025-10-04T06:05:11.337+0000] {docker.py:438} INFO - 📊 Time remaining: 95 seconds
[2025-10-04T06:05:11.337+0000] {docker.py:438} INFO - 
[2025-10-04T06:05:11.337+0000] {docker.py:438} INFO - ==================================================
[2025-10-04T06:05:11.338+0000] {docker.py:438} INFO - 🔄 Restart #12 at 2025-10-04 06:04:09
[2025-10-04T06:05:11.338+0000] {docker.py:438} INFO - ==================================================
[2025-10-04T06:05:11.338+0000] {docker.py:438} INFO - Hello world - terminate function started!
[2025-10-04T06:05:11.339+0000] {docker.py:438} INFO - Selecting pods with label_selector: app=post-storage-service
[2025-10-04T06:05:11.339+0000] {docker.py:438} INFO - Found 2 pods initially
[2025-10-04T06:05:11.339+0000] {docker.py:438} INFO - Random selection: 1 pods
[2025-10-04T06:05:11.340+0000] {docker.py:438} INFO - Deleting pod: post-storage-service-769cf6947d-wp8h9
[2025-10-04T06:05:11.340+0000] {docker.py:438} INFO - Deleted 1 pods: ['post-storage-service-769cf6947d-wp8h9']
[2025-10-04T06:05:11.340+0000] {docker.py:438} INFO - ✅ Successfully restarted pods: ['post-storage-service-769cf6947d-wp8h9']
[2025-10-04T06:05:11.341+0000] {docker.py:438} INFO - ⏳ Waiting 20 seconds until next restart...
[2025-10-04T06:05:11.341+0000] {docker.py:438} INFO - 📊 Time remaining: 75 seconds
[2025-10-04T06:05:11.341+0000] {docker.py:438} INFO - 
[2025-10-04T06:05:11.342+0000] {docker.py:438} INFO - ==================================================
[2025-10-04T06:05:11.342+0000] {docker.py:438} INFO - 🔄 Restart #13 at 2025-10-04 06:04:30
[2025-10-04T06:05:11.342+0000] {docker.py:438} INFO - ==================================================
[2025-10-04T06:05:11.342+0000] {docker.py:438} INFO - Hello world - terminate function started!
[2025-10-04T06:05:11.343+0000] {docker.py:438} INFO - Selecting pods with label_selector: app=post-storage-service
[2025-10-04T06:05:11.343+0000] {docker.py:438} INFO - Found 2 pods initially
[2025-10-04T06:05:11.343+0000] {docker.py:438} INFO - Random selection: 1 pods
[2025-10-04T06:05:11.343+0000] {docker.py:438} INFO - Deleting pod: post-storage-service-769cf6947d-bdjfs
[2025-10-04T06:05:11.343+0000] {docker.py:438} INFO - Deleted 1 pods: ['post-storage-service-769cf6947d-bdjfs']
[2025-10-04T06:05:11.344+0000] {docker.py:438} INFO - ✅ Successfully restarted pods: ['post-storage-service-769cf6947d-bdjfs']
[2025-10-04T06:05:11.344+0000] {docker.py:438} INFO - ⏳ Waiting 20 seconds until next restart...
[2025-10-04T06:05:11.344+0000] {docker.py:438} INFO - 📊 Time remaining: 54 seconds
[2025-10-04T06:05:11.344+0000] {docker.py:438} INFO - 
[2025-10-04T06:05:11.344+0000] {docker.py:438} INFO - ==================================================
[2025-10-04T06:05:11.345+0000] {docker.py:438} INFO - 🔄 Restart #14 at 2025-10-04 06:04:50
[2025-10-04T06:05:11.345+0000] {docker.py:438} INFO - ==================================================
[2025-10-04T06:05:11.345+0000] {docker.py:438} INFO - Hello world - terminate function started!
[2025-10-04T06:05:11.345+0000] {docker.py:438} INFO - Selecting pods with label_selector: app=post-storage-service
[2025-10-04T06:05:11.346+0000] {docker.py:438} INFO - Found 2 pods initially
[2025-10-04T06:05:11.346+0000] {docker.py:438} INFO - Random selection: 1 pods
[2025-10-04T06:05:11.346+0000] {docker.py:438} INFO - Deleting pod: post-storage-service-769cf6947d-hxvxp
[2025-10-04T06:05:11.346+0000] {docker.py:438} INFO - Deleted 1 pods: ['post-storage-service-769cf6947d-hxvxp']
[2025-10-04T06:05:11.347+0000] {docker.py:438} INFO - ✅ Successfully restarted pods: ['post-storage-service-769cf6947d-hxvxp']
[2025-10-04T06:05:11.347+0000] {docker.py:438} INFO - ⏳ Waiting 20 seconds until next restart...
[2025-10-04T06:05:11.347+0000] {docker.py:438} INFO - 📊 Time remaining: 34 seconds
[2025-10-04T06:05:11.347+0000] {docker.py:438} INFO - 
[2025-10-04T06:05:11.347+0000] {docker.py:438} INFO - ==================================================
[2025-10-04T06:05:11.348+0000] {docker.py:438} INFO - 🔄 Restart #15 at 2025-10-04 06:05:11
[2025-10-04T06:05:11.348+0000] {docker.py:438} INFO - ==================================================
[2025-10-04T06:05:11.348+0000] {docker.py:438} INFO - Hello world - terminate function started!
[2025-10-04T06:05:11.348+0000] {docker.py:438} INFO - Selecting pods with label_selector: app=post-storage-service
[2025-10-04T06:05:11.895+0000] {docker.py:438} INFO - [32m[2025-10-04 06:05:11 INFO] Let's rollback...
[2025-10-04T06:05:11.895+0000] {docker.py:438} INFO - [32m[2025-10-04 06:05:11 INFO] Rollback: uncordon-all-nodes
[2025-10-04T06:05:11.896+0000] {docker.py:438} INFO - [32m[2025-10-04 06:05:11 INFO] Action: uncordon-all-nodes
[2025-10-04T06:05:12.896+0000] {docker.py:438} INFO - [32m[2025-10-04 06:05:12 INFO] Experiment ended with status: completed
[2025-10-04T06:05:12.897+0000] {docker.py:438} INFO - Found 2 pods initially
[2025-10-04T06:05:12.898+0000] {docker.py:438} INFO - Random selection: 1 pods
[2025-10-04T06:05:12.898+0000] {docker.py:438} INFO - Deleting pod: post-storage-service-769cf6947d-4x7nh
[2025-10-04T06:05:12.899+0000] {docker.py:438} INFO - Deleted 1 pods: ['post-storage-service-769cf6947d-4x7nh']
[2025-10-04T06:05:12.899+0000] {docker.py:438} INFO - ✅ Successfully restarted pods: ['post-storage-service-769cf6947d-4x7nh']
[2025-10-04T06:05:12.899+0000] {docker.py:438} INFO - ⏰ Less than 20 seconds remaining, stopping experiment
[2025-10-04T06:05:12.900+0000] {docker.py:438} INFO - 
[2025-10-04T06:05:12.900+0000] {docker.py:438} INFO - ==================================================
[2025-10-04T06:05:12.900+0000] {docker.py:438} INFO - 🏁 Experiment Completed!
[2025-10-04T06:05:12.901+0000] {docker.py:438} INFO - ==================================================
[2025-10-04T06:05:12.901+0000] {docker.py:438} INFO - 📈 Total restarts performed: 15
[2025-10-04T06:05:12.901+0000] {docker.py:438} INFO - ⏱️  Total duration: 287 seconds
[2025-10-04T06:05:12.902+0000] {docker.py:438} INFO - 📊 Average interval: 19.1 seconds
[2025-10-04T06:05:13.173+0000] {taskinstance.py:340} INFO - ::group::Post task execution logs
[2025-10-04T06:05:13.173+0000] {taskinstance.py:352} INFO - Marking task as SUCCESS. dag_id=Cordon_Uncordon_Node, task_id=apply_cordon_uncordon_node, run_id=scheduled__2025-10-04T03:00:00+00:00, execution_date=20251004T030000, start_date=20251004T060001, end_date=20251004T060513
[2025-10-04T06:05:13.233+0000] {local_task_job_runner.py:266} INFO - Task exited with return code 0
[2025-10-04T06:05:13.249+0000] {taskinstance.py:3900} INFO - 0 downstream tasks scheduled from follow-on schedule check
[2025-10-04T06:05:13.252+0000] {local_task_job_runner.py:245} INFO - ::endgroup::
