[2025-10-11T00:00:06.295+0000] {local_task_job_runner.py:123} INFO - ::group::Pre task execution logs
[2025-10-11T00:00:06.410+0000] {taskinstance.py:2612} INFO - Dependencies all met for dep_context=non-requeueable deps ti=<TaskInstance: Cordon_Uncordon_Node.apply_cordon_uncordon_node scheduled__2025-10-10T21:00:00+00:00 [queued]>
[2025-10-11T00:00:06.467+0000] {taskinstance.py:2612} INFO - Dependencies all met for dep_context=requeueable deps ti=<TaskInstance: Cordon_Uncordon_Node.apply_cordon_uncordon_node scheduled__2025-10-10T21:00:00+00:00 [queued]>
[2025-10-11T00:00:06.468+0000] {taskinstance.py:2865} INFO - Starting attempt 1 of 1
[2025-10-11T00:00:06.646+0000] {taskinstance.py:2888} INFO - Executing <Task(DockerOperator): apply_cordon_uncordon_node> on 2025-10-10 21:00:00+00:00
[2025-10-11T00:00:06.695+0000] {standard_task_runner.py:72} INFO - Started process 606 to run task
[2025-10-11T00:00:06.713+0000] {standard_task_runner.py:104} INFO - Running: ['***', 'tasks', 'run', 'Cordon_Uncordon_Node', 'apply_cordon_uncordon_node', 'scheduled__2025-10-10T21:00:00+00:00', '--job-id', '7648', '--raw', '--subdir', 'DAGS_FOLDER/dag_factory.py', '--cfg-path', '/tmp/tmpz5dksj2_']
[2025-10-11T00:00:06.723+0000] {standard_task_runner.py:105} INFO - Job 7648: Subtask apply_cordon_uncordon_node
[2025-10-11T00:00:06.966+0000] {task_command.py:467} INFO - Running <TaskInstance: Cordon_Uncordon_Node.apply_cordon_uncordon_node scheduled__2025-10-10T21:00:00+00:00 [running]> on host workflow.y2twbfvcjkaujnl2bmtbxunhcb.cx.internal.cloudapp.net
[2025-10-11T00:00:07.546+0000] {taskinstance.py:3131} INFO - Exporting env vars: AIRFLOW_CTX_DAG_OWNER='***' AIRFLOW_CTX_DAG_ID='Cordon_Uncordon_Node' AIRFLOW_CTX_TASK_ID='apply_cordon_uncordon_node' AIRFLOW_CTX_EXECUTION_DATE='2025-10-10T21:00:00+00:00' AIRFLOW_CTX_TRY_NUMBER='1' AIRFLOW_CTX_DAG_RUN_ID='scheduled__2025-10-10T21:00:00+00:00'
[2025-10-11T00:00:07.547+0000] {taskinstance.py:731} INFO - ::endgroup::
[2025-10-11T00:00:07.638+0000] {docker.py:367} INFO - Starting docker container from image ***_chaos:latest
[2025-10-11T00:00:08.592+0000] {docker.py:438} INFO - The container is run as root user. For security, consider using a regular user account.
[2025-10-11T00:00:57.146+0000] {docker.py:438} INFO - 
[2025-10-11T00:01:00.132+0000] {docker.py:438} INFO - [32m[2025-10-11 00:01:00 INFO] Validating the experiment's syntax
[2025-10-11T00:01:02.021+0000] {docker.py:438} INFO - [32m[2025-10-11 00:01:02 INFO] Experiment looks valid
[2025-10-11T00:01:02.024+0000] {docker.py:438} INFO - [32m[2025-10-11 00:01:02 INFO] Running experiment: Cordon-Pod Restart Combined Experiment
[2025-10-11T00:01:02.051+0000] {docker.py:438} INFO - [32m[2025-10-11 00:01:02 INFO] Steady-state strategy: default
[2025-10-11T00:01:02.057+0000] {docker.py:438} INFO - [32m[2025-10-11 00:01:02 INFO] Rollbacks strategy: default
[2025-10-11T00:01:02.057+0000] {docker.py:438} INFO - [32m[2025-10-11 00:01:02 INFO] No steady state hypothesis defined. That's ok, just exploring.
[2025-10-11T00:01:02.058+0000] {docker.py:438} INFO - [32m[2025-10-11 00:01:02 INFO] Playing your experiment's method now...
[2025-10-11T00:01:02.058+0000] {docker.py:438} INFO - [32m[2025-10-11 00:01:02 INFO] Action: cordon-nodes
[2025-10-11T00:01:03.506+0000] {docker.py:438} INFO - [32m[2025-10-11 00:01:03 INFO] Action: continuous-pod-restart-during-cordon
[2025-10-11T00:05:50.289+0000] {docker.py:438} INFO - 🚀 Starting continuous pod restart experiment
[2025-10-11T00:05:50.290+0000] {docker.py:438} INFO - 📅 Interval: 20 seconds
[2025-10-11T00:05:50.290+0000] {docker.py:438} INFO - ⏱️  Duration: 300 seconds
[2025-10-11T00:05:50.291+0000] {docker.py:438} INFO - 🎯 Target: app=post-storage-service
[2025-10-11T00:05:50.291+0000] {docker.py:438} INFO - 📍 Namespace: default
[2025-10-11T00:05:50.291+0000] {docker.py:438} INFO - 
[2025-10-11T00:05:50.293+0000] {docker.py:438} INFO - ==================================================
[2025-10-11T00:05:50.293+0000] {docker.py:438} INFO - 🔄 Restart #1 at 2025-10-11 00:01:03
[2025-10-11T00:05:50.293+0000] {docker.py:438} INFO - ==================================================
[2025-10-11T00:05:50.294+0000] {docker.py:438} INFO - Hello world - terminate function started!
[2025-10-11T00:05:50.294+0000] {docker.py:438} INFO - Selecting pods with label_selector: app=post-storage-service
[2025-10-11T00:05:50.296+0000] {docker.py:438} INFO - Found 1 pods initially
[2025-10-11T00:05:50.296+0000] {docker.py:438} INFO - Random selection: 1 pods
[2025-10-11T00:05:50.296+0000] {docker.py:438} INFO - Deleting pod: post-storage-service-6cbbf5f9fb-mgv2n
[2025-10-11T00:05:50.297+0000] {docker.py:438} INFO - Deleted 1 pods: ['post-storage-service-6cbbf5f9fb-mgv2n']
[2025-10-11T00:05:50.297+0000] {docker.py:438} INFO - ✅ Successfully restarted pods: ['post-storage-service-6cbbf5f9fb-mgv2n']
[2025-10-11T00:05:50.297+0000] {docker.py:438} INFO - ⏳ Waiting 20 seconds until next restart...
[2025-10-11T00:05:50.298+0000] {docker.py:438} INFO - 📊 Time remaining: 299 seconds
[2025-10-11T00:05:50.298+0000] {docker.py:438} INFO - 
[2025-10-11T00:05:50.299+0000] {docker.py:438} INFO - ==================================================
[2025-10-11T00:05:50.299+0000] {docker.py:438} INFO - 🔄 Restart #2 at 2025-10-11 00:01:24
[2025-10-11T00:05:50.302+0000] {docker.py:438} INFO - ==================================================
[2025-10-11T00:05:50.302+0000] {docker.py:438} INFO - Hello world - terminate function started!
[2025-10-11T00:05:50.302+0000] {docker.py:438} INFO - Selecting pods with label_selector: app=post-storage-service
[2025-10-11T00:05:50.303+0000] {docker.py:438} INFO - Found 1 pods initially
[2025-10-11T00:05:50.303+0000] {docker.py:438} INFO - Random selection: 1 pods
[2025-10-11T00:05:50.303+0000] {docker.py:438} INFO - Deleting pod: post-storage-service-6cbbf5f9fb-h8vsh
[2025-10-11T00:05:50.304+0000] {docker.py:438} INFO - Deleted 1 pods: ['post-storage-service-6cbbf5f9fb-h8vsh']
[2025-10-11T00:05:50.304+0000] {docker.py:438} INFO - ✅ Successfully restarted pods: ['post-storage-service-6cbbf5f9fb-h8vsh']
[2025-10-11T00:05:50.304+0000] {docker.py:438} INFO - ⏳ Waiting 20 seconds until next restart...
[2025-10-11T00:05:50.305+0000] {docker.py:438} INFO - 📊 Time remaining: 279 seconds
[2025-10-11T00:05:50.305+0000] {docker.py:438} INFO - 
[2025-10-11T00:05:50.305+0000] {docker.py:438} INFO - ==================================================
[2025-10-11T00:05:50.307+0000] {docker.py:438} INFO - 🔄 Restart #3 at 2025-10-11 00:01:44
[2025-10-11T00:05:50.307+0000] {docker.py:438} INFO - ==================================================
[2025-10-11T00:05:50.307+0000] {docker.py:438} INFO - Hello world - terminate function started!
[2025-10-11T00:05:50.308+0000] {docker.py:438} INFO - Selecting pods with label_selector: app=post-storage-service
[2025-10-11T00:05:50.308+0000] {docker.py:438} INFO - Found 1 pods initially
[2025-10-11T00:05:50.308+0000] {docker.py:438} INFO - Random selection: 1 pods
[2025-10-11T00:05:50.309+0000] {docker.py:438} INFO - Deleting pod: post-storage-service-6cbbf5f9fb-rpbsc
[2025-10-11T00:05:50.309+0000] {docker.py:438} INFO - Deleted 1 pods: ['post-storage-service-6cbbf5f9fb-rpbsc']
[2025-10-11T00:05:50.309+0000] {docker.py:438} INFO - ✅ Successfully restarted pods: ['post-storage-service-6cbbf5f9fb-rpbsc']
[2025-10-11T00:05:50.311+0000] {docker.py:438} INFO - ⏳ Waiting 20 seconds until next restart...
[2025-10-11T00:05:50.311+0000] {docker.py:438} INFO - 📊 Time remaining: 259 seconds
[2025-10-11T00:05:50.311+0000] {docker.py:438} INFO - 
[2025-10-11T00:05:50.312+0000] {docker.py:438} INFO - ==================================================
[2025-10-11T00:05:50.312+0000] {docker.py:438} INFO - 🔄 Restart #4 at 2025-10-11 00:02:04
[2025-10-11T00:05:50.336+0000] {docker.py:438} INFO - ==================================================
[2025-10-11T00:05:50.336+0000] {docker.py:438} INFO - Hello world - terminate function started!
[2025-10-11T00:05:50.336+0000] {docker.py:438} INFO - Selecting pods with label_selector: app=post-storage-service
[2025-10-11T00:05:50.337+0000] {docker.py:438} INFO - Found 1 pods initially
[2025-10-11T00:05:50.337+0000] {docker.py:438} INFO - Random selection: 1 pods
[2025-10-11T00:05:50.339+0000] {docker.py:438} INFO - Deleting pod: post-storage-service-6cbbf5f9fb-bczjj
[2025-10-11T00:05:50.340+0000] {docker.py:438} INFO - Deleted 1 pods: ['post-storage-service-6cbbf5f9fb-bczjj']
[2025-10-11T00:05:50.340+0000] {docker.py:438} INFO - ✅ Successfully restarted pods: ['post-storage-service-6cbbf5f9fb-bczjj']
[2025-10-11T00:05:50.340+0000] {docker.py:438} INFO - ⏳ Waiting 20 seconds until next restart...
[2025-10-11T00:05:50.341+0000] {docker.py:438} INFO - 📊 Time remaining: 238 seconds
[2025-10-11T00:05:50.341+0000] {docker.py:438} INFO - 
[2025-10-11T00:05:50.341+0000] {docker.py:438} INFO - ==================================================
[2025-10-11T00:05:50.342+0000] {docker.py:438} INFO - 🔄 Restart #5 at 2025-10-11 00:02:25
[2025-10-11T00:05:50.342+0000] {docker.py:438} INFO - ==================================================
[2025-10-11T00:05:50.342+0000] {docker.py:438} INFO - Hello world - terminate function started!
[2025-10-11T00:05:50.343+0000] {docker.py:438} INFO - Selecting pods with label_selector: app=post-storage-service
[2025-10-11T00:05:50.343+0000] {docker.py:438} INFO - Found 1 pods initially
[2025-10-11T00:05:50.343+0000] {docker.py:438} INFO - Random selection: 1 pods
[2025-10-11T00:05:50.344+0000] {docker.py:438} INFO - Deleting pod: post-storage-service-6cbbf5f9fb-plbp4
[2025-10-11T00:05:50.344+0000] {docker.py:438} INFO - Deleted 1 pods: ['post-storage-service-6cbbf5f9fb-plbp4']
[2025-10-11T00:05:50.344+0000] {docker.py:438} INFO - ✅ Successfully restarted pods: ['post-storage-service-6cbbf5f9fb-plbp4']
[2025-10-11T00:05:50.345+0000] {docker.py:438} INFO - ⏳ Waiting 20 seconds until next restart...
[2025-10-11T00:05:50.345+0000] {docker.py:438} INFO - 📊 Time remaining: 218 seconds
[2025-10-11T00:05:50.347+0000] {docker.py:438} INFO - 
[2025-10-11T00:05:50.347+0000] {docker.py:438} INFO - ==================================================
[2025-10-11T00:05:50.347+0000] {docker.py:438} INFO - 🔄 Restart #6 at 2025-10-11 00:02:45
[2025-10-11T00:05:50.348+0000] {docker.py:438} INFO - ==================================================
[2025-10-11T00:05:50.348+0000] {docker.py:438} INFO - Hello world - terminate function started!
[2025-10-11T00:05:50.348+0000] {docker.py:438} INFO - Selecting pods with label_selector: app=post-storage-service
[2025-10-11T00:05:50.348+0000] {docker.py:438} INFO - Found 1 pods initially
[2025-10-11T00:05:50.349+0000] {docker.py:438} INFO - Random selection: 1 pods
[2025-10-11T00:05:50.349+0000] {docker.py:438} INFO - Deleting pod: post-storage-service-6cbbf5f9fb-ktjqs
[2025-10-11T00:05:50.349+0000] {docker.py:438} INFO - Deleted 1 pods: ['post-storage-service-6cbbf5f9fb-ktjqs']
[2025-10-11T00:05:50.350+0000] {docker.py:438} INFO - ✅ Successfully restarted pods: ['post-storage-service-6cbbf5f9fb-ktjqs']
[2025-10-11T00:05:50.350+0000] {docker.py:438} INFO - ⏳ Waiting 20 seconds until next restart...
[2025-10-11T00:05:50.350+0000] {docker.py:438} INFO - 📊 Time remaining: 197 seconds
[2025-10-11T00:05:50.351+0000] {docker.py:438} INFO - 
[2025-10-11T00:05:50.351+0000] {docker.py:438} INFO - ==================================================
[2025-10-11T00:05:50.351+0000] {docker.py:438} INFO - 🔄 Restart #7 at 2025-10-11 00:03:06
[2025-10-11T00:05:50.352+0000] {docker.py:438} INFO - ==================================================
[2025-10-11T00:05:50.352+0000] {docker.py:438} INFO - Hello world - terminate function started!
[2025-10-11T00:05:50.352+0000] {docker.py:438} INFO - Selecting pods with label_selector: app=post-storage-service
[2025-10-11T00:05:50.352+0000] {docker.py:438} INFO - Found 1 pods initially
[2025-10-11T00:05:50.353+0000] {docker.py:438} INFO - Random selection: 1 pods
[2025-10-11T00:05:50.353+0000] {docker.py:438} INFO - Deleting pod: post-storage-service-6cbbf5f9fb-dgw4l
[2025-10-11T00:05:50.353+0000] {docker.py:438} INFO - Deleted 1 pods: ['post-storage-service-6cbbf5f9fb-dgw4l']
[2025-10-11T00:05:50.355+0000] {docker.py:438} INFO - ✅ Successfully restarted pods: ['post-storage-service-6cbbf5f9fb-dgw4l']
[2025-10-11T00:05:50.355+0000] {docker.py:438} INFO - ⏳ Waiting 20 seconds until next restart...
[2025-10-11T00:05:50.355+0000] {docker.py:438} INFO - 📊 Time remaining: 177 seconds
[2025-10-11T00:05:50.356+0000] {docker.py:438} INFO - 
[2025-10-11T00:05:50.356+0000] {docker.py:438} INFO - ==================================================
[2025-10-11T00:05:50.356+0000] {docker.py:438} INFO - 🔄 Restart #8 at 2025-10-11 00:03:26
[2025-10-11T00:05:50.357+0000] {docker.py:438} INFO - ==================================================
[2025-10-11T00:05:50.357+0000] {docker.py:438} INFO - Hello world - terminate function started!
[2025-10-11T00:05:50.357+0000] {docker.py:438} INFO - Selecting pods with label_selector: app=post-storage-service
[2025-10-11T00:05:50.358+0000] {docker.py:438} INFO - Found 1 pods initially
[2025-10-11T00:05:50.358+0000] {docker.py:438} INFO - Random selection: 1 pods
[2025-10-11T00:05:50.358+0000] {docker.py:438} INFO - Deleting pod: post-storage-service-6cbbf5f9fb-fpf87
[2025-10-11T00:05:50.360+0000] {docker.py:438} INFO - Deleted 1 pods: ['post-storage-service-6cbbf5f9fb-fpf87']
[2025-10-11T00:05:50.360+0000] {docker.py:438} INFO - ✅ Successfully restarted pods: ['post-storage-service-6cbbf5f9fb-fpf87']
[2025-10-11T00:05:50.360+0000] {docker.py:438} INFO - ⏳ Waiting 20 seconds until next restart...
[2025-10-11T00:05:50.360+0000] {docker.py:438} INFO - 📊 Time remaining: 156 seconds
[2025-10-11T00:05:50.361+0000] {docker.py:438} INFO - 
[2025-10-11T00:05:50.361+0000] {docker.py:438} INFO - ==================================================
[2025-10-11T00:05:50.361+0000] {docker.py:438} INFO - 🔄 Restart #9 at 2025-10-11 00:03:47
[2025-10-11T00:05:50.362+0000] {docker.py:438} INFO - ==================================================
[2025-10-11T00:05:50.362+0000] {docker.py:438} INFO - Hello world - terminate function started!
[2025-10-11T00:05:50.362+0000] {docker.py:438} INFO - Selecting pods with label_selector: app=post-storage-service
[2025-10-11T00:05:50.364+0000] {docker.py:438} INFO - Found 1 pods initially
[2025-10-11T00:05:50.364+0000] {docker.py:438} INFO - Random selection: 1 pods
[2025-10-11T00:05:50.364+0000] {docker.py:438} INFO - Deleting pod: post-storage-service-6cbbf5f9fb-rcq7p
[2025-10-11T00:05:50.366+0000] {docker.py:438} INFO - Deleted 1 pods: ['post-storage-service-6cbbf5f9fb-rcq7p']
[2025-10-11T00:05:50.367+0000] {docker.py:438} INFO - ✅ Successfully restarted pods: ['post-storage-service-6cbbf5f9fb-rcq7p']
[2025-10-11T00:05:50.367+0000] {docker.py:438} INFO - ⏳ Waiting 20 seconds until next restart...
[2025-10-11T00:05:50.367+0000] {docker.py:438} INFO - 📊 Time remaining: 136 seconds
[2025-10-11T00:05:50.368+0000] {docker.py:438} INFO - 
[2025-10-11T00:05:50.368+0000] {docker.py:438} INFO - ==================================================
[2025-10-11T00:05:50.368+0000] {docker.py:438} INFO - 🔄 Restart #10 at 2025-10-11 00:04:07
[2025-10-11T00:05:50.369+0000] {docker.py:438} INFO - ==================================================
[2025-10-11T00:05:50.369+0000] {docker.py:438} INFO - Hello world - terminate function started!
[2025-10-11T00:05:50.369+0000] {docker.py:438} INFO - Selecting pods with label_selector: app=post-storage-service
[2025-10-11T00:05:50.370+0000] {docker.py:438} INFO - Found 1 pods initially
[2025-10-11T00:05:50.370+0000] {docker.py:438} INFO - Random selection: 1 pods
[2025-10-11T00:05:50.370+0000] {docker.py:438} INFO - Deleting pod: post-storage-service-6cbbf5f9fb-cr7v4
[2025-10-11T00:05:50.370+0000] {docker.py:438} INFO - Deleted 1 pods: ['post-storage-service-6cbbf5f9fb-cr7v4']
[2025-10-11T00:05:50.371+0000] {docker.py:438} INFO - ✅ Successfully restarted pods: ['post-storage-service-6cbbf5f9fb-cr7v4']
[2025-10-11T00:05:50.371+0000] {docker.py:438} INFO - ⏳ Waiting 20 seconds until next restart...
[2025-10-11T00:05:50.371+0000] {docker.py:438} INFO - 📊 Time remaining: 115 seconds
[2025-10-11T00:05:50.372+0000] {docker.py:438} INFO - 
[2025-10-11T00:05:50.372+0000] {docker.py:438} INFO - ==================================================
[2025-10-11T00:05:50.372+0000] {docker.py:438} INFO - 🔄 Restart #11 at 2025-10-11 00:04:28
[2025-10-11T00:05:50.373+0000] {docker.py:438} INFO - ==================================================
[2025-10-11T00:05:50.373+0000] {docker.py:438} INFO - Hello world - terminate function started!
[2025-10-11T00:05:50.373+0000] {docker.py:438} INFO - Selecting pods with label_selector: app=post-storage-service
[2025-10-11T00:05:50.375+0000] {docker.py:438} INFO - Found 1 pods initially
[2025-10-11T00:05:50.375+0000] {docker.py:438} INFO - Random selection: 1 pods
[2025-10-11T00:05:50.375+0000] {docker.py:438} INFO - Deleting pod: post-storage-service-6cbbf5f9fb-kmrjm
[2025-10-11T00:05:50.376+0000] {docker.py:438} INFO - Deleted 1 pods: ['post-storage-service-6cbbf5f9fb-kmrjm']
[2025-10-11T00:05:50.376+0000] {docker.py:438} INFO - ✅ Successfully restarted pods: ['post-storage-service-6cbbf5f9fb-kmrjm']
[2025-10-11T00:05:50.376+0000] {docker.py:438} INFO - ⏳ Waiting 20 seconds until next restart...
[2025-10-11T00:05:50.377+0000] {docker.py:438} INFO - 📊 Time remaining: 95 seconds
[2025-10-11T00:05:50.377+0000] {docker.py:438} INFO - 
[2025-10-11T00:05:50.377+0000] {docker.py:438} INFO - ==================================================
[2025-10-11T00:05:50.377+0000] {docker.py:438} INFO - 🔄 Restart #12 at 2025-10-11 00:04:48
[2025-10-11T00:05:50.378+0000] {docker.py:438} INFO - ==================================================
[2025-10-11T00:05:50.378+0000] {docker.py:438} INFO - Hello world - terminate function started!
[2025-10-11T00:05:50.378+0000] {docker.py:438} INFO - Selecting pods with label_selector: app=post-storage-service
[2025-10-11T00:05:50.379+0000] {docker.py:438} INFO - Found 1 pods initially
[2025-10-11T00:05:50.379+0000] {docker.py:438} INFO - Random selection: 1 pods
[2025-10-11T00:05:50.379+0000] {docker.py:438} INFO - Deleting pod: post-storage-service-6cbbf5f9fb-vvpv9
[2025-10-11T00:05:50.380+0000] {docker.py:438} INFO - Deleted 1 pods: ['post-storage-service-6cbbf5f9fb-vvpv9']
[2025-10-11T00:05:50.380+0000] {docker.py:438} INFO - ✅ Successfully restarted pods: ['post-storage-service-6cbbf5f9fb-vvpv9']
[2025-10-11T00:05:50.380+0000] {docker.py:438} INFO - ⏳ Waiting 20 seconds until next restart...
[2025-10-11T00:05:50.382+0000] {docker.py:438} INFO - 📊 Time remaining: 74 seconds
[2025-10-11T00:05:50.382+0000] {docker.py:438} INFO - 
[2025-10-11T00:05:50.382+0000] {docker.py:438} INFO - ==================================================
[2025-10-11T00:05:50.382+0000] {docker.py:438} INFO - 🔄 Restart #13 at 2025-10-11 00:05:09
[2025-10-11T00:05:50.383+0000] {docker.py:438} INFO - ==================================================
[2025-10-11T00:05:50.383+0000] {docker.py:438} INFO - Hello world - terminate function started!
[2025-10-11T00:05:50.383+0000] {docker.py:438} INFO - Selecting pods with label_selector: app=post-storage-service
[2025-10-11T00:05:50.384+0000] {docker.py:438} INFO - Found 1 pods initially
[2025-10-11T00:05:50.384+0000] {docker.py:438} INFO - Random selection: 1 pods
[2025-10-11T00:05:50.385+0000] {docker.py:438} INFO - Deleting pod: post-storage-service-6cbbf5f9fb-x4g4q
[2025-10-11T00:05:50.386+0000] {docker.py:438} INFO - Deleted 1 pods: ['post-storage-service-6cbbf5f9fb-x4g4q']
[2025-10-11T00:05:50.386+0000] {docker.py:438} INFO - ✅ Successfully restarted pods: ['post-storage-service-6cbbf5f9fb-x4g4q']
[2025-10-11T00:05:50.386+0000] {docker.py:438} INFO - ⏳ Waiting 20 seconds until next restart...
[2025-10-11T00:05:50.387+0000] {docker.py:438} INFO - 📊 Time remaining: 54 seconds
[2025-10-11T00:05:50.387+0000] {docker.py:438} INFO - 
[2025-10-11T00:05:50.387+0000] {docker.py:438} INFO - ==================================================
[2025-10-11T00:05:50.388+0000] {docker.py:438} INFO - 🔄 Restart #14 at 2025-10-11 00:05:29
[2025-10-11T00:05:50.388+0000] {docker.py:438} INFO - ==================================================
[2025-10-11T00:05:50.388+0000] {docker.py:438} INFO - Hello world - terminate function started!
[2025-10-11T00:05:50.389+0000] {docker.py:438} INFO - Selecting pods with label_selector: app=post-storage-service
[2025-10-11T00:05:50.389+0000] {docker.py:438} INFO - Found 1 pods initially
[2025-10-11T00:05:50.390+0000] {docker.py:438} INFO - Random selection: 1 pods
[2025-10-11T00:05:50.390+0000] {docker.py:438} INFO - Deleting pod: post-storage-service-6cbbf5f9fb-n4wfn
[2025-10-11T00:05:50.390+0000] {docker.py:438} INFO - Deleted 1 pods: ['post-storage-service-6cbbf5f9fb-n4wfn']
[2025-10-11T00:05:50.392+0000] {docker.py:438} INFO - ✅ Successfully restarted pods: ['post-storage-service-6cbbf5f9fb-n4wfn']
[2025-10-11T00:05:50.392+0000] {docker.py:438} INFO - ⏳ Waiting 20 seconds until next restart...
[2025-10-11T00:05:50.393+0000] {docker.py:438} INFO - 📊 Time remaining: 33 seconds
[2025-10-11T00:05:50.393+0000] {docker.py:438} INFO - 
[2025-10-11T00:05:50.393+0000] {docker.py:438} INFO - ==================================================
[2025-10-11T00:05:50.394+0000] {docker.py:438} INFO - 🔄 Restart #15 at 2025-10-11 00:05:50
[2025-10-11T00:05:50.394+0000] {docker.py:438} INFO - ==================================================
[2025-10-11T00:05:50.394+0000] {docker.py:438} INFO - Hello world - terminate function started!
[2025-10-11T00:05:50.395+0000] {docker.py:438} INFO - Selecting pods with label_selector: app=post-storage-service
[2025-10-11T00:05:50.695+0000] {docker.py:438} INFO - [32m[2025-10-11 00:05:50 INFO] Let's rollback...
[2025-10-11T00:05:50.698+0000] {docker.py:438} INFO - [32m[2025-10-11 00:05:50 INFO] Rollback: uncordon-all-nodes
[2025-10-11T00:05:50.700+0000] {docker.py:438} INFO - [32m[2025-10-11 00:05:50 INFO] Action: uncordon-all-nodes
[2025-10-11T00:05:51.812+0000] {docker.py:438} INFO - [32m[2025-10-11 00:05:51 INFO] Experiment ended with status: completed
[2025-10-11T00:05:51.813+0000] {docker.py:438} INFO - Found 1 pods initially
[2025-10-11T00:05:51.814+0000] {docker.py:438} INFO - Random selection: 1 pods
[2025-10-11T00:05:51.814+0000] {docker.py:438} INFO - Deleting pod: post-storage-service-6cbbf5f9fb-hwbjr
[2025-10-11T00:05:51.815+0000] {docker.py:438} INFO - Deleted 1 pods: ['post-storage-service-6cbbf5f9fb-hwbjr']
[2025-10-11T00:05:51.815+0000] {docker.py:438} INFO - ✅ Successfully restarted pods: ['post-storage-service-6cbbf5f9fb-hwbjr']
[2025-10-11T00:05:51.815+0000] {docker.py:438} INFO - ⏰ Less than 20 seconds remaining, stopping experiment
[2025-10-11T00:05:51.817+0000] {docker.py:438} INFO - 
[2025-10-11T00:05:51.818+0000] {docker.py:438} INFO - ==================================================
[2025-10-11T00:05:51.818+0000] {docker.py:438} INFO - 🏁 Experiment Completed!
[2025-10-11T00:05:51.818+0000] {docker.py:438} INFO - ==================================================
[2025-10-11T00:05:51.819+0000] {docker.py:438} INFO - 📈 Total restarts performed: 15
[2025-10-11T00:05:51.819+0000] {docker.py:438} INFO - ⏱️  Total duration: 287 seconds
[2025-10-11T00:05:51.819+0000] {docker.py:438} INFO - 📊 Average interval: 19.1 seconds
[2025-10-11T00:05:52.826+0000] {taskinstance.py:340} INFO - ::group::Post task execution logs
[2025-10-11T00:05:52.827+0000] {taskinstance.py:352} INFO - Marking task as SUCCESS. dag_id=Cordon_Uncordon_Node, task_id=apply_cordon_uncordon_node, run_id=scheduled__2025-10-10T21:00:00+00:00, execution_date=20251010T210000, start_date=20251011T000006, end_date=20251011T000552
[2025-10-11T00:05:52.876+0000] {local_task_job_runner.py:266} INFO - Task exited with return code 0
[2025-10-11T00:05:52.907+0000] {taskinstance.py:3900} INFO - 0 downstream tasks scheduled from follow-on schedule check
[2025-10-11T00:05:52.919+0000] {local_task_job_runner.py:245} INFO - ::endgroup::
