[2025-11-21T07:24:47.431+0000] {local_task_job_runner.py:123} INFO - ::group::Pre task execution logs
[2025-11-21T07:24:47.458+0000] {taskinstance.py:2612} INFO - Dependencies all met for dep_context=non-requeueable deps ti=<TaskInstance: Reinitialize_Application.apply_container_restart_docker manual__2025-11-21T07:24:45.846282+00:00 [queued]>
[2025-11-21T07:24:47.470+0000] {taskinstance.py:2612} INFO - Dependencies all met for dep_context=requeueable deps ti=<TaskInstance: Reinitialize_Application.apply_container_restart_docker manual__2025-11-21T07:24:45.846282+00:00 [queued]>
[2025-11-21T07:24:47.471+0000] {taskinstance.py:2865} INFO - Starting attempt 1 of 1
[2025-11-21T07:24:47.499+0000] {taskinstance.py:2888} INFO - Executing <Task(DockerOperator): apply_container_restart_docker> on 2025-11-21 07:24:45.846282+00:00
[2025-11-21T07:24:47.514+0000] {standard_task_runner.py:72} INFO - Started process 760 to run task
[2025-11-21T07:24:47.529+0000] {standard_task_runner.py:104} INFO - Running: ['***', 'tasks', 'run', 'Reinitialize_Application', 'apply_container_restart_docker', 'manual__2025-11-21T07:24:45.846282+00:00', '--job-id', '16983', '--raw', '--subdir', 'DAGS_FOLDER/dag_factory.py', '--cfg-path', '/tmp/tmpxou94f31']
[2025-11-21T07:24:47.532+0000] {standard_task_runner.py:105} INFO - Job 16983: Subtask apply_container_restart_docker
[2025-11-21T07:24:47.688+0000] {task_command.py:467} INFO - Running <TaskInstance: Reinitialize_Application.apply_container_restart_docker manual__2025-11-21T07:24:45.846282+00:00 [running]> on host workflow.y2twbfvcjkaujnl2bmtbxunhcb.cx.internal.cloudapp.net
[2025-11-21T07:24:47.845+0000] {taskinstance.py:3131} INFO - Exporting env vars: AIRFLOW_CTX_DAG_OWNER='***' AIRFLOW_CTX_DAG_ID='Reinitialize_Application' AIRFLOW_CTX_TASK_ID='apply_container_restart_docker' AIRFLOW_CTX_EXECUTION_DATE='2025-11-21T07:24:45.846282+00:00' AIRFLOW_CTX_TRY_NUMBER='1' AIRFLOW_CTX_DAG_RUN_ID='manual__2025-11-21T07:24:45.846282+00:00'
[2025-11-21T07:24:47.851+0000] {taskinstance.py:731} INFO - ::endgroup::
[2025-11-21T07:24:47.915+0000] {docker.py:367} INFO - Starting docker container from image priyanshu01ce/***_chaos:latest
[2025-11-21T07:24:48.577+0000] {docker.py:438} INFO - The container is run as root user. For security, consider using a regular user account.
[2025-11-21T07:25:08.522+0000] {docker.py:438} INFO - 
[2025-11-21T07:25:08.536+0000] {docker.py:438} INFO - total 11308
[2025-11-21T07:25:08.538+0000] {docker.py:438} INFO - drwxr-xr-x 6    1000 1000     4096 Nov 11 11:35 .
[2025-11-21T07:25:08.538+0000] {docker.py:438} INFO - drwxr-xr-x 1 *** root     4096 Sep 26 10:44 ..
[2025-11-21T07:25:08.540+0000] {docker.py:438} INFO - -rw-r--r-- 1    1000 1000     1193 Sep  8 07:02 API_Latency.json
[2025-11-21T07:25:08.542+0000] {docker.py:438} INFO - -rw-r--r-- 1    1000 1000      729 Sep  9 10:30 API_Timeout.json
[2025-11-21T07:25:08.542+0000] {docker.py:438} INFO - -rw-r--r-- 1    1000 1000     1331 Oct  7 18:22 Continuous_Load_Test_Azure.yaml
[2025-11-21T07:25:08.543+0000] {docker.py:438} INFO - -rw-r--r-- 1    1000 1000     1665 Nov 11 09:21 Memory_Stress_Test_Azure.yaml
[2025-11-21T07:25:08.543+0000] {docker.py:438} INFO - -rw-r--r-- 1    1000 1000     1178 Sep 30 18:19 Stress_Test_Azure.yaml
[2025-11-21T07:25:08.545+0000] {docker.py:438} INFO - drwxrwxr-x 2 root    root     4096 Oct 29 06:31 __pycache__
[2025-11-21T07:25:08.546+0000] {docker.py:438} INFO - drwxrwxr-x 5    1000 1000     4096 Oct 21 08:05 chaos_env
[2025-11-21T07:25:08.546+0000] {docker.py:438} INFO - -rw-r--r-- 1    1000 1000     8875 Sep 25 16:54 chaosk6_actions.py
[2025-11-21T07:25:08.547+0000] {docker.py:438} INFO - -rw-rw-r-- 1    1000 1000 10910554 Nov 21 07:23 chaostoolkit.log
[2025-11-21T07:25:08.547+0000] {docker.py:438} INFO - -rw-rw-r-- 1    1000 1000     1421 Oct 23 09:34 check.py
[2025-11-21T07:25:08.550+0000] {docker.py:438} INFO - -rw-r--r-- 1    1000 1000     3213 Sep  9 09:11 combined-sequential.json
[2025-11-21T07:25:08.550+0000] {docker.py:438} INFO - -rwxrwxr-x 1    1000 1000     1489 Oct 27 06:29 complete_chaos_mesh-cleanup.sh
[2025-11-21T07:25:08.550+0000] {docker.py:438} INFO - -rw-r--r-- 1    1000 1000      502 Sep 16 05:31 connection_test_experiment.json
[2025-11-21T07:25:08.551+0000] {docker.py:438} INFO - -rw-rw-r-- 1    1000 1000      692 Oct 24 01:43 container_probe.json
[2025-11-21T07:25:08.551+0000] {docker.py:438} INFO - -rw-rw-r-- 1    1000 1000     2533 Oct 23 09:28 container_probe.yaml
[2025-11-21T07:25:08.554+0000] {docker.py:438} INFO - -rw-r--r-- 1    1000 1000     1420 Sep 24 06:53 container_restart.json
[2025-11-21T07:25:08.554+0000] {docker.py:438} INFO - -rw-r--r-- 1    1000 1000    16452 Sep 26 09:59 container_restart.py
[2025-11-21T07:25:08.554+0000] {docker.py:438} INFO - -rw-r--r-- 1    1000 1000     1744 Nov 11 09:15 container_restart_Azure.yaml
[2025-11-21T07:25:08.555+0000] {docker.py:438} INFO - -rw-r--r-- 1    1000 1000     1409 Sep 18 12:30 continuous_load_test.json
[2025-11-21T07:25:08.555+0000] {docker.py:438} INFO - -rw-r--r-- 1    1000 1000     1637 Sep 25 10:13 cordon-uncordon-node.json
[2025-11-21T07:25:08.557+0000] {docker.py:438} INFO - -rw-r--r-- 1    1000 1000     1637 Sep 25 04:39 cordon_test.json
[2025-11-21T07:25:08.557+0000] {docker.py:438} INFO - -rw-r--r-- 1    1000 1000     1430 Nov 11 09:16 cordon_uncordon_node_Azure.yaml
[2025-11-21T07:25:08.557+0000] {docker.py:438} INFO - -rw-r--r-- 1    1000 1000     1203 Sep 30 06:51 cpu_stress_ng.json
[2025-11-21T07:25:08.558+0000] {docker.py:438} INFO - -rw-r--r-- 1    1000 1000     1760 Oct 21 08:00 db_cleanup.json
[2025-11-21T07:25:08.558+0000] {docker.py:438} INFO - -rw-r--r-- 1    1000 1000     6399 Sep 24 07:40 db_cleanup.py
[2025-11-21T07:25:08.561+0000] {docker.py:438} INFO - -rw-rw-r-- 1    1000 1000     5855 Oct 28 12:27 direct_memory_stress.py
[2025-11-21T07:25:08.561+0000] {docker.py:438} INFO - -rw-r--r-- 1    1000 1000     3217 Nov 21 07:23 journal.json
[2025-11-21T07:25:08.563+0000] {docker.py:438} INFO - -rw-rw-r-- 1    1000 1000        0 Nov 11 11:31 json
[2025-11-21T07:25:08.563+0000] {docker.py:438} INFO - -rw-rw-r-- 1 root    root   365005 Nov 21 07:23 k6_continuous_load.log
[2025-11-21T07:25:08.565+0000] {docker.py:438} INFO - -rw-r--r-- 1    1000 1000     3907 Nov 21 07:23 k6_continuous_summary.json
[2025-11-21T07:25:08.566+0000] {docker.py:438} INFO - -rw-r--r-- 1    1000 1000     3433 Sep 25 09:28 k6_summary.json
[2025-11-21T07:25:08.566+0000] {docker.py:438} INFO - -rw-r--r-- 1    1000 1000      989 Sep 30 09:24 kubernetes_actions.json
[2025-11-21T07:25:08.567+0000] {docker.py:438} INFO - -rw-r--r-- 1    1000 1000    10961 Sep 30 09:23 kubernetes_actions.py
[2025-11-21T07:25:08.567+0000] {docker.py:438} INFO - -rw-r--r-- 1    1000 1000      945 Sep 21 16:40 load_test.json
[2025-11-21T07:25:08.568+0000] {docker.py:438} INFO - -rw-r--r-- 1    1000 1000      528 Sep 17 12:13 max_connection_experiment.json
[2025-11-21T07:25:08.569+0000] {docker.py:438} INFO - -rw-r--r-- 1    1000 1000     1227 Sep 13 15:20 memory-stress-rollback.json
[2025-11-21T07:25:08.569+0000] {docker.py:438} INFO - -rw-rw-r-- 1    1000 1000     1066 Oct 30 12:27 memory_stress.json
[2025-11-21T07:25:08.570+0000] {docker.py:438} INFO - -rw-rw-r-- 1    1000 1000     6653 Oct 29 06:18 memory_stress.py
[2025-11-21T07:25:08.570+0000] {docker.py:438} INFO - -rw-r--r-- 1    1000 1000     1421 Sep 29 05:20 mongo_db_container_restart.json
[2025-11-21T07:25:08.573+0000] {docker.py:438} INFO - -rw-r--r-- 1    1000 1000     7586 Sep 18 05:54 mongodb_actions.py
[2025-11-21T07:25:08.573+0000] {docker.py:438} INFO - -rw-r--r-- 1    1000 1000     2136 Sep 18 11:23 mongodb_connection.json
[2025-11-21T07:25:08.573+0000] {docker.py:438} INFO - -rw-r--r-- 1    1000 1000      597 Sep 16 09:17 mongodb_network_latency_experiment.json
[2025-11-21T07:25:08.575+0000] {docker.py:438} INFO - -rw-r--r-- 1    1000 1000     3657 Sep 18 05:42 mongodb_probes.py
[2025-11-21T07:25:08.575+0000] {docker.py:438} INFO - -rw-r--r-- 1    1000 1000     6161 Sep 12 08:04 pod_restart.py
[2025-11-21T07:25:08.578+0000] {docker.py:438} INFO - -rw-r--r-- 1    1000 1000     1497 Sep 30 05:50 redis_config_faults.py
[2025-11-21T07:25:08.578+0000] {docker.py:438} INFO - -rw-r--r-- 1    1000 1000      862 Sep 30 05:50 redis_experiment.json
[2025-11-21T07:25:08.579+0000] {docker.py:438} INFO - -rw-r--r-- 1    1000 1000      945 Sep 18 06:53 redis_load.json
[2025-11-21T07:25:08.579+0000] {docker.py:438} INFO - -rw-r--r-- 1    1000 1000     1634 Nov 11 09:16 redis_memory_stress_Azure.yaml
[2025-11-21T07:25:08.579+0000] {docker.py:438} INFO - -rw-rw-r-- 1    1000 1000     1333 Oct 21 09:39 reinitialize_application.yaml
[2025-11-21T07:25:08.582+0000] {docker.py:438} INFO - -rw-r--r-- 1    1000 1000     1284 Sep 25 10:53 run_load_test_with_cleanup.py
[2025-11-21T07:25:08.582+0000] {docker.py:438} INFO - -rw-rw-r-- 1    1000 1000     1307 Oct 27 10:33 sample_probe.yaml
[2025-11-21T07:25:08.583+0000] {docker.py:438} INFO - drwxr-xr-x 2    1000 1000     4096 Oct 22 06:46 scripts
[2025-11-21T07:25:08.583+0000] {docker.py:438} INFO - -rw-rw-r-- 1    1000 1000      272 Oct 27 08:51 simple-stress-test.yaml
[2025-11-21T07:25:08.584+0000] {docker.py:438} INFO - drwxr-xr-x 4    1000 1000     4096 Sep 30 09:41 socialNetwork
[2025-11-21T07:25:08.585+0000] {docker.py:438} INFO - -rw-r--r-- 1    1000 1000      821 Sep 26 13:20 stress_test.json
[2025-11-21T07:25:08.585+0000] {docker.py:438} INFO - -rw-rw-r-- 1    1000 1000      301 Oct 27 08:46 test-stress-fixed.yaml
[2025-11-21T07:25:08.586+0000] {docker.py:438} INFO - -rw-rw-r-- 1    1000 1000      295 Oct 27 08:49 test_after_fix.yaml
[2025-11-21T07:25:08.586+0000] {docker.py:438} INFO - -rw-r--r-- 1    1000
[2025-11-21T07:25:08.589+0000] {docker.py:438} INFO - 1000      367 Sep 17 07:24 test_params.json
[2025-11-21T07:25:08.590+0000] {docker.py:438} INFO - Starting Reinitializing the Social Networking Application...
[2025-11-21T07:25:09.378+0000] {docker.py:438} INFO - [32m[2025-11-21 07:25:09 INFO] Validating the experiment's syntax
[2025-11-21T07:25:09.890+0000] {docker.py:438} INFO - [32m[2025-11-21 07:25:09 INFO] Experiment looks valid
[2025-11-21T07:25:09.892+0000] {docker.py:438} INFO - [32m[2025-11-21 07:25:09 INFO] Running experiment: Simple Social Network Reset
[2025-11-21T07:25:09.897+0000] {docker.py:438} INFO - [32m[2025-11-21 07:25:09 INFO] Steady-state strategy: default
[2025-11-21T07:25:09.898+0000] {docker.py:438} INFO - [32m[2025-11-21 07:25:09 INFO] Rollbacks strategy: default
[2025-11-21T07:25:09.898+0000] {docker.py:438} INFO - [32m[2025-11-21 07:25:09 INFO] No steady state hypothesis defined. That's ok, just exploring.
[2025-11-21T07:25:09.899+0000] {docker.py:438} INFO - [32m[2025-11-21 07:25:09 INFO] Playing your experiment's method now...
[2025-11-21T07:25:09.900+0000] {docker.py:438} INFO - [32m[2025-11-21 07:25:09 INFO] Action: complete-reset-and-reinit
[2025-11-21T07:25:09.901+0000] {docker.py:438} INFO - INFO:kubernetes_actions:Starting complete reset and reinitialization...
[2025-11-21T07:25:09.902+0000] {docker.py:438} INFO - INFO:kubernetes_actions:Starting full social network reset...
[2025-11-21T07:25:09.903+0000] {docker.py:438} INFO - INFO:kubernetes_actions:Clearing Redis data...
[2025-11-21T07:25:09.946+0000] {docker.py:438} INFO - INFO:kubernetes_actions:Loaded local Kubernetes config
[2025-11-21T07:25:09.979+0000] {docker.py:438} INFO - INFO:kubernetes_actions:Loaded local Kubernetes config
[2025-11-21T07:25:10.233+0000] {docker.py:438} INFO - INFO:kubernetes_actions:Found running pod: social-graph-redis-64bd79b48b-gpwdg for deployment: social-graph-redis
[2025-11-21T07:25:10.236+0000] {docker.py:438} INFO - INFO:kubernetes_actions:Executing command in pod social-graph-redis-64bd79b48b-gpwdg, container social-graph-redis: redis-cli FLUSHALL
[2025-11-21T07:25:11.643+0000] {docker.py:438} INFO - INFO:kubernetes_actions:Command executed successfully. Output: OK
[2025-11-21T07:25:11.674+0000] {docker.py:438} INFO - INFO:kubernetes_actions:Loaded local Kubernetes config
[2025-11-21T07:25:11.707+0000] {docker.py:438} INFO - INFO:kubernetes_actions:Loaded local Kubernetes config
[2025-11-21T07:25:12.036+0000] {docker.py:438} INFO - INFO:kubernetes_actions:Found running pod: home-timeline-redis-744dd9998f-xqjsk for deployment: home-timeline-redis
[2025-11-21T07:25:12.039+0000] {docker.py:438} INFO - INFO:kubernetes_actions:Executing command in pod home-timeline-redis-744dd9998f-xqjsk, container home-timeline-redis: redis-cli FLUSHALL
[2025-11-21T07:25:13.743+0000] {docker.py:438} INFO - INFO:kubernetes_actions:Command executed successfully. Output: OK
[2025-11-21T07:25:13.776+0000] {docker.py:438} INFO - INFO:kubernetes_actions:Loaded local Kubernetes config
[2025-11-21T07:25:13.823+0000] {docker.py:438} INFO - INFO:kubernetes_actions:Loaded local Kubernetes config
[2025-11-21T07:25:14.074+0000] {docker.py:438} INFO - INFO:kubernetes_actions:Found running pod: user-timeline-redis-7b8f6ff4fb-5s87m for deployment: user-timeline-redis
[2025-11-21T07:25:14.076+0000] {docker.py:438} INFO - INFO:kubernetes_actions:Executing command in pod user-timeline-redis-7b8f6ff4fb-5s87m, container user-timeline-redis: redis-cli FLUSHALL
[2025-11-21T07:25:15.419+0000] {docker.py:438} INFO - INFO:kubernetes_actions:Command executed successfully. Output: OK
[2025-11-21T07:25:15.421+0000] {docker.py:438} INFO - INFO:kubernetes_actions:Clearing Memcached data...
[2025-11-21T07:25:15.453+0000] {docker.py:438} INFO - INFO:kubernetes_actions:Loaded local Kubernetes config
[2025-11-21T07:25:15.486+0000] {docker.py:438} INFO - INFO:kubernetes_actions:Loaded local Kubernetes config
[2025-11-21T07:25:15.772+0000] {docker.py:438} INFO - INFO:kubernetes_actions:Found running pod: post-storage-memcached-67c6cc65cc-j4jdz for deployment: post-storage-memcached
[2025-11-21T07:25:15.774+0000] {docker.py:438} INFO - INFO:kubernetes_actions:Executing command in pod post-storage-memcached-67c6cc65cc-j4jdz, container post-storage-memcached: sh -c echo 'flush_all' | nc localhost 11211
[2025-11-21T07:25:17.255+0000] {docker.py:438} INFO - INFO:kubernetes_actions:Command executed successfully. Output: sh: 1: nc: not found
[2025-11-21T07:25:17.293+0000] {docker.py:438} INFO - INFO:kubernetes_actions:Loaded local Kubernetes config
[2025-11-21T07:25:17.326+0000] {docker.py:438} INFO - INFO:kubernetes_actions:Loaded local Kubernetes config
[2025-11-21T07:25:17.606+0000] {docker.py:438} INFO - INFO:kubernetes_actions:Found running pod: user-memcached-56f89988c-kswck for deployment: user-memcached
[2025-11-21T07:25:17.607+0000] {docker.py:438} INFO - INFO:kubernetes_actions:Executing command in pod user-memcached-56f89988c-kswck, container user-memcached: sh -c echo 'flush_all' | nc localhost 11211
[2025-11-21T07:25:19.035+0000] {docker.py:438} INFO - INFO:kubernetes_actions:Command executed successfully. Output: sh: 1: nc: not found
[2025-11-21T07:25:19.036+0000] {docker.py:438} INFO - 
[2025-11-21T07:25:19.036+0000] {docker.py:438} INFO - INFO:kubernetes_actions:Dropping MongoDB databases...
[2025-11-21T07:25:19.085+0000] {docker.py:438} INFO - INFO:kubernetes_actions:Loaded local Kubernetes config
[2025-11-21T07:25:19.117+0000] {docker.py:438} INFO - INFO:kubernetes_actions:Loaded local Kubernetes config
[2025-11-21T07:25:19.441+0000] {docker.py:438} INFO - INFO:kubernetes_actions:Found running pod: post-storage-mongodb-7f7657964c-b2fld for deployment: post-storage-mongodb
[2025-11-21T07:25:19.443+0000] {docker.py:438} INFO - INFO:kubernetes_actions:Executing command in pod post-storage-mongodb-7f7657964c-b2fld, container post-storage-mongodb: mongo --eval db.getSiblingDB('post').dropDatabase()
[2025-11-21T07:25:21.099+0000] {docker.py:438} INFO - INFO:kubernetes_actions:Command executed successfully. Output: MongoDB shell version v4.4.6
[2025-11-21T07:25:21.100+0000] {docker.py:438} INFO - connecting to: mongodb://127.0.0.1:27017/?compressors=disabled&gssapiServiceName=mongodb
[2025-11-21T07:25:21.100+0000] {docker.py:438} INFO - Implicit session: session { "id" : UUID("91cd608a-c30d-47c2-8de0-759cbe1715b0") }
[2025-11-21T07:25:21.100+0000] {docker.py:438} INFO - MongoDB server version: 4.4.6
[2025-11-21T07:25:21.101+0000] {docker.py:438} INFO - { "dropped" : "post", "ok" : 1 }
[2025-11-21T07:25:21.133+0000] {docker.py:438} INFO - INFO:kubernetes_actions:Loaded local Kubernetes config
[2025-11-21T07:25:21.166+0000] {docker.py:438} INFO - INFO:kubernetes_actions:Loaded local Kubernetes config
[2025-11-21T07:25:21.488+0000] {docker.py:438} INFO - INFO:kubernetes_actions:Found running pod: post-storage-mongodb-7f7657964c-b2fld for deployment: post-storage-mongodb
[2025-11-21T07:25:21.489+0000] {docker.py:438} INFO - INFO:kubernetes_actions:Executing command in pod post-storage-mongodb-7f7657964c-b2fld, container post-storage-mongodb: mongo --eval db.getSiblingDB('READ__ME_TO_RECOVER_YOUR_DATA').dropDatabase()
[2025-11-21T07:25:23.009+0000] {docker.py:438} INFO - INFO:kubernetes_actions:Command executed successfully. Output: MongoDB shell version v4.4.6
[2025-11-21T07:25:23.010+0000] {docker.py:438} INFO - connecting to: mongodb://127.0.0.1:27017/?compressors=disabled&gssapiServiceName=mongodb
[2025-11-21T07:25:23.010+0000] {docker.py:438} INFO - Implicit session: session { "id" : UUID("a71f7649-ade4-4ddc-b46f-36ea5322e6e5") }
[2025-11-21T07:25:23.013+0000] {docker.py:438} INFO - MongoDB server version: 4.4.6
[2025-11-21T07:25:23.013+0000] {docker.py:438} INFO - { "ok" : 1 }
[2025-11-21T07:25:23.050+0000] {docker.py:438} INFO - INFO:kubernetes_actions:Loaded local Kubernetes config
[2025-11-21T07:25:23.103+0000] {docker.py:438} INFO - INFO:kubernetes_actions:Loaded local Kubernetes config
[2025-11-21T07:25:23.371+0000] {docker.py:438} INFO - INFO:kubernetes_actions:Found running pod: user-mongodb-f95b7d968-tqlld for deployment: user-mongodb
[2025-11-21T07:25:23.373+0000] {docker.py:438} INFO - INFO:kubernetes_actions:Executing command in pod user-mongodb-f95b7d968-tqlld, container user-mongodb: mongo --eval db.getSiblingDB('user').dropDatabase()
[2025-11-21T07:25:24.939+0000] {docker.py:438} INFO - INFO:kubernetes_actions:Command executed successfully. Output: MongoDB shell version v4.4.6
[2025-11-21T07:25:24.940+0000] {docker.py:438} INFO - connecting to: mongodb://127.0.0.1:27017/?compressors=disabled&gssapiServiceName=mongodb
[2025-11-21T07:25:24.941+0000] {docker.py:438} INFO - Implicit session: session { "id" : UUID("f196b23d-d073-4dbc-9657-ee89b863b79c") }
[2025-11-21T07:25:24.941+0000] {docker.py:438} INFO - MongoDB server version: 4.4.6
[2025-11-21T07:25:24.943+0000] {docker.py:438} INFO - { "dropped" : "user", "ok" : 1 }
[2025-11-21T07:25:24.978+0000] {docker.py:438} INFO - INFO:kubernetes_actions:Loaded local Kubernetes config
[2025-11-21T07:25:25.011+0000] {docker.py:438} INFO - INFO:kubernetes_actions:Loaded local Kubernetes config
[2025-11-21T07:25:25.288+0000] {docker.py:438} INFO - INFO:kubernetes_actions:Found running pod: user-mongodb-f95b7d968-tqlld for deployment: user-mongodb
[2025-11-21T07:25:25.290+0000] {docker.py:438} INFO - INFO:kubernetes_actions:Executing command in pod user-mongodb-f95b7d968-tqlld, container user-mongodb: mongo --eval db.getSiblingDB('READ__ME_TO_RECOVER_YOUR_DATA').dropDatabase()
[2025-11-21T07:25:25.848+0000] {docker.py:438} INFO - INFO:kubernetes_actions:Command executed successfully. Output: MongoDB shell version v4.4.6
[2025-11-21T07:25:25.849+0000] {docker.py:438} INFO - connecting to: mongodb://127.0.0.1:27017/?compressors=disabled&gssapiServiceName=mongodb
[2025-11-21T07:25:25.849+0000] {docker.py:438} INFO - Implicit session: session { "id" : UUID("babe1b5c-bcb4-44a8-8846-7e2db6436331") }
[2025-11-21T07:25:25.852+0000] {docker.py:438} INFO - MongoDB server version: 4.4.6
[2025-11-21T07:25:25.852+0000] {docker.py:438} INFO - { "ok" : 1 }
[2025-11-21T07:25:25.881+0000] {docker.py:438} INFO - INFO:kubernetes_actions:Loaded local Kubernetes config
[2025-11-21T07:25:25.914+0000] {docker.py:438} INFO - INFO:kubernetes_actions:Loaded local Kubernetes config
[2025-11-21T07:25:26.182+0000] {docker.py:438} INFO - INFO:kubernetes_actions:Found running pod: social-graph-mongodb-77fd77d9f4-jj4vn for deployment: social-graph-mongodb
[2025-11-21T07:25:26.184+0000] {docker.py:438} INFO - INFO:kubernetes_actions:Executing command in pod social-graph-mongodb-77fd77d9f4-jj4vn, container social-graph-mongodb: mongo --eval db.getSiblingDB('social-graph').dropDatabase()
[2025-11-21T07:25:27.744+0000] {docker.py:438} INFO - INFO:kubernetes_actions:Command executed successfully. Output: MongoDB shell version v4.4.6
[2025-11-21T07:25:27.745+0000] {docker.py:438} INFO - connecting to: mongodb://127.0.0.1:27017/?compressors=disabled&gssapiServiceName=mongodb
[2025-11-21T07:25:27.745+0000] {docker.py:438} INFO - Implicit session: session { "id" : UUID("70840bab-fd63-44f8-9bfd-0fad2f97f98e") }
[2025-11-21T07:25:27.748+0000] {docker.py:438} INFO - MongoDB server version: 4.4.6
[2025-11-21T07:25:27.748+0000] {docker.py:438} INFO - { "dropped" : "social-graph", "ok" : 1 }
[2025-11-21T07:25:27.778+0000] {docker.py:438} INFO - INFO:kubernetes_actions:Loaded local Kubernetes config
[2025-11-21T07:25:27.810+0000] {docker.py:438} INFO - INFO:kubernetes_actions:Loaded local Kubernetes config
[2025-11-21T07:25:28.087+0000] {docker.py:438} INFO - INFO:kubernetes_actions:Found running pod: social-graph-mongodb-77fd77d9f4-jj4vn for deployment: social-graph-mongodb
[2025-11-21T07:25:28.090+0000] {docker.py:438} INFO - INFO:kubernetes_actions:Executing command in pod social-graph-mongodb-77fd77d9f4-jj4vn, container social-graph-mongodb: mongo --eval db.getSiblingDB('READ__ME_TO_RECOVER_YOUR_DATA').dropDatabase()
[2025-11-21T07:25:29.648+0000] {docker.py:438} INFO - INFO:kubernetes_actions:Command executed successfully. Output: MongoDB shell version v4.4.6
[2025-11-21T07:25:29.649+0000] {docker.py:438} INFO - connecting to: mongodb://127.0.0.1:27017/?compressors=disabled&gssapiServiceName=mongodb
[2025-11-21T07:25:29.649+0000] {docker.py:438} INFO - Implicit session: session { "id" : UUID("baf7b496-6ca4-47a3-9ff6-850e266b7e47") }
[2025-11-21T07:25:29.652+0000] {docker.py:438} INFO - MongoDB server version: 4.4.6
[2025-11-21T07:25:29.652+0000] {docker.py:438} INFO - { "ok" : 1 }
[2025-11-21T07:25:29.687+0000] {docker.py:438} INFO - INFO:kubernetes_actions:Loaded local Kubernetes config
[2025-11-21T07:25:29.720+0000] {docker.py:438} INFO - INFO:kubernetes_actions:Loaded local Kubernetes config
[2025-11-21T07:25:30.023+0000] {docker.py:438} INFO - INFO:kubernetes_actions:Found running pod: user-timeline-mongodb-6ff9797bfc-bnf8b for deployment: user-timeline-mongodb
[2025-11-21T07:25:30.025+0000] {docker.py:438} INFO - INFO:kubernetes_actions:Executing command in pod user-timeline-mongodb-6ff9797bfc-bnf8b, container user-timeline-mongodb: mongo --eval db.getSiblingDB('user-timeline').dropDatabase()
[2025-11-21T07:25:31.989+0000] {docker.py:438} INFO - INFO:kubernetes_actions:Command executed successfully. Output: MongoDB shell version v4.4.6
[2025-11-21T07:25:31.990+0000] {docker.py:438} INFO - connecting to: mongodb://127.0.0.1:27017/?compressors=disabled&gssapiServiceName=mongodb
[2025-11-21T07:25:31.990+0000] {docker.py:438} INFO - Implicit session: session { "id" : UUID("bb176181-0d68-4c06-9bc2-6b5cc1421384") }
[2025-11-21T07:25:31.993+0000] {docker.py:438} INFO - MongoDB server version: 4.4.6
[2025-11-21T07:25:31.993+0000] {docker.py:438} INFO - { "dropped" : "user-timeline", "ok" : 1 }
[2025-11-21T07:25:32.023+0000] {docker.py:438} INFO - INFO:kubernetes_actions:Loaded local Kubernetes config
[2025-11-21T07:25:32.059+0000] {docker.py:438} INFO - INFO:kubernetes_actions:Loaded local Kubernetes config
[2025-11-21T07:25:32.366+0000] {docker.py:438} INFO - INFO:kubernetes_actions:Found running pod: user-timeline-mongodb-6ff9797bfc-bnf8b for deployment: user-timeline-mongodb
[2025-11-21T07:25:32.368+0000] {docker.py:438} INFO - INFO:kubernetes_actions:Executing command in pod user-timeline-mongodb-6ff9797bfc-bnf8b, container user-timeline-mongodb: mongo --eval db.getSiblingDB('READ__ME_TO_RECOVER_YOUR_DATA').dropDatabase()
[2025-11-21T07:25:34.373+0000] {docker.py:438} INFO - INFO:kubernetes_actions:Command executed successfully. Output: MongoDB shell version v4.4.6
[2025-11-21T07:25:34.374+0000] {docker.py:438} INFO - connecting to: mongodb://127.0.0.1:27017/?compressors=disabled&gssapiServiceName=mongodb
[2025-11-21T07:25:34.375+0000] {docker.py:438} INFO - Implicit session: session { "id" : UUID("ce0ab7af-4996-42dd-a451-5b2cd9d2d22a") }
[2025-11-21T07:25:34.375+0000] {docker.py:438} INFO - MongoDB server version: 4.4.6
[2025-11-21T07:25:34.375+0000] {docker.py:438} INFO - { "ok" : 1 }
[2025-11-21T07:25:34.376+0000] {docker.py:438} INFO - INFO:kubernetes_actions:Full social network reset completed
[2025-11-21T07:25:39.409+0000] {docker.py:438} INFO - INFO:kubernetes_actions:Loaded local Kubernetes config
[2025-11-21T07:25:39.411+0000] {docker.py:438} INFO - INFO:kubernetes_actions:Restarting deployment: social-graph-service
[2025-11-21T07:25:39.817+0000] {docker.py:438} INFO - INFO:kubernetes_actions:✅ Successfully restarted social-graph-service
[2025-11-21T07:25:39.819+0000] {docker.py:438} INFO - INFO:kubernetes_actions:Restarting deployment: user-service
[2025-11-21T07:25:40.009+0000] {docker.py:438} INFO - INFO:kubernetes_actions:✅ Successfully restarted user-service
[2025-11-21T07:25:40.011+0000] {docker.py:438} INFO - INFO:kubernetes_actions:Restarting deployment: post-storage-service
[2025-11-21T07:25:40.201+0000] {docker.py:438} INFO - INFO:kubernetes_actions:✅ Successfully restarted post-storage-service
[2025-11-21T07:25:40.203+0000] {docker.py:438} INFO - INFO:kubernetes_actions:Restarting deployment: compose-post-service
[2025-11-21T07:25:40.412+0000] {docker.py:438} INFO - INFO:kubernetes_actions:✅ Successfully restarted compose-post-service
[2025-11-21T07:25:40.414+0000] {docker.py:438} INFO - INFO:kubernetes_actions:Restarting deployment: home-timeline-service
[2025-11-21T07:25:40.591+0000] {docker.py:438} INFO - INFO:kubernetes_actions:✅ Successfully restarted home-timeline-service
[2025-11-21T07:25:40.594+0000] {docker.py:438} INFO - INFO:kubernetes_actions:Restarting deployment: user-timeline-service
[2025-11-21T07:25:40.779+0000] {docker.py:438} INFO - INFO:kubernetes_actions:✅ Successfully restarted user-timeline-service
[2025-11-21T07:25:40.781+0000] {docker.py:438} INFO - INFO:kubernetes_actions:Restarting deployment: nginx-thrift
[2025-11-21T07:25:41.032+0000] {docker.py:438} INFO - INFO:kubernetes_actions:✅ Successfully restarted nginx-thrift
[2025-11-21T07:25:41.034+0000] {docker.py:438} INFO - INFO:kubernetes_actions:Restarting deployment: text-service
[2025-11-21T07:25:41.249+0000] {docker.py:438} INFO - INFO:kubernetes_actions:✅ Successfully restarted text-service
[2025-11-21T07:25:41.250+0000] {docker.py:438} INFO - INFO:kubernetes_actions:Restarting deployment: unique-id-service
[2025-11-21T07:25:41.452+0000] {docker.py:438} INFO - INFO:kubernetes_actions:✅ Successfully restarted unique-id-service
[2025-11-21T07:25:41.454+0000] {docker.py:438} INFO - INFO:kubernetes_actions:Restarting deployment: user-mention-service
[2025-11-21T07:25:41.638+0000] {docker.py:438} INFO - INFO:kubernetes_actions:✅ Successfully restarted user-mention-service
[2025-11-21T07:25:41.640+0000] {docker.py:438} INFO - INFO:kubernetes_actions:Waiting 90 seconds for services to restart...
[2025-11-21T07:27:11.641+0000] {docker.py:438} INFO - INFO:kubernetes_actions:Reinitializing social network data...
[2025-11-21T07:35:59.697+0000] {docker.py:438} INFO - INFO:kubernetes_actions:Social network reinitialization completed successfully
[2025-11-21T07:35:59.700+0000] {docker.py:438} INFO - [32m[2025-11-21 07:35:59 INFO] Let's rollback...
[2025-11-21T07:35:59.700+0000] {docker.py:438} INFO - [32m[2025-11-21 07:35:59 INFO] No declared rollbacks, let's move on.
[2025-11-21T07:35:59.701+0000] {docker.py:438} INFO - [32m[2025-11-21 07:35:59 INFO] Experiment ended with status: completed
[2025-11-21T07:35:59.939+0000] {docker.py:438} INFO - Reinitialized Social Networking APplication successfully
[2025-11-21T07:36:00.306+0000] {taskinstance.py:340} INFO - ::group::Post task execution logs
[2025-11-21T07:36:00.307+0000] {taskinstance.py:352} INFO - Marking task as SUCCESS. dag_id=Reinitialize_Application, task_id=apply_container_restart_docker, run_id=manual__2025-11-21T07:24:45.846282+00:00, execution_date=20251121T072445, start_date=20251121T072447, end_date=20251121T073600
[2025-11-21T07:36:00.378+0000] {local_task_job_runner.py:266} INFO - Task exited with return code 0
[2025-11-21T07:36:00.402+0000] {taskinstance.py:3900} INFO - 0 downstream tasks scheduled from follow-on schedule check
[2025-11-21T07:36:00.408+0000] {local_task_job_runner.py:245} INFO - ::endgroup::
