[2025-10-11T03:00:05.853+0000] {local_task_job_runner.py:123} INFO - ::group::Pre task execution logs
[2025-10-11T03:00:05.944+0000] {taskinstance.py:2612} INFO - Dependencies all met for dep_context=non-requeueable deps ti=<TaskInstance: Cordon_Uncordon_Node.apply_cordon_uncordon_node scheduled__2025-10-11T00:00:00+00:00 [queued]>
[2025-10-11T03:00:05.970+0000] {taskinstance.py:2612} INFO - Dependencies all met for dep_context=requeueable deps ti=<TaskInstance: Cordon_Uncordon_Node.apply_cordon_uncordon_node scheduled__2025-10-11T00:00:00+00:00 [queued]>
[2025-10-11T03:00:05.974+0000] {taskinstance.py:2865} INFO - Starting attempt 1 of 1
[2025-10-11T03:00:06.073+0000] {taskinstance.py:2888} INFO - Executing <Task(DockerOperator): apply_cordon_uncordon_node> on 2025-10-11 00:00:00+00:00
[2025-10-11T03:00:06.136+0000] {standard_task_runner.py:72} INFO - Started process 659 to run task
[2025-10-11T03:00:06.161+0000] {standard_task_runner.py:104} INFO - Running: ['***', 'tasks', 'run', 'Cordon_Uncordon_Node', 'apply_cordon_uncordon_node', 'scheduled__2025-10-11T00:00:00+00:00', '--job-id', '7666', '--raw', '--subdir', 'DAGS_FOLDER/dag_factory.py', '--cfg-path', '/tmp/tmp6254uzt_']
[2025-10-11T03:00:06.166+0000] {standard_task_runner.py:105} INFO - Job 7666: Subtask apply_cordon_uncordon_node
[2025-10-11T03:00:06.471+0000] {task_command.py:467} INFO - Running <TaskInstance: Cordon_Uncordon_Node.apply_cordon_uncordon_node scheduled__2025-10-11T00:00:00+00:00 [running]> on host workflow.y2twbfvcjkaujnl2bmtbxunhcb.cx.internal.cloudapp.net
[2025-10-11T03:00:06.951+0000] {taskinstance.py:3131} INFO - Exporting env vars: AIRFLOW_CTX_DAG_OWNER='***' AIRFLOW_CTX_DAG_ID='Cordon_Uncordon_Node' AIRFLOW_CTX_TASK_ID='apply_cordon_uncordon_node' AIRFLOW_CTX_EXECUTION_DATE='2025-10-11T00:00:00+00:00' AIRFLOW_CTX_TRY_NUMBER='1' AIRFLOW_CTX_DAG_RUN_ID='scheduled__2025-10-11T00:00:00+00:00'
[2025-10-11T03:00:06.953+0000] {taskinstance.py:731} INFO - ::endgroup::
[2025-10-11T03:00:07.217+0000] {docker.py:367} INFO - Starting docker container from image ***_chaos:latest
[2025-10-11T03:00:08.437+0000] {docker.py:438} INFO - The container is run as root user. For security, consider using a regular user account.
[2025-10-11T03:00:53.938+0000] {docker.py:438} INFO - 
[2025-10-11T03:00:56.546+0000] {docker.py:438} INFO - [32m[2025-10-11 03:00:56 INFO] Validating the experiment's syntax
[2025-10-11T03:00:58.178+0000] {docker.py:438} INFO - [32m[2025-10-11 03:00:58 INFO] Experiment looks valid
[2025-10-11T03:00:58.184+0000] {docker.py:438} INFO - [32m[2025-10-11 03:00:58 INFO] Running experiment: Cordon-Pod Restart Combined Experiment
[2025-10-11T03:00:58.202+0000] {docker.py:438} INFO - [32m[2025-10-11 03:00:58 INFO] Steady-state strategy: default
[2025-10-11T03:00:58.206+0000] {docker.py:438} INFO - [32m[2025-10-11 03:00:58 INFO] Rollbacks strategy: default
[2025-10-11T03:00:58.207+0000] {docker.py:438} INFO - [32m[2025-10-11 03:00:58 INFO] No steady state hypothesis defined. That's ok, just exploring.
[2025-10-11T03:00:58.207+0000] {docker.py:438} INFO - [32m[2025-10-11 03:00:58 INFO] Playing your experiment's method now...
[2025-10-11T03:00:58.208+0000] {docker.py:438} INFO - [32m[2025-10-11 03:00:58 INFO] Action: cordon-nodes
[2025-10-11T03:00:59.585+0000] {docker.py:438} INFO - [32m[2025-10-11 03:00:59 INFO] Action: continuous-pod-restart-during-cordon
[2025-10-11T03:05:46.235+0000] {docker.py:438} INFO - 🚀 Starting continuous pod restart experiment
[2025-10-11T03:05:46.235+0000] {docker.py:438} INFO - 📅 Interval: 20 seconds
[2025-10-11T03:05:46.236+0000] {docker.py:438} INFO - ⏱️  Duration: 300 seconds
[2025-10-11T03:05:46.236+0000] {docker.py:438} INFO - 🎯 Target: app=post-storage-service
[2025-10-11T03:05:46.237+0000] {docker.py:438} INFO - 📍 Namespace: default
[2025-10-11T03:05:46.237+0000] {docker.py:438} INFO - 
[2025-10-11T03:05:46.237+0000] {docker.py:438} INFO - ==================================================
[2025-10-11T03:05:46.238+0000] {docker.py:438} INFO - 🔄 Restart #1 at 2025-10-11 03:00:59
[2025-10-11T03:05:46.238+0000] {docker.py:438} INFO - ==================================================
[2025-10-11T03:05:46.244+0000] {docker.py:438} INFO - Hello world - terminate function started!
[2025-10-11T03:05:46.244+0000] {docker.py:438} INFO - Selecting pods with label_selector: app=post-storage-service
[2025-10-11T03:05:46.245+0000] {docker.py:438} INFO - Found 1 pods initially
[2025-10-11T03:05:46.246+0000] {docker.py:438} INFO - Random selection: 1 pods
[2025-10-11T03:05:46.246+0000] {docker.py:438} INFO - Deleting pod: post-storage-service-6cbbf5f9fb-xsqcp
[2025-10-11T03:05:46.248+0000] {docker.py:438} INFO - Deleted 1 pods: ['post-storage-service-6cbbf5f9fb-xsqcp']
[2025-10-11T03:05:46.248+0000] {docker.py:438} INFO - ✅ Successfully restarted pods: ['post-storage-service-6cbbf5f9fb-xsqcp']
[2025-10-11T03:05:46.250+0000] {docker.py:438} INFO - ⏳ Waiting 20 seconds until next restart...
[2025-10-11T03:05:46.250+0000] {docker.py:438} INFO - 📊 Time remaining: 300 seconds
[2025-10-11T03:05:46.250+0000] {docker.py:438} INFO - 
[2025-10-11T03:05:46.251+0000] {docker.py:438} INFO - ==================================================
[2025-10-11T03:05:46.252+0000] {docker.py:438} INFO - 🔄 Restart #2 at 2025-10-11 03:01:20
[2025-10-11T03:05:46.252+0000] {docker.py:438} INFO - ==================================================
[2025-10-11T03:05:46.253+0000] {docker.py:438} INFO - Hello world - terminate function started!
[2025-10-11T03:05:46.254+0000] {docker.py:438} INFO - Selecting pods with label_selector: app=post-storage-service
[2025-10-11T03:05:46.255+0000] {docker.py:438} INFO - Found 1 pods initially
[2025-10-11T03:05:46.255+0000] {docker.py:438} INFO - Random selection: 1 pods
[2025-10-11T03:05:46.255+0000] {docker.py:438} INFO - Deleting pod: post-storage-service-6cbbf5f9fb-rzn2x
[2025-10-11T03:05:46.256+0000] {docker.py:438} INFO - Deleted 1 pods: ['post-storage-service-6cbbf5f9fb-rzn2x']
[2025-10-11T03:05:46.256+0000] {docker.py:438} INFO - ✅ Successfully restarted pods: ['post-storage-service-6cbbf5f9fb-rzn2x']
[2025-10-11T03:05:46.258+0000] {docker.py:438} INFO - ⏳ Waiting 20 seconds until next restart...
[2025-10-11T03:05:46.258+0000] {docker.py:438} INFO - 📊 Time remaining: 279 seconds
[2025-10-11T03:05:46.260+0000] {docker.py:438} INFO - 
[2025-10-11T03:05:46.260+0000] {docker.py:438} INFO - ==================================================
[2025-10-11T03:05:46.260+0000] {docker.py:438} INFO - 🔄 Restart #3 at 2025-10-11 03:01:40
[2025-10-11T03:05:46.262+0000] {docker.py:438} INFO - ==================================================
[2025-10-11T03:05:46.262+0000] {docker.py:438} INFO - Hello world - terminate function started!
[2025-10-11T03:05:46.264+0000] {docker.py:438} INFO - Selecting pods with label_selector: app=post-storage-service
[2025-10-11T03:05:46.264+0000] {docker.py:438} INFO - Found 1 pods initially
[2025-10-11T03:05:46.264+0000] {docker.py:438} INFO - Random selection: 1 pods
[2025-10-11T03:05:46.265+0000] {docker.py:438} INFO - Deleting pod: post-storage-service-6cbbf5f9fb-trs7r
[2025-10-11T03:05:46.265+0000] {docker.py:438} INFO - Deleted 1 pods: ['post-storage-service-6cbbf5f9fb-trs7r']
[2025-10-11T03:05:46.265+0000] {docker.py:438} INFO - ✅ Successfully restarted pods: ['post-storage-service-6cbbf5f9fb-trs7r']
[2025-10-11T03:05:46.267+0000] {docker.py:438} INFO - ⏳ Waiting 20 seconds until next restart...
[2025-10-11T03:05:46.267+0000] {docker.py:438} INFO - 📊 Time remaining: 259 seconds
[2025-10-11T03:05:46.267+0000] {docker.py:438} INFO - 
[2025-10-11T03:05:46.277+0000] {docker.py:438} INFO - ==================================================
[2025-10-11T03:05:46.277+0000] {docker.py:438} INFO - 🔄 Restart #4 at 2025-10-11 03:02:01
[2025-10-11T03:05:46.278+0000] {docker.py:438} INFO - ==================================================
[2025-10-11T03:05:46.278+0000] {docker.py:438} INFO - Hello world - terminate function started!
[2025-10-11T03:05:46.278+0000] {docker.py:438} INFO - Selecting pods with label_selector: app=post-storage-service
[2025-10-11T03:05:46.281+0000] {docker.py:438} INFO - Found 1 pods initially
[2025-10-11T03:05:46.281+0000] {docker.py:438} INFO - Random selection: 1 pods
[2025-10-11T03:05:46.281+0000] {docker.py:438} INFO - Deleting pod: post-storage-service-6cbbf5f9fb-gcd7j
[2025-10-11T03:05:46.282+0000] {docker.py:438} INFO - Deleted 1 pods: ['post-storage-service-6cbbf5f9fb-gcd7j']
[2025-10-11T03:05:46.282+0000] {docker.py:438} INFO - ✅ Successfully restarted pods: ['post-storage-service-6cbbf5f9fb-gcd7j']
[2025-10-11T03:05:46.283+0000] {docker.py:438} INFO - ⏳ Waiting 20 seconds until next restart...
[2025-10-11T03:05:46.284+0000] {docker.py:438} INFO - 📊 Time remaining: 238 seconds
[2025-10-11T03:05:46.284+0000] {docker.py:438} INFO - 
[2025-10-11T03:05:46.284+0000] {docker.py:438} INFO - ==================================================
[2025-10-11T03:05:46.285+0000] {docker.py:438} INFO - 🔄 Restart #5 at 2025-10-11 03:02:21
[2025-10-11T03:05:46.285+0000] {docker.py:438} INFO - ==================================================
[2025-10-11T03:05:46.286+0000] {docker.py:438} INFO - Hello world - terminate function started!
[2025-10-11T03:05:46.287+0000] {docker.py:438} INFO - Selecting pods with label_selector: app=post-storage-service
[2025-10-11T03:05:46.287+0000] {docker.py:438} INFO - Found 1 pods initially
[2025-10-11T03:05:46.289+0000] {docker.py:438} INFO - Random selection: 1 pods
[2025-10-11T03:05:46.289+0000] {docker.py:438} INFO - Deleting pod: post-storage-service-6cbbf5f9fb-mmnjj
[2025-10-11T03:05:46.289+0000] {docker.py:438} INFO - Deleted 1 pods: ['post-storage-service-6cbbf5f9fb-mmnjj']
[2025-10-11T03:05:46.290+0000] {docker.py:438} INFO - ✅ Successfully restarted pods: ['post-storage-service-6cbbf5f9fb-mmnjj']
[2025-10-11T03:05:46.290+0000] {docker.py:438} INFO - ⏳ Waiting 20 seconds until next restart...
[2025-10-11T03:05:46.290+0000] {docker.py:438} INFO - 📊 Time remaining: 218 seconds
[2025-10-11T03:05:46.291+0000] {docker.py:438} INFO - 
[2025-10-11T03:05:46.293+0000] {docker.py:438} INFO - ==================================================
[2025-10-11T03:05:46.293+0000] {docker.py:438} INFO - 🔄 Restart #6 at 2025-10-11 03:02:41
[2025-10-11T03:05:46.293+0000] {docker.py:438} INFO - ==================================================
[2025-10-11T03:05:46.294+0000] {docker.py:438} INFO - Hello world - terminate function started!
[2025-10-11T03:05:46.294+0000] {docker.py:438} INFO - Selecting pods with label_selector: app=post-storage-service
[2025-10-11T03:05:46.294+0000] {docker.py:438} INFO - Found 1 pods initially
[2025-10-11T03:05:46.296+0000] {docker.py:438} INFO - Random selection: 1 pods
[2025-10-11T03:05:46.296+0000] {docker.py:438} INFO - Deleting pod: post-storage-service-6cbbf5f9fb-gmpnn
[2025-10-11T03:05:46.296+0000] {docker.py:438} INFO - Deleted 1 pods: ['post-storage-service-6cbbf5f9fb-gmpnn']
[2025-10-11T03:05:46.297+0000] {docker.py:438} INFO - ✅ Successfully restarted pods: ['post-storage-service-6cbbf5f9fb-gmpnn']
[2025-10-11T03:05:46.297+0000] {docker.py:438} INFO - ⏳ Waiting 20 seconds until next restart...
[2025-10-11T03:05:46.298+0000] {docker.py:438} INFO - 📊 Time remaining: 197 seconds
[2025-10-11T03:05:46.299+0000] {docker.py:438} INFO - 
[2025-10-11T03:05:46.299+0000] {docker.py:438} INFO - ==================================================
[2025-10-11T03:05:46.299+0000] {docker.py:438} INFO - 🔄 Restart #7 at 2025-10-11 03:03:02
[2025-10-11T03:05:46.300+0000] {docker.py:438} INFO - ==================================================
[2025-10-11T03:05:46.300+0000] {docker.py:438} INFO - Hello world - terminate function started!
[2025-10-11T03:05:46.302+0000] {docker.py:438} INFO - Selecting pods with label_selector: app=post-storage-service
[2025-10-11T03:05:46.302+0000] {docker.py:438} INFO - Found 1 pods initially
[2025-10-11T03:05:46.302+0000] {docker.py:438} INFO - Random selection: 1 pods
[2025-10-11T03:05:46.303+0000] {docker.py:438} INFO - Deleting pod: post-storage-service-6cbbf5f9fb-ghxqx
[2025-10-11T03:05:46.303+0000] {docker.py:438} INFO - Deleted 1 pods: ['post-storage-service-6cbbf5f9fb-ghxqx']
[2025-10-11T03:05:46.303+0000] {docker.py:438} INFO - ✅ Successfully restarted pods: ['post-storage-service-6cbbf5f9fb-ghxqx']
[2025-10-11T03:05:46.306+0000] {docker.py:438} INFO - ⏳ Waiting 20 seconds until next restart...
[2025-10-11T03:05:46.306+0000] {docker.py:438} INFO - 📊 Time remaining: 177 seconds
[2025-10-11T03:05:46.306+0000] {docker.py:438} INFO - 
[2025-10-11T03:05:46.307+0000] {docker.py:438} INFO - ==================================================
[2025-10-11T03:05:46.307+0000] {docker.py:438} INFO - 🔄 Restart #8 at 2025-10-11 03:03:22
[2025-10-11T03:05:46.307+0000] {docker.py:438} INFO - ==================================================
[2025-10-11T03:05:46.308+0000] {docker.py:438} INFO - Hello world - terminate function started!
[2025-10-11T03:05:46.308+0000] {docker.py:438} INFO - Selecting pods with label_selector: app=post-storage-service
[2025-10-11T03:05:46.308+0000] {docker.py:438} INFO - Found 1 pods initially
[2025-10-11T03:05:46.309+0000] {docker.py:438} INFO - Random selection: 1 pods
[2025-10-11T03:05:46.309+0000] {docker.py:438} INFO - Deleting pod: post-storage-service-6cbbf5f9fb-s48rn
[2025-10-11T03:05:46.310+0000] {docker.py:438} INFO - Deleted 1 pods: ['post-storage-service-6cbbf5f9fb-s48rn']
[2025-10-11T03:05:46.311+0000] {docker.py:438} INFO - ✅ Successfully restarted pods: ['post-storage-service-6cbbf5f9fb-s48rn']
[2025-10-11T03:05:46.311+0000] {docker.py:438} INFO - ⏳ Waiting 20 seconds until next restart...
[2025-10-11T03:05:46.311+0000] {docker.py:438} INFO - 📊 Time remaining: 156 seconds
[2025-10-11T03:05:46.312+0000] {docker.py:438} INFO - 
[2025-10-11T03:05:46.312+0000] {docker.py:438} INFO - ==================================================
[2025-10-11T03:05:46.313+0000] {docker.py:438} INFO - 🔄 Restart #9 at 2025-10-11 03:03:43
[2025-10-11T03:05:46.314+0000] {docker.py:438} INFO - ==================================================
[2025-10-11T03:05:46.314+0000] {docker.py:438} INFO - Hello world - terminate function started!
[2025-10-11T03:05:46.314+0000] {docker.py:438} INFO - Selecting pods with label_selector: app=post-storage-service
[2025-10-11T03:05:46.315+0000] {docker.py:438} INFO - Found 1 pods initially
[2025-10-11T03:05:46.315+0000] {docker.py:438} INFO - Random selection: 1 pods
[2025-10-11T03:05:46.317+0000] {docker.py:438} INFO - Deleting pod: post-storage-service-6cbbf5f9fb-8tbsg
[2025-10-11T03:05:46.317+0000] {docker.py:438} INFO - Deleted 1 pods: ['post-storage-service-6cbbf5f9fb-8tbsg']
[2025-10-11T03:05:46.317+0000] {docker.py:438} INFO - ✅ Successfully restarted pods: ['post-storage-service-6cbbf5f9fb-8tbsg']
[2025-10-11T03:05:46.318+0000] {docker.py:438} INFO - ⏳ Waiting 20 seconds until next restart...
[2025-10-11T03:05:46.318+0000] {docker.py:438} INFO - 📊 Time remaining: 136 seconds
[2025-10-11T03:05:46.318+0000] {docker.py:438} INFO - 
[2025-10-11T03:05:46.322+0000] {docker.py:438} INFO - ==================================================
[2025-10-11T03:05:46.322+0000] {docker.py:438} INFO - 🔄 Restart #10 at 2025-10-11 03:04:03
[2025-10-11T03:05:46.322+0000] {docker.py:438} INFO - ==================================================
[2025-10-11T03:05:46.323+0000] {docker.py:438} INFO - Hello world - terminate function started!
[2025-10-11T03:05:46.323+0000] {docker.py:438} INFO - Selecting pods with label_selector: app=post-storage-service
[2025-10-11T03:05:46.325+0000] {docker.py:438} INFO - Found 1 pods initially
[2025-10-11T03:05:46.325+0000] {docker.py:438} INFO - Random selection: 1 pods
[2025-10-11T03:05:46.325+0000] {docker.py:438} INFO - Deleting pod: post-storage-service-6cbbf5f9fb-7mjr9
[2025-10-11T03:05:46.326+0000] {docker.py:438} INFO - Deleted 1 pods: ['post-storage-service-6cbbf5f9fb-7mjr9']
[2025-10-11T03:05:46.326+0000] {docker.py:438} INFO - ✅ Successfully restarted pods: ['post-storage-service-6cbbf5f9fb-7mjr9']
[2025-10-11T03:05:46.326+0000] {docker.py:438} INFO - ⏳ Waiting 20 seconds until next restart...
[2025-10-11T03:05:46.330+0000] {docker.py:438} INFO - 📊 Time remaining: 115 seconds
[2025-10-11T03:05:46.330+0000] {docker.py:438} INFO - 
[2025-10-11T03:05:46.330+0000] {docker.py:438} INFO - ==================================================
[2025-10-11T03:05:46.331+0000] {docker.py:438} INFO - 🔄 Restart #11 at 2025-10-11 03:04:24
[2025-10-11T03:05:46.331+0000] {docker.py:438} INFO - ==================================================
[2025-10-11T03:05:46.332+0000] {docker.py:438} INFO - Hello world - terminate function started!
[2025-10-11T03:05:46.333+0000] {docker.py:438} INFO - Selecting pods with label_selector: app=post-storage-service
[2025-10-11T03:05:46.333+0000] {docker.py:438} INFO - Found 1 pods initially
[2025-10-11T03:05:46.333+0000] {docker.py:438} INFO - Random selection: 1 pods
[2025-10-11T03:05:46.334+0000] {docker.py:438} INFO - Deleting pod: post-storage-service-6cbbf5f9fb-8fzbm
[2025-10-11T03:05:46.334+0000] {docker.py:438} INFO - Deleted 1 pods: ['post-storage-service-6cbbf5f9fb-8fzbm']
[2025-10-11T03:05:46.337+0000] {docker.py:438} INFO - ✅ Successfully restarted pods: ['post-storage-service-6cbbf5f9fb-8fzbm']
[2025-10-11T03:05:46.337+0000] {docker.py:438} INFO - ⏳ Waiting 20 seconds until next restart...
[2025-10-11T03:05:46.337+0000] {docker.py:438} INFO - 📊 Time remaining: 95 seconds
[2025-10-11T03:05:46.338+0000] {docker.py:438} INFO - 
[2025-10-11T03:05:46.338+0000] {docker.py:438} INFO - ==================================================
[2025-10-11T03:05:46.339+0000] {docker.py:438} INFO - 🔄 Restart #12 at 2025-10-11 03:04:44
[2025-10-11T03:05:46.340+0000] {docker.py:438} INFO - ==================================================
[2025-10-11T03:05:46.340+0000] {docker.py:438} INFO - Hello world - terminate function started!
[2025-10-11T03:05:46.340+0000] {docker.py:438} INFO - Selecting pods with label_selector: app=post-storage-service
[2025-10-11T03:05:46.341+0000] {docker.py:438} INFO - Found 1 pods initially
[2025-10-11T03:05:46.341+0000] {docker.py:438} INFO - Random selection: 1 pods
[2025-10-11T03:05:46.341+0000] {docker.py:438} INFO - Deleting pod: post-storage-service-6cbbf5f9fb-b2wc9
[2025-10-11T03:05:46.342+0000] {docker.py:438} INFO - Deleted 1 pods: ['post-storage-service-6cbbf5f9fb-b2wc9']
[2025-10-11T03:05:46.342+0000] {docker.py:438} INFO - ✅ Successfully restarted pods: ['post-storage-service-6cbbf5f9fb-b2wc9']
[2025-10-11T03:05:46.343+0000] {docker.py:438} INFO - ⏳ Waiting 20 seconds until next restart...
[2025-10-11T03:05:46.343+0000] {docker.py:438} INFO - 📊 Time remaining: 74 seconds
[2025-10-11T03:05:46.343+0000] {docker.py:438} INFO - 
[2025-10-11T03:05:46.346+0000] {docker.py:438} INFO - ==================================================
[2025-10-11T03:05:46.346+0000] {docker.py:438} INFO - 🔄 Restart #13 at 2025-10-11 03:05:05
[2025-10-11T03:05:46.346+0000] {docker.py:438} INFO - ==================================================
[2025-10-11T03:05:46.347+0000] {docker.py:438} INFO - Hello world - terminate function started!
[2025-10-11T03:05:46.347+0000] {docker.py:438} INFO - Selecting pods with label_selector: app=post-storage-service
[2025-10-11T03:05:46.347+0000] {docker.py:438} INFO - Found 1 pods initially
[2025-10-11T03:05:46.349+0000] {docker.py:438} INFO - Random selection: 1 pods
[2025-10-11T03:05:46.349+0000] {docker.py:438} INFO - Deleting pod: post-storage-service-6cbbf5f9fb-f6q7c
[2025-10-11T03:05:46.349+0000] {docker.py:438} INFO - Deleted 1 pods: ['post-storage-service-6cbbf5f9fb-f6q7c']
[2025-10-11T03:05:46.350+0000] {docker.py:438} INFO - ✅ Successfully restarted pods: ['post-storage-service-6cbbf5f9fb-f6q7c']
[2025-10-11T03:05:46.350+0000] {docker.py:438} INFO - ⏳ Waiting 20 seconds until next restart...
[2025-10-11T03:05:46.350+0000] {docker.py:438} INFO - 📊 Time remaining: 54 seconds
[2025-10-11T03:05:46.353+0000] {docker.py:438} INFO - 
[2025-10-11T03:05:46.353+0000] {docker.py:438} INFO - ==================================================
[2025-10-11T03:05:46.353+0000] {docker.py:438} INFO - 🔄 Restart #14 at 2025-10-11 03:05:25
[2025-10-11T03:05:46.354+0000] {docker.py:438} INFO - ==================================================
[2025-10-11T03:05:46.354+0000] {docker.py:438} INFO - Hello world - terminate function started!
[2025-10-11T03:05:46.354+0000] {docker.py:438} INFO - Selecting pods with label_selector: app=post-storage-service
[2025-10-11T03:05:46.355+0000] {docker.py:438} INFO - Found 1 pods initially
[2025-10-11T03:05:46.355+0000] {docker.py:438} INFO - Random selection: 1 pods
[2025-10-11T03:05:46.355+0000] {docker.py:438} INFO - Deleting pod: post-storage-service-6cbbf5f9fb-qwl9c
[2025-10-11T03:05:46.356+0000] {docker.py:438} INFO - Deleted 1 pods: ['post-storage-service-6cbbf5f9fb-qwl9c']
[2025-10-11T03:05:46.356+0000] {docker.py:438} INFO - ✅ Successfully restarted pods: ['post-storage-service-6cbbf5f9fb-qwl9c']
[2025-10-11T03:05:46.357+0000] {docker.py:438} INFO - ⏳ Waiting 20 seconds until next restart...
[2025-10-11T03:05:46.357+0000] {docker.py:438} INFO - 📊 Time remaining: 33 seconds
[2025-10-11T03:05:46.357+0000] {docker.py:438} INFO - 
[2025-10-11T03:05:46.359+0000] {docker.py:438} INFO - ==================================================
[2025-10-11T03:05:46.359+0000] {docker.py:438} INFO - 🔄 Restart #15 at 2025-10-11 03:05:46
[2025-10-11T03:05:46.359+0000] {docker.py:438} INFO - ==================================================
[2025-10-11T03:05:46.360+0000] {docker.py:438} INFO - Hello world - terminate function started!
[2025-10-11T03:05:46.360+0000] {docker.py:438} INFO - Selecting pods with label_selector: app=post-storage-service
[2025-10-11T03:05:46.697+0000] {docker.py:438} INFO - [32m[2025-10-11 03:05:46 INFO] Let's rollback...
[2025-10-11T03:05:46.701+0000] {docker.py:438} INFO - [32m[2025-10-11 03:05:46 INFO] Rollback: uncordon-all-nodes
[2025-10-11T03:05:46.702+0000] {docker.py:438} INFO - [32m[2025-10-11 03:05:46 INFO] Action: uncordon-all-nodes
[2025-10-11T03:05:47.890+0000] {docker.py:438} INFO - [32m[2025-10-11 03:05:47 INFO] Experiment ended with status: completed
[2025-10-11T03:05:47.892+0000] {docker.py:438} INFO - Found 1 pods initially
[2025-10-11T03:05:47.893+0000] {docker.py:438} INFO - Random selection: 1 pods
[2025-10-11T03:05:47.893+0000] {docker.py:438} INFO - Deleting pod: post-storage-service-6cbbf5f9fb-gl8n2
[2025-10-11T03:05:47.893+0000] {docker.py:438} INFO - Deleted 1 pods: ['post-storage-service-6cbbf5f9fb-gl8n2']
[2025-10-11T03:05:47.894+0000] {docker.py:438} INFO - ✅ Successfully restarted pods: ['post-storage-service-6cbbf5f9fb-gl8n2']
[2025-10-11T03:05:47.894+0000] {docker.py:438} INFO - ⏰ Less than 20 seconds remaining, stopping experiment
[2025-10-11T03:05:47.894+0000] {docker.py:438} INFO - 
[2025-10-11T03:05:47.895+0000] {docker.py:438} INFO - ==================================================
[2025-10-11T03:05:47.895+0000] {docker.py:438} INFO - 🏁 Experiment Completed!
[2025-10-11T03:05:47.895+0000] {docker.py:438} INFO - ==================================================
[2025-10-11T03:05:47.896+0000] {docker.py:438} INFO - 📈 Total restarts performed: 15
[2025-10-11T03:05:47.896+0000] {docker.py:438} INFO - ⏱️  Total duration: 287 seconds
[2025-10-11T03:05:47.897+0000] {docker.py:438} INFO - 📊 Average interval: 19.1 seconds
[2025-10-11T03:05:48.611+0000] {taskinstance.py:340} INFO - ::group::Post task execution logs
[2025-10-11T03:05:48.612+0000] {taskinstance.py:352} INFO - Marking task as SUCCESS. dag_id=Cordon_Uncordon_Node, task_id=apply_cordon_uncordon_node, run_id=scheduled__2025-10-11T00:00:00+00:00, execution_date=20251011T000000, start_date=20251011T030005, end_date=20251011T030548
[2025-10-11T03:05:48.684+0000] {local_task_job_runner.py:266} INFO - Task exited with return code 0
[2025-10-11T03:05:48.724+0000] {taskinstance.py:3900} INFO - 0 downstream tasks scheduled from follow-on schedule check
[2025-10-11T03:05:48.729+0000] {local_task_job_runner.py:245} INFO - ::endgroup::
