[2025-10-07T00:00:02.393+0000] {local_task_job_runner.py:123} INFO - ::group::Pre task execution logs
[2025-10-07T00:00:02.423+0000] {taskinstance.py:2612} INFO - Dependencies all met for dep_context=non-requeueable deps ti=<TaskInstance: Cordon_Uncordon_Node.apply_cordon_uncordon_node scheduled__2025-10-06T21:00:00+00:00 [queued]>
[2025-10-07T00:00:02.447+0000] {taskinstance.py:2612} INFO - Dependencies all met for dep_context=requeueable deps ti=<TaskInstance: Cordon_Uncordon_Node.apply_cordon_uncordon_node scheduled__2025-10-06T21:00:00+00:00 [queued]>
[2025-10-07T00:00:02.448+0000] {taskinstance.py:2865} INFO - Starting attempt 1 of 1
[2025-10-07T00:00:02.474+0000] {taskinstance.py:2888} INFO - Executing <Task(DockerOperator): apply_cordon_uncordon_node> on 2025-10-06 21:00:00+00:00
[2025-10-07T00:00:02.494+0000] {standard_task_runner.py:72} INFO - Started process 1405 to run task
[2025-10-07T00:00:02.508+0000] {standard_task_runner.py:104} INFO - Running: ['***', 'tasks', 'run', 'Cordon_Uncordon_Node', 'apply_cordon_uncordon_node', 'scheduled__2025-10-06T21:00:00+00:00', '--job-id', '469', '--raw', '--subdir', 'DAGS_FOLDER/dag_factory.py', '--cfg-path', '/tmp/tmpvlmht4t8']
[2025-10-07T00:00:02.512+0000] {standard_task_runner.py:105} INFO - Job 469: Subtask apply_cordon_uncordon_node
[2025-10-07T00:00:02.638+0000] {task_command.py:467} INFO - Running <TaskInstance: Cordon_Uncordon_Node.apply_cordon_uncordon_node scheduled__2025-10-06T21:00:00+00:00 [running]> on host workflow.y2twbfvcjkaujnl2bmtbxunhcb.cx.internal.cloudapp.net
[2025-10-07T00:00:02.822+0000] {taskinstance.py:3131} INFO - Exporting env vars: AIRFLOW_CTX_DAG_OWNER='***' AIRFLOW_CTX_DAG_ID='Cordon_Uncordon_Node' AIRFLOW_CTX_TASK_ID='apply_cordon_uncordon_node' AIRFLOW_CTX_EXECUTION_DATE='2025-10-06T21:00:00+00:00' AIRFLOW_CTX_TRY_NUMBER='1' AIRFLOW_CTX_DAG_RUN_ID='scheduled__2025-10-06T21:00:00+00:00'
[2025-10-07T00:00:02.823+0000] {taskinstance.py:731} INFO - ::endgroup::
[2025-10-07T00:00:02.889+0000] {docker.py:367} INFO - Starting docker container from image ***_chaos:latest
[2025-10-07T00:00:03.503+0000] {docker.py:438} INFO - The container is run as root user. For security, consider using a regular user account.
[2025-10-07T00:00:23.261+0000] {docker.py:438} INFO - 
[2025-10-07T00:00:24.676+0000] {docker.py:438} INFO - [32m[2025-10-07 00:00:24 INFO] Validating the experiment's syntax
[2025-10-07T00:00:25.248+0000] {docker.py:438} INFO - [32m[2025-10-07 00:00:25 INFO] Experiment looks valid
[2025-10-07T00:00:25.250+0000] {docker.py:438} INFO - [32m[2025-10-07 00:00:25 INFO] Running experiment: Cordon-Pod Restart Combined Experiment
[2025-10-07T00:00:25.260+0000] {docker.py:438} INFO - [32m[2025-10-07 00:00:25 INFO] Steady-state strategy: default
[2025-10-07T00:00:25.261+0000] {docker.py:438} INFO - [32m[2025-10-07 00:00:25 INFO] Rollbacks strategy: default
[2025-10-07T00:00:25.261+0000] {docker.py:438} INFO - [32m[2025-10-07 00:00:25 INFO] No steady state hypothesis defined. That's ok, just exploring.
[2025-10-07T00:00:25.262+0000] {docker.py:438} INFO - [32m[2025-10-07 00:00:25 INFO] Playing your experiment's method now...
[2025-10-07T00:00:25.262+0000] {docker.py:438} INFO - [32m[2025-10-07 00:00:25 INFO] Action: cordon-nodes
[2025-10-07T00:00:26.498+0000] {docker.py:438} INFO - [32m[2025-10-07 00:00:26 INFO] Action: continuous-pod-restart-during-cordon
[2025-10-07T00:05:12.880+0000] {docker.py:438} INFO - 🚀 Starting continuous pod restart experiment
[2025-10-07T00:05:12.881+0000] {docker.py:438} INFO - 📅 Interval: 20 seconds
[2025-10-07T00:05:12.881+0000] {docker.py:438} INFO - ⏱️  Duration: 300 seconds
[2025-10-07T00:05:12.881+0000] {docker.py:438} INFO - 🎯 Target: app=post-storage-service
[2025-10-07T00:05:12.881+0000] {docker.py:438} INFO - 📍 Namespace: default
[2025-10-07T00:05:12.881+0000] {docker.py:438} INFO - 
[2025-10-07T00:05:12.882+0000] {docker.py:438} INFO - ==================================================
[2025-10-07T00:05:12.882+0000] {docker.py:438} INFO - 🔄 Restart #1 at 2025-10-07 00:00:26
[2025-10-07T00:05:12.882+0000] {docker.py:438} INFO - ==================================================
[2025-10-07T00:05:12.882+0000] {docker.py:438} INFO - Hello world - terminate function started!
[2025-10-07T00:05:12.882+0000] {docker.py:438} INFO - Selecting pods with label_selector: app=post-storage-service
[2025-10-07T00:05:12.883+0000] {docker.py:438} INFO - Found 1 pods initially
[2025-10-07T00:05:12.883+0000] {docker.py:438} INFO - Random selection: 1 pods
[2025-10-07T00:05:12.883+0000] {docker.py:438} INFO - Deleting pod: post-storage-service-769cf6947d-vfj84
[2025-10-07T00:05:12.883+0000] {docker.py:438} INFO - Deleted 1 pods: ['post-storage-service-769cf6947d-vfj84']
[2025-10-07T00:05:12.884+0000] {docker.py:438} INFO - ✅ Successfully restarted pods: ['post-storage-service-769cf6947d-vfj84']
[2025-10-07T00:05:12.884+0000] {docker.py:438} INFO - ⏳ Waiting 20 seconds until next restart...
[2025-10-07T00:05:12.884+0000] {docker.py:438} INFO - 📊 Time remaining: 300 seconds
[2025-10-07T00:05:12.884+0000] {docker.py:438} INFO - 
[2025-10-07T00:05:12.884+0000] {docker.py:438} INFO - ==================================================
[2025-10-07T00:05:12.885+0000] {docker.py:438} INFO - 🔄 Restart #2 at 2025-10-07 00:00:46
[2025-10-07T00:05:12.885+0000] {docker.py:438} INFO - ==================================================
[2025-10-07T00:05:12.885+0000] {docker.py:438} INFO - Hello world - terminate function started!
[2025-10-07T00:05:12.885+0000] {docker.py:438} INFO - Selecting pods with label_selector: app=post-storage-service
[2025-10-07T00:05:12.885+0000] {docker.py:438} INFO - Found 2 pods initially
[2025-10-07T00:05:12.886+0000] {docker.py:438} INFO - Random selection: 1 pods
[2025-10-07T00:05:12.886+0000] {docker.py:438} INFO - Deleting pod: post-storage-service-769cf6947d-vfj84
[2025-10-07T00:05:12.886+0000] {docker.py:438} INFO - Deleted 1 pods: ['post-storage-service-769cf6947d-vfj84']
[2025-10-07T00:05:12.886+0000] {docker.py:438} INFO - ✅ Successfully restarted pods: ['post-storage-service-769cf6947d-vfj84']
[2025-10-07T00:05:12.886+0000] {docker.py:438} INFO - ⏳ Waiting 20 seconds until next restart...
[2025-10-07T00:05:12.887+0000] {docker.py:438} INFO - 📊 Time remaining: 279 seconds
[2025-10-07T00:05:12.887+0000] {docker.py:438} INFO - 
[2025-10-07T00:05:12.887+0000] {docker.py:438} INFO - ==================================================
[2025-10-07T00:05:12.888+0000] {docker.py:438} INFO - 🔄 Restart #3 at 2025-10-07 00:01:07
[2025-10-07T00:05:12.888+0000] {docker.py:438} INFO - ==================================================
[2025-10-07T00:05:12.888+0000] {docker.py:438} INFO - Hello world - terminate function started!
[2025-10-07T00:05:12.888+0000] {docker.py:438} INFO - Selecting pods with label_selector: app=post-storage-service
[2025-10-07T00:05:12.889+0000] {docker.py:438} INFO - Found 1 pods initially
[2025-10-07T00:05:12.889+0000] {docker.py:438} INFO - Random selection: 1 pods
[2025-10-07T00:05:12.889+0000] {docker.py:438} INFO - Deleting pod: post-storage-service-769cf6947d-xbc2h
[2025-10-07T00:05:12.889+0000] {docker.py:438} INFO - Deleted 1 pods: ['post-storage-service-769cf6947d-xbc2h']
[2025-10-07T00:05:12.889+0000] {docker.py:438} INFO - ✅ Successfully restarted pods: ['post-storage-service-769cf6947d-xbc2h']
[2025-10-07T00:05:12.890+0000] {docker.py:438} INFO - ⏳ Waiting 20 seconds until next restart...
[2025-10-07T00:05:12.890+0000] {docker.py:438} INFO - 📊 Time remaining: 259 seconds
[2025-10-07T00:05:12.890+0000] {docker.py:438} INFO - 
[2025-10-07T00:05:12.890+0000] {docker.py:438} INFO - ==================================================
[2025-10-07T00:05:12.890+0000] {docker.py:438} INFO - 🔄 Restart #4 at 2025-10-07 00:01:27
[2025-10-07T00:05:12.890+0000] {docker.py:438} INFO - ==================================================
[2025-10-07T00:05:12.891+0000] {docker.py:438} INFO - Hello world - terminate function started!
[2025-10-07T00:05:12.891+0000] {docker.py:438} INFO - Selecting pods with label_selector: app=post-storage-service
[2025-10-07T00:05:12.891+0000] {docker.py:438} INFO - Found 2 pods initially
[2025-10-07T00:05:12.891+0000] {docker.py:438} INFO - Random selection: 1 pods
[2025-10-07T00:05:12.891+0000] {docker.py:438} INFO - Deleting pod: post-storage-service-769cf6947d-hxv75
[2025-10-07T00:05:12.892+0000] {docker.py:438} INFO - Deleted 1 pods: ['post-storage-service-769cf6947d-hxv75']
[2025-10-07T00:05:12.892+0000] {docker.py:438} INFO - ✅ Successfully restarted pods: ['post-storage-service-769cf6947d-hxv75']
[2025-10-07T00:05:12.892+0000] {docker.py:438} INFO - ⏳ Waiting 20 seconds until next restart...
[2025-10-07T00:05:12.892+0000] {docker.py:438} INFO - 📊 Time remaining: 238 seconds
[2025-10-07T00:05:12.892+0000] {docker.py:438} INFO - 
[2025-10-07T00:05:12.893+0000] {docker.py:438} INFO - ==================================================
[2025-10-07T00:05:12.893+0000] {docker.py:438} INFO - 🔄 Restart #5 at 2025-10-07 00:01:48
[2025-10-07T00:05:12.893+0000] {docker.py:438} INFO - ==================================================
[2025-10-07T00:05:12.893+0000] {docker.py:438} INFO - Hello world - terminate function started!
[2025-10-07T00:05:12.893+0000] {docker.py:438} INFO - Selecting pods with label_selector: app=post-storage-service
[2025-10-07T00:05:12.894+0000] {docker.py:438} INFO - Found 2 pods initially
[2025-10-07T00:05:12.894+0000] {docker.py:438} INFO - Random selection: 1 pods
[2025-10-07T00:05:12.894+0000] {docker.py:438} INFO - Deleting pod: post-storage-service-769cf6947d-lzlh4
[2025-10-07T00:05:12.894+0000] {docker.py:438} INFO - Deleted 1 pods: ['post-storage-service-769cf6947d-lzlh4']
[2025-10-07T00:05:12.894+0000] {docker.py:438} INFO - ✅ Successfully restarted pods: ['post-storage-service-769cf6947d-lzlh4']
[2025-10-07T00:05:12.894+0000] {docker.py:438} INFO - ⏳ Waiting 20 seconds until next restart...
[2025-10-07T00:05:12.895+0000] {docker.py:438} INFO - 📊 Time remaining: 218 seconds
[2025-10-07T00:05:12.895+0000] {docker.py:438} INFO - 
[2025-10-07T00:05:12.895+0000] {docker.py:438} INFO - ==================================================
[2025-10-07T00:05:12.895+0000] {docker.py:438} INFO - 🔄 Restart #6 at 2025-10-07 00:02:08
[2025-10-07T00:05:12.895+0000] {docker.py:438} INFO - ==================================================
[2025-10-07T00:05:12.896+0000] {docker.py:438} INFO - Hello world - terminate function started!
[2025-10-07T00:05:12.896+0000] {docker.py:438} INFO - Selecting pods with label_selector: app=post-storage-service
[2025-10-07T00:05:12.896+0000] {docker.py:438} INFO - Found 2 pods initially
[2025-10-07T00:05:12.896+0000] {docker.py:438} INFO - Random selection: 1 pods
[2025-10-07T00:05:12.896+0000] {docker.py:438} INFO - Deleting pod: post-storage-service-769cf6947d-lzlh4
[2025-10-07T00:05:12.897+0000] {docker.py:438} INFO - Deleted 1 pods: ['post-storage-service-769cf6947d-lzlh4']
[2025-10-07T00:05:12.897+0000] {docker.py:438} INFO - ✅ Successfully restarted pods: ['post-storage-service-769cf6947d-lzlh4']
[2025-10-07T00:05:12.897+0000] {docker.py:438} INFO - ⏳ Waiting 20 seconds until next restart...
[2025-10-07T00:05:12.897+0000] {docker.py:438} INFO - 📊 Time remaining: 197 seconds
[2025-10-07T00:05:12.897+0000] {docker.py:438} INFO - 
[2025-10-07T00:05:12.898+0000] {docker.py:438} INFO - ==================================================
[2025-10-07T00:05:12.898+0000] {docker.py:438} INFO - 🔄 Restart #7 at 2025-10-07 00:02:29
[2025-10-07T00:05:12.898+0000] {docker.py:438} INFO - ==================================================
[2025-10-07T00:05:12.898+0000] {docker.py:438} INFO - Hello world - terminate function started!
[2025-10-07T00:05:12.899+0000] {docker.py:438} INFO - Selecting pods with label_selector: app=post-storage-service
[2025-10-07T00:05:12.899+0000] {docker.py:438} INFO - Found 1 pods initially
[2025-10-07T00:05:12.899+0000] {docker.py:438} INFO - Random selection: 1 pods
[2025-10-07T00:05:12.899+0000] {docker.py:438} INFO - Deleting pod: post-storage-service-769cf6947d-bl7ms
[2025-10-07T00:05:12.900+0000] {docker.py:438} INFO - Deleted 1 pods: ['post-storage-service-769cf6947d-bl7ms']
[2025-10-07T00:05:12.900+0000] {docker.py:438} INFO - ✅ Successfully restarted pods: ['post-storage-service-769cf6947d-bl7ms']
[2025-10-07T00:05:12.900+0000] {docker.py:438} INFO - ⏳ Waiting 20 seconds until next restart...
[2025-10-07T00:05:12.900+0000] {docker.py:438} INFO - 📊 Time remaining: 177 seconds
[2025-10-07T00:05:12.900+0000] {docker.py:438} INFO - 
[2025-10-07T00:05:12.900+0000] {docker.py:438} INFO - ==================================================
[2025-10-07T00:05:12.901+0000] {docker.py:438} INFO - 🔄 Restart #8 at 2025-10-07 00:02:49
[2025-10-07T00:05:12.901+0000] {docker.py:438} INFO - ==================================================
[2025-10-07T00:05:12.901+0000] {docker.py:438} INFO - Hello world - terminate function started!
[2025-10-07T00:05:12.901+0000] {docker.py:438} INFO - Selecting pods with label_selector: app=post-storage-service
[2025-10-07T00:05:12.901+0000] {docker.py:438} INFO - Found 2 pods initially
[2025-10-07T00:05:12.902+0000] {docker.py:438} INFO - Random selection: 1 pods
[2025-10-07T00:05:12.902+0000] {docker.py:438} INFO - Deleting pod: post-storage-service-769cf6947d-bl7ms
[2025-10-07T00:05:12.902+0000] {docker.py:438} INFO - Deleted 1 pods: ['post-storage-service-769cf6947d-bl7ms']
[2025-10-07T00:05:12.903+0000] {docker.py:438} INFO - ✅ Successfully restarted pods: ['post-storage-service-769cf6947d-bl7ms']
[2025-10-07T00:05:12.903+0000] {docker.py:438} INFO - ⏳ Waiting 20 seconds until next restart...
[2025-10-07T00:05:12.903+0000] {docker.py:438} INFO - 📊 Time remaining: 156 seconds
[2025-10-07T00:05:12.903+0000] {docker.py:438} INFO - 
[2025-10-07T00:05:12.903+0000] {docker.py:438} INFO - ==================================================
[2025-10-07T00:05:12.904+0000] {docker.py:438} INFO - 🔄 Restart #9 at 2025-10-07 00:03:10
[2025-10-07T00:05:12.904+0000] {docker.py:438} INFO - ==================================================
[2025-10-07T00:05:12.904+0000] {docker.py:438} INFO - Hello world - terminate function started!
[2025-10-07T00:05:12.904+0000] {docker.py:438} INFO - Selecting pods with label_selector: app=post-storage-service
[2025-10-07T00:05:12.904+0000] {docker.py:438} INFO - Found 1 pods initially
[2025-10-07T00:05:12.905+0000] {docker.py:438} INFO - Random selection: 1 pods
[2025-10-07T00:05:12.905+0000] {docker.py:438} INFO - Deleting pod: post-storage-service-769cf6947d-hd5zf
[2025-10-07T00:05:12.905+0000] {docker.py:438} INFO - Deleted 1 pods: ['post-storage-service-769cf6947d-hd5zf']
[2025-10-07T00:05:12.905+0000] {docker.py:438} INFO - ✅ Successfully restarted pods: ['post-storage-service-769cf6947d-hd5zf']
[2025-10-07T00:05:12.906+0000] {docker.py:438} INFO - ⏳ Waiting 20 seconds until next restart...
[2025-10-07T00:05:12.906+0000] {docker.py:438} INFO - 📊 Time remaining: 136 seconds
[2025-10-07T00:05:12.906+0000] {docker.py:438} INFO - 
[2025-10-07T00:05:12.906+0000] {docker.py:438} INFO - ==================================================
[2025-10-07T00:05:12.907+0000] {docker.py:438} INFO - 🔄 Restart #10 at 2025-10-07 00:03:30
[2025-10-07T00:05:12.907+0000] {docker.py:438} INFO - ==================================================
[2025-10-07T00:05:12.907+0000] {docker.py:438} INFO - Hello world - terminate function started!
[2025-10-07T00:05:12.907+0000] {docker.py:438} INFO - Selecting pods with label_selector: app=post-storage-service
[2025-10-07T00:05:12.907+0000] {docker.py:438} INFO - Found 2 pods initially
[2025-10-07T00:05:12.908+0000] {docker.py:438} INFO - Random selection: 1 pods
[2025-10-07T00:05:12.908+0000] {docker.py:438} INFO - Deleting pod: post-storage-service-769cf6947d-hd5zf
[2025-10-07T00:05:12.908+0000] {docker.py:438} INFO - Deleted 1 pods: ['post-storage-service-769cf6947d-hd5zf']
[2025-10-07T00:05:12.908+0000] {docker.py:438} INFO - ✅ Successfully restarted pods: ['post-storage-service-769cf6947d-hd5zf']
[2025-10-07T00:05:12.908+0000] {docker.py:438} INFO - ⏳ Waiting 20 seconds until next restart...
[2025-10-07T00:05:12.908+0000] {docker.py:438} INFO - 📊 Time remaining: 115 seconds
[2025-10-07T00:05:12.909+0000] {docker.py:438} INFO - 
[2025-10-07T00:05:12.909+0000] {docker.py:438} INFO - ==================================================
[2025-10-07T00:05:12.909+0000] {docker.py:438} INFO - 🔄 Restart #11 at 2025-10-07 00:03:51
[2025-10-07T00:05:12.909+0000] {docker.py:438} INFO - ==================================================
[2025-10-07T00:05:12.910+0000] {docker.py:438} INFO - Hello world - terminate function started!
[2025-10-07T00:05:12.910+0000] {docker.py:438} INFO - Selecting pods with label_selector: app=post-storage-service
[2025-10-07T00:05:12.910+0000] {docker.py:438} INFO - Found 1 pods initially
[2025-10-07T00:05:12.910+0000] {docker.py:438} INFO - Random selection: 1 pods
[2025-10-07T00:05:12.911+0000] {docker.py:438} INFO - Deleting pod: post-storage-service-769cf6947d-pn9p5
[2025-10-07T00:05:12.911+0000] {docker.py:438} INFO - Deleted 1 pods: ['post-storage-service-769cf6947d-pn9p5']
[2025-10-07T00:05:12.911+0000] {docker.py:438} INFO - ✅ Successfully restarted pods: ['post-storage-service-769cf6947d-pn9p5']
[2025-10-07T00:05:12.911+0000] {docker.py:438} INFO - ⏳ Waiting 20 seconds until next restart...
[2025-10-07T00:05:12.911+0000] {docker.py:438} INFO - 📊 Time remaining: 95 seconds
[2025-10-07T00:05:12.912+0000] {docker.py:438} INFO - 
[2025-10-07T00:05:12.912+0000] {docker.py:438} INFO - ==================================================
[2025-10-07T00:05:12.912+0000] {docker.py:438} INFO - 🔄 Restart #12 at 2025-10-07 00:04:11
[2025-10-07T00:05:12.912+0000] {docker.py:438} INFO - ==================================================
[2025-10-07T00:05:12.912+0000] {docker.py:438} INFO - Hello world - terminate function started!
[2025-10-07T00:05:12.912+0000] {docker.py:438} INFO - Selecting pods with label_selector: app=post-storage-service
[2025-10-07T00:05:12.913+0000] {docker.py:438} INFO - Found 2 pods initially
[2025-10-07T00:05:12.913+0000] {docker.py:438} INFO - Random selection: 1 pods
[2025-10-07T00:05:12.913+0000] {docker.py:438} INFO - Deleting pod: post-storage-service-769cf6947d-d7jjt
[2025-10-07T00:05:12.913+0000] {docker.py:438} INFO - Deleted 1 pods: ['post-storage-service-769cf6947d-d7jjt']
[2025-10-07T00:05:12.913+0000] {docker.py:438} INFO - ✅ Successfully restarted pods: ['post-storage-service-769cf6947d-d7jjt']
[2025-10-07T00:05:12.914+0000] {docker.py:438} INFO - ⏳ Waiting 20 seconds until next restart...
[2025-10-07T00:05:12.914+0000] {docker.py:438} INFO - 📊 Time remaining: 75 seconds
[2025-10-07T00:05:12.914+0000] {docker.py:438} INFO - 
[2025-10-07T00:05:12.914+0000] {docker.py:438} INFO - ==================================================
[2025-10-07T00:05:12.915+0000] {docker.py:438} INFO - 🔄 Restart #13 at 2025-10-07 00:04:31
[2025-10-07T00:05:12.915+0000] {docker.py:438} INFO - ==================================================
[2025-10-07T00:05:12.915+0000] {docker.py:438} INFO - Hello world - terminate function started!
[2025-10-07T00:05:12.915+0000] {docker.py:438} INFO - Selecting pods with label_selector: app=post-storage-service
[2025-10-07T00:05:12.915+0000] {docker.py:438} INFO - Found 2 pods initially
[2025-10-07T00:05:12.916+0000] {docker.py:438} INFO - Random selection: 1 pods
[2025-10-07T00:05:12.916+0000] {docker.py:438} INFO - Deleting pod: post-storage-service-769cf6947d-hvmf8
[2025-10-07T00:05:12.916+0000] {docker.py:438} INFO - Deleted 1 pods: ['post-storage-service-769cf6947d-hvmf8']
[2025-10-07T00:05:12.916+0000] {docker.py:438} INFO - ✅ Successfully restarted pods: ['post-storage-service-769cf6947d-hvmf8']
[2025-10-07T00:05:12.917+0000] {docker.py:438} INFO - ⏳ Waiting 20 seconds until next restart...
[2025-10-07T00:05:12.917+0000] {docker.py:438} INFO - 📊 Time remaining: 54 seconds
[2025-10-07T00:05:12.917+0000] {docker.py:438} INFO - 
[2025-10-07T00:05:12.917+0000] {docker.py:438} INFO - ==================================================
[2025-10-07T00:05:12.917+0000] {docker.py:438} INFO - 🔄 Restart #14 at 2025-10-07 00:04:52
[2025-10-07T00:05:12.918+0000] {docker.py:438} INFO - ==================================================
[2025-10-07T00:05:12.918+0000] {docker.py:438} INFO - Hello world - terminate function started!
[2025-10-07T00:05:12.918+0000] {docker.py:438} INFO - Selecting pods with label_selector: app=post-storage-service
[2025-10-07T00:05:12.918+0000] {docker.py:438} INFO - Found 2 pods initially
[2025-10-07T00:05:12.918+0000] {docker.py:438} INFO - Random selection: 1 pods
[2025-10-07T00:05:12.919+0000] {docker.py:438} INFO - Deleting pod: post-storage-service-769cf6947d-qhqlf
[2025-10-07T00:05:12.919+0000] {docker.py:438} INFO - Deleted 1 pods: ['post-storage-service-769cf6947d-qhqlf']
[2025-10-07T00:05:12.919+0000] {docker.py:438} INFO - ✅ Successfully restarted pods: ['post-storage-service-769cf6947d-qhqlf']
[2025-10-07T00:05:12.919+0000] {docker.py:438} INFO - ⏳ Waiting 20 seconds until next restart...
[2025-10-07T00:05:12.919+0000] {docker.py:438} INFO - 📊 Time remaining: 34 seconds
[2025-10-07T00:05:12.920+0000] {docker.py:438} INFO - 
[2025-10-07T00:05:12.920+0000] {docker.py:438} INFO - ==================================================
[2025-10-07T00:05:12.920+0000] {docker.py:438} INFO - 🔄 Restart #15 at 2025-10-07 00:05:12
[2025-10-07T00:05:12.920+0000] {docker.py:438} INFO - ==================================================
[2025-10-07T00:05:12.920+0000] {docker.py:438} INFO - Hello world - terminate function started!
[2025-10-07T00:05:12.921+0000] {docker.py:438} INFO - Selecting pods with label_selector: app=post-storage-service
[2025-10-07T00:05:13.334+0000] {docker.py:438} INFO - [32m[2025-10-07 00:05:13 INFO] Let's rollback...
[2025-10-07T00:05:13.334+0000] {docker.py:438} INFO - [32m[2025-10-07 00:05:13 INFO] Rollback: uncordon-all-nodes
[2025-10-07T00:05:13.335+0000] {docker.py:438} INFO - [32m[2025-10-07 00:05:13 INFO] Action: uncordon-all-nodes
[2025-10-07T00:05:14.364+0000] {docker.py:438} INFO - [32m[2025-10-07 00:05:14 INFO] Experiment ended with status: completed
[2025-10-07T00:05:14.365+0000] {docker.py:438} INFO - Found 2 pods initially
[2025-10-07T00:05:14.365+0000] {docker.py:438} INFO - Random selection: 1 pods
[2025-10-07T00:05:14.366+0000] {docker.py:438} INFO - Deleting pod: post-storage-service-769cf6947d-qhqlf
[2025-10-07T00:05:14.366+0000] {docker.py:438} INFO - Deleted 1 pods: ['post-storage-service-769cf6947d-qhqlf']
[2025-10-07T00:05:14.366+0000] {docker.py:438} INFO - ✅ Successfully restarted pods: ['post-storage-service-769cf6947d-qhqlf']
[2025-10-07T00:05:14.367+0000] {docker.py:438} INFO - ⏰ Less than 20 seconds remaining, stopping experiment
[2025-10-07T00:05:14.367+0000] {docker.py:438} INFO - 
[2025-10-07T00:05:14.367+0000] {docker.py:438} INFO - ==================================================
[2025-10-07T00:05:14.368+0000] {docker.py:438} INFO - 🏁 Experiment Completed!
[2025-10-07T00:05:14.368+0000] {docker.py:438} INFO - ==================================================
[2025-10-07T00:05:14.368+0000] {docker.py:438} INFO - 📈 Total restarts performed: 15
[2025-10-07T00:05:14.369+0000] {docker.py:438} INFO - ⏱️  Total duration: 287 seconds
[2025-10-07T00:05:14.369+0000] {docker.py:438} INFO - 📊 Average interval: 19.1 seconds
[2025-10-07T00:05:14.654+0000] {taskinstance.py:340} INFO - ::group::Post task execution logs
[2025-10-07T00:05:14.654+0000] {taskinstance.py:352} INFO - Marking task as SUCCESS. dag_id=Cordon_Uncordon_Node, task_id=apply_cordon_uncordon_node, run_id=scheduled__2025-10-06T21:00:00+00:00, execution_date=20251006T210000, start_date=20251007T000002, end_date=20251007T000514
[2025-10-07T00:05:14.694+0000] {local_task_job_runner.py:266} INFO - Task exited with return code 0
[2025-10-07T00:05:14.709+0000] {taskinstance.py:3900} INFO - 0 downstream tasks scheduled from follow-on schedule check
[2025-10-07T00:05:14.712+0000] {local_task_job_runner.py:245} INFO - ::endgroup::
