[2025-10-24T01:22:14.109+0000] {local_task_job_runner.py:123} INFO - ::group::Pre task execution logs
[2025-10-24T01:22:14.135+0000] {taskinstance.py:2612} INFO - Dependencies all met for dep_context=non-requeueable deps ti=<TaskInstance: probe.apply_container_restart_docker manual__2025-10-24T01:22:12.149094+00:00 [queued]>
[2025-10-24T01:22:14.146+0000] {taskinstance.py:2612} INFO - Dependencies all met for dep_context=requeueable deps ti=<TaskInstance: probe.apply_container_restart_docker manual__2025-10-24T01:22:12.149094+00:00 [queued]>
[2025-10-24T01:22:14.146+0000] {taskinstance.py:2865} INFO - Starting attempt 1 of 1
[2025-10-24T01:22:14.173+0000] {taskinstance.py:2888} INFO - Executing <Task(DockerOperator): apply_container_restart_docker> on 2025-10-24 01:22:12.149094+00:00
[2025-10-24T01:22:14.186+0000] {standard_task_runner.py:72} INFO - Started process 3499 to run task
[2025-10-24T01:22:14.197+0000] {standard_task_runner.py:104} INFO - Running: ['***', 'tasks', 'run', 'probe', 'apply_container_restart_docker', 'manual__2025-10-24T01:22:12.149094+00:00', '--job-id', '10721', '--raw', '--subdir', 'DAGS_FOLDER/dag_factory.py', '--cfg-path', '/tmp/tmpydz16vq9']
[2025-10-24T01:22:14.198+0000] {standard_task_runner.py:105} INFO - Job 10721: Subtask apply_container_restart_docker
[2025-10-24T01:22:14.287+0000] {task_command.py:467} INFO - Running <TaskInstance: probe.apply_container_restart_docker manual__2025-10-24T01:22:12.149094+00:00 [running]> on host workflow.y2twbfvcjkaujnl2bmtbxunhcb.cx.internal.cloudapp.net
[2025-10-24T01:22:14.479+0000] {taskinstance.py:3131} INFO - Exporting env vars: AIRFLOW_CTX_DAG_OWNER='***' AIRFLOW_CTX_DAG_ID='probe' AIRFLOW_CTX_TASK_ID='apply_container_restart_docker' AIRFLOW_CTX_EXECUTION_DATE='2025-10-24T01:22:12.149094+00:00' AIRFLOW_CTX_TRY_NUMBER='1' AIRFLOW_CTX_DAG_RUN_ID='manual__2025-10-24T01:22:12.149094+00:00'
[2025-10-24T01:22:14.482+0000] {taskinstance.py:731} INFO - ::endgroup::
[2025-10-24T01:22:14.563+0000] {docker.py:367} INFO - Starting docker container from image priyanshu01ce/***_chaos:latest
[2025-10-24T01:22:15.287+0000] {docker.py:438} INFO - The container is run as root user. For security, consider using a regular user account.
[2025-10-24T01:22:33.868+0000] {docker.py:438} INFO - 
[2025-10-24T01:22:33.884+0000] {docker.py:438} INFO - total 1932
[2025-10-24T01:22:33.885+0000] {docker.py:438} INFO - drwxr-xr-x 6    1000 1000    4096 Oct 23 09:39 .
[2025-10-24T01:22:33.886+0000] {docker.py:438} INFO - drwxr-xr-x 1 *** root    4096 Sep 26 10:44 ..
[2025-10-24T01:22:33.886+0000] {docker.py:438} INFO - -rw-r--r-- 1    1000 1000    1193 Sep  8 07:02 API_Latency.json
[2025-10-24T01:22:33.887+0000] {docker.py:438} INFO - -rw-r--r-- 1    1000 1000     729 Sep  9 10:30 API_Timeout.json
[2025-10-24T01:22:33.887+0000] {docker.py:438} INFO - -rw-r--r-- 1    1000 1000    1331 Oct  7 18:22 Continuous_Load_Test_Azure.yaml
[2025-10-24T01:22:33.888+0000] {docker.py:438} INFO - -rw-r--r-- 1    1000 1000    1266 Oct 10 06:39 Memory_Stress_Test_Azure.yaml
[2025-10-24T01:22:33.888+0000] {docker.py:438} INFO - -rw-r--r-- 1    1000 1000    1178 Sep 30 18:19 Stress_Test_Azure.yaml
[2025-10-24T01:22:33.888+0000] {docker.py:438} INFO - drwxrwxr-x 2 root    root    4096 Oct 21 09:41 __pycache__
[2025-10-24T01:22:33.889+0000] {docker.py:438} INFO - drwxrwxr-x 5    1000 1000    4096 Oct 21 08:05 chaos_env
[2025-10-24T01:22:33.889+0000] {docker.py:438} INFO - -rw-r--r-- 1    1000 1000    8875 Sep 25 16:54 chaosk6_actions.py
[2025-10-24T01:22:33.890+0000] {docker.py:438} INFO - -rw-rw-r-- 1    1000 1000 1326114 Oct 23 11:46 chaostoolkit.log
[2025-10-24T01:22:33.890+0000] {docker.py:438} INFO - -rw-rw-r-- 1    1000 1000    1421 Oct 23 09:34 check.py
[2025-10-24T01:22:33.891+0000] {docker.py:438} INFO - -rw-r--r-- 1    1000 1000    3213 Sep  9 09:11 combined-sequential.json
[2025-10-24T01:22:33.891+0000] {docker.py:438} INFO - -rw-r--r-- 1    1000 1000     502 Sep 16 05:31 connection_test_experiment.json
[2025-10-24T01:22:33.892+0000] {docker.py:438} INFO - -rw-rw-r-- 1    1000 1000     692 Oct 23 09:05 container_probe.json
[2025-10-24T01:22:33.892+0000] {docker.py:438} INFO - -rw-rw-r-- 1    1000 1000    2533 Oct 23 09:28 container_probe.yaml
[2025-10-24T01:22:33.893+0000] {docker.py:438} INFO - -rw-r--r-- 1    1000 1000    1420 Sep 24 06:53 container_restart.json
[2025-10-24T01:22:33.893+0000] {docker.py:438} INFO - -rw-r--r-- 1    1000 1000   16452 Sep 26 09:59 container_restart.py
[2025-10-24T01:22:33.893+0000] {docker.py:438} INFO - -rw-r--r-- 1    1000 1000    1313 Oct  9 06:32 container_restart_Azure.yaml
[2025-10-24T01:22:33.894+0000] {docker.py:438} INFO - -rw-r--r-- 1    1000 1000    1409 Sep 18 12:30 continuous_load_test.json
[2025-10-24T01:22:33.894+0000] {docker.py:438} INFO - -rw-r--r-- 1    1000 1000    1637 Sep 25 10:13 cordon-uncordon-node.json
[2025-10-24T01:22:33.895+0000] {docker.py:438} INFO - -rw-r--r-- 1    1000 1000    1637 Sep 25 04:39 cordon_test.json
[2025-10-24T01:22:33.895+0000] {docker.py:438} INFO - -rw-r--r-- 1    1000 1000    1034 Sep 30 18:27 cordon_uncordon_node_Azure.yaml
[2025-10-24T01:22:33.896+0000] {docker.py:438} INFO - -rw-r--r-- 1    1000 1000    1203 Sep 30 06:51 cpu_stress_ng.json
[2025-10-24T01:22:33.896+0000] {docker.py:438} INFO - -rw-r--r-- 1    1000 1000    1760 Oct 21 08:00 db_cleanup.json
[2025-10-24T01:22:33.898+0000] {docker.py:438} INFO - -rw-r--r-- 1    1000 1000    6399 Sep 24 07:40 db_cleanup.py
[2025-10-24T01:22:33.898+0000] {docker.py:438} INFO - -rw-r--r-- 1    1000 1000    2578 Oct 23 11:46 journal.json
[2025-10-24T01:22:33.898+0000] {docker.py:438} INFO - -rw-rw-r-- 1 root    root  373585 Oct 22 14:45 k6_continuous_load.log
[2025-10-24T01:22:33.899+0000] {docker.py:438} INFO - -rw-r--r-- 1    1000 1000    3944 Oct 22 14:45 k6_continuous_summary.json
[2025-10-24T01:22:33.899+0000] {docker.py:438} INFO - -rw-r--r-- 1    1000 1000    3433 Sep 25 09:28 k6_summary.json
[2025-10-24T01:22:33.900+0000] {docker.py:438} INFO - -rw-r--r-- 1    1000 1000     989 Sep 30 09:24 kubernetes_actions.json
[2025-10-24T01:22:33.901+0000] {docker.py:438} INFO - -rw-r--r-- 1    1000 1000   10961 Sep 30 09:23 kubernetes_actions.py
[2025-10-24T01:22:33.902+0000] {docker.py:438} INFO - -rw-r--r-- 1    1000 1000     945 Sep 21 16:40 load_test.json
[2025-10-24T01:22:33.902+0000] {docker.py:438} INFO - -rw-r--r-- 1    1000 1000     528 Sep 17 12:13 max_connection_experiment.json
[2025-10-24T01:22:33.902+0000] {docker.py:438} INFO - -rw-r--r-- 1    1000 1000    1227 Sep 13 15:20 memory-stress-rollback.json
[2025-10-24T01:22:33.903+0000] {docker.py:438} INFO - -rw-rw-r-- 1    1000 1000     982 Oct 10 06:38 memory_stress.json
[2025-10-24T01:22:33.904+0000] {docker.py:438} INFO - -rw-rw-r-- 1    1000 1000    4581 Oct 10 06:38 memory_stress.py
[2025-10-24T01:22:33.905+0000] {docker.py:438} INFO - -rw-r--r-- 1    1000 1000    1421 Sep 29 05:20 mongo_db_container_restart.json
[2025-10-24T01:22:33.905+0000] {docker.py:438} INFO - -rw-r--r-- 1    1000 1000    7586 Sep 18 05:54 mongodb_actions.py
[2025-10-24T01:22:33.905+0000] {docker.py:438} INFO - -rw-r--r-- 1    1000 1000    2136 Sep 18 11:23 mongodb_connection.json
[2025-10-24T01:22:33.906+0000] {docker.py:438} INFO - -rw-r--r-- 1    1000 1000     597 Sep 16 09:17 mongodb_network_latency_experiment.json
[2025-10-24T01:22:33.907+0000] {docker.py:438} INFO - -rw-r--r-- 1    1000 1000    3657 Sep 18 05:42 mongodb_probes.py
[2025-10-24T01:22:33.907+0000] {docker.py:438} INFO - -rw-r--r-- 1    1000 1000    6161 Sep 12 08:04 pod_restart.py
[2025-10-24T01:22:33.908+0000] {docker.py:438} INFO - -rw-r--r-- 1    1000 1000    1497 Sep 30 05:50 redis_config_faults.py
[2025-10-24T01:22:33.909+0000] {docker.py:438} INFO - -rw-r--r-- 1    1000 1000     862 Sep 30 05:50 redis_experiment.json
[2025-10-24T01:22:33.909+0000] {docker.py:438} INFO - -rw-r--r-- 1    1000 1000     945 Sep 18 06:53 redis_load.json
[2025-10-24T01:22:33.910+0000] {docker.py:438} INFO - -rw-r--r-- 1    1000 1000    1306 Oct  9 16:34 redis_memory_stress_Azure.yaml
[2025-10-24T01:22:33.910+0000] {docker.py:438} INFO - -rw-rw-r-- 1    1000 1000    1333 Oct 21 09:39 reinitialize_application.yaml
[2025-10-24T01:22:33.911+0000] {docker.py:438} INFO - -rw-r--r-- 1    1000 1000    1284 Sep 25 10:53 run_load_test_with_cleanup.py
[2025-10-24T01:22:33.913+0000] {docker.py:438} INFO - -rw-rw-r-- 1    1000 1000    1497 Oct 23 09:39 sample_probe.yaml
[2025-10-24T01:22:33.913+0000] {docker.py:438} INFO - drwxr-xr-x 2    1000 1000    4096 Oct 22 06:46 scripts
[2025-10-24T01:22:33.914+0000] {docker.py:438} INFO - drwxr-xr-x 4    1000 1000    4096 Sep 30 09:41 socialNetwork
[2025-10-24T01:22:33.914+0000] {docker.py:438} INFO - -rw-r--r-- 1    1000 1000     821 Sep 26 13:20 stress_test.json
[2025-10-24T01:22:33.914+0000] {docker.py:438} INFO - -rw-r--r-- 1    1000 1000     367 Sep 17 07:24 test_params.json
[2025-10-24T01:22:33.915+0000] {docker.py:438} INFO - Starting Reinitializing the Social Networking Application...
[2025-10-24T01:22:35.297+0000] {docker.py:438} INFO - [32m[2025-10-24 01:22:35 INFO] Validating the experiment's syntax
[2025-10-24T01:22:36.138+0000] {docker.py:438} INFO - [32m[2025-10-24 01:22:36 INFO] Experiment looks valid
[2025-10-24T01:22:36.140+0000] {docker.py:438} INFO - [32m[2025-10-24 01:22:36 INFO] Running experiment: Verify Pods Running Probe
[2025-10-24T01:22:36.145+0000] {docker.py:438} INFO - [32m[2025-10-24 01:22:36 INFO] Steady-state strategy: default
[2025-10-24T01:22:36.146+0000] {docker.py:438} INFO - [32m[2025-10-24 01:22:36 INFO] Rollbacks strategy: default
[2025-10-24T01:22:36.147+0000] {docker.py:438} INFO - [32m[2025-10-24 01:22:36 INFO] No steady state hypothesis defined. That's ok, just exploring.
[2025-10-24T01:22:36.148+0000] {docker.py:438} INFO - [32m[2025-10-24 01:22:36 INFO] Playing your experiment's method now...
[2025-10-24T01:22:36.150+0000] {docker.py:438} INFO - [32m[2025-10-24 01:22:36 INFO] Probe: verify-pods-running
[2025-10-24T01:22:36.430+0000] {docker.py:438} INFO - [32m[2025-10-24 01:22:36 INFO] Let's rollback...
[2025-10-24T01:22:36.431+0000] {docker.py:438} INFO - [32m[2025-10-24 01:22:36 INFO] No declared rollbacks, let's move on.
[2025-10-24T01:22:36.432+0000] {docker.py:438} INFO - [32m[2025-10-24 01:22:36 INFO] Experiment ended with status: completed
[2025-10-24T01:22:36.652+0000] {docker.py:438} INFO - Reinitialized Social Networking APplication successfully
[2025-10-24T01:22:37.224+0000] {taskinstance.py:340} INFO - ::group::Post task execution logs
[2025-10-24T01:22:37.225+0000] {taskinstance.py:352} INFO - Marking task as SUCCESS. dag_id=probe, task_id=apply_container_restart_docker, run_id=manual__2025-10-24T01:22:12.149094+00:00, execution_date=20251024T012212, start_date=20251024T012214, end_date=20251024T012237
[2025-10-24T01:22:37.281+0000] {local_task_job_runner.py:266} INFO - Task exited with return code 0
[2025-10-24T01:22:37.304+0000] {taskinstance.py:3900} INFO - 0 downstream tasks scheduled from follow-on schedule check
[2025-10-24T01:22:37.319+0000] {local_task_job_runner.py:245} INFO - ::endgroup::
