[2025-10-06T21:00:02.358+0000] {local_task_job_runner.py:123} INFO - ::group::Pre task execution logs
[2025-10-06T21:00:02.395+0000] {taskinstance.py:2612} INFO - Dependencies all met for dep_context=non-requeueable deps ti=<TaskInstance: Cordon_Uncordon_Node.apply_cordon_uncordon_node scheduled__2025-10-06T18:00:00+00:00 [queued]>
[2025-10-06T21:00:02.418+0000] {taskinstance.py:2612} INFO - Dependencies all met for dep_context=requeueable deps ti=<TaskInstance: Cordon_Uncordon_Node.apply_cordon_uncordon_node scheduled__2025-10-06T18:00:00+00:00 [queued]>
[2025-10-06T21:00:02.420+0000] {taskinstance.py:2865} INFO - Starting attempt 1 of 1
[2025-10-06T21:00:02.455+0000] {taskinstance.py:2888} INFO - Executing <Task(DockerOperator): apply_cordon_uncordon_node> on 2025-10-06 18:00:00+00:00
[2025-10-06T21:00:02.471+0000] {standard_task_runner.py:72} INFO - Started process 1385 to run task
[2025-10-06T21:00:02.484+0000] {standard_task_runner.py:104} INFO - Running: ['***', 'tasks', 'run', 'Cordon_Uncordon_Node', 'apply_cordon_uncordon_node', 'scheduled__2025-10-06T18:00:00+00:00', '--job-id', '463', '--raw', '--subdir', 'DAGS_FOLDER/dag_factory.py', '--cfg-path', '/tmp/tmp6gck3yse']
[2025-10-06T21:00:02.485+0000] {standard_task_runner.py:105} INFO - Job 463: Subtask apply_cordon_uncordon_node
[2025-10-06T21:00:02.614+0000] {task_command.py:467} INFO - Running <TaskInstance: Cordon_Uncordon_Node.apply_cordon_uncordon_node scheduled__2025-10-06T18:00:00+00:00 [running]> on host workflow.y2twbfvcjkaujnl2bmtbxunhcb.cx.internal.cloudapp.net
[2025-10-06T21:00:02.777+0000] {taskinstance.py:3131} INFO - Exporting env vars: AIRFLOW_CTX_DAG_OWNER='***' AIRFLOW_CTX_DAG_ID='Cordon_Uncordon_Node' AIRFLOW_CTX_TASK_ID='apply_cordon_uncordon_node' AIRFLOW_CTX_EXECUTION_DATE='2025-10-06T18:00:00+00:00' AIRFLOW_CTX_TRY_NUMBER='1' AIRFLOW_CTX_DAG_RUN_ID='scheduled__2025-10-06T18:00:00+00:00'
[2025-10-06T21:00:02.778+0000] {taskinstance.py:731} INFO - ::endgroup::
[2025-10-06T21:00:02.847+0000] {docker.py:367} INFO - Starting docker container from image ***_chaos:latest
[2025-10-06T21:00:03.413+0000] {docker.py:438} INFO - The container is run as root user. For security, consider using a regular user account.
[2025-10-06T21:00:23.074+0000] {docker.py:438} INFO - 
[2025-10-06T21:00:24.223+0000] {docker.py:438} INFO - [32m[2025-10-06 21:00:24 INFO] Validating the experiment's syntax
[2025-10-06T21:00:24.587+0000] {docker.py:438} INFO - [32m[2025-10-06 21:00:24 INFO] Experiment looks valid
[2025-10-06T21:00:24.588+0000] {docker.py:438} INFO - [32m[2025-10-06 21:00:24 INFO] Running experiment: Cordon-Pod Restart Combined Experiment
[2025-10-06T21:00:24.591+0000] {docker.py:438} INFO - [32m[2025-10-06 21:00:24 INFO] Steady-state strategy: default
[2025-10-06T21:00:24.592+0000] {docker.py:438} INFO - [32m[2025-10-06 21:00:24 INFO] Rollbacks strategy: default
[2025-10-06T21:00:24.592+0000] {docker.py:438} INFO - [32m[2025-10-06 21:00:24 INFO] No steady state hypothesis defined. That's ok, just exploring.
[2025-10-06T21:00:24.593+0000] {docker.py:438} INFO - [32m[2025-10-06 21:00:24 INFO] Playing your experiment's method now...
[2025-10-06T21:00:24.593+0000] {docker.py:438} INFO - [32m[2025-10-06 21:00:24 INFO] Action: cordon-nodes
[2025-10-06T21:00:25.713+0000] {docker.py:438} INFO - [32m[2025-10-06 21:00:25 INFO] Action: continuous-pod-restart-during-cordon
[2025-10-06T21:05:11.434+0000] {docker.py:438} INFO - 🚀 Starting continuous pod restart experiment
[2025-10-06T21:05:11.434+0000] {docker.py:438} INFO - 📅 Interval: 20 seconds
[2025-10-06T21:05:11.434+0000] {docker.py:438} INFO - ⏱️  Duration: 300 seconds
[2025-10-06T21:05:11.435+0000] {docker.py:438} INFO - 🎯 Target: app=post-storage-service
[2025-10-06T21:05:11.435+0000] {docker.py:438} INFO - 📍 Namespace: default
[2025-10-06T21:05:11.435+0000] {docker.py:438} INFO - 
[2025-10-06T21:05:11.435+0000] {docker.py:438} INFO - ==================================================
[2025-10-06T21:05:11.436+0000] {docker.py:438} INFO - 🔄 Restart #1 at 2025-10-06 21:00:25
[2025-10-06T21:05:11.436+0000] {docker.py:438} INFO - ==================================================
[2025-10-06T21:05:11.436+0000] {docker.py:438} INFO - Hello world - terminate function started!
[2025-10-06T21:05:11.436+0000] {docker.py:438} INFO - Selecting pods with label_selector: app=post-storage-service
[2025-10-06T21:05:11.437+0000] {docker.py:438} INFO - Found 1 pods initially
[2025-10-06T21:05:11.437+0000] {docker.py:438} INFO - Random selection: 1 pods
[2025-10-06T21:05:11.437+0000] {docker.py:438} INFO - Deleting pod: post-storage-service-769cf6947d-nb7b2
[2025-10-06T21:05:11.437+0000] {docker.py:438} INFO - Deleted 1 pods: ['post-storage-service-769cf6947d-nb7b2']
[2025-10-06T21:05:11.437+0000] {docker.py:438} INFO - ✅ Successfully restarted pods: ['post-storage-service-769cf6947d-nb7b2']
[2025-10-06T21:05:11.438+0000] {docker.py:438} INFO - ⏳ Waiting 20 seconds until next restart...
[2025-10-06T21:05:11.438+0000] {docker.py:438} INFO - 📊 Time remaining: 300 seconds
[2025-10-06T21:05:11.438+0000] {docker.py:438} INFO - 
[2025-10-06T21:05:11.438+0000] {docker.py:438} INFO - ==================================================
[2025-10-06T21:05:11.438+0000] {docker.py:438} INFO - 🔄 Restart #2 at 2025-10-06 21:00:46
[2025-10-06T21:05:11.439+0000] {docker.py:438} INFO - ==================================================
[2025-10-06T21:05:11.439+0000] {docker.py:438} INFO - Hello world - terminate function started!
[2025-10-06T21:05:11.439+0000] {docker.py:438} INFO - Selecting pods with label_selector: app=post-storage-service
[2025-10-06T21:05:11.440+0000] {docker.py:438} INFO - Found 2 pods initially
[2025-10-06T21:05:11.440+0000] {docker.py:438} INFO - Random selection: 1 pods
[2025-10-06T21:05:11.440+0000] {docker.py:438} INFO - Deleting pod: post-storage-service-769cf6947d-gzmmz
[2025-10-06T21:05:11.440+0000] {docker.py:438} INFO - Deleted 1 pods: ['post-storage-service-769cf6947d-gzmmz']
[2025-10-06T21:05:11.440+0000] {docker.py:438} INFO - ✅ Successfully restarted pods: ['post-storage-service-769cf6947d-gzmmz']
[2025-10-06T21:05:11.441+0000] {docker.py:438} INFO - ⏳ Waiting 20 seconds until next restart...
[2025-10-06T21:05:11.441+0000] {docker.py:438} INFO - 📊 Time remaining: 279 seconds
[2025-10-06T21:05:11.441+0000] {docker.py:438} INFO - 
[2025-10-06T21:05:11.441+0000] {docker.py:438} INFO - ==================================================
[2025-10-06T21:05:11.442+0000] {docker.py:438} INFO - 🔄 Restart #3 at 2025-10-06 21:01:06
[2025-10-06T21:05:11.442+0000] {docker.py:438} INFO - ==================================================
[2025-10-06T21:05:11.442+0000] {docker.py:438} INFO - Hello world - terminate function started!
[2025-10-06T21:05:11.442+0000] {docker.py:438} INFO - Selecting pods with label_selector: app=post-storage-service
[2025-10-06T21:05:11.443+0000] {docker.py:438} INFO - Found 2 pods initially
[2025-10-06T21:05:11.443+0000] {docker.py:438} INFO - Random selection: 1 pods
[2025-10-06T21:05:11.443+0000] {docker.py:438} INFO - Deleting pod: post-storage-service-769cf6947d-kjrw7
[2025-10-06T21:05:11.443+0000] {docker.py:438} INFO - Deleted 1 pods: ['post-storage-service-769cf6947d-kjrw7']
[2025-10-06T21:05:11.443+0000] {docker.py:438} INFO - ✅ Successfully restarted pods: ['post-storage-service-769cf6947d-kjrw7']
[2025-10-06T21:05:11.444+0000] {docker.py:438} INFO - ⏳ Waiting 20 seconds until next restart...
[2025-10-06T21:05:11.444+0000] {docker.py:438} INFO - 📊 Time remaining: 259 seconds
[2025-10-06T21:05:11.444+0000] {docker.py:438} INFO - 
[2025-10-06T21:05:11.444+0000] {docker.py:438} INFO - ==================================================
[2025-10-06T21:05:11.444+0000] {docker.py:438} INFO - 🔄 Restart #4 at 2025-10-06 21:01:26
[2025-10-06T21:05:11.444+0000] {docker.py:438} INFO - ==================================================
[2025-10-06T21:05:11.445+0000] {docker.py:438} INFO - Hello world - terminate function started!
[2025-10-06T21:05:11.445+0000] {docker.py:438} INFO - Selecting pods with label_selector: app=post-storage-service
[2025-10-06T21:05:11.445+0000] {docker.py:438} INFO - Found 2 pods initially
[2025-10-06T21:05:11.445+0000] {docker.py:438} INFO - Random selection: 1 pods
[2025-10-06T21:05:11.445+0000] {docker.py:438} INFO - Deleting pod: post-storage-service-769cf6947d-s7z6n
[2025-10-06T21:05:11.446+0000] {docker.py:438} INFO - Deleted 1 pods: ['post-storage-service-769cf6947d-s7z6n']
[2025-10-06T21:05:11.446+0000] {docker.py:438} INFO - ✅ Successfully restarted pods: ['post-storage-service-769cf6947d-s7z6n']
[2025-10-06T21:05:11.446+0000] {docker.py:438} INFO - ⏳ Waiting 20 seconds until next restart...
[2025-10-06T21:05:11.446+0000] {docker.py:438} INFO - 📊 Time remaining: 238 seconds
[2025-10-06T21:05:11.446+0000] {docker.py:438} INFO - 
[2025-10-06T21:05:11.447+0000] {docker.py:438} INFO - ==================================================
[2025-10-06T21:05:11.447+0000] {docker.py:438} INFO - 🔄 Restart #5 at 2025-10-06 21:01:47
[2025-10-06T21:05:11.447+0000] {docker.py:438} INFO - ==================================================
[2025-10-06T21:05:11.447+0000] {docker.py:438} INFO - Hello world - terminate function started!
[2025-10-06T21:05:11.447+0000] {docker.py:438} INFO - Selecting pods with label_selector: app=post-storage-service
[2025-10-06T21:05:11.448+0000] {docker.py:438} INFO - Found 2 pods initially
[2025-10-06T21:05:11.448+0000] {docker.py:438} INFO - Random selection: 1 pods
[2025-10-06T21:05:11.448+0000] {docker.py:438} INFO - Deleting pod: post-storage-service-769cf6947d-lrfjc
[2025-10-06T21:05:11.448+0000] {docker.py:438} INFO - Deleted 1 pods: ['post-storage-service-769cf6947d-lrfjc']
[2025-10-06T21:05:11.448+0000] {docker.py:438} INFO - ✅ Successfully restarted pods: ['post-storage-service-769cf6947d-lrfjc']
[2025-10-06T21:05:11.448+0000] {docker.py:438} INFO - ⏳ Waiting 20 seconds until next restart...
[2025-10-06T21:05:11.449+0000] {docker.py:438} INFO - 📊 Time remaining: 218 seconds
[2025-10-06T21:05:11.449+0000] {docker.py:438} INFO - 
[2025-10-06T21:05:11.449+0000] {docker.py:438} INFO - ==================================================
[2025-10-06T21:05:11.449+0000] {docker.py:438} INFO - 🔄 Restart #6 at 2025-10-06 21:02:07
[2025-10-06T21:05:11.450+0000] {docker.py:438} INFO - ==================================================
[2025-10-06T21:05:11.450+0000] {docker.py:438} INFO - Hello world - terminate function started!
[2025-10-06T21:05:11.450+0000] {docker.py:438} INFO - Selecting pods with label_selector: app=post-storage-service
[2025-10-06T21:05:11.450+0000] {docker.py:438} INFO - Found 2 pods initially
[2025-10-06T21:05:11.451+0000] {docker.py:438} INFO - Random selection: 1 pods
[2025-10-06T21:05:11.451+0000] {docker.py:438} INFO - Deleting pod: post-storage-service-769cf6947d-lrfjc
[2025-10-06T21:05:11.451+0000] {docker.py:438} INFO - Deleted 1 pods: ['post-storage-service-769cf6947d-lrfjc']
[2025-10-06T21:05:11.451+0000] {docker.py:438} INFO - ✅ Successfully restarted pods: ['post-storage-service-769cf6947d-lrfjc']
[2025-10-06T21:05:11.451+0000] {docker.py:438} INFO - ⏳ Waiting 20 seconds until next restart...
[2025-10-06T21:05:11.452+0000] {docker.py:438} INFO - 📊 Time remaining: 197 seconds
[2025-10-06T21:05:11.452+0000] {docker.py:438} INFO - 
[2025-10-06T21:05:11.452+0000] {docker.py:438} INFO - ==================================================
[2025-10-06T21:05:11.452+0000] {docker.py:438} INFO - 🔄 Restart #7 at 2025-10-06 21:02:28
[2025-10-06T21:05:11.452+0000] {docker.py:438} INFO - ==================================================
[2025-10-06T21:05:11.452+0000] {docker.py:438} INFO - Hello world - terminate function started!
[2025-10-06T21:05:11.453+0000] {docker.py:438} INFO - Selecting pods with label_selector: app=post-storage-service
[2025-10-06T21:05:11.453+0000] {docker.py:438} INFO - Found 1 pods initially
[2025-10-06T21:05:11.453+0000] {docker.py:438} INFO - Random selection: 1 pods
[2025-10-06T21:05:11.453+0000] {docker.py:438} INFO - Deleting pod: post-storage-service-769cf6947d-d62bk
[2025-10-06T21:05:11.454+0000] {docker.py:438} INFO - Deleted 1 pods: ['post-storage-service-769cf6947d-d62bk']
[2025-10-06T21:05:11.454+0000] {docker.py:438} INFO - ✅ Successfully restarted pods: ['post-storage-service-769cf6947d-d62bk']
[2025-10-06T21:05:11.454+0000] {docker.py:438} INFO - ⏳ Waiting 20 seconds until next restart...
[2025-10-06T21:05:11.454+0000] {docker.py:438} INFO - 📊 Time remaining: 177 seconds
[2025-10-06T21:05:11.455+0000] {docker.py:438} INFO - 
[2025-10-06T21:05:11.455+0000] {docker.py:438} INFO - ==================================================
[2025-10-06T21:05:11.455+0000] {docker.py:438} INFO - 🔄 Restart #8 at 2025-10-06 21:02:48
[2025-10-06T21:05:11.455+0000] {docker.py:438} INFO - ==================================================
[2025-10-06T21:05:11.455+0000] {docker.py:438} INFO - Hello world - terminate function started!
[2025-10-06T21:05:11.456+0000] {docker.py:438} INFO - Selecting pods with label_selector: app=post-storage-service
[2025-10-06T21:05:11.456+0000] {docker.py:438} INFO - Found 2 pods initially
[2025-10-06T21:05:11.456+0000] {docker.py:438} INFO - Random selection: 1 pods
[2025-10-06T21:05:11.456+0000] {docker.py:438} INFO - Deleting pod: post-storage-service-769cf6947d-d62bk
[2025-10-06T21:05:11.457+0000] {docker.py:438} INFO - Deleted 1 pods: ['post-storage-service-769cf6947d-d62bk']
[2025-10-06T21:05:11.457+0000] {docker.py:438} INFO - ✅ Successfully restarted pods: ['post-storage-service-769cf6947d-d62bk']
[2025-10-06T21:05:11.457+0000] {docker.py:438} INFO - ⏳ Waiting 20 seconds until next restart...
[2025-10-06T21:05:11.457+0000] {docker.py:438} INFO - 📊 Time remaining: 157 seconds
[2025-10-06T21:05:11.457+0000] {docker.py:438} INFO - 
[2025-10-06T21:05:11.458+0000] {docker.py:438} INFO - ==================================================
[2025-10-06T21:05:11.458+0000] {docker.py:438} INFO - 🔄 Restart #9 at 2025-10-06 21:03:09
[2025-10-06T21:05:11.458+0000] {docker.py:438} INFO - ==================================================
[2025-10-06T21:05:11.458+0000] {docker.py:438} INFO - Hello world - terminate function started!
[2025-10-06T21:05:11.458+0000] {docker.py:438} INFO - Selecting pods with label_selector: app=post-storage-service
[2025-10-06T21:05:11.459+0000] {docker.py:438} INFO - Found 1 pods initially
[2025-10-06T21:05:11.459+0000] {docker.py:438} INFO - Random selection: 1 pods
[2025-10-06T21:05:11.459+0000] {docker.py:438} INFO - Deleting pod: post-storage-service-769cf6947d-v7m72
[2025-10-06T21:05:11.459+0000] {docker.py:438} INFO - Deleted 1 pods: ['post-storage-service-769cf6947d-v7m72']
[2025-10-06T21:05:11.460+0000] {docker.py:438} INFO - ✅ Successfully restarted pods: ['post-storage-service-769cf6947d-v7m72']
[2025-10-06T21:05:11.460+0000] {docker.py:438} INFO - ⏳ Waiting 20 seconds until next restart...
[2025-10-06T21:05:11.460+0000] {docker.py:438} INFO - 📊 Time remaining: 136 seconds
[2025-10-06T21:05:11.460+0000] {docker.py:438} INFO - 
[2025-10-06T21:05:11.460+0000] {docker.py:438} INFO - ==================================================
[2025-10-06T21:05:11.461+0000] {docker.py:438} INFO - 🔄 Restart #10 at 2025-10-06 21:03:29
[2025-10-06T21:05:11.461+0000] {docker.py:438} INFO - ==================================================
[2025-10-06T21:05:11.461+0000] {docker.py:438} INFO - Hello world - terminate function started!
[2025-10-06T21:05:11.461+0000] {docker.py:438} INFO - Selecting pods with label_selector: app=post-storage-service
[2025-10-06T21:05:11.461+0000] {docker.py:438} INFO - Found 2 pods initially
[2025-10-06T21:05:11.462+0000] {docker.py:438} INFO - Random selection: 1 pods
[2025-10-06T21:05:11.462+0000] {docker.py:438} INFO - Deleting pod: post-storage-service-769cf6947d-v7m72
[2025-10-06T21:05:11.462+0000] {docker.py:438} INFO - Deleted 1 pods: ['post-storage-service-769cf6947d-v7m72']
[2025-10-06T21:05:11.462+0000] {docker.py:438} INFO - ✅ Successfully restarted pods: ['post-storage-service-769cf6947d-v7m72']
[2025-10-06T21:05:11.462+0000] {docker.py:438} INFO - ⏳ Waiting 20 seconds until next restart...
[2025-10-06T21:05:11.463+0000] {docker.py:438} INFO - 📊 Time remaining: 116 seconds
[2025-10-06T21:05:11.463+0000] {docker.py:438} INFO - 
[2025-10-06T21:05:11.463+0000] {docker.py:438} INFO - ==================================================
[2025-10-06T21:05:11.463+0000] {docker.py:438} INFO - 🔄 Restart #11 at 2025-10-06 21:03:49
[2025-10-06T21:05:11.464+0000] {docker.py:438} INFO - ==================================================
[2025-10-06T21:05:11.464+0000] {docker.py:438} INFO - Hello world - terminate function started!
[2025-10-06T21:05:11.464+0000] {docker.py:438} INFO - Selecting pods with label_selector: app=post-storage-service
[2025-10-06T21:05:11.464+0000] {docker.py:438} INFO - Found 1 pods initially
[2025-10-06T21:05:11.464+0000] {docker.py:438} INFO - Random selection: 1 pods
[2025-10-06T21:05:11.465+0000] {docker.py:438} INFO - Deleting pod: post-storage-service-769cf6947d-rbncf
[2025-10-06T21:05:11.465+0000] {docker.py:438} INFO - Deleted 1 pods: ['post-storage-service-769cf6947d-rbncf']
[2025-10-06T21:05:11.465+0000] {docker.py:438} INFO - ✅ Successfully restarted pods: ['post-storage-service-769cf6947d-rbncf']
[2025-10-06T21:05:11.465+0000] {docker.py:438} INFO - ⏳ Waiting 20 seconds until next restart...
[2025-10-06T21:05:11.465+0000] {docker.py:438} INFO - 📊 Time remaining: 96 seconds
[2025-10-06T21:05:11.466+0000] {docker.py:438} INFO - 
[2025-10-06T21:05:11.466+0000] {docker.py:438} INFO - ==================================================
[2025-10-06T21:05:11.466+0000] {docker.py:438} INFO - 🔄 Restart #12 at 2025-10-06 21:04:10
[2025-10-06T21:05:11.466+0000] {docker.py:438} INFO - ==================================================
[2025-10-06T21:05:11.466+0000] {docker.py:438} INFO - Hello world - terminate function started!
[2025-10-06T21:05:11.467+0000] {docker.py:438} INFO - Selecting pods with label_selector: app=post-storage-service
[2025-10-06T21:05:11.467+0000] {docker.py:438} INFO - Found 2 pods initially
[2025-10-06T21:05:11.467+0000] {docker.py:438} INFO - Random selection: 1 pods
[2025-10-06T21:05:11.467+0000] {docker.py:438} INFO - Deleting pod: post-storage-service-769cf6947d-rbncf
[2025-10-06T21:05:11.467+0000] {docker.py:438} INFO - Deleted 1 pods: ['post-storage-service-769cf6947d-rbncf']
[2025-10-06T21:05:11.468+0000] {docker.py:438} INFO - ✅ Successfully restarted pods: ['post-storage-service-769cf6947d-rbncf']
[2025-10-06T21:05:11.468+0000] {docker.py:438} INFO - ⏳ Waiting 20 seconds until next restart...
[2025-10-06T21:05:11.468+0000] {docker.py:438} INFO - 📊 Time remaining: 75 seconds
[2025-10-06T21:05:11.468+0000] {docker.py:438} INFO - 
[2025-10-06T21:05:11.468+0000] {docker.py:438} INFO - ==================================================
[2025-10-06T21:05:11.469+0000] {docker.py:438} INFO - 🔄 Restart #13 at 2025-10-06 21:04:30
[2025-10-06T21:05:11.469+0000] {docker.py:438} INFO - ==================================================
[2025-10-06T21:05:11.469+0000] {docker.py:438} INFO - Hello world - terminate function started!
[2025-10-06T21:05:11.469+0000] {docker.py:438} INFO - Selecting pods with label_selector: app=post-storage-service
[2025-10-06T21:05:11.470+0000] {docker.py:438} INFO - Found 1 pods initially
[2025-10-06T21:05:11.470+0000] {docker.py:438} INFO - Random selection: 1 pods
[2025-10-06T21:05:11.470+0000] {docker.py:438} INFO - Deleting pod: post-storage-service-769cf6947d-22nhb
[2025-10-06T21:05:11.470+0000] {docker.py:438} INFO - Deleted 1 pods: ['post-storage-service-769cf6947d-22nhb']
[2025-10-06T21:05:11.470+0000] {docker.py:438} INFO - ✅ Successfully restarted pods: ['post-storage-service-769cf6947d-22nhb']
[2025-10-06T21:05:11.471+0000] {docker.py:438} INFO - ⏳ Waiting 20 seconds until next restart...
[2025-10-06T21:05:11.471+0000] {docker.py:438} INFO - 📊 Time remaining: 55 seconds
[2025-10-06T21:05:11.471+0000] {docker.py:438} INFO - 
[2025-10-06T21:05:11.471+0000] {docker.py:438} INFO - ==================================================
[2025-10-06T21:05:11.471+0000] {docker.py:438} INFO - 🔄 Restart #14 at 2025-10-06 21:04:50
[2025-10-06T21:05:11.472+0000] {docker.py:438} INFO - ==================================================
[2025-10-06T21:05:11.472+0000] {docker.py:438} INFO - Hello world - terminate function started!
[2025-10-06T21:05:11.472+0000] {docker.py:438} INFO - Selecting pods with label_selector: app=post-storage-service
[2025-10-06T21:05:11.472+0000] {docker.py:438} INFO - Found 2 pods initially
[2025-10-06T21:05:11.472+0000] {docker.py:438} INFO - Random selection: 1 pods
[2025-10-06T21:05:11.472+0000] {docker.py:438} INFO - Deleting pod: post-storage-service-769cf6947d-22nhb
[2025-10-06T21:05:11.473+0000] {docker.py:438} INFO - Deleted 1 pods: ['post-storage-service-769cf6947d-22nhb']
[2025-10-06T21:05:11.473+0000] {docker.py:438} INFO - ✅ Successfully restarted pods: ['post-storage-service-769cf6947d-22nhb']
[2025-10-06T21:05:11.473+0000] {docker.py:438} INFO - ⏳ Waiting 20 seconds until next restart...
[2025-10-06T21:05:11.473+0000] {docker.py:438} INFO - 📊 Time remaining: 34 seconds
[2025-10-06T21:05:11.473+0000] {docker.py:438} INFO - 
[2025-10-06T21:05:11.474+0000] {docker.py:438} INFO - ==================================================
[2025-10-06T21:05:11.474+0000] {docker.py:438} INFO - 🔄 Restart #15 at 2025-10-06 21:05:11
[2025-10-06T21:05:11.474+0000] {docker.py:438} INFO - ==================================================
[2025-10-06T21:05:11.474+0000] {docker.py:438} INFO - Hello world - terminate function started!
[2025-10-06T21:05:11.474+0000] {docker.py:438} INFO - Selecting pods with label_selector: app=post-storage-service
[2025-10-06T21:05:11.840+0000] {docker.py:438} INFO - [32m[2025-10-06 21:05:11 INFO] Let's rollback...
[2025-10-06T21:05:11.841+0000] {docker.py:438} INFO - [32m[2025-10-06 21:05:11 INFO] Rollback: uncordon-all-nodes
[2025-10-06T21:05:11.841+0000] {docker.py:438} INFO - [32m[2025-10-06 21:05:11 INFO] Action: uncordon-all-nodes
[2025-10-06T21:05:12.824+0000] {docker.py:438} INFO - [32m[2025-10-06 21:05:12 INFO] Experiment ended with status: completed
[2025-10-06T21:05:12.825+0000] {docker.py:438} INFO - Found 1 pods initially
[2025-10-06T21:05:12.826+0000] {docker.py:438} INFO - Random selection: 1 pods
[2025-10-06T21:05:12.826+0000] {docker.py:438} INFO - Deleting pod: post-storage-service-769cf6947d-ls669
[2025-10-06T21:05:12.827+0000] {docker.py:438} INFO - Deleted 1 pods: ['post-storage-service-769cf6947d-ls669']
[2025-10-06T21:05:12.827+0000] {docker.py:438} INFO - ✅ Successfully restarted pods: ['post-storage-service-769cf6947d-ls669']
[2025-10-06T21:05:12.827+0000] {docker.py:438} INFO - ⏰ Less than 20 seconds remaining, stopping experiment
[2025-10-06T21:05:12.828+0000] {docker.py:438} INFO - 
[2025-10-06T21:05:12.828+0000] {docker.py:438} INFO - ==================================================
[2025-10-06T21:05:12.828+0000] {docker.py:438} INFO - 🏁 Experiment Completed!
[2025-10-06T21:05:12.829+0000] {docker.py:438} INFO - ==================================================
[2025-10-06T21:05:12.829+0000] {docker.py:438} INFO - 📈 Total restarts performed: 15
[2025-10-06T21:05:12.829+0000] {docker.py:438} INFO - ⏱️  Total duration: 286 seconds
[2025-10-06T21:05:12.830+0000] {docker.py:438} INFO - 📊 Average interval: 19.1 seconds
[2025-10-06T21:05:13.105+0000] {taskinstance.py:340} INFO - ::group::Post task execution logs
[2025-10-06T21:05:13.105+0000] {taskinstance.py:352} INFO - Marking task as SUCCESS. dag_id=Cordon_Uncordon_Node, task_id=apply_cordon_uncordon_node, run_id=scheduled__2025-10-06T18:00:00+00:00, execution_date=20251006T180000, start_date=20251006T210002, end_date=20251006T210513
[2025-10-06T21:05:13.140+0000] {local_task_job_runner.py:266} INFO - Task exited with return code 0
[2025-10-06T21:05:13.154+0000] {taskinstance.py:3900} INFO - 0 downstream tasks scheduled from follow-on schedule check
[2025-10-06T21:05:13.157+0000] {local_task_job_runner.py:245} INFO - ::endgroup::
