[2025-10-28T08:45:02.257+0000] {local_task_job_runner.py:123} INFO - ::group::Pre task execution logs
[2025-10-28T08:45:02.289+0000] {taskinstance.py:2612} INFO - Dependencies all met for dep_context=non-requeueable deps ti=<TaskInstance: Container_Restart.apply_container_restart_docker scheduled__2025-10-28T08:00:00+00:00 [queued]>
[2025-10-28T08:45:02.301+0000] {taskinstance.py:2612} INFO - Dependencies all met for dep_context=requeueable deps ti=<TaskInstance: Container_Restart.apply_container_restart_docker scheduled__2025-10-28T08:00:00+00:00 [queued]>
[2025-10-28T08:45:02.301+0000] {taskinstance.py:2865} INFO - Starting attempt 1 of 1
[2025-10-28T08:45:02.325+0000] {taskinstance.py:2888} INFO - Executing <Task(DockerOperator): apply_container_restart_docker> on 2025-10-28 08:00:00+00:00
[2025-10-28T08:45:02.340+0000] {standard_task_runner.py:72} INFO - Started process 3787 to run task
[2025-10-28T08:45:02.351+0000] {standard_task_runner.py:104} INFO - Running: ['***', 'tasks', 'run', 'Container_Restart', 'apply_container_restart_docker', 'scheduled__2025-10-28T08:00:00+00:00', '--job-id', '11114', '--raw', '--subdir', 'DAGS_FOLDER/dag_factory.py', '--cfg-path', '/tmp/tmphbggaf2o']
[2025-10-28T08:45:02.353+0000] {standard_task_runner.py:105} INFO - Job 11114: Subtask apply_container_restart_docker
[2025-10-28T08:45:02.439+0000] {task_command.py:467} INFO - Running <TaskInstance: Container_Restart.apply_container_restart_docker scheduled__2025-10-28T08:00:00+00:00 [running]> on host workflow.y2twbfvcjkaujnl2bmtbxunhcb.cx.internal.cloudapp.net
[2025-10-28T08:45:02.642+0000] {taskinstance.py:3131} INFO - Exporting env vars: AIRFLOW_CTX_DAG_OWNER='***' AIRFLOW_CTX_DAG_ID='Container_Restart' AIRFLOW_CTX_TASK_ID='apply_container_restart_docker' AIRFLOW_CTX_EXECUTION_DATE='2025-10-28T08:00:00+00:00' AIRFLOW_CTX_TRY_NUMBER='1' AIRFLOW_CTX_DAG_RUN_ID='scheduled__2025-10-28T08:00:00+00:00'
[2025-10-28T08:45:02.645+0000] {taskinstance.py:731} INFO - ::endgroup::
[2025-10-28T08:45:02.705+0000] {docker.py:367} INFO - Starting docker container from image priyanshu01ce/***_chaos:latest
[2025-10-28T08:45:03.395+0000] {docker.py:438} INFO - The container is run as root user. For security, consider using a regular user account.
[2025-10-28T08:45:21.430+0000] {docker.py:438} INFO - 
[2025-10-28T08:45:21.440+0000] {docker.py:438} INFO - total 2852
[2025-10-28T08:45:21.440+0000] {docker.py:438} INFO - drwxr-xr-x 6    1000 1000    4096 Oct 27 10:33 .
[2025-10-28T08:45:21.441+0000] {docker.py:438} INFO - drwxr-xr-x 1 *** root    4096 Sep 26 10:44 ..
[2025-10-28T08:45:21.441+0000] {docker.py:438} INFO - -rw-r--r-- 1    1000 1000    1193 Sep  8 07:02 API_Latency.json
[2025-10-28T08:45:21.442+0000] {docker.py:438} INFO - -rw-r--r-- 1    1000 1000     729 Sep  9 10:30 API_Timeout.json
[2025-10-28T08:45:21.442+0000] {docker.py:438} INFO - -rw-r--r-- 1    1000 1000    1331 Oct  7 18:22 Continuous_Load_Test_Azure.yaml
[2025-10-28T08:45:21.443+0000] {docker.py:438} INFO - -rw-r--r-- 1    1000 1000    1639 Oct 27 04:49 Memory_Stress_Test_Azure.yaml
[2025-10-28T08:45:21.443+0000] {docker.py:438} INFO - -rw-r--r-- 1    1000 1000    1178 Sep 30 18:19 Stress_Test_Azure.yaml
[2025-10-28T08:45:21.443+0000] {docker.py:438} INFO - drwxrwxr-x 2 root    root    4096 Oct 21 09:41 __pycache__
[2025-10-28T08:45:21.445+0000] {docker.py:438} INFO - drwxrwxr-x 5    1000 1000    4096 Oct 21 08:05 chaos_env
[2025-10-28T08:45:21.445+0000] {docker.py:438} INFO - -rw-r--r-- 1    1000 1000    8875 Sep 25 16:54 chaosk6_actions.py
[2025-10-28T08:45:21.446+0000] {docker.py:438} INFO - -rw-rw-r-- 1    1000 1000 2252793 Oct 28 08:14 chaostoolkit.log
[2025-10-28T08:45:21.446+0000] {docker.py:438} INFO - -rw-rw-r-- 1    1000 1000    1421 Oct 23 09:34 check.py
[2025-10-28T08:45:21.448+0000] {docker.py:438} INFO - -rw-r--r-- 1    1000 1000    3213 Sep  9 09:11 combined-sequential.json
[2025-10-28T08:45:21.448+0000] {docker.py:438} INFO - -rwxrwxr-x 1    1000 1000    1489 Oct 27 06:29 complete_chaos_mesh-cleanup.sh
[2025-10-28T08:45:21.448+0000] {docker.py:438} INFO - -rw-r--r-- 1    1000 1000     502 Sep 16 05:31 connection_test_experiment.json
[2025-10-28T08:45:21.449+0000] {docker.py:438} INFO - -rw-rw-r-- 1    1000 1000     692 Oct 24 01:43 container_probe.json
[2025-10-28T08:45:21.449+0000] {docker.py:438} INFO - -rw-rw-r-- 1    1000 1000    2533 Oct 23 09:28 container_probe.yaml
[2025-10-28T08:45:21.451+0000] {docker.py:438} INFO - -rw-r--r-- 1    1000 1000    1420 Sep 24 06:53 container_restart.json
[2025-10-28T08:45:21.452+0000] {docker.py:438} INFO - -rw-r--r-- 1    1000 1000   16452 Sep 26 09:59 container_restart.py
[2025-10-28T08:45:21.452+0000] {docker.py:438} INFO - -rw-r--r-- 1    1000 1000    1718 Oct 27 05:00 container_restart_Azure.yaml
[2025-10-28T08:45:21.452+0000] {docker.py:438} INFO - -rw-r--r-- 1    1000 1000    1409 Sep 18 12:30 continuous_load_test.json
[2025-10-28T08:45:21.455+0000] {docker.py:438} INFO - -rw-r--r-- 1    1000 1000    1637 Sep 25 10:13 cordon-uncordon-node.json
[2025-10-28T08:45:21.456+0000] {docker.py:438} INFO - -rw-r--r-- 1    1000 1000    1637 Sep 25 04:39 cordon_test.json
[2025-10-28T08:45:21.456+0000] {docker.py:438} INFO - -rw-r--r-- 1    1000 1000    1403 Oct 27 05:05 cordon_uncordon_node_Azure.yaml
[2025-10-28T08:45:21.456+0000] {docker.py:438} INFO - -rw-r--r-- 1    1000 1000    1203 Sep 30 06:51 cpu_stress_ng.json
[2025-10-28T08:45:21.457+0000] {docker.py:438} INFO - -rw-r--r-- 1    1000 1000    1760 Oct 21 08:00 db_cleanup.json
[2025-10-28T08:45:21.457+0000] {docker.py:438} INFO - -rw-r--r-- 1    1000 1000    6399 Sep 24 07:40 db_cleanup.py
[2025-10-28T08:45:21.458+0000] {docker.py:438} INFO - -rw-r--r-- 1    1000 1000    3217 Oct 28 08:14 journal.json
[2025-10-28T08:45:21.458+0000] {docker.py:438} INFO - -rw-rw-r-- 1 root    root  373705 Oct 28 08:14 k6_continuous_load.log
[2025-10-28T08:45:21.458+0000] {docker.py:438} INFO - -rw-r--r-- 1    1000 1000    3986 Oct 28 08:14 k6_continuous_summary.json
[2025-10-28T08:45:21.459+0000] {docker.py:438} INFO - -rw-r--r-- 1    1000 1000    3433 Sep 25 09:28 k6_summary.json
[2025-10-28T08:45:21.459+0000] {docker.py:438} INFO - -rw-r--r-- 1    1000 1000     989 Sep 30 09:24 kubernetes_actions.json
[2025-10-28T08:45:21.459+0000] {docker.py:438} INFO - -rw-r--r-- 1    1000 1000   10961 Sep 30 09:23 kubernetes_actions.py
[2025-10-28T08:45:21.462+0000] {docker.py:438} INFO - -rw-r--r-- 1    1000 1000     945 Sep 21 16:40 load_test.json
[2025-10-28T08:45:21.462+0000] {docker.py:438} INFO - -rw-r--r-- 1    1000 1000     528 Sep 17 12:13 max_connection_experiment.json
[2025-10-28T08:45:21.463+0000] {docker.py:438} INFO - -rw-r--r-- 1    1000 1000    1227 Sep 13 15:20 memory-stress-rollback.json
[2025-10-28T08:45:21.463+0000] {docker.py:438} INFO - -rw-rw-r-- 1    1000 1000     982 Oct 10 06:38 memory_stress.json
[2025-10-28T08:45:21.463+0000] {docker.py:438} INFO - -rw-rw-r-- 1    1000 1000    4581 Oct 10 06:38 memory_stress.py
[2025-10-28T08:45:21.464+0000] {docker.py:438} INFO - -rw-r--r-- 1    1000 1000    1421 Sep 29 05:20 mongo_db_container_restart.json
[2025-10-28T08:45:21.464+0000] {docker.py:438} INFO - -rw-r--r-- 1    1000 1000    7586 Sep 18 05:54 mongodb_actions.py
[2025-10-28T08:45:21.464+0000] {docker.py:438} INFO - -rw-r--r-- 1    1000 1000    2136 Sep 18 11:23 mongodb_connection.json
[2025-10-28T08:45:21.465+0000] {docker.py:438} INFO - -rw-r--r-- 1    1000 1000     597 Sep 16 09:17 mongodb_network_latency_experiment.json
[2025-10-28T08:45:21.465+0000] {docker.py:438} INFO - -rw-r--r-- 1    1000 1000    3657 Sep 18 05:42 mongodb_probes.py
[2025-10-28T08:45:21.466+0000] {docker.py:438} INFO - -rw-r--r-- 1    1000 1000    6161 Sep 12 08:04 pod_restart.py
[2025-10-28T08:45:21.466+0000] {docker.py:438} INFO - -rw-r--r-- 1    1000 1000    1497 Sep 30 05:50 redis_config_faults.py
[2025-10-28T08:45:21.467+0000] {docker.py:438} INFO - -rw-r--r-- 1    1000 1000     862 Sep 30 05:50 redis_experiment.json
[2025-10-28T08:45:21.467+0000] {docker.py:438} INFO - -rw-r--r-- 1    1000 1000     945 Sep 18 06:53 redis_load.json
[2025-10-28T08:45:21.468+0000] {docker.py:438} INFO - -rw-r--r-- 1    1000 1000    1609 Oct 27 05:10 redis_memory_stress_Azure.yaml
[2025-10-28T08:45:21.468+0000] {docker.py:438} INFO - -rw-rw-r-- 1    1000 1000    1333 Oct 21 09:39 reinitialize_application.yaml
[2025-10-28T08:45:21.472+0000] {docker.py:438} INFO - -rw-r--r-- 1    1000 1000    1284 Sep 25 10:53 run_load_test_with_cleanup.py
[2025-10-28T08:45:21.472+0000] {docker.py:438} INFO - -rw-rw-r-- 1    1000 1000    1307 Oct 27 10:33 sample_probe.yaml
[2025-10-28T08:45:21.472+0000] {docker.py:438} INFO - drwxr-xr-x 2    1000 1000    4096 Oct 22 06:46 scripts
[2025-10-28T08:45:21.473+0000] {docker.py:438} INFO - -rw-rw-r-- 1    1000 1000     272 Oct 27 08:51 simple-stress-test.yaml
[2025-10-28T08:45:21.473+0000] {docker.py:438} INFO - drwxr-xr-x 4    1000 1000    4096 Sep 30 09:41 socialNetwork
[2025-10-28T08:45:21.475+0000] {docker.py:438} INFO - -rw-r--r-- 1    1000 1000     821 Sep 26 13:20 stress_test.json
[2025-10-28T08:45:21.475+0000] {docker.py:438} INFO - -rw-rw-r-- 1    1000 1000     301 Oct 27 08:46 test-stress-fixed.yaml
[2025-10-28T08:45:21.475+0000] {docker.py:438} INFO - -rw-rw-r-- 1    1000 1000     295 Oct 27 08:49 test_after_fix.yaml
[2025-10-28T08:45:21.479+0000] {docker.py:438} INFO - -rw-r--r-- 1    1000 1000     367 Sep 17 07:24 test_params.json
[2025-10-28T08:45:21.482+0000] {docker.py:438} INFO - Starting continuous container restart experiment...
[2025-10-28T08:45:22.349+0000] {docker.py:438} INFO - [32m[2025-10-28 08:45:22 INFO] Validating the experiment's syntax
[2025-10-28T08:45:22.917+0000] {docker.py:438} INFO - [32m[2025-10-28 08:45:22 INFO] Experiment looks valid
[2025-10-28T08:45:22.919+0000] {docker.py:438} INFO - [32m[2025-10-28 08:45:22 INFO] Running experiment: Continuous Container Restart Experiment
[2025-10-28T08:45:22.924+0000] {docker.py:438} INFO - [32m[2025-10-28 08:45:22 INFO] Steady-state strategy: default
[2025-10-28T08:45:22.925+0000] {docker.py:438} INFO - [32m[2025-10-28 08:45:22 INFO] Rollbacks strategy: default
[2025-10-28T08:45:22.926+0000] {docker.py:438} INFO - [32m[2025-10-28 08:45:22 INFO] No steady state hypothesis defined. That's ok, just exploring.
[2025-10-28T08:45:22.927+0000] {docker.py:438} INFO - [32m[2025-10-28 08:45:22 INFO] Playing your experiment's method now...
[2025-10-28T08:45:22.928+0000] {docker.py:438} INFO - [32m[2025-10-28 08:45:22 INFO] Action: continuous-container-restart
[2025-10-28T08:45:48.523+0000] {docker.py:438} INFO - 🚀 [DEBUG] Entered restart_containers_continuous()
[2025-10-28T08:45:48.523+0000] {docker.py:438} INFO -    Params => label_selector=app=compose-post-service, interval=5, duration=400, ns=default, container_name=compose-post-service
[2025-10-28T08:45:48.526+0000] {docker.py:438} INFO - 
[2025-10-28T08:45:48.526+0000] {docker.py:438} INFO - ============================================================
[2025-10-28T08:45:48.527+0000] {docker.py:438} INFO - 🔄 [DEBUG] Container Restart Cycle #1 at 2025-10-28 08:45:22
[2025-10-28T08:45:48.542+0000] {docker.py:438} INFO - ============================================================
[2025-10-28T08:45:48.542+0000] {docker.py:438} INFO - 🔄 [DEBUG] Entered restart_containers()
[2025-10-28T08:45:48.543+0000] {docker.py:438} INFO -    Params => label_selector=app=compose-post-service, name_pattern=None, qty=2, rand=True, mode=fixed, ns=default, order=alphabetic, container_name=compose-post-service, restart_command=None
[2025-10-28T08:45:48.543+0000] {docker.py:438} INFO - 🔑 [DEBUG] Kubernetes API client created
[2025-10-28T08:45:48.544+0000] {docker.py:438} INFO - 🔍 [DEBUG] Selecting pods now...
[2025-10-28T08:45:48.544+0000] {docker.py:438} INFO - 🔍 [DEBUG] Entered _select_pods()
[2025-10-28T08:45:48.545+0000] {docker.py:438} INFO -    Params => label_selector=app=compose-post-service, name_pattern=None, all=False, rand=True, mode=fixed, qty=2, ns=default, order=alphabetic
[2025-10-28T08:45:48.546+0000] {docker.py:438} INFO -    [DEBUG] Listing pods with label_selector=app=compose-post-service
[2025-10-28T08:45:48.546+0000] {docker.py:438} INFO - 📋 [DEBUG] Found 1 pods initially
[2025-10-28T08:45:48.546+0000] {docker.py:438} INFO - 🎲 [DEBUG] Random selection chosen: 1 pods
[2025-10-28T08:45:48.548+0000] {docker.py:438} INFO - ✅ [DEBUG] Selected pods: ['compose-post-service-766bb57cf-lf229']
[2025-10-28T08:45:48.548+0000] {docker.py:438} INFO - 📋 [DEBUG] Pods selected: 1
[2025-10-28T08:45:48.549+0000] {docker.py:438} INFO - 
[2025-10-28T08:45:48.549+0000] {docker.py:438} INFO - 🎯 [DEBUG] Processing pod: compose-post-service-766bb57cf-lf229
[2025-10-28T08:45:48.549+0000] {docker.py:438} INFO - 📦 [DEBUG] Using provided container: compose-post-service
[2025-10-28T08:45:48.552+0000] {docker.py:438} INFO - 🔍 [DEBUG] _get_restart_count() called for pod=compose-post-service-766bb57cf-lf229, ns=default, container=compose-post-service
[2025-10-28T08:45:48.552+0000] {docker.py:438} INFO -    [DEBUG] Found 1 container_status entries
[2025-10-28T08:45:48.553+0000] {docker.py:438} INFO -    [DEBUG] container: compose-post-service, restart_count: 14
[2025-10-28T08:45:48.553+0000] {docker.py:438} INFO -    ✅ [DEBUG] Matched container compose-post-service, restart_count=14
[2025-10-28T08:45:48.553+0000] {docker.py:438} INFO - 📊 [DEBUG] Restart count before action: 14
[2025-10-28T08:45:48.554+0000] {docker.py:438} INFO - 🔧 [DEBUG] Restart strategies to try: [['sh', '-c', 'kill -INT 1'], ['sh', '-c', 'kill -2 1'], ['sh', '-c', 'kill -TERM 1'], ['sh', '-c', 'kill -9 1']]
[2025-10-28T08:45:48.554+0000] {docker.py:438} INFO - ➡️ [DEBUG] Trying restart strategy #1: sh -c kill -INT 1
[2025-10-28T08:45:48.555+0000] {docker.py:438} INFO -    [DEBUG] Exec stream opened successfully, running command...
[2025-10-28T08:45:48.555+0000] {docker.py:438} INFO -    [DEBUG] run_forever returned/finished
[2025-10-28T08:45:48.555+0000] {docker.py:438} INFO -    📤 [DEBUG] STDOUT (truncated): 
[2025-10-28T08:45:48.558+0000] {docker.py:438} INFO -    📤 [DEBUG] STDERR (truncated): 
[2025-10-28T08:45:48.558+0000] {docker.py:438} INFO -    📤 [DEBUG] CTRL_ERR: {"metadata":{},"status":"Success"}
[2025-10-28T08:45:48.559+0000] {docker.py:438} INFO -    ⏳ [DEBUG] Waiting up to 60s for restart count to increment...
[2025-10-28T08:45:48.559+0000] {docker.py:438} INFO - 🔍 [DEBUG] _get_restart_count() called for pod=compose-post-service-766bb57cf-lf229, ns=default, container=compose-post-service
[2025-10-28T08:45:48.559+0000] {docker.py:438} INFO -    [DEBUG] Found 1 container_status entries
[2025-10-28T08:45:48.560+0000] {docker.py:438} INFO -    [DEBUG] container: compose-post-service, restart_count: 14
[2025-10-28T08:45:48.560+0000] {docker.py:438} INFO -    ✅ [DEBUG] Matched container compose-post-service, restart_count=14
[2025-10-28T08:45:48.561+0000] {docker.py:438} INFO -    [DEBUG] Polled restart count: 14 (before was 14)
[2025-10-28T08:45:48.561+0000] {docker.py:438} INFO - 🔍 [DEBUG] _get_restart_count() called for pod=compose-post-service-766bb57cf-lf229, ns=default, container=compose-post-service
[2025-10-28T08:45:48.561+0000] {docker.py:438} INFO -    [DEBUG] Found 1 container_status entries
[2025-10-28T08:45:48.562+0000] {docker.py:438} INFO -    [DEBUG] container: compose-post-service, restart_count: 15
[2025-10-28T08:45:48.562+0000] {docker.py:438} INFO -    ✅ [DEBUG] Matched container compose-post-service, restart_count=15
[2025-10-28T08:45:48.563+0000] {docker.py:438} INFO -    [DEBUG] Polled restart count: 15 (before was 14)
[2025-10-28T08:45:48.563+0000] {docker.py:438} INFO -    ✅ [DEBUG] Restart observed: 14 -> 15
[2025-10-28T08:45:48.563+0000] {docker.py:438} INFO -    🎉 [DEBUG] Restart verified, breaking out of strategies loop
[2025-10-28T08:45:48.565+0000] {docker.py:438} INFO - 🔍 [DEBUG] _get_restart_count() called for pod=compose-post-service-766bb57cf-lf229, ns=default, container=compose-post-service
[2025-10-28T08:45:48.565+0000] {docker.py:438} INFO -    [DEBUG] Found 1 container_status entries
[2025-10-28T08:45:48.565+0000] {docker.py:438} INFO -    [DEBUG] container: compose-post-service, restart_count: 15
[2025-10-28T08:45:48.567+0000] {docker.py:438} INFO -    ✅ [DEBUG] Matched container compose-post-service, restart_count=15
[2025-10-28T08:45:48.567+0000] {docker.py:438} INFO - ✅ [DEBUG] Restart recorded for compose-post-service-766bb57cf-lf229: 14 -> 15
[2025-10-28T08:45:48.568+0000] {docker.py:438} INFO - 
[2025-10-28T08:45:48.568+0000] {docker.py:438} INFO - 🏁 [DEBUG] restart_containers() finished. Processed 1 pods
[2025-10-28T08:45:48.568+0000] {docker.py:438} INFO -    [DEBUG] restart_containers returned 1 entries
[2025-10-28T08:45:48.569+0000] {docker.py:438} INFO - ✅ [DEBUG] Successfully restarted this cycle: 1
[2025-10-28T08:45:48.569+0000] {docker.py:438} INFO -    📦 [DEBUG] compose-post-service-766bb57cf-lf229: restart_verified
[2025-10-28T08:45:48.571+0000] {docker.py:438} INFO - ⏳ [DEBUG] Waiting 5 seconds until next cycle. Time remaining: 396s
[2025-10-28T08:45:48.572+0000] {docker.py:438} INFO - 
[2025-10-28T08:45:48.572+0000] {docker.py:438} INFO - ============================================================
[2025-10-28T08:45:48.573+0000] {docker.py:438} INFO - 🔄 [DEBUG] Container Restart Cycle #2 at 2025-10-28 08:45:32
[2025-10-28T08:45:48.573+0000] {docker.py:438} INFO - ============================================================
[2025-10-28T08:45:48.573+0000] {docker.py:438} INFO - 🔄 [DEBUG] Entered restart_containers()
[2025-10-28T08:45:48.574+0000] {docker.py:438} INFO -    Params => label_selector=app=compose-post-service, name_pattern=None, qty=2, rand=True, mode=fixed, ns=default, order=alphabetic, container_name=compose-post-service, restart_command=None
[2025-10-28T08:45:48.574+0000] {docker.py:438} INFO - 🔑 [DEBUG] Kubernetes API client created
[2025-10-28T08:45:48.577+0000] {docker.py:438} INFO - 🔍 [DEBUG] Selecting pods now...
[2025-10-28T08:45:48.577+0000] {docker.py:438} INFO - 🔍 [DEBUG] Entered _select_pods()
[2025-10-28T08:45:48.577+0000] {docker.py:438} INFO -    Params => label_selector=app=compose-post-service, name_pattern=None, all=False, rand=True, mode=fixed, qty=2, ns=default, order=alphabetic
[2025-10-28T08:45:48.578+0000] {docker.py:438} INFO -    [DEBUG] Listing pods with label_selector=app=compose-post-service
[2025-10-28T08:45:48.578+0000] {docker.py:438} INFO - 📋 [DEBUG] Found 1 pods initially
[2025-10-28T08:45:48.579+0000] {docker.py:438} INFO - 🎲 [DEBUG] Random selection chosen: 1 pods
[2025-10-28T08:45:48.579+0000] {docker.py:438} INFO - ✅ [DEBUG] Selected pods: ['compose-post-service-766bb57cf-lf229']
[2025-10-28T08:45:48.579+0000] {docker.py:438} INFO - 📋 [DEBUG] Pods selected: 1
[2025-10-28T08:45:48.580+0000] {docker.py:438} INFO - 
[2025-10-28T08:45:48.580+0000] {docker.py:438} INFO - 🎯 [DEBUG] Processing pod: compose-post-service-766bb57cf-lf229
[2025-10-28T08:45:48.581+0000] {docker.py:438} INFO - 📦 [DEBUG] Using provided container: compose-post-service
[2025-10-28T08:45:48.581+0000] {docker.py:438} INFO - 🔍 [DEBUG] _get_restart_count() called for pod=compose-post-service-766bb57cf-lf229, ns=default, container=compose-post-service
[2025-10-28T08:45:48.581+0000] {docker.py:438} INFO -    [DEBUG] Found 1 container_status entries
[2025-10-28T08:45:48.582+0000] {docker.py:438} INFO -    [DEBUG] container: compose-post-service, restart_count: 15
[2025-10-28T08:45:48.582+0000] {docker.py:438} INFO -    ✅ [DEBUG] Matched container compose-post-service, restart_count=15
[2025-10-28T08:45:48.583+0000] {docker.py:438} INFO - 📊 [DEBUG] Restart count before action: 15
[2025-10-28T08:45:48.583+0000] {docker.py:438} INFO - 🔧 [DEBUG] Restart strategies to try: [['sh', '-c', 'kill -INT 1'], ['sh', '-c', 'kill -2 1'], ['sh', '-c', 'kill -TERM 1'], ['sh', '-c', 'kill -9 1']]
[2025-10-28T08:45:48.583+0000] {docker.py:438} INFO - ➡️ [DEBUG] Trying restart strategy #1: sh -c kill -INT 1
[2025-10-28T08:45:48.585+0000] {docker.py:438} INFO -    [DEBUG] Exec stream opened successfully, running command...
[2025-10-28T08:45:48.585+0000] {docker.py:438} INFO -    [DEBUG] run_forever returned/finished
[2025-10-28T08:45:48.585+0000] {docker.py:438} INFO -    📤 [DEBUG] STDOUT (truncated): 
[2025-10-28T08:45:48.587+0000] {docker.py:438} INFO -    📤 [DEBUG] STDERR (truncated): 
[2025-10-28T08:45:48.587+0000] {docker.py:438} INFO -    📤 [DEBUG] CTRL_ERR: {"metadata":{},"status":"Success"}
[2025-10-28T08:45:48.588+0000] {docker.py:438} INFO -    ⏳ [DEBUG] Waiting up to 60s for restart count to increment...
[2025-10-28T08:45:48.588+0000] {docker.py:438} INFO - 🔍 [DEBUG] _get_restart_count() called for pod=compose-post-service-766bb57cf-lf229, ns=default, container=compose-post-service
[2025-10-28T08:45:48.588+0000] {docker.py:438} INFO -    [DEBUG] Found 1 container_status entries
[2025-10-28T08:45:48.589+0000] {docker.py:438} INFO -    [DEBUG] container: compose-post-service, restart_count: 15
[2025-10-28T08:45:48.589+0000] {docker.py:438} INFO -    ✅ [DEBUG] Matched container compose-post-service, restart_count=15
[2025-10-28T08:45:48.592+0000] {docker.py:438} INFO -    [DEBUG] Polled restart count: 15 (before was 15)
[2025-10-28T08:45:48.592+0000] {docker.py:438} INFO - 🔍 [DEBUG] _get_restart_count() called for pod=compose-post-service-766bb57cf-lf229, ns=default, container=compose-post-service
[2025-10-28T08:45:48.592+0000] {docker.py:438} INFO -    [DEBUG] Found 1 container_status entries
[2025-10-28T08:45:48.593+0000] {docker.py:438} INFO -    [DEBUG] container: compose-post-service, restart_count: 15
[2025-10-28T08:45:48.593+0000] {docker.py:438} INFO -    ✅ [DEBUG] Matched container compose-post-service, restart_count=15
[2025-10-28T08:45:48.594+0000] {docker.py:438} INFO -    [DEBUG] Polled restart count: 15 (before was 15)
[2025-10-28T08:45:48.594+0000] {docker.py:438} INFO - 🔍 [DEBUG] _get_restart_count() called for pod=compose-post-service-766bb57cf-lf229, ns=default, container=compose-post-service
[2025-10-28T08:45:48.594+0000] {docker.py:438} INFO -    [DEBUG] Found 1 container_status entries
[2025-10-28T08:45:48.595+0000] {docker.py:438} INFO -    [DEBUG] container: compose-post-service, restart_count: 15
[2025-10-28T08:45:48.595+0000] {docker.py:438} INFO -    ✅ [DEBUG] Matched container compose-post-service, restart_count=15
[2025-10-28T08:45:48.595+0000] {docker.py:438} INFO -    [DEBUG] Polled restart count: 15 (before was 15)
[2025-10-28T08:45:48.596+0000] {docker.py:438} INFO - 🔍 [DEBUG] _get_restart_count() called for pod=compose-post-service-766bb57cf-lf229, ns=default, container=compose-post-service
[2025-10-28T08:45:48.596+0000] {docker.py:438} INFO -    [DEBUG] Found 1 container_status entries
[2025-10-28T08:45:48.598+0000] {docker.py:438} INFO -    [DEBUG] container: compose-post-service, restart_count: 15
[2025-10-28T08:45:48.598+0000] {docker.py:438} INFO -    ✅ [DEBUG] Matched container compose-post-service, restart_count=15
[2025-10-28T08:45:48.599+0000] {docker.py:438} INFO -    [DEBUG] Polled restart count: 15 (before was 15)
[2025-10-28T08:45:48.599+0000] {docker.py:438} INFO - 🔍 [DEBUG] _get_restart_count() called for pod=compose-post-service-766bb57cf-lf229, ns=default, container=compose-post-service
[2025-10-28T08:45:48.599+0000] {docker.py:438} INFO -    [DEBUG] Found 1 container_status entries
[2025-10-28T08:45:48.600+0000] {docker.py:438} INFO -    [DEBUG] container: compose-post-service, restart_count: 15
[2025-10-28T08:45:48.600+0000] {docker.py:438} INFO -    ✅ [DEBUG] Matched container compose-post-service, restart_count=15
[2025-10-28T08:45:48.601+0000] {docker.py:438} INFO -    [DEBUG] Polled restart count: 15 (before was 15)
[2025-10-28T08:45:48.602+0000] {docker.py:438} INFO - 🔍 [DEBUG] _get_restart_count() called for pod=compose-post-service-766bb57cf-lf229, ns=default, container=compose-post-service
[2025-10-28T08:45:48.602+0000] {docker.py:438} INFO -    [DEBUG] Found 1 container_status entries
[2025-10-28T08:45:48.603+0000] {docker.py:438} INFO -    [DEBUG] container: compose-post-service, restart_count: 15
[2025-10-28T08:45:48.603+0000] {docker.py:438} INFO -    ✅ [DEBUG] Matched container compose-post-service, restart_count=15
[2025-10-28T08:45:48.604+0000] {docker.py:438} INFO -    [DEBUG] Polled restart count: 15 (before was 15)
[2025-10-28T08:45:48.604+0000] {docker.py:438} INFO - 🔍 [DEBUG] _get_restart_count() called for pod=compose-post-service-766bb57cf-lf229, ns=default, container=compose-post-service
[2025-10-28T08:45:48.604+0000] {docker.py:438} INFO -    [DEBUG] Found 1 container_status entries
[2025-10-28T08:45:48.606+0000] {docker.py:438} INFO -    [DEBUG] container: compose-post-service, restart_count: 15
[2025-10-28T08:45:48.606+0000] {docker.py:438} INFO -    ✅ [DEBUG] Matched container compose-post-service, restart_count=15
[2025-10-28T08:45:48.607+0000] {docker.py:438} INFO -    [DEBUG] Polled restart count: 15 (before was 15)
[2025-10-28T08:45:48.607+0000] {docker.py:438} INFO - 🔍 [DEBUG] _get_restart_count() called for pod=compose-post-service-766bb57cf-lf229, ns=default, container=compose-post-service
[2025-10-28T08:46:20.645+0000] {docker.py:438} INFO - [DEBUG] Found 1 container_status entries
[2025-10-28T08:46:20.645+0000] {docker.py:438} INFO -    [DEBUG] container: compose-post-service, restart_count: 16
[2025-10-28T08:46:20.645+0000] {docker.py:438} INFO -    ✅ [DEBUG] Matched container compose-post-service, restart_count=16
[2025-10-28T08:46:20.646+0000] {docker.py:438} INFO -    [DEBUG] Polled restart count: 16 (before was 15)
[2025-10-28T08:46:20.646+0000] {docker.py:438} INFO -    ✅ [DEBUG] Restart observed: 15 -> 16
[2025-10-28T08:46:20.646+0000] {docker.py:438} INFO -    🎉 [DEBUG] Restart verified, breaking out of strategies loop
[2025-10-28T08:46:20.650+0000] {docker.py:438} INFO - 🔍 [DEBUG] _get_restart_count() called for pod=compose-post-service-766bb57cf-lf229, ns=default, container=compose-post-service
[2025-10-28T08:46:20.650+0000] {docker.py:438} INFO -    [DEBUG] Found 1 container_status entries
[2025-10-28T08:46:20.651+0000] {docker.py:438} INFO -    [DEBUG] container: compose-post-service, restart_count: 16
[2025-10-28T08:46:20.651+0000] {docker.py:438} INFO -    ✅ [DEBUG] Matched container compose-post-service, restart_count=16
[2025-10-28T08:46:20.652+0000] {docker.py:438} INFO - ✅ [DEBUG] Restart recorded for compose-post-service-766bb57cf-lf229: 15 -> 16
[2025-10-28T08:46:20.652+0000] {docker.py:438} INFO - 
[2025-10-28T08:46:20.652+0000] {docker.py:438} INFO - 🏁 [DEBUG] restart_containers() finished. Processed 1 pods
[2025-10-28T08:46:20.653+0000] {docker.py:438} INFO -    [DEBUG] restart_containers returned 1 entries
[2025-10-28T08:46:20.653+0000] {docker.py:438} INFO - ✅ [DEBUG] Successfully restarted this cycle: 1
[2025-10-28T08:46:20.654+0000] {docker.py:438} INFO -    📦 [DEBUG] compose-post-service-766bb57cf-lf229: restart_verified
[2025-10-28T08:46:20.654+0000] {docker.py:438} INFO - ⏳ [DEBUG] Waiting 5 seconds until next cycle. Time remaining: 374s
[2025-10-28T08:46:20.654+0000] {docker.py:438} INFO - 
[2025-10-28T08:46:20.655+0000] {docker.py:438} INFO - ============================================================
[2025-10-28T08:46:20.655+0000] {docker.py:438} INFO - 🔄 [DEBUG] Container Restart Cycle #3 at 2025-10-28 08:45:53
[2025-10-28T08:46:20.656+0000] {docker.py:438} INFO - ============================================================
[2025-10-28T08:46:20.656+0000] {docker.py:438} INFO - 🔄 [DEBUG] Entered restart_containers()
[2025-10-28T08:46:20.657+0000] {docker.py:438} INFO -    Params => label_selector=app=compose-post-service, name_pattern=None, qty=2, rand=True, mode=fixed, ns=default, order=alphabetic, container_name=compose-post-service, restart_command=None
[2025-10-28T08:46:20.657+0000] {docker.py:438} INFO - 🔑 [DEBUG] Kubernetes API client created
[2025-10-28T08:46:20.657+0000] {docker.py:438} INFO - 🔍 [DEBUG] Selecting pods now...
[2025-10-28T08:46:20.658+0000] {docker.py:438} INFO - 🔍 [DEBUG] Entered _select_pods()
[2025-10-28T08:46:20.658+0000] {docker.py:438} INFO -    Params => label_selector=app=compose-post-service, name_pattern=None, all=False, rand=True, mode=fixed, qty=2, ns=default, order=alphabetic
[2025-10-28T08:46:20.659+0000] {docker.py:438} INFO -    [DEBUG] Listing pods with label_selector=app=compose-post-service
[2025-10-28T08:46:20.659+0000] {docker.py:438} INFO - 📋 [DEBUG] Found 1 pods initially
[2025-10-28T08:46:20.659+0000] {docker.py:438} INFO - 🎲 [DEBUG] Random selection chosen: 1 pods
[2025-10-28T08:46:20.660+0000] {docker.py:438} INFO - ✅ [DEBUG] Selected pods: ['compose-post-service-766bb57cf-lf229']
[2025-10-28T08:46:20.660+0000] {docker.py:438} INFO - 📋 [DEBUG] Pods selected: 1
[2025-10-28T08:46:20.661+0000] {docker.py:438} INFO - 
[2025-10-28T08:46:20.661+0000] {docker.py:438} INFO - 🎯 [DEBUG] Processing pod: compose-post-service-766bb57cf-lf229
[2025-10-28T08:46:20.662+0000] {docker.py:438} INFO - 📦 [DEBUG] Using provided container: compose-post-service
[2025-10-28T08:46:20.662+0000] {docker.py:438} INFO - 🔍 [DEBUG] _get_restart_count() called for pod=compose-post-service-766bb57cf-lf229, ns=default, container=compose-post-service
[2025-10-28T08:46:20.663+0000] {docker.py:438} INFO -    [DEBUG] Found 1 container_status entries
[2025-10-28T08:46:20.663+0000] {docker.py:438} INFO -    [DEBUG] container: compose-post-service, restart_count: 16
[2025-10-28T08:46:20.663+0000] {docker.py:438} INFO -    ✅ [DEBUG] Matched container compose-post-service, restart_count=16
[2025-10-28T08:46:20.664+0000] {docker.py:438} INFO - 📊 [DEBUG] Restart count before action: 16
[2025-10-28T08:46:20.664+0000] {docker.py:438} INFO - 🔧 [DEBUG] Restart strategies to try: [['sh', '-c', 'kill -INT 1'], ['sh', '-c', 'kill -2 1'], ['sh', '-c', 'kill -TERM 1'], ['sh', '-c', 'kill -9 1']]
[2025-10-28T08:46:20.665+0000] {docker.py:438} INFO - ➡️ [DEBUG] Trying restart strategy #1: sh -c kill -INT 1
[2025-10-28T08:46:20.665+0000] {docker.py:438} INFO -    [DEBUG] Exec stream opened successfully, running command...
[2025-10-28T08:46:20.666+0000] {docker.py:438} INFO -    [DEBUG] run_forever returned/finished
[2025-10-28T08:46:20.666+0000] {docker.py:438} INFO -    📤 [DEBUG] STDOUT (truncated): 
[2025-10-28T08:46:20.666+0000] {docker.py:438} INFO -    📤 [DEBUG] STDERR (truncated): 
[2025-10-28T08:46:20.667+0000] {docker.py:438} INFO -    📤 [DEBUG] CTRL_ERR: {"metadata":{},"status":"Success"}
[2025-10-28T08:46:20.667+0000] {docker.py:438} INFO -    ⏳ [DEBUG] Waiting up to 60s for restart count to increment...
[2025-10-28T08:46:20.668+0000] {docker.py:438} INFO - 🔍 [DEBUG] _get_restart_count() called for pod=compose-post-service-766bb57cf-lf229, ns=default, container=compose-post-service
[2025-10-28T08:46:20.668+0000] {docker.py:438} INFO -    [DEBUG] Found 1 container_status entries
[2025-10-28T08:46:20.669+0000] {docker.py:438} INFO -    [DEBUG] container: compose-post-service, restart_count: 16
[2025-10-28T08:46:20.669+0000] {docker.py:438} INFO -    ✅ [DEBUG] Matched container compose-post-service, restart_count=16
[2025-10-28T08:46:20.670+0000] {docker.py:438} INFO -    [DEBUG] Polled restart count: 16 (before was 16)
[2025-10-28T08:46:20.670+0000] {docker.py:438} INFO - 🔍 [DEBUG] _get_restart_count() called for pod=compose-post-service-766bb57cf-lf229, ns=default, container=compose-post-service
[2025-10-28T08:46:20.670+0000] {docker.py:438} INFO -    [DEBUG] Found 1 container_status entries
[2025-10-28T08:46:20.671+0000] {docker.py:438} INFO -    [DEBUG] container: compose-post-service, restart_count: 16
[2025-10-28T08:46:20.671+0000] {docker.py:438} INFO -    ✅ [DEBUG] Matched container compose-post-service, restart_count=16
[2025-10-28T08:46:20.672+0000] {docker.py:438} INFO -    [DEBUG] Polled restart count: 16 (before was 16)
[2025-10-28T08:46:20.672+0000] {docker.py:438} INFO - 🔍 [DEBUG] _get_restart_count() called for pod=compose-post-service-766bb57cf-lf229, ns=default, container=compose-post-service
[2025-10-28T08:46:20.673+0000] {docker.py:438} INFO -    [DEBUG] Found 1 container_status entries
[2025-10-28T08:46:20.673+0000] {docker.py:438} INFO -    [DEBUG] container: compose-post-service, restart_count: 16
[2025-10-28T08:46:20.673+0000] {docker.py:438} INFO -    ✅ [DEBUG] Matched container compose-post-service, restart_count=16
[2025-10-28T08:46:20.674+0000] {docker.py:438} INFO -    [DEBUG] Polled restart count: 16 (before was 16)
[2025-10-28T08:46:20.674+0000] {docker.py:438} INFO - 🔍 [DEBUG] _get_restart_count() called for pod=compose-post-service-766bb57cf-lf229, ns=default, container=compose-post-service
[2025-10-28T08:46:20.675+0000] {docker.py:438} INFO -    [DEBUG] Found 1 container_status entries
[2025-10-28T08:46:20.675+0000] {docker.py:438} INFO -    [DEBUG] container: compose-post-service, restart_count: 16
[2025-10-28T08:46:20.675+0000] {docker.py:438} INFO -    ✅ [DEBUG] Matched container compose-post-service, restart_count=16
[2025-10-28T08:46:20.676+0000] {docker.py:438} INFO -    [DEBUG] Polled restart count: 16 (before was 16)
[2025-10-28T08:46:20.676+0000] {docker.py:438} INFO - 🔍 [DEBUG] _get_restart_count() called for pod=compose-post-service-766bb57cf-lf229, ns=default, container=compose-post-service
[2025-10-28T08:46:20.677+0000] {docker.py:438} INFO -    [DEBUG] Found 1 container_status entries
[2025-10-28T08:46:20.677+0000] {docker.py:438} INFO -    [DEBUG] container: compose-post-service, restart_count: 16
[2025-10-28T08:46:20.677+0000] {docker.py:438} INFO -    ✅ [DEBUG] Matched container compose-post-service, restart_count=16
[2025-10-28T08:46:20.678+0000] {docker.py:438} INFO -    [DEBUG] Polled restart count: 16 (before was 16)
[2025-10-28T08:46:20.678+0000] {docker.py:438} INFO - 🔍 [DEBUG] _get_restart_count() called for pod=compose-post-service-766bb57cf-lf229, ns=default, container=compose-post-service
[2025-10-28T08:46:20.679+0000] {docker.py:438} INFO -    [DEBUG] Found 1 container_status entries
[2025-10-28T08:46:20.679+0000] {docker.py:438} INFO -    [DEBUG] container: compose-post-service, restart_count: 16
[2025-10-28T08:46:20.680+0000] {docker.py:438} INFO -    ✅ [DEBUG] Matched container compose-post-service, restart_count=16
[2025-10-28T08:46:20.680+0000] {docker.py:438} INFO -    [DEBUG] Polled restart count: 16 (before was 16)
[2025-10-28T08:46:20.680+0000] {docker.py:438} INFO - 🔍 [DEBUG] _get_restart_count() called for pod=compose-post-service-766bb57cf-lf229, ns=default, container=compose-post-service
[2025-10-28T08:46:20.681+0000] {docker.py:438} INFO -    [DEBUG] Found 1 container_status entries
[2025-10-28T08:46:20.681+0000] {docker.py:438} INFO -    [DEBUG] container: compose-post-service, restart_count: 16
[2025-10-28T08:46:20.682+0000] {docker.py:438} INFO -    ✅ [DEBUG] Matched container compose-post-service, restart_count=16
[2025-10-28T08:46:20.682+0000] {docker.py:438} INFO -    [DEBUG] Polled restart count: 16 (before was 16)
[2025-10-28T08:46:20.682+0000] {docker.py:438} INFO - 🔍 [DEBUG] _get_restart_count() called for pod=compose-post-service-766bb57cf-lf229, ns=default, container=compose-post-service
[2025-10-28T08:46:20.683+0000] {docker.py:438} INFO -    [DEBUG] Found 1 container_status entries
[2025-10-28T08:46:20.683+0000] {docker.py:438} INFO -    [DEBUG] container: compose-post-service, restart_count: 16
[2025-10-28T08:46:20.684+0000] {docker.py:438} INFO -    ✅ [DEBUG] Matched container compose-post-service, restart_count=16
[2025-10-28T08:46:20.684+0000] {docker.py:438} INFO -    [DEBUG] Polled restart count: 16 (before was 16)
[2025-10-28T08:46:20.684+0000] {docker.py:438} INFO - 🔍 [DEBUG] _get_restart_count() called for pod=compose-post-service-766bb57cf-lf229, ns=default, container=compose-post-service
[2025-10-28T08:46:20.685+0000] {docker.py:438} INFO -    [DEBUG] Found 1 container_status entries
[2025-10-28T08:46:20.686+0000] {docker.py:438} INFO -    [DEBUG] container: compose-post-service, restart_count: 16
[2025-10-28T08:46:20.686+0000] {docker.py:438} INFO -    ✅ [DEBUG] Matched container compose-post-service, restart_count=16
[2025-10-28T08:46:20.687+0000] {docker.py:438} INFO -    [DEBUG] Polled restart count: 16 (before was 16)
[2025-10-28T08:46:20.687+0000] {docker.py:438} INFO - 🔍 [DEBUG] _get_restart_count() called for pod=compose-post-service-766bb57cf-lf229, ns=default, container=compose-post-service
[2025-10-28T08:46:20.688+0000] {docker.py:438} INFO -    [DEBUG] Found 1 container_status entries
[2025-10-28T08:46:20.688+0000] {docker.py:438} INFO -    [DEBUG] container: compose-post-service, restart_count: 16
[2025-10-28T08:46:20.688+0000] {docker.py:438} INFO -    ✅ [DEBUG] Matched container compose-post-service, restart_count=16
[2025-10-28T08:46:20.689+0000] {docker.py:438} INFO -    [DEBUG] Polled restart count: 16 (before was 16)
[2025-10-28T08:46:20.689+0000] {docker.py:438} INFO - 🔍 [DEBUG] _get_restart_count() called for pod=compose-post-service-766bb57cf-lf229, ns=default, container=compose-post-service
[2025-10-28T08:46:20.690+0000] {docker.py:438} INFO -    [DEBUG] Found 1 container_status entries
[2025-10-28T08:46:20.690+0000] {docker.py:438} INFO -    [DEBUG] container: compose-post-service, restart_count: 16
[2025-10-28T08:46:20.691+0000] {docker.py:438} INFO -    ✅ [DEBUG] Matched container compose-post-service, restart_count=16
[2025-10-28T08:46:20.691+0000] {docker.py:438} INFO -    [DEBUG] Polled restart count: 16 (before was 16)
[2025-10-28T08:46:20.691+0000] {docker.py:438} INFO - 🔍 [DEBUG] _get_restart_count() called for pod=compose-post-service-766bb57cf-lf229, ns=default, container=compose-post-service
[2025-10-28T08:46:20.692+0000] {docker.py:438} INFO -    [DEBUG] Found 1 container_status entries
[2025-10-28T08:46:20.692+0000] {docker.py:438} INFO -    [DEBUG] container: compose-post-service, restart_count: 16
[2025-10-28T08:46:20.693+0000] {docker.py:438} INFO -    ✅ [DEBUG] Matched container compose-post-service, restart_count=16
[2025-10-28T08:46:20.693+0000] {docker.py:438} INFO -    [DEBUG] Polled restart count: 16 (before was 16)
[2025-10-28T08:46:20.693+0000] {docker.py:438} INFO - 🔍 [DEBUG] _get_restart_count() called for pod=compose-post-service-766bb57cf-lf229, ns=default, container=compose-post-service
[2025-10-28T08:46:20.694+0000] {docker.py:438} INFO -    [DEBUG] Found 1 container_status entries
[2025-10-28T08:46:20.694+0000] {docker.py:438} INFO -    [DEBUG] container: compose-post-service, restart_count: 17
[2025-10-28T08:46:20.695+0000] {docker.py:438} INFO -    ✅ [DEBUG] Matched container compose-post-service, restart_count=17
[2025-10-28T08:46:20.695+0000] {docker.py:438} INFO -    [DEBUG] Polled restart count: 17 (before was 16)
[2025-10-28T08:46:20.696+0000] {docker.py:438} INFO -    ✅ [DEBUG] Restart observed: 16 -> 17
[2025-10-28T08:46:20.696+0000] {docker.py:438} INFO -    🎉 [DEBUG] Restart verified, breaking out of strategies loop
[2025-10-28T08:46:20.696+0000] {docker.py:438} INFO - 🔍 [DEBUG] _get_restart_count() called for pod=compose-post-service-766bb57cf-lf229, ns=default, container=compose-post-service
[2025-10-28T08:46:20.697+0000] {docker.py:438} INFO -    [DEBUG] Found 1 container_status entries
[2025-10-28T08:46:20.697+0000] {docker.py:438} INFO -    [DEBUG] container: compose-post-service, restart_count: 17
[2025-10-28T08:46:20.698+0000] {docker.py:438} INFO -    ✅ [DEBUG] Matched container compose-post-service, restart_count=17
[2025-10-28T08:46:20.698+0000] {docker.py:438} INFO - ✅ [DEBUG] Restart recorded for compose-post-service-766bb57cf-lf229: 16 -> 17
[2025-10-28T08:46:20.698+0000] {docker.py:438} INFO - 
[2025-10-28T08:46:20.699+0000] {docker.py:438} INFO - 🏁 [DEBUG] restart_containers() finished. Processed 1 pods
[2025-10-28T08:46:20.699+0000] {docker.py:438} INFO -    [DEBUG] restart_containers returned 1 entries
[2025-10-28T08:47:00.775+0000] {docker.py:438} INFO - ✅ [DEBUG] Successfully restarted this cycle: 1
[2025-10-28T08:47:00.775+0000] {docker.py:438} INFO -    📦 [DEBUG] compose-post-service-766bb57cf-lf229: restart_verified
[2025-10-28T08:47:00.776+0000] {docker.py:438} INFO - ⏳ [DEBUG] Waiting 5 seconds until next cycle. Time remaining: 342s
[2025-10-28T08:47:00.776+0000] {docker.py:438} INFO - 
[2025-10-28T08:47:00.776+0000] {docker.py:438} INFO - ============================================================
[2025-10-28T08:47:00.777+0000] {docker.py:438} INFO - 🔄 [DEBUG] Container Restart Cycle #4 at 2025-10-28 08:46:25
[2025-10-28T08:47:00.777+0000] {docker.py:438} INFO - ============================================================
[2025-10-28T08:47:00.777+0000] {docker.py:438} INFO - 🔄 [DEBUG] Entered restart_containers()
[2025-10-28T08:47:00.777+0000] {docker.py:438} INFO -    Params => label_selector=app=compose-post-service, name_pattern=None, qty=2, rand=True, mode=fixed, ns=default, order=alphabetic, container_name=compose-post-service, restart_command=None
[2025-10-28T08:47:00.778+0000] {docker.py:438} INFO - 🔑 [DEBUG] Kubernetes API client created
[2025-10-28T08:47:00.778+0000] {docker.py:438} INFO - 🔍 [DEBUG] Selecting pods now...
[2025-10-28T08:47:00.778+0000] {docker.py:438} INFO - 🔍 [DEBUG] Entered _select_pods()
[2025-10-28T08:47:00.778+0000] {docker.py:438} INFO -    Params => label_selector=app=compose-post-service, name_pattern=None, all=False, rand=True, mode=fixed, qty=2, ns=default, order=alphabetic
[2025-10-28T08:47:00.778+0000] {docker.py:438} INFO -    [DEBUG] Listing pods with label_selector=app=compose-post-service
[2025-10-28T08:47:00.779+0000] {docker.py:438} INFO - 📋 [DEBUG] Found 1 pods initially
[2025-10-28T08:47:00.779+0000] {docker.py:438} INFO - 🎲 [DEBUG] Random selection chosen: 1 pods
[2025-10-28T08:47:00.779+0000] {docker.py:438} INFO - ✅ [DEBUG] Selected pods: ['compose-post-service-766bb57cf-lf229']
[2025-10-28T08:47:00.779+0000] {docker.py:438} INFO - 📋 [DEBUG] Pods selected: 1
[2025-10-28T08:47:00.780+0000] {docker.py:438} INFO - 
[2025-10-28T08:47:00.780+0000] {docker.py:438} INFO - 🎯 [DEBUG] Processing pod: compose-post-service-766bb57cf-lf229
[2025-10-28T08:47:00.780+0000] {docker.py:438} INFO - 📦 [DEBUG] Using provided container: compose-post-service
[2025-10-28T08:47:00.780+0000] {docker.py:438} INFO - 🔍 [DEBUG] _get_restart_count() called for pod=compose-post-service-766bb57cf-lf229, ns=default, container=compose-post-service
[2025-10-28T08:47:00.780+0000] {docker.py:438} INFO -    [DEBUG] Found 1 container_status entries
[2025-10-28T08:47:00.781+0000] {docker.py:438} INFO -    [DEBUG] container: compose-post-service, restart_count: 17
[2025-10-28T08:47:00.781+0000] {docker.py:438} INFO -    ✅ [DEBUG] Matched container compose-post-service, restart_count=17
[2025-10-28T08:47:00.781+0000] {docker.py:438} INFO - 📊 [DEBUG] Restart count before action: 17
[2025-10-28T08:47:00.781+0000] {docker.py:438} INFO - 🔧 [DEBUG] Restart strategies to try: [['sh', '-c', 'kill -INT 1'], ['sh', '-c', 'kill -2 1'], ['sh', '-c', 'kill -TERM 1'], ['sh', '-c', 'kill -9 1']]
[2025-10-28T08:47:00.782+0000] {docker.py:438} INFO - ➡️ [DEBUG] Trying restart strategy #1: sh -c kill -INT 1
[2025-10-28T08:47:00.782+0000] {docker.py:438} INFO -    [DEBUG] Exec stream opened successfully, running command...
[2025-10-28T08:47:00.782+0000] {docker.py:438} INFO -    [DEBUG] run_forever returned/finished
[2025-10-28T08:47:00.782+0000] {docker.py:438} INFO -    📤 [DEBUG] STDOUT (truncated): 
[2025-10-28T08:47:00.782+0000] {docker.py:438} INFO -    📤 [DEBUG] STDERR (truncated): 
[2025-10-28T08:47:00.783+0000] {docker.py:438} INFO -    📤 [DEBUG] CTRL_ERR: {"metadata":{},"status":"Success"}
[2025-10-28T08:47:00.783+0000] {docker.py:438} INFO -    ⏳ [DEBUG] Waiting up to 60s for restart count to increment...
[2025-10-28T08:47:00.783+0000] {docker.py:438} INFO - 🔍 [DEBUG] _get_restart_count() called for pod=compose-post-service-766bb57cf-lf229, ns=default, container=compose-post-service
[2025-10-28T08:47:00.783+0000] {docker.py:438} INFO -    [DEBUG] Found 1 container_status entries
[2025-10-28T08:47:00.784+0000] {docker.py:438} INFO -    [DEBUG] container: compose-post-service, restart_count: 17
[2025-10-28T08:47:00.784+0000] {docker.py:438} INFO -    ✅ [DEBUG] Matched container compose-post-service, restart_count=17
[2025-10-28T08:47:00.784+0000] {docker.py:438} INFO -    [DEBUG] Polled restart count: 17 (before was 17)
[2025-10-28T08:47:00.784+0000] {docker.py:438} INFO - 🔍 [DEBUG] _get_restart_count() called for pod=compose-post-service-766bb57cf-lf229, ns=default, container=compose-post-service
[2025-10-28T08:47:00.785+0000] {docker.py:438} INFO -    [DEBUG] Found 1 container_status entries
[2025-10-28T08:47:00.785+0000] {docker.py:438} INFO -    [DEBUG] container: compose-post-service, restart_count: 17
[2025-10-28T08:47:00.785+0000] {docker.py:438} INFO -    ✅ [DEBUG] Matched container compose-post-service, restart_count=17
[2025-10-28T08:47:00.785+0000] {docker.py:438} INFO -    [DEBUG] Polled restart count: 17 (before was 17)
[2025-10-28T08:47:00.786+0000] {docker.py:438} INFO - 🔍 [DEBUG] _get_restart_count() called for pod=compose-post-service-766bb57cf-lf229, ns=default, container=compose-post-service
[2025-10-28T08:47:00.786+0000] {docker.py:438} INFO -    [DEBUG] Found 1 container_status entries
[2025-10-28T08:47:00.786+0000] {docker.py:438} INFO -    [DEBUG] container: compose-post-service, restart_count: 17
[2025-10-28T08:47:00.786+0000] {docker.py:438} INFO -    ✅ [DEBUG] Matched container compose-post-service, restart_count=17
[2025-10-28T08:47:00.786+0000] {docker.py:438} INFO -    [DEBUG] Polled restart count: 17 (before was 17)
[2025-10-28T08:47:00.787+0000] {docker.py:438} INFO - 🔍 [DEBUG] _get_restart_count() called for pod=compose-post-service-766bb57cf-lf229, ns=default, container=compose-post-service
[2025-10-28T08:47:00.787+0000] {docker.py:438} INFO -    [DEBUG] Found 1 container_status entries
[2025-10-28T08:47:00.787+0000] {docker.py:438} INFO -    [DEBUG] container: compose-post-service, restart_count: 17
[2025-10-28T08:47:00.787+0000] {docker.py:438} INFO -    ✅ [DEBUG] Matched container compose-post-service, restart_count=17
[2025-10-28T08:47:00.788+0000] {docker.py:438} INFO -    [DEBUG] Polled restart count: 17 (before was 17)
[2025-10-28T08:47:00.788+0000] {docker.py:438} INFO - 🔍 [DEBUG] _get_restart_count() called for pod=compose-post-service-766bb57cf-lf229, ns=default, container=compose-post-service
[2025-10-28T08:47:00.788+0000] {docker.py:438} INFO -    [DEBUG] Found 1 container_status entries
[2025-10-28T08:47:00.788+0000] {docker.py:438} INFO -    [DEBUG] container: compose-post-service, restart_count: 17
[2025-10-28T08:47:00.788+0000] {docker.py:438} INFO -    ✅ [DEBUG] Matched container compose-post-service, restart_count=17
[2025-10-28T08:47:00.789+0000] {docker.py:438} INFO -    [DEBUG] Polled restart count: 17 (before was 17)
[2025-10-28T08:47:00.789+0000] {docker.py:438} INFO - 🔍 [DEBUG] _get_restart_count() called for pod=compose-post-service-766bb57cf-lf229, ns=default, container=compose-post-service
[2025-10-28T08:47:00.789+0000] {docker.py:438} INFO -    [DEBUG] Found 1 container_status entries
[2025-10-28T08:47:00.789+0000] {docker.py:438} INFO -    [DEBUG] container: compose-post-service, restart_count: 17
[2025-10-28T08:47:00.790+0000] {docker.py:438} INFO -    ✅ [DEBUG] Matched container compose-post-service, restart_count=17
[2025-10-28T08:47:00.790+0000] {docker.py:438} INFO -    [DEBUG] Polled restart count: 17 (before was 17)
[2025-10-28T08:47:00.790+0000] {docker.py:438} INFO - 🔍 [DEBUG] _get_restart_count() called for pod=compose-post-service-766bb57cf-lf229, ns=default, container=compose-post-service
[2025-10-28T08:47:00.790+0000] {docker.py:438} INFO -    [DEBUG] Found 1 container_status entries
[2025-10-28T08:47:00.790+0000] {docker.py:438} INFO -    [DEBUG] container: compose-post-service, restart_count: 17
[2025-10-28T08:47:00.791+0000] {docker.py:438} INFO -    ✅ [DEBUG] Matched container compose-post-service, restart_count=17
[2025-10-28T08:47:00.791+0000] {docker.py:438} INFO -    [DEBUG] Polled restart count: 17 (before was 17)
[2025-10-28T08:47:00.791+0000] {docker.py:438} INFO - 🔍 [DEBUG] _get_restart_count() called for pod=compose-post-service-766bb57cf-lf229, ns=default, container=compose-post-service
[2025-10-28T08:47:00.791+0000] {docker.py:438} INFO -    [DEBUG] Found 1 container_status entries
[2025-10-28T08:47:00.791+0000] {docker.py:438} INFO -    [DEBUG] container: compose-post-service, restart_count: 17
[2025-10-28T08:47:00.792+0000] {docker.py:438} INFO -    ✅ [DEBUG] Matched container compose-post-service, restart_count=17
[2025-10-28T08:47:00.792+0000] {docker.py:438} INFO -    [DEBUG] Polled restart count: 17 (before was 17)
[2025-10-28T08:47:00.792+0000] {docker.py:438} INFO - 🔍 [DEBUG] _get_restart_count() called for pod=compose-post-service-766bb57cf-lf229, ns=default, container=compose-post-service
[2025-10-28T08:47:00.792+0000] {docker.py:438} INFO -    [DEBUG] Found 1 container_status entries
[2025-10-28T08:47:00.793+0000] {docker.py:438} INFO -    [DEBUG] container: compose-post-service, restart_count: 17
[2025-10-28T08:47:00.793+0000] {docker.py:438} INFO -    ✅ [DEBUG] Matched container compose-post-service, restart_count=17
[2025-10-28T08:47:00.793+0000] {docker.py:438} INFO -    [DEBUG] Polled restart count: 17 (before was 17)
[2025-10-28T08:47:00.793+0000] {docker.py:438} INFO - 🔍 [DEBUG] _get_restart_count() called for pod=compose-post-service-766bb57cf-lf229, ns=default, container=compose-post-service
[2025-10-28T08:47:00.794+0000] {docker.py:438} INFO -    [DEBUG] Found 1 container_status entries
[2025-10-28T08:47:00.794+0000] {docker.py:438} INFO -    [DEBUG] container: compose-post-service, restart_count: 17
[2025-10-28T08:47:00.794+0000] {docker.py:438} INFO -    ✅ [DEBUG] Matched container compose-post-service, restart_count=17
[2025-10-28T08:47:00.794+0000] {docker.py:438} INFO -    [DEBUG] Polled restart count: 17 (before was 17)
[2025-10-28T08:47:00.795+0000] {docker.py:438} INFO - 🔍 [DEBUG] _get_restart_count() called for pod=compose-post-service-766bb57cf-lf229, ns=default, container=compose-post-service
[2025-10-28T08:47:00.795+0000] {docker.py:438} INFO -    [DEBUG] Found 1 container_status entries
[2025-10-28T08:47:00.795+0000] {docker.py:438} INFO -    [DEBUG] container: compose-post-service, restart_count: 17
[2025-10-28T08:47:00.795+0000] {docker.py:438} INFO -    ✅ [DEBUG] Matched container compose-post-service, restart_count=17
[2025-10-28T08:47:00.796+0000] {docker.py:438} INFO -    [DEBUG] Polled restart count: 17 (before was 17)
[2025-10-28T08:47:00.796+0000] {docker.py:438} INFO - 🔍 [DEBUG] _get_restart_count() called for pod=compose-post-service-766bb57cf-lf229, ns=default, container=compose-post-service
[2025-10-28T08:47:00.796+0000] {docker.py:438} INFO -    [DEBUG] Found 1 container_status entries
[2025-10-28T08:47:00.797+0000] {docker.py:438} INFO -    [DEBUG] container: compose-post-service, restart_count: 17
[2025-10-28T08:47:00.797+0000] {docker.py:438} INFO -    ✅ [DEBUG] Matched container compose-post-service, restart_count=17
[2025-10-28T08:47:00.797+0000] {docker.py:438} INFO -    [DEBUG] Polled restart count: 17 (before was 17)
[2025-10-28T08:47:00.797+0000] {docker.py:438} INFO - 🔍 [DEBUG] _get_restart_count() called for pod=compose-post-service-766bb57cf-lf229, ns=default, container=compose-post-service
[2025-10-28T08:47:00.797+0000] {docker.py:438} INFO -    [DEBUG] Found 1 container_status entries
[2025-10-28T08:47:00.798+0000] {docker.py:438} INFO -    [DEBUG] container: compose-post-service, restart_count: 17
[2025-10-28T08:47:00.798+0000] {docker.py:438} INFO -    ✅ [DEBUG] Matched container compose-post-service, restart_count=17
[2025-10-28T08:47:00.798+0000] {docker.py:438} INFO -    [DEBUG] Polled restart count: 17 (before was 17)
[2025-10-28T08:47:00.798+0000] {docker.py:438} INFO - 🔍 [DEBUG] _get_restart_count() called for pod=compose-post-service-766bb57cf-lf229, ns=default, container=compose-post-service
[2025-10-28T08:47:00.798+0000] {docker.py:438} INFO -    [DEBUG] Found 1 container_status entries
[2025-10-28T08:47:00.799+0000] {docker.py:438} INFO -    [DEBUG] container: compose-post-service, restart_count: 17
[2025-10-28T08:47:00.799+0000] {docker.py:438} INFO -    ✅ [DEBUG] Matched container compose-post-service, restart_count=17
[2025-10-28T08:47:00.799+0000] {docker.py:438} INFO -    [DEBUG] Polled restart count: 17 (before was 17)
[2025-10-28T08:47:00.799+0000] {docker.py:438} INFO - 🔍 [DEBUG] _get_restart_count() called for pod=compose-post-service-766bb57cf-lf229, ns=default, container=compose-post-service
[2025-10-28T08:47:00.800+0000] {docker.py:438} INFO -    [DEBUG] Found 1 container_status entries
[2025-10-28T08:47:00.800+0000] {docker.py:438} INFO -    [DEBUG] container: compose-post-service, restart_count: 17
[2025-10-28T08:47:00.800+0000] {docker.py:438} INFO -    ✅ [DEBUG] Matched container compose-post-service, restart_count=17
[2025-10-28T08:47:00.800+0000] {docker.py:438} INFO -    [DEBUG] Polled restart count: 17 (before was 17)
[2025-10-28T08:47:00.801+0000] {docker.py:438} INFO - 🔍 [DEBUG] _get_restart_count() called for pod=compose-post-service-766bb57cf-lf229, ns=default, container=compose-post-service
[2025-10-28T08:47:00.801+0000] {docker.py:438} INFO -    [DEBUG] Found 1 container_status entries
[2025-10-28T08:47:00.801+0000] {docker.py:438} INFO -    [DEBUG] container: compose-post-service, restart_count: 17
[2025-10-28T08:47:00.801+0000] {docker.py:438} INFO -    ✅ [DEBUG] Matched container compose-post-service, restart_count=17
[2025-10-28T08:47:00.801+0000] {docker.py:438} INFO -    [DEBUG] Polled restart count: 17 (before was 17)
[2025-10-28T08:47:00.802+0000] {docker.py:438} INFO - 🔍 [DEBUG] _get_restart_count() called for pod=compose-post-service-766bb57cf-lf229, ns=default, container=compose-post-service
[2025-10-28T08:47:00.802+0000] {docker.py:438} INFO -    [DEBUG] Found 1 container_status entries
[2025-10-28T08:47:00.802+0000] {docker.py:438} INFO -    [DEBUG] container: compose-post-service, restart_count: 17
[2025-10-28T08:47:00.802+0000] {docker.py:438} INFO -    ✅ [DEBUG] Matched container compose-post-service, restart_count=17
[2025-10-28T08:47:00.802+0000] {docker.py:438} INFO -    [DEBUG] Polled restart count: 17 (before was 17)
[2025-10-28T08:47:38.879+0000] {docker.py:438} INFO - 🔍 [DEBUG] _get_restart_count() called for pod=compose-post-service-766bb57cf-lf229, ns=default, container=compose-post-service
[2025-10-28T08:47:38.879+0000] {docker.py:438} INFO -    [DEBUG] Found 1 container_status entries
[2025-10-28T08:47:38.880+0000] {docker.py:438} INFO -    [DEBUG] container: compose-post-service, restart_count: 17
[2025-10-28T08:47:38.880+0000] {docker.py:438} INFO -    ✅ [DEBUG] Matched container compose-post-service, restart_count=17
[2025-10-28T08:47:38.880+0000] {docker.py:438} INFO -    [DEBUG] Polled restart count: 17 (before was 17)
[2025-10-28T08:47:38.881+0000] {docker.py:438} INFO - 🔍 [DEBUG] _get_restart_count() called for pod=compose-post-service-766bb57cf-lf229, ns=default, container=compose-post-service
[2025-10-28T08:47:38.881+0000] {docker.py:438} INFO -    [DEBUG] Found 1 container_status entries
[2025-10-28T08:47:38.881+0000] {docker.py:438} INFO -    [DEBUG] container: compose-post-service, restart_count: 17
[2025-10-28T08:47:38.881+0000] {docker.py:438} INFO -    ✅ [DEBUG] Matched container compose-post-service, restart_count=17
[2025-10-28T08:47:38.882+0000] {docker.py:438} INFO -    [DEBUG] Polled restart count: 17 (before was 17)
[2025-10-28T08:47:38.882+0000] {docker.py:438} INFO - 🔍 [DEBUG] _get_restart_count() called for pod=compose-post-service-766bb57cf-lf229, ns=default, container=compose-post-service
[2025-10-28T08:47:38.882+0000] {docker.py:438} INFO -    [DEBUG] Found 1 container_status entries
[2025-10-28T08:47:38.883+0000] {docker.py:438} INFO -    [DEBUG] container: compose-post-service, restart_count: 17
[2025-10-28T08:47:38.883+0000] {docker.py:438} INFO -    ✅ [DEBUG] Matched container compose-post-service, restart_count=17
[2025-10-28T08:47:38.883+0000] {docker.py:438} INFO -    [DEBUG] Polled restart count: 17 (before was 17)
[2025-10-28T08:47:38.884+0000] {docker.py:438} INFO - 🔍 [DEBUG] _get_restart_count() called for pod=compose-post-service-766bb57cf-lf229, ns=default, container=compose-post-service
[2025-10-28T08:47:38.884+0000] {docker.py:438} INFO -    [DEBUG] Found 1 container_status entries
[2025-10-28T08:47:38.885+0000] {docker.py:438} INFO -    [DEBUG] container: compose-post-service, restart_count: 17
[2025-10-28T08:47:38.885+0000] {docker.py:438} INFO -    ✅ [DEBUG] Matched container compose-post-service, restart_count=17
[2025-10-28T08:47:38.885+0000] {docker.py:438} INFO -    [DEBUG] Polled restart count: 17 (before was 17)
[2025-10-28T08:47:38.886+0000] {docker.py:438} INFO - 🔍 [DEBUG] _get_restart_count() called for pod=compose-post-service-766bb57cf-lf229, ns=default, container=compose-post-service
[2025-10-28T08:47:38.886+0000] {docker.py:438} INFO -    [DEBUG] Found 1 container_status entries
[2025-10-28T08:47:38.886+0000] {docker.py:438} INFO -    [DEBUG] container: compose-post-service, restart_count: 17
[2025-10-28T08:47:38.887+0000] {docker.py:438} INFO -    ✅ [DEBUG] Matched container compose-post-service, restart_count=17
[2025-10-28T08:47:38.887+0000] {docker.py:438} INFO -    [DEBUG] Polled restart count: 17 (before was 17)
[2025-10-28T08:47:38.887+0000] {docker.py:438} INFO - 🔍 [DEBUG] _get_restart_count() called for pod=compose-post-service-766bb57cf-lf229, ns=default, container=compose-post-service
[2025-10-28T08:47:38.888+0000] {docker.py:438} INFO -    [DEBUG] Found 1 container_status entries
[2025-10-28T08:47:38.888+0000] {docker.py:438} INFO -    [DEBUG] container: compose-post-service, restart_count: 17
[2025-10-28T08:47:38.888+0000] {docker.py:438} INFO -    ✅ [DEBUG] Matched container compose-post-service, restart_count=17
[2025-10-28T08:47:38.888+0000] {docker.py:438} INFO -    [DEBUG] Polled restart count: 17 (before was 17)
[2025-10-28T08:47:38.889+0000] {docker.py:438} INFO - 🔍 [DEBUG] _get_restart_count() called for pod=compose-post-service-766bb57cf-lf229, ns=default, container=compose-post-service
[2025-10-28T08:47:38.889+0000] {docker.py:438} INFO -    [DEBUG] Found 1 container_status entries
[2025-10-28T08:47:38.889+0000] {docker.py:438} INFO -    [DEBUG] container: compose-post-service, restart_count: 17
[2025-10-28T08:47:38.890+0000] {docker.py:438} INFO -    ✅ [DEBUG] Matched container compose-post-service, restart_count=17
[2025-10-28T08:47:38.890+0000] {docker.py:438} INFO -    [DEBUG] Polled restart count: 17 (before was 17)
[2025-10-28T08:47:38.890+0000] {docker.py:438} INFO - 🔍 [DEBUG] _get_restart_count() called for pod=compose-post-service-766bb57cf-lf229, ns=default, container=compose-post-service
[2025-10-28T08:47:38.890+0000] {docker.py:438} INFO -    [DEBUG] Found 1 container_status entries
[2025-10-28T08:47:38.890+0000] {docker.py:438} INFO -    [DEBUG] container: compose-post-service, restart_count: 17
[2025-10-28T08:47:38.891+0000] {docker.py:438} INFO -    ✅ [DEBUG] Matched container compose-post-service, restart_count=17
[2025-10-28T08:47:38.891+0000] {docker.py:438} INFO -    [DEBUG] Polled restart count: 17 (before was 17)
[2025-10-28T08:47:38.891+0000] {docker.py:438} INFO - 🔍 [DEBUG] _get_restart_count() called for pod=compose-post-service-766bb57cf-lf229, ns=default, container=compose-post-service
[2025-10-28T08:47:38.891+0000] {docker.py:438} INFO -    [DEBUG] Found 1 container_status entries
[2025-10-28T08:47:38.892+0000] {docker.py:438} INFO -    [DEBUG] container: compose-post-service, restart_count: 18
[2025-10-28T08:47:38.892+0000] {docker.py:438} INFO -    ✅ [DEBUG] Matched container compose-post-service, restart_count=18
[2025-10-28T08:47:38.892+0000] {docker.py:438} INFO -    [DEBUG] Polled restart count: 18 (before was 17)
[2025-10-28T08:47:38.892+0000] {docker.py:438} INFO -    ✅ [DEBUG] Restart observed: 17 -> 18
[2025-10-28T08:47:38.893+0000] {docker.py:438} INFO -    🎉 [DEBUG] Restart verified, breaking out of strategies loop
[2025-10-28T08:47:38.893+0000] {docker.py:438} INFO - 🔍 [DEBUG] _get_restart_count() called for pod=compose-post-service-766bb57cf-lf229, ns=default, container=compose-post-service
[2025-10-28T08:47:38.893+0000] {docker.py:438} INFO -    [DEBUG] Found 1 container_status entries
[2025-10-28T08:47:38.893+0000] {docker.py:438} INFO -    [DEBUG] container: compose-post-service, restart_count: 18
[2025-10-28T08:47:38.893+0000] {docker.py:438} INFO -    ✅ [DEBUG] Matched container compose-post-service, restart_count=18
[2025-10-28T08:47:38.894+0000] {docker.py:438} INFO - ✅ [DEBUG] Restart recorded for compose-post-service-766bb57cf-lf229: 17 -> 18
[2025-10-28T08:47:38.894+0000] {docker.py:438} INFO - 
[2025-10-28T08:47:38.894+0000] {docker.py:438} INFO - 🏁 [DEBUG] restart_containers() finished. Processed 1 pods
[2025-10-28T08:47:38.894+0000] {docker.py:438} INFO -    [DEBUG] restart_containers returned 1 entries
[2025-10-28T08:47:38.895+0000] {docker.py:438} INFO - ✅ [DEBUG] Successfully restarted this cycle: 1
[2025-10-28T08:47:38.895+0000] {docker.py:438} INFO -    📦 [DEBUG] compose-post-service-766bb57cf-lf229: restart_verified
[2025-10-28T08:47:38.895+0000] {docker.py:438} INFO - ⏳ [DEBUG] Waiting 5 seconds until next cycle. Time remaining: 283s
[2025-10-28T08:47:38.895+0000] {docker.py:438} INFO - 
[2025-10-28T08:47:38.896+0000] {docker.py:438} INFO - ============================================================
[2025-10-28T08:47:38.896+0000] {docker.py:438} INFO - 🔄 [DEBUG] Container Restart Cycle #5 at 2025-10-28 08:47:24
[2025-10-28T08:47:38.896+0000] {docker.py:438} INFO - ============================================================
[2025-10-28T08:47:38.896+0000] {docker.py:438} INFO - 🔄 [DEBUG] Entered restart_containers()
[2025-10-28T08:47:38.896+0000] {docker.py:438} INFO -    Params => label_selector=app=compose-post-service, name_pattern=None, qty=2, rand=True, mode=fixed, ns=default, order=alphabetic, container_name=compose-post-service, restart_command=None
[2025-10-28T08:47:38.897+0000] {docker.py:438} INFO - 🔑 [DEBUG] Kubernetes API client created
[2025-10-28T08:47:38.897+0000] {docker.py:438} INFO - 🔍 [DEBUG] Selecting pods now...
[2025-10-28T08:47:38.897+0000] {docker.py:438} INFO - 🔍 [DEBUG] Entered _select_pods()
[2025-10-28T08:47:38.897+0000] {docker.py:438} INFO -    Params => label_selector=app=compose-post-service, name_pattern=None, all=False, rand=True, mode=fixed, qty=2, ns=default, order=alphabetic
[2025-10-28T08:47:38.898+0000] {docker.py:438} INFO -    [DEBUG] Listing pods with label_selector=app=compose-post-service
[2025-10-28T08:47:38.898+0000] {docker.py:438} INFO - 📋 [DEBUG] Found 1 pods initially
[2025-10-28T08:47:38.898+0000] {docker.py:438} INFO - 🎲 [DEBUG] Random selection chosen: 1 pods
[2025-10-28T08:47:38.898+0000] {docker.py:438} INFO - ✅ [DEBUG] Selected pods: ['compose-post-service-766bb57cf-lf229']
[2025-10-28T08:47:38.898+0000] {docker.py:438} INFO - 📋 [DEBUG] Pods selected: 1
[2025-10-28T08:47:38.899+0000] {docker.py:438} INFO - 
[2025-10-28T08:47:38.899+0000] {docker.py:438} INFO - 🎯 [DEBUG] Processing pod: compose-post-service-766bb57cf-lf229
[2025-10-28T08:47:38.899+0000] {docker.py:438} INFO - 📦 [DEBUG] Using provided container: compose-post-service
[2025-10-28T08:47:38.899+0000] {docker.py:438} INFO - 🔍 [DEBUG] _get_restart_count() called for pod=compose-post-service-766bb57cf-lf229, ns=default, container=compose-post-service
[2025-10-28T08:47:38.900+0000] {docker.py:438} INFO -    [DEBUG] Found 1 container_status entries
[2025-10-28T08:47:38.900+0000] {docker.py:438} INFO -    [DEBUG] container: compose-post-service, restart_count: 18
[2025-10-28T08:47:38.900+0000] {docker.py:438} INFO -    ✅ [DEBUG] Matched container compose-post-service, restart_count=18
[2025-10-28T08:47:38.900+0000] {docker.py:438} INFO - 📊 [DEBUG] Restart count before action: 18
[2025-10-28T08:47:38.900+0000] {docker.py:438} INFO - 🔧 [DEBUG] Restart strategies to try: [['sh', '-c', 'kill -INT 1'], ['sh', '-c', 'kill -2 1'], ['sh', '-c', 'kill -TERM 1'], ['sh', '-c', 'kill -9 1']]
[2025-10-28T08:47:38.901+0000] {docker.py:438} INFO - ➡️ [DEBUG] Trying restart strategy #1: sh -c kill -INT 1
[2025-10-28T08:47:38.901+0000] {docker.py:438} INFO -    [DEBUG] Exec stream opened successfully, running command...
[2025-10-28T08:47:38.901+0000] {docker.py:438} INFO -    [DEBUG] run_forever returned/finished
[2025-10-28T08:47:38.901+0000] {docker.py:438} INFO -    📤 [DEBUG] STDOUT (truncated): 
[2025-10-28T08:47:38.902+0000] {docker.py:438} INFO -    📤 [DEBUG] STDERR (truncated): 
[2025-10-28T08:47:38.902+0000] {docker.py:438} INFO -    📤 [DEBUG] CTRL_ERR: {"metadata":{},"status":"Success"}
[2025-10-28T08:47:38.902+0000] {docker.py:438} INFO -    ⏳ [DEBUG] Waiting up to 60s for restart count to increment...
[2025-10-28T08:47:38.903+0000] {docker.py:438} INFO - 🔍 [DEBUG] _get_restart_count() called for pod=compose-post-service-766bb57cf-lf229, ns=default, container=compose-post-service
[2025-10-28T08:47:38.903+0000] {docker.py:438} INFO -    [DEBUG] Found 1 container_status entries
[2025-10-28T08:47:38.903+0000] {docker.py:438} INFO -    [DEBUG] container: compose-post-service, restart_count: 18
[2025-10-28T08:47:38.904+0000] {docker.py:438} INFO -    ✅ [DEBUG] Matched container compose-post-service, restart_count=18
[2025-10-28T08:47:38.904+0000] {docker.py:438} INFO -    [DEBUG] Polled restart count: 18 (before was 18)
[2025-10-28T08:47:38.904+0000] {docker.py:438} INFO - 🔍 [DEBUG] _get_restart_count() called for pod=compose-post-service-766bb57cf-lf229, ns=default, container=compose-post-service
[2025-10-28T08:47:38.905+0000] {docker.py:438} INFO -    [DEBUG] Found 1 container_status entries
[2025-10-28T08:47:38.905+0000] {docker.py:438} INFO -    [DEBUG] container: compose-post-service, restart_count: 18
[2025-10-28T08:47:38.905+0000] {docker.py:438} INFO -    ✅ [DEBUG] Matched container compose-post-service, restart_count=18
[2025-10-28T08:47:38.906+0000] {docker.py:438} INFO -    [DEBUG] Polled restart count: 18 (before was 18)
[2025-10-28T08:47:38.906+0000] {docker.py:438} INFO - 🔍 [DEBUG] _get_restart_count() called for pod=compose-post-service-766bb57cf-lf229, ns=default, container=compose-post-service
[2025-10-28T08:47:38.906+0000] {docker.py:438} INFO -    [DEBUG] Found 1 container_status entries
[2025-10-28T08:47:38.907+0000] {docker.py:438} INFO -    [DEBUG] container: compose-post-service, restart_count: 18
[2025-10-28T08:47:38.907+0000] {docker.py:438} INFO -    ✅ [DEBUG] Matched container compose-post-service, restart_count=18
[2025-10-28T08:47:38.907+0000] {docker.py:438} INFO -    [DEBUG] Polled restart count: 18 (before was 18)
[2025-10-28T08:47:38.908+0000] {docker.py:438} INFO - 🔍 [DEBUG] _get_restart_count() called for pod=compose-post-service-766bb57cf-lf229, ns=default, container=compose-post-service
[2025-10-28T08:47:38.908+0000] {docker.py:438} INFO -    [DEBUG] Found 1 container_status entries
[2025-10-28T08:47:38.908+0000] {docker.py:438} INFO -    [DEBUG] container: compose-post-service, restart_count: 18
[2025-10-28T08:47:38.909+0000] {docker.py:438} INFO -    ✅ [DEBUG] Matched container compose-post-service, restart_count=18
[2025-10-28T08:47:38.909+0000] {docker.py:438} INFO -    [DEBUG] Polled restart count: 18 (before was 18)
[2025-10-28T08:47:38.909+0000] {docker.py:438} INFO - 🔍 [DEBUG] _get_restart_count() called for pod=compose-post-service-766bb57cf-lf229, ns=default, container=compose-post-service
[2025-10-28T08:47:38.910+0000] {docker.py:438} INFO -    [DEBUG] Found 1 container_status entries
[2025-10-28T08:47:38.910+0000] {docker.py:438} INFO -    [DEBUG] container: compose-post-service, restart_count: 18
[2025-10-28T08:47:38.910+0000] {docker.py:438} INFO -    ✅ [DEBUG] Matched container compose-post-service, restart_count=18
[2025-10-28T08:47:38.910+0000] {docker.py:438} INFO -    [DEBUG] Polled restart count: 18 (before was 18)
[2025-10-28T08:47:38.911+0000] {docker.py:438} INFO - 🔍 [DEBUG] _get_restart_count() called for pod=compose-post-service-766bb57cf-lf229, ns=default, container=compose-post-service
[2025-10-28T08:47:38.911+0000] {docker.py:438} INFO -    [DEBUG] Found 1 container_status entries
[2025-10-28T08:47:38.911+0000] {docker.py:438} INFO -    [DEBUG] container: compose-post-service, restart_count: 18
[2025-10-28T08:47:38.911+0000] {docker.py:438} INFO -    ✅ [DEBUG] Matched container compose-post-service, restart_count=18
[2025-10-28T08:47:38.912+0000] {docker.py:438} INFO -    [DEBUG] Polled restart count: 18 (before was 18)
[2025-10-28T08:47:38.912+0000] {docker.py:438} INFO - 🔍 [DEBUG] _get_restart_count() called for pod=compose-post-service-766bb57cf-lf229, ns=default, container=compose-post-service
[2025-10-28T08:47:59.247+0000] {local_task_job_runner.py:346} WARNING - State of this instance has been externally set to None. Terminating instance.
[2025-10-28T08:47:59.248+0000] {local_task_job_runner.py:245} INFO - ::endgroup::
[2025-10-28T08:47:59.250+0000] {process_utils.py:132} INFO - Sending 15 to group 3787. PIDs of all processes in the group: [3787]
[2025-10-28T08:47:59.251+0000] {process_utils.py:87} INFO - Sending the signal 15 to group 3787
[2025-10-28T08:47:59.251+0000] {taskinstance.py:3092} ERROR - Received SIGTERM. Terminating subprocesses.
[2025-10-28T08:47:59.251+0000] {docker.py:533} INFO - Stopping docker container
[2025-10-28T08:47:59.511+0000] {taskinstance.py:3310} ERROR - Task failed with exception
Traceback (most recent call last):
  File "/home/airflow/.local/lib/python3.11/site-packages/airflow/models/taskinstance.py", line 767, in _execute_task
    result = _execute_callable(context=context, **execute_callable_kwargs)
             ^^^^^^^^^^^^^^^^^^^^^^^^^^^^^^^^^^^^^^^^^^^^^^^^^^^^^^^^^^^^^
  File "/home/airflow/.local/lib/python3.11/site-packages/airflow/models/taskinstance.py", line 733, in _execute_callable
    return ExecutionCallableRunner(
           ^^^^^^^^^^^^^^^^^^^^^^^^
  File "/home/airflow/.local/lib/python3.11/site-packages/airflow/utils/operator_helpers.py", line 252, in run
    return self.func(*args, **kwargs)
           ^^^^^^^^^^^^^^^^^^^^^^^^^^
  File "/home/airflow/.local/lib/python3.11/site-packages/airflow/models/baseoperator.py", line 406, in wrapper
    return func(self, *args, **kwargs)
           ^^^^^^^^^^^^^^^^^^^^^^^^^^^
  File "/home/airflow/.local/lib/python3.11/site-packages/airflow/providers/docker/operators/docker.py", line 513, in execute
    return self._run_image()
           ^^^^^^^^^^^^^^^^^
  File "/home/airflow/.local/lib/python3.11/site-packages/airflow/providers/docker/operators/docker.py", line 384, in _run_image
    return self._run_image_with_mounts(self.mounts, add_tmp_variable=False)
           ^^^^^^^^^^^^^^^^^^^^^^^^^^^^^^^^^^^^^^^^^^^^^^^^^^^^^^^^^^^^^^^^
  File "/home/airflow/.local/lib/python3.11/site-packages/airflow/providers/docker/operators/docker.py", line 434, in _run_image_with_mounts
    for log_chunk in logstream:
  File "/home/airflow/.local/lib/python3.11/site-packages/docker/types/daemon.py", line 29, in __next__
    return next(self._stream)
           ^^^^^^^^^^^^^^^^^^
  File "/home/airflow/.local/lib/python3.11/site-packages/docker/api/client.py", line 438, in <genexpr>
    gen = (data for (_, data) in gen)
          ^^^^^^^^^^^^^^^^^^^^^^^^^^^
  File "/home/airflow/.local/lib/python3.11/site-packages/docker/utils/socket.py", line 112, in frames_iter_no_tty
    (stream, n) = next_frame_header(socket)
                  ^^^^^^^^^^^^^^^^^^^^^^^^^
  File "/home/airflow/.local/lib/python3.11/site-packages/docker/utils/socket.py", line 84, in next_frame_header
    data = read_exactly(socket, 8)
           ^^^^^^^^^^^^^^^^^^^^^^^
  File "/home/airflow/.local/lib/python3.11/site-packages/docker/utils/socket.py", line 69, in read_exactly
    next_data = read(socket, n - len(data))
                ^^^^^^^^^^^^^^^^^^^^^^^^^^^
  File "/home/airflow/.local/lib/python3.11/site-packages/docker/utils/socket.py", line 40, in read
    poll.poll()
  File "/home/airflow/.local/lib/python3.11/site-packages/airflow/models/taskinstance.py", line 3094, in signal_handler
    raise AirflowTaskTerminated("Task received SIGTERM signal")
airflow.exceptions.AirflowTaskTerminated: Task received SIGTERM signal
[2025-10-28T08:47:59.516+0000] {taskinstance.py:1225} INFO - Marking task as FAILED. dag_id=Container_Restart, task_id=apply_container_restart_docker, run_id=scheduled__2025-10-28T08:00:00+00:00, execution_date=20251028T080000, start_date=20251028T084502, end_date=20251028T084759
[2025-10-28T08:47:59.532+0000] {taskinstance.py:340} INFO - ::group::Post task execution logs
[2025-10-28T08:47:59.544+0000] {process_utils.py:80} INFO - Process psutil.Process(pid=3787, status='terminated', exitcode=2, started='08:45:02') (3787) terminated with exit code 2
