[2025-10-24T05:10:48.687+0000] {local_task_job_runner.py:123} INFO - ::group::Pre task execution logs
[2025-10-24T05:10:48.712+0000] {taskinstance.py:2612} INFO - Dependencies all met for dep_context=non-requeueable deps ti=<TaskInstance: probe.apply_container_restart_docker manual__2025-10-24T05:10:46.603293+00:00 [queued]>
[2025-10-24T05:10:48.723+0000] {taskinstance.py:2612} INFO - Dependencies all met for dep_context=requeueable deps ti=<TaskInstance: probe.apply_container_restart_docker manual__2025-10-24T05:10:46.603293+00:00 [queued]>
[2025-10-24T05:10:48.724+0000] {taskinstance.py:2865} INFO - Starting attempt 1 of 1
[2025-10-24T05:10:48.750+0000] {taskinstance.py:2888} INFO - Executing <Task(DockerOperator): apply_container_restart_docker> on 2025-10-24 05:10:46.603293+00:00
[2025-10-24T05:10:48.786+0000] {standard_task_runner.py:104} INFO - Running: ['***', 'tasks', 'run', 'probe', 'apply_container_restart_docker', 'manual__2025-10-24T05:10:46.603293+00:00', '--job-id', '10730', '--raw', '--subdir', 'DAGS_FOLDER/dag_factory.py', '--cfg-path', '/tmp/tmpeu_qp3uz']
[2025-10-24T05:10:48.791+0000] {standard_task_runner.py:105} INFO - Job 10730: Subtask apply_container_restart_docker
[2025-10-24T05:10:48.786+0000] {standard_task_runner.py:72} INFO - Started process 3526 to run task
[2025-10-24T05:10:48.894+0000] {task_command.py:467} INFO - Running <TaskInstance: probe.apply_container_restart_docker manual__2025-10-24T05:10:46.603293+00:00 [running]> on host workflow.y2twbfvcjkaujnl2bmtbxunhcb.cx.internal.cloudapp.net
[2025-10-24T05:10:49.055+0000] {taskinstance.py:3131} INFO - Exporting env vars: AIRFLOW_CTX_DAG_OWNER='***' AIRFLOW_CTX_DAG_ID='probe' AIRFLOW_CTX_TASK_ID='apply_container_restart_docker' AIRFLOW_CTX_EXECUTION_DATE='2025-10-24T05:10:46.603293+00:00' AIRFLOW_CTX_TRY_NUMBER='1' AIRFLOW_CTX_DAG_RUN_ID='manual__2025-10-24T05:10:46.603293+00:00'
[2025-10-24T05:10:49.057+0000] {taskinstance.py:731} INFO - ::endgroup::
[2025-10-24T05:10:49.124+0000] {docker.py:367} INFO - Starting docker container from image priyanshu01ce/***_chaos:latest
[2025-10-24T05:10:49.615+0000] {docker.py:438} INFO - The container is run as root user. For security, consider using a regular user account.
[2025-10-24T05:11:06.225+0000] {docker.py:438} INFO - 
[2025-10-24T05:11:06.250+0000] {docker.py:438} INFO - total 2028
[2025-10-24T05:11:06.251+0000] {docker.py:438} INFO - drwxr-xr-x 6    1000 1000    4096 Oct 24 01:43 .
[2025-10-24T05:11:06.251+0000] {docker.py:438} INFO - drwxr-xr-x 1 *** root    4096 Sep 26 10:44 ..
[2025-10-24T05:11:06.252+0000] {docker.py:438} INFO - -rw-r--r-- 1    1000 1000    1193 Sep  8 07:02 API_Latency.json
[2025-10-24T05:11:06.252+0000] {docker.py:438} INFO - -rw-r--r-- 1    1000 1000     729 Sep  9 10:30 API_Timeout.json
[2025-10-24T05:11:06.253+0000] {docker.py:438} INFO - -rw-r--r-- 1    1000 1000    1331 Oct  7 18:22 Continuous_Load_Test_Azure.yaml
[2025-10-24T05:11:06.254+0000] {docker.py:438} INFO - -rw-r--r-- 1    1000 1000    1266 Oct 10 06:39 Memory_Stress_Test_Azure.yaml
[2025-10-24T05:11:06.254+0000] {docker.py:438} INFO - -rw-r--r-- 1    1000 1000    1178 Sep 30 18:19 Stress_Test_Azure.yaml
[2025-10-24T05:11:06.255+0000] {docker.py:438} INFO - drwxrwxr-x 2 root    root    4096 Oct 21 09:41 __pycache__
[2025-10-24T05:11:06.256+0000] {docker.py:438} INFO - drwxrwxr-x 5    1000 1000    4096 Oct 21 08:05 chaos_env
[2025-10-24T05:11:06.256+0000] {docker.py:438} INFO - -rw-r--r-- 1    1000 1000    8875 Sep 25 16:54 chaosk6_actions.py
[2025-10-24T05:11:06.257+0000] {docker.py:438} INFO - -rw-rw-r-- 1    1000 1000 1423319 Oct 24 05:09 chaostoolkit.log
[2025-10-24T05:11:06.257+0000] {docker.py:438} INFO - -rw-rw-r-- 1    1000 1000    1421 Oct 23 09:34 check.py
[2025-10-24T05:11:06.260+0000] {docker.py:438} INFO - -rw-r--r-- 1    1000 1000    3213 Sep  9 09:11 combined-sequential.json
[2025-10-24T05:11:06.260+0000] {docker.py:438} INFO - -rw-r--r-- 1    1000 1000     502 Sep 16 05:31 connection_test_experiment.json
[2025-10-24T05:11:06.261+0000] {docker.py:438} INFO - -rw-rw-r-- 1    1000 1000     692 Oct 24 01:43 container_probe.json
[2025-10-24T05:11:06.261+0000] {docker.py:438} INFO - -rw-rw-r-- 1    1000 1000    2533 Oct 23 09:28 container_probe.yaml
[2025-10-24T05:11:06.262+0000] {docker.py:438} INFO - -rw-r--r-- 1    1000 1000    1420 Sep 24 06:53 container_restart.json
[2025-10-24T05:11:06.262+0000] {docker.py:438} INFO - -rw-r--r-- 1    1000 1000   16452 Sep 26 09:59 container_restart.py
[2025-10-24T05:11:06.262+0000] {docker.py:438} INFO - -rw-r--r-- 1    1000 1000    1313 Oct  9 06:32 container_restart_Azure.yaml
[2025-10-24T05:11:06.263+0000] {docker.py:438} INFO - -rw-r--r-- 1    1000 1000    1409 Sep 18 12:30 continuous_load_test.json
[2025-10-24T05:11:06.263+0000] {docker.py:438} INFO - -rw-r--r-- 1    1000 1000    1637 Sep 25 10:13 cordon-uncordon-node.json
[2025-10-24T05:11:06.266+0000] {docker.py:438} INFO - -rw-r--r-- 1    1000 1000    1637 Sep 25 04:39 cordon_test.json
[2025-10-24T05:11:06.266+0000] {docker.py:438} INFO - -rw-r--r-- 1    1000 1000    1034 Sep 30 18:27 cordon_uncordon_node_Azure.yaml
[2025-10-24T05:11:06.267+0000] {docker.py:438} INFO - -rw-r--r-- 1    1000 1000    1203 Sep 30 06:51 cpu_stress_ng.json
[2025-10-24T05:11:06.267+0000] {docker.py:438} INFO - -rw-r--r-- 1    1000 1000    1760 Oct 21 08:00 db_cleanup.json
[2025-10-24T05:11:06.267+0000] {docker.py:438} INFO - -rw-r--r-- 1    1000 1000    6399 Sep 24 07:40 db_cleanup.py
[2025-10-24T05:11:06.268+0000] {docker.py:438} INFO - -rw-r--r-- 1    1000 1000    2361 Oct 24 05:09 journal.json
[2025-10-24T05:11:06.268+0000] {docker.py:438} INFO - -rw-rw-r-- 1 root    root  373585 Oct 22 14:45 k6_continuous_load.log
[2025-10-24T05:11:06.269+0000] {docker.py:438} INFO - -rw-r--r-- 1    1000 1000    3944 Oct 22 14:45 k6_continuous_summary.json
[2025-10-24T05:11:06.269+0000] {docker.py:438} INFO - -rw-r--r-- 1    1000 1000    3433 Sep 25 09:28 k6_summary.json
[2025-10-24T05:11:06.269+0000] {docker.py:438} INFO - -rw-r--r-- 1    1000 1000     989 Sep 30 09:24 kubernetes_actions.json
[2025-10-24T05:11:06.271+0000] {docker.py:438} INFO - -rw-r--r-- 1    1000 1000   10961 Sep 30 09:23 kubernetes_actions.py
[2025-10-24T05:11:06.271+0000] {docker.py:438} INFO - -rw-r--r-- 1    1000 1000     945 Sep 21 16:40 load_test.json
[2025-10-24T05:11:06.273+0000] {docker.py:438} INFO - -rw-r--r-- 1    1000 1000     528 Sep 17 12:13 max_connection_experiment.json
[2025-10-24T05:11:06.273+0000] {docker.py:438} INFO - -rw-r--r-- 1    1000 1000    1227 Sep 13 15:20 memory-stress-rollback.json
[2025-10-24T05:11:06.276+0000] {docker.py:438} INFO - -rw-rw-r-- 1    1000 1000     982 Oct 10 06:38 memory_stress.json
[2025-10-24T05:11:06.276+0000] {docker.py:438} INFO - -rw-rw-r-- 1    1000 1000    4581 Oct 10 06:38 memory_stress.py
[2025-10-24T05:11:06.276+0000] {docker.py:438} INFO - -rw-r--r-- 1    1000 1000    1421 Sep 29 05:20 mongo_db_container_restart.json
[2025-10-24T05:11:06.277+0000] {docker.py:438} INFO - -rw-r--r-- 1    1000 1000    7586 Sep 18 05:54 mongodb_actions.py
[2025-10-24T05:11:06.277+0000] {docker.py:438} INFO - -rw-r--r-- 1    1000 1000    2136 Sep 18 11:23 mongodb_connection.json
[2025-10-24T05:11:06.278+0000] {docker.py:438} INFO - -rw-r--r-- 1    1000 1000     597 Sep 16 09:17 mongodb_network_latency_experiment.json
[2025-10-24T05:11:06.278+0000] {docker.py:438} INFO - -rw-r--r-- 1    1000 1000    3657 Sep 18 05:42 mongodb_probes.py
[2025-10-24T05:11:06.279+0000] {docker.py:438} INFO - -rw-r--r-- 1    1000 1000    6161 Sep 12 08:04 pod_restart.py
[2025-10-24T05:11:06.279+0000] {docker.py:438} INFO - -rw-r--r-- 1    1000 1000    1497 Sep 30 05:50 redis_config_faults.py
[2025-10-24T05:11:06.279+0000] {docker.py:438} INFO - -rw-r--r-- 1    1000 1000     862 Sep 30 05:50 redis_experiment.json
[2025-10-24T05:11:06.281+0000] {docker.py:438} INFO - -rw-r--r-- 1    1000 1000     945 Sep 18 06:53 redis_load.json
[2025-10-24T05:11:06.281+0000] {docker.py:438} INFO - -rw-r--r-- 1    1000 1000    1306 Oct  9 16:34 redis_memory_stress_Azure.yaml
[2025-10-24T05:11:06.282+0000] {docker.py:438} INFO - -rw-rw-r-- 1    1000 1000    1333 Oct 21 09:39 reinitialize_application.yaml
[2025-10-24T05:11:06.282+0000] {docker.py:438} INFO - -rw-r--r-- 1    1000 1000    1284 Sep 25 10:53 run_load_test_with_cleanup.py
[2025-10-24T05:11:06.282+0000] {docker.py:438} INFO - -rw-rw-r-- 1    1000 1000    1497 Oct 23 09:39 sample_probe.yaml
[2025-10-24T05:11:06.284+0000] {docker.py:438} INFO - drwxr-xr-x 2    1000 1000    4096 Oct 22 06:46 scripts
[2025-10-24T05:11:06.284+0000] {docker.py:438} INFO - drwxr-xr-x 4    1000 1000    4096 Sep 30 09:41 socialNetwork
[2025-10-24T05:11:06.285+0000] {docker.py:438} INFO - -rw-r--r-- 1    1000 1000     821 Sep 26 13:20 stress_test.json
[2025-10-24T05:11:06.285+0000] {docker.py:438} INFO - -rw-r--r-- 1    1000 1000     367 Sep 17 07:24 test_params.json
[2025-10-24T05:11:06.288+0000] {docker.py:438} INFO - Starting Reinitializing the Social Networking Application...
[2025-10-24T05:11:07.180+0000] {docker.py:438} INFO - [32m[2025-10-24 05:11:07 INFO] Validating the experiment's syntax
[2025-10-24T05:11:07.840+0000] {docker.py:438} INFO - [32m[2025-10-24 05:11:07 INFO] Experiment looks valid
[2025-10-24T05:11:07.843+0000] {docker.py:438} INFO - [32m[2025-10-24 05:11:07 INFO] Running experiment: Verify Pods Running Probe
[2025-10-24T05:11:07.848+0000] {docker.py:438} INFO - [32m[2025-10-24 05:11:07 INFO] Steady-state strategy: default
[2025-10-24T05:11:07.849+0000] {docker.py:438} INFO - [32m[2025-10-24 05:11:07 INFO] Rollbacks strategy: default
[2025-10-24T05:11:07.850+0000] {docker.py:438} INFO - [32m[2025-10-24 05:11:07 INFO] No steady state hypothesis defined. That's ok, just exploring.
[2025-10-24T05:11:07.850+0000] {docker.py:438} INFO - [32m[2025-10-24 05:11:07 INFO] Playing your experiment's method now...
[2025-10-24T05:11:07.852+0000] {docker.py:438} INFO - [32m[2025-10-24 05:11:07 INFO] Probe: verify-pods-running
[2025-10-24T05:11:08.149+0000] {docker.py:438} INFO - [32m[2025-10-24 05:11:08 INFO] Let's rollback...
[2025-10-24T05:11:08.151+0000] {docker.py:438} INFO - [32m[2025-10-24 05:11:08 INFO] No declared rollbacks, let's move on.
[2025-10-24T05:11:08.152+0000] {docker.py:438} INFO - [32m[2025-10-24 05:11:08 INFO] Experiment ended with status: completed
[2025-10-24T05:11:08.387+0000] {docker.py:438} INFO - Reinitialized Social Networking APplication successfully
[2025-10-24T05:11:08.897+0000] {taskinstance.py:340} INFO - ::group::Post task execution logs
[2025-10-24T05:11:08.897+0000] {taskinstance.py:352} INFO - Marking task as SUCCESS. dag_id=probe, task_id=apply_container_restart_docker, run_id=manual__2025-10-24T05:10:46.603293+00:00, execution_date=20251024T051046, start_date=20251024T051048, end_date=20251024T051108
[2025-10-24T05:11:08.983+0000] {local_task_job_runner.py:266} INFO - Task exited with return code 0
[2025-10-24T05:11:09.014+0000] {taskinstance.py:3900} INFO - 0 downstream tasks scheduled from follow-on schedule check
[2025-10-24T05:11:09.018+0000] {local_task_job_runner.py:245} INFO - ::endgroup::
