[2025-10-11T21:00:02.899+0000] {local_task_job_runner.py:123} INFO - ::group::Pre task execution logs
[2025-10-11T21:00:02.954+0000] {taskinstance.py:2612} INFO - Dependencies all met for dep_context=non-requeueable deps ti=<TaskInstance: Cordon_Uncordon_Node.apply_cordon_uncordon_node scheduled__2025-10-11T18:00:00+00:00 [queued]>
[2025-10-11T21:00:02.972+0000] {taskinstance.py:2612} INFO - Dependencies all met for dep_context=requeueable deps ti=<TaskInstance: Cordon_Uncordon_Node.apply_cordon_uncordon_node scheduled__2025-10-11T18:00:00+00:00 [queued]>
[2025-10-11T21:00:02.972+0000] {taskinstance.py:2865} INFO - Starting attempt 1 of 1
[2025-10-11T21:00:03.024+0000] {taskinstance.py:2888} INFO - Executing <Task(DockerOperator): apply_cordon_uncordon_node> on 2025-10-11 18:00:00+00:00
[2025-10-11T21:00:03.052+0000] {standard_task_runner.py:72} INFO - Started process 322 to run task
[2025-10-11T21:00:03.069+0000] {standard_task_runner.py:104} INFO - Running: ['***', 'tasks', 'run', 'Cordon_Uncordon_Node', 'apply_cordon_uncordon_node', 'scheduled__2025-10-11T18:00:00+00:00', '--job-id', '7779', '--raw', '--subdir', 'DAGS_FOLDER/dag_factory.py', '--cfg-path', '/tmp/tmp0jrku5gp']
[2025-10-11T21:00:03.073+0000] {standard_task_runner.py:105} INFO - Job 7779: Subtask apply_cordon_uncordon_node
[2025-10-11T21:00:03.248+0000] {task_command.py:467} INFO - Running <TaskInstance: Cordon_Uncordon_Node.apply_cordon_uncordon_node scheduled__2025-10-11T18:00:00+00:00 [running]> on host workflow.y2twbfvcjkaujnl2bmtbxunhcb.cx.internal.cloudapp.net
[2025-10-11T21:00:03.513+0000] {taskinstance.py:3131} INFO - Exporting env vars: AIRFLOW_CTX_DAG_OWNER='***' AIRFLOW_CTX_DAG_ID='Cordon_Uncordon_Node' AIRFLOW_CTX_TASK_ID='apply_cordon_uncordon_node' AIRFLOW_CTX_EXECUTION_DATE='2025-10-11T18:00:00+00:00' AIRFLOW_CTX_TRY_NUMBER='1' AIRFLOW_CTX_DAG_RUN_ID='scheduled__2025-10-11T18:00:00+00:00'
[2025-10-11T21:00:03.516+0000] {taskinstance.py:731} INFO - ::endgroup::
[2025-10-11T21:00:03.627+0000] {docker.py:367} INFO - Starting docker container from image ***_chaos:latest
[2025-10-11T21:00:04.378+0000] {docker.py:438} INFO - The container is run as root user. For security, consider using a regular user account.
[2025-10-11T21:00:24.933+0000] {docker.py:438} INFO - 
[2025-10-11T21:00:26.102+0000] {docker.py:438} INFO - [32m[2025-10-11 21:00:26 INFO] Validating the experiment's syntax
[2025-10-11T21:00:26.573+0000] {docker.py:438} INFO - [32m[2025-10-11 21:00:26 INFO] Experiment looks valid
[2025-10-11T21:00:26.574+0000] {docker.py:438} INFO - [32m[2025-10-11 21:00:26 INFO] Running experiment: Cordon-Pod Restart Combined Experiment
[2025-10-11T21:00:26.576+0000] {docker.py:438} INFO - [32m[2025-10-11 21:00:26 INFO] Steady-state strategy: default
[2025-10-11T21:00:26.577+0000] {docker.py:438} INFO - [32m[2025-10-11 21:00:26 INFO] Rollbacks strategy: default
[2025-10-11T21:00:26.577+0000] {docker.py:438} INFO - [32m[2025-10-11 21:00:26 INFO] No steady state hypothesis defined. That's ok, just exploring.
[2025-10-11T21:00:26.578+0000] {docker.py:438} INFO - [32m[2025-10-11 21:00:26 INFO] Playing your experiment's method now...
[2025-10-11T21:00:26.578+0000] {docker.py:438} INFO - [32m[2025-10-11 21:00:26 INFO] Action: cordon-nodes
[2025-10-11T21:00:27.614+0000] {docker.py:438} INFO - [32m[2025-10-11 21:00:27 INFO] Action: continuous-pod-restart-during-cordon
[2025-10-11T21:05:12.816+0000] {docker.py:438} INFO - 🚀 Starting continuous pod restart experiment
[2025-10-11T21:05:12.817+0000] {docker.py:438} INFO - 📅 Interval: 20 seconds
[2025-10-11T21:05:12.817+0000] {docker.py:438} INFO - ⏱️  Duration: 300 seconds
[2025-10-11T21:05:12.818+0000] {docker.py:438} INFO - 🎯 Target: app=post-storage-service
[2025-10-11T21:05:12.818+0000] {docker.py:438} INFO - 📍 Namespace: default
[2025-10-11T21:05:12.818+0000] {docker.py:438} INFO - 
[2025-10-11T21:05:12.818+0000] {docker.py:438} INFO - ==================================================
[2025-10-11T21:05:12.819+0000] {docker.py:438} INFO - 🔄 Restart #1 at 2025-10-11 21:00:27
[2025-10-11T21:05:12.819+0000] {docker.py:438} INFO - ==================================================
[2025-10-11T21:05:12.819+0000] {docker.py:438} INFO - Hello world - terminate function started!
[2025-10-11T21:05:12.819+0000] {docker.py:438} INFO - Selecting pods with label_selector: app=post-storage-service
[2025-10-11T21:05:12.820+0000] {docker.py:438} INFO - Found 1 pods initially
[2025-10-11T21:05:12.820+0000] {docker.py:438} INFO - Random selection: 1 pods
[2025-10-11T21:05:12.820+0000] {docker.py:438} INFO - Deleting pod: post-storage-service-6cbbf5f9fb-hjgb4
[2025-10-11T21:05:12.820+0000] {docker.py:438} INFO - Deleted 1 pods: ['post-storage-service-6cbbf5f9fb-hjgb4']
[2025-10-11T21:05:12.821+0000] {docker.py:438} INFO - ✅ Successfully restarted pods: ['post-storage-service-6cbbf5f9fb-hjgb4']
[2025-10-11T21:05:12.821+0000] {docker.py:438} INFO - ⏳ Waiting 20 seconds until next restart...
[2025-10-11T21:05:12.821+0000] {docker.py:438} INFO - 📊 Time remaining: 300 seconds
[2025-10-11T21:05:12.822+0000] {docker.py:438} INFO - 
[2025-10-11T21:05:12.822+0000] {docker.py:438} INFO - ==================================================
[2025-10-11T21:05:12.823+0000] {docker.py:438} INFO - 🔄 Restart #2 at 2025-10-11 21:00:48
[2025-10-11T21:05:12.823+0000] {docker.py:438} INFO - ==================================================
[2025-10-11T21:05:12.823+0000] {docker.py:438} INFO - Hello world - terminate function started!
[2025-10-11T21:05:12.824+0000] {docker.py:438} INFO - Selecting pods with label_selector: app=post-storage-service
[2025-10-11T21:05:12.824+0000] {docker.py:438} INFO - Found 1 pods initially
[2025-10-11T21:05:12.825+0000] {docker.py:438} INFO - Random selection: 1 pods
[2025-10-11T21:05:12.825+0000] {docker.py:438} INFO - Deleting pod: post-storage-service-6cbbf5f9fb-kvbw9
[2025-10-11T21:05:12.825+0000] {docker.py:438} INFO - Deleted 1 pods: ['post-storage-service-6cbbf5f9fb-kvbw9']
[2025-10-11T21:05:12.826+0000] {docker.py:438} INFO - ✅ Successfully restarted pods: ['post-storage-service-6cbbf5f9fb-kvbw9']
[2025-10-11T21:05:12.826+0000] {docker.py:438} INFO - ⏳ Waiting 20 seconds until next restart...
[2025-10-11T21:05:12.827+0000] {docker.py:438} INFO - 📊 Time remaining: 279 seconds
[2025-10-11T21:05:12.827+0000] {docker.py:438} INFO - 
[2025-10-11T21:05:12.827+0000] {docker.py:438} INFO - ==================================================
[2025-10-11T21:05:12.827+0000] {docker.py:438} INFO - 🔄 Restart #3 at 2025-10-11 21:01:08
[2025-10-11T21:05:12.828+0000] {docker.py:438} INFO - ==================================================
[2025-10-11T21:05:12.828+0000] {docker.py:438} INFO - Hello world - terminate function started!
[2025-10-11T21:05:12.828+0000] {docker.py:438} INFO - Selecting pods with label_selector: app=post-storage-service
[2025-10-11T21:05:12.828+0000] {docker.py:438} INFO - Found 1 pods initially
[2025-10-11T21:05:12.829+0000] {docker.py:438} INFO - Random selection: 1 pods
[2025-10-11T21:05:12.829+0000] {docker.py:438} INFO - Deleting pod: post-storage-service-6cbbf5f9fb-rb98n
[2025-10-11T21:05:12.829+0000] {docker.py:438} INFO - Deleted 1 pods: ['post-storage-service-6cbbf5f9fb-rb98n']
[2025-10-11T21:05:12.829+0000] {docker.py:438} INFO - ✅ Successfully restarted pods: ['post-storage-service-6cbbf5f9fb-rb98n']
[2025-10-11T21:05:12.830+0000] {docker.py:438} INFO - ⏳ Waiting 20 seconds until next restart...
[2025-10-11T21:05:12.830+0000] {docker.py:438} INFO - 📊 Time remaining: 259 seconds
[2025-10-11T21:05:12.830+0000] {docker.py:438} INFO - 
[2025-10-11T21:05:12.830+0000] {docker.py:438} INFO - ==================================================
[2025-10-11T21:05:12.831+0000] {docker.py:438} INFO - 🔄 Restart #4 at 2025-10-11 21:01:28
[2025-10-11T21:05:12.831+0000] {docker.py:438} INFO - ==================================================
[2025-10-11T21:05:12.831+0000] {docker.py:438} INFO - Hello world - terminate function started!
[2025-10-11T21:05:12.831+0000] {docker.py:438} INFO - Selecting pods with label_selector: app=post-storage-service
[2025-10-11T21:05:12.831+0000] {docker.py:438} INFO - Found 1 pods initially
[2025-10-11T21:05:12.832+0000] {docker.py:438} INFO - Random selection: 1 pods
[2025-10-11T21:05:12.832+0000] {docker.py:438} INFO - Deleting pod: post-storage-service-6cbbf5f9fb-4pwbk
[2025-10-11T21:05:12.832+0000] {docker.py:438} INFO - Deleted 1 pods: ['post-storage-service-6cbbf5f9fb-4pwbk']
[2025-10-11T21:05:12.832+0000] {docker.py:438} INFO - ✅ Successfully restarted pods: ['post-storage-service-6cbbf5f9fb-4pwbk']
[2025-10-11T21:05:12.833+0000] {docker.py:438} INFO - ⏳ Waiting 20 seconds until next restart...
[2025-10-11T21:05:12.833+0000] {docker.py:438} INFO - 📊 Time remaining: 238 seconds
[2025-10-11T21:05:12.833+0000] {docker.py:438} INFO - 
[2025-10-11T21:05:12.833+0000] {docker.py:438} INFO - ==================================================
[2025-10-11T21:05:12.834+0000] {docker.py:438} INFO - 🔄 Restart #5 at 2025-10-11 21:01:49
[2025-10-11T21:05:12.834+0000] {docker.py:438} INFO - ==================================================
[2025-10-11T21:05:12.834+0000] {docker.py:438} INFO - Hello world - terminate function started!
[2025-10-11T21:05:12.834+0000] {docker.py:438} INFO - Selecting pods with label_selector: app=post-storage-service
[2025-10-11T21:05:12.835+0000] {docker.py:438} INFO - Found 1 pods initially
[2025-10-11T21:05:12.835+0000] {docker.py:438} INFO - Random selection: 1 pods
[2025-10-11T21:05:12.835+0000] {docker.py:438} INFO - Deleting pod: post-storage-service-6cbbf5f9fb-d5ws4
[2025-10-11T21:05:12.835+0000] {docker.py:438} INFO - Deleted 1 pods: ['post-storage-service-6cbbf5f9fb-d5ws4']
[2025-10-11T21:05:12.836+0000] {docker.py:438} INFO - ✅ Successfully restarted pods: ['post-storage-service-6cbbf5f9fb-d5ws4']
[2025-10-11T21:05:12.836+0000] {docker.py:438} INFO - ⏳ Waiting 20 seconds until next restart...
[2025-10-11T21:05:12.836+0000] {docker.py:438} INFO - 📊 Time remaining: 218 seconds
[2025-10-11T21:05:12.836+0000] {docker.py:438} INFO - 
[2025-10-11T21:05:12.836+0000] {docker.py:438} INFO - ==================================================
[2025-10-11T21:05:12.837+0000] {docker.py:438} INFO - 🔄 Restart #6 at 2025-10-11 21:02:09
[2025-10-11T21:05:12.837+0000] {docker.py:438} INFO - ==================================================
[2025-10-11T21:05:12.837+0000] {docker.py:438} INFO - Hello world - terminate function started!
[2025-10-11T21:05:12.837+0000] {docker.py:438} INFO - Selecting pods with label_selector: app=post-storage-service
[2025-10-11T21:05:12.838+0000] {docker.py:438} INFO - Found 1 pods initially
[2025-10-11T21:05:12.838+0000] {docker.py:438} INFO - Random selection: 1 pods
[2025-10-11T21:05:12.838+0000] {docker.py:438} INFO - Deleting pod: post-storage-service-6cbbf5f9fb-j42fl
[2025-10-11T21:05:12.838+0000] {docker.py:438} INFO - Deleted 1 pods: ['post-storage-service-6cbbf5f9fb-j42fl']
[2025-10-11T21:05:12.839+0000] {docker.py:438} INFO - ✅ Successfully restarted pods: ['post-storage-service-6cbbf5f9fb-j42fl']
[2025-10-11T21:05:12.839+0000] {docker.py:438} INFO - ⏳ Waiting 20 seconds until next restart...
[2025-10-11T21:05:12.839+0000] {docker.py:438} INFO - 📊 Time remaining: 198 seconds
[2025-10-11T21:05:12.839+0000] {docker.py:438} INFO - 
[2025-10-11T21:05:12.839+0000] {docker.py:438} INFO - ==================================================
[2025-10-11T21:05:12.840+0000] {docker.py:438} INFO - 🔄 Restart #7 at 2025-10-11 21:02:29
[2025-10-11T21:05:12.840+0000] {docker.py:438} INFO - ==================================================
[2025-10-11T21:05:12.840+0000] {docker.py:438} INFO - Hello world - terminate function started!
[2025-10-11T21:05:12.840+0000] {docker.py:438} INFO - Selecting pods with label_selector: app=post-storage-service
[2025-10-11T21:05:12.841+0000] {docker.py:438} INFO - Found 1 pods initially
[2025-10-11T21:05:12.841+0000] {docker.py:438} INFO - Random selection: 1 pods
[2025-10-11T21:05:12.841+0000] {docker.py:438} INFO - Deleting pod: post-storage-service-6cbbf5f9fb-zr6x5
[2025-10-11T21:05:12.841+0000] {docker.py:438} INFO - Deleted 1 pods: ['post-storage-service-6cbbf5f9fb-zr6x5']
[2025-10-11T21:05:12.842+0000] {docker.py:438} INFO - ✅ Successfully restarted pods: ['post-storage-service-6cbbf5f9fb-zr6x5']
[2025-10-11T21:05:12.842+0000] {docker.py:438} INFO - ⏳ Waiting 20 seconds until next restart...
[2025-10-11T21:05:12.842+0000] {docker.py:438} INFO - 📊 Time remaining: 177 seconds
[2025-10-11T21:05:12.842+0000] {docker.py:438} INFO - 
[2025-10-11T21:05:12.842+0000] {docker.py:438} INFO - ==================================================
[2025-10-11T21:05:12.843+0000] {docker.py:438} INFO - 🔄 Restart #8 at 2025-10-11 21:02:50
[2025-10-11T21:05:12.843+0000] {docker.py:438} INFO - ==================================================
[2025-10-11T21:05:12.843+0000] {docker.py:438} INFO - Hello world - terminate function started!
[2025-10-11T21:05:12.843+0000] {docker.py:438} INFO - Selecting pods with label_selector: app=post-storage-service
[2025-10-11T21:05:12.844+0000] {docker.py:438} INFO - Found 1 pods initially
[2025-10-11T21:05:12.844+0000] {docker.py:438} INFO - Random selection: 1 pods
[2025-10-11T21:05:12.844+0000] {docker.py:438} INFO - Deleting pod: post-storage-service-6cbbf5f9fb-d8wdx
[2025-10-11T21:05:12.844+0000] {docker.py:438} INFO - Deleted 1 pods: ['post-storage-service-6cbbf5f9fb-d8wdx']
[2025-10-11T21:05:12.845+0000] {docker.py:438} INFO - ✅ Successfully restarted pods: ['post-storage-service-6cbbf5f9fb-d8wdx']
[2025-10-11T21:05:12.845+0000] {docker.py:438} INFO - ⏳ Waiting 20 seconds until next restart...
[2025-10-11T21:05:12.845+0000] {docker.py:438} INFO - 📊 Time remaining: 157 seconds
[2025-10-11T21:05:12.845+0000] {docker.py:438} INFO - 
[2025-10-11T21:05:12.845+0000] {docker.py:438} INFO - ==================================================
[2025-10-11T21:05:12.846+0000] {docker.py:438} INFO - 🔄 Restart #9 at 2025-10-11 21:03:10
[2025-10-11T21:05:12.846+0000] {docker.py:438} INFO - ==================================================
[2025-10-11T21:05:12.846+0000] {docker.py:438} INFO - Hello world - terminate function started!
[2025-10-11T21:05:12.846+0000] {docker.py:438} INFO - Selecting pods with label_selector: app=post-storage-service
[2025-10-11T21:05:12.847+0000] {docker.py:438} INFO - Found 1 pods initially
[2025-10-11T21:05:12.847+0000] {docker.py:438} INFO - Random selection: 1 pods
[2025-10-11T21:05:12.847+0000] {docker.py:438} INFO - Deleting pod: post-storage-service-6cbbf5f9fb-24gv6
[2025-10-11T21:05:12.847+0000] {docker.py:438} INFO - Deleted 1 pods: ['post-storage-service-6cbbf5f9fb-24gv6']
[2025-10-11T21:05:12.848+0000] {docker.py:438} INFO - ✅ Successfully restarted pods: ['post-storage-service-6cbbf5f9fb-24gv6']
[2025-10-11T21:05:12.848+0000] {docker.py:438} INFO - ⏳ Waiting 20 seconds until next restart...
[2025-10-11T21:05:12.848+0000] {docker.py:438} INFO - 📊 Time remaining: 137 seconds
[2025-10-11T21:05:12.849+0000] {docker.py:438} INFO - 
[2025-10-11T21:05:12.849+0000] {docker.py:438} INFO - ==================================================
[2025-10-11T21:05:12.849+0000] {docker.py:438} INFO - 🔄 Restart #10 at 2025-10-11 21:03:30
[2025-10-11T21:05:12.849+0000] {docker.py:438} INFO - ==================================================
[2025-10-11T21:05:12.849+0000] {docker.py:438} INFO - Hello world - terminate function started!
[2025-10-11T21:05:12.850+0000] {docker.py:438} INFO - Selecting pods with label_selector: app=post-storage-service
[2025-10-11T21:05:12.850+0000] {docker.py:438} INFO - Found 1 pods initially
[2025-10-11T21:05:12.850+0000] {docker.py:438} INFO - Random selection: 1 pods
[2025-10-11T21:05:12.850+0000] {docker.py:438} INFO - Deleting pod: post-storage-service-6cbbf5f9fb-x6vb5
[2025-10-11T21:05:12.851+0000] {docker.py:438} INFO - Deleted 1 pods: ['post-storage-service-6cbbf5f9fb-x6vb5']
[2025-10-11T21:05:12.851+0000] {docker.py:438} INFO - ✅ Successfully restarted pods: ['post-storage-service-6cbbf5f9fb-x6vb5']
[2025-10-11T21:05:12.851+0000] {docker.py:438} INFO - ⏳ Waiting 20 seconds until next restart...
[2025-10-11T21:05:12.851+0000] {docker.py:438} INFO - 📊 Time remaining: 116 seconds
[2025-10-11T21:05:12.852+0000] {docker.py:438} INFO - 
[2025-10-11T21:05:12.852+0000] {docker.py:438} INFO - ==================================================
[2025-10-11T21:05:12.852+0000] {docker.py:438} INFO - 🔄 Restart #11 at 2025-10-11 21:03:51
[2025-10-11T21:05:12.852+0000] {docker.py:438} INFO - ==================================================
[2025-10-11T21:05:12.853+0000] {docker.py:438} INFO - Hello world - terminate function started!
[2025-10-11T21:05:12.853+0000] {docker.py:438} INFO - Selecting pods with label_selector: app=post-storage-service
[2025-10-11T21:05:12.853+0000] {docker.py:438} INFO - Found 1 pods initially
[2025-10-11T21:05:12.853+0000] {docker.py:438} INFO - Random selection: 1 pods
[2025-10-11T21:05:12.853+0000] {docker.py:438} INFO - Deleting pod: post-storage-service-6cbbf5f9fb-crcn5
[2025-10-11T21:05:12.854+0000] {docker.py:438} INFO - Deleted 1 pods: ['post-storage-service-6cbbf5f9fb-crcn5']
[2025-10-11T21:05:12.854+0000] {docker.py:438} INFO - ✅ Successfully restarted pods: ['post-storage-service-6cbbf5f9fb-crcn5']
[2025-10-11T21:05:12.854+0000] {docker.py:438} INFO - ⏳ Waiting 20 seconds until next restart...
[2025-10-11T21:05:12.854+0000] {docker.py:438} INFO - 📊 Time remaining: 96 seconds
[2025-10-11T21:05:12.855+0000] {docker.py:438} INFO - 
[2025-10-11T21:05:12.855+0000] {docker.py:438} INFO - ==================================================
[2025-10-11T21:05:12.855+0000] {docker.py:438} INFO - 🔄 Restart #12 at 2025-10-11 21:04:11
[2025-10-11T21:05:12.855+0000] {docker.py:438} INFO - ==================================================
[2025-10-11T21:05:12.855+0000] {docker.py:438} INFO - Hello world - terminate function started!
[2025-10-11T21:05:12.856+0000] {docker.py:438} INFO - Selecting pods with label_selector: app=post-storage-service
[2025-10-11T21:05:12.856+0000] {docker.py:438} INFO - Found 1 pods initially
[2025-10-11T21:05:12.856+0000] {docker.py:438} INFO - Random selection: 1 pods
[2025-10-11T21:05:12.857+0000] {docker.py:438} INFO - Deleting pod: post-storage-service-6cbbf5f9fb-pvt8b
[2025-10-11T21:05:12.857+0000] {docker.py:438} INFO - Deleted 1 pods: ['post-storage-service-6cbbf5f9fb-pvt8b']
[2025-10-11T21:05:12.857+0000] {docker.py:438} INFO - ✅ Successfully restarted pods: ['post-storage-service-6cbbf5f9fb-pvt8b']
[2025-10-11T21:05:12.857+0000] {docker.py:438} INFO - ⏳ Waiting 20 seconds until next restart...
[2025-10-11T21:05:12.858+0000] {docker.py:438} INFO - 📊 Time remaining: 76 seconds
[2025-10-11T21:05:12.858+0000] {docker.py:438} INFO - 
[2025-10-11T21:05:12.858+0000] {docker.py:438} INFO - ==================================================
[2025-10-11T21:05:12.858+0000] {docker.py:438} INFO - 🔄 Restart #13 at 2025-10-11 21:04:32
[2025-10-11T21:05:12.859+0000] {docker.py:438} INFO - ==================================================
[2025-10-11T21:05:12.859+0000] {docker.py:438} INFO - Hello world - terminate function started!
[2025-10-11T21:05:12.859+0000] {docker.py:438} INFO - Selecting pods with label_selector: app=post-storage-service
[2025-10-11T21:05:12.859+0000] {docker.py:438} INFO - Found 1 pods initially
[2025-10-11T21:05:12.859+0000] {docker.py:438} INFO - Random selection: 1 pods
[2025-10-11T21:05:12.860+0000] {docker.py:438} INFO - Deleting pod: post-storage-service-6cbbf5f9fb-d775q
[2025-10-11T21:05:12.860+0000] {docker.py:438} INFO - Deleted 1 pods: ['post-storage-service-6cbbf5f9fb-d775q']
[2025-10-11T21:05:12.860+0000] {docker.py:438} INFO - ✅ Successfully restarted pods: ['post-storage-service-6cbbf5f9fb-d775q']
[2025-10-11T21:05:12.860+0000] {docker.py:438} INFO - ⏳ Waiting 20 seconds until next restart...
[2025-10-11T21:05:12.861+0000] {docker.py:438} INFO - 📊 Time remaining: 55 seconds
[2025-10-11T21:05:12.861+0000] {docker.py:438} INFO - 
[2025-10-11T21:05:12.861+0000] {docker.py:438} INFO - ==================================================
[2025-10-11T21:05:12.861+0000] {docker.py:438} INFO - 🔄 Restart #14 at 2025-10-11 21:04:52
[2025-10-11T21:05:12.862+0000] {docker.py:438} INFO - ==================================================
[2025-10-11T21:05:12.862+0000] {docker.py:438} INFO - Hello world - terminate function started!
[2025-10-11T21:05:12.862+0000] {docker.py:438} INFO - Selecting pods with label_selector: app=post-storage-service
[2025-10-11T21:05:12.862+0000] {docker.py:438} INFO - Found 1 pods initially
[2025-10-11T21:05:12.863+0000] {docker.py:438} INFO - Random selection: 1 pods
[2025-10-11T21:05:12.863+0000] {docker.py:438} INFO - Deleting pod: post-storage-service-6cbbf5f9fb-nxbkg
[2025-10-11T21:05:12.863+0000] {docker.py:438} INFO - Deleted 1 pods: ['post-storage-service-6cbbf5f9fb-nxbkg']
[2025-10-11T21:05:12.863+0000] {docker.py:438} INFO - ✅ Successfully restarted pods: ['post-storage-service-6cbbf5f9fb-nxbkg']
[2025-10-11T21:05:12.863+0000] {docker.py:438} INFO - ⏳ Waiting 20 seconds until next restart...
[2025-10-11T21:05:12.864+0000] {docker.py:438} INFO - 📊 Time remaining: 35 seconds
[2025-10-11T21:05:12.864+0000] {docker.py:438} INFO - 
[2025-10-11T21:05:12.864+0000] {docker.py:438} INFO - ==================================================
[2025-10-11T21:05:12.864+0000] {docker.py:438} INFO - 🔄 Restart #15 at 2025-10-11 21:05:12
[2025-10-11T21:05:12.865+0000] {docker.py:438} INFO - ==================================================
[2025-10-11T21:05:12.865+0000] {docker.py:438} INFO - Hello world - terminate function started!
[2025-10-11T21:05:12.865+0000] {docker.py:438} INFO - Selecting pods with label_selector: app=post-storage-service
[2025-10-11T21:05:13.124+0000] {docker.py:438} INFO - [32m[2025-10-11 21:05:13 INFO] Let's rollback...
[2025-10-11T21:05:13.126+0000] {docker.py:438} INFO - [32m[2025-10-11 21:05:13 INFO] Rollback: uncordon-all-nodes
[2025-10-11T21:05:13.126+0000] {docker.py:438} INFO - [32m[2025-10-11 21:05:13 INFO] Action: uncordon-all-nodes
[2025-10-11T21:05:14.046+0000] {docker.py:438} INFO - [32m[2025-10-11 21:05:14 INFO] Experiment ended with status: completed
[2025-10-11T21:05:14.048+0000] {docker.py:438} INFO - Found 1 pods initially
[2025-10-11T21:05:14.049+0000] {docker.py:438} INFO - Random selection: 1 pods
[2025-10-11T21:05:14.049+0000] {docker.py:438} INFO - Deleting pod: post-storage-service-6cbbf5f9fb-g5p5d
[2025-10-11T21:05:14.049+0000] {docker.py:438} INFO - Deleted 1 pods: ['post-storage-service-6cbbf5f9fb-g5p5d']
[2025-10-11T21:05:14.050+0000] {docker.py:438} INFO - ✅ Successfully restarted pods: ['post-storage-service-6cbbf5f9fb-g5p5d']
[2025-10-11T21:05:14.050+0000] {docker.py:438} INFO - ⏰ Less than 20 seconds remaining, stopping experiment
[2025-10-11T21:05:14.051+0000] {docker.py:438} INFO - 
[2025-10-11T21:05:14.051+0000] {docker.py:438} INFO - ==================================================
[2025-10-11T21:05:14.052+0000] {docker.py:438} INFO - 🏁 Experiment Completed!
[2025-10-11T21:05:14.052+0000] {docker.py:438} INFO - ==================================================
[2025-10-11T21:05:14.052+0000] {docker.py:438} INFO - 📈 Total restarts performed: 15
[2025-10-11T21:05:14.053+0000] {docker.py:438} INFO - ⏱️  Total duration: 286 seconds
[2025-10-11T21:05:14.053+0000] {docker.py:438} INFO - 📊 Average interval: 19.0 seconds
[2025-10-11T21:05:14.448+0000] {taskinstance.py:340} INFO - ::group::Post task execution logs
[2025-10-11T21:05:14.448+0000] {taskinstance.py:352} INFO - Marking task as SUCCESS. dag_id=Cordon_Uncordon_Node, task_id=apply_cordon_uncordon_node, run_id=scheduled__2025-10-11T18:00:00+00:00, execution_date=20251011T180000, start_date=20251011T210002, end_date=20251011T210514
[2025-10-11T21:05:14.479+0000] {local_task_job_runner.py:266} INFO - Task exited with return code 0
[2025-10-11T21:05:14.497+0000] {taskinstance.py:3900} INFO - 0 downstream tasks scheduled from follow-on schedule check
[2025-10-11T21:05:14.501+0000] {local_task_job_runner.py:245} INFO - ::endgroup::
