[2025-10-04T21:00:02.146+0000] {local_task_job_runner.py:123} INFO - ::group::Pre task execution logs
[2025-10-04T21:00:02.167+0000] {taskinstance.py:2612} INFO - Dependencies all met for dep_context=non-requeueable deps ti=<TaskInstance: Cordon_Uncordon_Node.apply_cordon_uncordon_node scheduled__2025-10-04T18:00:00+00:00 [queued]>
[2025-10-04T21:00:02.184+0000] {taskinstance.py:2612} INFO - Dependencies all met for dep_context=requeueable deps ti=<TaskInstance: Cordon_Uncordon_Node.apply_cordon_uncordon_node scheduled__2025-10-04T18:00:00+00:00 [queued]>
[2025-10-04T21:00:02.184+0000] {taskinstance.py:2865} INFO - Starting attempt 1 of 1
[2025-10-04T21:00:02.216+0000] {taskinstance.py:2888} INFO - Executing <Task(DockerOperator): apply_cordon_uncordon_node> on 2025-10-04 18:00:00+00:00
[2025-10-04T21:00:02.233+0000] {standard_task_runner.py:72} INFO - Started process 908 to run task
[2025-10-04T21:00:02.238+0000] {standard_task_runner.py:104} INFO - Running: ['***', 'tasks', 'run', 'Cordon_Uncordon_Node', 'apply_cordon_uncordon_node', 'scheduled__2025-10-04T18:00:00+00:00', '--job-id', '304', '--raw', '--subdir', 'DAGS_FOLDER/dag_factory.py', '--cfg-path', '/tmp/tmpfzbygttk']
[2025-10-04T21:00:02.239+0000] {standard_task_runner.py:105} INFO - Job 304: Subtask apply_cordon_uncordon_node
[2025-10-04T21:00:02.340+0000] {task_command.py:467} INFO - Running <TaskInstance: Cordon_Uncordon_Node.apply_cordon_uncordon_node scheduled__2025-10-04T18:00:00+00:00 [running]> on host workflow.y2twbfvcjkaujnl2bmtbxunhcb.cx.internal.cloudapp.net
[2025-10-04T21:00:02.566+0000] {taskinstance.py:3131} INFO - Exporting env vars: AIRFLOW_CTX_DAG_OWNER='***' AIRFLOW_CTX_DAG_ID='Cordon_Uncordon_Node' AIRFLOW_CTX_TASK_ID='apply_cordon_uncordon_node' AIRFLOW_CTX_EXECUTION_DATE='2025-10-04T18:00:00+00:00' AIRFLOW_CTX_TRY_NUMBER='1' AIRFLOW_CTX_DAG_RUN_ID='scheduled__2025-10-04T18:00:00+00:00'
[2025-10-04T21:00:02.569+0000] {taskinstance.py:731} INFO - ::endgroup::
[2025-10-04T21:00:02.661+0000] {docker.py:367} INFO - Starting docker container from image ***_chaos:latest
[2025-10-04T21:00:03.226+0000] {docker.py:438} INFO - The container is run as root user. For security, consider using a regular user account.
[2025-10-04T21:00:23.465+0000] {docker.py:438} INFO - 
[2025-10-04T21:00:24.988+0000] {docker.py:438} INFO - [32m[2025-10-04 21:00:24 INFO] Validating the experiment's syntax
[2025-10-04T21:00:25.230+0000] {docker.py:438} INFO - [32m[2025-10-04 21:00:25 INFO] Experiment looks valid
[2025-10-04T21:00:25.230+0000] {docker.py:438} INFO - [32m[2025-10-04 21:00:25 INFO] Running experiment: Cordon-Pod Restart Combined Experiment
[2025-10-04T21:00:25.233+0000] {docker.py:438} INFO - [32m[2025-10-04 21:00:25 INFO] Steady-state strategy: default
[2025-10-04T21:00:25.234+0000] {docker.py:438} INFO - [32m[2025-10-04 21:00:25 INFO] Rollbacks strategy: default
[2025-10-04T21:00:25.234+0000] {docker.py:438} INFO - [32m[2025-10-04 21:00:25 INFO] No steady state hypothesis defined. That's ok, just exploring.
[2025-10-04T21:00:25.235+0000] {docker.py:438} INFO - [32m[2025-10-04 21:00:25 INFO] Playing your experiment's method now...
[2025-10-04T21:00:25.235+0000] {docker.py:438} INFO - [32m[2025-10-04 21:00:25 INFO] Action: cordon-nodes
[2025-10-04T21:00:26.236+0000] {docker.py:438} INFO - [32m[2025-10-04 21:00:26 INFO] Action: continuous-pod-restart-during-cordon
[2025-10-04T21:05:12.152+0000] {docker.py:438} INFO - 🚀 Starting continuous pod restart experiment
[2025-10-04T21:05:12.152+0000] {docker.py:438} INFO - 📅 Interval: 20 seconds
[2025-10-04T21:05:12.153+0000] {docker.py:438} INFO - ⏱️  Duration: 300 seconds
[2025-10-04T21:05:12.153+0000] {docker.py:438} INFO - 🎯 Target: app=post-storage-service
[2025-10-04T21:05:12.153+0000] {docker.py:438} INFO - 📍 Namespace: default
[2025-10-04T21:05:12.153+0000] {docker.py:438} INFO - 
[2025-10-04T21:05:12.154+0000] {docker.py:438} INFO - ==================================================
[2025-10-04T21:05:12.154+0000] {docker.py:438} INFO - 🔄 Restart #1 at 2025-10-04 21:00:26
[2025-10-04T21:05:12.154+0000] {docker.py:438} INFO - ==================================================
[2025-10-04T21:05:12.154+0000] {docker.py:438} INFO - Hello world - terminate function started!
[2025-10-04T21:05:12.155+0000] {docker.py:438} INFO - Selecting pods with label_selector: app=post-storage-service
[2025-10-04T21:05:12.155+0000] {docker.py:438} INFO - Found 1 pods initially
[2025-10-04T21:05:12.155+0000] {docker.py:438} INFO - Random selection: 1 pods
[2025-10-04T21:05:12.155+0000] {docker.py:438} INFO - Deleting pod: post-storage-service-769cf6947d-z572h
[2025-10-04T21:05:12.155+0000] {docker.py:438} INFO - Deleted 1 pods: ['post-storage-service-769cf6947d-z572h']
[2025-10-04T21:05:12.156+0000] {docker.py:438} INFO - ✅ Successfully restarted pods: ['post-storage-service-769cf6947d-z572h']
[2025-10-04T21:05:12.156+0000] {docker.py:438} INFO - ⏳ Waiting 20 seconds until next restart...
[2025-10-04T21:05:12.156+0000] {docker.py:438} INFO - 📊 Time remaining: 300 seconds
[2025-10-04T21:05:12.156+0000] {docker.py:438} INFO - 
[2025-10-04T21:05:12.157+0000] {docker.py:438} INFO - ==================================================
[2025-10-04T21:05:12.157+0000] {docker.py:438} INFO - 🔄 Restart #2 at 2025-10-04 21:00:46
[2025-10-04T21:05:12.157+0000] {docker.py:438} INFO - ==================================================
[2025-10-04T21:05:12.157+0000] {docker.py:438} INFO - Hello world - terminate function started!
[2025-10-04T21:05:12.158+0000] {docker.py:438} INFO - Selecting pods with label_selector: app=post-storage-service
[2025-10-04T21:05:12.158+0000] {docker.py:438} INFO - Found 2 pods initially
[2025-10-04T21:05:12.158+0000] {docker.py:438} INFO - Random selection: 1 pods
[2025-10-04T21:05:12.158+0000] {docker.py:438} INFO - Deleting pod: post-storage-service-769cf6947d-zd59d
[2025-10-04T21:05:12.159+0000] {docker.py:438} INFO - Deleted 1 pods: ['post-storage-service-769cf6947d-zd59d']
[2025-10-04T21:05:12.159+0000] {docker.py:438} INFO - ✅ Successfully restarted pods: ['post-storage-service-769cf6947d-zd59d']
[2025-10-04T21:05:12.159+0000] {docker.py:438} INFO - ⏳ Waiting 20 seconds until next restart...
[2025-10-04T21:05:12.159+0000] {docker.py:438} INFO - 📊 Time remaining: 279 seconds
[2025-10-04T21:05:12.159+0000] {docker.py:438} INFO - 
[2025-10-04T21:05:12.160+0000] {docker.py:438} INFO - ==================================================
[2025-10-04T21:05:12.160+0000] {docker.py:438} INFO - 🔄 Restart #3 at 2025-10-04 21:01:07
[2025-10-04T21:05:12.160+0000] {docker.py:438} INFO - ==================================================
[2025-10-04T21:05:12.160+0000] {docker.py:438} INFO - Hello world - terminate function started!
[2025-10-04T21:05:12.161+0000] {docker.py:438} INFO - Selecting pods with label_selector: app=post-storage-service
[2025-10-04T21:05:12.161+0000] {docker.py:438} INFO - Found 2 pods initially
[2025-10-04T21:05:12.161+0000] {docker.py:438} INFO - Random selection: 1 pods
[2025-10-04T21:05:12.161+0000] {docker.py:438} INFO - Deleting pod: post-storage-service-769cf6947d-2w7zp
[2025-10-04T21:05:12.161+0000] {docker.py:438} INFO - Deleted 1 pods: ['post-storage-service-769cf6947d-2w7zp']
[2025-10-04T21:05:12.162+0000] {docker.py:438} INFO - ✅ Successfully restarted pods: ['post-storage-service-769cf6947d-2w7zp']
[2025-10-04T21:05:12.162+0000] {docker.py:438} INFO - ⏳ Waiting 20 seconds until next restart...
[2025-10-04T21:05:12.162+0000] {docker.py:438} INFO - 📊 Time remaining: 259 seconds
[2025-10-04T21:05:12.162+0000] {docker.py:438} INFO - 
[2025-10-04T21:05:12.162+0000] {docker.py:438} INFO - ==================================================
[2025-10-04T21:05:12.163+0000] {docker.py:438} INFO - 🔄 Restart #4 at 2025-10-04 21:01:27
[2025-10-04T21:05:12.163+0000] {docker.py:438} INFO - ==================================================
[2025-10-04T21:05:12.163+0000] {docker.py:438} INFO - Hello world - terminate function started!
[2025-10-04T21:05:12.163+0000] {docker.py:438} INFO - Selecting pods with label_selector: app=post-storage-service
[2025-10-04T21:05:12.163+0000] {docker.py:438} INFO - Found 2 pods initially
[2025-10-04T21:05:12.164+0000] {docker.py:438} INFO - Random selection: 1 pods
[2025-10-04T21:05:12.164+0000] {docker.py:438} INFO - Deleting pod: post-storage-service-769cf6947d-8lcn7
[2025-10-04T21:05:12.164+0000] {docker.py:438} INFO - Deleted 1 pods: ['post-storage-service-769cf6947d-8lcn7']
[2025-10-04T21:05:12.164+0000] {docker.py:438} INFO - ✅ Successfully restarted pods: ['post-storage-service-769cf6947d-8lcn7']
[2025-10-04T21:05:12.165+0000] {docker.py:438} INFO - ⏳ Waiting 20 seconds until next restart...
[2025-10-04T21:05:12.165+0000] {docker.py:438} INFO - 📊 Time remaining: 238 seconds
[2025-10-04T21:05:12.165+0000] {docker.py:438} INFO - 
[2025-10-04T21:05:12.165+0000] {docker.py:438} INFO - ==================================================
[2025-10-04T21:05:12.165+0000] {docker.py:438} INFO - 🔄 Restart #5 at 2025-10-04 21:01:47
[2025-10-04T21:05:12.165+0000] {docker.py:438} INFO - ==================================================
[2025-10-04T21:05:12.166+0000] {docker.py:438} INFO - Hello world - terminate function started!
[2025-10-04T21:05:12.166+0000] {docker.py:438} INFO - Selecting pods with label_selector: app=post-storage-service
[2025-10-04T21:05:12.166+0000] {docker.py:438} INFO - Found 2 pods initially
[2025-10-04T21:05:12.166+0000] {docker.py:438} INFO - Random selection: 1 pods
[2025-10-04T21:05:12.166+0000] {docker.py:438} INFO - Deleting pod: post-storage-service-769cf6947d-2vgrh
[2025-10-04T21:05:12.167+0000] {docker.py:438} INFO - Deleted 1 pods: ['post-storage-service-769cf6947d-2vgrh']
[2025-10-04T21:05:12.167+0000] {docker.py:438} INFO - ✅ Successfully restarted pods: ['post-storage-service-769cf6947d-2vgrh']
[2025-10-04T21:05:12.167+0000] {docker.py:438} INFO - ⏳ Waiting 20 seconds until next restart...
[2025-10-04T21:05:12.167+0000] {docker.py:438} INFO - 📊 Time remaining: 218 seconds
[2025-10-04T21:05:12.167+0000] {docker.py:438} INFO - 
[2025-10-04T21:05:12.168+0000] {docker.py:438} INFO - ==================================================
[2025-10-04T21:05:12.168+0000] {docker.py:438} INFO - 🔄 Restart #6 at 2025-10-04 21:02:08
[2025-10-04T21:05:12.168+0000] {docker.py:438} INFO - ==================================================
[2025-10-04T21:05:12.168+0000] {docker.py:438} INFO - Hello world - terminate function started!
[2025-10-04T21:05:12.168+0000] {docker.py:438} INFO - Selecting pods with label_selector: app=post-storage-service
[2025-10-04T21:05:12.169+0000] {docker.py:438} INFO - Found 2 pods initially
[2025-10-04T21:05:12.169+0000] {docker.py:438} INFO - Random selection: 1 pods
[2025-10-04T21:05:12.169+0000] {docker.py:438} INFO - Deleting pod: post-storage-service-769cf6947d-mcb7g
[2025-10-04T21:05:12.169+0000] {docker.py:438} INFO - Deleted 1 pods: ['post-storage-service-769cf6947d-mcb7g']
[2025-10-04T21:05:12.169+0000] {docker.py:438} INFO - ✅ Successfully restarted pods: ['post-storage-service-769cf6947d-mcb7g']
[2025-10-04T21:05:12.170+0000] {docker.py:438} INFO - ⏳ Waiting 20 seconds until next restart...
[2025-10-04T21:05:12.170+0000] {docker.py:438} INFO - 📊 Time remaining: 197 seconds
[2025-10-04T21:05:12.170+0000] {docker.py:438} INFO - 
[2025-10-04T21:05:12.170+0000] {docker.py:438} INFO - ==================================================
[2025-10-04T21:05:12.170+0000] {docker.py:438} INFO - 🔄 Restart #7 at 2025-10-04 21:02:28
[2025-10-04T21:05:12.171+0000] {docker.py:438} INFO - ==================================================
[2025-10-04T21:05:12.171+0000] {docker.py:438} INFO - Hello world - terminate function started!
[2025-10-04T21:05:12.171+0000] {docker.py:438} INFO - Selecting pods with label_selector: app=post-storage-service
[2025-10-04T21:05:12.171+0000] {docker.py:438} INFO - Found 2 pods initially
[2025-10-04T21:05:12.171+0000] {docker.py:438} INFO - Random selection: 1 pods
[2025-10-04T21:05:12.172+0000] {docker.py:438} INFO - Deleting pod: post-storage-service-769cf6947d-mcb7g
[2025-10-04T21:05:12.172+0000] {docker.py:438} INFO - Deleted 1 pods: ['post-storage-service-769cf6947d-mcb7g']
[2025-10-04T21:05:12.172+0000] {docker.py:438} INFO - ✅ Successfully restarted pods: ['post-storage-service-769cf6947d-mcb7g']
[2025-10-04T21:05:12.172+0000] {docker.py:438} INFO - ⏳ Waiting 20 seconds until next restart...
[2025-10-04T21:05:12.172+0000] {docker.py:438} INFO - 📊 Time remaining: 177 seconds
[2025-10-04T21:05:12.173+0000] {docker.py:438} INFO - 
[2025-10-04T21:05:12.173+0000] {docker.py:438} INFO - ==================================================
[2025-10-04T21:05:12.173+0000] {docker.py:438} INFO - 🔄 Restart #8 at 2025-10-04 21:02:49
[2025-10-04T21:05:12.173+0000] {docker.py:438} INFO - ==================================================
[2025-10-04T21:05:12.173+0000] {docker.py:438} INFO - Hello world - terminate function started!
[2025-10-04T21:05:12.174+0000] {docker.py:438} INFO - Selecting pods with label_selector: app=post-storage-service
[2025-10-04T21:05:12.174+0000] {docker.py:438} INFO - Found 1 pods initially
[2025-10-04T21:05:12.174+0000] {docker.py:438} INFO - Random selection: 1 pods
[2025-10-04T21:05:12.174+0000] {docker.py:438} INFO - Deleting pod: post-storage-service-769cf6947d-zghgh
[2025-10-04T21:05:12.174+0000] {docker.py:438} INFO - Deleted 1 pods: ['post-storage-service-769cf6947d-zghgh']
[2025-10-04T21:05:12.175+0000] {docker.py:438} INFO - ✅ Successfully restarted pods: ['post-storage-service-769cf6947d-zghgh']
[2025-10-04T21:05:12.175+0000] {docker.py:438} INFO - ⏳ Waiting 20 seconds until next restart...
[2025-10-04T21:05:12.175+0000] {docker.py:438} INFO - 📊 Time remaining: 157 seconds
[2025-10-04T21:05:12.175+0000] {docker.py:438} INFO - 
[2025-10-04T21:05:12.175+0000] {docker.py:438} INFO - ==================================================
[2025-10-04T21:05:12.175+0000] {docker.py:438} INFO - 🔄 Restart #9 at 2025-10-04 21:03:09
[2025-10-04T21:05:12.176+0000] {docker.py:438} INFO - ==================================================
[2025-10-04T21:05:12.176+0000] {docker.py:438} INFO - Hello world - terminate function started!
[2025-10-04T21:05:12.176+0000] {docker.py:438} INFO - Selecting pods with label_selector: app=post-storage-service
[2025-10-04T21:05:12.176+0000] {docker.py:438} INFO - Found 2 pods initially
[2025-10-04T21:05:12.176+0000] {docker.py:438} INFO - Random selection: 1 pods
[2025-10-04T21:05:12.177+0000] {docker.py:438} INFO - Deleting pod: post-storage-service-769cf6947d-5c7c2
[2025-10-04T21:05:12.177+0000] {docker.py:438} INFO - Deleted 1 pods: ['post-storage-service-769cf6947d-5c7c2']
[2025-10-04T21:05:12.177+0000] {docker.py:438} INFO - ✅ Successfully restarted pods: ['post-storage-service-769cf6947d-5c7c2']
[2025-10-04T21:05:12.177+0000] {docker.py:438} INFO - ⏳ Waiting 20 seconds until next restart...
[2025-10-04T21:05:12.177+0000] {docker.py:438} INFO - 📊 Time remaining: 136 seconds
[2025-10-04T21:05:12.178+0000] {docker.py:438} INFO - 
[2025-10-04T21:05:12.178+0000] {docker.py:438} INFO - ==================================================
[2025-10-04T21:05:12.178+0000] {docker.py:438} INFO - 🔄 Restart #10 at 2025-10-04 21:03:30
[2025-10-04T21:05:12.178+0000] {docker.py:438} INFO - ==================================================
[2025-10-04T21:05:12.178+0000] {docker.py:438} INFO - Hello world - terminate function started!
[2025-10-04T21:05:12.179+0000] {docker.py:438} INFO - Selecting pods with label_selector: app=post-storage-service
[2025-10-04T21:05:12.179+0000] {docker.py:438} INFO - Found 2 pods initially
[2025-10-04T21:05:12.179+0000] {docker.py:438} INFO - Random selection: 1 pods
[2025-10-04T21:05:12.179+0000] {docker.py:438} INFO - Deleting pod: post-storage-service-769cf6947d-5c7c2
[2025-10-04T21:05:12.180+0000] {docker.py:438} INFO - Deleted 1 pods: ['post-storage-service-769cf6947d-5c7c2']
[2025-10-04T21:05:12.180+0000] {docker.py:438} INFO - ✅ Successfully restarted pods: ['post-storage-service-769cf6947d-5c7c2']
[2025-10-04T21:05:12.180+0000] {docker.py:438} INFO - ⏳ Waiting 20 seconds until next restart...
[2025-10-04T21:05:12.180+0000] {docker.py:438} INFO - 📊 Time remaining: 116 seconds
[2025-10-04T21:05:12.180+0000] {docker.py:438} INFO - 
[2025-10-04T21:05:12.181+0000] {docker.py:438} INFO - ==================================================
[2025-10-04T21:05:12.181+0000] {docker.py:438} INFO - 🔄 Restart #11 at 2025-10-04 21:03:50
[2025-10-04T21:05:12.181+0000] {docker.py:438} INFO - ==================================================
[2025-10-04T21:05:12.181+0000] {docker.py:438} INFO - Hello world - terminate function started!
[2025-10-04T21:05:12.181+0000] {docker.py:438} INFO - Selecting pods with label_selector: app=post-storage-service
[2025-10-04T21:05:12.182+0000] {docker.py:438} INFO - Found 1 pods initially
[2025-10-04T21:05:12.182+0000] {docker.py:438} INFO - Random selection: 1 pods
[2025-10-04T21:05:12.182+0000] {docker.py:438} INFO - Deleting pod: post-storage-service-769cf6947d-dmq9l
[2025-10-04T21:05:12.182+0000] {docker.py:438} INFO - Deleted 1 pods: ['post-storage-service-769cf6947d-dmq9l']
[2025-10-04T21:05:12.182+0000] {docker.py:438} INFO - ✅ Successfully restarted pods: ['post-storage-service-769cf6947d-dmq9l']
[2025-10-04T21:05:12.183+0000] {docker.py:438} INFO - ⏳ Waiting 20 seconds until next restart...
[2025-10-04T21:05:12.183+0000] {docker.py:438} INFO - 📊 Time remaining: 95 seconds
[2025-10-04T21:05:12.183+0000] {docker.py:438} INFO - 
[2025-10-04T21:05:12.183+0000] {docker.py:438} INFO - ==================================================
[2025-10-04T21:05:12.184+0000] {docker.py:438} INFO - 🔄 Restart #12 at 2025-10-04 21:04:10
[2025-10-04T21:05:12.184+0000] {docker.py:438} INFO - ==================================================
[2025-10-04T21:05:12.184+0000] {docker.py:438} INFO - Hello world - terminate function started!
[2025-10-04T21:05:12.184+0000] {docker.py:438} INFO - Selecting pods with label_selector: app=post-storage-service
[2025-10-04T21:05:12.184+0000] {docker.py:438} INFO - Found 2 pods initially
[2025-10-04T21:05:12.185+0000] {docker.py:438} INFO - Random selection: 1 pods
[2025-10-04T21:05:12.185+0000] {docker.py:438} INFO - Deleting pod: post-storage-service-769cf6947d-6chr4
[2025-10-04T21:05:12.185+0000] {docker.py:438} INFO - Deleted 1 pods: ['post-storage-service-769cf6947d-6chr4']
[2025-10-04T21:05:12.185+0000] {docker.py:438} INFO - ✅ Successfully restarted pods: ['post-storage-service-769cf6947d-6chr4']
[2025-10-04T21:05:12.185+0000] {docker.py:438} INFO - ⏳ Waiting 20 seconds until next restart...
[2025-10-04T21:05:12.186+0000] {docker.py:438} INFO - 📊 Time remaining: 75 seconds
[2025-10-04T21:05:12.186+0000] {docker.py:438} INFO - 
[2025-10-04T21:05:12.186+0000] {docker.py:438} INFO - ==================================================
[2025-10-04T21:05:12.186+0000] {docker.py:438} INFO - 🔄 Restart #13 at 2025-10-04 21:04:31
[2025-10-04T21:05:12.186+0000] {docker.py:438} INFO - ==================================================
[2025-10-04T21:05:12.186+0000] {docker.py:438} INFO - Hello world - terminate function started!
[2025-10-04T21:05:12.187+0000] {docker.py:438} INFO - Selecting pods with label_selector: app=post-storage-service
[2025-10-04T21:05:12.187+0000] {docker.py:438} INFO - Found 2 pods initially
[2025-10-04T21:05:12.187+0000] {docker.py:438} INFO - Random selection: 1 pods
[2025-10-04T21:05:12.187+0000] {docker.py:438} INFO - Deleting pod: post-storage-service-769cf6947d-x6fjr
[2025-10-04T21:05:12.187+0000] {docker.py:438} INFO - Deleted 1 pods: ['post-storage-service-769cf6947d-x6fjr']
[2025-10-04T21:05:12.188+0000] {docker.py:438} INFO - ✅ Successfully restarted pods: ['post-storage-service-769cf6947d-x6fjr']
[2025-10-04T21:05:12.188+0000] {docker.py:438} INFO - ⏳ Waiting 20 seconds until next restart...
[2025-10-04T21:05:12.188+0000] {docker.py:438} INFO - 📊 Time remaining: 55 seconds
[2025-10-04T21:05:12.188+0000] {docker.py:438} INFO - 
[2025-10-04T21:05:12.188+0000] {docker.py:438} INFO - ==================================================
[2025-10-04T21:05:12.189+0000] {docker.py:438} INFO - 🔄 Restart #14 at 2025-10-04 21:04:51
[2025-10-04T21:05:12.189+0000] {docker.py:438} INFO - ==================================================
[2025-10-04T21:05:12.189+0000] {docker.py:438} INFO - Hello world - terminate function started!
[2025-10-04T21:05:12.189+0000] {docker.py:438} INFO - Selecting pods with label_selector: app=post-storage-service
[2025-10-04T21:05:12.189+0000] {docker.py:438} INFO - Found 2 pods initially
[2025-10-04T21:05:12.190+0000] {docker.py:438} INFO - Random selection: 1 pods
[2025-10-04T21:05:12.190+0000] {docker.py:438} INFO - Deleting pod: post-storage-service-769cf6947d-sk49k
[2025-10-04T21:05:12.190+0000] {docker.py:438} INFO - Deleted 1 pods: ['post-storage-service-769cf6947d-sk49k']
[2025-10-04T21:05:12.190+0000] {docker.py:438} INFO - ✅ Successfully restarted pods: ['post-storage-service-769cf6947d-sk49k']
[2025-10-04T21:05:12.190+0000] {docker.py:438} INFO - ⏳ Waiting 20 seconds until next restart...
[2025-10-04T21:05:12.190+0000] {docker.py:438} INFO - 📊 Time remaining: 34 seconds
[2025-10-04T21:05:12.191+0000] {docker.py:438} INFO - 
[2025-10-04T21:05:12.191+0000] {docker.py:438} INFO - ==================================================
[2025-10-04T21:05:12.191+0000] {docker.py:438} INFO - 🔄 Restart #15 at 2025-10-04 21:05:12
[2025-10-04T21:05:12.191+0000] {docker.py:438} INFO - ==================================================
[2025-10-04T21:05:12.192+0000] {docker.py:438} INFO - Hello world - terminate function started!
[2025-10-04T21:05:12.192+0000] {docker.py:438} INFO - Selecting pods with label_selector: app=post-storage-service
[2025-10-04T21:05:12.534+0000] {docker.py:438} INFO - [32m[2025-10-04 21:05:12 INFO] Let's rollback...
[2025-10-04T21:05:12.535+0000] {docker.py:438} INFO - [32m[2025-10-04 21:05:12 INFO] Rollback: uncordon-all-nodes
[2025-10-04T21:05:12.535+0000] {docker.py:438} INFO - [32m[2025-10-04 21:05:12 INFO] Action: uncordon-all-nodes
[2025-10-04T21:05:13.503+0000] {docker.py:438} INFO - [32m[2025-10-04 21:05:13 INFO] Experiment ended with status: completed
[2025-10-04T21:05:13.504+0000] {docker.py:438} INFO - Found 2 pods initially
[2025-10-04T21:05:13.504+0000] {docker.py:438} INFO - Random selection: 1 pods
[2025-10-04T21:05:13.505+0000] {docker.py:438} INFO - Deleting pod: post-storage-service-769cf6947d-66svk
[2025-10-04T21:05:13.505+0000] {docker.py:438} INFO - Deleted 1 pods: ['post-storage-service-769cf6947d-66svk']
[2025-10-04T21:05:13.505+0000] {docker.py:438} INFO - ✅ Successfully restarted pods: ['post-storage-service-769cf6947d-66svk']
[2025-10-04T21:05:13.506+0000] {docker.py:438} INFO - ⏰ Less than 20 seconds remaining, stopping experiment
[2025-10-04T21:05:13.506+0000] {docker.py:438} INFO - 
[2025-10-04T21:05:13.507+0000] {docker.py:438} INFO - ==================================================
[2025-10-04T21:05:13.507+0000] {docker.py:438} INFO - 🏁 Experiment Completed!
[2025-10-04T21:05:13.507+0000] {docker.py:438} INFO - ==================================================
[2025-10-04T21:05:13.508+0000] {docker.py:438} INFO - 📈 Total restarts performed: 15
[2025-10-04T21:05:13.508+0000] {docker.py:438} INFO - ⏱️  Total duration: 286 seconds
[2025-10-04T21:05:13.508+0000] {docker.py:438} INFO - 📊 Average interval: 19.1 seconds
[2025-10-04T21:05:13.795+0000] {taskinstance.py:340} INFO - ::group::Post task execution logs
[2025-10-04T21:05:13.795+0000] {taskinstance.py:352} INFO - Marking task as SUCCESS. dag_id=Cordon_Uncordon_Node, task_id=apply_cordon_uncordon_node, run_id=scheduled__2025-10-04T18:00:00+00:00, execution_date=20251004T180000, start_date=20251004T210002, end_date=20251004T210513
[2025-10-04T21:05:13.851+0000] {local_task_job_runner.py:266} INFO - Task exited with return code 0
[2025-10-04T21:05:13.866+0000] {taskinstance.py:3900} INFO - 0 downstream tasks scheduled from follow-on schedule check
[2025-10-04T21:05:13.869+0000] {local_task_job_runner.py:245} INFO - ::endgroup::
