[2025-10-21T08:16:24.917+0000] {local_task_job_runner.py:123} INFO - ::group::Pre task execution logs
[2025-10-21T08:16:24.945+0000] {taskinstance.py:2612} INFO - Dependencies all met for dep_context=non-requeueable deps ti=<TaskInstance: DB_Cleanup.run_db_cleanup_docker manual__2025-10-21T08:16:22.277419+00:00 [queued]>
[2025-10-21T08:16:24.958+0000] {taskinstance.py:2612} INFO - Dependencies all met for dep_context=requeueable deps ti=<TaskInstance: DB_Cleanup.run_db_cleanup_docker manual__2025-10-21T08:16:22.277419+00:00 [queued]>
[2025-10-21T08:16:24.958+0000] {taskinstance.py:2865} INFO - Starting attempt 1 of 2
[2025-10-21T08:16:24.981+0000] {taskinstance.py:2888} INFO - Executing <Task(DockerOperator): run_db_cleanup_docker> on 2025-10-21 08:16:22.277419+00:00
[2025-10-21T08:16:24.996+0000] {standard_task_runner.py:72} INFO - Started process 3028 to run task
[2025-10-21T08:16:25.009+0000] {standard_task_runner.py:104} INFO - Running: ['***', 'tasks', 'run', 'DB_Cleanup', 'run_db_cleanup_docker', 'manual__2025-10-21T08:16:22.277419+00:00', '--job-id', '10106', '--raw', '--subdir', 'DAGS_FOLDER/dag_factory.py', '--cfg-path', '/tmp/tmple19b2oy']
[2025-10-21T08:16:25.011+0000] {standard_task_runner.py:105} INFO - Job 10106: Subtask run_db_cleanup_docker
[2025-10-21T08:16:25.102+0000] {task_command.py:467} INFO - Running <TaskInstance: DB_Cleanup.run_db_cleanup_docker manual__2025-10-21T08:16:22.277419+00:00 [running]> on host workflow.y2twbfvcjkaujnl2bmtbxunhcb.cx.internal.cloudapp.net
[2025-10-21T08:16:25.277+0000] {taskinstance.py:3131} INFO - Exporting env vars: AIRFLOW_CTX_DAG_OWNER='***' AIRFLOW_CTX_DAG_ID='DB_Cleanup' AIRFLOW_CTX_TASK_ID='run_db_cleanup_docker' AIRFLOW_CTX_EXECUTION_DATE='2025-10-21T08:16:22.277419+00:00' AIRFLOW_CTX_TRY_NUMBER='1' AIRFLOW_CTX_DAG_RUN_ID='manual__2025-10-21T08:16:22.277419+00:00'
[2025-10-21T08:16:25.281+0000] {taskinstance.py:731} INFO - ::endgroup::
[2025-10-21T08:16:25.349+0000] {docker.py:367} INFO - Starting docker container from image priyanshu01ce/***_chaos:latest
[2025-10-21T08:16:25.942+0000] {docker.py:438} INFO - The container is run as root user. For security, consider using a regular user account.
[2025-10-21T08:16:45.194+0000] {docker.py:438} INFO - 
[2025-10-21T08:16:45.200+0000] {docker.py:438} INFO - Starting database cleanup check...
[2025-10-21T08:16:46.289+0000] {docker.py:438} INFO - [32m[2025-10-21 08:16:46 INFO] Validating the experiment's syntax
[2025-10-21T08:16:46.593+0000] {docker.py:438} INFO - [32m[2025-10-21 08:16:46 INFO] Experiment looks valid
[2025-10-21T08:16:46.596+0000] {docker.py:438} INFO - [32m[2025-10-21 08:16:46 INFO] Running experiment: Database Cleanup Experiment
[2025-10-21T08:16:46.601+0000] {docker.py:438} INFO - [32m[2025-10-21 08:16:46 INFO] Steady-state strategy: default
[2025-10-21T08:16:46.602+0000] {docker.py:438} INFO - [32m[2025-10-21 08:16:46 INFO] Rollbacks strategy: default
[2025-10-21T08:16:46.603+0000] {docker.py:438} INFO - [32m[2025-10-21 08:16:46 INFO] No steady state hypothesis defined. That's ok, just exploring.
[2025-10-21T08:16:46.604+0000] {docker.py:438} INFO - [32m[2025-10-21 08:16:46 INFO] Playing your experiment's method now...
[2025-10-21T08:16:46.605+0000] {docker.py:438} INFO - [32m[2025-10-21 08:16:46 INFO] Probe: Check current database size
[2025-10-21T08:16:47.047+0000] {docker.py:438} INFO - [32m[2025-10-21 08:16:47 INFO] 📊 Total posts: 13794
[2025-10-21T08:16:47.049+0000] {docker.py:438} INFO - [32m[2025-10-21 08:16:47 INFO] Action: Auto cleanup if records exceed threshold
[2025-10-21T08:16:47.050+0000] {docker.py:438} INFO - [32m[2025-10-21 08:16:47 INFO] 🔍 Starting auto-cleanup check...
[2025-10-21T08:16:47.051+0000] {docker.py:438} INFO - [32m[2025-10-21 08:16:47 INFO] 📋 Database: 20.3.50.187:27017/post.post
[2025-10-21T08:16:47.052+0000] {docker.py:438} INFO - [32m[2025-10-21 08:16:47 INFO] 📊 Threshold: 10000, Keep count: 10000
[2025-10-21T08:16:47.474+0000] {docker.py:438} INFO - [32m[2025-10-21 08:16:47 INFO] 📊 Total posts: 13801
[2025-10-21T08:16:47.475+0000] {docker.py:438} INFO - [32m[2025-10-21 08:16:47 INFO] 📊 Current post count: 13801
[2025-10-21T08:16:47.476+0000] {docker.py:438} INFO - [32m[2025-10-21 08:16:47 INFO] 🗑️ Post count (13801) exceeds threshold (10000)
[2025-10-21T08:16:47.476+0000] {docker.py:438} INFO - [32m[2025-10-21 08:16:47 INFO] 🧹 Starting cleanup: will delete 3801 posts, keep latest 10000
[2025-10-21T08:16:47.824+0000] {docker.py:438} INFO - [32m[2025-10-21 08:16:47 INFO] 📊 Total posts before cleanup: 13818
[2025-10-21T08:16:48.774+0000] {docker.py:438} INFO - [32m[2025-10-21 08:16:48 INFO] ✅ Deleted 3818 posts, kept 10000 latest posts
[2025-10-21T08:16:48.796+0000] {docker.py:438} INFO - [32m[2025-10-21 08:16:48 INFO] ✅ Auto-cleanup completed successfully!
[2025-10-21T08:16:48.799+0000] {docker.py:438} INFO - [32m[2025-10-21 08:16:48 INFO] 📊 Deleted: 3818 posts
[2025-10-21T08:16:48.800+0000] {docker.py:438} INFO - [32m[2025-10-21 08:16:48 INFO] 📊 Remaining: 10000 posts
[2025-10-21T08:16:48.803+0000] {docker.py:438} INFO - [32m[2025-10-21 08:16:48 INFO] Probe: Verify final database size
[2025-10-21T08:16:49.216+0000] {docker.py:438} INFO - [32m[2025-10-21 08:16:49 INFO] 📊 Total posts: 10031
[2025-10-21T08:16:49.218+0000] {docker.py:438} INFO - [32m[2025-10-21 08:16:49 INFO] Let's rollback...
[2025-10-21T08:16:49.219+0000] {docker.py:438} INFO - [32m[2025-10-21 08:16:49 INFO] Rollback: Final verification after cleanup
[2025-10-21T08:16:49.221+0000] {docker.py:438} INFO - [32m[2025-10-21 08:16:49 INFO] Probe: Final verification after cleanup
[2025-10-21T08:16:49.633+0000] {docker.py:438} INFO - [32m[2025-10-21 08:16:49 INFO] 📊 Total posts: 10045
[2025-10-21T08:16:49.634+0000] {docker.py:438} INFO - [32m[2025-10-21 08:16:49 INFO] Experiment ended with status: completed
[2025-10-21T08:16:50.186+0000] {docker.py:438} INFO - Database cleanup completed successfully
[2025-10-21T08:16:50.663+0000] {taskinstance.py:340} INFO - ::group::Post task execution logs
[2025-10-21T08:16:50.664+0000] {taskinstance.py:352} INFO - Marking task as SUCCESS. dag_id=DB_Cleanup, task_id=run_db_cleanup_docker, run_id=manual__2025-10-21T08:16:22.277419+00:00, execution_date=20251021T081622, start_date=20251021T081624, end_date=20251021T081650
[2025-10-21T08:16:50.743+0000] {local_task_job_runner.py:266} INFO - Task exited with return code 0
[2025-10-21T08:16:50.792+0000] {taskinstance.py:3900} INFO - 0 downstream tasks scheduled from follow-on schedule check
[2025-10-21T08:16:50.797+0000] {local_task_job_runner.py:245} INFO - ::endgroup::
