[2025-10-21T07:32:55.258+0000] {local_task_job_runner.py:123} INFO - ::group::Pre task execution logs
[2025-10-21T07:32:55.283+0000] {taskinstance.py:2612} INFO - Dependencies all met for dep_context=non-requeueable deps ti=<TaskInstance: DB_Cleanup.run_db_cleanup_docker manual__2025-10-21T07:32:08.767381+00:00 [queued]>
[2025-10-21T07:32:55.295+0000] {taskinstance.py:2612} INFO - Dependencies all met for dep_context=requeueable deps ti=<TaskInstance: DB_Cleanup.run_db_cleanup_docker manual__2025-10-21T07:32:08.767381+00:00 [queued]>
[2025-10-21T07:32:55.295+0000] {taskinstance.py:2865} INFO - Starting attempt 1 of 2
[2025-10-21T07:32:55.321+0000] {taskinstance.py:2888} INFO - Executing <Task(DockerOperator): run_db_cleanup_docker> on 2025-10-21 07:32:08.767381+00:00
[2025-10-21T07:32:55.353+0000] {standard_task_runner.py:72} INFO - Started process 3001 to run task
[2025-10-21T07:32:55.367+0000] {standard_task_runner.py:104} INFO - Running: ['***', 'tasks', 'run', 'DB_Cleanup', 'run_db_cleanup_docker', 'manual__2025-10-21T07:32:08.767381+00:00', '--job-id', '10066', '--raw', '--subdir', 'DAGS_FOLDER/dag_factory.py', '--cfg-path', '/tmp/tmpkfopxpan']
[2025-10-21T07:32:55.371+0000] {standard_task_runner.py:105} INFO - Job 10066: Subtask run_db_cleanup_docker
[2025-10-21T07:32:55.530+0000] {task_command.py:467} INFO - Running <TaskInstance: DB_Cleanup.run_db_cleanup_docker manual__2025-10-21T07:32:08.767381+00:00 [running]> on host workflow.y2twbfvcjkaujnl2bmtbxunhcb.cx.internal.cloudapp.net
[2025-10-21T07:32:55.696+0000] {taskinstance.py:3131} INFO - Exporting env vars: AIRFLOW_CTX_DAG_OWNER='***' AIRFLOW_CTX_DAG_ID='DB_Cleanup' AIRFLOW_CTX_TASK_ID='run_db_cleanup_docker' AIRFLOW_CTX_EXECUTION_DATE='2025-10-21T07:32:08.767381+00:00' AIRFLOW_CTX_TRY_NUMBER='1' AIRFLOW_CTX_DAG_RUN_ID='manual__2025-10-21T07:32:08.767381+00:00'
[2025-10-21T07:32:55.698+0000] {taskinstance.py:731} INFO - ::endgroup::
[2025-10-21T07:32:55.762+0000] {docker.py:367} INFO - Starting docker container from image priyanshu01ce/***_chaos:latest
[2025-10-21T07:32:56.366+0000] {docker.py:438} INFO - The container is run as root user. For security, consider using a regular user account.
[2025-10-21T07:33:14.535+0000] {docker.py:438} INFO - 
[2025-10-21T07:33:14.541+0000] {docker.py:438} INFO - Starting database cleanup check...
[2025-10-21T07:33:15.610+0000] {docker.py:438} INFO - [32m[2025-10-21 07:33:15 INFO] Validating the experiment's syntax
[2025-10-21T07:33:15.813+0000] {docker.py:438} INFO - [32m[2025-10-21 07:33:15 INFO] Experiment looks valid
[2025-10-21T07:33:15.815+0000] {docker.py:438} INFO - [32m[2025-10-21 07:33:15 INFO] Running experiment: Database Cleanup Experiment
[2025-10-21T07:33:15.820+0000] {docker.py:438} INFO - [32m[2025-10-21 07:33:15 INFO] Steady-state strategy: default
[2025-10-21T07:33:15.821+0000] {docker.py:438} INFO - [32m[2025-10-21 07:33:15 INFO] Rollbacks strategy: default
[2025-10-21T07:33:15.822+0000] {docker.py:438} INFO - [32m[2025-10-21 07:33:15 INFO] No steady state hypothesis defined. That's ok, just exploring.
[2025-10-21T07:33:15.823+0000] {docker.py:438} INFO - [32m[2025-10-21 07:33:15 INFO] Playing your experiment's method now...
[2025-10-21T07:33:15.824+0000] {docker.py:438} INFO - [32m[2025-10-21 07:33:15 INFO] Probe: Check current database size
[2025-10-21T07:33:20.844+0000] {docker.py:438} INFO - [31m[2025-10-21 07:33:20 ERROR] Failed to count posts: No servers found yet, Timeout: 5.0s, Topology Description: <TopologyDescription id: 68f7373b9bc032ed4ab7724f, topology_type: Unknown, servers: [<ServerDescription ('172.179.55.194', 27017) server_type: Unknown, rtt: None>]>
[2025-10-21T07:33:20.845+0000] {docker.py:438} INFO - [32m[2025-10-21 07:33:20 INFO] Action: Auto cleanup if records exceed threshold
[2025-10-21T07:33:20.845+0000] {docker.py:438} INFO - [32m[2025-10-21 07:33:20 INFO] 🔍 Starting auto-cleanup check...
[2025-10-21T07:33:20.846+0000] {docker.py:438} INFO - [32m[2025-10-21 07:33:20 INFO] 📋 Database: 172.179.55.194:27017/post.post
[2025-10-21T07:33:20.846+0000] {docker.py:438} INFO - [32m[2025-10-21 07:33:20 INFO] 📊 Threshold: 10000, Keep count: 10000
[2025-10-21T07:33:25.853+0000] {docker.py:438} INFO - [31m[2025-10-21 07:33:25 ERROR] Failed to count posts: No servers found yet, Timeout: 5.0s, Topology Description: <TopologyDescription id: 68f737409bc032ed4ab77250, topology_type: Unknown, servers: [<ServerDescription ('172.179.55.194', 27017) server_type: Unknown, rtt: None>]>
[2025-10-21T07:33:25.854+0000] {docker.py:438} INFO - [31m[2025-10-21 07:33:25 ERROR] ❌ Failed to count posts, cannot proceed with cleanup
[2025-10-21T07:33:25.854+0000] {docker.py:438} INFO - [32m[2025-10-21 07:33:25 INFO] Probe: Verify final database size
[2025-10-21T07:33:30.862+0000] {docker.py:438} INFO - [31m[2025-10-21 07:33:30 ERROR] Failed to count posts: No servers found yet, Timeout: 5.0s, Topology Description: <TopologyDescription id: 68f737459bc032ed4ab77251, topology_type: Unknown, servers: [<ServerDescription ('172.179.55.194', 27017) server_type: Unknown, rtt: None>]>
[2025-10-21T07:33:30.863+0000] {docker.py:438} INFO - [32m[2025-10-21 07:33:30 INFO] Let's rollback...
[2025-10-21T07:33:30.863+0000] {docker.py:438} INFO - [32m[2025-10-21 07:33:30 INFO] Rollback: Final verification after cleanup
[2025-10-21T07:33:30.865+0000] {docker.py:438} INFO - [32m[2025-10-21 07:33:30 INFO] Probe: Final verification after cleanup
[2025-10-21T07:33:35.873+0000] {docker.py:438} INFO - [31m[2025-10-21 07:33:35 ERROR] Failed to count posts: No servers found yet, Timeout: 5.0s, Topology Description: <TopologyDescription id: 68f7374a9bc032ed4ab77252, topology_type: Unknown, servers: [<ServerDescription ('172.179.55.194', 27017) server_type: Unknown, rtt: None>]>
[2025-10-21T07:33:35.874+0000] {docker.py:438} INFO - [32m[2025-10-21 07:33:35 INFO] Experiment ended with status: completed
[2025-10-21T07:33:39.025+0000] {docker.py:438} INFO - Database cleanup completed successfully
[2025-10-21T07:33:39.662+0000] {taskinstance.py:340} INFO - ::group::Post task execution logs
[2025-10-21T07:33:39.666+0000] {taskinstance.py:352} INFO - Marking task as SUCCESS. dag_id=DB_Cleanup, task_id=run_db_cleanup_docker, run_id=manual__2025-10-21T07:32:08.767381+00:00, execution_date=20251021T073208, start_date=20251021T073255, end_date=20251021T073339
[2025-10-21T07:33:39.752+0000] {local_task_job_runner.py:266} INFO - Task exited with return code 0
[2025-10-21T07:33:39.795+0000] {taskinstance.py:3900} INFO - 0 downstream tasks scheduled from follow-on schedule check
[2025-10-21T07:33:39.802+0000] {local_task_job_runner.py:245} INFO - ::endgroup::
