[2025-11-13T22:30:52.783+0000] {local_task_job_runner.py:123} INFO - ::group::Pre task execution logs
[2025-11-13T22:30:52.808+0000] {taskinstance.py:2612} INFO - Dependencies all met for dep_context=non-requeueable deps ti=<TaskInstance: Reinitialize_Application.apply_container_restart_docker manual__2025-11-13T22:30:50.847729+00:00 [queued]>
[2025-11-13T22:30:52.820+0000] {taskinstance.py:2612} INFO - Dependencies all met for dep_context=requeueable deps ti=<TaskInstance: Reinitialize_Application.apply_container_restart_docker manual__2025-11-13T22:30:50.847729+00:00 [queued]>
[2025-11-13T22:30:52.820+0000] {taskinstance.py:2865} INFO - Starting attempt 1 of 1
[2025-11-13T22:30:52.842+0000] {taskinstance.py:2888} INFO - Executing <Task(DockerOperator): apply_container_restart_docker> on 2025-11-13 22:30:50.847729+00:00
[2025-11-13T22:30:52.858+0000] {standard_task_runner.py:72} INFO - Started process 184 to run task
[2025-11-13T22:30:52.870+0000] {standard_task_runner.py:104} INFO - Running: ['***', 'tasks', 'run', 'Reinitialize_Application', 'apply_container_restart_docker', 'manual__2025-11-13T22:30:50.847729+00:00', '--job-id', '15077', '--raw', '--subdir', 'DAGS_FOLDER/dag_factory.py', '--cfg-path', '/tmp/tmpyb7zl2ne']
[2025-11-13T22:30:52.872+0000] {standard_task_runner.py:105} INFO - Job 15077: Subtask apply_container_restart_docker
[2025-11-13T22:30:52.972+0000] {task_command.py:467} INFO - Running <TaskInstance: Reinitialize_Application.apply_container_restart_docker manual__2025-11-13T22:30:50.847729+00:00 [running]> on host workflow.y2twbfvcjkaujnl2bmtbxunhcb.cx.internal.cloudapp.net
[2025-11-13T22:30:53.132+0000] {taskinstance.py:3131} INFO - Exporting env vars: AIRFLOW_CTX_DAG_OWNER='***' AIRFLOW_CTX_DAG_ID='Reinitialize_Application' AIRFLOW_CTX_TASK_ID='apply_container_restart_docker' AIRFLOW_CTX_EXECUTION_DATE='2025-11-13T22:30:50.847729+00:00' AIRFLOW_CTX_TRY_NUMBER='1' AIRFLOW_CTX_DAG_RUN_ID='manual__2025-11-13T22:30:50.847729+00:00'
[2025-11-13T22:30:53.135+0000] {taskinstance.py:731} INFO - ::endgroup::
[2025-11-13T22:30:53.202+0000] {docker.py:367} INFO - Starting docker container from image priyanshu01ce/***_chaos:latest
[2025-11-13T22:30:53.879+0000] {docker.py:438} INFO - The container is run as root user. For security, consider using a regular user account.
[2025-11-13T22:31:11.310+0000] {docker.py:438} INFO - 
[2025-11-13T22:31:11.329+0000] {docker.py:438} INFO - total 10600
[2025-11-13T22:31:11.329+0000] {docker.py:438} INFO - drwxr-xr-x 6    1000 1000     4096 Nov 11 11:35 .
[2025-11-13T22:31:11.330+0000] {docker.py:438} INFO - drwxr-xr-x 1 *** root     4096 Sep 26 10:44 ..
[2025-11-13T22:31:11.330+0000] {docker.py:438} INFO - -rw-r--r-- 1    1000 1000     1193 Sep  8 07:02 API_Latency.json
[2025-11-13T22:31:11.331+0000] {docker.py:438} INFO - -rw-r--r-- 1    1000 1000      729 Sep  9 10:30 API_Timeout.json
[2025-11-13T22:31:11.332+0000] {docker.py:438} INFO - -rw-r--r-- 1    1000 1000     1331 Oct  7 18:22 Continuous_Load_Test_Azure.yaml
[2025-11-13T22:31:11.332+0000] {docker.py:438} INFO - -rw-r--r-- 1    1000 1000     1665 Nov 11 09:21 Memory_Stress_Test_Azure.yaml
[2025-11-13T22:31:11.333+0000] {docker.py:438} INFO - -rw-r--r-- 1    1000 1000     1178 Sep 30 18:19 Stress_Test_Azure.yaml
[2025-11-13T22:31:11.334+0000] {docker.py:438} INFO - drwxrwxr-x 2 root    root     4096 Oct 29 06:31 __pycache__
[2025-11-13T22:31:11.335+0000] {docker.py:438} INFO - drwxrwxr-x 5    1000 1000     4096 Oct 21 08:05 chaos_env
[2025-11-13T22:31:11.335+0000] {docker.py:438} INFO - -rw-r--r-- 1    1000 1000     8875 Sep 25 16:54 chaosk6_actions.py
[2025-11-13T22:31:11.335+0000] {docker.py:438} INFO - -rw-rw-r-- 1    1000 1000 10173593 Nov 13 22:23 chaostoolkit.log
[2025-11-13T22:31:11.336+0000] {docker.py:438} INFO - -rw-rw-r-- 1    1000 1000     1421 Oct 23 09:34 check.py
[2025-11-13T22:31:11.336+0000] {docker.py:438} INFO - -rw-r--r-- 1    1000 1000     3213 Sep  9 09:11 combined-sequential.json
[2025-11-13T22:31:11.337+0000] {docker.py:438} INFO - -rwxrwxr-x 1    1000 1000     1489 Oct 27 06:29 complete_chaos_mesh-cleanup.sh
[2025-11-13T22:31:11.337+0000] {docker.py:438} INFO - -rw-r--r-- 1    1000 1000      502 Sep 16 05:31 connection_test_experiment.json
[2025-11-13T22:31:11.338+0000] {docker.py:438} INFO - -rw-rw-r-- 1    1000 1000      692 Oct 24 01:43 container_probe.json
[2025-11-13T22:31:11.338+0000] {docker.py:438} INFO - -rw-rw-r-- 1    1000 1000     2533 Oct 23 09:28 container_probe.yaml
[2025-11-13T22:31:11.339+0000] {docker.py:438} INFO - -rw-r--r-- 1    1000 1000     1420 Sep 24 06:53 container_restart.json
[2025-11-13T22:31:11.339+0000] {docker.py:438} INFO - -rw-r--r-- 1    1000 1000    16452 Sep 26 09:59 container_restart.py
[2025-11-13T22:31:11.340+0000] {docker.py:438} INFO - -rw-r--r-- 1    1000 1000     1744 Nov 11 09:15 container_restart_Azure.yaml
[2025-11-13T22:31:11.340+0000] {docker.py:438} INFO - -rw-r--r-- 1    1000 1000     1409 Sep 18 12:30 continuous_load_test.json
[2025-11-13T22:31:11.340+0000] {docker.py:438} INFO - -rw-r--r-- 1    1000 1000     1637 Sep 25 10:13 cordon-uncordon-node.json
[2025-11-13T22:31:11.341+0000] {docker.py:438} INFO - -rw-r--r-- 1    1000 1000     1637 Sep 25 04:39 cordon_test.json
[2025-11-13T22:31:11.341+0000] {docker.py:438} INFO - -rw-r--r-- 1    1000 1000     1430 Nov 11 09:16 cordon_uncordon_node_Azure.yaml
[2025-11-13T22:31:11.342+0000] {docker.py:438} INFO - -rw-r--r-- 1    1000 1000     1203 Sep 30 06:51 cpu_stress_ng.json
[2025-11-13T22:31:11.342+0000] {docker.py:438} INFO - -rw-r--r-- 1    1000 1000     1760 Oct 21 08:00 db_cleanup.json
[2025-11-13T22:31:11.343+0000] {docker.py:438} INFO - -rw-r--r-- 1    1000 1000     6399 Sep 24 07:40 db_cleanup.py
[2025-11-13T22:31:11.343+0000] {docker.py:438} INFO - -rw-rw-r-- 1    1000 1000     5855 Oct 28 12:27 direct_memory_stress.py
[2025-11-13T22:31:11.343+0000] {docker.py:438} INFO - -rw-r--r-- 1    1000 1000     6425 Nov 13 22:23 journal.json
[2025-11-13T22:31:11.344+0000] {docker.py:438} INFO - -rw-rw-r-- 1    1000 1000        0 Nov 11 11:31 json
[2025-11-13T22:31:11.344+0000] {docker.py:438} INFO - -rw-rw-r-- 1 root    root   373516 Nov 13 21:45 k6_continuous_load.log
[2025-11-13T22:31:11.345+0000] {docker.py:438} INFO - -rw-r--r-- 1    1000 1000     3913 Nov 13 21:45 k6_continuous_summary.json
[2025-11-13T22:31:11.345+0000] {docker.py:438} INFO - -rw-r--r-- 1    1000 1000     3433 Sep 25 09:28 k6_summary.json
[2025-11-13T22:31:11.346+0000] {docker.py:438} INFO - -rw-r--r-- 1    1000 1000      989 Sep 30 09:24 kubernetes_actions.json
[2025-11-13T22:31:11.346+0000] {docker.py:438} INFO - -rw-r--r-- 1    1000 1000    10961 Sep 30 09:23 kubernetes_actions.py
[2025-11-13T22:31:11.347+0000] {docker.py:438} INFO - -rw-r--r-- 1    1000 1000      945 Sep 21 16:40 load_test.json
[2025-11-13T22:31:11.347+0000] {docker.py:438} INFO - -rw-r--r-- 1    1000 1000      528 Sep 17 12:13 max_connection_experiment.json
[2025-11-13T22:31:11.348+0000] {docker.py:438} INFO - -rw-r--r-- 1    1000 1000     1227 Sep 13 15:20 memory-stress-rollback.json
[2025-11-13T22:31:11.348+0000] {docker.py:438} INFO - -rw-rw-r-- 1    1000 1000     1066 Oct 30 12:27 memory_stress.json
[2025-11-13T22:31:11.349+0000] {docker.py:438} INFO - -rw-rw-r-- 1    1000 1000     6653 Oct 29 06:18 memory_stress.py
[2025-11-13T22:31:11.349+0000] {docker.py:438} INFO - -rw-r--r-- 1    1000 1000     1421 Sep 29 05:20 mongo_db_container_restart.json
[2025-11-13T22:31:11.350+0000] {docker.py:438} INFO - -rw-r--r-- 1    1000 1000     7586 Sep 18 05:54 mongodb_actions.py
[2025-11-13T22:31:11.350+0000] {docker.py:438} INFO - -rw-r--r-- 1    1000 1000     2136 Sep 18 11:23 mongodb_connection.json
[2025-11-13T22:31:11.350+0000] {docker.py:438} INFO - -rw-r--r-- 1    1000 1000      597 Sep 16 09:17 mongodb_network_latency_experiment.json
[2025-11-13T22:31:11.351+0000] {docker.py:438} INFO - -rw-r--r-- 1    1000 1000     3657 Sep 18 05:42 mongodb_probes.py
[2025-11-13T22:31:11.352+0000] {docker.py:438} INFO - -rw-r--r-- 1    1000 1000     6161 Sep 12 08:04 pod_restart.py
[2025-11-13T22:31:11.352+0000] {docker.py:438} INFO - -rw-r--r-- 1    1000 1000     1497 Sep 30 05:50 redis_config_faults.py
[2025-11-13T22:31:11.352+0000] {docker.py:438} INFO - -rw-r--r-- 1    1000 1000      862 Sep 30 05:50 redis_experiment.json
[2025-11-13T22:31:11.353+0000] {docker.py:438} INFO - -rw-r--r-- 1    1000 1000      945 Sep 18 06:53 redis_load.json
[2025-11-13T22:31:11.353+0000] {docker.py:438} INFO - -rw-r--r-- 1    1000 1000     1634 Nov 11 09:16 redis_memory_stress_Azure.yaml
[2025-11-13T22:31:11.354+0000] {docker.py:438} INFO - -rw-rw-r-- 1    1000 1000     1333 Oct 21 09:39 reinitialize_application.yaml
[2025-11-13T22:31:11.354+0000] {docker.py:438} INFO - -rw-r--r-- 1    1000 1000     1284 Sep 25 10:53 run_load_test_with_cleanup.py
[2025-11-13T22:31:11.354+0000] {docker.py:438} INFO - -rw-rw-r-- 1    1000 1000     1307 Oct 27 10:33 sample_probe.yaml
[2025-11-13T22:31:11.355+0000] {docker.py:438} INFO - drwxr-xr-x 2    1000 1000     4096 Oct 22 06:46 scripts
[2025-11-13T22:31:11.355+0000] {docker.py:438} INFO - -rw-rw-r-- 1    1000 1000      272 Oct 27 08:51 simple-stress-test.yaml
[2025-11-13T22:31:11.356+0000] {docker.py:438} INFO - drwxr-xr-x 4    1000 1000     4096 Sep 30 09:41 socialNetwork
[2025-11-13T22:31:11.356+0000] {docker.py:438} INFO - -rw-r--r-- 1    1000 1000      821 Sep 26 13:20 stress_test.json
[2025-11-13T22:31:11.357+0000] {docker.py:438} INFO - -rw-rw-r-- 1    1000 1000      301 Oct 27 08:46 test-stress-fixed.yaml
[2025-11-13T22:31:11.357+0000] {docker.py:438} INFO - -rw-rw-r-- 1    1000 1000      295 Oct 27 08:49 test_after_fix.yaml
[2025-11-13T22:31:11.358+0000] {docker.py:438} INFO - -rw-r--r-- 1    1000
[2025-11-13T22:31:11.358+0000] {docker.py:438} INFO - 1000      367 Sep 17 07:24 test_params.json
[2025-11-13T22:31:11.359+0000] {docker.py:438} INFO - Starting Reinitializing the Social Networking Application...
[2025-11-13T22:31:12.277+0000] {docker.py:438} INFO - [32m[2025-11-13 22:31:12 INFO] Validating the experiment's syntax
[2025-11-13T22:31:13.129+0000] {docker.py:438} INFO - [32m[2025-11-13 22:31:13 INFO] Experiment looks valid
[2025-11-13T22:31:13.131+0000] {docker.py:438} INFO - [32m[2025-11-13 22:31:13 INFO] Running experiment: Simple Social Network Reset
[2025-11-13T22:31:13.138+0000] {docker.py:438} INFO - [32m[2025-11-13 22:31:13 INFO] Steady-state strategy: default
[2025-11-13T22:31:13.140+0000] {docker.py:438} INFO - [32m[2025-11-13 22:31:13 INFO] Rollbacks strategy: default
[2025-11-13T22:31:13.144+0000] {docker.py:438} INFO - [32m[2025-11-13 22:31:13 INFO] No steady state hypothesis defined. That's ok, just exploring.
[2025-11-13T22:31:13.146+0000] {docker.py:438} INFO - [32m[2025-11-13 22:31:13 INFO] Playing your experiment's method now...
[2025-11-13T22:31:13.147+0000] {docker.py:438} INFO - [32m[2025-11-13 22:31:13 INFO] Action: complete-reset-and-reinit
[2025-11-13T22:31:13.148+0000] {docker.py:438} INFO - INFO:kubernetes_actions:Starting complete reset and reinitialization...
[2025-11-13T22:31:13.148+0000] {docker.py:438} INFO - INFO:kubernetes_actions:Starting full social network reset...
[2025-11-13T22:31:13.152+0000] {docker.py:438} INFO - INFO:kubernetes_actions:Clearing Redis data...
[2025-11-13T22:31:13.194+0000] {docker.py:438} INFO - INFO:kubernetes_actions:Loaded local Kubernetes config
[2025-11-13T22:31:13.218+0000] {docker.py:438} INFO - INFO:kubernetes_actions:Loaded local Kubernetes config
[2025-11-13T22:31:13.526+0000] {docker.py:438} INFO - INFO:kubernetes_actions:Found running pod: social-graph-redis-64bd79b48b-gpwdg for deployment: social-graph-redis
[2025-11-13T22:31:13.528+0000] {docker.py:438} INFO - INFO:kubernetes_actions:Executing command in pod social-graph-redis-64bd79b48b-gpwdg, container social-graph-redis: redis-cli FLUSHALL
[2025-11-13T22:31:15.020+0000] {docker.py:438} INFO - INFO:kubernetes_actions:Command executed successfully. Output: OK
[2025-11-13T22:31:15.043+0000] {docker.py:438} INFO - INFO:kubernetes_actions:Loaded local Kubernetes config
[2025-11-13T22:31:15.067+0000] {docker.py:438} INFO - INFO:kubernetes_actions:Loaded local Kubernetes config
[2025-11-13T22:31:15.445+0000] {docker.py:438} INFO - INFO:kubernetes_actions:Found running pod: home-timeline-redis-744dd9998f-xqjsk for deployment: home-timeline-redis
[2025-11-13T22:31:15.448+0000] {docker.py:438} INFO - INFO:kubernetes_actions:Executing command in pod home-timeline-redis-744dd9998f-xqjsk, container home-timeline-redis: redis-cli FLUSHALL
[2025-11-13T22:31:16.837+0000] {docker.py:438} INFO - INFO:kubernetes_actions:Command executed successfully. Output: OK
[2025-11-13T22:31:16.861+0000] {docker.py:438} INFO - INFO:kubernetes_actions:Loaded local Kubernetes config
[2025-11-13T22:31:16.884+0000] {docker.py:438} INFO - INFO:kubernetes_actions:Loaded local Kubernetes config
[2025-11-13T22:31:17.179+0000] {docker.py:438} INFO - INFO:kubernetes_actions:Found running pod: user-timeline-redis-7b8f6ff4fb-5s87m for deployment: user-timeline-redis
[2025-11-13T22:31:17.180+0000] {docker.py:438} INFO - INFO:kubernetes_actions:Executing command in pod user-timeline-redis-7b8f6ff4fb-5s87m, container user-timeline-redis: redis-cli FLUSHALL
[2025-11-13T22:31:18.582+0000] {docker.py:438} INFO - INFO:kubernetes_actions:Command executed successfully. Output: OK
[2025-11-13T22:31:18.583+0000] {docker.py:438} INFO - 
[2025-11-13T22:31:18.583+0000] {docker.py:438} INFO - INFO:kubernetes_actions:Clearing Memcached data...
[2025-11-13T22:31:18.606+0000] {docker.py:438} INFO - INFO:kubernetes_actions:Loaded local Kubernetes config
[2025-11-13T22:31:18.629+0000] {docker.py:438} INFO - INFO:kubernetes_actions:Loaded local Kubernetes config
[2025-11-13T22:31:18.924+0000] {docker.py:438} INFO - INFO:kubernetes_actions:Found running pod: post-storage-memcached-67c6cc65cc-j4jdz for deployment: post-storage-memcached
[2025-11-13T22:31:18.925+0000] {docker.py:438} INFO - INFO:kubernetes_actions:Executing command in pod post-storage-memcached-67c6cc65cc-j4jdz, container post-storage-memcached: sh -c echo 'flush_all' | nc localhost 11211
[2025-11-13T22:31:20.335+0000] {docker.py:438} INFO - INFO:kubernetes_actions:Command executed successfully. Output: sh: 1: nc: not found
[2025-11-13T22:31:20.358+0000] {docker.py:438} INFO - INFO:kubernetes_actions:Loaded local Kubernetes config
[2025-11-13T22:31:20.381+0000] {docker.py:438} INFO - INFO:kubernetes_actions:Loaded local Kubernetes config
[2025-11-13T22:31:20.642+0000] {docker.py:438} INFO - INFO:kubernetes_actions:Found running pod: user-memcached-56f89988c-kswck for deployment: user-memcached
[2025-11-13T22:31:20.643+0000] {docker.py:438} INFO - INFO:kubernetes_actions:Executing command in pod user-memcached-56f89988c-kswck, container user-memcached: sh -c echo 'flush_all' | nc localhost 11211
[2025-11-13T22:31:22.102+0000] {docker.py:438} INFO - INFO:kubernetes_actions:Command executed successfully. Output: sh: 1: nc: not found
[2025-11-13T22:31:22.105+0000] {docker.py:438} INFO - INFO:kubernetes_actions:Dropping MongoDB databases...
[2025-11-13T22:31:22.127+0000] {docker.py:438} INFO - INFO:kubernetes_actions:Loaded local Kubernetes config
[2025-11-13T22:31:22.151+0000] {docker.py:438} INFO - INFO:kubernetes_actions:Loaded local Kubernetes config
[2025-11-13T22:31:22.410+0000] {docker.py:438} INFO - INFO:kubernetes_actions:Found running pod: post-storage-mongodb-7f7657964c-b2fld for deployment: post-storage-mongodb
[2025-11-13T22:31:22.411+0000] {docker.py:438} INFO - INFO:kubernetes_actions:Executing command in pod post-storage-mongodb-7f7657964c-b2fld, container post-storage-mongodb: mongo --eval db.getSiblingDB('post').dropDatabase()
[2025-11-13T22:31:24.094+0000] {docker.py:438} INFO - INFO:kubernetes_actions:Command executed successfully. Output: MongoDB shell version v4.4.6
[2025-11-13T22:31:24.094+0000] {docker.py:438} INFO - connecting to: mongodb://127.0.0.1:27017/?compressors=disabled&gssapiServiceName=mongodb
[2025-11-13T22:31:24.095+0000] {docker.py:438} INFO - Implicit session: session { "id" : UUID("63a074da-0946-4f62-a9a4-71a7c55cf5dc") }
[2025-11-13T22:31:24.097+0000] {docker.py:438} INFO - MongoDB server version: 4.4.6
[2025-11-13T22:31:24.098+0000] {docker.py:438} INFO - { "dropped" : "post", "ok" : 1 }
[2025-11-13T22:31:24.121+0000] {docker.py:438} INFO - INFO:kubernetes_actions:Loaded local Kubernetes config
[2025-11-13T22:31:24.144+0000] {docker.py:438} INFO - INFO:kubernetes_actions:Loaded local Kubernetes config
[2025-11-13T22:31:24.495+0000] {docker.py:438} INFO - INFO:kubernetes_actions:Found running pod: post-storage-mongodb-7f7657964c-b2fld for deployment: post-storage-mongodb
[2025-11-13T22:31:24.496+0000] {docker.py:438} INFO - INFO:kubernetes_actions:Executing command in pod post-storage-mongodb-7f7657964c-b2fld, container post-storage-mongodb: mongo --eval db.getSiblingDB('READ__ME_TO_RECOVER_YOUR_DATA').dropDatabase()
[2025-11-13T22:31:26.001+0000] {docker.py:438} INFO - INFO:kubernetes_actions:Command executed successfully. Output: MongoDB shell version v4.4.6
[2025-11-13T22:31:26.001+0000] {docker.py:438} INFO - connecting to: mongodb://127.0.0.1:27017/?compressors=disabled&gssapiServiceName=mongodb
[2025-11-13T22:31:26.002+0000] {docker.py:438} INFO - Implicit session: session { "id" : UUID("38c1bfb3-1956-4912-9aac-065d883533db") }
[2025-11-13T22:31:26.004+0000] {docker.py:438} INFO - MongoDB server version: 4.4.6
[2025-11-13T22:31:26.005+0000] {docker.py:438} INFO - { "ok" : 1 }
[2025-11-13T22:31:26.043+0000] {docker.py:438} INFO - INFO:kubernetes_actions:Loaded local Kubernetes config
[2025-11-13T22:31:26.070+0000] {docker.py:438} INFO - INFO:kubernetes_actions:Loaded local Kubernetes config
[2025-11-13T22:31:26.324+0000] {docker.py:438} INFO - INFO:kubernetes_actions:Found running pod: user-mongodb-f95b7d968-tqlld for deployment: user-mongodb
[2025-11-13T22:31:26.326+0000] {docker.py:438} INFO - INFO:kubernetes_actions:Executing command in pod user-mongodb-f95b7d968-tqlld, container user-mongodb: mongo --eval db.getSiblingDB('user').dropDatabase()
[2025-11-13T22:31:27.841+0000] {docker.py:438} INFO - INFO:kubernetes_actions:Command executed successfully. Output: MongoDB shell version v4.4.6
[2025-11-13T22:31:27.842+0000] {docker.py:438} INFO - connecting to: mongodb://127.0.0.1:27017/?compressors=disabled&gssapiServiceName=mongodb
[2025-11-13T22:31:27.843+0000] {docker.py:438} INFO - Implicit session: session { "id" : UUID("2ed20157-5cc2-488f-b889-0c9988a17a33") }
[2025-11-13T22:31:27.847+0000] {docker.py:438} INFO - MongoDB server version: 4.4.6
[2025-11-13T22:31:27.848+0000] {docker.py:438} INFO - { "dropped" : "user", "ok" : 1 }
[2025-11-13T22:31:27.881+0000] {docker.py:438} INFO - INFO:kubernetes_actions:Loaded local Kubernetes config
[2025-11-13T22:31:27.909+0000] {docker.py:438} INFO - INFO:kubernetes_actions:Loaded local Kubernetes config
[2025-11-13T22:31:28.170+0000] {docker.py:438} INFO - INFO:kubernetes_actions:Found running pod: user-mongodb-f95b7d968-tqlld for deployment: user-mongodb
[2025-11-13T22:31:28.172+0000] {docker.py:438} INFO - INFO:kubernetes_actions:Executing command in pod user-mongodb-f95b7d968-tqlld, container user-mongodb: mongo --eval db.getSiblingDB('READ__ME_TO_RECOVER_YOUR_DATA').dropDatabase()
[2025-11-13T22:31:29.744+0000] {docker.py:438} INFO - INFO:kubernetes_actions:Command executed successfully. Output: MongoDB shell version v4.4.6
[2025-11-13T22:31:29.746+0000] {docker.py:438} INFO - connecting to: mongodb://127.0.0.1:27017/?compressors=disabled&gssapiServiceName=mongodb
[2025-11-13T22:31:29.746+0000] {docker.py:438} INFO - Implicit session: session { "id" : UUID("bf0ec170-89ab-4771-98cf-354bdd90d61c") }
[2025-11-13T22:31:29.748+0000] {docker.py:438} INFO - MongoDB server version: 4.4.6
[2025-11-13T22:31:29.748+0000] {docker.py:438} INFO - { "ok" : 1 }
[2025-11-13T22:31:29.773+0000] {docker.py:438} INFO - INFO:kubernetes_actions:Loaded local Kubernetes config
[2025-11-13T22:31:29.795+0000] {docker.py:438} INFO - INFO:kubernetes_actions:Loaded local Kubernetes config
[2025-11-13T22:31:30.089+0000] {docker.py:438} INFO - INFO:kubernetes_actions:Found running pod: social-graph-mongodb-77fd77d9f4-jj4vn for deployment: social-graph-mongodb
[2025-11-13T22:31:30.090+0000] {docker.py:438} INFO - INFO:kubernetes_actions:Executing command in pod social-graph-mongodb-77fd77d9f4-jj4vn, container social-graph-mongodb: mongo --eval db.getSiblingDB('social-graph').dropDatabase()
[2025-11-13T22:31:31.732+0000] {docker.py:438} INFO - INFO:kubernetes_actions:Command executed successfully. Output: MongoDB shell version v4.4.6
[2025-11-13T22:31:31.733+0000] {docker.py:438} INFO - connecting to: mongodb://127.0.0.1:27017/?compressors=disabled&gssapiServiceName=mongodb
[2025-11-13T22:31:31.733+0000] {docker.py:438} INFO - Implicit session: session { "id" : UUID("a383290d-e2f8-4b16-9293-1e00eb32ef37") }
[2025-11-13T22:31:31.736+0000] {docker.py:438} INFO - MongoDB server version: 4.4.6
[2025-11-13T22:31:31.736+0000] {docker.py:438} INFO - { "dropped" : "social-graph", "ok" : 1 }
[2025-11-13T22:31:31.757+0000] {docker.py:438} INFO - INFO:kubernetes_actions:Loaded local Kubernetes config
[2025-11-13T22:31:31.782+0000] {docker.py:438} INFO - INFO:kubernetes_actions:Loaded local Kubernetes config
[2025-11-13T22:31:32.077+0000] {docker.py:438} INFO - INFO:kubernetes_actions:Found running pod: social-graph-mongodb-77fd77d9f4-jj4vn for deployment: social-graph-mongodb
[2025-11-13T22:31:32.081+0000] {docker.py:438} INFO - INFO:kubernetes_actions:Executing command in pod social-graph-mongodb-77fd77d9f4-jj4vn, container social-graph-mongodb: mongo --eval db.getSiblingDB('READ__ME_TO_RECOVER_YOUR_DATA').dropDatabase()
[2025-11-13T22:31:33.641+0000] {docker.py:438} INFO - INFO:kubernetes_actions:Command executed successfully. Output: MongoDB shell version v4.4.6
[2025-11-13T22:31:33.642+0000] {docker.py:438} INFO - connecting to: mongodb://127.0.0.1:27017/?compressors=disabled&gssapiServiceName=mongodb
[2025-11-13T22:31:33.642+0000] {docker.py:438} INFO - Implicit session: session { "id" : UUID("549e92d5-1793-438b-8609-90cb60261bb5") }
[2025-11-13T22:31:33.645+0000] {docker.py:438} INFO - MongoDB server version: 4.4.6
[2025-11-13T22:31:33.645+0000] {docker.py:438} INFO - { "ok" : 1 }
[2025-11-13T22:31:33.666+0000] {docker.py:438} INFO - INFO:kubernetes_actions:Loaded local Kubernetes config
[2025-11-13T22:31:33.689+0000] {docker.py:438} INFO - INFO:kubernetes_actions:Loaded local Kubernetes config
[2025-11-13T22:31:34.066+0000] {docker.py:438} INFO - INFO:kubernetes_actions:Found running pod: user-timeline-mongodb-6ff9797bfc-bnf8b for deployment: user-timeline-mongodb
[2025-11-13T22:31:34.069+0000] {docker.py:438} INFO - INFO:kubernetes_actions:Executing command in pod user-timeline-mongodb-6ff9797bfc-bnf8b, container user-timeline-mongodb: mongo --eval db.getSiblingDB('user-timeline').dropDatabase()
[2025-11-13T22:31:36.178+0000] {docker.py:438} INFO - INFO:kubernetes_actions:Command executed successfully. Output: MongoDB shell version v4.4.6
[2025-11-13T22:31:36.178+0000] {docker.py:438} INFO - connecting to: mongodb://127.0.0.1:27017/?compressors=disabled&gssapiServiceName=mongodb
[2025-11-13T22:31:36.179+0000] {docker.py:438} INFO - Implicit session: session { "id" : UUID("8a5ec55c-6d14-4d52-a390-26a5c924d9c0") }
[2025-11-13T22:31:36.179+0000] {docker.py:438} INFO - MongoDB server version: 4.4.6
[2025-11-13T22:31:36.184+0000] {docker.py:438} INFO - { "dropped" : "user-timeline", "ok" : 1 }
[2025-11-13T22:31:36.218+0000] {docker.py:438} INFO - INFO:kubernetes_actions:Loaded local Kubernetes config
[2025-11-13T22:31:36.245+0000] {docker.py:438} INFO - INFO:kubernetes_actions:Loaded local Kubernetes config
[2025-11-13T22:31:36.601+0000] {docker.py:438} INFO - INFO:kubernetes_actions:Found running pod: user-timeline-mongodb-6ff9797bfc-bnf8b for deployment: user-timeline-mongodb
[2025-11-13T22:31:36.603+0000] {docker.py:438} INFO - INFO:kubernetes_actions:Executing command in pod user-timeline-mongodb-6ff9797bfc-bnf8b, container user-timeline-mongodb: mongo --eval db.getSiblingDB('READ__ME_TO_RECOVER_YOUR_DATA').dropDatabase()
[2025-11-13T22:31:38.569+0000] {docker.py:438} INFO - INFO:kubernetes_actions:Command executed successfully. Output: MongoDB shell version v4.4.6
[2025-11-13T22:31:38.570+0000] {docker.py:438} INFO - connecting to: mongodb://127.0.0.1:27017/?compressors=disabled&gssapiServiceName=mongodb
[2025-11-13T22:31:38.571+0000] {docker.py:438} INFO - Implicit session: session { "id" : UUID("6e7afc5e-a6df-4383-8d84-ab8f9277fa21") }
[2025-11-13T22:31:38.573+0000] {docker.py:438} INFO - MongoDB server version: 4.4.6
[2025-11-13T22:31:38.573+0000] {docker.py:438} INFO - { "ok" : 1 }
[2025-11-13T22:31:38.574+0000] {docker.py:438} INFO - 
[2025-11-13T22:31:38.576+0000] {docker.py:438} INFO - INFO:kubernetes_actions:Full social network reset completed
[2025-11-13T22:31:43.592+0000] {docker.py:438} INFO - INFO:kubernetes_actions:Loaded local Kubernetes config
[2025-11-13T22:31:43.593+0000] {docker.py:438} INFO - INFO:kubernetes_actions:Restarting deployment: social-graph-service
[2025-11-13T22:31:44.081+0000] {docker.py:438} INFO - INFO:kubernetes_actions:✅ Successfully restarted social-graph-service
[2025-11-13T22:31:44.082+0000] {docker.py:438} INFO - INFO:kubernetes_actions:Restarting deployment: user-service
[2025-11-13T22:31:44.277+0000] {docker.py:438} INFO - INFO:kubernetes_actions:✅ Successfully restarted user-service
[2025-11-13T22:31:44.278+0000] {docker.py:438} INFO - INFO:kubernetes_actions:Restarting deployment: post-storage-service
[2025-11-13T22:31:44.469+0000] {docker.py:438} INFO - INFO:kubernetes_actions:✅ Successfully restarted post-storage-service
[2025-11-13T22:31:44.472+0000] {docker.py:438} INFO - INFO:kubernetes_actions:Restarting deployment: compose-post-service
[2025-11-13T22:31:44.677+0000] {docker.py:438} INFO - INFO:kubernetes_actions:✅ Successfully restarted compose-post-service
[2025-11-13T22:31:44.680+0000] {docker.py:438} INFO - INFO:kubernetes_actions:Restarting deployment: home-timeline-service
[2025-11-13T22:31:44.884+0000] {docker.py:438} INFO - INFO:kubernetes_actions:✅ Successfully restarted home-timeline-service
[2025-11-13T22:31:44.885+0000] {docker.py:438} INFO - INFO:kubernetes_actions:Restarting deployment: user-timeline-service
[2025-11-13T22:31:45.129+0000] {docker.py:438} INFO - INFO:kubernetes_actions:✅ Successfully restarted user-timeline-service
[2025-11-13T22:31:45.131+0000] {docker.py:438} INFO - INFO:kubernetes_actions:Restarting deployment: nginx-thrift
[2025-11-13T22:31:46.504+0000] {docker.py:438} INFO - INFO:kubernetes_actions:✅ Successfully restarted nginx-thrift
[2025-11-13T22:31:46.505+0000] {docker.py:438} INFO - INFO:kubernetes_actions:Restarting deployment: text-service
[2025-11-13T22:31:46.711+0000] {docker.py:438} INFO - INFO:kubernetes_actions:✅ Successfully restarted text-service
[2025-11-13T22:31:46.712+0000] {docker.py:438} INFO - INFO:kubernetes_actions:Restarting deployment: unique-id-service
[2025-11-13T22:31:46.926+0000] {docker.py:438} INFO - INFO:kubernetes_actions:✅ Successfully restarted unique-id-service
[2025-11-13T22:31:46.928+0000] {docker.py:438} INFO - INFO:kubernetes_actions:Restarting deployment: user-mention-service
[2025-11-13T22:31:47.151+0000] {docker.py:438} INFO - INFO:kubernetes_actions:✅ Successfully restarted user-mention-service
[2025-11-13T22:31:47.152+0000] {docker.py:438} INFO - INFO:kubernetes_actions:Waiting 90 seconds for services to restart...
[2025-11-13T22:33:17.154+0000] {docker.py:438} INFO - INFO:kubernetes_actions:Reinitializing social network data...
[2025-11-13T22:54:43.400+0000] {docker.py:438} INFO - INFO:kubernetes_actions:Social network reinitialization completed successfully
[2025-11-13T22:54:43.402+0000] {docker.py:438} INFO - [32m[2025-11-13 22:54:43 INFO] Let's rollback...
[2025-11-13T22:54:43.405+0000] {docker.py:438} INFO - [32m[2025-11-13 22:54:43 INFO] No declared rollbacks, let's move on.
[2025-11-13T22:54:43.406+0000] {docker.py:438} INFO - [32m[2025-11-13 22:54:43 INFO] Experiment ended with status: completed
[2025-11-13T22:54:43.631+0000] {docker.py:438} INFO - Reinitialized Social Networking APplication successfully
[2025-11-13T22:54:44.142+0000] {taskinstance.py:340} INFO - ::group::Post task execution logs
[2025-11-13T22:54:44.143+0000] {taskinstance.py:352} INFO - Marking task as SUCCESS. dag_id=Reinitialize_Application, task_id=apply_container_restart_docker, run_id=manual__2025-11-13T22:30:50.847729+00:00, execution_date=20251113T223050, start_date=20251113T223052, end_date=20251113T225444
[2025-11-13T22:54:44.199+0000] {local_task_job_runner.py:266} INFO - Task exited with return code 0
[2025-11-13T22:54:44.225+0000] {taskinstance.py:3900} INFO - 0 downstream tasks scheduled from follow-on schedule check
[2025-11-13T22:54:44.228+0000] {local_task_job_runner.py:245} INFO - ::endgroup::
