[2025-09-30T18:25:02.343+0000] {local_task_job_runner.py:123} INFO - ::group::Pre task execution logs
[2025-09-30T18:25:02.357+0000] {taskinstance.py:2612} INFO - Dependencies all met for dep_context=non-requeueable deps ti=<TaskInstance: Cordon_Uncordon_Node.apply_cordon_uncordon_node scheduled__2025-01-10T00:00:00+00:00 [queued]>
[2025-09-30T18:25:02.364+0000] {taskinstance.py:2612} INFO - Dependencies all met for dep_context=requeueable deps ti=<TaskInstance: Cordon_Uncordon_Node.apply_cordon_uncordon_node scheduled__2025-01-10T00:00:00+00:00 [queued]>
[2025-09-30T18:25:02.364+0000] {taskinstance.py:2865} INFO - Starting attempt 1 of 1
[2025-09-30T18:25:02.377+0000] {taskinstance.py:2888} INFO - Executing <Task(DockerOperator): apply_cordon_uncordon_node> on 2025-01-10 00:00:00+00:00
[2025-09-30T18:25:02.383+0000] {standard_task_runner.py:72} INFO - Started process 50 to run task
[2025-09-30T18:25:02.387+0000] {standard_task_runner.py:104} INFO - Running: ['***', 'tasks', 'run', 'Cordon_Uncordon_Node', 'apply_cordon_uncordon_node', 'scheduled__2025-01-10T00:00:00+00:00', '--job-id', '18', '--raw', '--subdir', 'DAGS_FOLDER/dag_factory.py', '--cfg-path', '/tmp/tmp98ze1bsa']
[2025-09-30T18:25:02.389+0000] {standard_task_runner.py:105} INFO - Job 18: Subtask apply_cordon_uncordon_node
[2025-09-30T18:25:02.430+0000] {task_command.py:467} INFO - Running <TaskInstance: Cordon_Uncordon_Node.apply_cordon_uncordon_node scheduled__2025-01-10T00:00:00+00:00 [running]> on host workflow.y2twbfvcjkaujnl2bmtbxunhcb.cx.internal.cloudapp.net
[2025-09-30T18:25:02.519+0000] {taskinstance.py:3131} INFO - Exporting env vars: AIRFLOW_CTX_DAG_OWNER='***' AIRFLOW_CTX_DAG_ID='Cordon_Uncordon_Node' AIRFLOW_CTX_TASK_ID='apply_cordon_uncordon_node' AIRFLOW_CTX_EXECUTION_DATE='2025-01-10T00:00:00+00:00' AIRFLOW_CTX_TRY_NUMBER='1' AIRFLOW_CTX_DAG_RUN_ID='scheduled__2025-01-10T00:00:00+00:00'
[2025-09-30T18:25:02.520+0000] {taskinstance.py:731} INFO - ::endgroup::
[2025-09-30T18:25:02.554+0000] {docker.py:367} INFO - Starting docker container from image ***_chaos:latest
[2025-09-30T18:25:02.892+0000] {docker.py:438} INFO - The container is run as root user. For security, consider using a regular user account.
[2025-09-30T18:25:11.294+0000] {docker.py:438} INFO - 
[2025-09-30T18:25:11.916+0000] {docker.py:438} INFO - [32m[2025-09-30 18:25:11 INFO] Validating the experiment's syntax
[2025-09-30T18:25:12.162+0000] {docker.py:438} INFO - [32m[2025-09-30 18:25:12 INFO] Experiment looks valid
[2025-09-30T18:25:12.163+0000] {docker.py:438} INFO - [32m[2025-09-30 18:25:12 INFO] Running experiment: Cordon-Pod Restart Combined Experiment
[2025-09-30T18:25:12.166+0000] {docker.py:438} INFO - [32m[2025-09-30 18:25:12 INFO] Steady-state strategy: default
[2025-09-30T18:25:12.166+0000] {docker.py:438} INFO - [32m[2025-09-30 18:25:12 INFO] Rollbacks strategy: default
[2025-09-30T18:25:12.167+0000] {docker.py:438} INFO - [32m[2025-09-30 18:25:12 INFO] No steady state hypothesis defined. That's ok, just exploring.
[2025-09-30T18:25:12.167+0000] {docker.py:438} INFO - [32m[2025-09-30 18:25:12 INFO] Playing your experiment's method now...
[2025-09-30T18:25:12.167+0000] {docker.py:438} INFO - [32m[2025-09-30 18:25:12 INFO] Action: cordon-nodes
[2025-09-30T18:25:13.291+0000] {docker.py:438} INFO - [32m[2025-09-30 18:25:13 INFO] Action: continuous-pod-restart-during-cordon
[2025-09-30T18:29:58.833+0000] {docker.py:438} INFO - 🚀 Starting continuous pod restart experiment
[2025-09-30T18:29:58.834+0000] {docker.py:438} INFO - 📅 Interval: 20 seconds
[2025-09-30T18:29:58.835+0000] {docker.py:438} INFO - ⏱️  Duration: 300 seconds
[2025-09-30T18:29:58.835+0000] {docker.py:438} INFO - 🎯 Target: app=post-storage-service
[2025-09-30T18:29:58.835+0000] {docker.py:438} INFO - 📍 Namespace: default
[2025-09-30T18:29:58.835+0000] {docker.py:438} INFO - 
[2025-09-30T18:29:58.836+0000] {docker.py:438} INFO - ==================================================
[2025-09-30T18:29:58.836+0000] {docker.py:438} INFO - 🔄 Restart #1 at 2025-09-30 18:25:13
[2025-09-30T18:29:58.836+0000] {docker.py:438} INFO - ==================================================
[2025-09-30T18:29:58.836+0000] {docker.py:438} INFO - Hello world - terminate function started!
[2025-09-30T18:29:58.836+0000] {docker.py:438} INFO - Selecting pods with label_selector: app=post-storage-service
[2025-09-30T18:29:58.836+0000] {docker.py:438} INFO - Found 1 pods initially
[2025-09-30T18:29:58.837+0000] {docker.py:438} INFO - Random selection: 1 pods
[2025-09-30T18:29:58.837+0000] {docker.py:438} INFO - Deleting pod: post-storage-service-786f97cf87-nrf4d
[2025-09-30T18:29:58.837+0000] {docker.py:438} INFO - Deleted 1 pods: ['post-storage-service-786f97cf87-nrf4d']
[2025-09-30T18:29:58.837+0000] {docker.py:438} INFO - ✅ Successfully restarted pods: ['post-storage-service-786f97cf87-nrf4d']
[2025-09-30T18:29:58.838+0000] {docker.py:438} INFO - ⏳ Waiting 20 seconds until next restart...
[2025-09-30T18:29:58.838+0000] {docker.py:438} INFO - 📊 Time remaining: 300 seconds
[2025-09-30T18:29:58.838+0000] {docker.py:438} INFO - 
[2025-09-30T18:29:58.838+0000] {docker.py:438} INFO - ==================================================
[2025-09-30T18:29:58.838+0000] {docker.py:438} INFO - 🔄 Restart #2 at 2025-09-30 18:25:33
[2025-09-30T18:29:58.839+0000] {docker.py:438} INFO - ==================================================
[2025-09-30T18:29:58.839+0000] {docker.py:438} INFO - Hello world - terminate function started!
[2025-09-30T18:29:58.839+0000] {docker.py:438} INFO - Selecting pods with label_selector: app=post-storage-service
[2025-09-30T18:29:58.839+0000] {docker.py:438} INFO - Found 2 pods initially
[2025-09-30T18:29:58.839+0000] {docker.py:438} INFO - Random selection: 1 pods
[2025-09-30T18:29:58.840+0000] {docker.py:438} INFO - Deleting pod: post-storage-service-786f97cf87-nrf4d
[2025-09-30T18:29:58.840+0000] {docker.py:438} INFO - Deleted 1 pods: ['post-storage-service-786f97cf87-nrf4d']
[2025-09-30T18:29:58.840+0000] {docker.py:438} INFO - ✅ Successfully restarted pods: ['post-storage-service-786f97cf87-nrf4d']
[2025-09-30T18:29:58.840+0000] {docker.py:438} INFO - ⏳ Waiting 20 seconds until next restart...
[2025-09-30T18:29:58.841+0000] {docker.py:438} INFO - 📊 Time remaining: 279 seconds
[2025-09-30T18:29:58.841+0000] {docker.py:438} INFO - 
[2025-09-30T18:29:58.841+0000] {docker.py:438} INFO - ==================================================
[2025-09-30T18:29:58.841+0000] {docker.py:438} INFO - 🔄 Restart #3 at 2025-09-30 18:25:54
[2025-09-30T18:29:58.841+0000] {docker.py:438} INFO - ==================================================
[2025-09-30T18:29:58.841+0000] {docker.py:438} INFO - Hello world - terminate function started!
[2025-09-30T18:29:58.842+0000] {docker.py:438} INFO - Selecting pods with label_selector: app=post-storage-service
[2025-09-30T18:29:58.842+0000] {docker.py:438} INFO - Found 1 pods initially
[2025-09-30T18:29:58.842+0000] {docker.py:438} INFO - Random selection: 1 pods
[2025-09-30T18:29:58.842+0000] {docker.py:438} INFO - Deleting pod: post-storage-service-786f97cf87-f7dpq
[2025-09-30T18:29:58.843+0000] {docker.py:438} INFO - Deleted 1 pods: ['post-storage-service-786f97cf87-f7dpq']
[2025-09-30T18:29:58.843+0000] {docker.py:438} INFO - ✅ Successfully restarted pods: ['post-storage-service-786f97cf87-f7dpq']
[2025-09-30T18:29:58.843+0000] {docker.py:438} INFO - ⏳ Waiting 20 seconds until next restart...
[2025-09-30T18:29:58.843+0000] {docker.py:438} INFO - 📊 Time remaining: 259 seconds
[2025-09-30T18:29:58.843+0000] {docker.py:438} INFO - 
[2025-09-30T18:29:58.843+0000] {docker.py:438} INFO - ==================================================
[2025-09-30T18:29:58.844+0000] {docker.py:438} INFO - 🔄 Restart #4 at 2025-09-30 18:26:14
[2025-09-30T18:29:58.844+0000] {docker.py:438} INFO - ==================================================
[2025-09-30T18:29:58.844+0000] {docker.py:438} INFO - Hello world - terminate function started!
[2025-09-30T18:29:58.844+0000] {docker.py:438} INFO - Selecting pods with label_selector: app=post-storage-service
[2025-09-30T18:29:58.844+0000] {docker.py:438} INFO - Found 1 pods initially
[2025-09-30T18:29:58.845+0000] {docker.py:438} INFO - Random selection: 1 pods
[2025-09-30T18:29:58.845+0000] {docker.py:438} INFO - Deleting pod: post-storage-service-786f97cf87-zf762
[2025-09-30T18:29:58.845+0000] {docker.py:438} INFO - Deleted 1 pods: ['post-storage-service-786f97cf87-zf762']
[2025-09-30T18:29:58.845+0000] {docker.py:438} INFO - ✅ Successfully restarted pods: ['post-storage-service-786f97cf87-zf762']
[2025-09-30T18:29:58.845+0000] {docker.py:438} INFO - ⏳ Waiting 20 seconds until next restart...
[2025-09-30T18:29:58.846+0000] {docker.py:438} INFO - 📊 Time remaining: 238 seconds
[2025-09-30T18:29:58.846+0000] {docker.py:438} INFO - 
[2025-09-30T18:29:58.846+0000] {docker.py:438} INFO - ==================================================
[2025-09-30T18:29:58.846+0000] {docker.py:438} INFO - 🔄 Restart #5 at 2025-09-30 18:26:34
[2025-09-30T18:29:58.846+0000] {docker.py:438} INFO - ==================================================
[2025-09-30T18:29:58.847+0000] {docker.py:438} INFO - Hello world - terminate function started!
[2025-09-30T18:29:58.847+0000] {docker.py:438} INFO - Selecting pods with label_selector: app=post-storage-service
[2025-09-30T18:29:58.847+0000] {docker.py:438} INFO - Found 1 pods initially
[2025-09-30T18:29:58.847+0000] {docker.py:438} INFO - Random selection: 1 pods
[2025-09-30T18:29:58.847+0000] {docker.py:438} INFO - Deleting pod: post-storage-service-786f97cf87-wpcrb
[2025-09-30T18:29:58.848+0000] {docker.py:438} INFO - Deleted 1 pods: ['post-storage-service-786f97cf87-wpcrb']
[2025-09-30T18:29:58.848+0000] {docker.py:438} INFO - ✅ Successfully restarted pods: ['post-storage-service-786f97cf87-wpcrb']
[2025-09-30T18:29:58.848+0000] {docker.py:438} INFO - ⏳ Waiting 20 seconds until next restart...
[2025-09-30T18:29:58.848+0000] {docker.py:438} INFO - 📊 Time remaining: 218 seconds
[2025-09-30T18:29:58.848+0000] {docker.py:438} INFO - 
[2025-09-30T18:29:58.848+0000] {docker.py:438} INFO - ==================================================
[2025-09-30T18:29:58.849+0000] {docker.py:438} INFO - 🔄 Restart #6 at 2025-09-30 18:26:55
[2025-09-30T18:29:58.849+0000] {docker.py:438} INFO - ==================================================
[2025-09-30T18:29:58.849+0000] {docker.py:438} INFO - Hello world - terminate function started!
[2025-09-30T18:29:58.849+0000] {docker.py:438} INFO - Selecting pods with label_selector: app=post-storage-service
[2025-09-30T18:29:58.849+0000] {docker.py:438} INFO - Found 1 pods initially
[2025-09-30T18:29:58.850+0000] {docker.py:438} INFO - Random selection: 1 pods
[2025-09-30T18:29:58.850+0000] {docker.py:438} INFO - Deleting pod: post-storage-service-786f97cf87-w2fnm
[2025-09-30T18:29:58.850+0000] {docker.py:438} INFO - Deleted 1 pods: ['post-storage-service-786f97cf87-w2fnm']
[2025-09-30T18:29:58.850+0000] {docker.py:438} INFO - ✅ Successfully restarted pods: ['post-storage-service-786f97cf87-w2fnm']
[2025-09-30T18:29:58.850+0000] {docker.py:438} INFO - ⏳ Waiting 20 seconds until next restart...
[2025-09-30T18:29:58.851+0000] {docker.py:438} INFO - 📊 Time remaining: 198 seconds
[2025-09-30T18:29:58.851+0000] {docker.py:438} INFO - 
[2025-09-30T18:29:58.851+0000] {docker.py:438} INFO - ==================================================
[2025-09-30T18:29:58.851+0000] {docker.py:438} INFO - 🔄 Restart #7 at 2025-09-30 18:27:15
[2025-09-30T18:29:58.851+0000] {docker.py:438} INFO - ==================================================
[2025-09-30T18:29:58.852+0000] {docker.py:438} INFO - Hello world - terminate function started!
[2025-09-30T18:29:58.852+0000] {docker.py:438} INFO - Selecting pods with label_selector: app=post-storage-service
[2025-09-30T18:29:58.852+0000] {docker.py:438} INFO - Found 1 pods initially
[2025-09-30T18:29:58.852+0000] {docker.py:438} INFO - Random selection: 1 pods
[2025-09-30T18:29:58.852+0000] {docker.py:438} INFO - Deleting pod: post-storage-service-786f97cf87-29td4
[2025-09-30T18:29:58.852+0000] {docker.py:438} INFO - Deleted 1 pods: ['post-storage-service-786f97cf87-29td4']
[2025-09-30T18:29:58.853+0000] {docker.py:438} INFO - ✅ Successfully restarted pods: ['post-storage-service-786f97cf87-29td4']
[2025-09-30T18:29:58.853+0000] {docker.py:438} INFO - ⏳ Waiting 20 seconds until next restart...
[2025-09-30T18:29:58.853+0000] {docker.py:438} INFO - 📊 Time remaining: 177 seconds
[2025-09-30T18:29:58.853+0000] {docker.py:438} INFO - 
[2025-09-30T18:29:58.853+0000] {docker.py:438} INFO - ==================================================
[2025-09-30T18:29:58.853+0000] {docker.py:438} INFO - 🔄 Restart #8 at 2025-09-30 18:27:36
[2025-09-30T18:29:58.854+0000] {docker.py:438} INFO - ==================================================
[2025-09-30T18:29:58.854+0000] {docker.py:438} INFO - Hello world - terminate function started!
[2025-09-30T18:29:58.854+0000] {docker.py:438} INFO - Selecting pods with label_selector: app=post-storage-service
[2025-09-30T18:29:58.854+0000] {docker.py:438} INFO - Found 1 pods initially
[2025-09-30T18:29:58.854+0000] {docker.py:438} INFO - Random selection: 1 pods
[2025-09-30T18:29:58.855+0000] {docker.py:438} INFO - Deleting pod: post-storage-service-786f97cf87-kqpgh
[2025-09-30T18:29:58.855+0000] {docker.py:438} INFO - Deleted 1 pods: ['post-storage-service-786f97cf87-kqpgh']
[2025-09-30T18:29:58.855+0000] {docker.py:438} INFO - ✅ Successfully restarted pods: ['post-storage-service-786f97cf87-kqpgh']
[2025-09-30T18:29:58.855+0000] {docker.py:438} INFO - ⏳ Waiting 20 seconds until next restart...
[2025-09-30T18:29:58.855+0000] {docker.py:438} INFO - 📊 Time remaining: 157 seconds
[2025-09-30T18:29:58.856+0000] {docker.py:438} INFO - 
[2025-09-30T18:29:58.856+0000] {docker.py:438} INFO - ==================================================
[2025-09-30T18:29:58.856+0000] {docker.py:438} INFO - 🔄 Restart #9 at 2025-09-30 18:27:56
[2025-09-30T18:29:58.856+0000] {docker.py:438} INFO - ==================================================
[2025-09-30T18:29:58.856+0000] {docker.py:438} INFO - Hello world - terminate function started!
[2025-09-30T18:29:58.856+0000] {docker.py:438} INFO - Selecting pods with label_selector: app=post-storage-service
[2025-09-30T18:29:58.857+0000] {docker.py:438} INFO - Found 1 pods initially
[2025-09-30T18:29:58.857+0000] {docker.py:438} INFO - Random selection: 1 pods
[2025-09-30T18:29:58.857+0000] {docker.py:438} INFO - Deleting pod: post-storage-service-786f97cf87-l88j4
[2025-09-30T18:29:58.857+0000] {docker.py:438} INFO - Deleted 1 pods: ['post-storage-service-786f97cf87-l88j4']
[2025-09-30T18:29:58.857+0000] {docker.py:438} INFO - ✅ Successfully restarted pods: ['post-storage-service-786f97cf87-l88j4']
[2025-09-30T18:29:58.858+0000] {docker.py:438} INFO - ⏳ Waiting 20 seconds until next restart...
[2025-09-30T18:29:58.858+0000] {docker.py:438} INFO - 📊 Time remaining: 136 seconds
[2025-09-30T18:29:58.858+0000] {docker.py:438} INFO - 
[2025-09-30T18:29:58.858+0000] {docker.py:438} INFO - ==================================================
[2025-09-30T18:29:58.858+0000] {docker.py:438} INFO - 🔄 Restart #10 at 2025-09-30 18:28:16
[2025-09-30T18:29:58.858+0000] {docker.py:438} INFO - ==================================================
[2025-09-30T18:29:58.859+0000] {docker.py:438} INFO - Hello world - terminate function started!
[2025-09-30T18:29:58.859+0000] {docker.py:438} INFO - Selecting pods with label_selector: app=post-storage-service
[2025-09-30T18:29:58.859+0000] {docker.py:438} INFO - Found 1 pods initially
[2025-09-30T18:29:58.859+0000] {docker.py:438} INFO - Random selection: 1 pods
[2025-09-30T18:29:58.859+0000] {docker.py:438} INFO - Deleting pod: post-storage-service-786f97cf87-lpcj8
[2025-09-30T18:29:58.860+0000] {docker.py:438} INFO - Deleted 1 pods: ['post-storage-service-786f97cf87-lpcj8']
[2025-09-30T18:29:58.860+0000] {docker.py:438} INFO - ✅ Successfully restarted pods: ['post-storage-service-786f97cf87-lpcj8']
[2025-09-30T18:29:58.860+0000] {docker.py:438} INFO - ⏳ Waiting 20 seconds until next restart...
[2025-09-30T18:29:58.860+0000] {docker.py:438} INFO - 📊 Time remaining: 116 seconds
[2025-09-30T18:29:58.860+0000] {docker.py:438} INFO - 
[2025-09-30T18:29:58.861+0000] {docker.py:438} INFO - ==================================================
[2025-09-30T18:29:58.861+0000] {docker.py:438} INFO - 🔄 Restart #11 at 2025-09-30 18:28:37
[2025-09-30T18:29:58.861+0000] {docker.py:438} INFO - ==================================================
[2025-09-30T18:29:58.861+0000] {docker.py:438} INFO - Hello world - terminate function started!
[2025-09-30T18:29:58.861+0000] {docker.py:438} INFO - Selecting pods with label_selector: app=post-storage-service
[2025-09-30T18:29:58.862+0000] {docker.py:438} INFO - Found 1 pods initially
[2025-09-30T18:29:58.862+0000] {docker.py:438} INFO - Random selection: 1 pods
[2025-09-30T18:29:58.862+0000] {docker.py:438} INFO - Deleting pod: post-storage-service-786f97cf87-dnq7z
[2025-09-30T18:29:58.863+0000] {docker.py:438} INFO - Deleted 1 pods: ['post-storage-service-786f97cf87-dnq7z']
[2025-09-30T18:29:58.863+0000] {docker.py:438} INFO - ✅ Successfully restarted pods: ['post-storage-service-786f97cf87-dnq7z']
[2025-09-30T18:29:58.863+0000] {docker.py:438} INFO - ⏳ Waiting 20 seconds until next restart...
[2025-09-30T18:29:58.864+0000] {docker.py:438} INFO - 📊 Time remaining: 96 seconds
[2025-09-30T18:29:58.864+0000] {docker.py:438} INFO - 
[2025-09-30T18:29:58.864+0000] {docker.py:438} INFO - ==================================================
[2025-09-30T18:29:58.865+0000] {docker.py:438} INFO - 🔄 Restart #12 at 2025-09-30 18:28:57
[2025-09-30T18:29:58.865+0000] {docker.py:438} INFO - ==================================================
[2025-09-30T18:29:58.866+0000] {docker.py:438} INFO - Hello world - terminate function started!
[2025-09-30T18:29:58.866+0000] {docker.py:438} INFO - Selecting pods with label_selector: app=post-storage-service
[2025-09-30T18:29:58.866+0000] {docker.py:438} INFO - Found 1 pods initially
[2025-09-30T18:29:58.866+0000] {docker.py:438} INFO - Random selection: 1 pods
[2025-09-30T18:29:58.867+0000] {docker.py:438} INFO - Deleting pod: post-storage-service-786f97cf87-whpqz
[2025-09-30T18:29:58.867+0000] {docker.py:438} INFO - Deleted 1 pods: ['post-storage-service-786f97cf87-whpqz']
[2025-09-30T18:29:58.867+0000] {docker.py:438} INFO - ✅ Successfully restarted pods: ['post-storage-service-786f97cf87-whpqz']
[2025-09-30T18:29:58.868+0000] {docker.py:438} INFO - ⏳ Waiting 20 seconds until next restart...
[2025-09-30T18:29:58.868+0000] {docker.py:438} INFO - 📊 Time remaining: 75 seconds
[2025-09-30T18:29:58.868+0000] {docker.py:438} INFO - 
[2025-09-30T18:29:58.869+0000] {docker.py:438} INFO - ==================================================
[2025-09-30T18:29:58.869+0000] {docker.py:438} INFO - 🔄 Restart #13 at 2025-09-30 18:29:18
[2025-09-30T18:29:58.869+0000] {docker.py:438} INFO - ==================================================
[2025-09-30T18:29:58.870+0000] {docker.py:438} INFO - Hello world - terminate function started!
[2025-09-30T18:29:58.870+0000] {docker.py:438} INFO - Selecting pods with label_selector: app=post-storage-service
[2025-09-30T18:29:58.870+0000] {docker.py:438} INFO - Found 1 pods initially
[2025-09-30T18:29:58.871+0000] {docker.py:438} INFO - Random selection: 1 pods
[2025-09-30T18:29:58.871+0000] {docker.py:438} INFO - Deleting pod: post-storage-service-786f97cf87-9j4tv
[2025-09-30T18:29:58.871+0000] {docker.py:438} INFO - Deleted 1 pods: ['post-storage-service-786f97cf87-9j4tv']
[2025-09-30T18:29:58.872+0000] {docker.py:438} INFO - ✅ Successfully restarted pods: ['post-storage-service-786f97cf87-9j4tv']
[2025-09-30T18:29:58.872+0000] {docker.py:438} INFO - ⏳ Waiting 20 seconds until next restart...
[2025-09-30T18:29:58.872+0000] {docker.py:438} INFO - 📊 Time remaining: 55 seconds
[2025-09-30T18:29:58.873+0000] {docker.py:438} INFO - 
[2025-09-30T18:29:58.873+0000] {docker.py:438} INFO - ==================================================
[2025-09-30T18:29:58.873+0000] {docker.py:438} INFO - 🔄 Restart #14 at 2025-09-30 18:29:38
[2025-09-30T18:29:58.873+0000] {docker.py:438} INFO - ==================================================
[2025-09-30T18:29:58.874+0000] {docker.py:438} INFO - Hello world - terminate function started!
[2025-09-30T18:29:58.874+0000] {docker.py:438} INFO - Selecting pods with label_selector: app=post-storage-service
[2025-09-30T18:29:58.874+0000] {docker.py:438} INFO - Found 1 pods initially
[2025-09-30T18:29:58.874+0000] {docker.py:438} INFO - Random selection: 1 pods
[2025-09-30T18:29:58.875+0000] {docker.py:438} INFO - Deleting pod: post-storage-service-786f97cf87-wnqnn
[2025-09-30T18:29:58.875+0000] {docker.py:438} INFO - Deleted 1 pods: ['post-storage-service-786f97cf87-wnqnn']
[2025-09-30T18:29:58.875+0000] {docker.py:438} INFO - ✅ Successfully restarted pods: ['post-storage-service-786f97cf87-wnqnn']
[2025-09-30T18:29:58.875+0000] {docker.py:438} INFO - ⏳ Waiting 20 seconds until next restart...
[2025-09-30T18:29:58.875+0000] {docker.py:438} INFO - 📊 Time remaining: 34 seconds
[2025-09-30T18:29:58.875+0000] {docker.py:438} INFO - 
[2025-09-30T18:29:58.876+0000] {docker.py:438} INFO - ==================================================
[2025-09-30T18:29:58.876+0000] {docker.py:438} INFO - 🔄 Restart #15 at 2025-09-30 18:29:58
[2025-09-30T18:29:58.876+0000] {docker.py:438} INFO - ==================================================
[2025-09-30T18:29:58.876+0000] {docker.py:438} INFO - Hello world - terminate function started!
[2025-09-30T18:29:58.876+0000] {docker.py:438} INFO - Selecting pods with label_selector: app=post-storage-service
[2025-09-30T18:29:59.198+0000] {docker.py:438} INFO - [32m[2025-09-30 18:29:59 INFO] Let's rollback...
[2025-09-30T18:29:59.199+0000] {docker.py:438} INFO - [32m[2025-09-30 18:29:59 INFO] Rollback: uncordon-all-nodes
[2025-09-30T18:29:59.199+0000] {docker.py:438} INFO - [32m[2025-09-30 18:29:59 INFO] Action: uncordon-all-nodes
[2025-09-30T18:30:00.194+0000] {docker.py:438} INFO - [32m[2025-09-30 18:30:00 INFO] Experiment ended with status: completed
[2025-09-30T18:30:00.195+0000] {docker.py:438} INFO - Found 1 pods initially
[2025-09-30T18:30:00.195+0000] {docker.py:438} INFO - Random selection: 1 pods
[2025-09-30T18:30:00.196+0000] {docker.py:438} INFO - Deleting pod: post-storage-service-786f97cf87-khdhw
[2025-09-30T18:30:00.196+0000] {docker.py:438} INFO - Deleted 1 pods: ['post-storage-service-786f97cf87-khdhw']
[2025-09-30T18:30:00.196+0000] {docker.py:438} INFO - ✅ Successfully restarted pods: ['post-storage-service-786f97cf87-khdhw']
[2025-09-30T18:30:00.197+0000] {docker.py:438} INFO - ⏰ Less than 20 seconds remaining, stopping experiment
[2025-09-30T18:30:00.197+0000] {docker.py:438} INFO - 
[2025-09-30T18:30:00.197+0000] {docker.py:438} INFO - ==================================================
[2025-09-30T18:30:00.198+0000] {docker.py:438} INFO - 🏁 Experiment Completed!
[2025-09-30T18:30:00.198+0000] {docker.py:438} INFO - ==================================================
[2025-09-30T18:30:00.198+0000] {docker.py:438} INFO - 📈 Total restarts performed: 15
[2025-09-30T18:30:00.199+0000] {docker.py:438} INFO - ⏱️  Total duration: 286 seconds
[2025-09-30T18:30:00.199+0000] {docker.py:438} INFO - 📊 Average interval: 19.1 seconds
[2025-09-30T18:30:00.526+0000] {taskinstance.py:340} INFO - ::group::Post task execution logs
[2025-09-30T18:30:00.526+0000] {taskinstance.py:352} INFO - Marking task as SUCCESS. dag_id=Cordon_Uncordon_Node, task_id=apply_cordon_uncordon_node, run_id=scheduled__2025-01-10T00:00:00+00:00, execution_date=20250110T000000, start_date=20250930T182502, end_date=20250930T183000
[2025-09-30T18:30:00.568+0000] {local_task_job_runner.py:266} INFO - Task exited with return code 0
[2025-09-30T18:30:00.578+0000] {local_task_job_runner.py:245} INFO - ::endgroup::
