[2025-11-11T13:27:55.405+0000] {local_task_job_runner.py:123} INFO - ::group::Pre task execution logs
[2025-11-11T13:27:55.420+0000] {taskinstance.py:2612} INFO - Dependencies all met for dep_context=non-requeueable deps ti=<TaskInstance: Reinitialize_Application.apply_container_restart_docker manual__2025-11-11T13:27:54.205663+00:00 [queued]>
[2025-11-11T13:27:55.428+0000] {taskinstance.py:2612} INFO - Dependencies all met for dep_context=requeueable deps ti=<TaskInstance: Reinitialize_Application.apply_container_restart_docker manual__2025-11-11T13:27:54.205663+00:00 [queued]>
[2025-11-11T13:27:55.428+0000] {taskinstance.py:2865} INFO - Starting attempt 1 of 1
[2025-11-11T13:27:55.441+0000] {taskinstance.py:2888} INFO - Executing <Task(DockerOperator): apply_container_restart_docker> on 2025-11-11 13:27:54.205663+00:00
[2025-11-11T13:27:55.449+0000] {standard_task_runner.py:72} INFO - Started process 76 to run task
[2025-11-11T13:27:55.457+0000] {standard_task_runner.py:104} INFO - Running: ['***', 'tasks', 'run', 'Reinitialize_Application', 'apply_container_restart_docker', 'manual__2025-11-11T13:27:54.205663+00:00', '--job-id', '14544', '--raw', '--subdir', 'DAGS_FOLDER/dag_factory.py', '--cfg-path', '/tmp/tmphdoyc402']
[2025-11-11T13:27:55.459+0000] {standard_task_runner.py:105} INFO - Job 14544: Subtask apply_container_restart_docker
[2025-11-11T13:27:55.526+0000] {task_command.py:467} INFO - Running <TaskInstance: Reinitialize_Application.apply_container_restart_docker manual__2025-11-11T13:27:54.205663+00:00 [running]> on host workflow.y2twbfvcjkaujnl2bmtbxunhcb.cx.internal.cloudapp.net
[2025-11-11T13:27:55.618+0000] {taskinstance.py:3131} INFO - Exporting env vars: AIRFLOW_CTX_DAG_OWNER='***' AIRFLOW_CTX_DAG_ID='Reinitialize_Application' AIRFLOW_CTX_TASK_ID='apply_container_restart_docker' AIRFLOW_CTX_EXECUTION_DATE='2025-11-11T13:27:54.205663+00:00' AIRFLOW_CTX_TRY_NUMBER='1' AIRFLOW_CTX_DAG_RUN_ID='manual__2025-11-11T13:27:54.205663+00:00'
[2025-11-11T13:27:55.619+0000] {taskinstance.py:731} INFO - ::endgroup::
[2025-11-11T13:27:55.659+0000] {docker.py:367} INFO - Starting docker container from image priyanshu01ce/***_chaos:latest
[2025-11-11T13:27:56.088+0000] {docker.py:438} INFO - The container is run as root user. For security, consider using a regular user account.
[2025-11-11T13:28:05.179+0000] {docker.py:438} INFO - 
[2025-11-11T13:28:05.185+0000] {docker.py:438} INFO - total 9828
[2025-11-11T13:28:05.186+0000] {docker.py:438} INFO - drwxr-xr-x 6    1000 1000    4096 Nov 11 11:35 .
[2025-11-11T13:28:05.186+0000] {docker.py:438} INFO - drwxr-xr-x 1 *** root    4096 Sep 26 10:44 ..
[2025-11-11T13:28:05.187+0000] {docker.py:438} INFO - -rw-r--r-- 1    1000 1000    1193 Sep  8 07:02 API_Latency.json
[2025-11-11T13:28:05.188+0000] {docker.py:438} INFO - -rw-r--r-- 1    1000 1000     729 Sep  9 10:30 API_Timeout.json
[2025-11-11T13:28:05.188+0000] {docker.py:438} INFO - -rw-r--r-- 1    1000 1000    1331 Oct  7 18:22 Continuous_Load_Test_Azure.yaml
[2025-11-11T13:28:05.188+0000] {docker.py:438} INFO - -rw-r--r-- 1    1000 1000    1665 Nov 11 09:21 Memory_Stress_Test_Azure.yaml
[2025-11-11T13:28:05.189+0000] {docker.py:438} INFO - -rw-r--r-- 1    1000 1000    1178 Sep 30 18:19 Stress_Test_Azure.yaml
[2025-11-11T13:28:05.189+0000] {docker.py:438} INFO - drwxrwxr-x 2 root    root    4096 Oct 29 06:31 __pycache__
[2025-11-11T13:28:05.190+0000] {docker.py:438} INFO - drwxrwxr-x 5    1000 1000    4096 Oct 21 08:05 chaos_env
[2025-11-11T13:28:05.190+0000] {docker.py:438} INFO - -rw-r--r-- 1    1000 1000    8875 Sep 25 16:54 chaosk6_actions.py
[2025-11-11T13:28:05.190+0000] {docker.py:438} INFO - -rw-rw-r-- 1    1000 1000 9515921 Nov 11 12:55 chaostoolkit.log
[2025-11-11T13:28:05.191+0000] {docker.py:438} INFO - -rw-rw-r-- 1    1000 1000    1421 Oct 23 09:34 check.py
[2025-11-11T13:28:05.191+0000] {docker.py:438} INFO - -rw-r--r-- 1    1000 1000    3213 Sep  9 09:11 combined-sequential.json
[2025-11-11T13:28:05.192+0000] {docker.py:438} INFO - -rwxrwxr-x 1    1000 1000    1489 Oct 27 06:29 complete_chaos_mesh-cleanup.sh
[2025-11-11T13:28:05.192+0000] {docker.py:438} INFO - -rw-r--r-- 1    1000 1000     502 Sep 16 05:31 connection_test_experiment.json
[2025-11-11T13:28:05.193+0000] {docker.py:438} INFO - -rw-rw-r-- 1    1000 1000     692 Oct 24 01:43 container_probe.json
[2025-11-11T13:28:05.193+0000] {docker.py:438} INFO - -rw-rw-r-- 1    1000 1000    2533 Oct 23 09:28 container_probe.yaml
[2025-11-11T13:28:05.193+0000] {docker.py:438} INFO - -rw-r--r-- 1    1000 1000    1420 Sep 24 06:53 container_restart.json
[2025-11-11T13:28:05.194+0000] {docker.py:438} INFO - -rw-r--r-- 1    1000 1000   16452 Sep 26 09:59 container_restart.py
[2025-11-11T13:28:05.194+0000] {docker.py:438} INFO - -rw-r--r-- 1    1000 1000    1744 Nov 11 09:15 container_restart_Azure.yaml
[2025-11-11T13:28:05.195+0000] {docker.py:438} INFO - -rw-r--r-- 1    1000 1000    1409 Sep 18 12:30 continuous_load_test.json
[2025-11-11T13:28:05.195+0000] {docker.py:438} INFO - -rw-r--r-- 1    1000 1000    1637 Sep 25 10:13 cordon-uncordon-node.json
[2025-11-11T13:28:05.195+0000] {docker.py:438} INFO - -rw-r--r-- 1    1000 1000    1637 Sep 25 04:39 cordon_test.json
[2025-11-11T13:28:05.196+0000] {docker.py:438} INFO - -rw-r--r-- 1    1000 1000    1430 Nov 11 09:16 cordon_uncordon_node_Azure.yaml
[2025-11-11T13:28:05.196+0000] {docker.py:438} INFO - -rw-r--r-- 1    1000 1000    1203 Sep 30 06:51 cpu_stress_ng.json
[2025-11-11T13:28:05.196+0000] {docker.py:438} INFO - -rw-r--r-- 1    1000 1000    1760 Oct 21 08:00 db_cleanup.json
[2025-11-11T13:28:05.197+0000] {docker.py:438} INFO - -rw-r--r-- 1    1000 1000    6399 Sep 24 07:40 db_cleanup.py
[2025-11-11T13:28:05.197+0000] {docker.py:438} INFO - -rw-rw-r-- 1    1000 1000    5855 Oct 28 12:27 direct_memory_stress.py
[2025-11-11T13:28:05.197+0000] {docker.py:438} INFO - -rw-r--r-- 1    1000 1000    3216 Nov 11 12:45 journal.json
[2025-11-11T13:28:05.198+0000] {docker.py:438} INFO - -rw-rw-r-- 1    1000 1000       0 Nov 11 11:31 json
[2025-11-11T13:28:05.198+0000] {docker.py:438} INFO - -rw-rw-r-- 1 root    root  244269 Nov 11 13:28 k6_continuous_load.log
[2025-11-11T13:28:05.199+0000] {docker.py:438} INFO - -rw-r--r-- 1    1000 1000    3934 Nov 11 12:45 k6_continuous_summary.json
[2025-11-11T13:28:05.199+0000] {docker.py:438} INFO - -rw-r--r-- 1    1000 1000    3433 Sep 25 09:28 k6_summary.json
[2025-11-11T13:28:05.199+0000] {docker.py:438} INFO - -rw-r--r-- 1    1000 1000     989 Sep 30 09:24 kubernetes_actions.json
[2025-11-11T13:28:05.200+0000] {docker.py:438} INFO - -rw-r--r-- 1    1000 1000   10961 Sep 30 09:23 kubernetes_actions.py
[2025-11-11T13:28:05.200+0000] {docker.py:438} INFO - -rw-r--r-- 1    1000 1000     945 Sep 21 16:40 load_test.json
[2025-11-11T13:28:05.201+0000] {docker.py:438} INFO - -rw-r--r-- 1    1000 1000     528 Sep 17 12:13 max_connection_experiment.json
[2025-11-11T13:28:05.201+0000] {docker.py:438} INFO - -rw-r--r-- 1    1000 1000    1227 Sep 13 15:20 memory-stress-rollback.json
[2025-11-11T13:28:05.201+0000] {docker.py:438} INFO - -rw-rw-r-- 1    1000 1000    1066 Oct 30 12:27 memory_stress.json
[2025-11-11T13:28:05.202+0000] {docker.py:438} INFO - -rw-rw-r-- 1    1000 1000    6653 Oct 29 06:18 memory_stress.py
[2025-11-11T13:28:05.202+0000] {docker.py:438} INFO - -rw-r--r-- 1    1000 1000    1421 Sep 29 05:20 mongo_db_container_restart.json
[2025-11-11T13:28:05.203+0000] {docker.py:438} INFO - -rw-r--r-- 1    1000 1000    7586 Sep 18 05:54 mongodb_actions.py
[2025-11-11T13:28:05.203+0000] {docker.py:438} INFO - -rw-r--r-- 1    1000 1000    2136 Sep 18 11:23 mongodb_connection.json
[2025-11-11T13:28:05.203+0000] {docker.py:438} INFO - -rw-r--r-- 1    1000 1000     597 Sep 16 09:17 mongodb_network_latency_experiment.json
[2025-11-11T13:28:05.204+0000] {docker.py:438} INFO - -rw-r--r-- 1    1000 1000    3657 Sep 18 05:42 mongodb_probes.py
[2025-11-11T13:28:05.204+0000] {docker.py:438} INFO - -rw-r--r-- 1    1000 1000    6161 Sep 12 08:04 pod_restart.py
[2025-11-11T13:28:05.204+0000] {docker.py:438} INFO - -rw-r--r-- 1    1000 1000    1497 Sep 30 05:50 redis_config_faults.py
[2025-11-11T13:28:05.205+0000] {docker.py:438} INFO - -rw-r--r-- 1    1000 1000     862 Sep 30 05:50 redis_experiment.json
[2025-11-11T13:28:05.205+0000] {docker.py:438} INFO - -rw-r--r-- 1    1000 1000     945 Sep 18 06:53 redis_load.json
[2025-11-11T13:28:05.206+0000] {docker.py:438} INFO - -rw-r--r-- 1    1000 1000    1634 Nov 11 09:16 redis_memory_stress_Azure.yaml
[2025-11-11T13:28:05.206+0000] {docker.py:438} INFO - -rw-rw-r-- 1    1000 1000    1333 Oct 21 09:39 reinitialize_application.yaml
[2025-11-11T13:28:05.206+0000] {docker.py:438} INFO - -rw-r--r-- 1    1000 1000    1284 Sep 25 10:53 run_load_test_with_cleanup.py
[2025-11-11T13:28:05.207+0000] {docker.py:438} INFO - -rw-rw-r-- 1    1000 1000    1307 Oct 27 10:33 sample_probe.yaml
[2025-11-11T13:28:05.207+0000] {docker.py:438} INFO - drwxr-xr-x 2    1000 1000    4096 Oct 22 06:46 scripts
[2025-11-11T13:28:05.208+0000] {docker.py:438} INFO - -rw-rw-r-- 1    1000 1000     272 Oct 27 08:51 simple-stress-test.yaml
[2025-11-11T13:28:05.208+0000] {docker.py:438} INFO - drwxr-xr-x 4    1000 1000    4096 Sep 30 09:41 socialNetwork
[2025-11-11T13:28:05.208+0000] {docker.py:438} INFO - -rw-r--r-- 1    1000 1000     821 Sep 26 13:20 stress_test.json
[2025-11-11T13:28:05.209+0000] {docker.py:438} INFO - -rw-rw-r-- 1    1000 1000     301 Oct 27 08:46 test-stress-fixed.yaml
[2025-11-11T13:28:05.209+0000] {docker.py:438} INFO - -rw-rw-r-- 1    1000 1000     295 Oct 27 08:49 test_after_fix.yaml
[2025-11-11T13:28:05.210+0000] {docker.py:438} INFO - -rw-r--r-- 1    1000 1000     367 Sep 17 07:24 test_params.json
[2025-11-11T13:28:05.210+0000] {docker.py:438} INFO - Starting Reinitializing the Social Networking Application...
[2025-11-11T13:28:05.728+0000] {docker.py:438} INFO - [32m[2025-11-11 13:28:05 INFO] Validating the experiment's syntax
[2025-11-11T13:28:06.021+0000] {docker.py:438} INFO - [32m[2025-11-11 13:28:06 INFO] Experiment looks valid
[2025-11-11T13:28:06.022+0000] {docker.py:438} INFO - [32m[2025-11-11 13:28:06 INFO] Running experiment: Simple Social Network Reset
[2025-11-11T13:28:06.025+0000] {docker.py:438} INFO - [32m[2025-11-11 13:28:06 INFO] Steady-state strategy: default
[2025-11-11T13:28:06.025+0000] {docker.py:438} INFO - [32m[2025-11-11 13:28:06 INFO] Rollbacks strategy: default
[2025-11-11T13:28:06.026+0000] {docker.py:438} INFO - [32m[2025-11-11 13:28:06 INFO] No steady state hypothesis defined. That's ok, just exploring.
[2025-11-11T13:28:06.027+0000] {docker.py:438} INFO - [32m[2025-11-11 13:28:06 INFO] Playing your experiment's method now...
[2025-11-11T13:28:06.027+0000] {docker.py:438} INFO - [32m[2025-11-11 13:28:06 INFO] Action: complete-reset-and-reinit
[2025-11-11T13:28:06.027+0000] {docker.py:438} INFO - INFO:kubernetes_actions:Starting complete reset and reinitialization...
[2025-11-11T13:28:06.028+0000] {docker.py:438} INFO - INFO:kubernetes_actions:Starting full social network reset...
[2025-11-11T13:28:06.028+0000] {docker.py:438} INFO - INFO:kubernetes_actions:Clearing Redis data...
[2025-11-11T13:28:06.050+0000] {docker.py:438} INFO - INFO:kubernetes_actions:Loaded local Kubernetes config
[2025-11-11T13:28:06.064+0000] {docker.py:438} INFO - INFO:kubernetes_actions:Loaded local Kubernetes config
[2025-11-11T13:28:06.319+0000] {docker.py:438} INFO - INFO:kubernetes_actions:Found running pod: social-graph-redis-64bd79b48b-gpwdg for deployment: social-graph-redis
[2025-11-11T13:28:06.320+0000] {docker.py:438} INFO - INFO:kubernetes_actions:Executing command in pod social-graph-redis-64bd79b48b-gpwdg, container social-graph-redis: redis-cli FLUSHALL
[2025-11-11T13:28:07.825+0000] {docker.py:438} INFO - INFO:kubernetes_actions:Command executed successfully. Output: OK
[2025-11-11T13:28:07.842+0000] {docker.py:438} INFO - INFO:kubernetes_actions:Loaded local Kubernetes config
[2025-11-11T13:28:07.857+0000] {docker.py:438} INFO - INFO:kubernetes_actions:Loaded local Kubernetes config
[2025-11-11T13:28:08.215+0000] {docker.py:438} INFO - INFO:kubernetes_actions:Found running pod: home-timeline-redis-744dd9998f-xqjsk for deployment: home-timeline-redis
[2025-11-11T13:28:08.215+0000] {docker.py:438} INFO - INFO:kubernetes_actions:Executing command in pod home-timeline-redis-744dd9998f-xqjsk, container home-timeline-redis: redis-cli FLUSHALL
[2025-11-11T13:28:09.951+0000] {docker.py:438} INFO - INFO:kubernetes_actions:Command executed successfully. Output: OK
[2025-11-11T13:28:09.967+0000] {docker.py:438} INFO - INFO:kubernetes_actions:Loaded local Kubernetes config
[2025-11-11T13:28:09.989+0000] {docker.py:438} INFO - INFO:kubernetes_actions:Loaded local Kubernetes config
[2025-11-11T13:28:10.243+0000] {docker.py:438} INFO - INFO:kubernetes_actions:Found running pod: user-timeline-redis-7b8f6ff4fb-5s87m for deployment: user-timeline-redis
[2025-11-11T13:28:10.244+0000] {docker.py:438} INFO - INFO:kubernetes_actions:Executing command in pod user-timeline-redis-7b8f6ff4fb-5s87m, container user-timeline-redis: redis-cli FLUSHALL
[2025-11-11T13:28:11.728+0000] {docker.py:438} INFO - INFO:kubernetes_actions:Command executed successfully. Output: OK
[2025-11-11T13:28:11.729+0000] {docker.py:438} INFO - INFO:kubernetes_actions:Clearing Memcached data...
[2025-11-11T13:28:11.743+0000] {docker.py:438} INFO - INFO:kubernetes_actions:Loaded local Kubernetes config
[2025-11-11T13:28:11.757+0000] {docker.py:438} INFO - INFO:kubernetes_actions:Loaded local Kubernetes config
[2025-11-11T13:28:12.025+0000] {docker.py:438} INFO - INFO:kubernetes_actions:Found running pod: post-storage-memcached-67c6cc65cc-j4jdz for deployment: post-storage-memcached
[2025-11-11T13:28:12.027+0000] {docker.py:438} INFO - INFO:kubernetes_actions:Executing command in pod post-storage-memcached-67c6cc65cc-j4jdz, container post-storage-memcached: sh -c echo 'flush_all' | nc localhost 11211
[2025-11-11T13:28:13.448+0000] {docker.py:438} INFO - INFO:kubernetes_actions:Command executed successfully. Output: sh: 1: nc: not found
[2025-11-11T13:28:13.462+0000] {docker.py:438} INFO - INFO:kubernetes_actions:Loaded local Kubernetes config
[2025-11-11T13:28:13.478+0000] {docker.py:438} INFO - INFO:kubernetes_actions:Loaded local Kubernetes config
[2025-11-11T13:28:13.743+0000] {docker.py:438} INFO - INFO:kubernetes_actions:Found running pod: user-memcached-56f89988c-kswck for deployment: user-memcached
[2025-11-11T13:28:13.744+0000] {docker.py:438} INFO - INFO:kubernetes_actions:Executing command in pod user-memcached-56f89988c-kswck, container user-memcached: sh -c echo 'flush_all' | nc localhost 11211
[2025-11-11T13:28:14.126+0000] {docker.py:438} INFO - INFO:kubernetes_actions:Command executed successfully. Output: sh: 1: nc: not found
[2025-11-11T13:28:14.126+0000] {docker.py:438} INFO - 
[2025-11-11T13:28:14.127+0000] {docker.py:438} INFO - INFO:kubernetes_actions:Dropping MongoDB databases...
[2025-11-11T13:28:14.141+0000] {docker.py:438} INFO - INFO:kubernetes_actions:Loaded local Kubernetes config
[2025-11-11T13:28:14.155+0000] {docker.py:438} INFO - INFO:kubernetes_actions:Loaded local Kubernetes config
[2025-11-11T13:28:14.438+0000] {docker.py:438} INFO - INFO:kubernetes_actions:Found running pod: post-storage-mongodb-7f7657964c-b2fld for deployment: post-storage-mongodb
[2025-11-11T13:28:14.438+0000] {docker.py:438} INFO - INFO:kubernetes_actions:Executing command in pod post-storage-mongodb-7f7657964c-b2fld, container post-storage-mongodb: mongo --eval db.getSiblingDB('post').dropDatabase()
[2025-11-11T13:28:16.103+0000] {docker.py:438} INFO - INFO:kubernetes_actions:Command executed successfully. Output: MongoDB shell version v4.4.6
[2025-11-11T13:28:16.105+0000] {docker.py:438} INFO - connecting to: mongodb://127.0.0.1:27017/?compressors=disabled&gssapiServiceName=mongodb
[2025-11-11T13:28:16.106+0000] {docker.py:438} INFO - Implicit session: session { "id" : UUID("8af770b8-1e34-4c87-91fd-6345d9817aa6") }
[2025-11-11T13:28:16.108+0000] {docker.py:438} INFO - MongoDB server version: 4.4.6
[2025-11-11T13:28:16.108+0000] {docker.py:438} INFO - { "dropped" : "post", "ok" : 1 }
[2025-11-11T13:28:16.126+0000] {docker.py:438} INFO - INFO:kubernetes_actions:Loaded local Kubernetes config
[2025-11-11T13:28:16.142+0000] {docker.py:438} INFO - INFO:kubernetes_actions:Loaded local Kubernetes config
[2025-11-11T13:28:16.455+0000] {docker.py:438} INFO - INFO:kubernetes_actions:Found running pod: post-storage-mongodb-7f7657964c-b2fld for deployment: post-storage-mongodb
[2025-11-11T13:28:16.458+0000] {docker.py:438} INFO - INFO:kubernetes_actions:Executing command in pod post-storage-mongodb-7f7657964c-b2fld, container post-storage-mongodb: mongo --eval db.getSiblingDB('READ__ME_TO_RECOVER_YOUR_DATA').dropDatabase()
[2025-11-11T13:28:18.004+0000] {docker.py:438} INFO - INFO:kubernetes_actions:Command executed successfully. Output: MongoDB shell version v4.4.6
[2025-11-11T13:28:18.005+0000] {docker.py:438} INFO - connecting to: mongodb://127.0.0.1:27017/?compressors=disabled&gssapiServiceName=mongodb
[2025-11-11T13:28:18.005+0000] {docker.py:438} INFO - Implicit session: session { "id" : UUID("9a008eb2-0cb2-4307-b610-8492479ae80e") }
[2025-11-11T13:28:18.006+0000] {docker.py:438} INFO - MongoDB server version: 4.4.6
[2025-11-11T13:28:18.007+0000] {docker.py:438} INFO - { "ok" : 1 }
[2025-11-11T13:28:18.021+0000] {docker.py:438} INFO - INFO:kubernetes_actions:Loaded local Kubernetes config
[2025-11-11T13:28:18.038+0000] {docker.py:438} INFO - INFO:kubernetes_actions:Loaded local Kubernetes config
[2025-11-11T13:28:18.298+0000] {docker.py:438} INFO - INFO:kubernetes_actions:Found running pod: user-mongodb-f95b7d968-tqlld for deployment: user-mongodb
[2025-11-11T13:28:18.300+0000] {docker.py:438} INFO - INFO:kubernetes_actions:Executing command in pod user-mongodb-f95b7d968-tqlld, container user-mongodb: mongo --eval db.getSiblingDB('user').dropDatabase()
[2025-11-11T13:28:19.943+0000] {docker.py:438} INFO - INFO:kubernetes_actions:Command executed successfully. Output: MongoDB shell version v4.4.6
[2025-11-11T13:28:19.944+0000] {docker.py:438} INFO - connecting to: mongodb://127.0.0.1:27017/?compressors=disabled&gssapiServiceName=mongodb
[2025-11-11T13:28:19.944+0000] {docker.py:438} INFO - Implicit session: session { "id" : UUID("d058d757-ab23-4379-b4c4-e3591dfd8adc") }
[2025-11-11T13:28:19.945+0000] {docker.py:438} INFO - MongoDB server version: 4.4.6
[2025-11-11T13:28:19.945+0000] {docker.py:438} INFO - { "dropped" : "user", "ok" : 1 }
[2025-11-11T13:28:19.958+0000] {docker.py:438} INFO - INFO:kubernetes_actions:Loaded local Kubernetes config
[2025-11-11T13:28:19.972+0000] {docker.py:438} INFO - INFO:kubernetes_actions:Loaded local Kubernetes config
[2025-11-11T13:28:20.241+0000] {docker.py:438} INFO - INFO:kubernetes_actions:Found running pod: user-mongodb-f95b7d968-tqlld for deployment: user-mongodb
[2025-11-11T13:28:20.243+0000] {docker.py:438} INFO - INFO:kubernetes_actions:Executing command in pod user-mongodb-f95b7d968-tqlld, container user-mongodb: mongo --eval db.getSiblingDB('READ__ME_TO_RECOVER_YOUR_DATA').dropDatabase()
[2025-11-11T13:28:21.755+0000] {docker.py:438} INFO - INFO:kubernetes_actions:Command executed successfully. Output: MongoDB shell version v4.4.6
[2025-11-11T13:28:21.755+0000] {docker.py:438} INFO - connecting to: mongodb://127.0.0.1:27017/?compressors=disabled&gssapiServiceName=mongodb
[2025-11-11T13:28:21.756+0000] {docker.py:438} INFO - Implicit session: session { "id" : UUID("152b95c0-086b-4bc6-9647-4bb5bfe95b47") }
[2025-11-11T13:28:21.756+0000] {docker.py:438} INFO - MongoDB server version: 4.4.6
[2025-11-11T13:28:21.757+0000] {docker.py:438} INFO - { "ok" : 1 }
[2025-11-11T13:28:21.770+0000] {docker.py:438} INFO - INFO:kubernetes_actions:Loaded local Kubernetes config
[2025-11-11T13:28:21.784+0000] {docker.py:438} INFO - INFO:kubernetes_actions:Loaded local Kubernetes config
[2025-11-11T13:28:22.092+0000] {docker.py:438} INFO - INFO:kubernetes_actions:Found running pod: social-graph-mongodb-77fd77d9f4-jj4vn for deployment: social-graph-mongodb
[2025-11-11T13:28:22.093+0000] {docker.py:438} INFO - INFO:kubernetes_actions:Executing command in pod social-graph-mongodb-77fd77d9f4-jj4vn, container social-graph-mongodb: mongo --eval db.getSiblingDB('social-graph').dropDatabase()
[2025-11-11T13:28:23.642+0000] {docker.py:438} INFO - INFO:kubernetes_actions:Command executed successfully. Output: MongoDB shell version v4.4.6
[2025-11-11T13:28:23.643+0000] {docker.py:438} INFO - connecting to: mongodb://127.0.0.1:27017/?compressors=disabled&gssapiServiceName=mongodb
[2025-11-11T13:28:23.643+0000] {docker.py:438} INFO - Implicit session: session { "id" : UUID("6b088eca-dc67-4447-b420-1f34f4f9636a") }
[2025-11-11T13:28:23.644+0000] {docker.py:438} INFO - MongoDB server version: 4.4.6
[2025-11-11T13:28:23.644+0000] {docker.py:438} INFO - { "dropped" : "social-graph", "ok" : 1 }
[2025-11-11T13:28:23.658+0000] {docker.py:438} INFO - INFO:kubernetes_actions:Loaded local Kubernetes config
[2025-11-11T13:28:23.672+0000] {docker.py:438} INFO - INFO:kubernetes_actions:Loaded local Kubernetes config
[2025-11-11T13:28:23.913+0000] {docker.py:438} INFO - INFO:kubernetes_actions:Found running pod: social-graph-mongodb-77fd77d9f4-jj4vn for deployment: social-graph-mongodb
[2025-11-11T13:28:23.914+0000] {docker.py:438} INFO - INFO:kubernetes_actions:Executing command in pod social-graph-mongodb-77fd77d9f4-jj4vn, container social-graph-mongodb: mongo --eval db.getSiblingDB('READ__ME_TO_RECOVER_YOUR_DATA').dropDatabase()
[2025-11-11T13:28:25.446+0000] {docker.py:438} INFO - INFO:kubernetes_actions:Command executed successfully. Output: MongoDB shell version v4.4.6
[2025-11-11T13:28:25.447+0000] {docker.py:438} INFO - connecting to: mongodb://127.0.0.1:27017/?compressors=disabled&gssapiServiceName=mongodb
[2025-11-11T13:28:25.447+0000] {docker.py:438} INFO - Implicit session: session { "id" : UUID("a3488afb-e9ca-4090-97e7-be951dd75e65") }
[2025-11-11T13:28:25.448+0000] {docker.py:438} INFO - MongoDB server version: 4.4.6
[2025-11-11T13:28:25.448+0000] {docker.py:438} INFO - { "ok" : 1 }
[2025-11-11T13:28:25.463+0000] {docker.py:438} INFO - INFO:kubernetes_actions:Loaded local Kubernetes config
[2025-11-11T13:28:25.479+0000] {docker.py:438} INFO - INFO:kubernetes_actions:Loaded local Kubernetes config
[2025-11-11T13:28:25.838+0000] {docker.py:438} INFO - INFO:kubernetes_actions:Found running pod: user-timeline-mongodb-6ff9797bfc-bnf8b for deployment: user-timeline-mongodb
[2025-11-11T13:28:25.839+0000] {docker.py:438} INFO - INFO:kubernetes_actions:Executing command in pod user-timeline-mongodb-6ff9797bfc-bnf8b, container user-timeline-mongodb: mongo --eval db.getSiblingDB('user-timeline').dropDatabase()
[2025-11-11T13:29:02.272+0000] {docker.py:438} INFO - INFO:kubernetes_actions:Command executed successfully. Output:
[2025-11-11T13:29:02.302+0000] {docker.py:438} INFO - INFO:kubernetes_actions:Loaded local Kubernetes config
[2025-11-11T13:29:02.329+0000] {docker.py:438} INFO - INFO:kubernetes_actions:Loaded local Kubernetes config
[2025-11-11T13:29:02.663+0000] {docker.py:438} INFO - INFO:kubernetes_actions:Found running pod: user-timeline-mongodb-6ff9797bfc-bnf8b for deployment: user-timeline-mongodb
[2025-11-11T13:29:02.665+0000] {docker.py:438} INFO - INFO:kubernetes_actions:Executing command in pod user-timeline-mongodb-6ff9797bfc-bnf8b, container user-timeline-mongodb: mongo --eval db.getSiblingDB('READ__ME_TO_RECOVER_YOUR_DATA').dropDatabase()
[2025-11-11T13:29:02.985+0000] {docker.py:438} INFO - ERROR:kubernetes_actions:Failed to execute command: (0)
[2025-11-11T13:29:02.986+0000] {docker.py:438} INFO - Reason: Handshake status 500 Internal Server Error -+-+- {'date': 'Tue, 11 Nov 2025 13:29:02 GMT', 'connection': 'close', 'content-length': '0'} -+-+- b''
[2025-11-11T13:29:02.986+0000] {docker.py:438} INFO - INFO:kubernetes_actions:Full social network reset completed
[2025-11-11T13:29:08.002+0000] {docker.py:438} INFO - INFO:kubernetes_actions:Loaded local Kubernetes config
[2025-11-11T13:29:08.003+0000] {docker.py:438} INFO - INFO:kubernetes_actions:Restarting deployment: social-graph-service
[2025-11-11T13:29:08.401+0000] {docker.py:438} INFO - INFO:kubernetes_actions:✅ Successfully restarted social-graph-service
[2025-11-11T13:29:08.402+0000] {docker.py:438} INFO - INFO:kubernetes_actions:Restarting deployment: user-service
[2025-11-11T13:29:08.589+0000] {docker.py:438} INFO - INFO:kubernetes_actions:✅ Successfully restarted user-service
[2025-11-11T13:29:08.590+0000] {docker.py:438} INFO - INFO:kubernetes_actions:Restarting deployment: post-storage-service
[2025-11-11T13:29:08.788+0000] {docker.py:438} INFO - INFO:kubernetes_actions:✅ Successfully restarted post-storage-service
[2025-11-11T13:29:08.789+0000] {docker.py:438} INFO - INFO:kubernetes_actions:Restarting deployment: compose-post-service
[2025-11-11T13:29:08.983+0000] {docker.py:438} INFO - INFO:kubernetes_actions:✅ Successfully restarted compose-post-service
[2025-11-11T13:29:08.984+0000] {docker.py:438} INFO - INFO:kubernetes_actions:Restarting deployment: home-timeline-service
[2025-11-11T13:29:09.156+0000] {docker.py:438} INFO - INFO:kubernetes_actions:✅ Successfully restarted home-timeline-service
[2025-11-11T13:29:09.157+0000] {docker.py:438} INFO - INFO:kubernetes_actions:Restarting deployment: user-timeline-service
[2025-11-11T13:29:09.338+0000] {docker.py:438} INFO - INFO:kubernetes_actions:✅ Successfully restarted user-timeline-service
[2025-11-11T13:29:09.339+0000] {docker.py:438} INFO - INFO:kubernetes_actions:Restarting deployment: nginx-thrift
[2025-11-11T13:29:09.534+0000] {docker.py:438} INFO - INFO:kubernetes_actions:✅ Successfully restarted nginx-thrift
[2025-11-11T13:29:09.535+0000] {docker.py:438} INFO - INFO:kubernetes_actions:Restarting deployment: text-service
[2025-11-11T13:29:09.719+0000] {docker.py:438} INFO - INFO:kubernetes_actions:✅ Successfully restarted text-service
[2025-11-11T13:29:09.719+0000] {docker.py:438} INFO - INFO:kubernetes_actions:Restarting deployment: unique-id-service
[2025-11-11T13:29:09.908+0000] {docker.py:438} INFO - INFO:kubernetes_actions:✅ Successfully restarted unique-id-service
[2025-11-11T13:29:09.909+0000] {docker.py:438} INFO - INFO:kubernetes_actions:Restarting deployment: user-mention-service
[2025-11-11T13:29:10.135+0000] {docker.py:438} INFO - INFO:kubernetes_actions:✅ Successfully restarted user-mention-service
[2025-11-11T13:29:10.135+0000] {docker.py:438} INFO - INFO:kubernetes_actions:Waiting 90 seconds for services to restart...
[2025-11-11T13:30:40.136+0000] {docker.py:438} INFO - INFO:kubernetes_actions:Reinitializing social network data...
[2025-11-11T13:40:23.370+0000] {docker.py:438} INFO - INFO:kubernetes_actions:Social network reinitialization completed successfully
[2025-11-11T13:40:23.371+0000] {docker.py:438} INFO - [32m[2025-11-11 13:40:23 INFO] Let's rollback...
[2025-11-11T13:40:23.371+0000] {docker.py:438} INFO - [32m[2025-11-11 13:40:23 INFO] No declared rollbacks, let's move on.
[2025-11-11T13:40:23.372+0000] {docker.py:438} INFO - [32m[2025-11-11 13:40:23 INFO] Experiment ended with status: completed
[2025-11-11T13:40:23.475+0000] {docker.py:438} INFO - Reinitialized Social Networking APplication successfully
[2025-11-11T13:40:23.714+0000] {taskinstance.py:340} INFO - ::group::Post task execution logs
[2025-11-11T13:40:23.715+0000] {taskinstance.py:352} INFO - Marking task as SUCCESS. dag_id=Reinitialize_Application, task_id=apply_container_restart_docker, run_id=manual__2025-11-11T13:27:54.205663+00:00, execution_date=20251111T132754, start_date=20251111T132755, end_date=20251111T134023
[2025-11-11T13:40:23.767+0000] {local_task_job_runner.py:266} INFO - Task exited with return code 0
[2025-11-11T13:40:23.787+0000] {taskinstance.py:3900} INFO - 0 downstream tasks scheduled from follow-on schedule check
[2025-11-11T13:40:23.790+0000] {local_task_job_runner.py:245} INFO - ::endgroup::
