[2025-10-01T10:54:54.736+0000] {local_task_job_runner.py:123} INFO - ::group::Pre task execution logs
[2025-10-01T10:54:54.750+0000] {taskinstance.py:2612} INFO - Dependencies all met for dep_context=non-requeueable deps ti=<TaskInstance: Cordon_Uncordon_Node.apply_cordon_uncordon_node manual__2025-10-01T10:54:53.321766+00:00 [queued]>
[2025-10-01T10:54:54.757+0000] {taskinstance.py:2612} INFO - Dependencies all met for dep_context=requeueable deps ti=<TaskInstance: Cordon_Uncordon_Node.apply_cordon_uncordon_node manual__2025-10-01T10:54:53.321766+00:00 [queued]>
[2025-10-01T10:54:54.757+0000] {taskinstance.py:2865} INFO - Starting attempt 1 of 1
[2025-10-01T10:54:54.770+0000] {taskinstance.py:2888} INFO - Executing <Task(DockerOperator): apply_cordon_uncordon_node> on 2025-10-01 10:54:53.321766+00:00
[2025-10-01T10:54:54.775+0000] {standard_task_runner.py:72} INFO - Started process 239 to run task
[2025-10-01T10:54:54.780+0000] {standard_task_runner.py:104} INFO - Running: ['***', 'tasks', 'run', 'Cordon_Uncordon_Node', 'apply_cordon_uncordon_node', 'manual__2025-10-01T10:54:53.321766+00:00', '--job-id', '81', '--raw', '--subdir', 'DAGS_FOLDER/dag_factory.py', '--cfg-path', '/tmp/tmpxccy3u4b']
[2025-10-01T10:54:54.781+0000] {standard_task_runner.py:105} INFO - Job 81: Subtask apply_cordon_uncordon_node
[2025-10-01T10:54:54.827+0000] {task_command.py:467} INFO - Running <TaskInstance: Cordon_Uncordon_Node.apply_cordon_uncordon_node manual__2025-10-01T10:54:53.321766+00:00 [running]> on host workflow.y2twbfvcjkaujnl2bmtbxunhcb.cx.internal.cloudapp.net
[2025-10-01T10:54:54.914+0000] {taskinstance.py:3131} INFO - Exporting env vars: AIRFLOW_CTX_DAG_OWNER='***' AIRFLOW_CTX_DAG_ID='Cordon_Uncordon_Node' AIRFLOW_CTX_TASK_ID='apply_cordon_uncordon_node' AIRFLOW_CTX_EXECUTION_DATE='2025-10-01T10:54:53.321766+00:00' AIRFLOW_CTX_TRY_NUMBER='1' AIRFLOW_CTX_DAG_RUN_ID='manual__2025-10-01T10:54:53.321766+00:00'
[2025-10-01T10:54:54.915+0000] {taskinstance.py:731} INFO - ::endgroup::
[2025-10-01T10:54:54.947+0000] {docker.py:367} INFO - Starting docker container from image ***_chaos:latest
[2025-10-01T10:54:55.289+0000] {docker.py:438} INFO - The container is run as root user. For security, consider using a regular user account.
[2025-10-01T10:55:03.805+0000] {docker.py:438} INFO - 
[2025-10-01T10:55:04.360+0000] {docker.py:438} INFO - [32m[2025-10-01 10:55:04 INFO] Validating the experiment's syntax
[2025-10-01T10:55:04.612+0000] {docker.py:438} INFO - [32m[2025-10-01 10:55:04 INFO] Experiment looks valid
[2025-10-01T10:55:04.613+0000] {docker.py:438} INFO - [32m[2025-10-01 10:55:04 INFO] Running experiment: Cordon-Pod Restart Combined Experiment
[2025-10-01T10:55:04.615+0000] {docker.py:438} INFO - [32m[2025-10-01 10:55:04 INFO] Steady-state strategy: default
[2025-10-01T10:55:04.616+0000] {docker.py:438} INFO - [32m[2025-10-01 10:55:04 INFO] Rollbacks strategy: default
[2025-10-01T10:55:04.616+0000] {docker.py:438} INFO - [32m[2025-10-01 10:55:04 INFO] No steady state hypothesis defined. That's ok, just exploring.
[2025-10-01T10:55:04.617+0000] {docker.py:438} INFO - [32m[2025-10-01 10:55:04 INFO] Playing your experiment's method now...
[2025-10-01T10:55:04.617+0000] {docker.py:438} INFO - [32m[2025-10-01 10:55:04 INFO] Action: cordon-nodes
[2025-10-01T10:55:05.636+0000] {docker.py:438} INFO - [32m[2025-10-01 10:55:05 INFO] Action: continuous-pod-restart-during-cordon
[2025-10-01T10:59:51.067+0000] {docker.py:438} INFO - 🚀 Starting continuous pod restart experiment
[2025-10-01T10:59:51.067+0000] {docker.py:438} INFO - 📅 Interval: 20 seconds
[2025-10-01T10:59:51.067+0000] {docker.py:438} INFO - ⏱️  Duration: 300 seconds
[2025-10-01T10:59:51.068+0000] {docker.py:438} INFO - 🎯 Target: app=post-storage-service
[2025-10-01T10:59:51.068+0000] {docker.py:438} INFO - 📍 Namespace: default
[2025-10-01T10:59:51.068+0000] {docker.py:438} INFO - 
[2025-10-01T10:59:51.068+0000] {docker.py:438} INFO - ==================================================
[2025-10-01T10:59:51.069+0000] {docker.py:438} INFO - 🔄 Restart #1 at 2025-10-01 10:55:05
[2025-10-01T10:59:51.069+0000] {docker.py:438} INFO - ==================================================
[2025-10-01T10:59:51.069+0000] {docker.py:438} INFO - Hello world - terminate function started!
[2025-10-01T10:59:51.069+0000] {docker.py:438} INFO - Selecting pods with label_selector: app=post-storage-service
[2025-10-01T10:59:51.069+0000] {docker.py:438} INFO - Found 1 pods initially
[2025-10-01T10:59:51.070+0000] {docker.py:438} INFO - Random selection: 1 pods
[2025-10-01T10:59:51.070+0000] {docker.py:438} INFO - Deleting pod: post-storage-service-769cf6947d-zj26l
[2025-10-01T10:59:51.070+0000] {docker.py:438} INFO - Deleted 1 pods: ['post-storage-service-769cf6947d-zj26l']
[2025-10-01T10:59:51.070+0000] {docker.py:438} INFO - ✅ Successfully restarted pods: ['post-storage-service-769cf6947d-zj26l']
[2025-10-01T10:59:51.070+0000] {docker.py:438} INFO - ⏳ Waiting 20 seconds until next restart...
[2025-10-01T10:59:51.071+0000] {docker.py:438} INFO - 📊 Time remaining: 300 seconds
[2025-10-01T10:59:51.071+0000] {docker.py:438} INFO - 
[2025-10-01T10:59:51.071+0000] {docker.py:438} INFO - ==================================================
[2025-10-01T10:59:51.071+0000] {docker.py:438} INFO - 🔄 Restart #2 at 2025-10-01 10:55:26
[2025-10-01T10:59:51.071+0000] {docker.py:438} INFO - ==================================================
[2025-10-01T10:59:51.072+0000] {docker.py:438} INFO - Hello world - terminate function started!
[2025-10-01T10:59:51.072+0000] {docker.py:438} INFO - Selecting pods with label_selector: app=post-storage-service
[2025-10-01T10:59:51.072+0000] {docker.py:438} INFO - Found 2 pods initially
[2025-10-01T10:59:51.072+0000] {docker.py:438} INFO - Random selection: 1 pods
[2025-10-01T10:59:51.072+0000] {docker.py:438} INFO - Deleting pod: post-storage-service-769cf6947d-8tqsr
[2025-10-01T10:59:51.073+0000] {docker.py:438} INFO - Deleted 1 pods: ['post-storage-service-769cf6947d-8tqsr']
[2025-10-01T10:59:51.073+0000] {docker.py:438} INFO - ✅ Successfully restarted pods: ['post-storage-service-769cf6947d-8tqsr']
[2025-10-01T10:59:51.073+0000] {docker.py:438} INFO - ⏳ Waiting 20 seconds until next restart...
[2025-10-01T10:59:51.073+0000] {docker.py:438} INFO - 📊 Time remaining: 279 seconds
[2025-10-01T10:59:51.073+0000] {docker.py:438} INFO - 
[2025-10-01T10:59:51.074+0000] {docker.py:438} INFO - ==================================================
[2025-10-01T10:59:51.074+0000] {docker.py:438} INFO - 🔄 Restart #3 at 2025-10-01 10:55:46
[2025-10-01T10:59:51.074+0000] {docker.py:438} INFO - ==================================================
[2025-10-01T10:59:51.074+0000] {docker.py:438} INFO - Hello world - terminate function started!
[2025-10-01T10:59:51.074+0000] {docker.py:438} INFO - Selecting pods with label_selector: app=post-storage-service
[2025-10-01T10:59:51.074+0000] {docker.py:438} INFO - Found 1 pods initially
[2025-10-01T10:59:51.075+0000] {docker.py:438} INFO - Random selection: 1 pods
[2025-10-01T10:59:51.075+0000] {docker.py:438} INFO - Deleting pod: post-storage-service-769cf6947d-s8npz
[2025-10-01T10:59:51.075+0000] {docker.py:438} INFO - Deleted 1 pods: ['post-storage-service-769cf6947d-s8npz']
[2025-10-01T10:59:51.075+0000] {docker.py:438} INFO - ✅ Successfully restarted pods: ['post-storage-service-769cf6947d-s8npz']
[2025-10-01T10:59:51.076+0000] {docker.py:438} INFO - ⏳ Waiting 20 seconds until next restart...
[2025-10-01T10:59:51.076+0000] {docker.py:438} INFO - 📊 Time remaining: 259 seconds
[2025-10-01T10:59:51.076+0000] {docker.py:438} INFO - 
[2025-10-01T10:59:51.076+0000] {docker.py:438} INFO - ==================================================
[2025-10-01T10:59:51.076+0000] {docker.py:438} INFO - 🔄 Restart #4 at 2025-10-01 10:56:06
[2025-10-01T10:59:51.077+0000] {docker.py:438} INFO - ==================================================
[2025-10-01T10:59:51.077+0000] {docker.py:438} INFO - Hello world - terminate function started!
[2025-10-01T10:59:51.077+0000] {docker.py:438} INFO - Selecting pods with label_selector: app=post-storage-service
[2025-10-01T10:59:51.077+0000] {docker.py:438} INFO - Found 1 pods initially
[2025-10-01T10:59:51.078+0000] {docker.py:438} INFO - Random selection: 1 pods
[2025-10-01T10:59:51.078+0000] {docker.py:438} INFO - Deleting pod: post-storage-service-769cf6947d-k5pnp
[2025-10-01T10:59:51.078+0000] {docker.py:438} INFO - Deleted 1 pods: ['post-storage-service-769cf6947d-k5pnp']
[2025-10-01T10:59:51.078+0000] {docker.py:438} INFO - ✅ Successfully restarted pods: ['post-storage-service-769cf6947d-k5pnp']
[2025-10-01T10:59:51.078+0000] {docker.py:438} INFO - ⏳ Waiting 20 seconds until next restart...
[2025-10-01T10:59:51.079+0000] {docker.py:438} INFO - 📊 Time remaining: 238 seconds
[2025-10-01T10:59:51.079+0000] {docker.py:438} INFO - 
[2025-10-01T10:59:51.079+0000] {docker.py:438} INFO - ==================================================
[2025-10-01T10:59:51.079+0000] {docker.py:438} INFO - 🔄 Restart #5 at 2025-10-01 10:56:27
[2025-10-01T10:59:51.079+0000] {docker.py:438} INFO - ==================================================
[2025-10-01T10:59:51.080+0000] {docker.py:438} INFO - Hello world - terminate function started!
[2025-10-01T10:59:51.080+0000] {docker.py:438} INFO - Selecting pods with label_selector: app=post-storage-service
[2025-10-01T10:59:51.080+0000] {docker.py:438} INFO - Found 1 pods initially
[2025-10-01T10:59:51.080+0000] {docker.py:438} INFO - Random selection: 1 pods
[2025-10-01T10:59:51.081+0000] {docker.py:438} INFO - Deleting pod: post-storage-service-769cf6947d-ck4zk
[2025-10-01T10:59:51.081+0000] {docker.py:438} INFO - Deleted 1 pods: ['post-storage-service-769cf6947d-ck4zk']
[2025-10-01T10:59:51.081+0000] {docker.py:438} INFO - ✅ Successfully restarted pods: ['post-storage-service-769cf6947d-ck4zk']
[2025-10-01T10:59:51.081+0000] {docker.py:438} INFO - ⏳ Waiting 20 seconds until next restart...
[2025-10-01T10:59:51.082+0000] {docker.py:438} INFO - 📊 Time remaining: 218 seconds
[2025-10-01T10:59:51.082+0000] {docker.py:438} INFO - 
[2025-10-01T10:59:51.082+0000] {docker.py:438} INFO - ==================================================
[2025-10-01T10:59:51.082+0000] {docker.py:438} INFO - 🔄 Restart #6 at 2025-10-01 10:56:47
[2025-10-01T10:59:51.082+0000] {docker.py:438} INFO - ==================================================
[2025-10-01T10:59:51.083+0000] {docker.py:438} INFO - Hello world - terminate function started!
[2025-10-01T10:59:51.083+0000] {docker.py:438} INFO - Selecting pods with label_selector: app=post-storage-service
[2025-10-01T10:59:51.083+0000] {docker.py:438} INFO - Found 1 pods initially
[2025-10-01T10:59:51.083+0000] {docker.py:438} INFO - Random selection: 1 pods
[2025-10-01T10:59:51.083+0000] {docker.py:438} INFO - Deleting pod: post-storage-service-769cf6947d-5qpk8
[2025-10-01T10:59:51.083+0000] {docker.py:438} INFO - Deleted 1 pods: ['post-storage-service-769cf6947d-5qpk8']
[2025-10-01T10:59:51.084+0000] {docker.py:438} INFO - ✅ Successfully restarted pods: ['post-storage-service-769cf6947d-5qpk8']
[2025-10-01T10:59:51.084+0000] {docker.py:438} INFO - ⏳ Waiting 20 seconds until next restart...
[2025-10-01T10:59:51.084+0000] {docker.py:438} INFO - 📊 Time remaining: 198 seconds
[2025-10-01T10:59:51.084+0000] {docker.py:438} INFO - 
[2025-10-01T10:59:51.084+0000] {docker.py:438} INFO - ==================================================
[2025-10-01T10:59:51.085+0000] {docker.py:438} INFO - 🔄 Restart #7 at 2025-10-01 10:57:07
[2025-10-01T10:59:51.085+0000] {docker.py:438} INFO - ==================================================
[2025-10-01T10:59:51.085+0000] {docker.py:438} INFO - Hello world - terminate function started!
[2025-10-01T10:59:51.085+0000] {docker.py:438} INFO - Selecting pods with label_selector: app=post-storage-service
[2025-10-01T10:59:51.085+0000] {docker.py:438} INFO - Found 1 pods initially
[2025-10-01T10:59:51.086+0000] {docker.py:438} INFO - Random selection: 1 pods
[2025-10-01T10:59:51.086+0000] {docker.py:438} INFO - Deleting pod: post-storage-service-769cf6947d-swp92
[2025-10-01T10:59:51.086+0000] {docker.py:438} INFO - Deleted 1 pods: ['post-storage-service-769cf6947d-swp92']
[2025-10-01T10:59:51.086+0000] {docker.py:438} INFO - ✅ Successfully restarted pods: ['post-storage-service-769cf6947d-swp92']
[2025-10-01T10:59:51.086+0000] {docker.py:438} INFO - ⏳ Waiting 20 seconds until next restart...
[2025-10-01T10:59:51.087+0000] {docker.py:438} INFO - 📊 Time remaining: 177 seconds
[2025-10-01T10:59:51.087+0000] {docker.py:438} INFO - 
[2025-10-01T10:59:51.087+0000] {docker.py:438} INFO - ==================================================
[2025-10-01T10:59:51.088+0000] {docker.py:438} INFO - 🔄 Restart #8 at 2025-10-01 10:57:28
[2025-10-01T10:59:51.088+0000] {docker.py:438} INFO - ==================================================
[2025-10-01T10:59:51.089+0000] {docker.py:438} INFO - Hello world - terminate function started!
[2025-10-01T10:59:51.089+0000] {docker.py:438} INFO - Selecting pods with label_selector: app=post-storage-service
[2025-10-01T10:59:51.089+0000] {docker.py:438} INFO - Found 1 pods initially
[2025-10-01T10:59:51.089+0000] {docker.py:438} INFO - Random selection: 1 pods
[2025-10-01T10:59:51.090+0000] {docker.py:438} INFO - Deleting pod: post-storage-service-769cf6947d-xdvcr
[2025-10-01T10:59:51.090+0000] {docker.py:438} INFO - Deleted 1 pods: ['post-storage-service-769cf6947d-xdvcr']
[2025-10-01T10:59:51.090+0000] {docker.py:438} INFO - ✅ Successfully restarted pods: ['post-storage-service-769cf6947d-xdvcr']
[2025-10-01T10:59:51.090+0000] {docker.py:438} INFO - ⏳ Waiting 20 seconds until next restart...
[2025-10-01T10:59:51.090+0000] {docker.py:438} INFO - 📊 Time remaining: 157 seconds
[2025-10-01T10:59:51.090+0000] {docker.py:438} INFO - 
[2025-10-01T10:59:51.091+0000] {docker.py:438} INFO - ==================================================
[2025-10-01T10:59:51.091+0000] {docker.py:438} INFO - 🔄 Restart #9 at 2025-10-01 10:57:48
[2025-10-01T10:59:51.091+0000] {docker.py:438} INFO - ==================================================
[2025-10-01T10:59:51.091+0000] {docker.py:438} INFO - Hello world - terminate function started!
[2025-10-01T10:59:51.091+0000] {docker.py:438} INFO - Selecting pods with label_selector: app=post-storage-service
[2025-10-01T10:59:51.092+0000] {docker.py:438} INFO - Found 1 pods initially
[2025-10-01T10:59:51.092+0000] {docker.py:438} INFO - Random selection: 1 pods
[2025-10-01T10:59:51.092+0000] {docker.py:438} INFO - Deleting pod: post-storage-service-769cf6947d-xzd2f
[2025-10-01T10:59:51.092+0000] {docker.py:438} INFO - Deleted 1 pods: ['post-storage-service-769cf6947d-xzd2f']
[2025-10-01T10:59:51.092+0000] {docker.py:438} INFO - ✅ Successfully restarted pods: ['post-storage-service-769cf6947d-xzd2f']
[2025-10-01T10:59:51.092+0000] {docker.py:438} INFO - ⏳ Waiting 20 seconds until next restart...
[2025-10-01T10:59:51.093+0000] {docker.py:438} INFO - 📊 Time remaining: 136 seconds
[2025-10-01T10:59:51.093+0000] {docker.py:438} INFO - 
[2025-10-01T10:59:51.093+0000] {docker.py:438} INFO - ==================================================
[2025-10-01T10:59:51.093+0000] {docker.py:438} INFO - 🔄 Restart #10 at 2025-10-01 10:58:09
[2025-10-01T10:59:51.093+0000] {docker.py:438} INFO - ==================================================
[2025-10-01T10:59:51.094+0000] {docker.py:438} INFO - Hello world - terminate function started!
[2025-10-01T10:59:51.094+0000] {docker.py:438} INFO - Selecting pods with label_selector: app=post-storage-service
[2025-10-01T10:59:51.094+0000] {docker.py:438} INFO - Found 1 pods initially
[2025-10-01T10:59:51.094+0000] {docker.py:438} INFO - Random selection: 1 pods
[2025-10-01T10:59:51.094+0000] {docker.py:438} INFO - Deleting pod: post-storage-service-769cf6947d-ztnkj
[2025-10-01T10:59:51.095+0000] {docker.py:438} INFO - Deleted 1 pods: ['post-storage-service-769cf6947d-ztnkj']
[2025-10-01T10:59:51.095+0000] {docker.py:438} INFO - ✅ Successfully restarted pods: ['post-storage-service-769cf6947d-ztnkj']
[2025-10-01T10:59:51.095+0000] {docker.py:438} INFO - ⏳ Waiting 20 seconds until next restart...
[2025-10-01T10:59:51.095+0000] {docker.py:438} INFO - 📊 Time remaining: 116 seconds
[2025-10-01T10:59:51.095+0000] {docker.py:438} INFO - 
[2025-10-01T10:59:51.095+0000] {docker.py:438} INFO - ==================================================
[2025-10-01T10:59:51.096+0000] {docker.py:438} INFO - 🔄 Restart #11 at 2025-10-01 10:58:29
[2025-10-01T10:59:51.096+0000] {docker.py:438} INFO - ==================================================
[2025-10-01T10:59:51.096+0000] {docker.py:438} INFO - Hello world - terminate function started!
[2025-10-01T10:59:51.096+0000] {docker.py:438} INFO - Selecting pods with label_selector: app=post-storage-service
[2025-10-01T10:59:51.096+0000] {docker.py:438} INFO - Found 1 pods initially
[2025-10-01T10:59:51.097+0000] {docker.py:438} INFO - Random selection: 1 pods
[2025-10-01T10:59:51.097+0000] {docker.py:438} INFO - Deleting pod: post-storage-service-769cf6947d-r4x5b
[2025-10-01T10:59:51.097+0000] {docker.py:438} INFO - Deleted 1 pods: ['post-storage-service-769cf6947d-r4x5b']
[2025-10-01T10:59:51.097+0000] {docker.py:438} INFO - ✅ Successfully restarted pods: ['post-storage-service-769cf6947d-r4x5b']
[2025-10-01T10:59:51.098+0000] {docker.py:438} INFO - ⏳ Waiting 20 seconds until next restart...
[2025-10-01T10:59:51.098+0000] {docker.py:438} INFO - 📊 Time remaining: 96 seconds
[2025-10-01T10:59:51.098+0000] {docker.py:438} INFO - 
[2025-10-01T10:59:51.098+0000] {docker.py:438} INFO - ==================================================
[2025-10-01T10:59:51.098+0000] {docker.py:438} INFO - 🔄 Restart #12 at 2025-10-01 10:58:49
[2025-10-01T10:59:51.099+0000] {docker.py:438} INFO - ==================================================
[2025-10-01T10:59:51.099+0000] {docker.py:438} INFO - Hello world - terminate function started!
[2025-10-01T10:59:51.099+0000] {docker.py:438} INFO - Selecting pods with label_selector: app=post-storage-service
[2025-10-01T10:59:51.099+0000] {docker.py:438} INFO - Found 1 pods initially
[2025-10-01T10:59:51.099+0000] {docker.py:438} INFO - Random selection: 1 pods
[2025-10-01T10:59:51.100+0000] {docker.py:438} INFO - Deleting pod: post-storage-service-769cf6947d-t9ns9
[2025-10-01T10:59:51.100+0000] {docker.py:438} INFO - Deleted 1 pods: ['post-storage-service-769cf6947d-t9ns9']
[2025-10-01T10:59:51.100+0000] {docker.py:438} INFO - ✅ Successfully restarted pods: ['post-storage-service-769cf6947d-t9ns9']
[2025-10-01T10:59:51.100+0000] {docker.py:438} INFO - ⏳ Waiting 20 seconds until next restart...
[2025-10-01T10:59:51.100+0000] {docker.py:438} INFO - 📊 Time remaining: 75 seconds
[2025-10-01T10:59:51.100+0000] {docker.py:438} INFO - 
[2025-10-01T10:59:51.101+0000] {docker.py:438} INFO - ==================================================
[2025-10-01T10:59:51.101+0000] {docker.py:438} INFO - 🔄 Restart #13 at 2025-10-01 10:59:10
[2025-10-01T10:59:51.101+0000] {docker.py:438} INFO - ==================================================
[2025-10-01T10:59:51.101+0000] {docker.py:438} INFO - Hello world - terminate function started!
[2025-10-01T10:59:51.101+0000] {docker.py:438} INFO - Selecting pods with label_selector: app=post-storage-service
[2025-10-01T10:59:51.102+0000] {docker.py:438} INFO - Found 1 pods initially
[2025-10-01T10:59:51.102+0000] {docker.py:438} INFO - Random selection: 1 pods
[2025-10-01T10:59:51.102+0000] {docker.py:438} INFO - Deleting pod: post-storage-service-769cf6947d-rxxdf
[2025-10-01T10:59:51.102+0000] {docker.py:438} INFO - Deleted 1 pods: ['post-storage-service-769cf6947d-rxxdf']
[2025-10-01T10:59:51.102+0000] {docker.py:438} INFO - ✅ Successfully restarted pods: ['post-storage-service-769cf6947d-rxxdf']
[2025-10-01T10:59:51.103+0000] {docker.py:438} INFO - ⏳ Waiting 20 seconds until next restart...
[2025-10-01T10:59:51.103+0000] {docker.py:438} INFO - 📊 Time remaining: 55 seconds
[2025-10-01T10:59:51.103+0000] {docker.py:438} INFO - 
[2025-10-01T10:59:51.103+0000] {docker.py:438} INFO - ==================================================
[2025-10-01T10:59:51.103+0000] {docker.py:438} INFO - 🔄 Restart #14 at 2025-10-01 10:59:30
[2025-10-01T10:59:51.103+0000] {docker.py:438} INFO - ==================================================
[2025-10-01T10:59:51.104+0000] {docker.py:438} INFO - Hello world - terminate function started!
[2025-10-01T10:59:51.104+0000] {docker.py:438} INFO - Selecting pods with label_selector: app=post-storage-service
[2025-10-01T10:59:51.104+0000] {docker.py:438} INFO - Found 1 pods initially
[2025-10-01T10:59:51.104+0000] {docker.py:438} INFO - Random selection: 1 pods
[2025-10-01T10:59:51.104+0000] {docker.py:438} INFO - Deleting pod: post-storage-service-769cf6947d-6gz6s
[2025-10-01T10:59:51.105+0000] {docker.py:438} INFO - Deleted 1 pods: ['post-storage-service-769cf6947d-6gz6s']
[2025-10-01T10:59:51.105+0000] {docker.py:438} INFO - ✅ Successfully restarted pods: ['post-storage-service-769cf6947d-6gz6s']
[2025-10-01T10:59:51.105+0000] {docker.py:438} INFO - ⏳ Waiting 20 seconds until next restart...
[2025-10-01T10:59:51.105+0000] {docker.py:438} INFO - 📊 Time remaining: 35 seconds
[2025-10-01T10:59:51.105+0000] {docker.py:438} INFO - 
[2025-10-01T10:59:51.106+0000] {docker.py:438} INFO - ==================================================
[2025-10-01T10:59:51.106+0000] {docker.py:438} INFO - 🔄 Restart #15 at 2025-10-01 10:59:51
[2025-10-01T10:59:51.106+0000] {docker.py:438} INFO - ==================================================
[2025-10-01T10:59:51.106+0000] {docker.py:438} INFO - Hello world - terminate function started!
[2025-10-01T10:59:51.107+0000] {docker.py:438} INFO - Selecting pods with label_selector: app=post-storage-service
[2025-10-01T10:59:51.458+0000] {docker.py:438} INFO - [32m[2025-10-01 10:59:51 INFO] Let's rollback...
[2025-10-01T10:59:51.459+0000] {docker.py:438} INFO - [32m[2025-10-01 10:59:51 INFO] Rollback: uncordon-all-nodes
[2025-10-01T10:59:51.460+0000] {docker.py:438} INFO - [32m[2025-10-01 10:59:51 INFO] Action: uncordon-all-nodes
[2025-10-01T10:59:52.443+0000] {docker.py:438} INFO - [32m[2025-10-01 10:59:52 INFO] Experiment ended with status: completed
[2025-10-01T10:59:52.444+0000] {docker.py:438} INFO - Found 1 pods initially
[2025-10-01T10:59:52.444+0000] {docker.py:438} INFO - Random selection: 1 pods
[2025-10-01T10:59:52.444+0000] {docker.py:438} INFO - Deleting pod: post-storage-service-769cf6947d-mdz7s
[2025-10-01T10:59:52.445+0000] {docker.py:438} INFO - Deleted 1 pods: ['post-storage-service-769cf6947d-mdz7s']
[2025-10-01T10:59:52.445+0000] {docker.py:438} INFO - ✅ Successfully restarted pods: ['post-storage-service-769cf6947d-mdz7s']
[2025-10-01T10:59:52.446+0000] {docker.py:438} INFO - ⏰ Less than 20 seconds remaining, stopping experiment
[2025-10-01T10:59:52.446+0000] {docker.py:438} INFO - 
[2025-10-01T10:59:52.446+0000] {docker.py:438} INFO - ==================================================
[2025-10-01T10:59:52.447+0000] {docker.py:438} INFO - 🏁 Experiment Completed!
[2025-10-01T10:59:52.447+0000] {docker.py:438} INFO - ==================================================
[2025-10-01T10:59:52.447+0000] {docker.py:438} INFO - 📈 Total restarts performed: 15
[2025-10-01T10:59:52.448+0000] {docker.py:438} INFO - ⏱️  Total duration: 286 seconds
[2025-10-01T10:59:52.448+0000] {docker.py:438} INFO - 📊 Average interval: 19.1 seconds
[2025-10-01T10:59:52.695+0000] {taskinstance.py:340} INFO - ::group::Post task execution logs
[2025-10-01T10:59:52.696+0000] {taskinstance.py:352} INFO - Marking task as SUCCESS. dag_id=Cordon_Uncordon_Node, task_id=apply_cordon_uncordon_node, run_id=manual__2025-10-01T10:54:53.321766+00:00, execution_date=20251001T105453, start_date=20251001T105454, end_date=20251001T105952
[2025-10-01T10:59:52.720+0000] {local_task_job_runner.py:266} INFO - Task exited with return code 0
[2025-10-01T10:59:52.733+0000] {taskinstance.py:3900} INFO - 0 downstream tasks scheduled from follow-on schedule check
[2025-10-01T10:59:52.736+0000] {local_task_job_runner.py:245} INFO - ::endgroup::
