[2025-10-30T07:21:28.831+0000] {local_task_job_runner.py:123} INFO - ::group::Pre task execution logs
[2025-10-30T07:21:28.885+0000] {taskinstance.py:2612} INFO - Dependencies all met for dep_context=non-requeueable deps ti=<TaskInstance: Reinitialize_Application.apply_container_restart_docker manual__2025-10-30T07:21:26.544465+00:00 [queued]>
[2025-10-30T07:21:28.930+0000] {taskinstance.py:2612} INFO - Dependencies all met for dep_context=requeueable deps ti=<TaskInstance: Reinitialize_Application.apply_container_restart_docker manual__2025-10-30T07:21:26.544465+00:00 [queued]>
[2025-10-30T07:21:28.931+0000] {taskinstance.py:2865} INFO - Starting attempt 1 of 1
[2025-10-30T07:21:28.958+0000] {taskinstance.py:2888} INFO - Executing <Task(DockerOperator): apply_container_restart_docker> on 2025-10-30 07:21:26.544465+00:00
[2025-10-30T07:21:28.970+0000] {standard_task_runner.py:72} INFO - Started process 4144 to run task
[2025-10-30T07:21:28.982+0000] {standard_task_runner.py:104} INFO - Running: ['***', 'tasks', 'run', 'Reinitialize_Application', 'apply_container_restart_docker', 'manual__2025-10-30T07:21:26.544465+00:00', '--job-id', '11682', '--raw', '--subdir', 'DAGS_FOLDER/dag_factory.py', '--cfg-path', '/tmp/tmp7nvsimun']
[2025-10-30T07:21:28.986+0000] {standard_task_runner.py:105} INFO - Job 11682: Subtask apply_container_restart_docker
[2025-10-30T07:21:29.098+0000] {task_command.py:467} INFO - Running <TaskInstance: Reinitialize_Application.apply_container_restart_docker manual__2025-10-30T07:21:26.544465+00:00 [running]> on host workflow.y2twbfvcjkaujnl2bmtbxunhcb.cx.internal.cloudapp.net
[2025-10-30T07:21:29.271+0000] {taskinstance.py:3131} INFO - Exporting env vars: AIRFLOW_CTX_DAG_OWNER='***' AIRFLOW_CTX_DAG_ID='Reinitialize_Application' AIRFLOW_CTX_TASK_ID='apply_container_restart_docker' AIRFLOW_CTX_EXECUTION_DATE='2025-10-30T07:21:26.544465+00:00' AIRFLOW_CTX_TRY_NUMBER='1' AIRFLOW_CTX_DAG_RUN_ID='manual__2025-10-30T07:21:26.544465+00:00'
[2025-10-30T07:21:29.273+0000] {taskinstance.py:731} INFO - ::endgroup::
[2025-10-30T07:21:29.341+0000] {docker.py:367} INFO - Starting docker container from image priyanshu01ce/***_chaos:latest
[2025-10-30T07:21:29.939+0000] {docker.py:438} INFO - The container is run as root user. For security, consider using a regular user account.
[2025-10-30T07:21:47.923+0000] {docker.py:438} INFO - 
[2025-10-30T07:21:47.936+0000] {docker.py:438} INFO - total 3464
[2025-10-30T07:21:47.937+0000] {docker.py:438} INFO - drwxr-xr-x 6    1000 1000    4096 Oct 29 06:29 .
[2025-10-30T07:21:47.938+0000] {docker.py:438} INFO - drwxr-xr-x 1 *** root    4096 Sep 26 10:44 ..
[2025-10-30T07:21:47.938+0000] {docker.py:438} INFO - -rw-r--r-- 1    1000 1000    1193 Sep  8 07:02 API_Latency.json
[2025-10-30T07:21:47.939+0000] {docker.py:438} INFO - -rw-r--r-- 1    1000 1000     729 Sep  9 10:30 API_Timeout.json
[2025-10-30T07:21:47.939+0000] {docker.py:438} INFO - -rw-r--r-- 1    1000 1000    1331 Oct  7 18:22 Continuous_Load_Test_Azure.yaml
[2025-10-30T07:21:47.940+0000] {docker.py:438} INFO - -rw-r--r-- 1    1000 1000    1639 Oct 27 04:49 Memory_Stress_Test_Azure.yaml
[2025-10-30T07:21:47.940+0000] {docker.py:438} INFO - -rw-r--r-- 1    1000 1000    1178 Sep 30 18:19 Stress_Test_Azure.yaml
[2025-10-30T07:21:47.942+0000] {docker.py:438} INFO - drwxrwxr-x 2 root    root    4096 Oct 29 06:31 __pycache__
[2025-10-30T07:21:47.942+0000] {docker.py:438} INFO - drwxrwxr-x 5    1000 1000    4096 Oct 21 08:05 chaos_env
[2025-10-30T07:21:47.943+0000] {docker.py:438} INFO - -rw-r--r-- 1    1000 1000    8875 Sep 25 16:54 chaosk6_actions.py
[2025-10-30T07:21:47.943+0000] {docker.py:438} INFO - -rw-rw-r-- 1    1000 1000 2869832 Oct 29 21:49 chaostoolkit.log
[2025-10-30T07:21:47.945+0000] {docker.py:438} INFO - -rw-rw-r-- 1    1000 1000    1421 Oct 23 09:34 check.py
[2025-10-30T07:21:47.945+0000] {docker.py:438} INFO - -rw-r--r-- 1    1000 1000    3213 Sep  9 09:11 combined-sequential.json
[2025-10-30T07:21:47.946+0000] {docker.py:438} INFO - -rwxrwxr-x 1    1000 1000    1489 Oct 27 06:29 complete_chaos_mesh-cleanup.sh
[2025-10-30T07:21:47.946+0000] {docker.py:438} INFO - -rw-r--r-- 1    1000 1000     502 Sep 16 05:31 connection_test_experiment.json
[2025-10-30T07:21:47.948+0000] {docker.py:438} INFO - -rw-rw-r-- 1    1000 1000     692 Oct 24 01:43 container_probe.json
[2025-10-30T07:21:47.948+0000] {docker.py:438} INFO - -rw-rw-r-- 1    1000 1000    2533 Oct 23 09:28 container_probe.yaml
[2025-10-30T07:21:47.949+0000] {docker.py:438} INFO - -rw-r--r-- 1    1000 1000    1420 Sep 24 06:53 container_restart.json
[2025-10-30T07:21:47.949+0000] {docker.py:438} INFO - -rw-r--r-- 1    1000 1000   16452 Sep 26 09:59 container_restart.py
[2025-10-30T07:21:47.949+0000] {docker.py:438} INFO - -rw-r--r-- 1    1000 1000    1718 Oct 27 05:00 container_restart_Azure.yaml
[2025-10-30T07:21:47.950+0000] {docker.py:438} INFO - -rw-r--r-- 1    1000 1000    1409 Sep 18 12:30 continuous_load_test.json
[2025-10-30T07:21:47.950+0000] {docker.py:438} INFO - -rw-r--r-- 1    1000 1000    1637 Sep 25 10:13 cordon-uncordon-node.json
[2025-10-30T07:21:47.951+0000] {docker.py:438} INFO - -rw-r--r-- 1    1000 1000    1637 Sep 25 04:39 cordon_test.json
[2025-10-30T07:21:47.951+0000] {docker.py:438} INFO - -rw-r--r-- 1    1000 1000    1403 Oct 27 05:05 cordon_uncordon_node_Azure.yaml
[2025-10-30T07:21:47.951+0000] {docker.py:438} INFO - -rw-r--r-- 1    1000 1000    1203 Sep 30 06:51 cpu_stress_ng.json
[2025-10-30T07:21:47.954+0000] {docker.py:438} INFO - -rw-r--r-- 1    1000 1000    1760 Oct 21 08:00 db_cleanup.json
[2025-10-30T07:21:47.954+0000] {docker.py:438} INFO - -rw-r--r-- 1    1000 1000    6399 Sep 24 07:40 db_cleanup.py
[2025-10-30T07:21:47.954+0000] {docker.py:438} INFO - -rw-rw-r-- 1    1000 1000    5855 Oct 28 12:27 direct_memory_stress.py
[2025-10-30T07:21:47.955+0000] {docker.py:438} INFO - -rw-r--r-- 1    1000 1000    2488 Oct 29 21:49 journal.json
[2025-10-30T07:21:47.955+0000] {docker.py:438} INFO - -rw-rw-r-- 1 root    root  373658 Oct 29 21:45 k6_continuous_load.log
[2025-10-30T07:21:47.956+0000] {docker.py:438} INFO - -rw-r--r-- 1    1000 1000    3951 Oct 29 21:45 k6_continuous_summary.json
[2025-10-30T07:21:47.956+0000] {docker.py:438} INFO - -rw-r--r-- 1    1000 1000    3433 Sep 25 09:28 k6_summary.json
[2025-10-30T07:21:47.956+0000] {docker.py:438} INFO - -rw-r--r-- 1    1000 1000     989 Sep 30 09:24 kubernetes_actions.json
[2025-10-30T07:21:47.957+0000] {docker.py:438} INFO - -rw-r--r-- 1    1000 1000   10961 Sep 30 09:23 kubernetes_actions.py
[2025-10-30T07:21:47.957+0000] {docker.py:438} INFO - -rw-r--r-- 1    1000 1000     945 Sep 21 16:40 load_test.json
[2025-10-30T07:21:47.959+0000] {docker.py:438} INFO - -rw-r--r-- 1    1000 1000     528 Sep 17 12:13 max_connection_experiment.json
[2025-10-30T07:21:47.959+0000] {docker.py:438} INFO - -rw-r--r-- 1    1000 1000    1227 Sep 13 15:20 memory-stress-rollback.json
[2025-10-30T07:21:47.962+0000] {docker.py:438} INFO - -rw-rw-r-- 1    1000 1000    1066 Oct 29 06:29 memory_stress.json
[2025-10-30T07:21:47.962+0000] {docker.py:438} INFO - -rw-rw-r-- 1    1000 1000    6653 Oct 29 06:18 memory_stress.py
[2025-10-30T07:21:47.964+0000] {docker.py:438} INFO - -rw-r--r-- 1    1000 1000    1421 Sep 29 05:20 mongo_db_container_restart.json
[2025-10-30T07:21:47.964+0000] {docker.py:438} INFO - -rw-r--r-- 1    1000 1000    7586 Sep 18 05:54 mongodb_actions.py
[2025-10-30T07:21:47.964+0000] {docker.py:438} INFO - -rw-r--r-- 1    1000 1000    2136 Sep 18 11:23 mongodb_connection.json
[2025-10-30T07:21:47.965+0000] {docker.py:438} INFO - -rw-r--r-- 1    1000 1000     597 Sep 16 09:17 mongodb_network_latency_experiment.json
[2025-10-30T07:21:47.965+0000] {docker.py:438} INFO - -rw-r--r-- 1    1000 1000    3657 Sep 18 05:42 mongodb_probes.py
[2025-10-30T07:21:47.966+0000] {docker.py:438} INFO - -rw-r--r-- 1    1000 1000    6161 Sep 12 08:04 pod_restart.py
[2025-10-30T07:21:47.966+0000] {docker.py:438} INFO - -rw-r--r-- 1    1000 1000    1497 Sep 30 05:50 redis_config_faults.py
[2025-10-30T07:21:47.967+0000] {docker.py:438} INFO - -rw-r--r-- 1    1000 1000     862 Sep 30 05:50 redis_experiment.json
[2025-10-30T07:21:47.968+0000] {docker.py:438} INFO - -rw-r--r-- 1    1000 1000     945 Sep 18 06:53 redis_load.json
[2025-10-30T07:21:47.968+0000] {docker.py:438} INFO - -rw-r--r-- 1    1000 1000    1609 Oct 27 05:10 redis_memory_stress_Azure.yaml
[2025-10-30T07:21:47.971+0000] {docker.py:438} INFO - -rw-rw-r-- 1    1000 1000    1333 Oct 21 09:39 reinitialize_application.yaml
[2025-10-30T07:21:47.971+0000] {docker.py:438} INFO - -rw-r--r-- 1    1000 1000    1284 Sep 25 10:53 run_load_test_with_cleanup.py
[2025-10-30T07:21:47.971+0000] {docker.py:438} INFO - -rw-rw-r-- 1    1000 1000    1307 Oct 27 10:33 sample_probe.yaml
[2025-10-30T07:21:47.972+0000] {docker.py:438} INFO - drwxr-xr-x 2    1000 1000    4096 Oct 22 06:46 scripts
[2025-10-30T07:21:47.972+0000] {docker.py:438} INFO - -rw-rw-r-- 1    1000 1000     272 Oct 27 08:51 simple-stress-test.yaml
[2025-10-30T07:21:47.976+0000] {docker.py:438} INFO - drwxr-xr-x 4    1000 1000    4096 Sep 30 09:41 socialNetwork
[2025-10-30T07:21:47.977+0000] {docker.py:438} INFO - -rw-r--r-- 1    1000 1000     821 Sep 26 13:20 stress_test.json
[2025-10-30T07:21:47.977+0000] {docker.py:438} INFO - -rw-rw-r-- 1    1000 1000     301 Oct 27 08:46 test-stress-fixed.yaml
[2025-10-30T07:21:47.978+0000] {docker.py:438} INFO - -rw-rw-r-- 1    1000 1000     295 Oct 27 08:49 test_after_fix.yaml
[2025-10-30T07:21:47.978+0000] {docker.py:438} INFO - -rw-r--r-- 1    1000 1000     367 Sep 17 07:24 test_params.json
[2025-10-30T07:21:47.979+0000] {docker.py:438} INFO - Starting Reinitializing the Social Networking Application...
[2025-10-30T07:21:48.889+0000] {docker.py:438} INFO - [32m[2025-10-30 07:21:48 INFO] Validating the experiment's syntax
[2025-10-30T07:21:49.620+0000] {docker.py:438} INFO - [32m[2025-10-30 07:21:49 INFO] Experiment looks valid
[2025-10-30T07:21:49.622+0000] {docker.py:438} INFO - [32m[2025-10-30 07:21:49 INFO] Running experiment: Simple Social Network Reset
[2025-10-30T07:21:49.627+0000] {docker.py:438} INFO - [32m[2025-10-30 07:21:49 INFO] Steady-state strategy: default
[2025-10-30T07:21:49.628+0000] {docker.py:438} INFO - [32m[2025-10-30 07:21:49 INFO] Rollbacks strategy: default
[2025-10-30T07:21:49.629+0000] {docker.py:438} INFO - [32m[2025-10-30 07:21:49 INFO] No steady state hypothesis defined. That's ok, just exploring.
[2025-10-30T07:21:49.629+0000] {docker.py:438} INFO - [32m[2025-10-30 07:21:49 INFO] Playing your experiment's method now...
[2025-10-30T07:21:49.631+0000] {docker.py:438} INFO - [32m[2025-10-30 07:21:49 INFO] Action: complete-reset-and-reinit
[2025-10-30T07:21:49.632+0000] {docker.py:438} INFO - INFO:kubernetes_actions:Starting complete reset and reinitialization...
[2025-10-30T07:21:49.632+0000] {docker.py:438} INFO - INFO:kubernetes_actions:Starting full social network reset...
[2025-10-30T07:21:49.633+0000] {docker.py:438} INFO - INFO:kubernetes_actions:Clearing Redis data...
[2025-10-30T07:21:49.660+0000] {docker.py:438} INFO - INFO:kubernetes_actions:Loaded local Kubernetes config
[2025-10-30T07:21:49.693+0000] {docker.py:438} INFO - INFO:kubernetes_actions:Loaded local Kubernetes config
[2025-10-30T07:21:49.981+0000] {docker.py:438} INFO - INFO:kubernetes_actions:Found running pod: social-graph-redis-64bd79b48b-gpwdg for deployment: social-graph-redis
[2025-10-30T07:21:49.983+0000] {docker.py:438} INFO - INFO:kubernetes_actions:Executing command in pod social-graph-redis-64bd79b48b-gpwdg, container social-graph-redis: redis-cli FLUSHALL
[2025-10-30T07:21:51.428+0000] {docker.py:438} INFO - INFO:kubernetes_actions:Command executed successfully. Output: OK
[2025-10-30T07:21:51.446+0000] {docker.py:438} INFO - INFO:kubernetes_actions:Loaded local Kubernetes config
[2025-10-30T07:21:51.465+0000] {docker.py:438} INFO - INFO:kubernetes_actions:Loaded local Kubernetes config
[2025-10-30T07:21:51.819+0000] {docker.py:438} INFO - INFO:kubernetes_actions:Found running pod: home-timeline-redis-744dd9998f-xqjsk for deployment: home-timeline-redis
[2025-10-30T07:21:51.821+0000] {docker.py:438} INFO - INFO:kubernetes_actions:Executing command in pod home-timeline-redis-744dd9998f-xqjsk, container home-timeline-redis: redis-cli FLUSHALL
[2025-10-30T07:21:53.552+0000] {docker.py:438} INFO - INFO:kubernetes_actions:Command executed successfully. Output: OK
[2025-10-30T07:21:53.569+0000] {docker.py:438} INFO - INFO:kubernetes_actions:Loaded local Kubernetes config
[2025-10-30T07:21:53.587+0000] {docker.py:438} INFO - INFO:kubernetes_actions:Loaded local Kubernetes config
[2025-10-30T07:21:53.877+0000] {docker.py:438} INFO - INFO:kubernetes_actions:Found running pod: user-timeline-redis-7b8f6ff4fb-5s87m for deployment: user-timeline-redis
[2025-10-30T07:21:53.879+0000] {docker.py:438} INFO - INFO:kubernetes_actions:Executing command in pod user-timeline-redis-7b8f6ff4fb-5s87m, container user-timeline-redis: redis-cli FLUSHALL
[2025-10-30T07:21:55.445+0000] {docker.py:438} INFO - INFO:kubernetes_actions:Command executed successfully. Output: OK
[2025-10-30T07:21:55.446+0000] {docker.py:438} INFO - 
[2025-10-30T07:21:55.446+0000] {docker.py:438} INFO - INFO:kubernetes_actions:Clearing Memcached data...
[2025-10-30T07:21:55.464+0000] {docker.py:438} INFO - INFO:kubernetes_actions:Loaded local Kubernetes config
[2025-10-30T07:21:55.488+0000] {docker.py:438} INFO - INFO:kubernetes_actions:Loaded local Kubernetes config
[2025-10-30T07:21:55.770+0000] {docker.py:438} INFO - INFO:kubernetes_actions:Found running pod: post-storage-memcached-67c6cc65cc-j4jdz for deployment: post-storage-memcached
[2025-10-30T07:21:55.771+0000] {docker.py:438} INFO - INFO:kubernetes_actions:Executing command in pod post-storage-memcached-67c6cc65cc-j4jdz, container post-storage-memcached: sh -c echo 'flush_all' | nc localhost 11211
[2025-10-30T07:21:57.141+0000] {docker.py:438} INFO - INFO:kubernetes_actions:Command executed successfully. Output: sh: 1: nc: not found
[2025-10-30T07:21:57.165+0000] {docker.py:438} INFO - INFO:kubernetes_actions:Loaded local Kubernetes config
[2025-10-30T07:21:57.183+0000] {docker.py:438} INFO - INFO:kubernetes_actions:Loaded local Kubernetes config
[2025-10-30T07:21:57.440+0000] {docker.py:438} INFO - INFO:kubernetes_actions:Found running pod: user-memcached-56f89988c-nxdzl for deployment: user-memcached
[2025-10-30T07:21:57.442+0000] {docker.py:438} INFO - INFO:kubernetes_actions:Executing command in pod user-memcached-56f89988c-nxdzl, container user-memcached: sh -c echo 'flush_all' | nc localhost 11211
[2025-10-30T07:21:58.860+0000] {docker.py:438} INFO - INFO:kubernetes_actions:Command executed successfully. Output: sh: 1: nc: not found
[2025-10-30T07:21:58.861+0000] {docker.py:438} INFO - 
[2025-10-30T07:21:58.861+0000] {docker.py:438} INFO - INFO:kubernetes_actions:Dropping MongoDB databases...
[2025-10-30T07:21:58.891+0000] {docker.py:438} INFO - INFO:kubernetes_actions:Loaded local Kubernetes config
[2025-10-30T07:21:58.909+0000] {docker.py:438} INFO - INFO:kubernetes_actions:Loaded local Kubernetes config
[2025-10-30T07:21:59.275+0000] {docker.py:438} INFO - INFO:kubernetes_actions:Found running pod: post-storage-mongodb-7f7657964c-b2fld for deployment: post-storage-mongodb
[2025-10-30T07:21:59.276+0000] {docker.py:438} INFO - INFO:kubernetes_actions:Executing command in pod post-storage-mongodb-7f7657964c-b2fld, container post-storage-mongodb: mongo --eval db.getSiblingDB('post').dropDatabase()
[2025-10-30T07:22:00.904+0000] {docker.py:438} INFO - INFO:kubernetes_actions:Command executed successfully. Output:
[2025-10-30T07:22:00.928+0000] {docker.py:438} INFO - INFO:kubernetes_actions:Loaded local Kubernetes config
[2025-10-30T07:22:00.951+0000] {docker.py:438} INFO - INFO:kubernetes_actions:Loaded local Kubernetes config
[2025-10-30T07:22:01.214+0000] {docker.py:438} INFO - INFO:kubernetes_actions:Found running pod: post-storage-mongodb-7f7657964c-b2fld for deployment: post-storage-mongodb
[2025-10-30T07:22:01.215+0000] {docker.py:438} INFO - INFO:kubernetes_actions:Executing command in pod post-storage-mongodb-7f7657964c-b2fld, container post-storage-mongodb: mongo --eval db.getSiblingDB('READ__ME_TO_RECOVER_YOUR_DATA').dropDatabase()
[2025-10-30T07:22:03.399+0000] {docker.py:438} INFO - INFO:kubernetes_actions:Command executed successfully. Output: MongoDB shell version v4.4.6
[2025-10-30T07:22:03.400+0000] {docker.py:438} INFO - connecting to: mongodb://127.0.0.1:27017/?compressors=disabled&gssapiServiceName=mongodb
[2025-10-30T07:22:03.400+0000] {docker.py:438} INFO - Error: couldn't connect to server 127.0.0.1:27017, connection attempt failed: SocketException: Error connecting to 127.0.0.1:27017 :: caused by :: Connection refused :
[2025-10-30T07:22:03.401+0000] {docker.py:438} INFO - connect@src/mongo/shell/mongo.js:374:17
[2025-10-30T07:22:03.401+0000] {docker.py:438} INFO - @(connect):2:6
[2025-10-30T07:22:03.402+0000] {docker.py:438} INFO - exception: connect failed
[2025-10-30T07:22:03.402+0000] {docker.py:438} INFO - exiting with code 1
[2025-10-30T07:22:03.418+0000] {docker.py:438} INFO - INFO:kubernetes_actions:Loaded local Kubernetes config
[2025-10-30T07:22:03.436+0000] {docker.py:438} INFO - INFO:kubernetes_actions:Loaded local Kubernetes config
[2025-10-30T07:22:03.731+0000] {docker.py:438} INFO - INFO:kubernetes_actions:Found running pod: user-mongodb-f95b7d968-tqlld for deployment: user-mongodb
[2025-10-30T07:22:03.733+0000] {docker.py:438} INFO - INFO:kubernetes_actions:Executing command in pod user-mongodb-f95b7d968-tqlld, container user-mongodb: mongo --eval db.getSiblingDB('user').dropDatabase()
[2025-10-30T07:22:05.540+0000] {docker.py:438} INFO - INFO:kubernetes_actions:Command executed successfully. Output: MongoDB shell version v4.4.6
[2025-10-30T07:22:05.541+0000] {docker.py:438} INFO - connecting to: mongodb://127.0.0.1:27017/?compressors=disabled&gssapiServiceName=mongodb
[2025-10-30T07:22:05.541+0000] {docker.py:438} INFO - Implicit session: session { "id" : UUID("46ec6a8d-949e-4ea3-8026-f5e340211548") }
[2025-10-30T07:22:05.544+0000] {docker.py:438} INFO - MongoDB server version: 4.4.6
[2025-10-30T07:22:05.544+0000] {docker.py:438} INFO - { "dropped" : "user", "ok" : 1 }
[2025-10-30T07:22:05.579+0000] {docker.py:438} INFO - INFO:kubernetes_actions:Loaded local Kubernetes config
[2025-10-30T07:22:05.620+0000] {docker.py:438} INFO - INFO:kubernetes_actions:Loaded local Kubernetes config
[2025-10-30T07:22:05.877+0000] {docker.py:438} INFO - INFO:kubernetes_actions:Found running pod: user-mongodb-f95b7d968-tqlld for deployment: user-mongodb
[2025-10-30T07:22:05.879+0000] {docker.py:438} INFO - INFO:kubernetes_actions:Executing command in pod user-mongodb-f95b7d968-tqlld, container user-mongodb: mongo --eval db.getSiblingDB('READ__ME_TO_RECOVER_YOUR_DATA').dropDatabase()
[2025-10-30T07:22:07.454+0000] {docker.py:438} INFO - INFO:kubernetes_actions:Command executed successfully. Output: MongoDB shell version v4.4.6
[2025-10-30T07:22:07.455+0000] {docker.py:438} INFO - connecting to: mongodb://127.0.0.1:27017/?compressors=disabled&gssapiServiceName=mongodb
[2025-10-30T07:22:07.455+0000] {docker.py:438} INFO - Implicit session: session { "id" : UUID("d3da9e79-3df3-4098-b0bf-1fd642b601f9") }
[2025-10-30T07:22:07.456+0000] {docker.py:438} INFO - MongoDB server version: 4.4.6
[2025-10-30T07:22:07.456+0000] {docker.py:438} INFO - { "ok" : 1 }
[2025-10-30T07:22:07.473+0000] {docker.py:438} INFO - INFO:kubernetes_actions:Loaded local Kubernetes config
[2025-10-30T07:22:07.492+0000] {docker.py:438} INFO - INFO:kubernetes_actions:Loaded local Kubernetes config
[2025-10-30T07:22:07.769+0000] {docker.py:438} INFO - INFO:kubernetes_actions:Found running pod: social-graph-mongodb-77fd77d9f4-jj4vn for deployment: social-graph-mongodb
[2025-10-30T07:22:07.770+0000] {docker.py:438} INFO - INFO:kubernetes_actions:Executing command in pod social-graph-mongodb-77fd77d9f4-jj4vn, container social-graph-mongodb: mongo --eval db.getSiblingDB('social-graph').dropDatabase()
[2025-10-30T07:22:09.351+0000] {docker.py:438} INFO - INFO:kubernetes_actions:Command executed successfully. Output: MongoDB shell version v4.4.6
[2025-10-30T07:22:09.352+0000] {docker.py:438} INFO - connecting to: mongodb://127.0.0.1:27017/?compressors=disabled&gssapiServiceName=mongodb
[2025-10-30T07:22:09.352+0000] {docker.py:438} INFO - Implicit session: session { "id" : UUID("d6aa1e1e-625d-4266-8daa-17d6796fe337") }
[2025-10-30T07:22:09.355+0000] {docker.py:438} INFO - MongoDB server version: 4.4.6
[2025-10-30T07:22:09.355+0000] {docker.py:438} INFO - { "dropped" : "social-graph", "ok" : 1 }
[2025-10-30T07:22:09.370+0000] {docker.py:438} INFO - INFO:kubernetes_actions:Loaded local Kubernetes config
[2025-10-30T07:22:09.388+0000] {docker.py:438} INFO - INFO:kubernetes_actions:Loaded local Kubernetes config
[2025-10-30T07:22:09.722+0000] {docker.py:438} INFO - INFO:kubernetes_actions:Found running pod: social-graph-mongodb-77fd77d9f4-jj4vn for deployment: social-graph-mongodb
[2025-10-30T07:22:09.724+0000] {docker.py:438} INFO - INFO:kubernetes_actions:Executing command in pod social-graph-mongodb-77fd77d9f4-jj4vn, container social-graph-mongodb: mongo --eval db.getSiblingDB('READ__ME_TO_RECOVER_YOUR_DATA').dropDatabase()
[2025-10-30T07:22:11.244+0000] {docker.py:438} INFO - INFO:kubernetes_actions:Command executed successfully. Output: MongoDB shell version v4.4.6
[2025-10-30T07:22:11.245+0000] {docker.py:438} INFO - connecting to: mongodb://127.0.0.1:27017/?compressors=disabled&gssapiServiceName=mongodb
[2025-10-30T07:22:11.245+0000] {docker.py:438} INFO - Implicit session: session { "id" : UUID("8f7d8c3a-01a9-4df0-93d7-cb8c02b581fe") }
[2025-10-30T07:22:11.246+0000] {docker.py:438} INFO - MongoDB server version: 4.4.6
[2025-10-30T07:22:11.246+0000] {docker.py:438} INFO - { "ok" : 1 }
[2025-10-30T07:22:11.263+0000] {docker.py:438} INFO - INFO:kubernetes_actions:Loaded local Kubernetes config
[2025-10-30T07:22:11.281+0000] {docker.py:438} INFO - INFO:kubernetes_actions:Loaded local Kubernetes config
[2025-10-30T07:22:11.541+0000] {docker.py:438} INFO - INFO:kubernetes_actions:Found running pod: user-timeline-mongodb-6ff9797bfc-lz2wj for deployment: user-timeline-mongodb
[2025-10-30T07:22:11.542+0000] {docker.py:438} INFO - INFO:kubernetes_actions:Executing command in pod user-timeline-mongodb-6ff9797bfc-lz2wj, container user-timeline-mongodb: mongo --eval db.getSiblingDB('user-timeline').dropDatabase()
[2025-10-30T07:22:14.003+0000] {docker.py:438} INFO - INFO:kubernetes_actions:Command executed successfully. Output: MongoDB shell version v4.4.6
[2025-10-30T07:22:14.004+0000] {docker.py:438} INFO - connecting to: mongodb://127.0.0.1:27017/?compressors=disabled&gssapiServiceName=mongodb
[2025-10-30T07:22:14.004+0000] {docker.py:438} INFO - Implicit session: session { "id" : UUID("29cd73db-6686-493d-b786-d227a6628ae0") }
[2025-10-30T07:22:14.005+0000] {docker.py:438} INFO - MongoDB server version: 4.4.6
[2025-10-30T07:22:14.005+0000] {docker.py:438} INFO - { "dropped" : "user-timeline", "ok" : 1 }
[2025-10-30T07:22:14.022+0000] {docker.py:438} INFO - INFO:kubernetes_actions:Loaded local Kubernetes config
[2025-10-30T07:22:14.039+0000] {docker.py:438} INFO - INFO:kubernetes_actions:Loaded local Kubernetes config
[2025-10-30T07:22:14.356+0000] {docker.py:438} INFO - INFO:kubernetes_actions:Found running pod: user-timeline-mongodb-6ff9797bfc-lz2wj for deployment: user-timeline-mongodb
[2025-10-30T07:22:14.357+0000] {docker.py:438} INFO - INFO:kubernetes_actions:Executing command in pod user-timeline-mongodb-6ff9797bfc-lz2wj, container user-timeline-mongodb: mongo --eval db.getSiblingDB('READ__ME_TO_RECOVER_YOUR_DATA').dropDatabase()
[2025-10-30T07:22:16.474+0000] {docker.py:438} INFO - INFO:kubernetes_actions:Command executed successfully. Output: MongoDB shell version v4.4.6
[2025-10-30T07:22:16.475+0000] {docker.py:438} INFO - connecting to: mongodb://127.0.0.1:27017/?compressors=disabled&gssapiServiceName=mongodb
[2025-10-30T07:22:16.475+0000] {docker.py:438} INFO - Implicit session: session { "id" : UUID("c9a2f42e-9a26-491b-9582-678c7e0174b2") }
[2025-10-30T07:22:16.476+0000] {docker.py:438} INFO - MongoDB server version: 4.4.6
[2025-10-30T07:22:16.476+0000] {docker.py:438} INFO - { "ok" : 1 }
[2025-10-30T07:22:16.477+0000] {docker.py:438} INFO - 
[2025-10-30T07:22:16.477+0000] {docker.py:438} INFO - INFO:kubernetes_actions:Full social network reset completed
[2025-10-30T07:22:21.492+0000] {docker.py:438} INFO - INFO:kubernetes_actions:Loaded local Kubernetes config
[2025-10-30T07:22:21.493+0000] {docker.py:438} INFO - INFO:kubernetes_actions:Restarting deployment: social-graph-service
[2025-10-30T07:22:21.903+0000] {docker.py:438} INFO - INFO:kubernetes_actions:✅ Successfully restarted social-graph-service
[2025-10-30T07:22:21.905+0000] {docker.py:438} INFO - INFO:kubernetes_actions:Restarting deployment: user-service
[2025-10-30T07:22:22.111+0000] {docker.py:438} INFO - INFO:kubernetes_actions:✅ Successfully restarted user-service
[2025-10-30T07:22:22.112+0000] {docker.py:438} INFO - INFO:kubernetes_actions:Restarting deployment: post-storage-service
[2025-10-30T07:22:22.318+0000] {docker.py:438} INFO - INFO:kubernetes_actions:✅ Successfully restarted post-storage-service
[2025-10-30T07:22:22.319+0000] {docker.py:438} INFO - INFO:kubernetes_actions:Restarting deployment: compose-post-service
[2025-10-30T07:22:22.549+0000] {docker.py:438} INFO - INFO:kubernetes_actions:✅ Successfully restarted compose-post-service
[2025-10-30T07:22:22.551+0000] {docker.py:438} INFO - INFO:kubernetes_actions:Restarting deployment: home-timeline-service
[2025-10-30T07:22:22.777+0000] {docker.py:438} INFO - INFO:kubernetes_actions:✅ Successfully restarted home-timeline-service
[2025-10-30T07:22:22.778+0000] {docker.py:438} INFO - INFO:kubernetes_actions:Restarting deployment: user-timeline-service
[2025-10-30T07:22:23.007+0000] {docker.py:438} INFO - INFO:kubernetes_actions:✅ Successfully restarted user-timeline-service
[2025-10-30T07:22:23.008+0000] {docker.py:438} INFO - INFO:kubernetes_actions:Restarting deployment: nginx-thrift
[2025-10-30T07:22:23.514+0000] {docker.py:438} INFO - INFO:kubernetes_actions:✅ Successfully restarted nginx-thrift
[2025-10-30T07:22:23.515+0000] {docker.py:438} INFO - INFO:kubernetes_actions:Restarting deployment: text-service
[2025-10-30T07:22:23.730+0000] {docker.py:438} INFO - INFO:kubernetes_actions:✅ Successfully restarted text-service
[2025-10-30T07:22:23.731+0000] {docker.py:438} INFO - INFO:kubernetes_actions:Restarting deployment: unique-id-service
[2025-10-30T07:22:23.933+0000] {docker.py:438} INFO - INFO:kubernetes_actions:✅ Successfully restarted unique-id-service
[2025-10-30T07:22:23.934+0000] {docker.py:438} INFO - INFO:kubernetes_actions:Restarting deployment: user-mention-service
[2025-10-30T07:22:24.150+0000] {docker.py:438} INFO - INFO:kubernetes_actions:✅ Successfully restarted user-mention-service
[2025-10-30T07:22:24.151+0000] {docker.py:438} INFO - INFO:kubernetes_actions:Waiting 90 seconds for services to restart...
[2025-10-30T07:23:54.153+0000] {docker.py:438} INFO - INFO:kubernetes_actions:Reinitializing social network data...
[2025-10-30T07:31:19.306+0000] {docker.py:438} INFO - INFO:kubernetes_actions:Social network reinitialization completed successfully
[2025-10-30T07:31:19.308+0000] {docker.py:438} INFO - [32m[2025-10-30 07:31:19 INFO] Let's rollback...
[2025-10-30T07:31:19.310+0000] {docker.py:438} INFO - [32m[2025-10-30 07:31:19 INFO] No declared rollbacks, let's move on.
[2025-10-30T07:31:19.311+0000] {docker.py:438} INFO - [32m[2025-10-30 07:31:19 INFO] Experiment ended with status: completed
[2025-10-30T07:31:19.537+0000] {docker.py:438} INFO - Reinitialized Social Networking APplication successfully
[2025-10-30T07:31:19.960+0000] {taskinstance.py:340} INFO - ::group::Post task execution logs
[2025-10-30T07:31:19.961+0000] {taskinstance.py:352} INFO - Marking task as SUCCESS. dag_id=Reinitialize_Application, task_id=apply_container_restart_docker, run_id=manual__2025-10-30T07:21:26.544465+00:00, execution_date=20251030T072126, start_date=20251030T072128, end_date=20251030T073119
[2025-10-30T07:31:20.023+0000] {local_task_job_runner.py:266} INFO - Task exited with return code 0
[2025-10-30T07:31:20.048+0000] {taskinstance.py:3900} INFO - 0 downstream tasks scheduled from follow-on schedule check
[2025-10-30T07:31:20.054+0000] {local_task_job_runner.py:245} INFO - ::endgroup::
