[2025-11-13T12:31:17.766+0000] {local_task_job_runner.py:123} INFO - ::group::Pre task execution logs
[2025-11-13T12:31:17.818+0000] {taskinstance.py:2612} INFO - Dependencies all met for dep_context=non-requeueable deps ti=<TaskInstance: Reinitialize_Application.apply_container_restart_docker manual__2025-11-13T12:31:15.519655+00:00 [queued]>
[2025-11-13T12:31:17.833+0000] {taskinstance.py:2612} INFO - Dependencies all met for dep_context=requeueable deps ti=<TaskInstance: Reinitialize_Application.apply_container_restart_docker manual__2025-11-13T12:31:15.519655+00:00 [queued]>
[2025-11-13T12:31:17.834+0000] {taskinstance.py:2865} INFO - Starting attempt 1 of 1
[2025-11-13T12:31:17.860+0000] {taskinstance.py:2888} INFO - Executing <Task(DockerOperator): apply_container_restart_docker> on 2025-11-13 12:31:15.519655+00:00
[2025-11-13T12:31:17.885+0000] {standard_task_runner.py:72} INFO - Started process 112 to run task
[2025-11-13T12:31:17.917+0000] {standard_task_runner.py:104} INFO - Running: ['***', 'tasks', 'run', 'Reinitialize_Application', 'apply_container_restart_docker', 'manual__2025-11-13T12:31:15.519655+00:00', '--job-id', '14860', '--raw', '--subdir', 'DAGS_FOLDER/dag_factory.py', '--cfg-path', '/tmp/tmpoy89t30y']
[2025-11-13T12:31:17.922+0000] {standard_task_runner.py:105} INFO - Job 14860: Subtask apply_container_restart_docker
[2025-11-13T12:31:18.038+0000] {task_command.py:467} INFO - Running <TaskInstance: Reinitialize_Application.apply_container_restart_docker manual__2025-11-13T12:31:15.519655+00:00 [running]> on host workflow.y2twbfvcjkaujnl2bmtbxunhcb.cx.internal.cloudapp.net
[2025-11-13T12:31:18.222+0000] {taskinstance.py:3131} INFO - Exporting env vars: AIRFLOW_CTX_DAG_OWNER='***' AIRFLOW_CTX_DAG_ID='Reinitialize_Application' AIRFLOW_CTX_TASK_ID='apply_container_restart_docker' AIRFLOW_CTX_EXECUTION_DATE='2025-11-13T12:31:15.519655+00:00' AIRFLOW_CTX_TRY_NUMBER='1' AIRFLOW_CTX_DAG_RUN_ID='manual__2025-11-13T12:31:15.519655+00:00'
[2025-11-13T12:31:18.225+0000] {taskinstance.py:731} INFO - ::endgroup::
[2025-11-13T12:31:18.309+0000] {docker.py:367} INFO - Starting docker container from image priyanshu01ce/***_chaos:latest
[2025-11-13T12:31:19.086+0000] {docker.py:438} INFO - The container is run as root user. For security, consider using a regular user account.
[2025-11-13T12:31:36.951+0000] {docker.py:438} INFO - 
[2025-11-13T12:31:36.979+0000] {docker.py:438} INFO - total 10364
[2025-11-13T12:31:36.980+0000] {docker.py:438} INFO - drwxr-xr-x 6    1000 1000     4096 Nov 11 11:35 .
[2025-11-13T12:31:36.981+0000] {docker.py:438} INFO - drwxr-xr-x 1 *** root     4096 Sep 26 10:44 ..
[2025-11-13T12:31:36.981+0000] {docker.py:438} INFO - -rw-r--r-- 1    1000 1000     1193 Sep  8 07:02 API_Latency.json
[2025-11-13T12:31:36.983+0000] {docker.py:438} INFO - -rw-r--r-- 1    1000 1000      729 Sep  9 10:30 API_Timeout.json
[2025-11-13T12:31:36.984+0000] {docker.py:438} INFO - -rw-r--r-- 1    1000 1000     1331 Oct  7 18:22 Continuous_Load_Test_Azure.yaml
[2025-11-13T12:31:36.984+0000] {docker.py:438} INFO - -rw-r--r-- 1    1000 1000     1665 Nov 11 09:21 Memory_Stress_Test_Azure.yaml
[2025-11-13T12:31:36.985+0000] {docker.py:438} INFO - -rw-r--r-- 1    1000 1000     1178 Sep 30 18:19 Stress_Test_Azure.yaml
[2025-11-13T12:31:36.985+0000] {docker.py:438} INFO - drwxrwxr-x 2 root    root     4096 Oct 29 06:31 __pycache__
[2025-11-13T12:31:36.987+0000] {docker.py:438} INFO - drwxrwxr-x 5    1000 1000     4096 Oct 21 08:05 chaos_env
[2025-11-13T12:31:36.988+0000] {docker.py:438} INFO - -rw-r--r-- 1    1000 1000     8875 Sep 25 16:54 chaosk6_actions.py
[2025-11-13T12:31:36.988+0000] {docker.py:438} INFO - -rw-rw-r-- 1    1000 1000 10101630 Nov 13 12:20 chaostoolkit.log
[2025-11-13T12:31:36.989+0000] {docker.py:438} INFO - -rw-rw-r-- 1    1000 1000     1421 Oct 23 09:34 check.py
[2025-11-13T12:31:36.989+0000] {docker.py:438} INFO - -rw-r--r-- 1    1000 1000     3213 Sep  9 09:11 combined-sequential.json
[2025-11-13T12:31:36.992+0000] {docker.py:438} INFO - -rwxrwxr-x 1    1000 1000     1489 Oct 27 06:29 complete_chaos_mesh-cleanup.sh
[2025-11-13T12:31:36.993+0000] {docker.py:438} INFO - -rw-r--r-- 1    1000 1000      502 Sep 16 05:31 connection_test_experiment.json
[2025-11-13T12:31:36.993+0000] {docker.py:438} INFO - -rw-rw-r-- 1    1000 1000      692 Oct 24 01:43 container_probe.json
[2025-11-13T12:31:36.994+0000] {docker.py:438} INFO - -rw-rw-r-- 1    1000 1000     2533 Oct 23 09:28 container_probe.yaml
[2025-11-13T12:31:36.994+0000] {docker.py:438} INFO - -rw-r--r-- 1    1000 1000     1420 Sep 24 06:53 container_restart.json
[2025-11-13T12:31:36.996+0000] {docker.py:438} INFO - -rw-r--r-- 1    1000 1000    16452 Sep 26 09:59 container_restart.py
[2025-11-13T12:31:36.997+0000] {docker.py:438} INFO - -rw-r--r-- 1    1000 1000     1744 Nov 11 09:15 container_restart_Azure.yaml
[2025-11-13T12:31:36.997+0000] {docker.py:438} INFO - -rw-r--r-- 1    1000 1000     1409 Sep 18 12:30 continuous_load_test.json
[2025-11-13T12:31:36.998+0000] {docker.py:438} INFO - -rw-r--r-- 1    1000 1000     1637 Sep 25 10:13 cordon-uncordon-node.json
[2025-11-13T12:31:36.998+0000] {docker.py:438} INFO - -rw-r--r-- 1    1000 1000     1637 Sep 25 04:39 cordon_test.json
[2025-11-13T12:31:37.001+0000] {docker.py:438} INFO - -rw-r--r-- 1    1000 1000     1430 Nov 11 09:16 cordon_uncordon_node_Azure.yaml
[2025-11-13T12:31:37.001+0000] {docker.py:438} INFO - -rw-r--r-- 1    1000 1000     1203 Sep 30 06:51 cpu_stress_ng.json
[2025-11-13T12:31:37.002+0000] {docker.py:438} INFO - -rw-r--r-- 1    1000 1000     1760 Oct 21 08:00 db_cleanup.json
[2025-11-13T12:31:37.002+0000] {docker.py:438} INFO - -rw-r--r-- 1    1000 1000     6399 Sep 24 07:40 db_cleanup.py
[2025-11-13T12:31:37.005+0000] {docker.py:438} INFO - -rw-rw-r-- 1    1000 1000     5855 Oct 28 12:27 direct_memory_stress.py
[2025-11-13T12:31:37.005+0000] {docker.py:438} INFO - -rw-r--r-- 1    1000 1000     3294 Nov 13 12:20 journal.json
[2025-11-13T12:31:37.005+0000] {docker.py:438} INFO - -rw-rw-r-- 1    1000 1000        0 Nov 11 11:31 json
[2025-11-13T12:31:37.006+0000] {docker.py:438} INFO - -rw-rw-r-- 1 root    root   208153 Nov 13 12:31 k6_continuous_load.log
[2025-11-13T12:31:37.006+0000] {docker.py:438} INFO - -rw-r--r-- 1    1000 1000     3893 Nov 13 10:00 k6_continuous_summary.json
[2025-11-13T12:31:37.010+0000] {docker.py:438} INFO - -rw-r--r-- 1    1000 1000     3433 Sep 25 09:28 k6_summary.json
[2025-11-13T12:31:37.010+0000] {docker.py:438} INFO - -rw-r--r-- 1    1000 1000      989 Sep 30 09:24 kubernetes_actions.json
[2025-11-13T12:31:37.011+0000] {docker.py:438} INFO - -rw-r--r-- 1    1000 1000    10961 Sep 30 09:23 kubernetes_actions.py
[2025-11-13T12:31:37.011+0000] {docker.py:438} INFO - -rw-r--r-- 1    1000 1000      945 Sep 21 16:40 load_test.json
[2025-11-13T12:31:37.012+0000] {docker.py:438} INFO - -rw-r--r-- 1    1000 1000      528 Sep 17 12:13 max_connection_experiment.json
[2025-11-13T12:31:37.012+0000] {docker.py:438} INFO - -rw-r--r-- 1    1000 1000     1227 Sep 13 15:20 memory-stress-rollback.json
[2025-11-13T12:31:37.013+0000] {docker.py:438} INFO - -rw-rw-r-- 1    1000 1000     1066 Oct 30 12:27 memory_stress.json
[2025-11-13T12:31:37.014+0000] {docker.py:438} INFO - -rw-rw-r-- 1    1000 1000     6653 Oct 29 06:18 memory_stress.py
[2025-11-13T12:31:37.014+0000] {docker.py:438} INFO - -rw-r--r-- 1    1000 1000     1421 Sep 29 05:20 mongo_db_container_restart.json
[2025-11-13T12:31:37.015+0000] {docker.py:438} INFO - -rw-r--r-- 1    1000 1000     7586 Sep 18 05:54 mongodb_actions.py
[2025-11-13T12:31:37.015+0000] {docker.py:438} INFO - -rw-r--r-- 1    1000 1000     2136 Sep 18 11:23 mongodb_connection.json
[2025-11-13T12:31:37.017+0000] {docker.py:438} INFO - -rw-r--r-- 1    1000 1000      597 Sep 16 09:17 mongodb_network_latency_experiment.json
[2025-11-13T12:31:37.017+0000] {docker.py:438} INFO - -rw-r--r-- 1    1000 1000     3657 Sep 18 05:42 mongodb_probes.py
[2025-11-13T12:31:37.018+0000] {docker.py:438} INFO - -rw-r--r-- 1    1000 1000     6161 Sep 12 08:04 pod_restart.py
[2025-11-13T12:31:37.018+0000] {docker.py:438} INFO - -rw-r--r-- 1    1000 1000     1497 Sep 30 05:50 redis_config_faults.py
[2025-11-13T12:31:37.020+0000] {docker.py:438} INFO - -rw-r--r-- 1    1000 1000      862 Sep 30 05:50 redis_experiment.json
[2025-11-13T12:31:37.020+0000] {docker.py:438} INFO - -rw-r--r-- 1    1000 1000      945 Sep 18 06:53 redis_load.json
[2025-11-13T12:31:37.021+0000] {docker.py:438} INFO - -rw-r--r-- 1    1000 1000     1634 Nov 11 09:16 redis_memory_stress_Azure.yaml
[2025-11-13T12:31:37.021+0000] {docker.py:438} INFO - -rw-rw-r-- 1    1000 1000     1333 Oct 21 09:39 reinitialize_application.yaml
[2025-11-13T12:31:37.022+0000] {docker.py:438} INFO - -rw-r--r-- 1    1000 1000     1284 Sep 25 10:53 run_load_test_with_cleanup.py
[2025-11-13T12:31:37.023+0000] {docker.py:438} INFO - -rw-rw-r-- 1    1000 1000     1307 Oct 27 10:33 sample_probe.yaml
[2025-11-13T12:31:37.023+0000] {docker.py:438} INFO - drwxr-xr-x 2    1000 1000     4096 Oct 22 06:46 scripts
[2025-11-13T12:31:37.023+0000] {docker.py:438} INFO - -rw-rw-r-- 1    1000 1000      272 Oct 27 08:51 simple-stress-test.yaml
[2025-11-13T12:31:37.026+0000] {docker.py:438} INFO - drwxr-xr-x 4    1000 1000     4096 Sep 30 09:41 socialNetwork
[2025-11-13T12:31:37.027+0000] {docker.py:438} INFO - -rw-r--r-- 1    1000 1000      821 Sep 26 13:20 stress_test.json
[2025-11-13T12:31:37.027+0000] {docker.py:438} INFO - -rw-rw-r-- 1    1000 1000      301 Oct 27 08:46 test-stress-fixed.yaml
[2025-11-13T12:31:37.028+0000] {docker.py:438} INFO - -rw-rw-r-- 1    1000 1000      295 Oct 27 08:49 test_after_fix.yaml
[2025-11-13T12:31:37.028+0000] {docker.py:438} INFO - -rw-r--r-- 1    1000
[2025-11-13T12:31:37.029+0000] {docker.py:438} INFO - 1000      367 Sep 17 07:24 test_params.json
[2025-11-13T12:31:37.029+0000] {docker.py:438} INFO - Starting Reinitializing the Social Networking Application...
[2025-11-13T12:31:38.075+0000] {docker.py:438} INFO - [32m[2025-11-13 12:31:38 INFO] Validating the experiment's syntax
[2025-11-13T12:31:38.787+0000] {docker.py:438} INFO - [32m[2025-11-13 12:31:38 INFO] Experiment looks valid
[2025-11-13T12:31:38.789+0000] {docker.py:438} INFO - [32m[2025-11-13 12:31:38 INFO] Running experiment: Simple Social Network Reset
[2025-11-13T12:31:38.794+0000] {docker.py:438} INFO - [32m[2025-11-13 12:31:38 INFO] Steady-state strategy: default
[2025-11-13T12:31:38.795+0000] {docker.py:438} INFO - [32m[2025-11-13 12:31:38 INFO] Rollbacks strategy: default
[2025-11-13T12:31:38.796+0000] {docker.py:438} INFO - [32m[2025-11-13 12:31:38 INFO] No steady state hypothesis defined. That's ok, just exploring.
[2025-11-13T12:31:38.797+0000] {docker.py:438} INFO - [32m[2025-11-13 12:31:38 INFO] Playing your experiment's method now...
[2025-11-13T12:31:38.798+0000] {docker.py:438} INFO - [32m[2025-11-13 12:31:38 INFO] Action: complete-reset-and-reinit
[2025-11-13T12:31:38.799+0000] {docker.py:438} INFO - INFO:kubernetes_actions:Starting complete reset and reinitialization...
[2025-11-13T12:31:38.800+0000] {docker.py:438} INFO - INFO:kubernetes_actions:Starting full social network reset...
[2025-11-13T12:31:38.801+0000] {docker.py:438} INFO - INFO:kubernetes_actions:Clearing Redis data...
[2025-11-13T12:31:38.834+0000] {docker.py:438} INFO - INFO:kubernetes_actions:Loaded local Kubernetes config
[2025-11-13T12:31:38.857+0000] {docker.py:438} INFO - INFO:kubernetes_actions:Loaded local Kubernetes config
[2025-11-13T12:31:39.126+0000] {docker.py:438} INFO - INFO:kubernetes_actions:Found running pod: social-graph-redis-64bd79b48b-gpwdg for deployment: social-graph-redis
[2025-11-13T12:31:39.128+0000] {docker.py:438} INFO - INFO:kubernetes_actions:Executing command in pod social-graph-redis-64bd79b48b-gpwdg, container social-graph-redis: redis-cli FLUSHALL
[2025-11-13T12:31:40.573+0000] {docker.py:438} INFO - INFO:kubernetes_actions:Command executed successfully. Output: OK
[2025-11-13T12:31:40.597+0000] {docker.py:438} INFO - INFO:kubernetes_actions:Loaded local Kubernetes config
[2025-11-13T12:31:40.629+0000] {docker.py:438} INFO - INFO:kubernetes_actions:Loaded local Kubernetes config
[2025-11-13T12:31:41.059+0000] {docker.py:438} INFO - INFO:kubernetes_actions:Found running pod: home-timeline-redis-744dd9998f-xqjsk for deployment: home-timeline-redis
[2025-11-13T12:31:41.060+0000] {docker.py:438} INFO - INFO:kubernetes_actions:Executing command in pod home-timeline-redis-744dd9998f-xqjsk, container home-timeline-redis: redis-cli FLUSHALL
[2025-11-13T12:31:42.440+0000] {docker.py:438} INFO - INFO:kubernetes_actions:Command executed successfully. Output: OK
[2025-11-13T12:31:42.463+0000] {docker.py:438} INFO - INFO:kubernetes_actions:Loaded local Kubernetes config
[2025-11-13T12:31:42.491+0000] {docker.py:438} INFO - INFO:kubernetes_actions:Loaded local Kubernetes config
[2025-11-13T12:31:42.809+0000] {docker.py:438} INFO - INFO:kubernetes_actions:Found running pod: user-timeline-redis-7b8f6ff4fb-5s87m for deployment: user-timeline-redis
[2025-11-13T12:31:42.810+0000] {docker.py:438} INFO - INFO:kubernetes_actions:Executing command in pod user-timeline-redis-7b8f6ff4fb-5s87m, container user-timeline-redis: redis-cli FLUSHALL
[2025-11-13T12:31:44.200+0000] {docker.py:438} INFO - INFO:kubernetes_actions:Command executed successfully. Output: OK
[2025-11-13T12:31:44.201+0000] {docker.py:438} INFO - 
[2025-11-13T12:31:44.203+0000] {docker.py:438} INFO - INFO:kubernetes_actions:Clearing Memcached data...
[2025-11-13T12:31:44.224+0000] {docker.py:438} INFO - INFO:kubernetes_actions:Loaded local Kubernetes config
[2025-11-13T12:31:44.247+0000] {docker.py:438} INFO - INFO:kubernetes_actions:Loaded local Kubernetes config
[2025-11-13T12:31:44.535+0000] {docker.py:438} INFO - INFO:kubernetes_actions:Found running pod: post-storage-memcached-67c6cc65cc-j4jdz for deployment: post-storage-memcached
[2025-11-13T12:31:44.537+0000] {docker.py:438} INFO - INFO:kubernetes_actions:Executing command in pod post-storage-memcached-67c6cc65cc-j4jdz, container post-storage-memcached: sh -c echo 'flush_all' | nc localhost 11211
[2025-11-13T12:31:45.946+0000] {docker.py:438} INFO - INFO:kubernetes_actions:Command executed successfully. Output: sh: 1: nc: not found
[2025-11-13T12:31:45.985+0000] {docker.py:438} INFO - INFO:kubernetes_actions:Loaded local Kubernetes config
[2025-11-13T12:31:46.020+0000] {docker.py:438} INFO - INFO:kubernetes_actions:Loaded local Kubernetes config
[2025-11-13T12:31:46.280+0000] {docker.py:438} INFO - INFO:kubernetes_actions:Found running pod: user-memcached-56f89988c-kswck for deployment: user-memcached
[2025-11-13T12:31:46.283+0000] {docker.py:438} INFO - INFO:kubernetes_actions:Executing command in pod user-memcached-56f89988c-kswck, container user-memcached: sh -c echo 'flush_all' | nc localhost 11211
[2025-11-13T12:31:47.662+0000] {docker.py:438} INFO - INFO:kubernetes_actions:Command executed successfully. Output: sh: 1: nc: not found
[2025-11-13T12:31:47.663+0000] {docker.py:438} INFO - 
[2025-11-13T12:31:47.665+0000] {docker.py:438} INFO - INFO:kubernetes_actions:Dropping MongoDB databases...
[2025-11-13T12:31:47.684+0000] {docker.py:438} INFO - INFO:kubernetes_actions:Loaded local Kubernetes config
[2025-11-13T12:31:47.707+0000] {docker.py:438} INFO - INFO:kubernetes_actions:Loaded local Kubernetes config
[2025-11-13T12:31:48.003+0000] {docker.py:438} INFO - INFO:kubernetes_actions:Found running pod: post-storage-mongodb-7f7657964c-b2fld for deployment: post-storage-mongodb
[2025-11-13T12:31:48.004+0000] {docker.py:438} INFO - INFO:kubernetes_actions:Executing command in pod post-storage-mongodb-7f7657964c-b2fld, container post-storage-mongodb: mongo --eval db.getSiblingDB('post').dropDatabase()
[2025-11-13T12:31:49.710+0000] {docker.py:438} INFO - INFO:kubernetes_actions:Command executed successfully. Output: MongoDB shell version v4.4.6
[2025-11-13T12:31:49.711+0000] {docker.py:438} INFO - connecting to: mongodb://127.0.0.1:27017/?compressors=disabled&gssapiServiceName=mongodb
[2025-11-13T12:31:49.711+0000] {docker.py:438} INFO - Implicit session: session { "id" : UUID("4e9b81e5-c9be-4137-a5d5-b73ffc01eedc") }
[2025-11-13T12:31:49.713+0000] {docker.py:438} INFO - MongoDB server version: 4.4.6
[2025-11-13T12:31:49.714+0000] {docker.py:438} INFO - { "dropped" : "post", "ok" : 1 }
[2025-11-13T12:31:49.734+0000] {docker.py:438} INFO - INFO:kubernetes_actions:Loaded local Kubernetes config
[2025-11-13T12:31:49.762+0000] {docker.py:438} INFO - INFO:kubernetes_actions:Loaded local Kubernetes config
[2025-11-13T12:31:50.057+0000] {docker.py:438} INFO - INFO:kubernetes_actions:Found running pod: post-storage-mongodb-7f7657964c-b2fld for deployment: post-storage-mongodb
[2025-11-13T12:31:50.059+0000] {docker.py:438} INFO - INFO:kubernetes_actions:Executing command in pod post-storage-mongodb-7f7657964c-b2fld, container post-storage-mongodb: mongo --eval db.getSiblingDB('READ__ME_TO_RECOVER_YOUR_DATA').dropDatabase()
[2025-11-13T12:31:51.714+0000] {docker.py:438} INFO - INFO:kubernetes_actions:Command executed successfully. Output: MongoDB shell version v4.4.6
[2025-11-13T12:31:51.715+0000] {docker.py:438} INFO - connecting to: mongodb://127.0.0.1:27017/?compressors=disabled&gssapiServiceName=mongodb
[2025-11-13T12:31:51.715+0000] {docker.py:438} INFO - Implicit session: session { "id" : UUID("aad7445b-ab61-4467-9097-7e64a3413196") }
[2025-11-13T12:31:51.718+0000] {docker.py:438} INFO - MongoDB server version: 4.4.6
[2025-11-13T12:31:51.718+0000] {docker.py:438} INFO - { "ok" : 1 }
[2025-11-13T12:31:51.738+0000] {docker.py:438} INFO - INFO:kubernetes_actions:Loaded local Kubernetes config
[2025-11-13T12:31:51.760+0000] {docker.py:438} INFO - INFO:kubernetes_actions:Loaded local Kubernetes config
[2025-11-13T12:31:52.029+0000] {docker.py:438} INFO - INFO:kubernetes_actions:Found running pod: user-mongodb-f95b7d968-tqlld for deployment: user-mongodb
[2025-11-13T12:31:52.030+0000] {docker.py:438} INFO - INFO:kubernetes_actions:Executing command in pod user-mongodb-f95b7d968-tqlld, container user-mongodb: mongo --eval db.getSiblingDB('user').dropDatabase()
[2025-11-13T12:31:52.636+0000] {docker.py:438} INFO - INFO:kubernetes_actions:Command executed successfully. Output: MongoDB shell version v4.4.6
[2025-11-13T12:31:52.637+0000] {docker.py:438} INFO - connecting to: mongodb://127.0.0.1:27017/?compressors=disabled&gssapiServiceName=mongodb
[2025-11-13T12:31:52.637+0000] {docker.py:438} INFO - Implicit session: session { "id" : UUID("aafb3520-7c23-481e-a0c7-d0bab76acdbc") }
[2025-11-13T12:31:52.639+0000] {docker.py:438} INFO - MongoDB server version: 4.4.6
[2025-11-13T12:31:52.639+0000] {docker.py:438} INFO - { "dropped" : "user", "ok" : 1 }
[2025-11-13T12:31:52.661+0000] {docker.py:438} INFO - INFO:kubernetes_actions:Loaded local Kubernetes config
[2025-11-13T12:31:52.683+0000] {docker.py:438} INFO - INFO:kubernetes_actions:Loaded local Kubernetes config
[2025-11-13T12:31:52.957+0000] {docker.py:438} INFO - INFO:kubernetes_actions:Found running pod: user-mongodb-f95b7d968-tqlld for deployment: user-mongodb
[2025-11-13T12:31:52.958+0000] {docker.py:438} INFO - INFO:kubernetes_actions:Executing command in pod user-mongodb-f95b7d968-tqlld, container user-mongodb: mongo --eval db.getSiblingDB('READ__ME_TO_RECOVER_YOUR_DATA').dropDatabase()
[2025-11-13T12:31:53.447+0000] {docker.py:438} INFO - INFO:kubernetes_actions:Command executed successfully. Output: MongoDB shell version v4.4.6
[2025-11-13T12:31:53.449+0000] {docker.py:438} INFO - connecting to: mongodb://127.0.0.1:27017/?compressors=disabled&gssapiServiceName=mongodb
[2025-11-13T12:31:53.449+0000] {docker.py:438} INFO - Implicit session: session { "id" : UUID("c529096a-94ef-4a0e-ac7e-42ceeb4e30aa") }
[2025-11-13T12:31:53.450+0000] {docker.py:438} INFO - MongoDB server version: 4.4.6
[2025-11-13T12:31:53.451+0000] {docker.py:438} INFO - { "ok" : 1 }
[2025-11-13T12:31:53.471+0000] {docker.py:438} INFO - INFO:kubernetes_actions:Loaded local Kubernetes config
[2025-11-13T12:31:53.493+0000] {docker.py:438} INFO - INFO:kubernetes_actions:Loaded local Kubernetes config
[2025-11-13T12:31:53.758+0000] {docker.py:438} INFO - INFO:kubernetes_actions:Found running pod: social-graph-mongodb-77fd77d9f4-jj4vn for deployment: social-graph-mongodb
[2025-11-13T12:31:53.760+0000] {docker.py:438} INFO - INFO:kubernetes_actions:Executing command in pod social-graph-mongodb-77fd77d9f4-jj4vn, container social-graph-mongodb: mongo --eval db.getSiblingDB('social-graph').dropDatabase()
[2025-11-13T12:31:55.340+0000] {docker.py:438} INFO - INFO:kubernetes_actions:Command executed successfully. Output: MongoDB shell version v4.4.6
[2025-11-13T12:31:55.341+0000] {docker.py:438} INFO - connecting to: mongodb://127.0.0.1:27017/?compressors=disabled&gssapiServiceName=mongodb
[2025-11-13T12:31:55.343+0000] {docker.py:438} INFO - Implicit session: session { "id" : UUID("df11855f-136f-441b-bd94-a960359c267a") }
[2025-11-13T12:31:55.343+0000] {docker.py:438} INFO - MongoDB server version: 4.4.6
[2025-11-13T12:31:55.346+0000] {docker.py:438} INFO - { "dropped" : "social-graph", "ok" : 1 }
[2025-11-13T12:31:55.365+0000] {docker.py:438} INFO - INFO:kubernetes_actions:Loaded local Kubernetes config
[2025-11-13T12:31:55.388+0000] {docker.py:438} INFO - INFO:kubernetes_actions:Loaded local Kubernetes config
[2025-11-13T12:31:55.653+0000] {docker.py:438} INFO - INFO:kubernetes_actions:Found running pod: social-graph-mongodb-77fd77d9f4-jj4vn for deployment: social-graph-mongodb
[2025-11-13T12:31:55.654+0000] {docker.py:438} INFO - INFO:kubernetes_actions:Executing command in pod social-graph-mongodb-77fd77d9f4-jj4vn, container social-graph-mongodb: mongo --eval db.getSiblingDB('READ__ME_TO_RECOVER_YOUR_DATA').dropDatabase()
[2025-11-13T12:31:57.150+0000] {docker.py:438} INFO - INFO:kubernetes_actions:Command executed successfully. Output: MongoDB shell version v4.4.6
[2025-11-13T12:31:57.150+0000] {docker.py:438} INFO - connecting to: mongodb://127.0.0.1:27017/?compressors=disabled&gssapiServiceName=mongodb
[2025-11-13T12:31:57.152+0000] {docker.py:438} INFO - Implicit session: session { "id" : UUID("e713f87d-40de-49bf-9aa8-b67a29a5a0a9") }
[2025-11-13T12:31:57.152+0000] {docker.py:438} INFO - MongoDB server version: 4.4.6
[2025-11-13T12:31:57.153+0000] {docker.py:438} INFO - { "ok" : 1 }
[2025-11-13T12:31:57.176+0000] {docker.py:438} INFO - INFO:kubernetes_actions:Loaded local Kubernetes config
[2025-11-13T12:31:57.226+0000] {docker.py:438} INFO - INFO:kubernetes_actions:Loaded local Kubernetes config
[2025-11-13T12:31:57.588+0000] {docker.py:438} INFO - INFO:kubernetes_actions:Found running pod: user-timeline-mongodb-6ff9797bfc-bnf8b for deployment: user-timeline-mongodb
[2025-11-13T12:31:57.589+0000] {docker.py:438} INFO - INFO:kubernetes_actions:Executing command in pod user-timeline-mongodb-6ff9797bfc-bnf8b, container user-timeline-mongodb: mongo --eval db.getSiblingDB('user-timeline').dropDatabase()
[2025-11-13T12:31:59.481+0000] {docker.py:438} INFO - INFO:kubernetes_actions:Command executed successfully. Output: MongoDB shell version v4.4.6
[2025-11-13T12:31:59.483+0000] {docker.py:438} INFO - connecting to: mongodb://127.0.0.1:27017/?compressors=disabled&gssapiServiceName=mongodb
[2025-11-13T12:31:59.483+0000] {docker.py:438} INFO - Implicit session: session { "id" : UUID("9aa17179-2569-4a07-8a06-f0da78221458") }
[2025-11-13T12:31:59.486+0000] {docker.py:438} INFO - MongoDB server version: 4.4.6
[2025-11-13T12:31:59.486+0000] {docker.py:438} INFO - { "dropped" : "user-timeline", "ok" : 1 }
[2025-11-13T12:31:59.506+0000] {docker.py:438} INFO - INFO:kubernetes_actions:Loaded local Kubernetes config
[2025-11-13T12:31:59.529+0000] {docker.py:438} INFO - INFO:kubernetes_actions:Loaded local Kubernetes config
[2025-11-13T12:31:59.880+0000] {docker.py:438} INFO - INFO:kubernetes_actions:Found running pod: user-timeline-mongodb-6ff9797bfc-bnf8b for deployment: user-timeline-mongodb
[2025-11-13T12:31:59.882+0000] {docker.py:438} INFO - INFO:kubernetes_actions:Executing command in pod user-timeline-mongodb-6ff9797bfc-bnf8b, container user-timeline-mongodb: mongo --eval db.getSiblingDB('READ__ME_TO_RECOVER_YOUR_DATA').dropDatabase()
[2025-11-13T12:32:00.685+0000] {docker.py:438} INFO - INFO:kubernetes_actions:Command executed successfully. Output: MongoDB shell version v4.4.6
[2025-11-13T12:32:00.686+0000] {docker.py:438} INFO - connecting to: mongodb://127.0.0.1:27017/?compressors=disabled&gssapiServiceName=mongodb
[2025-11-13T12:32:00.687+0000] {docker.py:438} INFO - Implicit session: session { "id" : UUID("bf1b4493-612e-488a-81a8-25d7290e3e85") }
[2025-11-13T12:32:00.687+0000] {docker.py:438} INFO - MongoDB server version: 4.4.6
[2025-11-13T12:32:00.688+0000] {docker.py:438} INFO - { "ok" : 1 }
[2025-11-13T12:32:00.688+0000] {docker.py:438} INFO - 
[2025-11-13T12:32:00.688+0000] {docker.py:438} INFO - INFO:kubernetes_actions:Full social network reset completed
[2025-11-13T12:32:05.708+0000] {docker.py:438} INFO - INFO:kubernetes_actions:Loaded local Kubernetes config
[2025-11-13T12:32:05.709+0000] {docker.py:438} INFO - INFO:kubernetes_actions:Restarting deployment: social-graph-service
[2025-11-13T12:32:06.152+0000] {docker.py:438} INFO - INFO:kubernetes_actions:✅ Successfully restarted social-graph-service
[2025-11-13T12:32:06.152+0000] {docker.py:438} INFO - INFO:kubernetes_actions:Restarting deployment: user-service
[2025-11-13T12:32:06.345+0000] {docker.py:438} INFO - INFO:kubernetes_actions:✅ Successfully restarted user-service
[2025-11-13T12:32:06.347+0000] {docker.py:438} INFO - INFO:kubernetes_actions:Restarting deployment: post-storage-service
[2025-11-13T12:32:06.531+0000] {docker.py:438} INFO - INFO:kubernetes_actions:✅ Successfully restarted post-storage-service
[2025-11-13T12:32:06.535+0000] {docker.py:438} INFO - INFO:kubernetes_actions:Restarting deployment: compose-post-service
[2025-11-13T12:32:06.748+0000] {docker.py:438} INFO - INFO:kubernetes_actions:✅ Successfully restarted compose-post-service
[2025-11-13T12:32:06.750+0000] {docker.py:438} INFO - INFO:kubernetes_actions:Restarting deployment: home-timeline-service
[2025-11-13T12:32:06.980+0000] {docker.py:438} INFO - INFO:kubernetes_actions:✅ Successfully restarted home-timeline-service
[2025-11-13T12:32:06.982+0000] {docker.py:438} INFO - INFO:kubernetes_actions:Restarting deployment: user-timeline-service
[2025-11-13T12:32:07.190+0000] {docker.py:438} INFO - INFO:kubernetes_actions:✅ Successfully restarted user-timeline-service
[2025-11-13T12:32:07.191+0000] {docker.py:438} INFO - INFO:kubernetes_actions:Restarting deployment: nginx-thrift
[2025-11-13T12:32:07.489+0000] {docker.py:438} INFO - INFO:kubernetes_actions:✅ Successfully restarted nginx-thrift
[2025-11-13T12:32:07.491+0000] {docker.py:438} INFO - INFO:kubernetes_actions:Restarting deployment: text-service
[2025-11-13T12:32:07.758+0000] {docker.py:438} INFO - INFO:kubernetes_actions:✅ Successfully restarted text-service
[2025-11-13T12:32:07.760+0000] {docker.py:438} INFO - INFO:kubernetes_actions:Restarting deployment: unique-id-service
[2025-11-13T12:32:08.028+0000] {docker.py:438} INFO - INFO:kubernetes_actions:✅ Successfully restarted unique-id-service
[2025-11-13T12:32:08.029+0000] {docker.py:438} INFO - INFO:kubernetes_actions:Restarting deployment: user-mention-service
[2025-11-13T12:32:08.223+0000] {docker.py:438} INFO - INFO:kubernetes_actions:✅ Successfully restarted user-mention-service
[2025-11-13T12:32:08.224+0000] {docker.py:438} INFO - INFO:kubernetes_actions:Waiting 90 seconds for services to restart...
[2025-11-13T12:33:38.225+0000] {docker.py:438} INFO - INFO:kubernetes_actions:Reinitializing social network data...
[2025-11-13T12:39:05.307+0000] {docker.py:438} INFO - INFO:kubernetes_actions:Social network reinitialization completed successfully
[2025-11-13T12:39:05.308+0000] {docker.py:438} INFO - [32m[2025-11-13 12:39:05 INFO] Let's rollback...
[2025-11-13T12:39:05.309+0000] {docker.py:438} INFO - [32m[2025-11-13 12:39:05 INFO] No declared rollbacks, let's move on.
[2025-11-13T12:39:05.310+0000] {docker.py:438} INFO - [32m[2025-11-13 12:39:05 INFO] Experiment ended with status: completed
[2025-11-13T12:39:05.430+0000] {docker.py:438} INFO - Reinitialized Social Networking APplication successfully
[2025-11-13T12:39:05.824+0000] {taskinstance.py:340} INFO - ::group::Post task execution logs
[2025-11-13T12:39:05.825+0000] {taskinstance.py:352} INFO - Marking task as SUCCESS. dag_id=Reinitialize_Application, task_id=apply_container_restart_docker, run_id=manual__2025-11-13T12:31:15.519655+00:00, execution_date=20251113T123115, start_date=20251113T123117, end_date=20251113T123905
[2025-11-13T12:39:05.861+0000] {local_task_job_runner.py:266} INFO - Task exited with return code 0
[2025-11-13T12:39:05.876+0000] {taskinstance.py:3900} INFO - 0 downstream tasks scheduled from follow-on schedule check
[2025-11-13T12:39:05.879+0000] {local_task_job_runner.py:245} INFO - ::endgroup::
