[2025-10-01T09:31:48.447+0000] {local_task_job_runner.py:123} INFO - ::group::Pre task execution logs
[2025-10-01T09:31:48.460+0000] {taskinstance.py:2612} INFO - Dependencies all met for dep_context=non-requeueable deps ti=<TaskInstance: Cordon_Uncordon_Node.apply_cordon_uncordon_node scheduled__2025-10-01T06:00:00+00:00 [queued]>
[2025-10-01T09:31:48.468+0000] {taskinstance.py:2612} INFO - Dependencies all met for dep_context=requeueable deps ti=<TaskInstance: Cordon_Uncordon_Node.apply_cordon_uncordon_node scheduled__2025-10-01T06:00:00+00:00 [queued]>
[2025-10-01T09:31:48.468+0000] {taskinstance.py:2865} INFO - Starting attempt 1 of 1
[2025-10-01T09:31:48.480+0000] {taskinstance.py:2888} INFO - Executing <Task(DockerOperator): apply_cordon_uncordon_node> on 2025-10-01 06:00:00+00:00
[2025-10-01T09:31:48.486+0000] {standard_task_runner.py:72} INFO - Started process 209 to run task
[2025-10-01T09:31:48.491+0000] {standard_task_runner.py:104} INFO - Running: ['***', 'tasks', 'run', 'Cordon_Uncordon_Node', 'apply_cordon_uncordon_node', 'scheduled__2025-10-01T06:00:00+00:00', '--job-id', '71', '--raw', '--subdir', 'DAGS_FOLDER/dag_factory.py', '--cfg-path', '/tmp/tmpnnaxz4jy']
[2025-10-01T09:31:48.492+0000] {standard_task_runner.py:105} INFO - Job 71: Subtask apply_cordon_uncordon_node
[2025-10-01T09:31:48.536+0000] {task_command.py:467} INFO - Running <TaskInstance: Cordon_Uncordon_Node.apply_cordon_uncordon_node scheduled__2025-10-01T06:00:00+00:00 [running]> on host workflow.y2twbfvcjkaujnl2bmtbxunhcb.cx.internal.cloudapp.net
[2025-10-01T09:31:48.620+0000] {taskinstance.py:3131} INFO - Exporting env vars: AIRFLOW_CTX_DAG_OWNER='***' AIRFLOW_CTX_DAG_ID='Cordon_Uncordon_Node' AIRFLOW_CTX_TASK_ID='apply_cordon_uncordon_node' AIRFLOW_CTX_EXECUTION_DATE='2025-10-01T06:00:00+00:00' AIRFLOW_CTX_TRY_NUMBER='1' AIRFLOW_CTX_DAG_RUN_ID='scheduled__2025-10-01T06:00:00+00:00'
[2025-10-01T09:31:48.621+0000] {taskinstance.py:731} INFO - ::endgroup::
[2025-10-01T09:31:48.654+0000] {docker.py:367} INFO - Starting docker container from image ***_chaos:latest
[2025-10-01T09:31:48.977+0000] {docker.py:438} INFO - The container is run as root user. For security, consider using a regular user account.
[2025-10-01T09:31:57.600+0000] {docker.py:438} INFO - 
[2025-10-01T09:31:58.257+0000] {docker.py:438} INFO - [32m[2025-10-01 09:31:58 INFO] Validating the experiment's syntax
[2025-10-01T09:31:58.514+0000] {docker.py:438} INFO - [32m[2025-10-01 09:31:58 INFO] Experiment looks valid
[2025-10-01T09:31:58.515+0000] {docker.py:438} INFO - [32m[2025-10-01 09:31:58 INFO] Running experiment: Cordon-Pod Restart Combined Experiment
[2025-10-01T09:31:58.517+0000] {docker.py:438} INFO - [32m[2025-10-01 09:31:58 INFO] Steady-state strategy: default
[2025-10-01T09:31:58.518+0000] {docker.py:438} INFO - [32m[2025-10-01 09:31:58 INFO] Rollbacks strategy: default
[2025-10-01T09:31:58.518+0000] {docker.py:438} INFO - [32m[2025-10-01 09:31:58 INFO] No steady state hypothesis defined. That's ok, just exploring.
[2025-10-01T09:31:58.519+0000] {docker.py:438} INFO - [32m[2025-10-01 09:31:58 INFO] Playing your experiment's method now...
[2025-10-01T09:31:58.519+0000] {docker.py:438} INFO - [32m[2025-10-01 09:31:58 INFO] Action: cordon-nodes
[2025-10-01T09:31:59.561+0000] {docker.py:438} INFO - [32m[2025-10-01 09:31:59 INFO] Action: continuous-pod-restart-during-cordon
[2025-10-01T09:36:45.170+0000] {docker.py:438} INFO - 🚀 Starting continuous pod restart experiment
[2025-10-01T09:36:45.171+0000] {docker.py:438} INFO - 📅 Interval: 20 seconds
[2025-10-01T09:36:45.171+0000] {docker.py:438} INFO - ⏱️  Duration: 300 seconds
[2025-10-01T09:36:45.172+0000] {docker.py:438} INFO - 🎯 Target: app=post-storage-service
[2025-10-01T09:36:45.172+0000] {docker.py:438} INFO - 📍 Namespace: default
[2025-10-01T09:36:45.172+0000] {docker.py:438} INFO - 
[2025-10-01T09:36:45.172+0000] {docker.py:438} INFO - ==================================================
[2025-10-01T09:36:45.172+0000] {docker.py:438} INFO - 🔄 Restart #1 at 2025-10-01 09:31:59
[2025-10-01T09:36:45.173+0000] {docker.py:438} INFO - ==================================================
[2025-10-01T09:36:45.173+0000] {docker.py:438} INFO - Hello world - terminate function started!
[2025-10-01T09:36:45.173+0000] {docker.py:438} INFO - Selecting pods with label_selector: app=post-storage-service
[2025-10-01T09:36:45.173+0000] {docker.py:438} INFO - Found 1 pods initially
[2025-10-01T09:36:45.173+0000] {docker.py:438} INFO - Random selection: 1 pods
[2025-10-01T09:36:45.174+0000] {docker.py:438} INFO - Deleting pod: post-storage-service-786f97cf87-dz4jl
[2025-10-01T09:36:45.174+0000] {docker.py:438} INFO - Deleted 1 pods: ['post-storage-service-786f97cf87-dz4jl']
[2025-10-01T09:36:45.174+0000] {docker.py:438} INFO - ✅ Successfully restarted pods: ['post-storage-service-786f97cf87-dz4jl']
[2025-10-01T09:36:45.174+0000] {docker.py:438} INFO - ⏳ Waiting 20 seconds until next restart...
[2025-10-01T09:36:45.174+0000] {docker.py:438} INFO - 📊 Time remaining: 300 seconds
[2025-10-01T09:36:45.174+0000] {docker.py:438} INFO - 
[2025-10-01T09:36:45.175+0000] {docker.py:438} INFO - ==================================================
[2025-10-01T09:36:45.175+0000] {docker.py:438} INFO - 🔄 Restart #2 at 2025-10-01 09:32:19
[2025-10-01T09:36:45.175+0000] {docker.py:438} INFO - ==================================================
[2025-10-01T09:36:45.175+0000] {docker.py:438} INFO - Hello world - terminate function started!
[2025-10-01T09:36:45.176+0000] {docker.py:438} INFO - Selecting pods with label_selector: app=post-storage-service
[2025-10-01T09:36:45.176+0000] {docker.py:438} INFO - Found 2 pods initially
[2025-10-01T09:36:45.176+0000] {docker.py:438} INFO - Random selection: 1 pods
[2025-10-01T09:36:45.176+0000] {docker.py:438} INFO - Deleting pod: post-storage-service-786f97cf87-dz4jl
[2025-10-01T09:36:45.176+0000] {docker.py:438} INFO - Deleted 1 pods: ['post-storage-service-786f97cf87-dz4jl']
[2025-10-01T09:36:45.177+0000] {docker.py:438} INFO - ✅ Successfully restarted pods: ['post-storage-service-786f97cf87-dz4jl']
[2025-10-01T09:36:45.177+0000] {docker.py:438} INFO - ⏳ Waiting 20 seconds until next restart...
[2025-10-01T09:36:45.177+0000] {docker.py:438} INFO - 📊 Time remaining: 279 seconds
[2025-10-01T09:36:45.177+0000] {docker.py:438} INFO - 
[2025-10-01T09:36:45.177+0000] {docker.py:438} INFO - ==================================================
[2025-10-01T09:36:45.178+0000] {docker.py:438} INFO - 🔄 Restart #3 at 2025-10-01 09:32:40
[2025-10-01T09:36:45.178+0000] {docker.py:438} INFO - ==================================================
[2025-10-01T09:36:45.178+0000] {docker.py:438} INFO - Hello world - terminate function started!
[2025-10-01T09:36:45.178+0000] {docker.py:438} INFO - Selecting pods with label_selector: app=post-storage-service
[2025-10-01T09:36:45.178+0000] {docker.py:438} INFO - Found 1 pods initially
[2025-10-01T09:36:45.179+0000] {docker.py:438} INFO - Random selection: 1 pods
[2025-10-01T09:36:45.179+0000] {docker.py:438} INFO - Deleting pod: post-storage-service-786f97cf87-n9g82
[2025-10-01T09:36:45.179+0000] {docker.py:438} INFO - Deleted 1 pods: ['post-storage-service-786f97cf87-n9g82']
[2025-10-01T09:36:45.179+0000] {docker.py:438} INFO - ✅ Successfully restarted pods: ['post-storage-service-786f97cf87-n9g82']
[2025-10-01T09:36:45.179+0000] {docker.py:438} INFO - ⏳ Waiting 20 seconds until next restart...
[2025-10-01T09:36:45.180+0000] {docker.py:438} INFO - 📊 Time remaining: 259 seconds
[2025-10-01T09:36:45.180+0000] {docker.py:438} INFO - 
[2025-10-01T09:36:45.180+0000] {docker.py:438} INFO - ==================================================
[2025-10-01T09:36:45.180+0000] {docker.py:438} INFO - 🔄 Restart #4 at 2025-10-01 09:33:00
[2025-10-01T09:36:45.180+0000] {docker.py:438} INFO - ==================================================
[2025-10-01T09:36:45.181+0000] {docker.py:438} INFO - Hello world - terminate function started!
[2025-10-01T09:36:45.181+0000] {docker.py:438} INFO - Selecting pods with label_selector: app=post-storage-service
[2025-10-01T09:36:45.181+0000] {docker.py:438} INFO - Found 1 pods initially
[2025-10-01T09:36:45.181+0000] {docker.py:438} INFO - Random selection: 1 pods
[2025-10-01T09:36:45.181+0000] {docker.py:438} INFO - Deleting pod: post-storage-service-786f97cf87-nmrft
[2025-10-01T09:36:45.181+0000] {docker.py:438} INFO - Deleted 1 pods: ['post-storage-service-786f97cf87-nmrft']
[2025-10-01T09:36:45.182+0000] {docker.py:438} INFO - ✅ Successfully restarted pods: ['post-storage-service-786f97cf87-nmrft']
[2025-10-01T09:36:45.182+0000] {docker.py:438} INFO - ⏳ Waiting 20 seconds until next restart...
[2025-10-01T09:36:45.182+0000] {docker.py:438} INFO - 📊 Time remaining: 238 seconds
[2025-10-01T09:36:45.182+0000] {docker.py:438} INFO - 
[2025-10-01T09:36:45.182+0000] {docker.py:438} INFO - ==================================================
[2025-10-01T09:36:45.183+0000] {docker.py:438} INFO - 🔄 Restart #5 at 2025-10-01 09:33:21
[2025-10-01T09:36:45.183+0000] {docker.py:438} INFO - ==================================================
[2025-10-01T09:36:45.183+0000] {docker.py:438} INFO - Hello world - terminate function started!
[2025-10-01T09:36:45.183+0000] {docker.py:438} INFO - Selecting pods with label_selector: app=post-storage-service
[2025-10-01T09:36:45.183+0000] {docker.py:438} INFO - Found 1 pods initially
[2025-10-01T09:36:45.184+0000] {docker.py:438} INFO - Random selection: 1 pods
[2025-10-01T09:36:45.184+0000] {docker.py:438} INFO - Deleting pod: post-storage-service-786f97cf87-2rjwz
[2025-10-01T09:36:45.184+0000] {docker.py:438} INFO - Deleted 1 pods: ['post-storage-service-786f97cf87-2rjwz']
[2025-10-01T09:36:45.184+0000] {docker.py:438} INFO - ✅ Successfully restarted pods: ['post-storage-service-786f97cf87-2rjwz']
[2025-10-01T09:36:45.184+0000] {docker.py:438} INFO - ⏳ Waiting 20 seconds until next restart...
[2025-10-01T09:36:45.185+0000] {docker.py:438} INFO - 📊 Time remaining: 218 seconds
[2025-10-01T09:36:45.185+0000] {docker.py:438} INFO - 
[2025-10-01T09:36:45.185+0000] {docker.py:438} INFO - ==================================================
[2025-10-01T09:36:45.185+0000] {docker.py:438} INFO - 🔄 Restart #6 at 2025-10-01 09:33:41
[2025-10-01T09:36:45.185+0000] {docker.py:438} INFO - ==================================================
[2025-10-01T09:36:45.186+0000] {docker.py:438} INFO - Hello world - terminate function started!
[2025-10-01T09:36:45.186+0000] {docker.py:438} INFO - Selecting pods with label_selector: app=post-storage-service
[2025-10-01T09:36:45.186+0000] {docker.py:438} INFO - Found 1 pods initially
[2025-10-01T09:36:45.186+0000] {docker.py:438} INFO - Random selection: 1 pods
[2025-10-01T09:36:45.186+0000] {docker.py:438} INFO - Deleting pod: post-storage-service-786f97cf87-rthfs
[2025-10-01T09:36:45.187+0000] {docker.py:438} INFO - Deleted 1 pods: ['post-storage-service-786f97cf87-rthfs']
[2025-10-01T09:36:45.187+0000] {docker.py:438} INFO - ✅ Successfully restarted pods: ['post-storage-service-786f97cf87-rthfs']
[2025-10-01T09:36:45.187+0000] {docker.py:438} INFO - ⏳ Waiting 20 seconds until next restart...
[2025-10-01T09:36:45.187+0000] {docker.py:438} INFO - 📊 Time remaining: 198 seconds
[2025-10-01T09:36:45.187+0000] {docker.py:438} INFO - 
[2025-10-01T09:36:45.188+0000] {docker.py:438} INFO - ==================================================
[2025-10-01T09:36:45.188+0000] {docker.py:438} INFO - 🔄 Restart #7 at 2025-10-01 09:34:02
[2025-10-01T09:36:45.188+0000] {docker.py:438} INFO - ==================================================
[2025-10-01T09:36:45.188+0000] {docker.py:438} INFO - Hello world - terminate function started!
[2025-10-01T09:36:45.188+0000] {docker.py:438} INFO - Selecting pods with label_selector: app=post-storage-service
[2025-10-01T09:36:45.189+0000] {docker.py:438} INFO - Found 1 pods initially
[2025-10-01T09:36:45.189+0000] {docker.py:438} INFO - Random selection: 1 pods
[2025-10-01T09:36:45.189+0000] {docker.py:438} INFO - Deleting pod: post-storage-service-786f97cf87-zwprw
[2025-10-01T09:36:45.189+0000] {docker.py:438} INFO - Deleted 1 pods: ['post-storage-service-786f97cf87-zwprw']
[2025-10-01T09:36:45.190+0000] {docker.py:438} INFO - ✅ Successfully restarted pods: ['post-storage-service-786f97cf87-zwprw']
[2025-10-01T09:36:45.190+0000] {docker.py:438} INFO - ⏳ Waiting 20 seconds until next restart...
[2025-10-01T09:36:45.190+0000] {docker.py:438} INFO - 📊 Time remaining: 177 seconds
[2025-10-01T09:36:45.190+0000] {docker.py:438} INFO - 
[2025-10-01T09:36:45.190+0000] {docker.py:438} INFO - ==================================================
[2025-10-01T09:36:45.191+0000] {docker.py:438} INFO - 🔄 Restart #8 at 2025-10-01 09:34:22
[2025-10-01T09:36:45.191+0000] {docker.py:438} INFO - ==================================================
[2025-10-01T09:36:45.191+0000] {docker.py:438} INFO - Hello world - terminate function started!
[2025-10-01T09:36:45.191+0000] {docker.py:438} INFO - Selecting pods with label_selector: app=post-storage-service
[2025-10-01T09:36:45.191+0000] {docker.py:438} INFO - Found 1 pods initially
[2025-10-01T09:36:45.192+0000] {docker.py:438} INFO - Random selection: 1 pods
[2025-10-01T09:36:45.192+0000] {docker.py:438} INFO - Deleting pod: post-storage-service-786f97cf87-wl6l2
[2025-10-01T09:36:45.192+0000] {docker.py:438} INFO - Deleted 1 pods: ['post-storage-service-786f97cf87-wl6l2']
[2025-10-01T09:36:45.192+0000] {docker.py:438} INFO - ✅ Successfully restarted pods: ['post-storage-service-786f97cf87-wl6l2']
[2025-10-01T09:36:45.192+0000] {docker.py:438} INFO - ⏳ Waiting 20 seconds until next restart...
[2025-10-01T09:36:45.193+0000] {docker.py:438} INFO - 📊 Time remaining: 157 seconds
[2025-10-01T09:36:45.193+0000] {docker.py:438} INFO - 
[2025-10-01T09:36:45.193+0000] {docker.py:438} INFO - ==================================================
[2025-10-01T09:36:45.193+0000] {docker.py:438} INFO - 🔄 Restart #9 at 2025-10-01 09:34:42
[2025-10-01T09:36:45.193+0000] {docker.py:438} INFO - ==================================================
[2025-10-01T09:36:45.194+0000] {docker.py:438} INFO - Hello world - terminate function started!
[2025-10-01T09:36:45.194+0000] {docker.py:438} INFO - Selecting pods with label_selector: app=post-storage-service
[2025-10-01T09:36:45.194+0000] {docker.py:438} INFO - Found 1 pods initially
[2025-10-01T09:36:45.195+0000] {docker.py:438} INFO - Random selection: 1 pods
[2025-10-01T09:36:45.195+0000] {docker.py:438} INFO - Deleting pod: post-storage-service-786f97cf87-9gkjv
[2025-10-01T09:36:45.195+0000] {docker.py:438} INFO - Deleted 1 pods: ['post-storage-service-786f97cf87-9gkjv']
[2025-10-01T09:36:45.196+0000] {docker.py:438} INFO - ✅ Successfully restarted pods: ['post-storage-service-786f97cf87-9gkjv']
[2025-10-01T09:36:45.196+0000] {docker.py:438} INFO - ⏳ Waiting 20 seconds until next restart...
[2025-10-01T09:36:45.196+0000] {docker.py:438} INFO - 📊 Time remaining: 136 seconds
[2025-10-01T09:36:45.197+0000] {docker.py:438} INFO - 
[2025-10-01T09:36:45.197+0000] {docker.py:438} INFO - ==================================================
[2025-10-01T09:36:45.197+0000] {docker.py:438} INFO - 🔄 Restart #10 at 2025-10-01 09:35:03
[2025-10-01T09:36:45.198+0000] {docker.py:438} INFO - ==================================================
[2025-10-01T09:36:45.198+0000] {docker.py:438} INFO - Hello world - terminate function started!
[2025-10-01T09:36:45.198+0000] {docker.py:438} INFO - Selecting pods with label_selector: app=post-storage-service
[2025-10-01T09:36:45.198+0000] {docker.py:438} INFO - Found 1 pods initially
[2025-10-01T09:36:45.199+0000] {docker.py:438} INFO - Random selection: 1 pods
[2025-10-01T09:36:45.199+0000] {docker.py:438} INFO - Deleting pod: post-storage-service-786f97cf87-cdhdq
[2025-10-01T09:36:45.199+0000] {docker.py:438} INFO - Deleted 1 pods: ['post-storage-service-786f97cf87-cdhdq']
[2025-10-01T09:36:45.200+0000] {docker.py:438} INFO - ✅ Successfully restarted pods: ['post-storage-service-786f97cf87-cdhdq']
[2025-10-01T09:36:45.200+0000] {docker.py:438} INFO - ⏳ Waiting 20 seconds until next restart...
[2025-10-01T09:36:45.200+0000] {docker.py:438} INFO - 📊 Time remaining: 116 seconds
[2025-10-01T09:36:45.201+0000] {docker.py:438} INFO - 
[2025-10-01T09:36:45.201+0000] {docker.py:438} INFO - ==================================================
[2025-10-01T09:36:45.201+0000] {docker.py:438} INFO - 🔄 Restart #11 at 2025-10-01 09:35:23
[2025-10-01T09:36:45.202+0000] {docker.py:438} INFO - ==================================================
[2025-10-01T09:36:45.202+0000] {docker.py:438} INFO - Hello world - terminate function started!
[2025-10-01T09:36:45.202+0000] {docker.py:438} INFO - Selecting pods with label_selector: app=post-storage-service
[2025-10-01T09:36:45.203+0000] {docker.py:438} INFO - Found 1 pods initially
[2025-10-01T09:36:45.203+0000] {docker.py:438} INFO - Random selection: 1 pods
[2025-10-01T09:36:45.203+0000] {docker.py:438} INFO - Deleting pod: post-storage-service-786f97cf87-d54fp
[2025-10-01T09:36:45.204+0000] {docker.py:438} INFO - Deleted 1 pods: ['post-storage-service-786f97cf87-d54fp']
[2025-10-01T09:36:45.204+0000] {docker.py:438} INFO - ✅ Successfully restarted pods: ['post-storage-service-786f97cf87-d54fp']
[2025-10-01T09:36:45.204+0000] {docker.py:438} INFO - ⏳ Waiting 20 seconds until next restart...
[2025-10-01T09:36:45.205+0000] {docker.py:438} INFO - 📊 Time remaining: 96 seconds
[2025-10-01T09:36:45.205+0000] {docker.py:438} INFO - 
[2025-10-01T09:36:45.205+0000] {docker.py:438} INFO - ==================================================
[2025-10-01T09:36:45.206+0000] {docker.py:438} INFO - 🔄 Restart #12 at 2025-10-01 09:35:43
[2025-10-01T09:36:45.206+0000] {docker.py:438} INFO - ==================================================
[2025-10-01T09:36:45.207+0000] {docker.py:438} INFO - Hello world - terminate function started!
[2025-10-01T09:36:45.208+0000] {docker.py:438} INFO - Selecting pods with label_selector: app=post-storage-service
[2025-10-01T09:36:45.208+0000] {docker.py:438} INFO - Found 1 pods initially
[2025-10-01T09:36:45.208+0000] {docker.py:438} INFO - Random selection: 1 pods
[2025-10-01T09:36:45.209+0000] {docker.py:438} INFO - Deleting pod: post-storage-service-786f97cf87-r9t7v
[2025-10-01T09:36:45.209+0000] {docker.py:438} INFO - Deleted 1 pods: ['post-storage-service-786f97cf87-r9t7v']
[2025-10-01T09:36:45.209+0000] {docker.py:438} INFO - ✅ Successfully restarted pods: ['post-storage-service-786f97cf87-r9t7v']
[2025-10-01T09:36:45.210+0000] {docker.py:438} INFO - ⏳ Waiting 20 seconds until next restart...
[2025-10-01T09:36:45.210+0000] {docker.py:438} INFO - 📊 Time remaining: 75 seconds
[2025-10-01T09:36:45.210+0000] {docker.py:438} INFO - 
[2025-10-01T09:36:45.211+0000] {docker.py:438} INFO - ==================================================
[2025-10-01T09:36:45.211+0000] {docker.py:438} INFO - 🔄 Restart #13 at 2025-10-01 09:36:04
[2025-10-01T09:36:45.211+0000] {docker.py:438} INFO - ==================================================
[2025-10-01T09:36:45.211+0000] {docker.py:438} INFO - Hello world - terminate function started!
[2025-10-01T09:36:45.212+0000] {docker.py:438} INFO - Selecting pods with label_selector: app=post-storage-service
[2025-10-01T09:36:45.212+0000] {docker.py:438} INFO - Found 1 pods initially
[2025-10-01T09:36:45.212+0000] {docker.py:438} INFO - Random selection: 1 pods
[2025-10-01T09:36:45.213+0000] {docker.py:438} INFO - Deleting pod: post-storage-service-786f97cf87-5fr94
[2025-10-01T09:36:45.213+0000] {docker.py:438} INFO - Deleted 1 pods: ['post-storage-service-786f97cf87-5fr94']
[2025-10-01T09:36:45.213+0000] {docker.py:438} INFO - ✅ Successfully restarted pods: ['post-storage-service-786f97cf87-5fr94']
[2025-10-01T09:36:45.214+0000] {docker.py:438} INFO - ⏳ Waiting 20 seconds until next restart...
[2025-10-01T09:36:45.214+0000] {docker.py:438} INFO - 📊 Time remaining: 55 seconds
[2025-10-01T09:36:45.214+0000] {docker.py:438} INFO - 
[2025-10-01T09:36:45.215+0000] {docker.py:438} INFO - ==================================================
[2025-10-01T09:36:45.215+0000] {docker.py:438} INFO - 🔄 Restart #14 at 2025-10-01 09:36:24
[2025-10-01T09:36:45.215+0000] {docker.py:438} INFO - ==================================================
[2025-10-01T09:36:45.216+0000] {docker.py:438} INFO - Hello world - terminate function started!
[2025-10-01T09:36:45.216+0000] {docker.py:438} INFO - Selecting pods with label_selector: app=post-storage-service
[2025-10-01T09:36:45.216+0000] {docker.py:438} INFO - Found 1 pods initially
[2025-10-01T09:36:45.217+0000] {docker.py:438} INFO - Random selection: 1 pods
[2025-10-01T09:36:45.217+0000] {docker.py:438} INFO - Deleting pod: post-storage-service-786f97cf87-j5xjt
[2025-10-01T09:36:45.217+0000] {docker.py:438} INFO - Deleted 1 pods: ['post-storage-service-786f97cf87-j5xjt']
[2025-10-01T09:36:45.218+0000] {docker.py:438} INFO - ✅ Successfully restarted pods: ['post-storage-service-786f97cf87-j5xjt']
[2025-10-01T09:36:45.218+0000] {docker.py:438} INFO - ⏳ Waiting 20 seconds until next restart...
[2025-10-01T09:36:45.218+0000] {docker.py:438} INFO - 📊 Time remaining: 34 seconds
[2025-10-01T09:36:45.219+0000] {docker.py:438} INFO - 
[2025-10-01T09:36:45.219+0000] {docker.py:438} INFO - ==================================================
[2025-10-01T09:36:45.219+0000] {docker.py:438} INFO - 🔄 Restart #15 at 2025-10-01 09:36:45
[2025-10-01T09:36:45.220+0000] {docker.py:438} INFO - ==================================================
[2025-10-01T09:36:45.220+0000] {docker.py:438} INFO - Hello world - terminate function started!
[2025-10-01T09:36:45.220+0000] {docker.py:438} INFO - Selecting pods with label_selector: app=post-storage-service
[2025-10-01T09:36:45.532+0000] {docker.py:438} INFO - [32m[2025-10-01 09:36:45 INFO] Let's rollback...
[2025-10-01T09:36:45.533+0000] {docker.py:438} INFO - [32m[2025-10-01 09:36:45 INFO] Rollback: uncordon-all-nodes
[2025-10-01T09:36:45.534+0000] {docker.py:438} INFO - [32m[2025-10-01 09:36:45 INFO] Action: uncordon-all-nodes
[2025-10-01T09:36:46.496+0000] {docker.py:438} INFO - [32m[2025-10-01 09:36:46 INFO] Experiment ended with status: completed
[2025-10-01T09:36:46.497+0000] {docker.py:438} INFO - Found 1 pods initially
[2025-10-01T09:36:46.497+0000] {docker.py:438} INFO - Random selection: 1 pods
[2025-10-01T09:36:46.497+0000] {docker.py:438} INFO - Deleting pod: post-storage-service-786f97cf87-vg6nt
[2025-10-01T09:36:46.498+0000] {docker.py:438} INFO - Deleted 1 pods: ['post-storage-service-786f97cf87-vg6nt']
[2025-10-01T09:36:46.498+0000] {docker.py:438} INFO - ✅ Successfully restarted pods: ['post-storage-service-786f97cf87-vg6nt']
[2025-10-01T09:36:46.499+0000] {docker.py:438} INFO - ⏰ Less than 20 seconds remaining, stopping experiment
[2025-10-01T09:36:46.499+0000] {docker.py:438} INFO - 
[2025-10-01T09:36:46.499+0000] {docker.py:438} INFO - ==================================================
[2025-10-01T09:36:46.500+0000] {docker.py:438} INFO - 🏁 Experiment Completed!
[2025-10-01T09:36:46.500+0000] {docker.py:438} INFO - ==================================================
[2025-10-01T09:36:46.500+0000] {docker.py:438} INFO - 📈 Total restarts performed: 15
[2025-10-01T09:36:46.500+0000] {docker.py:438} INFO - ⏱️  Total duration: 286 seconds
[2025-10-01T09:36:46.501+0000] {docker.py:438} INFO - 📊 Average interval: 19.1 seconds
[2025-10-01T09:36:46.750+0000] {taskinstance.py:340} INFO - ::group::Post task execution logs
[2025-10-01T09:36:46.751+0000] {taskinstance.py:352} INFO - Marking task as SUCCESS. dag_id=Cordon_Uncordon_Node, task_id=apply_cordon_uncordon_node, run_id=scheduled__2025-10-01T06:00:00+00:00, execution_date=20251001T060000, start_date=20251001T093148, end_date=20251001T093646
[2025-10-01T09:36:46.787+0000] {local_task_job_runner.py:266} INFO - Task exited with return code 0
[2025-10-01T09:36:46.802+0000] {taskinstance.py:3900} INFO - 0 downstream tasks scheduled from follow-on schedule check
[2025-10-01T09:36:46.804+0000] {local_task_job_runner.py:245} INFO - ::endgroup::
