[2025-10-28T06:52:26.481+0000] {local_task_job_runner.py:123} INFO - ::group::Pre task execution logs
[2025-10-28T06:52:26.505+0000] {taskinstance.py:2612} INFO - Dependencies all met for dep_context=non-requeueable deps ti=<TaskInstance: Reinitialize_Application.apply_container_restart_docker manual__2025-10-28T06:52:23.581244+00:00 [queued]>
[2025-10-28T06:52:26.516+0000] {taskinstance.py:2612} INFO - Dependencies all met for dep_context=requeueable deps ti=<TaskInstance: Reinitialize_Application.apply_container_restart_docker manual__2025-10-28T06:52:23.581244+00:00 [queued]>
[2025-10-28T06:52:26.516+0000] {taskinstance.py:2865} INFO - Starting attempt 1 of 1
[2025-10-28T06:52:26.536+0000] {taskinstance.py:2888} INFO - Executing <Task(DockerOperator): apply_container_restart_docker> on 2025-10-28 06:52:23.581244+00:00
[2025-10-28T06:52:26.550+0000] {standard_task_runner.py:72} INFO - Started process 3742 to run task
[2025-10-28T06:52:26.562+0000] {standard_task_runner.py:104} INFO - Running: ['***', 'tasks', 'run', 'Reinitialize_Application', 'apply_container_restart_docker', 'manual__2025-10-28T06:52:23.581244+00:00', '--job-id', '11099', '--raw', '--subdir', 'DAGS_FOLDER/dag_factory.py', '--cfg-path', '/tmp/tmp2ucw3yrt']
[2025-10-28T06:52:26.563+0000] {standard_task_runner.py:105} INFO - Job 11099: Subtask apply_container_restart_docker
[2025-10-28T06:52:26.648+0000] {task_command.py:467} INFO - Running <TaskInstance: Reinitialize_Application.apply_container_restart_docker manual__2025-10-28T06:52:23.581244+00:00 [running]> on host workflow.y2twbfvcjkaujnl2bmtbxunhcb.cx.internal.cloudapp.net
[2025-10-28T06:52:26.813+0000] {taskinstance.py:3131} INFO - Exporting env vars: AIRFLOW_CTX_DAG_OWNER='***' AIRFLOW_CTX_DAG_ID='Reinitialize_Application' AIRFLOW_CTX_TASK_ID='apply_container_restart_docker' AIRFLOW_CTX_EXECUTION_DATE='2025-10-28T06:52:23.581244+00:00' AIRFLOW_CTX_TRY_NUMBER='1' AIRFLOW_CTX_DAG_RUN_ID='manual__2025-10-28T06:52:23.581244+00:00'
[2025-10-28T06:52:26.819+0000] {taskinstance.py:731} INFO - ::endgroup::
[2025-10-28T06:52:26.894+0000] {docker.py:367} INFO - Starting docker container from image priyanshu01ce/***_chaos:latest
[2025-10-28T06:52:27.578+0000] {docker.py:438} INFO - The container is run as root user. For security, consider using a regular user account.
[2025-10-28T06:52:46.487+0000] {docker.py:438} INFO - 
[2025-10-28T06:52:46.502+0000] {docker.py:438} INFO - total 2796
[2025-10-28T06:52:46.503+0000] {docker.py:438} INFO - drwxr-xr-x 6    1000 1000    4096 Oct 27 10:33 .
[2025-10-28T06:52:46.504+0000] {docker.py:438} INFO - drwxr-xr-x 1 *** root    4096 Sep 26 10:44 ..
[2025-10-28T06:52:46.504+0000] {docker.py:438} INFO - -rw-r--r-- 1    1000 1000    1193 Sep  8 07:02 API_Latency.json
[2025-10-28T06:52:46.505+0000] {docker.py:438} INFO - -rw-r--r-- 1    1000 1000     729 Sep  9 10:30 API_Timeout.json
[2025-10-28T06:52:46.505+0000] {docker.py:438} INFO - -rw-r--r-- 1    1000 1000    1331 Oct  7 18:22 Continuous_Load_Test_Azure.yaml
[2025-10-28T06:52:46.506+0000] {docker.py:438} INFO - -rw-r--r-- 1    1000 1000    1639 Oct 27 04:49 Memory_Stress_Test_Azure.yaml
[2025-10-28T06:52:46.506+0000] {docker.py:438} INFO - -rw-r--r-- 1    1000 1000    1178 Sep 30 18:19 Stress_Test_Azure.yaml
[2025-10-28T06:52:46.506+0000] {docker.py:438} INFO - drwxrwxr-x 2 root    root    4096 Oct 21 09:41 __pycache__
[2025-10-28T06:52:46.508+0000] {docker.py:438} INFO - drwxrwxr-x 5    1000 1000    4096 Oct 21 08:05 chaos_env
[2025-10-28T06:52:46.508+0000] {docker.py:438} INFO - -rw-r--r-- 1    1000 1000    8875 Sep 25 16:54 chaosk6_actions.py
[2025-10-28T06:52:46.509+0000] {docker.py:438} INFO - -rw-rw-r-- 1    1000 1000 2194017 Oct 27 21:05 chaostoolkit.log
[2025-10-28T06:52:46.510+0000] {docker.py:438} INFO - -rw-rw-r-- 1    1000 1000    1421 Oct 23 09:34 check.py
[2025-10-28T06:52:46.510+0000] {docker.py:438} INFO - -rw-r--r-- 1    1000 1000    3213 Sep  9 09:11 combined-sequential.json
[2025-10-28T06:52:46.511+0000] {docker.py:438} INFO - -rwxrwxr-x 1    1000 1000    1489 Oct 27 06:29 complete_chaos_mesh-cleanup.sh
[2025-10-28T06:52:46.512+0000] {docker.py:438} INFO - -rw-r--r-- 1    1000 1000     502 Sep 16 05:31 connection_test_experiment.json
[2025-10-28T06:52:46.512+0000] {docker.py:438} INFO - -rw-rw-r-- 1    1000 1000     692 Oct 24 01:43 container_probe.json
[2025-10-28T06:52:46.513+0000] {docker.py:438} INFO - -rw-rw-r-- 1    1000 1000    2533 Oct 23 09:28 container_probe.yaml
[2025-10-28T06:52:46.513+0000] {docker.py:438} INFO - -rw-r--r-- 1    1000 1000    1420 Sep 24 06:53 container_restart.json
[2025-10-28T06:52:46.514+0000] {docker.py:438} INFO - -rw-r--r-- 1    1000 1000   16452 Sep 26 09:59 container_restart.py
[2025-10-28T06:52:46.515+0000] {docker.py:438} INFO - -rw-r--r-- 1    1000 1000    1718 Oct 27 05:00 container_restart_Azure.yaml
[2025-10-28T06:52:46.515+0000] {docker.py:438} INFO - -rw-r--r-- 1    1000 1000    1409 Sep 18 12:30 continuous_load_test.json
[2025-10-28T06:52:46.516+0000] {docker.py:438} INFO - -rw-r--r-- 1    1000 1000    1637 Sep 25 10:13 cordon-uncordon-node.json
[2025-10-28T06:52:46.516+0000] {docker.py:438} INFO - -rw-r--r-- 1    1000 1000    1637 Sep 25 04:39 cordon_test.json
[2025-10-28T06:52:46.517+0000] {docker.py:438} INFO - -rw-r--r-- 1    1000 1000    1403 Oct 27 05:05 cordon_uncordon_node_Azure.yaml
[2025-10-28T06:52:46.517+0000] {docker.py:438} INFO - -rw-r--r-- 1    1000 1000    1203 Sep 30 06:51 cpu_stress_ng.json
[2025-10-28T06:52:46.517+0000] {docker.py:438} INFO - -rw-r--r-- 1    1000 1000    1760 Oct 21 08:00 db_cleanup.json
[2025-10-28T06:52:46.518+0000] {docker.py:438} INFO - -rw-r--r-- 1    1000 1000    6399 Sep 24 07:40 db_cleanup.py
[2025-10-28T06:52:46.519+0000] {docker.py:438} INFO - -rw-r--r-- 1    1000 1000    2363 Oct 27 21:05 journal.json
[2025-10-28T06:52:46.519+0000] {docker.py:438} INFO - -rw-rw-r-- 1 root    root  374061 Oct 24 07:00 k6_continuous_load.log
[2025-10-28T06:52:46.520+0000] {docker.py:438} INFO - -rw-r--r-- 1    1000 1000    3937 Oct 24 07:00 k6_continuous_summary.json
[2025-10-28T06:52:46.520+0000] {docker.py:438} INFO - -rw-r--r-- 1    1000 1000    3433 Sep 25 09:28 k6_summary.json
[2025-10-28T06:52:46.521+0000] {docker.py:438} INFO - -rw-r--r-- 1    1000 1000     989 Sep 30 09:24 kubernetes_actions.json
[2025-10-28T06:52:46.522+0000] {docker.py:438} INFO - -rw-r--r-- 1    1000 1000   10961 Sep 30 09:23 kubernetes_actions.py
[2025-10-28T06:52:46.522+0000] {docker.py:438} INFO - -rw-r--r-- 1    1000 1000     945 Sep 21 16:40 load_test.json
[2025-10-28T06:52:46.523+0000] {docker.py:438} INFO - -rw-r--r-- 1    1000 1000     528 Sep 17 12:13 max_connection_experiment.json
[2025-10-28T06:52:46.523+0000] {docker.py:438} INFO - -rw-r--r-- 1    1000 1000    1227 Sep 13 15:20 memory-stress-rollback.json
[2025-10-28T06:52:46.523+0000] {docker.py:438} INFO - -rw-rw-r-- 1    1000 1000     982 Oct 10 06:38 memory_stress.json
[2025-10-28T06:52:46.524+0000] {docker.py:438} INFO - -rw-rw-r-- 1    1000 1000    4581 Oct 10 06:38 memory_stress.py
[2025-10-28T06:52:46.524+0000] {docker.py:438} INFO - -rw-r--r-- 1    1000 1000    1421 Sep 29 05:20 mongo_db_container_restart.json
[2025-10-28T06:52:46.525+0000] {docker.py:438} INFO - -rw-r--r-- 1    1000 1000    7586 Sep 18 05:54 mongodb_actions.py
[2025-10-28T06:52:46.525+0000] {docker.py:438} INFO - -rw-r--r-- 1    1000 1000    2136 Sep 18 11:23 mongodb_connection.json
[2025-10-28T06:52:46.526+0000] {docker.py:438} INFO - -rw-r--r-- 1    1000 1000     597 Sep 16 09:17 mongodb_network_latency_experiment.json
[2025-10-28T06:52:46.526+0000] {docker.py:438} INFO - -rw-r--r-- 1    1000 1000    3657 Sep 18 05:42 mongodb_probes.py
[2025-10-28T06:52:46.526+0000] {docker.py:438} INFO - -rw-r--r-- 1    1000 1000    6161 Sep 12 08:04 pod_restart.py
[2025-10-28T06:52:46.527+0000] {docker.py:438} INFO - -rw-r--r-- 1    1000 1000    1497 Sep 30 05:50 redis_config_faults.py
[2025-10-28T06:52:46.527+0000] {docker.py:438} INFO - -rw-r--r-- 1    1000 1000     862 Sep 30 05:50 redis_experiment.json
[2025-10-28T06:52:46.528+0000] {docker.py:438} INFO - -rw-r--r-- 1    1000 1000     945 Sep 18 06:53 redis_load.json
[2025-10-28T06:52:46.528+0000] {docker.py:438} INFO - -rw-r--r-- 1    1000 1000    1609 Oct 27 05:10 redis_memory_stress_Azure.yaml
[2025-10-28T06:52:46.529+0000] {docker.py:438} INFO - -rw-rw-r-- 1    1000 1000    1333 Oct 21 09:39 reinitialize_application.yaml
[2025-10-28T06:52:46.529+0000] {docker.py:438} INFO - -rw-r--r-- 1    1000 1000    1284 Sep 25 10:53 run_load_test_with_cleanup.py
[2025-10-28T06:52:46.530+0000] {docker.py:438} INFO - -rw-rw-r-- 1    1000 1000    1307 Oct 27 10:33 sample_probe.yaml
[2025-10-28T06:52:46.530+0000] {docker.py:438} INFO - drwxr-xr-x 2    1000 1000    4096 Oct 22 06:46 scripts
[2025-10-28T06:52:46.531+0000] {docker.py:438} INFO - -rw-rw-r-- 1    1000 1000     272 Oct 27 08:51 simple-stress-test.yaml
[2025-10-28T06:52:46.531+0000] {docker.py:438} INFO - drwxr-xr-x 4    1000 1000    4096 Sep 30 09:41 socialNetwork
[2025-10-28T06:52:46.531+0000] {docker.py:438} INFO - -rw-r--r-- 1    1000 1000     821 Sep 26 13:20 stress_test.json
[2025-10-28T06:52:46.532+0000] {docker.py:438} INFO - -rw-rw-r-- 1    1000 1000     301 Oct 27 08:46 test-stress-fixed.yaml
[2025-10-28T06:52:46.533+0000] {docker.py:438} INFO - -rw-rw-r-- 1    1000 1000     295 Oct 27 08:49 test_after_fix.yaml
[2025-10-28T06:52:46.533+0000] {docker.py:438} INFO - -rw-r--r-- 1    1000 1000     367 Sep 17 07:24 test_params.json
[2025-10-28T06:52:46.534+0000] {docker.py:438} INFO - Starting Reinitializing the Social Networking Application...
[2025-10-28T06:52:47.560+0000] {docker.py:438} INFO - [32m[2025-10-28 06:52:47 INFO] Validating the experiment's syntax
[2025-10-28T06:52:48.074+0000] {docker.py:438} INFO - [32m[2025-10-28 06:52:48 INFO] Experiment looks valid
[2025-10-28T06:52:48.076+0000] {docker.py:438} INFO - [32m[2025-10-28 06:52:48 INFO] Running experiment: Simple Social Network Reset
[2025-10-28T06:52:48.081+0000] {docker.py:438} INFO - [32m[2025-10-28 06:52:48 INFO] Steady-state strategy: default
[2025-10-28T06:52:48.083+0000] {docker.py:438} INFO - [32m[2025-10-28 06:52:48 INFO] Rollbacks strategy: default
[2025-10-28T06:52:48.083+0000] {docker.py:438} INFO - [32m[2025-10-28 06:52:48 INFO] No steady state hypothesis defined. That's ok, just exploring.
[2025-10-28T06:52:48.084+0000] {docker.py:438} INFO - [32m[2025-10-28 06:52:48 INFO] Playing your experiment's method now...
[2025-10-28T06:52:48.085+0000] {docker.py:438} INFO - [32m[2025-10-28 06:52:48 INFO] Action: complete-reset-and-reinit
[2025-10-28T06:52:48.087+0000] {docker.py:438} INFO - INFO:kubernetes_actions:Starting complete reset and reinitialization...
[2025-10-28T06:52:48.087+0000] {docker.py:438} INFO - INFO:kubernetes_actions:Starting full social network reset...
[2025-10-28T06:52:48.088+0000] {docker.py:438} INFO - INFO:kubernetes_actions:Clearing Redis data...
[2025-10-28T06:52:48.124+0000] {docker.py:438} INFO - INFO:kubernetes_actions:Loaded local Kubernetes config
[2025-10-28T06:52:48.142+0000] {docker.py:438} INFO - INFO:kubernetes_actions:Loaded local Kubernetes config
[2025-10-28T06:52:48.415+0000] {docker.py:438} INFO - INFO:kubernetes_actions:Found running pod: social-graph-redis-64bd79b48b-gpwdg for deployment: social-graph-redis
[2025-10-28T06:52:48.417+0000] {docker.py:438} INFO - INFO:kubernetes_actions:Executing command in pod social-graph-redis-64bd79b48b-gpwdg, container social-graph-redis: redis-cli FLUSHALL
[2025-10-28T06:52:49.919+0000] {docker.py:438} INFO - INFO:kubernetes_actions:Command executed successfully. Output: OK
[2025-10-28T06:52:49.936+0000] {docker.py:438} INFO - INFO:kubernetes_actions:Loaded local Kubernetes config
[2025-10-28T06:52:49.954+0000] {docker.py:438} INFO - INFO:kubernetes_actions:Loaded local Kubernetes config
[2025-10-28T06:52:50.212+0000] {docker.py:438} INFO - INFO:kubernetes_actions:Found running pod: home-timeline-redis-744dd9998f-n7vt8 for deployment: home-timeline-redis
[2025-10-28T06:52:50.213+0000] {docker.py:438} INFO - INFO:kubernetes_actions:Executing command in pod home-timeline-redis-744dd9998f-n7vt8, container home-timeline-redis: redis-cli FLUSHALL
[2025-10-28T06:52:51.621+0000] {docker.py:438} INFO - INFO:kubernetes_actions:Command executed successfully. Output: OK
[2025-10-28T06:52:51.638+0000] {docker.py:438} INFO - INFO:kubernetes_actions:Loaded local Kubernetes config
[2025-10-28T06:52:51.691+0000] {docker.py:438} INFO - INFO:kubernetes_actions:Loaded local Kubernetes config
[2025-10-28T06:52:51.948+0000] {docker.py:438} INFO - INFO:kubernetes_actions:Found running pod: user-timeline-redis-7b8f6ff4fb-5s87m for deployment: user-timeline-redis
[2025-10-28T06:52:51.950+0000] {docker.py:438} INFO - INFO:kubernetes_actions:Executing command in pod user-timeline-redis-7b8f6ff4fb-5s87m, container user-timeline-redis: redis-cli FLUSHALL
[2025-10-28T06:52:53.365+0000] {docker.py:438} INFO - INFO:kubernetes_actions:Command executed successfully. Output: OK
[2025-10-28T06:52:53.366+0000] {docker.py:438} INFO - INFO:kubernetes_actions:Clearing Memcached data...
[2025-10-28T06:52:53.428+0000] {docker.py:438} INFO - INFO:kubernetes_actions:Loaded local Kubernetes config
[2025-10-28T06:52:53.454+0000] {docker.py:438} INFO - INFO:kubernetes_actions:Loaded local Kubernetes config
[2025-10-28T06:52:53.739+0000] {docker.py:438} INFO - INFO:kubernetes_actions:Found running pod: post-storage-memcached-67c6cc65cc-j4jdz for deployment: post-storage-memcached
[2025-10-28T06:52:53.741+0000] {docker.py:438} INFO - INFO:kubernetes_actions:Executing command in pod post-storage-memcached-67c6cc65cc-j4jdz, container post-storage-memcached: sh -c echo 'flush_all' | nc localhost 11211
[2025-10-28T06:52:55.173+0000] {docker.py:438} INFO - INFO:kubernetes_actions:Command executed successfully. Output: sh: 1: nc: not found
[2025-10-28T06:52:55.197+0000] {docker.py:438} INFO - INFO:kubernetes_actions:Loaded local Kubernetes config
[2025-10-28T06:52:55.222+0000] {docker.py:438} INFO - INFO:kubernetes_actions:Loaded local Kubernetes config
[2025-10-28T06:52:55.519+0000] {docker.py:438} INFO - INFO:kubernetes_actions:Found running pod: user-memcached-56f89988c-2jq7v for deployment: user-memcached
[2025-10-28T06:52:55.521+0000] {docker.py:438} INFO - INFO:kubernetes_actions:Executing command in pod user-memcached-56f89988c-2jq7v, container user-memcached: sh -c echo 'flush_all' | nc localhost 11211
[2025-10-28T06:52:56.900+0000] {docker.py:438} INFO - INFO:kubernetes_actions:Command executed successfully. Output: sh: 1: nc: not found
[2025-10-28T06:52:56.901+0000] {docker.py:438} INFO - 
[2025-10-28T06:52:56.901+0000] {docker.py:438} INFO - INFO:kubernetes_actions:Dropping MongoDB databases...
[2025-10-28T06:52:56.918+0000] {docker.py:438} INFO - INFO:kubernetes_actions:Loaded local Kubernetes config
[2025-10-28T06:52:57.025+0000] {docker.py:438} INFO - INFO:kubernetes_actions:Loaded local Kubernetes config
[2025-10-28T06:52:57.372+0000] {docker.py:438} INFO - INFO:kubernetes_actions:Found running pod: post-storage-mongodb-7f7657964c-b2fld for deployment: post-storage-mongodb
[2025-10-28T06:52:57.375+0000] {docker.py:438} INFO - INFO:kubernetes_actions:Executing command in pod post-storage-mongodb-7f7657964c-b2fld, container post-storage-mongodb: mongo --eval db.getSiblingDB('post').dropDatabase()
[2025-10-28T06:52:58.921+0000] {docker.py:438} INFO - INFO:kubernetes_actions:Command executed successfully. Output: MongoDB shell version v4.4.6
[2025-10-28T06:52:58.922+0000] {docker.py:438} INFO - connecting to: mongodb://127.0.0.1:27017/?compressors=disabled&gssapiServiceName=mongodb
[2025-10-28T06:52:58.922+0000] {docker.py:438} INFO - Implicit session: session { "id" : UUID("64b6ccea-fa84-46f7-a2c8-e3afb4c578d0") }
[2025-10-28T06:52:58.923+0000] {docker.py:438} INFO - MongoDB server version: 4.4.6
[2025-10-28T06:52:58.923+0000] {docker.py:438} INFO - { "dropped" : "post", "ok" : 1 }
[2025-10-28T06:52:58.940+0000] {docker.py:438} INFO - INFO:kubernetes_actions:Loaded local Kubernetes config
[2025-10-28T06:52:58.962+0000] {docker.py:438} INFO - INFO:kubernetes_actions:Loaded local Kubernetes config
[2025-10-28T06:52:59.242+0000] {docker.py:438} INFO - INFO:kubernetes_actions:Found running pod: post-storage-mongodb-7f7657964c-b2fld for deployment: post-storage-mongodb
[2025-10-28T06:52:59.243+0000] {docker.py:438} INFO - INFO:kubernetes_actions:Executing command in pod post-storage-mongodb-7f7657964c-b2fld, container post-storage-mongodb: mongo --eval db.getSiblingDB('READ__ME_TO_RECOVER_YOUR_DATA').dropDatabase()
[2025-10-28T06:53:00.712+0000] {docker.py:438} INFO - INFO:kubernetes_actions:Command executed successfully. Output: MongoDB shell version v4.4.6
[2025-10-28T06:53:00.713+0000] {docker.py:438} INFO - connecting to: mongodb://127.0.0.1:27017/?compressors=disabled&gssapiServiceName=mongodb
[2025-10-28T06:53:00.713+0000] {docker.py:438} INFO - Implicit session: session { "id" : UUID("4ccb8d58-6a07-4000-85dd-d834980b9cff") }
[2025-10-28T06:53:00.714+0000] {docker.py:438} INFO - MongoDB server version: 4.4.6
[2025-10-28T06:53:00.714+0000] {docker.py:438} INFO - { "ok" : 1 }
[2025-10-28T06:53:00.731+0000] {docker.py:438} INFO - INFO:kubernetes_actions:Loaded local Kubernetes config
[2025-10-28T06:53:00.754+0000] {docker.py:438} INFO - INFO:kubernetes_actions:Loaded local Kubernetes config
[2025-10-28T06:53:01.011+0000] {docker.py:438} INFO - INFO:kubernetes_actions:Found running pod: user-mongodb-f95b7d968-bz9d6 for deployment: user-mongodb
[2025-10-28T06:53:01.013+0000] {docker.py:438} INFO - INFO:kubernetes_actions:Executing command in pod user-mongodb-f95b7d968-bz9d6, container user-mongodb: mongo --eval db.getSiblingDB('user').dropDatabase()
[2025-10-28T06:53:02.544+0000] {docker.py:438} INFO - INFO:kubernetes_actions:Command executed successfully. Output: MongoDB shell version v4.4.6
[2025-10-28T06:53:02.544+0000] {docker.py:438} INFO - connecting to: mongodb://127.0.0.1:27017/?compressors=disabled&gssapiServiceName=mongodb
[2025-10-28T06:53:02.545+0000] {docker.py:438} INFO - Implicit session: session { "id" : UUID("a991beea-8b69-49e1-98fc-44678ca86856") }
[2025-10-28T06:53:02.545+0000] {docker.py:438} INFO - MongoDB server version: 4.4.6
[2025-10-28T06:53:02.546+0000] {docker.py:438} INFO - { "dropped" : "user", "ok" : 1 }
[2025-10-28T06:53:02.564+0000] {docker.py:438} INFO - INFO:kubernetes_actions:Loaded local Kubernetes config
[2025-10-28T06:53:02.582+0000] {docker.py:438} INFO - INFO:kubernetes_actions:Loaded local Kubernetes config
[2025-10-28T06:53:02.869+0000] {docker.py:438} INFO - INFO:kubernetes_actions:Found running pod: user-mongodb-f95b7d968-bz9d6 for deployment: user-mongodb
[2025-10-28T06:53:02.870+0000] {docker.py:438} INFO - INFO:kubernetes_actions:Executing command in pod user-mongodb-f95b7d968-bz9d6, container user-mongodb: mongo --eval db.getSiblingDB('READ__ME_TO_RECOVER_YOUR_DATA').dropDatabase()
[2025-10-28T06:53:04.448+0000] {docker.py:438} INFO - INFO:kubernetes_actions:Command executed successfully. Output: MongoDB shell version v4.4.6
[2025-10-28T06:53:04.449+0000] {docker.py:438} INFO - connecting to: mongodb://127.0.0.1:27017/?compressors=disabled&gssapiServiceName=mongodb
[2025-10-28T06:53:04.449+0000] {docker.py:438} INFO - Implicit session: session { "id" : UUID("6200b0a5-c354-4a5e-95f1-5dd9eb4e4385") }
[2025-10-28T06:53:04.450+0000] {docker.py:438} INFO - MongoDB server version: 4.4.6
[2025-10-28T06:53:04.450+0000] {docker.py:438} INFO - { "ok" : 1 }
[2025-10-28T06:53:04.467+0000] {docker.py:438} INFO - INFO:kubernetes_actions:Loaded local Kubernetes config
[2025-10-28T06:53:04.485+0000] {docker.py:438} INFO - INFO:kubernetes_actions:Loaded local Kubernetes config
[2025-10-28T06:53:04.825+0000] {docker.py:438} INFO - INFO:kubernetes_actions:Found running pod: social-graph-mongodb-77fd77d9f4-jj4vn for deployment: social-graph-mongodb
[2025-10-28T06:53:04.830+0000] {docker.py:438} INFO - INFO:kubernetes_actions:Executing command in pod social-graph-mongodb-77fd77d9f4-jj4vn, container social-graph-mongodb: mongo --eval db.getSiblingDB('social-graph').dropDatabase()
[2025-10-28T06:53:06.437+0000] {docker.py:438} INFO - INFO:kubernetes_actions:Command executed successfully. Output: MongoDB shell version v4.4.6
[2025-10-28T06:53:06.438+0000] {docker.py:438} INFO - connecting to: mongodb://127.0.0.1:27017/?compressors=disabled&gssapiServiceName=mongodb
[2025-10-28T06:53:06.438+0000] {docker.py:438} INFO - Implicit session: session { "id" : UUID("cf145630-216d-4c95-90ba-0c61df69bb04") }
[2025-10-28T06:53:06.439+0000] {docker.py:438} INFO - MongoDB server version: 4.4.6
[2025-10-28T06:53:06.439+0000] {docker.py:438} INFO - { "dropped" : "social-graph", "ok" : 1 }
[2025-10-28T06:53:06.455+0000] {docker.py:438} INFO - INFO:kubernetes_actions:Loaded local Kubernetes config
[2025-10-28T06:53:06.475+0000] {docker.py:438} INFO - INFO:kubernetes_actions:Loaded local Kubernetes config
[2025-10-28T06:53:06.766+0000] {docker.py:438} INFO - INFO:kubernetes_actions:Found running pod: social-graph-mongodb-77fd77d9f4-jj4vn for deployment: social-graph-mongodb
[2025-10-28T06:53:06.767+0000] {docker.py:438} INFO - INFO:kubernetes_actions:Executing command in pod social-graph-mongodb-77fd77d9f4-jj4vn, container social-graph-mongodb: mongo --eval db.getSiblingDB('READ__ME_TO_RECOVER_YOUR_DATA').dropDatabase()
[2025-10-28T06:53:08.347+0000] {docker.py:438} INFO - INFO:kubernetes_actions:Command executed successfully. Output: MongoDB shell version v4.4.6
[2025-10-28T06:53:08.347+0000] {docker.py:438} INFO - connecting to: mongodb://127.0.0.1:27017/?compressors=disabled&gssapiServiceName=mongodb
[2025-10-28T06:53:08.348+0000] {docker.py:438} INFO - Implicit session: session { "id" : UUID("dba5d2cc-66b1-4bed-824c-a11ff51b3a29") }
[2025-10-28T06:53:08.350+0000] {docker.py:438} INFO - MongoDB server version: 4.4.6
[2025-10-28T06:53:08.350+0000] {docker.py:438} INFO - { "ok" : 1 }
[2025-10-28T06:53:08.369+0000] {docker.py:438} INFO - INFO:kubernetes_actions:Loaded local Kubernetes config
[2025-10-28T06:53:08.387+0000] {docker.py:438} INFO - INFO:kubernetes_actions:Loaded local Kubernetes config
[2025-10-28T06:53:08.752+0000] {docker.py:438} INFO - INFO:kubernetes_actions:Found running pod: user-timeline-mongodb-6ff9797bfc-5vgnj for deployment: user-timeline-mongodb
[2025-10-28T06:53:08.753+0000] {docker.py:438} INFO - INFO:kubernetes_actions:Executing command in pod user-timeline-mongodb-6ff9797bfc-5vgnj, container user-timeline-mongodb: mongo --eval db.getSiblingDB('user-timeline').dropDatabase()
[2025-10-28T06:53:11.074+0000] {docker.py:438} INFO - INFO:kubernetes_actions:Command executed successfully. Output: MongoDB shell version v4.4.6
[2025-10-28T06:53:11.075+0000] {docker.py:438} INFO - connecting to: mongodb://127.0.0.1:27017/?compressors=disabled&gssapiServiceName=mongodb
[2025-10-28T06:53:11.075+0000] {docker.py:438} INFO - Implicit session: session { "id" : UUID("1276fe21-6606-4b53-be93-6ab18f515a57") }
[2025-10-28T06:53:11.076+0000] {docker.py:438} INFO - MongoDB server version: 4.4.6
[2025-10-28T06:53:11.076+0000] {docker.py:438} INFO - { "dropped" : "user-timeline", "ok" : 1 }
[2025-10-28T06:53:11.094+0000] {docker.py:438} INFO - INFO:kubernetes_actions:Loaded local Kubernetes config
[2025-10-28T06:53:11.112+0000] {docker.py:438} INFO - INFO:kubernetes_actions:Loaded local Kubernetes config
[2025-10-28T06:53:11.400+0000] {docker.py:438} INFO - INFO:kubernetes_actions:Found running pod: user-timeline-mongodb-6ff9797bfc-5vgnj for deployment: user-timeline-mongodb
[2025-10-28T06:53:11.402+0000] {docker.py:438} INFO - INFO:kubernetes_actions:Executing command in pod user-timeline-mongodb-6ff9797bfc-5vgnj, container user-timeline-mongodb: mongo --eval db.getSiblingDB('READ__ME_TO_RECOVER_YOUR_DATA').dropDatabase()
[2025-10-28T06:53:12.588+0000] {docker.py:438} INFO - INFO:kubernetes_actions:Command executed successfully. Output: MongoDB shell version v4.4.6
[2025-10-28T06:53:12.589+0000] {docker.py:438} INFO - connecting to: mongodb://127.0.0.1:27017/?compressors=disabled&gssapiServiceName=mongodb
[2025-10-28T06:53:12.590+0000] {docker.py:438} INFO - Implicit session: session { "id" : UUID("29cce0b2-7e34-45c6-a271-bdf886f32b06") }
[2025-10-28T06:53:12.590+0000] {docker.py:438} INFO - MongoDB server version: 4.4.6
[2025-10-28T06:53:12.591+0000] {docker.py:438} INFO - { "ok" : 1 }
[2025-10-28T06:53:12.591+0000] {docker.py:438} INFO - 
[2025-10-28T06:53:12.591+0000] {docker.py:438} INFO - INFO:kubernetes_actions:Full social network reset completed
[2025-10-28T06:53:17.607+0000] {docker.py:438} INFO - INFO:kubernetes_actions:Loaded local Kubernetes config
[2025-10-28T06:53:17.608+0000] {docker.py:438} INFO - INFO:kubernetes_actions:Restarting deployment: social-graph-service
[2025-10-28T06:53:18.077+0000] {docker.py:438} INFO - INFO:kubernetes_actions:✅ Successfully restarted social-graph-service
[2025-10-28T06:53:18.078+0000] {docker.py:438} INFO - INFO:kubernetes_actions:Restarting deployment: user-service
[2025-10-28T06:53:18.276+0000] {docker.py:438} INFO - INFO:kubernetes_actions:✅ Successfully restarted user-service
[2025-10-28T06:53:18.277+0000] {docker.py:438} INFO - INFO:kubernetes_actions:Restarting deployment: post-storage-service
[2025-10-28T06:53:18.463+0000] {docker.py:438} INFO - INFO:kubernetes_actions:✅ Successfully restarted post-storage-service
[2025-10-28T06:53:18.464+0000] {docker.py:438} INFO - INFO:kubernetes_actions:Restarting deployment: compose-post-service
[2025-10-28T06:53:18.711+0000] {docker.py:438} INFO - INFO:kubernetes_actions:✅ Successfully restarted compose-post-service
[2025-10-28T06:53:18.713+0000] {docker.py:438} INFO - INFO:kubernetes_actions:Restarting deployment: home-timeline-service
[2025-10-28T06:53:18.900+0000] {docker.py:438} INFO - INFO:kubernetes_actions:✅ Successfully restarted home-timeline-service
[2025-10-28T06:53:18.902+0000] {docker.py:438} INFO - INFO:kubernetes_actions:Restarting deployment: user-timeline-service
[2025-10-28T06:53:19.103+0000] {docker.py:438} INFO - INFO:kubernetes_actions:✅ Successfully restarted user-timeline-service
[2025-10-28T06:53:19.104+0000] {docker.py:438} INFO - INFO:kubernetes_actions:Restarting deployment: nginx-thrift
[2025-10-28T06:53:19.358+0000] {docker.py:438} INFO - INFO:kubernetes_actions:✅ Successfully restarted nginx-thrift
[2025-10-28T06:53:19.360+0000] {docker.py:438} INFO - INFO:kubernetes_actions:Restarting deployment: text-service
[2025-10-28T06:53:19.570+0000] {docker.py:438} INFO - INFO:kubernetes_actions:✅ Successfully restarted text-service
[2025-10-28T06:53:19.571+0000] {docker.py:438} INFO - INFO:kubernetes_actions:Restarting deployment: unique-id-service
[2025-10-28T06:53:19.801+0000] {docker.py:438} INFO - INFO:kubernetes_actions:✅ Successfully restarted unique-id-service
[2025-10-28T06:53:19.803+0000] {docker.py:438} INFO - INFO:kubernetes_actions:Restarting deployment: user-mention-service
[2025-10-28T06:53:19.991+0000] {docker.py:438} INFO - INFO:kubernetes_actions:✅ Successfully restarted user-mention-service
[2025-10-28T06:53:19.992+0000] {docker.py:438} INFO - INFO:kubernetes_actions:Waiting 90 seconds for services to restart...
[2025-10-28T06:54:49.992+0000] {docker.py:438} INFO - INFO:kubernetes_actions:Reinitializing social network data...
[2025-10-28T07:04:25.641+0000] {docker.py:438} INFO - INFO:kubernetes_actions:Social network reinitialization completed successfully
[2025-10-28T07:04:25.643+0000] {docker.py:438} INFO - [32m[2025-10-28 07:04:25 INFO] Let's rollback...
[2025-10-28T07:04:25.644+0000] {docker.py:438} INFO - [32m[2025-10-28 07:04:25 INFO] No declared rollbacks, let's move on.
[2025-10-28T07:04:25.645+0000] {docker.py:438} INFO - [32m[2025-10-28 07:04:25 INFO] Experiment ended with status: completed
[2025-10-28T07:04:25.963+0000] {docker.py:438} INFO - Reinitialized Social Networking APplication successfully
[2025-10-28T07:04:26.377+0000] {taskinstance.py:340} INFO - ::group::Post task execution logs
[2025-10-28T07:04:26.378+0000] {taskinstance.py:352} INFO - Marking task as SUCCESS. dag_id=Reinitialize_Application, task_id=apply_container_restart_docker, run_id=manual__2025-10-28T06:52:23.581244+00:00, execution_date=20251028T065223, start_date=20251028T065226, end_date=20251028T070426
[2025-10-28T07:04:26.485+0000] {local_task_job_runner.py:266} INFO - Task exited with return code 0
[2025-10-28T07:04:26.534+0000] {taskinstance.py:3900} INFO - 0 downstream tasks scheduled from follow-on schedule check
[2025-10-28T07:04:26.543+0000] {local_task_job_runner.py:245} INFO - ::endgroup::
