[2025-10-03T21:00:02.819+0000] {local_task_job_runner.py:123} INFO - ::group::Pre task execution logs
[2025-10-03T21:00:02.859+0000] {taskinstance.py:2612} INFO - Dependencies all met for dep_context=non-requeueable deps ti=<TaskInstance: Cordon_Uncordon_Node.apply_cordon_uncordon_node scheduled__2025-10-03T18:00:00+00:00 [queued]>
[2025-10-03T21:00:02.880+0000] {taskinstance.py:2612} INFO - Dependencies all met for dep_context=requeueable deps ti=<TaskInstance: Cordon_Uncordon_Node.apply_cordon_uncordon_node scheduled__2025-10-03T18:00:00+00:00 [queued]>
[2025-10-03T21:00:02.881+0000] {taskinstance.py:2865} INFO - Starting attempt 1 of 1
[2025-10-03T21:00:02.919+0000] {taskinstance.py:2888} INFO - Executing <Task(DockerOperator): apply_cordon_uncordon_node> on 2025-10-03 18:00:00+00:00
[2025-10-03T21:00:02.940+0000] {standard_task_runner.py:72} INFO - Started process 714 to run task
[2025-10-03T21:00:02.948+0000] {standard_task_runner.py:104} INFO - Running: ['***', 'tasks', 'run', 'Cordon_Uncordon_Node', 'apply_cordon_uncordon_node', 'scheduled__2025-10-03T18:00:00+00:00', '--job-id', '239', '--raw', '--subdir', 'DAGS_FOLDER/dag_factory.py', '--cfg-path', '/tmp/tmplkk686r5']
[2025-10-03T21:00:02.949+0000] {standard_task_runner.py:105} INFO - Job 239: Subtask apply_cordon_uncordon_node
[2025-10-03T21:00:03.081+0000] {task_command.py:467} INFO - Running <TaskInstance: Cordon_Uncordon_Node.apply_cordon_uncordon_node scheduled__2025-10-03T18:00:00+00:00 [running]> on host workflow.y2twbfvcjkaujnl2bmtbxunhcb.cx.internal.cloudapp.net
[2025-10-03T21:00:03.267+0000] {taskinstance.py:3131} INFO - Exporting env vars: AIRFLOW_CTX_DAG_OWNER='***' AIRFLOW_CTX_DAG_ID='Cordon_Uncordon_Node' AIRFLOW_CTX_TASK_ID='apply_cordon_uncordon_node' AIRFLOW_CTX_EXECUTION_DATE='2025-10-03T18:00:00+00:00' AIRFLOW_CTX_TRY_NUMBER='1' AIRFLOW_CTX_DAG_RUN_ID='scheduled__2025-10-03T18:00:00+00:00'
[2025-10-03T21:00:03.270+0000] {taskinstance.py:731} INFO - ::endgroup::
[2025-10-03T21:00:03.355+0000] {docker.py:367} INFO - Starting docker container from image ***_chaos:latest
[2025-10-03T21:00:03.916+0000] {docker.py:438} INFO - The container is run as root user. For security, consider using a regular user account.
[2025-10-03T21:00:25.332+0000] {docker.py:438} INFO - 
[2025-10-03T21:00:26.459+0000] {docker.py:438} INFO - [32m[2025-10-03 21:00:26 INFO] Validating the experiment's syntax
[2025-10-03T21:00:27.392+0000] {docker.py:438} INFO - [32m[2025-10-03 21:00:27 INFO] Experiment looks valid
[2025-10-03T21:00:27.475+0000] {docker.py:438} INFO - [32m[2025-10-03 21:00:27 INFO] Running experiment: Cordon-Pod Restart Combined Experiment
[2025-10-03T21:00:27.482+0000] {docker.py:438} INFO - [32m[2025-10-03 21:00:27 INFO] Steady-state strategy: default
[2025-10-03T21:00:27.482+0000] {docker.py:438} INFO - [32m[2025-10-03 21:00:27 INFO] Rollbacks strategy: default
[2025-10-03T21:00:27.482+0000] {docker.py:438} INFO - [32m[2025-10-03 21:00:27 INFO] No steady state hypothesis defined. That's ok, just exploring.
[2025-10-03T21:00:27.483+0000] {docker.py:438} INFO - [32m[2025-10-03 21:00:27 INFO] Playing your experiment's method now...
[2025-10-03T21:00:27.483+0000] {docker.py:438} INFO - [32m[2025-10-03 21:00:27 INFO] Action: cordon-nodes
[2025-10-03T21:00:28.519+0000] {docker.py:438} INFO - [32m[2025-10-03 21:00:28 INFO] Action: continuous-pod-restart-during-cordon
[2025-10-03T21:05:14.582+0000] {docker.py:438} INFO - 🚀 Starting continuous pod restart experiment
[2025-10-03T21:05:14.582+0000] {docker.py:438} INFO - 📅 Interval: 20 seconds
[2025-10-03T21:05:14.583+0000] {docker.py:438} INFO - ⏱️  Duration: 300 seconds
[2025-10-03T21:05:14.583+0000] {docker.py:438} INFO - 🎯 Target: app=post-storage-service
[2025-10-03T21:05:14.583+0000] {docker.py:438} INFO - 📍 Namespace: default
[2025-10-03T21:05:14.583+0000] {docker.py:438} INFO - 
[2025-10-03T21:05:14.583+0000] {docker.py:438} INFO - ==================================================
[2025-10-03T21:05:14.584+0000] {docker.py:438} INFO - 🔄 Restart #1 at 2025-10-03 21:00:28
[2025-10-03T21:05:14.584+0000] {docker.py:438} INFO - ==================================================
[2025-10-03T21:05:14.584+0000] {docker.py:438} INFO - Hello world - terminate function started!
[2025-10-03T21:05:14.584+0000] {docker.py:438} INFO - Selecting pods with label_selector: app=post-storage-service
[2025-10-03T21:05:14.584+0000] {docker.py:438} INFO - Found 1 pods initially
[2025-10-03T21:05:14.585+0000] {docker.py:438} INFO - Random selection: 1 pods
[2025-10-03T21:05:14.585+0000] {docker.py:438} INFO - Deleting pod: post-storage-service-769cf6947d-r7ncw
[2025-10-03T21:05:14.585+0000] {docker.py:438} INFO - Deleted 1 pods: ['post-storage-service-769cf6947d-r7ncw']
[2025-10-03T21:05:14.585+0000] {docker.py:438} INFO - ✅ Successfully restarted pods: ['post-storage-service-769cf6947d-r7ncw']
[2025-10-03T21:05:14.585+0000] {docker.py:438} INFO - ⏳ Waiting 20 seconds until next restart...
[2025-10-03T21:05:14.586+0000] {docker.py:438} INFO - 📊 Time remaining: 300 seconds
[2025-10-03T21:05:14.586+0000] {docker.py:438} INFO - 
[2025-10-03T21:05:14.586+0000] {docker.py:438} INFO - ==================================================
[2025-10-03T21:05:14.586+0000] {docker.py:438} INFO - 🔄 Restart #2 at 2025-10-03 21:00:48
[2025-10-03T21:05:14.587+0000] {docker.py:438} INFO - ==================================================
[2025-10-03T21:05:14.587+0000] {docker.py:438} INFO - Hello world - terminate function started!
[2025-10-03T21:05:14.587+0000] {docker.py:438} INFO - Selecting pods with label_selector: app=post-storage-service
[2025-10-03T21:05:14.587+0000] {docker.py:438} INFO - Found 2 pods initially
[2025-10-03T21:05:14.587+0000] {docker.py:438} INFO - Random selection: 1 pods
[2025-10-03T21:05:14.587+0000] {docker.py:438} INFO - Deleting pod: post-storage-service-769cf6947d-r7ncw
[2025-10-03T21:05:14.588+0000] {docker.py:438} INFO - Deleted 1 pods: ['post-storage-service-769cf6947d-r7ncw']
[2025-10-03T21:05:14.588+0000] {docker.py:438} INFO - ✅ Successfully restarted pods: ['post-storage-service-769cf6947d-r7ncw']
[2025-10-03T21:05:14.588+0000] {docker.py:438} INFO - ⏳ Waiting 20 seconds until next restart...
[2025-10-03T21:05:14.588+0000] {docker.py:438} INFO - 📊 Time remaining: 279 seconds
[2025-10-03T21:05:14.588+0000] {docker.py:438} INFO - 
[2025-10-03T21:05:14.589+0000] {docker.py:438} INFO - ==================================================
[2025-10-03T21:05:14.589+0000] {docker.py:438} INFO - 🔄 Restart #3 at 2025-10-03 21:01:09
[2025-10-03T21:05:14.589+0000] {docker.py:438} INFO - ==================================================
[2025-10-03T21:05:14.589+0000] {docker.py:438} INFO - Hello world - terminate function started!
[2025-10-03T21:05:14.589+0000] {docker.py:438} INFO - Selecting pods with label_selector: app=post-storage-service
[2025-10-03T21:05:14.590+0000] {docker.py:438} INFO - Found 1 pods initially
[2025-10-03T21:05:14.590+0000] {docker.py:438} INFO - Random selection: 1 pods
[2025-10-03T21:05:14.590+0000] {docker.py:438} INFO - Deleting pod: post-storage-service-769cf6947d-bbbfv
[2025-10-03T21:05:14.590+0000] {docker.py:438} INFO - Deleted 1 pods: ['post-storage-service-769cf6947d-bbbfv']
[2025-10-03T21:05:14.591+0000] {docker.py:438} INFO - ✅ Successfully restarted pods: ['post-storage-service-769cf6947d-bbbfv']
[2025-10-03T21:05:14.591+0000] {docker.py:438} INFO - ⏳ Waiting 20 seconds until next restart...
[2025-10-03T21:05:14.591+0000] {docker.py:438} INFO - 📊 Time remaining: 259 seconds
[2025-10-03T21:05:14.591+0000] {docker.py:438} INFO - 
[2025-10-03T21:05:14.592+0000] {docker.py:438} INFO - ==================================================
[2025-10-03T21:05:14.592+0000] {docker.py:438} INFO - 🔄 Restart #4 at 2025-10-03 21:01:29
[2025-10-03T21:05:14.592+0000] {docker.py:438} INFO - ==================================================
[2025-10-03T21:05:14.593+0000] {docker.py:438} INFO - Hello world - terminate function started!
[2025-10-03T21:05:14.593+0000] {docker.py:438} INFO - Selecting pods with label_selector: app=post-storage-service
[2025-10-03T21:05:14.593+0000] {docker.py:438} INFO - Found 2 pods initially
[2025-10-03T21:05:14.593+0000] {docker.py:438} INFO - Random selection: 1 pods
[2025-10-03T21:05:14.593+0000] {docker.py:438} INFO - Deleting pod: post-storage-service-769cf6947d-bbbfv
[2025-10-03T21:05:14.594+0000] {docker.py:438} INFO - Deleted 1 pods: ['post-storage-service-769cf6947d-bbbfv']
[2025-10-03T21:05:14.594+0000] {docker.py:438} INFO - ✅ Successfully restarted pods: ['post-storage-service-769cf6947d-bbbfv']
[2025-10-03T21:05:14.594+0000] {docker.py:438} INFO - ⏳ Waiting 20 seconds until next restart...
[2025-10-03T21:05:14.594+0000] {docker.py:438} INFO - 📊 Time remaining: 238 seconds
[2025-10-03T21:05:14.595+0000] {docker.py:438} INFO - 
[2025-10-03T21:05:14.595+0000] {docker.py:438} INFO - ==================================================
[2025-10-03T21:05:14.595+0000] {docker.py:438} INFO - 🔄 Restart #5 at 2025-10-03 21:01:50
[2025-10-03T21:05:14.595+0000] {docker.py:438} INFO - ==================================================
[2025-10-03T21:05:14.595+0000] {docker.py:438} INFO - Hello world - terminate function started!
[2025-10-03T21:05:14.596+0000] {docker.py:438} INFO - Selecting pods with label_selector: app=post-storage-service
[2025-10-03T21:05:14.596+0000] {docker.py:438} INFO - Found 1 pods initially
[2025-10-03T21:05:14.596+0000] {docker.py:438} INFO - Random selection: 1 pods
[2025-10-03T21:05:14.596+0000] {docker.py:438} INFO - Deleting pod: post-storage-service-769cf6947d-nphjf
[2025-10-03T21:05:14.597+0000] {docker.py:438} INFO - Deleted 1 pods: ['post-storage-service-769cf6947d-nphjf']
[2025-10-03T21:05:14.597+0000] {docker.py:438} INFO - ✅ Successfully restarted pods: ['post-storage-service-769cf6947d-nphjf']
[2025-10-03T21:05:14.597+0000] {docker.py:438} INFO - ⏳ Waiting 20 seconds until next restart...
[2025-10-03T21:05:14.597+0000] {docker.py:438} INFO - 📊 Time remaining: 218 seconds
[2025-10-03T21:05:14.597+0000] {docker.py:438} INFO - 
[2025-10-03T21:05:14.598+0000] {docker.py:438} INFO - ==================================================
[2025-10-03T21:05:14.598+0000] {docker.py:438} INFO - 🔄 Restart #6 at 2025-10-03 21:02:10
[2025-10-03T21:05:14.598+0000] {docker.py:438} INFO - ==================================================
[2025-10-03T21:05:14.598+0000] {docker.py:438} INFO - Hello world - terminate function started!
[2025-10-03T21:05:14.598+0000] {docker.py:438} INFO - Selecting pods with label_selector: app=post-storage-service
[2025-10-03T21:05:14.599+0000] {docker.py:438} INFO - Found 2 pods initially
[2025-10-03T21:05:14.599+0000] {docker.py:438} INFO - Random selection: 1 pods
[2025-10-03T21:05:14.599+0000] {docker.py:438} INFO - Deleting pod: post-storage-service-769cf6947d-nphjf
[2025-10-03T21:05:14.599+0000] {docker.py:438} INFO - Deleted 1 pods: ['post-storage-service-769cf6947d-nphjf']
[2025-10-03T21:05:14.599+0000] {docker.py:438} INFO - ✅ Successfully restarted pods: ['post-storage-service-769cf6947d-nphjf']
[2025-10-03T21:05:14.600+0000] {docker.py:438} INFO - ⏳ Waiting 20 seconds until next restart...
[2025-10-03T21:05:14.600+0000] {docker.py:438} INFO - 📊 Time remaining: 197 seconds
[2025-10-03T21:05:14.600+0000] {docker.py:438} INFO - 
[2025-10-03T21:05:14.600+0000] {docker.py:438} INFO - ==================================================
[2025-10-03T21:05:14.600+0000] {docker.py:438} INFO - 🔄 Restart #7 at 2025-10-03 21:02:31
[2025-10-03T21:05:14.601+0000] {docker.py:438} INFO - ==================================================
[2025-10-03T21:05:14.601+0000] {docker.py:438} INFO - Hello world - terminate function started!
[2025-10-03T21:05:14.601+0000] {docker.py:438} INFO - Selecting pods with label_selector: app=post-storage-service
[2025-10-03T21:05:14.601+0000] {docker.py:438} INFO - Found 1 pods initially
[2025-10-03T21:05:14.601+0000] {docker.py:438} INFO - Random selection: 1 pods
[2025-10-03T21:05:14.602+0000] {docker.py:438} INFO - Deleting pod: post-storage-service-769cf6947d-ftmcb
[2025-10-03T21:05:14.602+0000] {docker.py:438} INFO - Deleted 1 pods: ['post-storage-service-769cf6947d-ftmcb']
[2025-10-03T21:05:14.602+0000] {docker.py:438} INFO - ✅ Successfully restarted pods: ['post-storage-service-769cf6947d-ftmcb']
[2025-10-03T21:05:14.602+0000] {docker.py:438} INFO - ⏳ Waiting 20 seconds until next restart...
[2025-10-03T21:05:14.602+0000] {docker.py:438} INFO - 📊 Time remaining: 177 seconds
[2025-10-03T21:05:14.603+0000] {docker.py:438} INFO - 
[2025-10-03T21:05:14.603+0000] {docker.py:438} INFO - ==================================================
[2025-10-03T21:05:14.603+0000] {docker.py:438} INFO - 🔄 Restart #8 at 2025-10-03 21:02:51
[2025-10-03T21:05:14.603+0000] {docker.py:438} INFO - ==================================================
[2025-10-03T21:05:14.603+0000] {docker.py:438} INFO - Hello world - terminate function started!
[2025-10-03T21:05:14.604+0000] {docker.py:438} INFO - Selecting pods with label_selector: app=post-storage-service
[2025-10-03T21:05:14.604+0000] {docker.py:438} INFO - Found 2 pods initially
[2025-10-03T21:05:14.604+0000] {docker.py:438} INFO - Random selection: 1 pods
[2025-10-03T21:05:14.604+0000] {docker.py:438} INFO - Deleting pod: post-storage-service-769cf6947d-zdcmc
[2025-10-03T21:05:14.604+0000] {docker.py:438} INFO - Deleted 1 pods: ['post-storage-service-769cf6947d-zdcmc']
[2025-10-03T21:05:14.605+0000] {docker.py:438} INFO - ✅ Successfully restarted pods: ['post-storage-service-769cf6947d-zdcmc']
[2025-10-03T21:05:14.605+0000] {docker.py:438} INFO - ⏳ Waiting 20 seconds until next restart...
[2025-10-03T21:05:14.605+0000] {docker.py:438} INFO - 📊 Time remaining: 157 seconds
[2025-10-03T21:05:14.605+0000] {docker.py:438} INFO - 
[2025-10-03T21:05:14.605+0000] {docker.py:438} INFO - ==================================================
[2025-10-03T21:05:14.606+0000] {docker.py:438} INFO - 🔄 Restart #9 at 2025-10-03 21:03:11
[2025-10-03T21:05:14.606+0000] {docker.py:438} INFO - ==================================================
[2025-10-03T21:05:14.606+0000] {docker.py:438} INFO - Hello world - terminate function started!
[2025-10-03T21:05:14.606+0000] {docker.py:438} INFO - Selecting pods with label_selector: app=post-storage-service
[2025-10-03T21:05:14.606+0000] {docker.py:438} INFO - Found 2 pods initially
[2025-10-03T21:05:14.607+0000] {docker.py:438} INFO - Random selection: 1 pods
[2025-10-03T21:05:14.607+0000] {docker.py:438} INFO - Deleting pod: post-storage-service-769cf6947d-jhfj2
[2025-10-03T21:05:14.607+0000] {docker.py:438} INFO - Deleted 1 pods: ['post-storage-service-769cf6947d-jhfj2']
[2025-10-03T21:05:14.607+0000] {docker.py:438} INFO - ✅ Successfully restarted pods: ['post-storage-service-769cf6947d-jhfj2']
[2025-10-03T21:05:14.607+0000] {docker.py:438} INFO - ⏳ Waiting 20 seconds until next restart...
[2025-10-03T21:05:14.607+0000] {docker.py:438} INFO - 📊 Time remaining: 136 seconds
[2025-10-03T21:05:14.608+0000] {docker.py:438} INFO - 
[2025-10-03T21:05:14.608+0000] {docker.py:438} INFO - ==================================================
[2025-10-03T21:05:14.608+0000] {docker.py:438} INFO - 🔄 Restart #10 at 2025-10-03 21:03:32
[2025-10-03T21:05:14.608+0000] {docker.py:438} INFO - ==================================================
[2025-10-03T21:05:14.608+0000] {docker.py:438} INFO - Hello world - terminate function started!
[2025-10-03T21:05:14.609+0000] {docker.py:438} INFO - Selecting pods with label_selector: app=post-storage-service
[2025-10-03T21:05:14.609+0000] {docker.py:438} INFO - Found 2 pods initially
[2025-10-03T21:05:14.609+0000] {docker.py:438} INFO - Random selection: 1 pods
[2025-10-03T21:05:14.609+0000] {docker.py:438} INFO - Deleting pod: post-storage-service-769cf6947d-5x9vr
[2025-10-03T21:05:14.609+0000] {docker.py:438} INFO - Deleted 1 pods: ['post-storage-service-769cf6947d-5x9vr']
[2025-10-03T21:05:14.610+0000] {docker.py:438} INFO - ✅ Successfully restarted pods: ['post-storage-service-769cf6947d-5x9vr']
[2025-10-03T21:05:14.610+0000] {docker.py:438} INFO - ⏳ Waiting 20 seconds until next restart...
[2025-10-03T21:05:14.610+0000] {docker.py:438} INFO - 📊 Time remaining: 116 seconds
[2025-10-03T21:05:14.610+0000] {docker.py:438} INFO - 
[2025-10-03T21:05:14.610+0000] {docker.py:438} INFO - ==================================================
[2025-10-03T21:05:14.610+0000] {docker.py:438} INFO - 🔄 Restart #11 at 2025-10-03 21:03:52
[2025-10-03T21:05:14.611+0000] {docker.py:438} INFO - ==================================================
[2025-10-03T21:05:14.611+0000] {docker.py:438} INFO - Hello world - terminate function started!
[2025-10-03T21:05:14.611+0000] {docker.py:438} INFO - Selecting pods with label_selector: app=post-storage-service
[2025-10-03T21:05:14.611+0000] {docker.py:438} INFO - Found 2 pods initially
[2025-10-03T21:05:14.611+0000] {docker.py:438} INFO - Random selection: 1 pods
[2025-10-03T21:05:14.612+0000] {docker.py:438} INFO - Deleting pod: post-storage-service-769cf6947d-zb58t
[2025-10-03T21:05:14.612+0000] {docker.py:438} INFO - Deleted 1 pods: ['post-storage-service-769cf6947d-zb58t']
[2025-10-03T21:05:14.612+0000] {docker.py:438} INFO - ✅ Successfully restarted pods: ['post-storage-service-769cf6947d-zb58t']
[2025-10-03T21:05:14.612+0000] {docker.py:438} INFO - ⏳ Waiting 20 seconds until next restart...
[2025-10-03T21:05:14.612+0000] {docker.py:438} INFO - 📊 Time remaining: 95 seconds
[2025-10-03T21:05:14.613+0000] {docker.py:438} INFO - 
[2025-10-03T21:05:14.613+0000] {docker.py:438} INFO - ==================================================
[2025-10-03T21:05:14.613+0000] {docker.py:438} INFO - 🔄 Restart #12 at 2025-10-03 21:04:13
[2025-10-03T21:05:14.613+0000] {docker.py:438} INFO - ==================================================
[2025-10-03T21:05:14.614+0000] {docker.py:438} INFO - Hello world - terminate function started!
[2025-10-03T21:05:14.614+0000] {docker.py:438} INFO - Selecting pods with label_selector: app=post-storage-service
[2025-10-03T21:05:14.614+0000] {docker.py:438} INFO - Found 2 pods initially
[2025-10-03T21:05:14.614+0000] {docker.py:438} INFO - Random selection: 1 pods
[2025-10-03T21:05:14.614+0000] {docker.py:438} INFO - Deleting pod: post-storage-service-769cf6947d-zb58t
[2025-10-03T21:05:14.614+0000] {docker.py:438} INFO - Deleted 1 pods: ['post-storage-service-769cf6947d-zb58t']
[2025-10-03T21:05:14.615+0000] {docker.py:438} INFO - ✅ Successfully restarted pods: ['post-storage-service-769cf6947d-zb58t']
[2025-10-03T21:05:14.615+0000] {docker.py:438} INFO - ⏳ Waiting 20 seconds until next restart...
[2025-10-03T21:05:14.615+0000] {docker.py:438} INFO - 📊 Time remaining: 75 seconds
[2025-10-03T21:05:14.615+0000] {docker.py:438} INFO - 
[2025-10-03T21:05:14.615+0000] {docker.py:438} INFO - ==================================================
[2025-10-03T21:05:14.616+0000] {docker.py:438} INFO - 🔄 Restart #13 at 2025-10-03 21:04:33
[2025-10-03T21:05:14.616+0000] {docker.py:438} INFO - ==================================================
[2025-10-03T21:05:14.616+0000] {docker.py:438} INFO - Hello world - terminate function started!
[2025-10-03T21:05:14.616+0000] {docker.py:438} INFO - Selecting pods with label_selector: app=post-storage-service
[2025-10-03T21:05:14.616+0000] {docker.py:438} INFO - Found 1 pods initially
[2025-10-03T21:05:14.617+0000] {docker.py:438} INFO - Random selection: 1 pods
[2025-10-03T21:05:14.617+0000] {docker.py:438} INFO - Deleting pod: post-storage-service-769cf6947d-bgtpm
[2025-10-03T21:05:14.617+0000] {docker.py:438} INFO - Deleted 1 pods: ['post-storage-service-769cf6947d-bgtpm']
[2025-10-03T21:05:14.617+0000] {docker.py:438} INFO - ✅ Successfully restarted pods: ['post-storage-service-769cf6947d-bgtpm']
[2025-10-03T21:05:14.617+0000] {docker.py:438} INFO - ⏳ Waiting 20 seconds until next restart...
[2025-10-03T21:05:14.618+0000] {docker.py:438} INFO - 📊 Time remaining: 54 seconds
[2025-10-03T21:05:14.618+0000] {docker.py:438} INFO - 
[2025-10-03T21:05:14.618+0000] {docker.py:438} INFO - ==================================================
[2025-10-03T21:05:14.618+0000] {docker.py:438} INFO - 🔄 Restart #14 at 2025-10-03 21:04:54
[2025-10-03T21:05:14.618+0000] {docker.py:438} INFO - ==================================================
[2025-10-03T21:05:14.619+0000] {docker.py:438} INFO - Hello world - terminate function started!
[2025-10-03T21:05:14.619+0000] {docker.py:438} INFO - Selecting pods with label_selector: app=post-storage-service
[2025-10-03T21:05:14.619+0000] {docker.py:438} INFO - Found 2 pods initially
[2025-10-03T21:05:14.619+0000] {docker.py:438} INFO - Random selection: 1 pods
[2025-10-03T21:05:14.619+0000] {docker.py:438} INFO - Deleting pod: post-storage-service-769cf6947d-bgtpm
[2025-10-03T21:05:14.619+0000] {docker.py:438} INFO - Deleted 1 pods: ['post-storage-service-769cf6947d-bgtpm']
[2025-10-03T21:05:14.620+0000] {docker.py:438} INFO - ✅ Successfully restarted pods: ['post-storage-service-769cf6947d-bgtpm']
[2025-10-03T21:05:14.620+0000] {docker.py:438} INFO - ⏳ Waiting 20 seconds until next restart...
[2025-10-03T21:05:14.620+0000] {docker.py:438} INFO - 📊 Time remaining: 34 seconds
[2025-10-03T21:05:14.620+0000] {docker.py:438} INFO - 
[2025-10-03T21:05:14.620+0000] {docker.py:438} INFO - ==================================================
[2025-10-03T21:05:14.621+0000] {docker.py:438} INFO - 🔄 Restart #15 at 2025-10-03 21:05:14
[2025-10-03T21:05:14.621+0000] {docker.py:438} INFO - ==================================================
[2025-10-03T21:05:14.621+0000] {docker.py:438} INFO - Hello world - terminate function started!
[2025-10-03T21:05:14.621+0000] {docker.py:438} INFO - Selecting pods with label_selector: app=post-storage-service
[2025-10-03T21:05:14.909+0000] {docker.py:438} INFO - [32m[2025-10-03 21:05:14 INFO] Let's rollback...
[2025-10-03T21:05:14.910+0000] {docker.py:438} INFO - [32m[2025-10-03 21:05:14 INFO] Rollback: uncordon-all-nodes
[2025-10-03T21:05:14.910+0000] {docker.py:438} INFO - [32m[2025-10-03 21:05:14 INFO] Action: uncordon-all-nodes
[2025-10-03T21:05:15.895+0000] {docker.py:438} INFO - [32m[2025-10-03 21:05:15 INFO] Experiment ended with status: completed
[2025-10-03T21:05:15.896+0000] {docker.py:438} INFO - Found 1 pods initially
[2025-10-03T21:05:15.896+0000] {docker.py:438} INFO - Random selection: 1 pods
[2025-10-03T21:05:15.897+0000] {docker.py:438} INFO - Deleting pod: post-storage-service-769cf6947d-94qgg
[2025-10-03T21:05:15.897+0000] {docker.py:438} INFO - Deleted 1 pods: ['post-storage-service-769cf6947d-94qgg']
[2025-10-03T21:05:15.897+0000] {docker.py:438} INFO - ✅ Successfully restarted pods: ['post-storage-service-769cf6947d-94qgg']
[2025-10-03T21:05:15.898+0000] {docker.py:438} INFO - ⏰ Less than 20 seconds remaining, stopping experiment
[2025-10-03T21:05:15.898+0000] {docker.py:438} INFO - 
[2025-10-03T21:05:15.898+0000] {docker.py:438} INFO - ==================================================
[2025-10-03T21:05:15.899+0000] {docker.py:438} INFO - 🏁 Experiment Completed!
[2025-10-03T21:05:15.899+0000] {docker.py:438} INFO - ==================================================
[2025-10-03T21:05:15.899+0000] {docker.py:438} INFO - 📈 Total restarts performed: 15
[2025-10-03T21:05:15.900+0000] {docker.py:438} INFO - ⏱️  Total duration: 286 seconds
[2025-10-03T21:05:15.900+0000] {docker.py:438} INFO - 📊 Average interval: 19.1 seconds
[2025-10-03T21:05:16.195+0000] {taskinstance.py:340} INFO - ::group::Post task execution logs
[2025-10-03T21:05:16.196+0000] {taskinstance.py:352} INFO - Marking task as SUCCESS. dag_id=Cordon_Uncordon_Node, task_id=apply_cordon_uncordon_node, run_id=scheduled__2025-10-03T18:00:00+00:00, execution_date=20251003T180000, start_date=20251003T210002, end_date=20251003T210516
[2025-10-03T21:05:16.268+0000] {local_task_job_runner.py:266} INFO - Task exited with return code 0
[2025-10-03T21:05:16.283+0000] {taskinstance.py:3900} INFO - 0 downstream tasks scheduled from follow-on schedule check
[2025-10-03T21:05:16.286+0000] {local_task_job_runner.py:245} INFO - ::endgroup::
