[2025-11-20T12:58:36.831+0000] {local_task_job_runner.py:123} INFO - ::group::Pre task execution logs
[2025-11-20T12:58:36.854+0000] {taskinstance.py:2612} INFO - Dependencies all met for dep_context=non-requeueable deps ti=<TaskInstance: Reinitialize_Application.apply_container_restart_docker manual__2025-11-20T12:58:35.246893+00:00 [queued]>
[2025-11-20T12:58:36.865+0000] {taskinstance.py:2612} INFO - Dependencies all met for dep_context=requeueable deps ti=<TaskInstance: Reinitialize_Application.apply_container_restart_docker manual__2025-11-20T12:58:35.246893+00:00 [queued]>
[2025-11-20T12:58:36.866+0000] {taskinstance.py:2865} INFO - Starting attempt 1 of 1
[2025-11-20T12:58:36.910+0000] {taskinstance.py:2888} INFO - Executing <Task(DockerOperator): apply_container_restart_docker> on 2025-11-20 12:58:35.246893+00:00
[2025-11-20T12:58:36.924+0000] {standard_task_runner.py:72} INFO - Started process 589 to run task
[2025-11-20T12:58:36.941+0000] {standard_task_runner.py:104} INFO - Running: ['***', 'tasks', 'run', 'Reinitialize_Application', 'apply_container_restart_docker', 'manual__2025-11-20T12:58:35.246893+00:00', '--job-id', '16793', '--raw', '--subdir', 'DAGS_FOLDER/dag_factory.py', '--cfg-path', '/tmp/tmpb20e440m']
[2025-11-20T12:58:36.943+0000] {standard_task_runner.py:105} INFO - Job 16793: Subtask apply_container_restart_docker
[2025-11-20T12:58:37.029+0000] {task_command.py:467} INFO - Running <TaskInstance: Reinitialize_Application.apply_container_restart_docker manual__2025-11-20T12:58:35.246893+00:00 [running]> on host workflow.y2twbfvcjkaujnl2bmtbxunhcb.cx.internal.cloudapp.net
[2025-11-20T12:58:37.178+0000] {taskinstance.py:3131} INFO - Exporting env vars: AIRFLOW_CTX_DAG_OWNER='***' AIRFLOW_CTX_DAG_ID='Reinitialize_Application' AIRFLOW_CTX_TASK_ID='apply_container_restart_docker' AIRFLOW_CTX_EXECUTION_DATE='2025-11-20T12:58:35.246893+00:00' AIRFLOW_CTX_TRY_NUMBER='1' AIRFLOW_CTX_DAG_RUN_ID='manual__2025-11-20T12:58:35.246893+00:00'
[2025-11-20T12:58:37.182+0000] {taskinstance.py:731} INFO - ::endgroup::
[2025-11-20T12:58:37.250+0000] {docker.py:367} INFO - Starting docker container from image priyanshu01ce/***_chaos:latest
[2025-11-20T12:58:37.932+0000] {docker.py:438} INFO - The container is run as root user. For security, consider using a regular user account.
[2025-11-20T12:58:56.026+0000] {docker.py:438} INFO - 
[2025-11-20T12:58:56.058+0000] {docker.py:438} INFO - total 10832
[2025-11-20T12:58:56.059+0000] {docker.py:438} INFO - drwxr-xr-x 6    1000 1000     4096 Nov 11 11:35 .
[2025-11-20T12:58:56.059+0000] {docker.py:438} INFO - drwxr-xr-x 1 *** root     4096 Sep 26 10:44 ..
[2025-11-20T12:58:56.062+0000] {docker.py:438} INFO - -rw-r--r-- 1    1000 1000     1193 Sep  8 07:02 API_Latency.json
[2025-11-20T12:58:56.062+0000] {docker.py:438} INFO - -rw-r--r-- 1    1000 1000      729 Sep  9 10:30 API_Timeout.json
[2025-11-20T12:58:56.063+0000] {docker.py:438} INFO - -rw-r--r-- 1    1000 1000     1331 Oct  7 18:22 Continuous_Load_Test_Azure.yaml
[2025-11-20T12:58:56.063+0000] {docker.py:438} INFO - -rw-r--r-- 1    1000 1000     1665 Nov 11 09:21 Memory_Stress_Test_Azure.yaml
[2025-11-20T12:58:56.065+0000] {docker.py:438} INFO - -rw-r--r-- 1    1000 1000     1178 Sep 30 18:19 Stress_Test_Azure.yaml
[2025-11-20T12:58:56.066+0000] {docker.py:438} INFO - drwxrwxr-x 2 root    root     4096 Oct 29 06:31 __pycache__
[2025-11-20T12:58:56.066+0000] {docker.py:438} INFO - drwxrwxr-x 5    1000 1000     4096 Oct 21 08:05 chaos_env
[2025-11-20T12:58:56.067+0000] {docker.py:438} INFO - -rw-r--r-- 1    1000 1000     8875 Sep 25 16:54 chaosk6_actions.py
[2025-11-20T12:58:56.067+0000] {docker.py:438} INFO - -rw-rw-r-- 1    1000 1000 10767303 Nov 20 12:58 chaostoolkit.log
[2025-11-20T12:58:56.070+0000] {docker.py:438} INFO - -rw-rw-r-- 1    1000 1000     1421 Oct 23 09:34 check.py
[2025-11-20T12:58:56.070+0000] {docker.py:438} INFO - -rw-r--r-- 1    1000 1000     3213 Sep  9 09:11 combined-sequential.json
[2025-11-20T12:58:56.070+0000] {docker.py:438} INFO - -rwxrwxr-x 1    1000 1000     1489 Oct 27 06:29 complete_chaos_mesh-cleanup.sh
[2025-11-20T12:58:56.071+0000] {docker.py:438} INFO - -rw-r--r-- 1    1000 1000      502 Sep 16 05:31 connection_test_experiment.json
[2025-11-20T12:58:56.071+0000] {docker.py:438} INFO - -rw-rw-r-- 1    1000 1000      692 Oct 24 01:43 container_probe.json
[2025-11-20T12:58:56.074+0000] {docker.py:438} INFO - -rw-rw-r-- 1    1000 1000     2533 Oct 23 09:28 container_probe.yaml
[2025-11-20T12:58:56.074+0000] {docker.py:438} INFO - -rw-r--r-- 1    1000 1000     1420 Sep 24 06:53 container_restart.json
[2025-11-20T12:58:56.074+0000] {docker.py:438} INFO - -rw-r--r-- 1    1000 1000    16452 Sep 26 09:59 container_restart.py
[2025-11-20T12:58:56.075+0000] {docker.py:438} INFO - -rw-r--r-- 1    1000 1000     1744 Nov 11 09:15 container_restart_Azure.yaml
[2025-11-20T12:58:56.075+0000] {docker.py:438} INFO - -rw-r--r-- 1    1000 1000     1409 Sep 18 12:30 continuous_load_test.json
[2025-11-20T12:58:56.078+0000] {docker.py:438} INFO - -rw-r--r-- 1    1000 1000     1637 Sep 25 10:13 cordon-uncordon-node.json
[2025-11-20T12:58:56.078+0000] {docker.py:438} INFO - -rw-r--r-- 1    1000 1000     1637 Sep 25 04:39 cordon_test.json
[2025-11-20T12:58:56.078+0000] {docker.py:438} INFO - -rw-r--r-- 1    1000 1000     1430 Nov 11 09:16 cordon_uncordon_node_Azure.yaml
[2025-11-20T12:58:56.079+0000] {docker.py:438} INFO - -rw-r--r-- 1    1000 1000     1203 Sep 30 06:51 cpu_stress_ng.json
[2025-11-20T12:58:56.079+0000] {docker.py:438} INFO - -rw-r--r-- 1    1000 1000     1760 Oct 21 08:00 db_cleanup.json
[2025-11-20T12:58:56.082+0000] {docker.py:438} INFO - -rw-r--r-- 1    1000 1000     6399 Sep 24 07:40 db_cleanup.py
[2025-11-20T12:58:56.082+0000] {docker.py:438} INFO - -rw-rw-r-- 1    1000 1000     5855 Oct 28 12:27 direct_memory_stress.py
[2025-11-20T12:58:56.083+0000] {docker.py:438} INFO - -rw-r--r-- 1    1000 1000     3216 Nov 20 12:02 journal.json
[2025-11-20T12:58:56.083+0000] {docker.py:438} INFO - -rw-rw-r-- 1    1000 1000        0 Nov 11 11:31 json
[2025-11-20T12:58:56.085+0000] {docker.py:438} INFO - -rw-rw-r-- 1 root    root    22468 Nov 20 12:58 k6_continuous_load.log
[2025-11-20T12:58:56.086+0000] {docker.py:438} INFO - -rw-r--r-- 1    1000 1000     3973 Nov 20 12:02 k6_continuous_summary.json
[2025-11-20T12:58:56.086+0000] {docker.py:438} INFO - -rw-r--r-- 1    1000 1000     3433 Sep 25 09:28 k6_summary.json
[2025-11-20T12:58:56.087+0000] {docker.py:438} INFO - -rw-r--r-- 1    1000 1000      989 Sep 30 09:24 kubernetes_actions.json
[2025-11-20T12:58:56.087+0000] {docker.py:438} INFO - -rw-r--r-- 1    1000 1000    10961 Sep 30 09:23 kubernetes_actions.py
[2025-11-20T12:58:56.088+0000] {docker.py:438} INFO - -rw-r--r-- 1    1000 1000      945 Sep 21 16:40 load_test.json
[2025-11-20T12:58:56.089+0000] {docker.py:438} INFO - -rw-r--r-- 1    1000 1000      528 Sep 17 12:13 max_connection_experiment.json
[2025-11-20T12:58:56.091+0000] {docker.py:438} INFO - -rw-r--r-- 1    1000 1000     1227 Sep 13 15:20 memory-stress-rollback.json
[2025-11-20T12:58:56.091+0000] {docker.py:438} INFO - -rw-rw-r-- 1    1000 1000     1066 Oct 30 12:27 memory_stress.json
[2025-11-20T12:58:56.092+0000] {docker.py:438} INFO - -rw-rw-r-- 1    1000 1000     6653 Oct 29 06:18 memory_stress.py
[2025-11-20T12:58:56.093+0000] {docker.py:438} INFO - -rw-r--r-- 1    1000 1000     1421 Sep 29 05:20 mongo_db_container_restart.json
[2025-11-20T12:58:56.093+0000] {docker.py:438} INFO - -rw-r--r-- 1    1000 1000     7586 Sep 18 05:54 mongodb_actions.py
[2025-11-20T12:58:56.096+0000] {docker.py:438} INFO - -rw-r--r-- 1    1000 1000     2136 Sep 18 11:23 mongodb_connection.json
[2025-11-20T12:58:56.096+0000] {docker.py:438} INFO - -rw-r--r-- 1    1000 1000      597 Sep 16 09:17 mongodb_network_latency_experiment.json
[2025-11-20T12:58:56.097+0000] {docker.py:438} INFO - -rw-r--r-- 1    1000 1000     3657 Sep 18 05:42 mongodb_probes.py
[2025-11-20T12:58:56.097+0000] {docker.py:438} INFO - -rw-r--r-- 1    1000 1000     6161 Sep 12 08:04 pod_restart.py
[2025-11-20T12:58:56.097+0000] {docker.py:438} INFO - -rw-r--r-- 1    1000 1000     1497 Sep 30 05:50 redis_config_faults.py
[2025-11-20T12:58:56.098+0000] {docker.py:438} INFO - -rw-r--r-- 1    1000 1000      862 Sep 30 05:50 redis_experiment.json
[2025-11-20T12:58:56.098+0000] {docker.py:438} INFO - -rw-r--r-- 1    1000 1000      945 Sep 18 06:53 redis_load.json
[2025-11-20T12:58:56.102+0000] {docker.py:438} INFO - -rw-r--r-- 1    1000 1000     1634 Nov 11 09:16 redis_memory_stress_Azure.yaml
[2025-11-20T12:58:56.102+0000] {docker.py:438} INFO - -rw-rw-r-- 1    1000 1000     1333 Oct 21 09:39 reinitialize_application.yaml
[2025-11-20T12:58:56.103+0000] {docker.py:438} INFO - -rw-r--r-- 1    1000 1000     1284 Sep 25 10:53 run_load_test_with_cleanup.py
[2025-11-20T12:58:56.104+0000] {docker.py:438} INFO - -rw-rw-r-- 1    1000 1000     1307 Oct 27 10:33 sample_probe.yaml
[2025-11-20T12:58:56.104+0000] {docker.py:438} INFO - drwxr-xr-x 2    1000 1000     4096 Oct 22 06:46 scripts
[2025-11-20T12:58:56.106+0000] {docker.py:438} INFO - -rw-rw-r-- 1    1000 1000      272 Oct 27 08:51 simple-stress-test.yaml
[2025-11-20T12:58:56.106+0000] {docker.py:438} INFO - drwxr-xr-x 4    1000 1000     4096 Sep 30 09:41 socialNetwork
[2025-11-20T12:58:56.108+0000] {docker.py:438} INFO - -rw-r--r-- 1    1000 1000      821 Sep 26 13:20 stress_test.json
[2025-11-20T12:58:56.108+0000] {docker.py:438} INFO - -rw-rw-r-- 1    1000 1000      301 Oct 27 08:46 test-stress-fixed.yaml
[2025-11-20T12:58:56.110+0000] {docker.py:438} INFO - -rw-rw-r-- 1    1000 1000      295 Oct 27 08:49 test_after_fix.yaml
[2025-11-20T12:58:56.111+0000] {docker.py:438} INFO - -rw-r--r-- 1    1000 1000      367 Sep 17 07:24 test_params.json
[2025-11-20T12:58:56.112+0000] {docker.py:438} INFO - Starting Reinitializing the Social Networking Application...
[2025-11-20T12:58:57.335+0000] {docker.py:438} INFO - [32m[2025-11-20 12:58:57 INFO] Validating the experiment's syntax
[2025-11-20T12:58:58.302+0000] {docker.py:438} INFO - [32m[2025-11-20 12:58:58 INFO] Experiment looks valid
[2025-11-20T12:58:58.304+0000] {docker.py:438} INFO - [32m[2025-11-20 12:58:58 INFO] Running experiment: Simple Social Network Reset
[2025-11-20T12:58:58.310+0000] {docker.py:438} INFO - [32m[2025-11-20 12:58:58 INFO] Steady-state strategy: default
[2025-11-20T12:58:58.310+0000] {docker.py:438} INFO - [32m[2025-11-20 12:58:58 INFO] Rollbacks strategy: default
[2025-11-20T12:58:58.311+0000] {docker.py:438} INFO - [32m[2025-11-20 12:58:58 INFO] No steady state hypothesis defined. That's ok, just exploring.
[2025-11-20T12:58:58.312+0000] {docker.py:438} INFO - [32m[2025-11-20 12:58:58 INFO] Playing your experiment's method now...
[2025-11-20T12:58:58.313+0000] {docker.py:438} INFO - [32m[2025-11-20 12:58:58 INFO] Action: complete-reset-and-reinit
[2025-11-20T12:58:58.314+0000] {docker.py:438} INFO - INFO:kubernetes_actions:Starting complete reset and reinitialization...
[2025-11-20T12:58:58.315+0000] {docker.py:438} INFO - INFO:kubernetes_actions:Starting full social network reset...
[2025-11-20T12:58:58.316+0000] {docker.py:438} INFO - INFO:kubernetes_actions:Clearing Redis data...
[2025-11-20T12:58:58.358+0000] {docker.py:438} INFO - INFO:kubernetes_actions:Loaded local Kubernetes config
[2025-11-20T12:58:58.391+0000] {docker.py:438} INFO - INFO:kubernetes_actions:Loaded local Kubernetes config
[2025-11-20T12:58:58.671+0000] {docker.py:438} INFO - INFO:kubernetes_actions:Found running pod: social-graph-redis-64bd79b48b-gpwdg for deployment: social-graph-redis
[2025-11-20T12:58:58.673+0000] {docker.py:438} INFO - INFO:kubernetes_actions:Executing command in pod social-graph-redis-64bd79b48b-gpwdg, container social-graph-redis: redis-cli FLUSHALL
[2025-11-20T12:59:00.077+0000] {docker.py:438} INFO - INFO:kubernetes_actions:Command executed successfully. Output: OK
[2025-11-20T12:59:00.109+0000] {docker.py:438} INFO - INFO:kubernetes_actions:Loaded local Kubernetes config
[2025-11-20T12:59:00.142+0000] {docker.py:438} INFO - INFO:kubernetes_actions:Loaded local Kubernetes config
[2025-11-20T12:59:00.486+0000] {docker.py:438} INFO - INFO:kubernetes_actions:Found running pod: home-timeline-redis-744dd9998f-xqjsk for deployment: home-timeline-redis
[2025-11-20T12:59:00.487+0000] {docker.py:438} INFO - INFO:kubernetes_actions:Executing command in pod home-timeline-redis-744dd9998f-xqjsk, container home-timeline-redis: redis-cli FLUSHALL
[2025-11-20T12:59:01.886+0000] {docker.py:438} INFO - INFO:kubernetes_actions:Command executed successfully. Output: OK
[2025-11-20T12:59:01.924+0000] {docker.py:438} INFO - INFO:kubernetes_actions:Loaded local Kubernetes config
[2025-11-20T12:59:01.985+0000] {docker.py:438} INFO - INFO:kubernetes_actions:Loaded local Kubernetes config
[2025-11-20T12:59:02.236+0000] {docker.py:438} INFO - INFO:kubernetes_actions:Found running pod: user-timeline-redis-7b8f6ff4fb-5s87m for deployment: user-timeline-redis
[2025-11-20T12:59:02.237+0000] {docker.py:438} INFO - INFO:kubernetes_actions:Executing command in pod user-timeline-redis-7b8f6ff4fb-5s87m, container user-timeline-redis: redis-cli FLUSHALL
[2025-11-20T12:59:03.615+0000] {docker.py:438} INFO - INFO:kubernetes_actions:Command executed successfully. Output: OK
[2025-11-20T12:59:03.616+0000] {docker.py:438} INFO - INFO:kubernetes_actions:Clearing Memcached data...
[2025-11-20T12:59:03.679+0000] {docker.py:438} INFO - INFO:kubernetes_actions:Loaded local Kubernetes config
[2025-11-20T12:59:03.733+0000] {docker.py:438} INFO - INFO:kubernetes_actions:Loaded local Kubernetes config
[2025-11-20T12:59:04.008+0000] {docker.py:438} INFO - INFO:kubernetes_actions:Found running pod: post-storage-memcached-67c6cc65cc-j4jdz for deployment: post-storage-memcached
[2025-11-20T12:59:04.009+0000] {docker.py:438} INFO - INFO:kubernetes_actions:Executing command in pod post-storage-memcached-67c6cc65cc-j4jdz, container post-storage-memcached: sh -c echo 'flush_all' | nc localhost 11211
[2025-11-20T12:59:05.396+0000] {docker.py:438} INFO - INFO:kubernetes_actions:Command executed successfully. Output: sh: 1: nc: not found
[2025-11-20T12:59:05.426+0000] {docker.py:438} INFO - INFO:kubernetes_actions:Loaded local Kubernetes config
[2025-11-20T12:59:05.460+0000] {docker.py:438} INFO - INFO:kubernetes_actions:Loaded local Kubernetes config
[2025-11-20T12:59:05.708+0000] {docker.py:438} INFO - INFO:kubernetes_actions:Found running pod: user-memcached-56f89988c-kswck for deployment: user-memcached
[2025-11-20T12:59:05.710+0000] {docker.py:438} INFO - INFO:kubernetes_actions:Executing command in pod user-memcached-56f89988c-kswck, container user-memcached: sh -c echo 'flush_all' | nc localhost 11211
[2025-11-20T12:59:07.094+0000] {docker.py:438} INFO - INFO:kubernetes_actions:Command executed successfully. Output: sh: 1: nc: not found
[2025-11-20T12:59:07.095+0000] {docker.py:438} INFO - 
[2025-11-20T12:59:07.095+0000] {docker.py:438} INFO - INFO:kubernetes_actions:Dropping MongoDB databases...
[2025-11-20T12:59:07.126+0000] {docker.py:438} INFO - INFO:kubernetes_actions:Loaded local Kubernetes config
[2025-11-20T12:59:07.159+0000] {docker.py:438} INFO - INFO:kubernetes_actions:Loaded local Kubernetes config
[2025-11-20T12:59:07.432+0000] {docker.py:438} INFO - INFO:kubernetes_actions:Found running pod: post-storage-mongodb-7f7657964c-b2fld for deployment: post-storage-mongodb
[2025-11-20T12:59:07.434+0000] {docker.py:438} INFO - INFO:kubernetes_actions:Executing command in pod post-storage-mongodb-7f7657964c-b2fld, container post-storage-mongodb: mongo --eval db.getSiblingDB('post').dropDatabase()
[2025-11-20T12:59:09.306+0000] {docker.py:438} INFO - INFO:kubernetes_actions:Command executed successfully. Output: MongoDB shell version v4.4.6
[2025-11-20T12:59:09.308+0000] {docker.py:438} INFO - connecting to: mongodb://127.0.0.1:27017/?compressors=disabled&gssapiServiceName=mongodb
[2025-11-20T12:59:09.308+0000] {docker.py:438} INFO - Implicit session: session { "id" : UUID("4c0ff5c0-c444-4ae6-8d50-287030ded3ca") }
[2025-11-20T12:59:09.310+0000] {docker.py:438} INFO - MongoDB server version: 4.4.6
[2025-11-20T12:59:09.310+0000] {docker.py:438} INFO - { "dropped" : "post", "ok" : 1 }
[2025-11-20T12:59:09.339+0000] {docker.py:438} INFO - INFO:kubernetes_actions:Loaded local Kubernetes config
[2025-11-20T12:59:09.372+0000] {docker.py:438} INFO - INFO:kubernetes_actions:Loaded local Kubernetes config
[2025-11-20T12:59:09.713+0000] {docker.py:438} INFO - INFO:kubernetes_actions:Found running pod: post-storage-mongodb-7f7657964c-b2fld for deployment: post-storage-mongodb
[2025-11-20T12:59:09.715+0000] {docker.py:438} INFO - INFO:kubernetes_actions:Executing command in pod post-storage-mongodb-7f7657964c-b2fld, container post-storage-mongodb: mongo --eval db.getSiblingDB('READ__ME_TO_RECOVER_YOUR_DATA').dropDatabase()
[2025-11-20T12:59:11.512+0000] {docker.py:438} INFO - INFO:kubernetes_actions:Command executed successfully. Output: MongoDB shell version v4.4.6
[2025-11-20T12:59:11.513+0000] {docker.py:438} INFO - connecting to: mongodb://127.0.0.1:27017/?compressors=disabled&gssapiServiceName=mongodb
[2025-11-20T12:59:11.513+0000] {docker.py:438} INFO - Implicit session: session { "id" : UUID("65d5372d-ac80-49c9-badd-57823e01d1c4") }
[2025-11-20T12:59:11.515+0000] {docker.py:438} INFO - MongoDB server version: 4.4.6
[2025-11-20T12:59:11.515+0000] {docker.py:438} INFO - { "ok" : 1 }
[2025-11-20T12:59:11.549+0000] {docker.py:438} INFO - INFO:kubernetes_actions:Loaded local Kubernetes config
[2025-11-20T12:59:11.621+0000] {docker.py:438} INFO - INFO:kubernetes_actions:Loaded local Kubernetes config
[2025-11-20T12:59:11.889+0000] {docker.py:438} INFO - INFO:kubernetes_actions:Found running pod: user-mongodb-f95b7d968-tqlld for deployment: user-mongodb
[2025-11-20T12:59:11.894+0000] {docker.py:438} INFO - INFO:kubernetes_actions:Executing command in pod user-mongodb-f95b7d968-tqlld, container user-mongodb: mongo --eval db.getSiblingDB('user').dropDatabase()
[2025-11-20T12:59:13.445+0000] {docker.py:438} INFO - INFO:kubernetes_actions:Command executed successfully. Output: MongoDB shell version v4.4.6
[2025-11-20T12:59:13.446+0000] {docker.py:438} INFO - connecting to: mongodb://127.0.0.1:27017/?compressors=disabled&gssapiServiceName=mongodb
[2025-11-20T12:59:13.446+0000] {docker.py:438} INFO - Implicit session: session { "id" : UUID("5fcbff65-359e-447f-b0fe-0f4eab93af28") }
[2025-11-20T12:59:13.449+0000] {docker.py:438} INFO - MongoDB server version: 4.4.6
[2025-11-20T12:59:13.449+0000] {docker.py:438} INFO - { "dropped" : "user", "ok" : 1 }
[2025-11-20T12:59:13.478+0000] {docker.py:438} INFO - INFO:kubernetes_actions:Loaded local Kubernetes config
[2025-11-20T12:59:13.511+0000] {docker.py:438} INFO - INFO:kubernetes_actions:Loaded local Kubernetes config
[2025-11-20T12:59:13.759+0000] {docker.py:438} INFO - INFO:kubernetes_actions:Found running pod: user-mongodb-f95b7d968-tqlld for deployment: user-mongodb
[2025-11-20T12:59:13.762+0000] {docker.py:438} INFO - INFO:kubernetes_actions:Executing command in pod user-mongodb-f95b7d968-tqlld, container user-mongodb: mongo --eval db.getSiblingDB('READ__ME_TO_RECOVER_YOUR_DATA').dropDatabase()
[2025-11-20T12:59:15.255+0000] {docker.py:438} INFO - INFO:kubernetes_actions:Command executed successfully. Output: MongoDB shell version v4.4.6
[2025-11-20T12:59:15.256+0000] {docker.py:438} INFO - connecting to: mongodb://127.0.0.1:27017/?compressors=disabled&gssapiServiceName=mongodb
[2025-11-20T12:59:15.256+0000] {docker.py:438} INFO - Implicit session: session { "id" : UUID("2deb880a-9d3b-4032-8c03-fbd93d3094c6") }
[2025-11-20T12:59:15.259+0000] {docker.py:438} INFO - MongoDB server version: 4.4.6
[2025-11-20T12:59:15.259+0000] {docker.py:438} INFO - { "ok" : 1 }
[2025-11-20T12:59:15.288+0000] {docker.py:438} INFO - INFO:kubernetes_actions:Loaded local Kubernetes config
[2025-11-20T12:59:15.321+0000] {docker.py:438} INFO - INFO:kubernetes_actions:Loaded local Kubernetes config
[2025-11-20T12:59:15.605+0000] {docker.py:438} INFO - INFO:kubernetes_actions:Found running pod: social-graph-mongodb-77fd77d9f4-jj4vn for deployment: social-graph-mongodb
[2025-11-20T12:59:15.607+0000] {docker.py:438} INFO - INFO:kubernetes_actions:Executing command in pod social-graph-mongodb-77fd77d9f4-jj4vn, container social-graph-mongodb: mongo --eval db.getSiblingDB('social-graph').dropDatabase()
[2025-11-20T12:59:17.148+0000] {docker.py:438} INFO - INFO:kubernetes_actions:Command executed successfully. Output: MongoDB shell version v4.4.6
[2025-11-20T12:59:17.149+0000] {docker.py:438} INFO - connecting to: mongodb://127.0.0.1:27017/?compressors=disabled&gssapiServiceName=mongodb
[2025-11-20T12:59:17.149+0000] {docker.py:438} INFO - Implicit session: session { "id" : UUID("d14f30af-d6ac-4558-8e47-4047e575c658") }
[2025-11-20T12:59:17.152+0000] {docker.py:438} INFO - MongoDB server version: 4.4.6
[2025-11-20T12:59:17.152+0000] {docker.py:438} INFO - { "dropped" : "social-graph", "ok" : 1 }
[2025-11-20T12:59:17.181+0000] {docker.py:438} INFO - INFO:kubernetes_actions:Loaded local Kubernetes config
[2025-11-20T12:59:17.224+0000] {docker.py:438} INFO - INFO:kubernetes_actions:Loaded local Kubernetes config
[2025-11-20T12:59:17.476+0000] {docker.py:438} INFO - INFO:kubernetes_actions:Found running pod: social-graph-mongodb-77fd77d9f4-jj4vn for deployment: social-graph-mongodb
[2025-11-20T12:59:17.477+0000] {docker.py:438} INFO - INFO:kubernetes_actions:Executing command in pod social-graph-mongodb-77fd77d9f4-jj4vn, container social-graph-mongodb: mongo --eval db.getSiblingDB('READ__ME_TO_RECOVER_YOUR_DATA').dropDatabase()
[2025-11-20T12:59:18.948+0000] {docker.py:438} INFO - INFO:kubernetes_actions:Command executed successfully. Output: MongoDB shell version v4.4.6
[2025-11-20T12:59:18.949+0000] {docker.py:438} INFO - connecting to: mongodb://127.0.0.1:27017/?compressors=disabled&gssapiServiceName=mongodb
[2025-11-20T12:59:18.949+0000] {docker.py:438} INFO - Implicit session: session { "id" : UUID("5142f4c1-eef2-4603-8dbb-c29749c22c0e") }
[2025-11-20T12:59:18.950+0000] {docker.py:438} INFO - MongoDB server version: 4.4.6
[2025-11-20T12:59:18.950+0000] {docker.py:438} INFO - { "ok" : 1 }
[2025-11-20T12:59:18.979+0000] {docker.py:438} INFO - INFO:kubernetes_actions:Loaded local Kubernetes config
[2025-11-20T12:59:19.012+0000] {docker.py:438} INFO - INFO:kubernetes_actions:Loaded local Kubernetes config
[2025-11-20T12:59:19.344+0000] {docker.py:438} INFO - INFO:kubernetes_actions:Found running pod: user-timeline-mongodb-6ff9797bfc-bnf8b for deployment: user-timeline-mongodb
[2025-11-20T12:59:19.347+0000] {docker.py:438} INFO - INFO:kubernetes_actions:Executing command in pod user-timeline-mongodb-6ff9797bfc-bnf8b, container user-timeline-mongodb: mongo --eval db.getSiblingDB('user-timeline').dropDatabase()
[2025-11-20T12:59:21.182+0000] {docker.py:438} INFO - INFO:kubernetes_actions:Command executed successfully. Output: MongoDB shell version v4.4.6
[2025-11-20T12:59:21.183+0000] {docker.py:438} INFO - connecting to: mongodb://127.0.0.1:27017/?compressors=disabled&gssapiServiceName=mongodb
[2025-11-20T12:59:21.183+0000] {docker.py:438} INFO - Implicit session: session { "id" : UUID("9457e557-2d7d-4ae4-b70c-0716a810769b") }
[2025-11-20T12:59:21.186+0000] {docker.py:438} INFO - MongoDB server version: 4.4.6
[2025-11-20T12:59:21.186+0000] {docker.py:438} INFO - { "ok" : 1 }
[2025-11-20T12:59:21.216+0000] {docker.py:438} INFO - INFO:kubernetes_actions:Loaded local Kubernetes config
[2025-11-20T12:59:21.255+0000] {docker.py:438} INFO - INFO:kubernetes_actions:Loaded local Kubernetes config
[2025-11-20T12:59:21.576+0000] {docker.py:438} INFO - INFO:kubernetes_actions:Found running pod: user-timeline-mongodb-6ff9797bfc-bnf8b for deployment: user-timeline-mongodb
[2025-11-20T12:59:21.578+0000] {docker.py:438} INFO - INFO:kubernetes_actions:Executing command in pod user-timeline-mongodb-6ff9797bfc-bnf8b, container user-timeline-mongodb: mongo --eval db.getSiblingDB('READ__ME_TO_RECOVER_YOUR_DATA').dropDatabase()
[2025-11-20T12:59:23.466+0000] {docker.py:438} INFO - INFO:kubernetes_actions:Command executed successfully. Output: MongoDB shell version v4.4.6
[2025-11-20T12:59:23.467+0000] {docker.py:438} INFO - connecting to: mongodb://127.0.0.1:27017/?compressors=disabled&gssapiServiceName=mongodb
[2025-11-20T12:59:23.467+0000] {docker.py:438} INFO - Implicit session: session { "id" : UUID("e789dd9b-0586-429c-9874-dd649bd58959") }
[2025-11-20T12:59:23.468+0000] {docker.py:438} INFO - MongoDB server version: 4.4.6
[2025-11-20T12:59:23.468+0000] {docker.py:438} INFO - { "ok" : 1 }
[2025-11-20T12:59:23.469+0000] {docker.py:438} INFO - 
[2025-11-20T12:59:23.469+0000] {docker.py:438} INFO - INFO:kubernetes_actions:Full social network reset completed
[2025-11-20T12:59:28.553+0000] {docker.py:438} INFO - INFO:kubernetes_actions:Loaded local Kubernetes config
[2025-11-20T12:59:28.554+0000] {docker.py:438} INFO - INFO:kubernetes_actions:Restarting deployment: social-graph-service
[2025-11-20T12:59:28.942+0000] {docker.py:438} INFO - INFO:kubernetes_actions:✅ Successfully restarted social-graph-service
[2025-11-20T12:59:28.944+0000] {docker.py:438} INFO - INFO:kubernetes_actions:Restarting deployment: user-service
[2025-11-20T12:59:29.128+0000] {docker.py:438} INFO - INFO:kubernetes_actions:✅ Successfully restarted user-service
[2025-11-20T12:59:29.130+0000] {docker.py:438} INFO - INFO:kubernetes_actions:Restarting deployment: post-storage-service
[2025-11-20T12:59:29.322+0000] {docker.py:438} INFO - INFO:kubernetes_actions:✅ Successfully restarted post-storage-service
[2025-11-20T12:59:29.323+0000] {docker.py:438} INFO - INFO:kubernetes_actions:Restarting deployment: compose-post-service
[2025-11-20T12:59:29.514+0000] {docker.py:438} INFO - INFO:kubernetes_actions:✅ Successfully restarted compose-post-service
[2025-11-20T12:59:29.516+0000] {docker.py:438} INFO - INFO:kubernetes_actions:Restarting deployment: home-timeline-service
[2025-11-20T12:59:29.725+0000] {docker.py:438} INFO - INFO:kubernetes_actions:✅ Successfully restarted home-timeline-service
[2025-11-20T12:59:29.727+0000] {docker.py:438} INFO - INFO:kubernetes_actions:Restarting deployment: user-timeline-service
[2025-11-20T12:59:29.923+0000] {docker.py:438} INFO - INFO:kubernetes_actions:✅ Successfully restarted user-timeline-service
[2025-11-20T12:59:29.927+0000] {docker.py:438} INFO - INFO:kubernetes_actions:Restarting deployment: nginx-thrift
[2025-11-20T12:59:30.202+0000] {docker.py:438} INFO - INFO:kubernetes_actions:✅ Successfully restarted nginx-thrift
[2025-11-20T12:59:30.204+0000] {docker.py:438} INFO - INFO:kubernetes_actions:Restarting deployment: text-service
[2025-11-20T12:59:30.392+0000] {docker.py:438} INFO - INFO:kubernetes_actions:✅ Successfully restarted text-service
[2025-11-20T12:59:30.393+0000] {docker.py:438} INFO - INFO:kubernetes_actions:Restarting deployment: unique-id-service
[2025-11-20T12:59:30.687+0000] {docker.py:438} INFO - INFO:kubernetes_actions:✅ Successfully restarted unique-id-service
[2025-11-20T12:59:30.689+0000] {docker.py:438} INFO - INFO:kubernetes_actions:Restarting deployment: user-mention-service
[2025-11-20T12:59:30.967+0000] {docker.py:438} INFO - INFO:kubernetes_actions:✅ Successfully restarted user-mention-service
[2025-11-20T12:59:30.968+0000] {docker.py:438} INFO - INFO:kubernetes_actions:Waiting 90 seconds for services to restart...
[2025-11-20T13:01:00.965+0000] {docker.py:438} INFO - INFO:kubernetes_actions:Reinitializing social network data...
[2025-11-20T13:11:48.377+0000] {docker.py:438} INFO - INFO:kubernetes_actions:Social network reinitialization completed successfully
[2025-11-20T13:11:48.380+0000] {docker.py:438} INFO - [32m[2025-11-20 13:11:48 INFO] Let's rollback...
[2025-11-20T13:11:48.381+0000] {docker.py:438} INFO - [32m[2025-11-20 13:11:48 INFO] No declared rollbacks, let's move on.
[2025-11-20T13:11:48.382+0000] {docker.py:438} INFO - [32m[2025-11-20 13:11:48 INFO] Experiment ended with status: completed
[2025-11-20T13:11:48.600+0000] {docker.py:438} INFO - Reinitialized Social Networking APplication successfully
[2025-11-20T13:11:48.917+0000] {taskinstance.py:340} INFO - ::group::Post task execution logs
[2025-11-20T13:11:48.918+0000] {taskinstance.py:352} INFO - Marking task as SUCCESS. dag_id=Reinitialize_Application, task_id=apply_container_restart_docker, run_id=manual__2025-11-20T12:58:35.246893+00:00, execution_date=20251120T125835, start_date=20251120T125836, end_date=20251120T131148
[2025-11-20T13:11:49.056+0000] {local_task_job_runner.py:266} INFO - Task exited with return code 0
[2025-11-20T13:11:49.082+0000] {taskinstance.py:3900} INFO - 0 downstream tasks scheduled from follow-on schedule check
[2025-11-20T13:11:49.086+0000] {local_task_job_runner.py:245} INFO - ::endgroup::
