[2025-10-06T06:00:02.325+0000] {local_task_job_runner.py:123} INFO - ::group::Pre task execution logs
[2025-10-06T06:00:02.374+0000] {taskinstance.py:2612} INFO - Dependencies all met for dep_context=non-requeueable deps ti=<TaskInstance: Cordon_Uncordon_Node.apply_cordon_uncordon_node scheduled__2025-10-06T03:00:00+00:00 [queued]>
[2025-10-06T06:00:02.401+0000] {taskinstance.py:2612} INFO - Dependencies all met for dep_context=requeueable deps ti=<TaskInstance: Cordon_Uncordon_Node.apply_cordon_uncordon_node scheduled__2025-10-06T03:00:00+00:00 [queued]>
[2025-10-06T06:00:02.401+0000] {taskinstance.py:2865} INFO - Starting attempt 1 of 1
[2025-10-06T06:00:02.464+0000] {taskinstance.py:2888} INFO - Executing <Task(DockerOperator): apply_cordon_uncordon_node> on 2025-10-06 03:00:00+00:00
[2025-10-06T06:00:02.509+0000] {standard_task_runner.py:72} INFO - Started process 1185 to run task
[2025-10-06T06:00:02.541+0000] {standard_task_runner.py:104} INFO - Running: ['***', 'tasks', 'run', 'Cordon_Uncordon_Node', 'apply_cordon_uncordon_node', 'scheduled__2025-10-06T03:00:00+00:00', '--job-id', '395', '--raw', '--subdir', 'DAGS_FOLDER/dag_factory.py', '--cfg-path', '/tmp/tmpxe69e366']
[2025-10-06T06:00:02.549+0000] {standard_task_runner.py:105} INFO - Job 395: Subtask apply_cordon_uncordon_node
[2025-10-06T06:00:02.701+0000] {task_command.py:467} INFO - Running <TaskInstance: Cordon_Uncordon_Node.apply_cordon_uncordon_node scheduled__2025-10-06T03:00:00+00:00 [running]> on host workflow.y2twbfvcjkaujnl2bmtbxunhcb.cx.internal.cloudapp.net
[2025-10-06T06:00:02.905+0000] {taskinstance.py:3131} INFO - Exporting env vars: AIRFLOW_CTX_DAG_OWNER='***' AIRFLOW_CTX_DAG_ID='Cordon_Uncordon_Node' AIRFLOW_CTX_TASK_ID='apply_cordon_uncordon_node' AIRFLOW_CTX_EXECUTION_DATE='2025-10-06T03:00:00+00:00' AIRFLOW_CTX_TRY_NUMBER='1' AIRFLOW_CTX_DAG_RUN_ID='scheduled__2025-10-06T03:00:00+00:00'
[2025-10-06T06:00:02.911+0000] {taskinstance.py:731} INFO - ::endgroup::
[2025-10-06T06:00:03.030+0000] {docker.py:367} INFO - Starting docker container from image ***_chaos:latest
[2025-10-06T06:00:03.661+0000] {docker.py:438} INFO - The container is run as root user. For security, consider using a regular user account.
[2025-10-06T06:00:19.821+0000] {docker.py:438} INFO - 
[2025-10-06T06:00:20.715+0000] {docker.py:438} INFO - [32m[2025-10-06 06:00:20 INFO] Validating the experiment's syntax
[2025-10-06T06:00:21.197+0000] {docker.py:438} INFO - [32m[2025-10-06 06:00:21 INFO] Experiment looks valid
[2025-10-06T06:00:21.199+0000] {docker.py:438} INFO - [32m[2025-10-06 06:00:21 INFO] Running experiment: Cordon-Pod Restart Combined Experiment
[2025-10-06T06:00:21.204+0000] {docker.py:438} INFO - [32m[2025-10-06 06:00:21 INFO] Steady-state strategy: default
[2025-10-06T06:00:21.205+0000] {docker.py:438} INFO - [32m[2025-10-06 06:00:21 INFO] Rollbacks strategy: default
[2025-10-06T06:00:21.205+0000] {docker.py:438} INFO - [32m[2025-10-06 06:00:21 INFO] No steady state hypothesis defined. That's ok, just exploring.
[2025-10-06T06:00:21.206+0000] {docker.py:438} INFO - [32m[2025-10-06 06:00:21 INFO] Playing your experiment's method now...
[2025-10-06T06:00:21.206+0000] {docker.py:438} INFO - [32m[2025-10-06 06:00:21 INFO] Action: cordon-nodes
[2025-10-06T06:00:22.284+0000] {docker.py:438} INFO - [32m[2025-10-06 06:00:22 INFO] Action: continuous-pod-restart-during-cordon
[2025-10-06T06:05:08.111+0000] {docker.py:438} INFO - 🚀 Starting continuous pod restart experiment
[2025-10-06T06:05:08.111+0000] {docker.py:438} INFO - 📅 Interval: 20 seconds
[2025-10-06T06:05:08.112+0000] {docker.py:438} INFO - ⏱️  Duration: 300 seconds
[2025-10-06T06:05:08.112+0000] {docker.py:438} INFO - 🎯 Target: app=post-storage-service
[2025-10-06T06:05:08.113+0000] {docker.py:438} INFO - 📍 Namespace: default
[2025-10-06T06:05:08.113+0000] {docker.py:438} INFO - 
[2025-10-06T06:05:08.113+0000] {docker.py:438} INFO - ==================================================
[2025-10-06T06:05:08.114+0000] {docker.py:438} INFO - 🔄 Restart #1 at 2025-10-06 06:00:22
[2025-10-06T06:05:08.114+0000] {docker.py:438} INFO - ==================================================
[2025-10-06T06:05:08.115+0000] {docker.py:438} INFO - Hello world - terminate function started!
[2025-10-06T06:05:08.115+0000] {docker.py:438} INFO - Selecting pods with label_selector: app=post-storage-service
[2025-10-06T06:05:08.115+0000] {docker.py:438} INFO - Found 1 pods initially
[2025-10-06T06:05:08.116+0000] {docker.py:438} INFO - Random selection: 1 pods
[2025-10-06T06:05:08.116+0000] {docker.py:438} INFO - Deleting pod: post-storage-service-769cf6947d-q6s9n
[2025-10-06T06:05:08.117+0000] {docker.py:438} INFO - Deleted 1 pods: ['post-storage-service-769cf6947d-q6s9n']
[2025-10-06T06:05:08.117+0000] {docker.py:438} INFO - ✅ Successfully restarted pods: ['post-storage-service-769cf6947d-q6s9n']
[2025-10-06T06:05:08.117+0000] {docker.py:438} INFO - ⏳ Waiting 20 seconds until next restart...
[2025-10-06T06:05:08.118+0000] {docker.py:438} INFO - 📊 Time remaining: 300 seconds
[2025-10-06T06:05:08.118+0000] {docker.py:438} INFO - 
[2025-10-06T06:05:08.118+0000] {docker.py:438} INFO - ==================================================
[2025-10-06T06:05:08.119+0000] {docker.py:438} INFO - 🔄 Restart #2 at 2025-10-06 06:00:42
[2025-10-06T06:05:08.119+0000] {docker.py:438} INFO - ==================================================
[2025-10-06T06:05:08.120+0000] {docker.py:438} INFO - Hello world - terminate function started!
[2025-10-06T06:05:08.120+0000] {docker.py:438} INFO - Selecting pods with label_selector: app=post-storage-service
[2025-10-06T06:05:08.120+0000] {docker.py:438} INFO - Found 2 pods initially
[2025-10-06T06:05:08.121+0000] {docker.py:438} INFO - Random selection: 1 pods
[2025-10-06T06:05:08.121+0000] {docker.py:438} INFO - Deleting pod: post-storage-service-769cf6947d-q6s9n
[2025-10-06T06:05:08.121+0000] {docker.py:438} INFO - Deleted 1 pods: ['post-storage-service-769cf6947d-q6s9n']
[2025-10-06T06:05:08.122+0000] {docker.py:438} INFO - ✅ Successfully restarted pods: ['post-storage-service-769cf6947d-q6s9n']
[2025-10-06T06:05:08.122+0000] {docker.py:438} INFO - ⏳ Waiting 20 seconds until next restart...
[2025-10-06T06:05:08.123+0000] {docker.py:438} INFO - 📊 Time remaining: 279 seconds
[2025-10-06T06:05:08.123+0000] {docker.py:438} INFO - 
[2025-10-06T06:05:08.123+0000] {docker.py:438} INFO - ==================================================
[2025-10-06T06:05:08.124+0000] {docker.py:438} INFO - 🔄 Restart #3 at 2025-10-06 06:01:03
[2025-10-06T06:05:08.124+0000] {docker.py:438} INFO - ==================================================
[2025-10-06T06:05:08.124+0000] {docker.py:438} INFO - Hello world - terminate function started!
[2025-10-06T06:05:08.125+0000] {docker.py:438} INFO - Selecting pods with label_selector: app=post-storage-service
[2025-10-06T06:05:08.125+0000] {docker.py:438} INFO - Found 1 pods initially
[2025-10-06T06:05:08.125+0000] {docker.py:438} INFO - Random selection: 1 pods
[2025-10-06T06:05:08.126+0000] {docker.py:438} INFO - Deleting pod: post-storage-service-769cf6947d-8d688
[2025-10-06T06:05:08.126+0000] {docker.py:438} INFO - Deleted 1 pods: ['post-storage-service-769cf6947d-8d688']
[2025-10-06T06:05:08.126+0000] {docker.py:438} INFO - ✅ Successfully restarted pods: ['post-storage-service-769cf6947d-8d688']
[2025-10-06T06:05:08.127+0000] {docker.py:438} INFO - ⏳ Waiting 20 seconds until next restart...
[2025-10-06T06:05:08.127+0000] {docker.py:438} INFO - 📊 Time remaining: 259 seconds
[2025-10-06T06:05:08.127+0000] {docker.py:438} INFO - 
[2025-10-06T06:05:08.128+0000] {docker.py:438} INFO - ==================================================
[2025-10-06T06:05:08.128+0000] {docker.py:438} INFO - 🔄 Restart #4 at 2025-10-06 06:01:23
[2025-10-06T06:05:08.128+0000] {docker.py:438} INFO - ==================================================
[2025-10-06T06:05:08.129+0000] {docker.py:438} INFO - Hello world - terminate function started!
[2025-10-06T06:05:08.129+0000] {docker.py:438} INFO - Selecting pods with label_selector: app=post-storage-service
[2025-10-06T06:05:08.129+0000] {docker.py:438} INFO - Found 2 pods initially
[2025-10-06T06:05:08.130+0000] {docker.py:438} INFO - Random selection: 1 pods
[2025-10-06T06:05:08.130+0000] {docker.py:438} INFO - Deleting pod: post-storage-service-769cf6947d-7mhf4
[2025-10-06T06:05:08.130+0000] {docker.py:438} INFO - Deleted 1 pods: ['post-storage-service-769cf6947d-7mhf4']
[2025-10-06T06:05:08.131+0000] {docker.py:438} INFO - ✅ Successfully restarted pods: ['post-storage-service-769cf6947d-7mhf4']
[2025-10-06T06:05:08.131+0000] {docker.py:438} INFO - ⏳ Waiting 20 seconds until next restart...
[2025-10-06T06:05:08.131+0000] {docker.py:438} INFO - 📊 Time remaining: 238 seconds
[2025-10-06T06:05:08.132+0000] {docker.py:438} INFO - 
[2025-10-06T06:05:08.132+0000] {docker.py:438} INFO - ==================================================
[2025-10-06T06:05:08.133+0000] {docker.py:438} INFO - 🔄 Restart #5 at 2025-10-06 06:01:43
[2025-10-06T06:05:08.133+0000] {docker.py:438} INFO - ==================================================
[2025-10-06T06:05:08.133+0000] {docker.py:438} INFO - Hello world - terminate function started!
[2025-10-06T06:05:08.134+0000] {docker.py:438} INFO - Selecting pods with label_selector: app=post-storage-service
[2025-10-06T06:05:08.134+0000] {docker.py:438} INFO - Found 2 pods initially
[2025-10-06T06:05:08.134+0000] {docker.py:438} INFO - Random selection: 1 pods
[2025-10-06T06:05:08.135+0000] {docker.py:438} INFO - Deleting pod: post-storage-service-769cf6947d-zdrqp
[2025-10-06T06:05:08.135+0000] {docker.py:438} INFO - Deleted 1 pods: ['post-storage-service-769cf6947d-zdrqp']
[2025-10-06T06:05:08.135+0000] {docker.py:438} INFO - ✅ Successfully restarted pods: ['post-storage-service-769cf6947d-zdrqp']
[2025-10-06T06:05:08.136+0000] {docker.py:438} INFO - ⏳ Waiting 20 seconds until next restart...
[2025-10-06T06:05:08.136+0000] {docker.py:438} INFO - 📊 Time remaining: 218 seconds
[2025-10-06T06:05:08.136+0000] {docker.py:438} INFO - 
[2025-10-06T06:05:08.136+0000] {docker.py:438} INFO - ==================================================
[2025-10-06T06:05:08.137+0000] {docker.py:438} INFO - 🔄 Restart #6 at 2025-10-06 06:02:04
[2025-10-06T06:05:08.137+0000] {docker.py:438} INFO - ==================================================
[2025-10-06T06:05:08.137+0000] {docker.py:438} INFO - Hello world - terminate function started!
[2025-10-06T06:05:08.138+0000] {docker.py:438} INFO - Selecting pods with label_selector: app=post-storage-service
[2025-10-06T06:05:08.138+0000] {docker.py:438} INFO - Found 2 pods initially
[2025-10-06T06:05:08.138+0000] {docker.py:438} INFO - Random selection: 1 pods
[2025-10-06T06:05:08.139+0000] {docker.py:438} INFO - Deleting pod: post-storage-service-769cf6947d-rcz2p
[2025-10-06T06:05:08.139+0000] {docker.py:438} INFO - Deleted 1 pods: ['post-storage-service-769cf6947d-rcz2p']
[2025-10-06T06:05:08.140+0000] {docker.py:438} INFO - ✅ Successfully restarted pods: ['post-storage-service-769cf6947d-rcz2p']
[2025-10-06T06:05:08.140+0000] {docker.py:438} INFO - ⏳ Waiting 20 seconds until next restart...
[2025-10-06T06:05:08.140+0000] {docker.py:438} INFO - 📊 Time remaining: 198 seconds
[2025-10-06T06:05:08.140+0000] {docker.py:438} INFO - 
[2025-10-06T06:05:08.141+0000] {docker.py:438} INFO - ==================================================
[2025-10-06T06:05:08.141+0000] {docker.py:438} INFO - 🔄 Restart #7 at 2025-10-06 06:02:24
[2025-10-06T06:05:08.141+0000] {docker.py:438} INFO - ==================================================
[2025-10-06T06:05:08.142+0000] {docker.py:438} INFO - Hello world - terminate function started!
[2025-10-06T06:05:08.142+0000] {docker.py:438} INFO - Selecting pods with label_selector: app=post-storage-service
[2025-10-06T06:05:08.142+0000] {docker.py:438} INFO - Found 2 pods initially
[2025-10-06T06:05:08.143+0000] {docker.py:438} INFO - Random selection: 1 pods
[2025-10-06T06:05:08.143+0000] {docker.py:438} INFO - Deleting pod: post-storage-service-769cf6947d-rdjcr
[2025-10-06T06:05:08.143+0000] {docker.py:438} INFO - Deleted 1 pods: ['post-storage-service-769cf6947d-rdjcr']
[2025-10-06T06:05:08.143+0000] {docker.py:438} INFO - ✅ Successfully restarted pods: ['post-storage-service-769cf6947d-rdjcr']
[2025-10-06T06:05:08.144+0000] {docker.py:438} INFO - ⏳ Waiting 20 seconds until next restart...
[2025-10-06T06:05:08.144+0000] {docker.py:438} INFO - 📊 Time remaining: 177 seconds
[2025-10-06T06:05:08.145+0000] {docker.py:438} INFO - 
[2025-10-06T06:05:08.145+0000] {docker.py:438} INFO - ==================================================
[2025-10-06T06:05:08.145+0000] {docker.py:438} INFO - 🔄 Restart #8 at 2025-10-06 06:02:45
[2025-10-06T06:05:08.145+0000] {docker.py:438} INFO - ==================================================
[2025-10-06T06:05:08.145+0000] {docker.py:438} INFO - Hello world - terminate function started!
[2025-10-06T06:05:08.146+0000] {docker.py:438} INFO - Selecting pods with label_selector: app=post-storage-service
[2025-10-06T06:05:08.146+0000] {docker.py:438} INFO - Found 2 pods initially
[2025-10-06T06:05:08.146+0000] {docker.py:438} INFO - Random selection: 1 pods
[2025-10-06T06:05:08.146+0000] {docker.py:438} INFO - Deleting pod: post-storage-service-769cf6947d-mbn9l
[2025-10-06T06:05:08.148+0000] {docker.py:438} INFO - Deleted 1 pods: ['post-storage-service-769cf6947d-mbn9l']
[2025-10-06T06:05:08.149+0000] {docker.py:438} INFO - ✅ Successfully restarted pods: ['post-storage-service-769cf6947d-mbn9l']
[2025-10-06T06:05:08.149+0000] {docker.py:438} INFO - ⏳ Waiting 20 seconds until next restart...
[2025-10-06T06:05:08.149+0000] {docker.py:438} INFO - 📊 Time remaining: 157 seconds
[2025-10-06T06:05:08.150+0000] {docker.py:438} INFO - 
[2025-10-06T06:05:08.150+0000] {docker.py:438} INFO - ==================================================
[2025-10-06T06:05:08.150+0000] {docker.py:438} INFO - 🔄 Restart #9 at 2025-10-06 06:03:05
[2025-10-06T06:05:08.150+0000] {docker.py:438} INFO - ==================================================
[2025-10-06T06:05:08.151+0000] {docker.py:438} INFO - Hello world - terminate function started!
[2025-10-06T06:05:08.151+0000] {docker.py:438} INFO - Selecting pods with label_selector: app=post-storage-service
[2025-10-06T06:05:08.151+0000] {docker.py:438} INFO - Found 2 pods initially
[2025-10-06T06:05:08.152+0000] {docker.py:438} INFO - Random selection: 1 pods
[2025-10-06T06:05:08.152+0000] {docker.py:438} INFO - Deleting pod: post-storage-service-769cf6947d-dc2hk
[2025-10-06T06:05:08.152+0000] {docker.py:438} INFO - Deleted 1 pods: ['post-storage-service-769cf6947d-dc2hk']
[2025-10-06T06:05:08.152+0000] {docker.py:438} INFO - ✅ Successfully restarted pods: ['post-storage-service-769cf6947d-dc2hk']
[2025-10-06T06:05:08.153+0000] {docker.py:438} INFO - ⏳ Waiting 20 seconds until next restart...
[2025-10-06T06:05:08.153+0000] {docker.py:438} INFO - 📊 Time remaining: 136 seconds
[2025-10-06T06:05:08.153+0000] {docker.py:438} INFO - 
[2025-10-06T06:05:08.154+0000] {docker.py:438} INFO - ==================================================
[2025-10-06T06:05:08.154+0000] {docker.py:438} INFO - 🔄 Restart #10 at 2025-10-06 06:03:26
[2025-10-06T06:05:08.154+0000] {docker.py:438} INFO - ==================================================
[2025-10-06T06:05:08.155+0000] {docker.py:438} INFO - Hello world - terminate function started!
[2025-10-06T06:05:08.155+0000] {docker.py:438} INFO - Selecting pods with label_selector: app=post-storage-service
[2025-10-06T06:05:08.155+0000] {docker.py:438} INFO - Found 2 pods initially
[2025-10-06T06:05:08.155+0000] {docker.py:438} INFO - Random selection: 1 pods
[2025-10-06T06:05:08.156+0000] {docker.py:438} INFO - Deleting pod: post-storage-service-769cf6947d-dc2hk
[2025-10-06T06:05:08.156+0000] {docker.py:438} INFO - Deleted 1 pods: ['post-storage-service-769cf6947d-dc2hk']
[2025-10-06T06:05:08.156+0000] {docker.py:438} INFO - ✅ Successfully restarted pods: ['post-storage-service-769cf6947d-dc2hk']
[2025-10-06T06:05:08.157+0000] {docker.py:438} INFO - ⏳ Waiting 20 seconds until next restart...
[2025-10-06T06:05:08.157+0000] {docker.py:438} INFO - 📊 Time remaining: 116 seconds
[2025-10-06T06:05:08.157+0000] {docker.py:438} INFO - 
[2025-10-06T06:05:08.158+0000] {docker.py:438} INFO - ==================================================
[2025-10-06T06:05:08.158+0000] {docker.py:438} INFO - 🔄 Restart #11 at 2025-10-06 06:03:46
[2025-10-06T06:05:08.158+0000] {docker.py:438} INFO - ==================================================
[2025-10-06T06:05:08.158+0000] {docker.py:438} INFO - Hello world - terminate function started!
[2025-10-06T06:05:08.159+0000] {docker.py:438} INFO - Selecting pods with label_selector: app=post-storage-service
[2025-10-06T06:05:08.159+0000] {docker.py:438} INFO - Found 1 pods initially
[2025-10-06T06:05:08.159+0000] {docker.py:438} INFO - Random selection: 1 pods
[2025-10-06T06:05:08.160+0000] {docker.py:438} INFO - Deleting pod: post-storage-service-769cf6947d-qjg8d
[2025-10-06T06:05:08.160+0000] {docker.py:438} INFO - Deleted 1 pods: ['post-storage-service-769cf6947d-qjg8d']
[2025-10-06T06:05:08.160+0000] {docker.py:438} INFO - ✅ Successfully restarted pods: ['post-storage-service-769cf6947d-qjg8d']
[2025-10-06T06:05:08.160+0000] {docker.py:438} INFO - ⏳ Waiting 20 seconds until next restart...
[2025-10-06T06:05:08.160+0000] {docker.py:438} INFO - 📊 Time remaining: 95 seconds
[2025-10-06T06:05:08.160+0000] {docker.py:438} INFO - 
[2025-10-06T06:05:08.161+0000] {docker.py:438} INFO - ==================================================
[2025-10-06T06:05:08.161+0000] {docker.py:438} INFO - 🔄 Restart #12 at 2025-10-06 06:04:06
[2025-10-06T06:05:08.161+0000] {docker.py:438} INFO - ==================================================
[2025-10-06T06:05:08.161+0000] {docker.py:438} INFO - Hello world - terminate function started!
[2025-10-06T06:05:08.162+0000] {docker.py:438} INFO - Selecting pods with label_selector: app=post-storage-service
[2025-10-06T06:05:08.162+0000] {docker.py:438} INFO - Found 2 pods initially
[2025-10-06T06:05:08.162+0000] {docker.py:438} INFO - Random selection: 1 pods
[2025-10-06T06:05:08.162+0000] {docker.py:438} INFO - Deleting pod: post-storage-service-769cf6947d-mkc4l
[2025-10-06T06:05:08.163+0000] {docker.py:438} INFO - Deleted 1 pods: ['post-storage-service-769cf6947d-mkc4l']
[2025-10-06T06:05:08.163+0000] {docker.py:438} INFO - ✅ Successfully restarted pods: ['post-storage-service-769cf6947d-mkc4l']
[2025-10-06T06:05:08.163+0000] {docker.py:438} INFO - ⏳ Waiting 20 seconds until next restart...
[2025-10-06T06:05:08.164+0000] {docker.py:438} INFO - 📊 Time remaining: 75 seconds
[2025-10-06T06:05:08.164+0000] {docker.py:438} INFO - 
[2025-10-06T06:05:08.164+0000] {docker.py:438} INFO - ==================================================
[2025-10-06T06:05:08.164+0000] {docker.py:438} INFO - 🔄 Restart #13 at 2025-10-06 06:04:27
[2025-10-06T06:05:08.165+0000] {docker.py:438} INFO - ==================================================
[2025-10-06T06:05:08.165+0000] {docker.py:438} INFO - Hello world - terminate function started!
[2025-10-06T06:05:08.165+0000] {docker.py:438} INFO - Selecting pods with label_selector: app=post-storage-service
[2025-10-06T06:05:08.166+0000] {docker.py:438} INFO - Found 2 pods initially
[2025-10-06T06:05:08.166+0000] {docker.py:438} INFO - Random selection: 1 pods
[2025-10-06T06:05:08.166+0000] {docker.py:438} INFO - Deleting pod: post-storage-service-769cf6947d-mkc4l
[2025-10-06T06:05:08.166+0000] {docker.py:438} INFO - Deleted 1 pods: ['post-storage-service-769cf6947d-mkc4l']
[2025-10-06T06:05:08.167+0000] {docker.py:438} INFO - ✅ Successfully restarted pods: ['post-storage-service-769cf6947d-mkc4l']
[2025-10-06T06:05:08.167+0000] {docker.py:438} INFO - ⏳ Waiting 20 seconds until next restart...
[2025-10-06T06:05:08.167+0000] {docker.py:438} INFO - 📊 Time remaining: 55 seconds
[2025-10-06T06:05:08.168+0000] {docker.py:438} INFO - 
[2025-10-06T06:05:08.168+0000] {docker.py:438} INFO - ==================================================
[2025-10-06T06:05:08.168+0000] {docker.py:438} INFO - 🔄 Restart #14 at 2025-10-06 06:04:47
[2025-10-06T06:05:08.168+0000] {docker.py:438} INFO - ==================================================
[2025-10-06T06:05:08.169+0000] {docker.py:438} INFO - Hello world - terminate function started!
[2025-10-06T06:05:08.169+0000] {docker.py:438} INFO - Selecting pods with label_selector: app=post-storage-service
[2025-10-06T06:05:08.169+0000] {docker.py:438} INFO - Found 1 pods initially
[2025-10-06T06:05:08.170+0000] {docker.py:438} INFO - Random selection: 1 pods
[2025-10-06T06:05:08.170+0000] {docker.py:438} INFO - Deleting pod: post-storage-service-769cf6947d-7lrk4
[2025-10-06T06:05:08.170+0000] {docker.py:438} INFO - Deleted 1 pods: ['post-storage-service-769cf6947d-7lrk4']
[2025-10-06T06:05:08.171+0000] {docker.py:438} INFO - ✅ Successfully restarted pods: ['post-storage-service-769cf6947d-7lrk4']
[2025-10-06T06:05:08.171+0000] {docker.py:438} INFO - ⏳ Waiting 20 seconds until next restart...
[2025-10-06T06:05:08.171+0000] {docker.py:438} INFO - 📊 Time remaining: 34 seconds
[2025-10-06T06:05:08.172+0000] {docker.py:438} INFO - 
[2025-10-06T06:05:08.172+0000] {docker.py:438} INFO - ==================================================
[2025-10-06T06:05:08.172+0000] {docker.py:438} INFO - 🔄 Restart #15 at 2025-10-06 06:05:08
[2025-10-06T06:05:08.172+0000] {docker.py:438} INFO - ==================================================
[2025-10-06T06:05:08.173+0000] {docker.py:438} INFO - Hello world - terminate function started!
[2025-10-06T06:05:08.173+0000] {docker.py:438} INFO - Selecting pods with label_selector: app=post-storage-service
[2025-10-06T06:05:08.564+0000] {docker.py:438} INFO - [32m[2025-10-06 06:05:08 INFO] Let's rollback...
[2025-10-06T06:05:08.565+0000] {docker.py:438} INFO - [32m[2025-10-06 06:05:08 INFO] Rollback: uncordon-all-nodes
[2025-10-06T06:05:08.565+0000] {docker.py:438} INFO - [32m[2025-10-06 06:05:08 INFO] Action: uncordon-all-nodes
[2025-10-06T06:05:09.514+0000] {docker.py:438} INFO - [32m[2025-10-06 06:05:09 INFO] Experiment ended with status: completed
[2025-10-06T06:05:09.515+0000] {docker.py:438} INFO - Found 2 pods initially
[2025-10-06T06:05:09.516+0000] {docker.py:438} INFO - Random selection: 1 pods
[2025-10-06T06:05:09.517+0000] {docker.py:438} INFO - Deleting pod: post-storage-service-769cf6947d-6hcp7
[2025-10-06T06:05:09.517+0000] {docker.py:438} INFO - Deleted 1 pods: ['post-storage-service-769cf6947d-6hcp7']
[2025-10-06T06:05:09.517+0000] {docker.py:438} INFO - ✅ Successfully restarted pods: ['post-storage-service-769cf6947d-6hcp7']
[2025-10-06T06:05:09.518+0000] {docker.py:438} INFO - ⏰ Less than 20 seconds remaining, stopping experiment
[2025-10-06T06:05:09.518+0000] {docker.py:438} INFO - 
[2025-10-06T06:05:09.518+0000] {docker.py:438} INFO - ==================================================
[2025-10-06T06:05:09.519+0000] {docker.py:438} INFO - 🏁 Experiment Completed!
[2025-10-06T06:05:09.519+0000] {docker.py:438} INFO - ==================================================
[2025-10-06T06:05:09.519+0000] {docker.py:438} INFO - 📈 Total restarts performed: 15
[2025-10-06T06:05:09.520+0000] {docker.py:438} INFO - ⏱️  Total duration: 286 seconds
[2025-10-06T06:05:09.520+0000] {docker.py:438} INFO - 📊 Average interval: 19.1 seconds
[2025-10-06T06:05:09.856+0000] {taskinstance.py:340} INFO - ::group::Post task execution logs
[2025-10-06T06:05:09.856+0000] {taskinstance.py:352} INFO - Marking task as SUCCESS. dag_id=Cordon_Uncordon_Node, task_id=apply_cordon_uncordon_node, run_id=scheduled__2025-10-06T03:00:00+00:00, execution_date=20251006T030000, start_date=20251006T060002, end_date=20251006T060509
[2025-10-06T06:05:09.917+0000] {local_task_job_runner.py:266} INFO - Task exited with return code 0
[2025-10-06T06:05:09.934+0000] {taskinstance.py:3900} INFO - 0 downstream tasks scheduled from follow-on schedule check
[2025-10-06T06:05:09.936+0000] {local_task_job_runner.py:245} INFO - ::endgroup::
