[2025-10-12T03:00:03.067+0000] {local_task_job_runner.py:123} INFO - ::group::Pre task execution logs
[2025-10-12T03:00:03.119+0000] {taskinstance.py:2612} INFO - Dependencies all met for dep_context=non-requeueable deps ti=<TaskInstance: Cordon_Uncordon_Node.apply_cordon_uncordon_node scheduled__2025-10-12T00:00:00+00:00 [queued]>
[2025-10-12T03:00:03.148+0000] {taskinstance.py:2612} INFO - Dependencies all met for dep_context=requeueable deps ti=<TaskInstance: Cordon_Uncordon_Node.apply_cordon_uncordon_node scheduled__2025-10-12T00:00:00+00:00 [queued]>
[2025-10-12T03:00:03.148+0000] {taskinstance.py:2865} INFO - Starting attempt 1 of 1
[2025-10-12T03:00:03.216+0000] {taskinstance.py:2888} INFO - Executing <Task(DockerOperator): apply_cordon_uncordon_node> on 2025-10-12 00:00:00+00:00
[2025-10-12T03:00:03.249+0000] {standard_task_runner.py:72} INFO - Started process 440 to run task
[2025-10-12T03:00:03.272+0000] {standard_task_runner.py:104} INFO - Running: ['***', 'tasks', 'run', 'Cordon_Uncordon_Node', 'apply_cordon_uncordon_node', 'scheduled__2025-10-12T00:00:00+00:00', '--job-id', '7818', '--raw', '--subdir', 'DAGS_FOLDER/dag_factory.py', '--cfg-path', '/tmp/tmpsu7c5qkq']
[2025-10-12T03:00:03.284+0000] {standard_task_runner.py:105} INFO - Job 7818: Subtask apply_cordon_uncordon_node
[2025-10-12T03:00:03.510+0000] {task_command.py:467} INFO - Running <TaskInstance: Cordon_Uncordon_Node.apply_cordon_uncordon_node scheduled__2025-10-12T00:00:00+00:00 [running]> on host workflow.y2twbfvcjkaujnl2bmtbxunhcb.cx.internal.cloudapp.net
[2025-10-12T03:00:03.812+0000] {taskinstance.py:3131} INFO - Exporting env vars: AIRFLOW_CTX_DAG_OWNER='***' AIRFLOW_CTX_DAG_ID='Cordon_Uncordon_Node' AIRFLOW_CTX_TASK_ID='apply_cordon_uncordon_node' AIRFLOW_CTX_EXECUTION_DATE='2025-10-12T00:00:00+00:00' AIRFLOW_CTX_TRY_NUMBER='1' AIRFLOW_CTX_DAG_RUN_ID='scheduled__2025-10-12T00:00:00+00:00'
[2025-10-12T03:00:03.820+0000] {taskinstance.py:731} INFO - ::endgroup::
[2025-10-12T03:00:03.898+0000] {docker.py:367} INFO - Starting docker container from image ***_chaos:latest
[2025-10-12T03:00:04.700+0000] {docker.py:438} INFO - The container is run as root user. For security, consider using a regular user account.
[2025-10-12T03:00:24.628+0000] {docker.py:438} INFO - 
[2025-10-12T03:00:26.069+0000] {docker.py:438} INFO - [32m[2025-10-12 03:00:26 INFO] Validating the experiment's syntax
[2025-10-12T03:00:26.693+0000] {docker.py:438} INFO - [32m[2025-10-12 03:00:26 INFO] Experiment looks valid
[2025-10-12T03:00:26.694+0000] {docker.py:438} INFO - [32m[2025-10-12 03:00:26 INFO] Running experiment: Cordon-Pod Restart Combined Experiment
[2025-10-12T03:00:26.697+0000] {docker.py:438} INFO - [32m[2025-10-12 03:00:26 INFO] Steady-state strategy: default
[2025-10-12T03:00:26.700+0000] {docker.py:438} INFO - [32m[2025-10-12 03:00:26 INFO] Rollbacks strategy: default
[2025-10-12T03:00:26.700+0000] {docker.py:438} INFO - [32m[2025-10-12 03:00:26 INFO] No steady state hypothesis defined. That's ok, just exploring.
[2025-10-12T03:00:26.701+0000] {docker.py:438} INFO - [32m[2025-10-12 03:00:26 INFO] Playing your experiment's method now...
[2025-10-12T03:00:26.701+0000] {docker.py:438} INFO - [32m[2025-10-12 03:00:26 INFO] Action: cordon-nodes
[2025-10-12T03:00:27.708+0000] {docker.py:438} INFO - [32m[2025-10-12 03:00:27 INFO] Action: continuous-pod-restart-during-cordon
[2025-10-12T03:05:12.735+0000] {docker.py:438} INFO - 🚀 Starting continuous pod restart experiment
[2025-10-12T03:05:12.736+0000] {docker.py:438} INFO - 📅 Interval: 20 seconds
[2025-10-12T03:05:12.736+0000] {docker.py:438} INFO - ⏱️  Duration: 300 seconds
[2025-10-12T03:05:12.736+0000] {docker.py:438} INFO - 🎯 Target: app=post-storage-service
[2025-10-12T03:05:12.736+0000] {docker.py:438} INFO - 📍 Namespace: default
[2025-10-12T03:05:12.737+0000] {docker.py:438} INFO - 
[2025-10-12T03:05:12.737+0000] {docker.py:438} INFO - ==================================================
[2025-10-12T03:05:12.737+0000] {docker.py:438} INFO - 🔄 Restart #1 at 2025-10-12 03:00:27
[2025-10-12T03:05:12.738+0000] {docker.py:438} INFO - ==================================================
[2025-10-12T03:05:12.738+0000] {docker.py:438} INFO - Hello world - terminate function started!
[2025-10-12T03:05:12.738+0000] {docker.py:438} INFO - Selecting pods with label_selector: app=post-storage-service
[2025-10-12T03:05:12.738+0000] {docker.py:438} INFO - Found 1 pods initially
[2025-10-12T03:05:12.739+0000] {docker.py:438} INFO - Random selection: 1 pods
[2025-10-12T03:05:12.739+0000] {docker.py:438} INFO - Deleting pod: post-storage-service-6cbbf5f9fb-wcsp5
[2025-10-12T03:05:12.739+0000] {docker.py:438} INFO - Deleted 1 pods: ['post-storage-service-6cbbf5f9fb-wcsp5']
[2025-10-12T03:05:12.739+0000] {docker.py:438} INFO - ✅ Successfully restarted pods: ['post-storage-service-6cbbf5f9fb-wcsp5']
[2025-10-12T03:05:12.740+0000] {docker.py:438} INFO - ⏳ Waiting 20 seconds until next restart...
[2025-10-12T03:05:12.740+0000] {docker.py:438} INFO - 📊 Time remaining: 300 seconds
[2025-10-12T03:05:12.740+0000] {docker.py:438} INFO - 
[2025-10-12T03:05:12.740+0000] {docker.py:438} INFO - ==================================================
[2025-10-12T03:05:12.741+0000] {docker.py:438} INFO - 🔄 Restart #2 at 2025-10-12 03:00:48
[2025-10-12T03:05:12.741+0000] {docker.py:438} INFO - ==================================================
[2025-10-12T03:05:12.741+0000] {docker.py:438} INFO - Hello world - terminate function started!
[2025-10-12T03:05:12.741+0000] {docker.py:438} INFO - Selecting pods with label_selector: app=post-storage-service
[2025-10-12T03:05:12.742+0000] {docker.py:438} INFO - Found 1 pods initially
[2025-10-12T03:05:12.742+0000] {docker.py:438} INFO - Random selection: 1 pods
[2025-10-12T03:05:12.742+0000] {docker.py:438} INFO - Deleting pod: post-storage-service-6cbbf5f9fb-h5wqz
[2025-10-12T03:05:12.742+0000] {docker.py:438} INFO - Deleted 1 pods: ['post-storage-service-6cbbf5f9fb-h5wqz']
[2025-10-12T03:05:12.743+0000] {docker.py:438} INFO - ✅ Successfully restarted pods: ['post-storage-service-6cbbf5f9fb-h5wqz']
[2025-10-12T03:05:12.743+0000] {docker.py:438} INFO - ⏳ Waiting 20 seconds until next restart...
[2025-10-12T03:05:12.743+0000] {docker.py:438} INFO - 📊 Time remaining: 279 seconds
[2025-10-12T03:05:12.743+0000] {docker.py:438} INFO - 
[2025-10-12T03:05:12.744+0000] {docker.py:438} INFO - ==================================================
[2025-10-12T03:05:12.744+0000] {docker.py:438} INFO - 🔄 Restart #3 at 2025-10-12 03:01:08
[2025-10-12T03:05:12.744+0000] {docker.py:438} INFO - ==================================================
[2025-10-12T03:05:12.744+0000] {docker.py:438} INFO - Hello world - terminate function started!
[2025-10-12T03:05:12.745+0000] {docker.py:438} INFO - Selecting pods with label_selector: app=post-storage-service
[2025-10-12T03:05:12.745+0000] {docker.py:438} INFO - Found 1 pods initially
[2025-10-12T03:05:12.745+0000] {docker.py:438} INFO - Random selection: 1 pods
[2025-10-12T03:05:12.745+0000] {docker.py:438} INFO - Deleting pod: post-storage-service-6cbbf5f9fb-btbc6
[2025-10-12T03:05:12.746+0000] {docker.py:438} INFO - Deleted 1 pods: ['post-storage-service-6cbbf5f9fb-btbc6']
[2025-10-12T03:05:12.746+0000] {docker.py:438} INFO - ✅ Successfully restarted pods: ['post-storage-service-6cbbf5f9fb-btbc6']
[2025-10-12T03:05:12.746+0000] {docker.py:438} INFO - ⏳ Waiting 20 seconds until next restart...
[2025-10-12T03:05:12.747+0000] {docker.py:438} INFO - 📊 Time remaining: 259 seconds
[2025-10-12T03:05:12.747+0000] {docker.py:438} INFO - 
[2025-10-12T03:05:12.747+0000] {docker.py:438} INFO - ==================================================
[2025-10-12T03:05:12.748+0000] {docker.py:438} INFO - 🔄 Restart #4 at 2025-10-12 03:01:28
[2025-10-12T03:05:12.748+0000] {docker.py:438} INFO - ==================================================
[2025-10-12T03:05:12.749+0000] {docker.py:438} INFO - Hello world - terminate function started!
[2025-10-12T03:05:12.749+0000] {docker.py:438} INFO - Selecting pods with label_selector: app=post-storage-service
[2025-10-12T03:05:12.749+0000] {docker.py:438} INFO - Found 1 pods initially
[2025-10-12T03:05:12.750+0000] {docker.py:438} INFO - Random selection: 1 pods
[2025-10-12T03:05:12.750+0000] {docker.py:438} INFO - Deleting pod: post-storage-service-6cbbf5f9fb-94pfm
[2025-10-12T03:05:12.751+0000] {docker.py:438} INFO - Deleted 1 pods: ['post-storage-service-6cbbf5f9fb-94pfm']
[2025-10-12T03:05:12.751+0000] {docker.py:438} INFO - ✅ Successfully restarted pods: ['post-storage-service-6cbbf5f9fb-94pfm']
[2025-10-12T03:05:12.751+0000] {docker.py:438} INFO - ⏳ Waiting 20 seconds until next restart...
[2025-10-12T03:05:12.752+0000] {docker.py:438} INFO - 📊 Time remaining: 238 seconds
[2025-10-12T03:05:12.752+0000] {docker.py:438} INFO - 
[2025-10-12T03:05:12.752+0000] {docker.py:438} INFO - ==================================================
[2025-10-12T03:05:12.753+0000] {docker.py:438} INFO - 🔄 Restart #5 at 2025-10-12 03:01:49
[2025-10-12T03:05:12.753+0000] {docker.py:438} INFO - ==================================================
[2025-10-12T03:05:12.754+0000] {docker.py:438} INFO - Hello world - terminate function started!
[2025-10-12T03:05:12.754+0000] {docker.py:438} INFO - Selecting pods with label_selector: app=post-storage-service
[2025-10-12T03:05:12.755+0000] {docker.py:438} INFO - Found 1 pods initially
[2025-10-12T03:05:12.755+0000] {docker.py:438} INFO - Random selection: 1 pods
[2025-10-12T03:05:12.755+0000] {docker.py:438} INFO - Deleting pod: post-storage-service-6cbbf5f9fb-2vclb
[2025-10-12T03:05:12.756+0000] {docker.py:438} INFO - Deleted 1 pods: ['post-storage-service-6cbbf5f9fb-2vclb']
[2025-10-12T03:05:12.756+0000] {docker.py:438} INFO - ✅ Successfully restarted pods: ['post-storage-service-6cbbf5f9fb-2vclb']
[2025-10-12T03:05:12.756+0000] {docker.py:438} INFO - ⏳ Waiting 20 seconds until next restart...
[2025-10-12T03:05:12.757+0000] {docker.py:438} INFO - 📊 Time remaining: 218 seconds
[2025-10-12T03:05:12.757+0000] {docker.py:438} INFO - 
[2025-10-12T03:05:12.758+0000] {docker.py:438} INFO - ==================================================
[2025-10-12T03:05:12.758+0000] {docker.py:438} INFO - 🔄 Restart #6 at 2025-10-12 03:02:09
[2025-10-12T03:05:12.758+0000] {docker.py:438} INFO - ==================================================
[2025-10-12T03:05:12.759+0000] {docker.py:438} INFO - Hello world - terminate function started!
[2025-10-12T03:05:12.759+0000] {docker.py:438} INFO - Selecting pods with label_selector: app=post-storage-service
[2025-10-12T03:05:12.759+0000] {docker.py:438} INFO - Found 1 pods initially
[2025-10-12T03:05:12.759+0000] {docker.py:438} INFO - Random selection: 1 pods
[2025-10-12T03:05:12.760+0000] {docker.py:438} INFO - Deleting pod: post-storage-service-6cbbf5f9fb-6pn7d
[2025-10-12T03:05:12.760+0000] {docker.py:438} INFO - Deleted 1 pods: ['post-storage-service-6cbbf5f9fb-6pn7d']
[2025-10-12T03:05:12.760+0000] {docker.py:438} INFO - ✅ Successfully restarted pods: ['post-storage-service-6cbbf5f9fb-6pn7d']
[2025-10-12T03:05:12.760+0000] {docker.py:438} INFO - ⏳ Waiting 20 seconds until next restart...
[2025-10-12T03:05:12.761+0000] {docker.py:438} INFO - 📊 Time remaining: 198 seconds
[2025-10-12T03:05:12.761+0000] {docker.py:438} INFO - 
[2025-10-12T03:05:12.761+0000] {docker.py:438} INFO - ==================================================
[2025-10-12T03:05:12.761+0000] {docker.py:438} INFO - 🔄 Restart #7 at 2025-10-12 03:02:29
[2025-10-12T03:05:12.761+0000] {docker.py:438} INFO - ==================================================
[2025-10-12T03:05:12.762+0000] {docker.py:438} INFO - Hello world - terminate function started!
[2025-10-12T03:05:12.762+0000] {docker.py:438} INFO - Selecting pods with label_selector: app=post-storage-service
[2025-10-12T03:05:12.762+0000] {docker.py:438} INFO - Found 1 pods initially
[2025-10-12T03:05:12.762+0000] {docker.py:438} INFO - Random selection: 1 pods
[2025-10-12T03:05:12.763+0000] {docker.py:438} INFO - Deleting pod: post-storage-service-6cbbf5f9fb-7jt24
[2025-10-12T03:05:12.763+0000] {docker.py:438} INFO - Deleted 1 pods: ['post-storage-service-6cbbf5f9fb-7jt24']
[2025-10-12T03:05:12.763+0000] {docker.py:438} INFO - ✅ Successfully restarted pods: ['post-storage-service-6cbbf5f9fb-7jt24']
[2025-10-12T03:05:12.763+0000] {docker.py:438} INFO - ⏳ Waiting 20 seconds until next restart...
[2025-10-12T03:05:12.763+0000] {docker.py:438} INFO - 📊 Time remaining: 177 seconds
[2025-10-12T03:05:12.764+0000] {docker.py:438} INFO - 
[2025-10-12T03:05:12.764+0000] {docker.py:438} INFO - ==================================================
[2025-10-12T03:05:12.764+0000] {docker.py:438} INFO - 🔄 Restart #8 at 2025-10-12 03:02:50
[2025-10-12T03:05:12.764+0000] {docker.py:438} INFO - ==================================================
[2025-10-12T03:05:12.765+0000] {docker.py:438} INFO - Hello world - terminate function started!
[2025-10-12T03:05:12.765+0000] {docker.py:438} INFO - Selecting pods with label_selector: app=post-storage-service
[2025-10-12T03:05:12.765+0000] {docker.py:438} INFO - Found 1 pods initially
[2025-10-12T03:05:12.765+0000] {docker.py:438} INFO - Random selection: 1 pods
[2025-10-12T03:05:12.765+0000] {docker.py:438} INFO - Deleting pod: post-storage-service-6cbbf5f9fb-cjbv4
[2025-10-12T03:05:12.766+0000] {docker.py:438} INFO - Deleted 1 pods: ['post-storage-service-6cbbf5f9fb-cjbv4']
[2025-10-12T03:05:12.766+0000] {docker.py:438} INFO - ✅ Successfully restarted pods: ['post-storage-service-6cbbf5f9fb-cjbv4']
[2025-10-12T03:05:12.766+0000] {docker.py:438} INFO - ⏳ Waiting 20 seconds until next restart...
[2025-10-12T03:05:12.766+0000] {docker.py:438} INFO - 📊 Time remaining: 157 seconds
[2025-10-12T03:05:12.766+0000] {docker.py:438} INFO - 
[2025-10-12T03:05:12.767+0000] {docker.py:438} INFO - ==================================================
[2025-10-12T03:05:12.767+0000] {docker.py:438} INFO - 🔄 Restart #9 at 2025-10-12 03:03:10
[2025-10-12T03:05:12.767+0000] {docker.py:438} INFO - ==================================================
[2025-10-12T03:05:12.767+0000] {docker.py:438} INFO - Hello world - terminate function started!
[2025-10-12T03:05:12.768+0000] {docker.py:438} INFO - Selecting pods with label_selector: app=post-storage-service
[2025-10-12T03:05:12.768+0000] {docker.py:438} INFO - Found 1 pods initially
[2025-10-12T03:05:12.768+0000] {docker.py:438} INFO - Random selection: 1 pods
[2025-10-12T03:05:12.768+0000] {docker.py:438} INFO - Deleting pod: post-storage-service-6cbbf5f9fb-hnb7q
[2025-10-12T03:05:12.768+0000] {docker.py:438} INFO - Deleted 1 pods: ['post-storage-service-6cbbf5f9fb-hnb7q']
[2025-10-12T03:05:12.769+0000] {docker.py:438} INFO - ✅ Successfully restarted pods: ['post-storage-service-6cbbf5f9fb-hnb7q']
[2025-10-12T03:05:12.769+0000] {docker.py:438} INFO - ⏳ Waiting 20 seconds until next restart...
[2025-10-12T03:05:12.769+0000] {docker.py:438} INFO - 📊 Time remaining: 137 seconds
[2025-10-12T03:05:12.769+0000] {docker.py:438} INFO - 
[2025-10-12T03:05:12.770+0000] {docker.py:438} INFO - ==================================================
[2025-10-12T03:05:12.770+0000] {docker.py:438} INFO - 🔄 Restart #10 at 2025-10-12 03:03:30
[2025-10-12T03:05:12.770+0000] {docker.py:438} INFO - ==================================================
[2025-10-12T03:05:12.770+0000] {docker.py:438} INFO - Hello world - terminate function started!
[2025-10-12T03:05:12.770+0000] {docker.py:438} INFO - Selecting pods with label_selector: app=post-storage-service
[2025-10-12T03:05:12.771+0000] {docker.py:438} INFO - Found 1 pods initially
[2025-10-12T03:05:12.771+0000] {docker.py:438} INFO - Random selection: 1 pods
[2025-10-12T03:05:12.771+0000] {docker.py:438} INFO - Deleting pod: post-storage-service-6cbbf5f9fb-r7pjn
[2025-10-12T03:05:12.771+0000] {docker.py:438} INFO - Deleted 1 pods: ['post-storage-service-6cbbf5f9fb-r7pjn']
[2025-10-12T03:05:12.772+0000] {docker.py:438} INFO - ✅ Successfully restarted pods: ['post-storage-service-6cbbf5f9fb-r7pjn']
[2025-10-12T03:05:12.772+0000] {docker.py:438} INFO - ⏳ Waiting 20 seconds until next restart...
[2025-10-12T03:05:12.772+0000] {docker.py:438} INFO - 📊 Time remaining: 116 seconds
[2025-10-12T03:05:12.772+0000] {docker.py:438} INFO - 
[2025-10-12T03:05:12.772+0000] {docker.py:438} INFO - ==================================================
[2025-10-12T03:05:12.773+0000] {docker.py:438} INFO - 🔄 Restart #11 at 2025-10-12 03:03:51
[2025-10-12T03:05:12.773+0000] {docker.py:438} INFO - ==================================================
[2025-10-12T03:05:12.773+0000] {docker.py:438} INFO - Hello world - terminate function started!
[2025-10-12T03:05:12.773+0000] {docker.py:438} INFO - Selecting pods with label_selector: app=post-storage-service
[2025-10-12T03:05:12.774+0000] {docker.py:438} INFO - Found 1 pods initially
[2025-10-12T03:05:12.774+0000] {docker.py:438} INFO - Random selection: 1 pods
[2025-10-12T03:05:12.774+0000] {docker.py:438} INFO - Deleting pod: post-storage-service-6cbbf5f9fb-phpq4
[2025-10-12T03:05:12.774+0000] {docker.py:438} INFO - Deleted 1 pods: ['post-storage-service-6cbbf5f9fb-phpq4']
[2025-10-12T03:05:12.774+0000] {docker.py:438} INFO - ✅ Successfully restarted pods: ['post-storage-service-6cbbf5f9fb-phpq4']
[2025-10-12T03:05:12.775+0000] {docker.py:438} INFO - ⏳ Waiting 20 seconds until next restart...
[2025-10-12T03:05:12.775+0000] {docker.py:438} INFO - 📊 Time remaining: 96 seconds
[2025-10-12T03:05:12.775+0000] {docker.py:438} INFO - 
[2025-10-12T03:05:12.775+0000] {docker.py:438} INFO - ==================================================
[2025-10-12T03:05:12.775+0000] {docker.py:438} INFO - 🔄 Restart #12 at 2025-10-12 03:04:11
[2025-10-12T03:05:12.776+0000] {docker.py:438} INFO - ==================================================
[2025-10-12T03:05:12.776+0000] {docker.py:438} INFO - Hello world - terminate function started!
[2025-10-12T03:05:12.776+0000] {docker.py:438} INFO - Selecting pods with label_selector: app=post-storage-service
[2025-10-12T03:05:12.776+0000] {docker.py:438} INFO - Found 1 pods initially
[2025-10-12T03:05:12.777+0000] {docker.py:438} INFO - Random selection: 1 pods
[2025-10-12T03:05:12.777+0000] {docker.py:438} INFO - Deleting pod: post-storage-service-6cbbf5f9fb-hxfkh
[2025-10-12T03:05:12.777+0000] {docker.py:438} INFO - Deleted 1 pods: ['post-storage-service-6cbbf5f9fb-hxfkh']
[2025-10-12T03:05:12.777+0000] {docker.py:438} INFO - ✅ Successfully restarted pods: ['post-storage-service-6cbbf5f9fb-hxfkh']
[2025-10-12T03:05:12.778+0000] {docker.py:438} INFO - ⏳ Waiting 20 seconds until next restart...
[2025-10-12T03:05:12.778+0000] {docker.py:438} INFO - 📊 Time remaining: 76 seconds
[2025-10-12T03:05:12.778+0000] {docker.py:438} INFO - 
[2025-10-12T03:05:12.778+0000] {docker.py:438} INFO - ==================================================
[2025-10-12T03:05:12.779+0000] {docker.py:438} INFO - 🔄 Restart #13 at 2025-10-12 03:04:32
[2025-10-12T03:05:12.779+0000] {docker.py:438} INFO - ==================================================
[2025-10-12T03:05:12.779+0000] {docker.py:438} INFO - Hello world - terminate function started!
[2025-10-12T03:05:12.779+0000] {docker.py:438} INFO - Selecting pods with label_selector: app=post-storage-service
[2025-10-12T03:05:12.780+0000] {docker.py:438} INFO - Found 1 pods initially
[2025-10-12T03:05:12.780+0000] {docker.py:438} INFO - Random selection: 1 pods
[2025-10-12T03:05:12.780+0000] {docker.py:438} INFO - Deleting pod: post-storage-service-6cbbf5f9fb-g48z5
[2025-10-12T03:05:12.780+0000] {docker.py:438} INFO - Deleted 1 pods: ['post-storage-service-6cbbf5f9fb-g48z5']
[2025-10-12T03:05:12.780+0000] {docker.py:438} INFO - ✅ Successfully restarted pods: ['post-storage-service-6cbbf5f9fb-g48z5']
[2025-10-12T03:05:12.781+0000] {docker.py:438} INFO - ⏳ Waiting 20 seconds until next restart...
[2025-10-12T03:05:12.781+0000] {docker.py:438} INFO - 📊 Time remaining: 55 seconds
[2025-10-12T03:05:12.781+0000] {docker.py:438} INFO - 
[2025-10-12T03:05:12.782+0000] {docker.py:438} INFO - ==================================================
[2025-10-12T03:05:12.782+0000] {docker.py:438} INFO - 🔄 Restart #14 at 2025-10-12 03:04:52
[2025-10-12T03:05:12.782+0000] {docker.py:438} INFO - ==================================================
[2025-10-12T03:05:12.782+0000] {docker.py:438} INFO - Hello world - terminate function started!
[2025-10-12T03:05:12.782+0000] {docker.py:438} INFO - Selecting pods with label_selector: app=post-storage-service
[2025-10-12T03:05:12.783+0000] {docker.py:438} INFO - Found 1 pods initially
[2025-10-12T03:05:12.783+0000] {docker.py:438} INFO - Random selection: 1 pods
[2025-10-12T03:05:12.783+0000] {docker.py:438} INFO - Deleting pod: post-storage-service-6cbbf5f9fb-wjh5k
[2025-10-12T03:05:12.784+0000] {docker.py:438} INFO - Deleted 1 pods: ['post-storage-service-6cbbf5f9fb-wjh5k']
[2025-10-12T03:05:12.784+0000] {docker.py:438} INFO - ✅ Successfully restarted pods: ['post-storage-service-6cbbf5f9fb-wjh5k']
[2025-10-12T03:05:12.784+0000] {docker.py:438} INFO - ⏳ Waiting 20 seconds until next restart...
[2025-10-12T03:05:12.784+0000] {docker.py:438} INFO - 📊 Time remaining: 35 seconds
[2025-10-12T03:05:12.784+0000] {docker.py:438} INFO - 
[2025-10-12T03:05:12.785+0000] {docker.py:438} INFO - ==================================================
[2025-10-12T03:05:12.785+0000] {docker.py:438} INFO - 🔄 Restart #15 at 2025-10-12 03:05:12
[2025-10-12T03:05:12.785+0000] {docker.py:438} INFO - ==================================================
[2025-10-12T03:05:12.785+0000] {docker.py:438} INFO - Hello world - terminate function started!
[2025-10-12T03:05:12.786+0000] {docker.py:438} INFO - Selecting pods with label_selector: app=post-storage-service
[2025-10-12T03:05:13.119+0000] {docker.py:438} INFO - [32m[2025-10-12 03:05:13 INFO] Let's rollback...
[2025-10-12T03:05:13.120+0000] {docker.py:438} INFO - [32m[2025-10-12 03:05:13 INFO] Rollback: uncordon-all-nodes
[2025-10-12T03:05:13.120+0000] {docker.py:438} INFO - [32m[2025-10-12 03:05:13 INFO] Action: uncordon-all-nodes
[2025-10-12T03:05:14.082+0000] {docker.py:438} INFO - [32m[2025-10-12 03:05:14 INFO] Experiment ended with status: completed
[2025-10-12T03:05:14.084+0000] {docker.py:438} INFO - Found 1 pods initially
[2025-10-12T03:05:14.084+0000] {docker.py:438} INFO - Random selection: 1 pods
[2025-10-12T03:05:14.084+0000] {docker.py:438} INFO - Deleting pod: post-storage-service-6cbbf5f9fb-x9p4g
[2025-10-12T03:05:14.085+0000] {docker.py:438} INFO - Deleted 1 pods: ['post-storage-service-6cbbf5f9fb-x9p4g']
[2025-10-12T03:05:14.085+0000] {docker.py:438} INFO - ✅ Successfully restarted pods: ['post-storage-service-6cbbf5f9fb-x9p4g']
[2025-10-12T03:05:14.086+0000] {docker.py:438} INFO - ⏰ Less than 20 seconds remaining, stopping experiment
[2025-10-12T03:05:14.086+0000] {docker.py:438} INFO - 
[2025-10-12T03:05:14.086+0000] {docker.py:438} INFO - ==================================================
[2025-10-12T03:05:14.087+0000] {docker.py:438} INFO - 🏁 Experiment Completed!
[2025-10-12T03:05:14.087+0000] {docker.py:438} INFO - ==================================================
[2025-10-12T03:05:14.088+0000] {docker.py:438} INFO - 📈 Total restarts performed: 15
[2025-10-12T03:05:14.088+0000] {docker.py:438} INFO - ⏱️  Total duration: 285 seconds
[2025-10-12T03:05:14.088+0000] {docker.py:438} INFO - 📊 Average interval: 19.0 seconds
[2025-10-12T03:05:14.486+0000] {taskinstance.py:340} INFO - ::group::Post task execution logs
[2025-10-12T03:05:14.487+0000] {taskinstance.py:352} INFO - Marking task as SUCCESS. dag_id=Cordon_Uncordon_Node, task_id=apply_cordon_uncordon_node, run_id=scheduled__2025-10-12T00:00:00+00:00, execution_date=20251012T000000, start_date=20251012T030003, end_date=20251012T030514
[2025-10-12T03:05:14.542+0000] {local_task_job_runner.py:266} INFO - Task exited with return code 0
[2025-10-12T03:05:14.560+0000] {taskinstance.py:3900} INFO - 0 downstream tasks scheduled from follow-on schedule check
[2025-10-12T03:05:14.566+0000] {local_task_job_runner.py:245} INFO - ::endgroup::
