[2025-10-10T17:50:12.364+0000] {local_task_job_runner.py:123} INFO - ::group::Pre task execution logs
[2025-10-10T17:50:12.393+0000] {taskinstance.py:2612} INFO - Dependencies all met for dep_context=non-requeueable deps ti=<TaskInstance: Cordon_Uncordon_Node.apply_cordon_uncordon_node scheduled__2025-10-10T12:00:00+00:00 [queued]>
[2025-10-10T17:50:12.406+0000] {taskinstance.py:2612} INFO - Dependencies all met for dep_context=requeueable deps ti=<TaskInstance: Cordon_Uncordon_Node.apply_cordon_uncordon_node scheduled__2025-10-10T12:00:00+00:00 [queued]>
[2025-10-10T17:50:12.406+0000] {taskinstance.py:2865} INFO - Starting attempt 1 of 1
[2025-10-10T17:50:12.450+0000] {taskinstance.py:2888} INFO - Executing <Task(DockerOperator): apply_cordon_uncordon_node> on 2025-10-10 12:00:00+00:00
[2025-10-10T17:50:12.463+0000] {standard_task_runner.py:72} INFO - Started process 477 to run task
[2025-10-10T17:50:12.474+0000] {standard_task_runner.py:104} INFO - Running: ['***', 'tasks', 'run', 'Cordon_Uncordon_Node', 'apply_cordon_uncordon_node', 'scheduled__2025-10-10T12:00:00+00:00', '--job-id', '7574', '--raw', '--subdir', 'DAGS_FOLDER/dag_factory.py', '--cfg-path', '/tmp/tmp32y60sx9']
[2025-10-10T17:50:12.477+0000] {standard_task_runner.py:105} INFO - Job 7574: Subtask apply_cordon_uncordon_node
[2025-10-10T17:50:12.660+0000] {task_command.py:467} INFO - Running <TaskInstance: Cordon_Uncordon_Node.apply_cordon_uncordon_node scheduled__2025-10-10T12:00:00+00:00 [running]> on host workflow.y2twbfvcjkaujnl2bmtbxunhcb.cx.internal.cloudapp.net
[2025-10-10T17:50:12.874+0000] {taskinstance.py:3131} INFO - Exporting env vars: AIRFLOW_CTX_DAG_OWNER='***' AIRFLOW_CTX_DAG_ID='Cordon_Uncordon_Node' AIRFLOW_CTX_TASK_ID='apply_cordon_uncordon_node' AIRFLOW_CTX_EXECUTION_DATE='2025-10-10T12:00:00+00:00' AIRFLOW_CTX_TRY_NUMBER='1' AIRFLOW_CTX_DAG_RUN_ID='scheduled__2025-10-10T12:00:00+00:00'
[2025-10-10T17:50:12.877+0000] {taskinstance.py:731} INFO - ::endgroup::
[2025-10-10T17:50:12.951+0000] {docker.py:367} INFO - Starting docker container from image ***_chaos:latest
[2025-10-10T17:50:13.813+0000] {docker.py:438} INFO - The container is run as root user. For security, consider using a regular user account.
[2025-10-10T17:50:48.681+0000] {docker.py:438} INFO - 
[2025-10-10T17:50:51.548+0000] {docker.py:438} INFO - [32m[2025-10-10 17:50:51 INFO] Validating the experiment's syntax
[2025-10-10T17:50:53.166+0000] {docker.py:438} INFO - [32m[2025-10-10 17:50:53 INFO] Experiment looks valid
[2025-10-10T17:50:53.168+0000] {docker.py:438} INFO - [32m[2025-10-10 17:50:53 INFO] Running experiment: Cordon-Pod Restart Combined Experiment
[2025-10-10T17:50:53.177+0000] {docker.py:438} INFO - [32m[2025-10-10 17:50:53 INFO] Steady-state strategy: default
[2025-10-10T17:50:53.178+0000] {docker.py:438} INFO - [32m[2025-10-10 17:50:53 INFO] Rollbacks strategy: default
[2025-10-10T17:50:53.178+0000] {docker.py:438} INFO - [32m[2025-10-10 17:50:53 INFO] No steady state hypothesis defined. That's ok, just exploring.
[2025-10-10T17:50:53.179+0000] {docker.py:438} INFO - [32m[2025-10-10 17:50:53 INFO] Playing your experiment's method now...
[2025-10-10T17:50:53.179+0000] {docker.py:438} INFO - [32m[2025-10-10 17:50:53 INFO] Action: cordon-nodes
[2025-10-10T17:50:54.371+0000] {docker.py:438} INFO - [32m[2025-10-10 17:50:54 INFO] Action: continuous-pod-restart-during-cordon
[2025-10-10T17:55:41.763+0000] {docker.py:438} INFO - 🚀 Starting continuous pod restart experiment
[2025-10-10T17:55:41.764+0000] {docker.py:438} INFO - 📅 Interval: 20 seconds
[2025-10-10T17:55:41.764+0000] {docker.py:438} INFO - ⏱️  Duration: 300 seconds
[2025-10-10T17:55:41.765+0000] {docker.py:438} INFO - 🎯 Target: app=post-storage-service
[2025-10-10T17:55:41.765+0000] {docker.py:438} INFO - 📍 Namespace: default
[2025-10-10T17:55:41.765+0000] {docker.py:438} INFO - 
[2025-10-10T17:55:41.766+0000] {docker.py:438} INFO - ==================================================
[2025-10-10T17:55:41.766+0000] {docker.py:438} INFO - 🔄 Restart #1 at 2025-10-10 17:50:54
[2025-10-10T17:55:41.767+0000] {docker.py:438} INFO - ==================================================
[2025-10-10T17:55:41.767+0000] {docker.py:438} INFO - Hello world - terminate function started!
[2025-10-10T17:55:41.767+0000] {docker.py:438} INFO - Selecting pods with label_selector: app=post-storage-service
[2025-10-10T17:55:41.769+0000] {docker.py:438} INFO - Found 1 pods initially
[2025-10-10T17:55:41.769+0000] {docker.py:438} INFO - Random selection: 1 pods
[2025-10-10T17:55:41.770+0000] {docker.py:438} INFO - Deleting pod: post-storage-service-6cbbf5f9fb-g6gfc
[2025-10-10T17:55:41.770+0000] {docker.py:438} INFO - Deleted 1 pods: ['post-storage-service-6cbbf5f9fb-g6gfc']
[2025-10-10T17:55:41.771+0000] {docker.py:438} INFO - ✅ Successfully restarted pods: ['post-storage-service-6cbbf5f9fb-g6gfc']
[2025-10-10T17:55:41.772+0000] {docker.py:438} INFO - ⏳ Waiting 20 seconds until next restart...
[2025-10-10T17:55:41.772+0000] {docker.py:438} INFO - 📊 Time remaining: 300 seconds
[2025-10-10T17:55:41.773+0000] {docker.py:438} INFO - 
[2025-10-10T17:55:41.773+0000] {docker.py:438} INFO - ==================================================
[2025-10-10T17:55:41.773+0000] {docker.py:438} INFO - 🔄 Restart #2 at 2025-10-10 17:51:14
[2025-10-10T17:55:41.776+0000] {docker.py:438} INFO - ==================================================
[2025-10-10T17:55:41.776+0000] {docker.py:438} INFO - Hello world - terminate function started!
[2025-10-10T17:55:41.776+0000] {docker.py:438} INFO - Selecting pods with label_selector: app=post-storage-service
[2025-10-10T17:55:41.777+0000] {docker.py:438} INFO - Found 1 pods initially
[2025-10-10T17:55:41.777+0000] {docker.py:438} INFO - Random selection: 1 pods
[2025-10-10T17:55:41.778+0000] {docker.py:438} INFO - Deleting pod: post-storage-service-6cbbf5f9fb-fhvqw
[2025-10-10T17:55:41.778+0000] {docker.py:438} INFO - Deleted 1 pods: ['post-storage-service-6cbbf5f9fb-fhvqw']
[2025-10-10T17:55:41.778+0000] {docker.py:438} INFO - ✅ Successfully restarted pods: ['post-storage-service-6cbbf5f9fb-fhvqw']
[2025-10-10T17:55:41.779+0000] {docker.py:438} INFO - ⏳ Waiting 20 seconds until next restart...
[2025-10-10T17:55:41.779+0000] {docker.py:438} INFO - 📊 Time remaining: 279 seconds
[2025-10-10T17:55:41.779+0000] {docker.py:438} INFO - 
[2025-10-10T17:55:41.781+0000] {docker.py:438} INFO - ==================================================
[2025-10-10T17:55:41.781+0000] {docker.py:438} INFO - 🔄 Restart #3 at 2025-10-10 17:51:35
[2025-10-10T17:55:41.781+0000] {docker.py:438} INFO - ==================================================
[2025-10-10T17:55:41.782+0000] {docker.py:438} INFO - Hello world - terminate function started!
[2025-10-10T17:55:41.782+0000] {docker.py:438} INFO - Selecting pods with label_selector: app=post-storage-service
[2025-10-10T17:55:41.783+0000] {docker.py:438} INFO - Found 2 pods initially
[2025-10-10T17:55:41.784+0000] {docker.py:438} INFO - Random selection: 1 pods
[2025-10-10T17:55:41.784+0000] {docker.py:438} INFO - Deleting pod: post-storage-service-6cbbf5f9fb-qdzpk
[2025-10-10T17:55:41.784+0000] {docker.py:438} INFO - Deleted 1 pods: ['post-storage-service-6cbbf5f9fb-qdzpk']
[2025-10-10T17:55:41.785+0000] {docker.py:438} INFO - ✅ Successfully restarted pods: ['post-storage-service-6cbbf5f9fb-qdzpk']
[2025-10-10T17:55:41.785+0000] {docker.py:438} INFO - ⏳ Waiting 20 seconds until next restart...
[2025-10-10T17:55:41.787+0000] {docker.py:438} INFO - 📊 Time remaining: 258 seconds
[2025-10-10T17:55:41.788+0000] {docker.py:438} INFO - 
[2025-10-10T17:55:41.788+0000] {docker.py:438} INFO - ==================================================
[2025-10-10T17:55:41.788+0000] {docker.py:438} INFO - 🔄 Restart #4 at 2025-10-10 17:51:55
[2025-10-10T17:55:41.789+0000] {docker.py:438} INFO - ==================================================
[2025-10-10T17:55:41.789+0000] {docker.py:438} INFO - Hello world - terminate function started!
[2025-10-10T17:55:41.789+0000] {docker.py:438} INFO - Selecting pods with label_selector: app=post-storage-service
[2025-10-10T17:55:41.790+0000] {docker.py:438} INFO - Found 2 pods initially
[2025-10-10T17:55:41.790+0000] {docker.py:438} INFO - Random selection: 1 pods
[2025-10-10T17:55:41.790+0000] {docker.py:438} INFO - Deleting pod: post-storage-service-6cbbf5f9fb-bxvkd
[2025-10-10T17:55:41.791+0000] {docker.py:438} INFO - Deleted 1 pods: ['post-storage-service-6cbbf5f9fb-bxvkd']
[2025-10-10T17:55:41.791+0000] {docker.py:438} INFO - ✅ Successfully restarted pods: ['post-storage-service-6cbbf5f9fb-bxvkd']
[2025-10-10T17:55:41.791+0000] {docker.py:438} INFO - ⏳ Waiting 20 seconds until next restart...
[2025-10-10T17:55:41.794+0000] {docker.py:438} INFO - 📊 Time remaining: 238 seconds
[2025-10-10T17:55:41.794+0000] {docker.py:438} INFO - 
[2025-10-10T17:55:41.794+0000] {docker.py:438} INFO - ==================================================
[2025-10-10T17:55:41.795+0000] {docker.py:438} INFO - 🔄 Restart #5 at 2025-10-10 17:52:16
[2025-10-10T17:55:41.795+0000] {docker.py:438} INFO - ==================================================
[2025-10-10T17:55:41.795+0000] {docker.py:438} INFO - Hello world - terminate function started!
[2025-10-10T17:55:41.796+0000] {docker.py:438} INFO - Selecting pods with label_selector: app=post-storage-service
[2025-10-10T17:55:41.796+0000] {docker.py:438} INFO - Found 2 pods initially
[2025-10-10T17:55:41.796+0000] {docker.py:438} INFO - Random selection: 1 pods
[2025-10-10T17:55:41.797+0000] {docker.py:438} INFO - Deleting pod: post-storage-service-6cbbf5f9fb-sbvls
[2025-10-10T17:55:41.797+0000] {docker.py:438} INFO - Deleted 1 pods: ['post-storage-service-6cbbf5f9fb-sbvls']
[2025-10-10T17:55:41.797+0000] {docker.py:438} INFO - ✅ Successfully restarted pods: ['post-storage-service-6cbbf5f9fb-sbvls']
[2025-10-10T17:55:41.800+0000] {docker.py:438} INFO - ⏳ Waiting 20 seconds until next restart...
[2025-10-10T17:55:41.800+0000] {docker.py:438} INFO - 📊 Time remaining: 217 seconds
[2025-10-10T17:55:41.800+0000] {docker.py:438} INFO - 
[2025-10-10T17:55:41.801+0000] {docker.py:438} INFO - ==================================================
[2025-10-10T17:55:41.801+0000] {docker.py:438} INFO - 🔄 Restart #6 at 2025-10-10 17:52:37
[2025-10-10T17:55:41.801+0000] {docker.py:438} INFO - ==================================================
[2025-10-10T17:55:41.804+0000] {docker.py:438} INFO - Hello world - terminate function started!
[2025-10-10T17:55:41.804+0000] {docker.py:438} INFO - Selecting pods with label_selector: app=post-storage-service
[2025-10-10T17:55:41.804+0000] {docker.py:438} INFO - Found 2 pods initially
[2025-10-10T17:55:41.805+0000] {docker.py:438} INFO - Random selection: 1 pods
[2025-10-10T17:55:41.805+0000] {docker.py:438} INFO - Deleting pod: post-storage-service-6cbbf5f9fb-h479x
[2025-10-10T17:55:41.805+0000] {docker.py:438} INFO - Deleted 1 pods: ['post-storage-service-6cbbf5f9fb-h479x']
[2025-10-10T17:55:41.806+0000] {docker.py:438} INFO - ✅ Successfully restarted pods: ['post-storage-service-6cbbf5f9fb-h479x']
[2025-10-10T17:55:41.806+0000] {docker.py:438} INFO - ⏳ Waiting 20 seconds until next restart...
[2025-10-10T17:55:41.806+0000] {docker.py:438} INFO - 📊 Time remaining: 197 seconds
[2025-10-10T17:55:41.807+0000] {docker.py:438} INFO - 
[2025-10-10T17:55:41.807+0000] {docker.py:438} INFO - ==================================================
[2025-10-10T17:55:41.809+0000] {docker.py:438} INFO - 🔄 Restart #7 at 2025-10-10 17:52:57
[2025-10-10T17:55:41.810+0000] {docker.py:438} INFO - ==================================================
[2025-10-10T17:55:41.810+0000] {docker.py:438} INFO - Hello world - terminate function started!
[2025-10-10T17:55:41.810+0000] {docker.py:438} INFO - Selecting pods with label_selector: app=post-storage-service
[2025-10-10T17:55:41.811+0000] {docker.py:438} INFO - Found 2 pods initially
[2025-10-10T17:55:41.811+0000] {docker.py:438} INFO - Random selection: 1 pods
[2025-10-10T17:55:41.811+0000] {docker.py:438} INFO - Deleting pod: post-storage-service-6cbbf5f9fb-wk6vg
[2025-10-10T17:55:41.812+0000] {docker.py:438} INFO - Deleted 1 pods: ['post-storage-service-6cbbf5f9fb-wk6vg']
[2025-10-10T17:55:41.812+0000] {docker.py:438} INFO - ✅ Successfully restarted pods: ['post-storage-service-6cbbf5f9fb-wk6vg']
[2025-10-10T17:55:41.812+0000] {docker.py:438} INFO - ⏳ Waiting 20 seconds until next restart...
[2025-10-10T17:55:41.813+0000] {docker.py:438} INFO - 📊 Time remaining: 176 seconds
[2025-10-10T17:55:41.813+0000] {docker.py:438} INFO - 
[2025-10-10T17:55:41.814+0000] {docker.py:438} INFO - ==================================================
[2025-10-10T17:55:41.814+0000] {docker.py:438} INFO - 🔄 Restart #8 at 2025-10-10 17:53:18
[2025-10-10T17:55:41.815+0000] {docker.py:438} INFO - ==================================================
[2025-10-10T17:55:41.815+0000] {docker.py:438} INFO - Hello world - terminate function started!
[2025-10-10T17:55:41.816+0000] {docker.py:438} INFO - Selecting pods with label_selector: app=post-storage-service
[2025-10-10T17:55:41.817+0000] {docker.py:438} INFO - Found 2 pods initially
[2025-10-10T17:55:41.818+0000] {docker.py:438} INFO - Random selection: 1 pods
[2025-10-10T17:55:41.818+0000] {docker.py:438} INFO - Deleting pod: post-storage-service-6cbbf5f9fb-wk6vg
[2025-10-10T17:55:41.818+0000] {docker.py:438} INFO - Deleted 1 pods: ['post-storage-service-6cbbf5f9fb-wk6vg']
[2025-10-10T17:55:41.819+0000] {docker.py:438} INFO - ✅ Successfully restarted pods: ['post-storage-service-6cbbf5f9fb-wk6vg']
[2025-10-10T17:55:41.819+0000] {docker.py:438} INFO - ⏳ Waiting 20 seconds until next restart...
[2025-10-10T17:55:41.821+0000] {docker.py:438} INFO - 📊 Time remaining: 156 seconds
[2025-10-10T17:55:41.822+0000] {docker.py:438} INFO - 
[2025-10-10T17:55:41.822+0000] {docker.py:438} INFO - ==================================================
[2025-10-10T17:55:41.822+0000] {docker.py:438} INFO - 🔄 Restart #9 at 2025-10-10 17:53:38
[2025-10-10T17:55:41.823+0000] {docker.py:438} INFO - ==================================================
[2025-10-10T17:55:41.823+0000] {docker.py:438} INFO - Hello world - terminate function started!
[2025-10-10T17:55:41.823+0000] {docker.py:438} INFO - Selecting pods with label_selector: app=post-storage-service
[2025-10-10T17:55:41.824+0000] {docker.py:438} INFO - Found 1 pods initially
[2025-10-10T17:55:41.824+0000] {docker.py:438} INFO - Random selection: 1 pods
[2025-10-10T17:55:41.824+0000] {docker.py:438} INFO - Deleting pod: post-storage-service-6cbbf5f9fb-2tdph
[2025-10-10T17:55:41.825+0000] {docker.py:438} INFO - Deleted 1 pods: ['post-storage-service-6cbbf5f9fb-2tdph']
[2025-10-10T17:55:41.825+0000] {docker.py:438} INFO - ✅ Successfully restarted pods: ['post-storage-service-6cbbf5f9fb-2tdph']
[2025-10-10T17:55:41.825+0000] {docker.py:438} INFO - ⏳ Waiting 20 seconds until next restart...
[2025-10-10T17:55:41.826+0000] {docker.py:438} INFO - 📊 Time remaining: 135 seconds
[2025-10-10T17:55:41.826+0000] {docker.py:438} INFO - 
[2025-10-10T17:55:41.826+0000] {docker.py:438} INFO - ==================================================
[2025-10-10T17:55:41.827+0000] {docker.py:438} INFO - 🔄 Restart #10 at 2025-10-10 17:53:59
[2025-10-10T17:55:41.827+0000] {docker.py:438} INFO - ==================================================
[2025-10-10T17:55:41.830+0000] {docker.py:438} INFO - Hello world - terminate function started!
[2025-10-10T17:55:41.830+0000] {docker.py:438} INFO - Selecting pods with label_selector: app=post-storage-service
[2025-10-10T17:55:41.830+0000] {docker.py:438} INFO - Found 2 pods initially
[2025-10-10T17:55:41.830+0000] {docker.py:438} INFO - Random selection: 1 pods
[2025-10-10T17:55:41.831+0000] {docker.py:438} INFO - Deleting pod: post-storage-service-6cbbf5f9fb-2tdph
[2025-10-10T17:55:41.831+0000] {docker.py:438} INFO - Deleted 1 pods: ['post-storage-service-6cbbf5f9fb-2tdph']
[2025-10-10T17:55:41.832+0000] {docker.py:438} INFO - ✅ Successfully restarted pods: ['post-storage-service-6cbbf5f9fb-2tdph']
[2025-10-10T17:55:41.832+0000] {docker.py:438} INFO - ⏳ Waiting 20 seconds until next restart...
[2025-10-10T17:55:41.832+0000] {docker.py:438} INFO - 📊 Time remaining: 115 seconds
[2025-10-10T17:55:41.834+0000] {docker.py:438} INFO - 
[2025-10-10T17:55:41.834+0000] {docker.py:438} INFO - ==================================================
[2025-10-10T17:55:41.834+0000] {docker.py:438} INFO - 🔄 Restart #11 at 2025-10-10 17:54:19
[2025-10-10T17:55:41.835+0000] {docker.py:438} INFO - ==================================================
[2025-10-10T17:55:41.835+0000] {docker.py:438} INFO - Hello world - terminate function started!
[2025-10-10T17:55:41.835+0000] {docker.py:438} INFO - Selecting pods with label_selector: app=post-storage-service
[2025-10-10T17:55:41.836+0000] {docker.py:438} INFO - Found 1 pods initially
[2025-10-10T17:55:41.836+0000] {docker.py:438} INFO - Random selection: 1 pods
[2025-10-10T17:55:41.836+0000] {docker.py:438} INFO - Deleting pod: post-storage-service-6cbbf5f9fb-pg59c
[2025-10-10T17:55:41.838+0000] {docker.py:438} INFO - Deleted 1 pods: ['post-storage-service-6cbbf5f9fb-pg59c']
[2025-10-10T17:55:41.838+0000] {docker.py:438} INFO - ✅ Successfully restarted pods: ['post-storage-service-6cbbf5f9fb-pg59c']
[2025-10-10T17:55:41.838+0000] {docker.py:438} INFO - ⏳ Waiting 20 seconds until next restart...
[2025-10-10T17:55:41.839+0000] {docker.py:438} INFO - 📊 Time remaining: 94 seconds
[2025-10-10T17:55:41.839+0000] {docker.py:438} INFO - 
[2025-10-10T17:55:41.839+0000] {docker.py:438} INFO - ==================================================
[2025-10-10T17:55:41.842+0000] {docker.py:438} INFO - 🔄 Restart #12 at 2025-10-10 17:54:40
[2025-10-10T17:55:41.842+0000] {docker.py:438} INFO - ==================================================
[2025-10-10T17:55:41.842+0000] {docker.py:438} INFO - Hello world - terminate function started!
[2025-10-10T17:55:41.842+0000] {docker.py:438} INFO - Selecting pods with label_selector: app=post-storage-service
[2025-10-10T17:55:41.843+0000] {docker.py:438} INFO - Found 2 pods initially
[2025-10-10T17:55:41.843+0000] {docker.py:438} INFO - Random selection: 1 pods
[2025-10-10T17:55:41.843+0000] {docker.py:438} INFO - Deleting pod: post-storage-service-6cbbf5f9fb-pg59c
[2025-10-10T17:55:41.844+0000] {docker.py:438} INFO - Deleted 1 pods: ['post-storage-service-6cbbf5f9fb-pg59c']
[2025-10-10T17:55:41.844+0000] {docker.py:438} INFO - ✅ Successfully restarted pods: ['post-storage-service-6cbbf5f9fb-pg59c']
[2025-10-10T17:55:41.844+0000] {docker.py:438} INFO - ⏳ Waiting 20 seconds until next restart...
[2025-10-10T17:55:41.845+0000] {docker.py:438} INFO - 📊 Time remaining: 74 seconds
[2025-10-10T17:55:41.845+0000] {docker.py:438} INFO - 
[2025-10-10T17:55:41.845+0000] {docker.py:438} INFO - ==================================================
[2025-10-10T17:55:41.846+0000] {docker.py:438} INFO - 🔄 Restart #13 at 2025-10-10 17:55:00
[2025-10-10T17:55:41.846+0000] {docker.py:438} INFO - ==================================================
[2025-10-10T17:55:41.846+0000] {docker.py:438} INFO - Hello world - terminate function started!
[2025-10-10T17:55:41.847+0000] {docker.py:438} INFO - Selecting pods with label_selector: app=post-storage-service
[2025-10-10T17:55:41.847+0000] {docker.py:438} INFO - Found 1 pods initially
[2025-10-10T17:55:41.849+0000] {docker.py:438} INFO - Random selection: 1 pods
[2025-10-10T17:55:41.850+0000] {docker.py:438} INFO - Deleting pod: post-storage-service-6cbbf5f9fb-jcl6x
[2025-10-10T17:55:41.850+0000] {docker.py:438} INFO - Deleted 1 pods: ['post-storage-service-6cbbf5f9fb-jcl6x']
[2025-10-10T17:55:41.850+0000] {docker.py:438} INFO - ✅ Successfully restarted pods: ['post-storage-service-6cbbf5f9fb-jcl6x']
[2025-10-10T17:55:41.851+0000] {docker.py:438} INFO - ⏳ Waiting 20 seconds until next restart...
[2025-10-10T17:55:41.851+0000] {docker.py:438} INFO - 📊 Time remaining: 53 seconds
[2025-10-10T17:55:41.851+0000] {docker.py:438} INFO - 
[2025-10-10T17:55:41.852+0000] {docker.py:438} INFO - ==================================================
[2025-10-10T17:55:41.852+0000] {docker.py:438} INFO - 🔄 Restart #14 at 2025-10-10 17:55:21
[2025-10-10T17:55:41.852+0000] {docker.py:438} INFO - ==================================================
[2025-10-10T17:55:41.853+0000] {docker.py:438} INFO - Hello world - terminate function started!
[2025-10-10T17:55:41.853+0000] {docker.py:438} INFO - Selecting pods with label_selector: app=post-storage-service
[2025-10-10T17:55:41.853+0000] {docker.py:438} INFO - Found 2 pods initially
[2025-10-10T17:55:41.854+0000] {docker.py:438} INFO - Random selection: 1 pods
[2025-10-10T17:55:41.854+0000] {docker.py:438} INFO - Deleting pod: post-storage-service-6cbbf5f9fb-2f5k6
[2025-10-10T17:55:41.854+0000] {docker.py:438} INFO - Deleted 1 pods: ['post-storage-service-6cbbf5f9fb-2f5k6']
[2025-10-10T17:55:41.855+0000] {docker.py:438} INFO - ✅ Successfully restarted pods: ['post-storage-service-6cbbf5f9fb-2f5k6']
[2025-10-10T17:55:41.855+0000] {docker.py:438} INFO - ⏳ Waiting 20 seconds until next restart...
[2025-10-10T17:55:41.855+0000] {docker.py:438} INFO - 📊 Time remaining: 33 seconds
[2025-10-10T17:55:41.856+0000] {docker.py:438} INFO - 
[2025-10-10T17:55:41.857+0000] {docker.py:438} INFO - ==================================================
[2025-10-10T17:55:41.857+0000] {docker.py:438} INFO - 🔄 Restart #15 at 2025-10-10 17:55:41
[2025-10-10T17:55:41.858+0000] {docker.py:438} INFO - ==================================================
[2025-10-10T17:55:41.859+0000] {docker.py:438} INFO - Hello world - terminate function started!
[2025-10-10T17:55:41.859+0000] {docker.py:438} INFO - Selecting pods with label_selector: app=post-storage-service
[2025-10-10T17:55:42.259+0000] {docker.py:438} INFO - [32m[2025-10-10 17:55:42 INFO] Let's rollback...
[2025-10-10T17:55:42.260+0000] {docker.py:438} INFO - [32m[2025-10-10 17:55:42 INFO] Rollback: uncordon-all-nodes
[2025-10-10T17:55:42.260+0000] {docker.py:438} INFO - [32m[2025-10-10 17:55:42 INFO] Action: uncordon-all-nodes
[2025-10-10T17:55:43.542+0000] {docker.py:438} INFO - [32m[2025-10-10 17:55:43 INFO] Experiment ended with status: completed
[2025-10-10T17:55:43.545+0000] {docker.py:438} INFO - Found 2 pods initially
[2025-10-10T17:55:43.546+0000] {docker.py:438} INFO - Random selection: 1 pods
[2025-10-10T17:55:43.546+0000] {docker.py:438} INFO - Deleting pod: post-storage-service-6cbbf5f9fb-2f5k6
[2025-10-10T17:55:43.547+0000] {docker.py:438} INFO - Deleted 1 pods: ['post-storage-service-6cbbf5f9fb-2f5k6']
[2025-10-10T17:55:43.547+0000] {docker.py:438} INFO - ✅ Successfully restarted pods: ['post-storage-service-6cbbf5f9fb-2f5k6']
[2025-10-10T17:55:43.547+0000] {docker.py:438} INFO - ⏰ Less than 20 seconds remaining, stopping experiment
[2025-10-10T17:55:43.549+0000] {docker.py:438} INFO - 
[2025-10-10T17:55:43.549+0000] {docker.py:438} INFO - ==================================================
[2025-10-10T17:55:43.549+0000] {docker.py:438} INFO - 🏁 Experiment Completed!
[2025-10-10T17:55:43.550+0000] {docker.py:438} INFO - ==================================================
[2025-10-10T17:55:43.550+0000] {docker.py:438} INFO - 📈 Total restarts performed: 15
[2025-10-10T17:55:43.550+0000] {docker.py:438} INFO - ⏱️  Total duration: 288 seconds
[2025-10-10T17:55:43.553+0000] {docker.py:438} INFO - 📊 Average interval: 19.2 seconds
[2025-10-10T17:55:44.226+0000] {taskinstance.py:340} INFO - ::group::Post task execution logs
[2025-10-10T17:55:44.228+0000] {taskinstance.py:352} INFO - Marking task as SUCCESS. dag_id=Cordon_Uncordon_Node, task_id=apply_cordon_uncordon_node, run_id=scheduled__2025-10-10T12:00:00+00:00, execution_date=20251010T120000, start_date=20251010T175012, end_date=20251010T175544
[2025-10-10T17:55:44.312+0000] {local_task_job_runner.py:266} INFO - Task exited with return code 0
[2025-10-10T17:55:44.345+0000] {taskinstance.py:3900} INFO - 0 downstream tasks scheduled from follow-on schedule check
[2025-10-10T17:55:44.348+0000] {local_task_job_runner.py:245} INFO - ::endgroup::
