[2025-10-29T11:09:22.842+0000] {local_task_job_runner.py:123} INFO - ::group::Pre task execution logs
[2025-10-29T11:09:22.869+0000] {taskinstance.py:2612} INFO - Dependencies all met for dep_context=non-requeueable deps ti=<TaskInstance: Reinitialize_Application.apply_container_restart_docker manual__2025-10-29T11:09:20.665592+00:00 [queued]>
[2025-10-29T11:09:22.880+0000] {taskinstance.py:2612} INFO - Dependencies all met for dep_context=requeueable deps ti=<TaskInstance: Reinitialize_Application.apply_container_restart_docker manual__2025-10-29T11:09:20.665592+00:00 [queued]>
[2025-10-29T11:09:22.881+0000] {taskinstance.py:2865} INFO - Starting attempt 1 of 1
[2025-10-29T11:09:22.902+0000] {taskinstance.py:2888} INFO - Executing <Task(DockerOperator): apply_container_restart_docker> on 2025-10-29 11:09:20.665592+00:00
[2025-10-29T11:09:22.917+0000] {standard_task_runner.py:72} INFO - Started process 4012 to run task
[2025-10-29T11:09:22.927+0000] {standard_task_runner.py:104} INFO - Running: ['***', 'tasks', 'run', 'Reinitialize_Application', 'apply_container_restart_docker', 'manual__2025-10-29T11:09:20.665592+00:00', '--job-id', '11414', '--raw', '--subdir', 'DAGS_FOLDER/dag_factory.py', '--cfg-path', '/tmp/tmpn8yqrhb1']
[2025-10-29T11:09:22.931+0000] {standard_task_runner.py:105} INFO - Job 11414: Subtask apply_container_restart_docker
[2025-10-29T11:09:23.021+0000] {task_command.py:467} INFO - Running <TaskInstance: Reinitialize_Application.apply_container_restart_docker manual__2025-10-29T11:09:20.665592+00:00 [running]> on host workflow.y2twbfvcjkaujnl2bmtbxunhcb.cx.internal.cloudapp.net
[2025-10-29T11:09:23.178+0000] {taskinstance.py:3131} INFO - Exporting env vars: AIRFLOW_CTX_DAG_OWNER='***' AIRFLOW_CTX_DAG_ID='Reinitialize_Application' AIRFLOW_CTX_TASK_ID='apply_container_restart_docker' AIRFLOW_CTX_EXECUTION_DATE='2025-10-29T11:09:20.665592+00:00' AIRFLOW_CTX_TRY_NUMBER='1' AIRFLOW_CTX_DAG_RUN_ID='manual__2025-10-29T11:09:20.665592+00:00'
[2025-10-29T11:09:23.180+0000] {taskinstance.py:731} INFO - ::endgroup::
[2025-10-29T11:09:23.238+0000] {docker.py:367} INFO - Starting docker container from image priyanshu01ce/***_chaos:latest
[2025-10-29T11:09:23.970+0000] {docker.py:438} INFO - The container is run as root user. For security, consider using a regular user account.
[2025-10-29T11:09:41.575+0000] {docker.py:438} INFO - 
[2025-10-29T11:09:41.585+0000] {docker.py:438} INFO - total 3124
[2025-10-29T11:09:41.585+0000] {docker.py:438} INFO - drwxr-xr-x 6    1000 1000    4096 Oct 29 06:29 .
[2025-10-29T11:09:41.586+0000] {docker.py:438} INFO - drwxr-xr-x 1 *** root    4096 Sep 26 10:44 ..
[2025-10-29T11:09:41.586+0000] {docker.py:438} INFO - -rw-r--r-- 1    1000 1000    1193 Sep  8 07:02 API_Latency.json
[2025-10-29T11:09:41.589+0000] {docker.py:438} INFO - -rw-r--r-- 1    1000 1000     729 Sep  9 10:30 API_Timeout.json
[2025-10-29T11:09:41.589+0000] {docker.py:438} INFO - -rw-r--r-- 1    1000 1000    1331 Oct  7 18:22 Continuous_Load_Test_Azure.yaml
[2025-10-29T11:09:41.590+0000] {docker.py:438} INFO - -rw-r--r-- 1    1000 1000    1639 Oct 27 04:49 Memory_Stress_Test_Azure.yaml
[2025-10-29T11:09:41.590+0000] {docker.py:438} INFO - -rw-r--r-- 1    1000 1000    1178 Sep 30 18:19 Stress_Test_Azure.yaml
[2025-10-29T11:09:41.591+0000] {docker.py:438} INFO - drwxrwxr-x 2 root    root    4096 Oct 29 06:31 __pycache__
[2025-10-29T11:09:41.593+0000] {docker.py:438} INFO - drwxrwxr-x 5    1000 1000    4096 Oct 21 08:05 chaos_env
[2025-10-29T11:09:41.593+0000] {docker.py:438} INFO - -rw-r--r-- 1    1000 1000    8875 Sep 25 16:54 chaosk6_actions.py
[2025-10-29T11:09:41.594+0000] {docker.py:438} INFO - -rw-rw-r-- 1    1000 1000 2677617 Oct 29 11:09 chaostoolkit.log
[2025-10-29T11:09:41.594+0000] {docker.py:438} INFO - -rw-rw-r-- 1    1000 1000    1421 Oct 23 09:34 check.py
[2025-10-29T11:09:41.596+0000] {docker.py:438} INFO - -rw-r--r-- 1    1000 1000    3213 Sep  9 09:11 combined-sequential.json
[2025-10-29T11:09:41.596+0000] {docker.py:438} INFO - -rwxrwxr-x 1    1000 1000    1489 Oct 27 06:29 complete_chaos_mesh-cleanup.sh
[2025-10-29T11:09:41.597+0000] {docker.py:438} INFO - -rw-r--r-- 1    1000 1000     502 Sep 16 05:31 connection_test_experiment.json
[2025-10-29T11:09:41.597+0000] {docker.py:438} INFO - -rw-rw-r-- 1    1000 1000     692 Oct 24 01:43 container_probe.json
[2025-10-29T11:09:41.598+0000] {docker.py:438} INFO - -rw-rw-r-- 1    1000 1000    2533 Oct 23 09:28 container_probe.yaml
[2025-10-29T11:09:41.600+0000] {docker.py:438} INFO - -rw-r--r-- 1    1000 1000    1420 Sep 24 06:53 container_restart.json
[2025-10-29T11:09:41.600+0000] {docker.py:438} INFO - -rw-r--r-- 1    1000 1000   16452 Sep 26 09:59 container_restart.py
[2025-10-29T11:09:41.601+0000] {docker.py:438} INFO - -rw-r--r-- 1    1000 1000    1718 Oct 27 05:00 container_restart_Azure.yaml
[2025-10-29T11:09:41.601+0000] {docker.py:438} INFO - -rw-r--r-- 1    1000 1000    1409 Sep 18 12:30 continuous_load_test.json
[2025-10-29T11:09:41.602+0000] {docker.py:438} INFO - -rw-r--r-- 1    1000 1000    1637 Sep 25 10:13 cordon-uncordon-node.json
[2025-10-29T11:09:41.602+0000] {docker.py:438} INFO - -rw-r--r-- 1    1000 1000    1637 Sep 25 04:39 cordon_test.json
[2025-10-29T11:09:41.603+0000] {docker.py:438} INFO - -rw-r--r-- 1    1000 1000    1403 Oct 27 05:05 cordon_uncordon_node_Azure.yaml
[2025-10-29T11:09:41.603+0000] {docker.py:438} INFO - -rw-r--r-- 1    1000 1000    1203 Sep 30 06:51 cpu_stress_ng.json
[2025-10-29T11:09:41.604+0000] {docker.py:438} INFO - -rw-r--r-- 1    1000 1000    1760 Oct 21 08:00 db_cleanup.json
[2025-10-29T11:09:41.606+0000] {docker.py:438} INFO - -rw-r--r-- 1    1000 1000    6399 Sep 24 07:40 db_cleanup.py
[2025-10-29T11:09:41.606+0000] {docker.py:438} INFO - -rw-rw-r-- 1    1000 1000    5855 Oct 28 12:27 direct_memory_stress.py
[2025-10-29T11:09:41.607+0000] {docker.py:438} INFO - -rw-r--r-- 1    1000 1000    2489 Oct 29 11:04 journal.json
[2025-10-29T11:09:41.607+0000] {docker.py:438} INFO - -rw-rw-r-- 1 root    root  217571 Oct 29 11:09 k6_continuous_load.log
[2025-10-29T11:09:41.609+0000] {docker.py:438} INFO - -rw-r--r-- 1    1000 1000    3909 Oct 29 09:45 k6_continuous_summary.json
[2025-10-29T11:09:41.609+0000] {docker.py:438} INFO - -rw-r--r-- 1    1000 1000    3433 Sep 25 09:28 k6_summary.json
[2025-10-29T11:09:41.609+0000] {docker.py:438} INFO - -rw-r--r-- 1    1000 1000     989 Sep 30 09:24 kubernetes_actions.json
[2025-10-29T11:09:41.610+0000] {docker.py:438} INFO - -rw-r--r-- 1    1000 1000   10961 Sep 30 09:23 kubernetes_actions.py
[2025-10-29T11:09:41.610+0000] {docker.py:438} INFO - -rw-r--r-- 1    1000 1000     945 Sep 21 16:40 load_test.json
[2025-10-29T11:09:41.613+0000] {docker.py:438} INFO - -rw-r--r-- 1    1000 1000     528 Sep 17 12:13 max_connection_experiment.json
[2025-10-29T11:09:41.613+0000] {docker.py:438} INFO - -rw-r--r-- 1    1000 1000    1227 Sep 13 15:20 memory-stress-rollback.json
[2025-10-29T11:09:41.613+0000] {docker.py:438} INFO - -rw-rw-r-- 1    1000 1000    1066 Oct 29 06:29 memory_stress.json
[2025-10-29T11:09:41.614+0000] {docker.py:438} INFO - -rw-rw-r-- 1    1000 1000    6653 Oct 29 06:18 memory_stress.py
[2025-10-29T11:09:41.614+0000] {docker.py:438} INFO - -rw-r--r-- 1    1000 1000    1421 Sep 29 05:20 mongo_db_container_restart.json
[2025-10-29T11:09:41.622+0000] {docker.py:438} INFO - -rw-r--r-- 1    1000 1000    7586 Sep 18 05:54 mongodb_actions.py
[2025-10-29T11:09:41.622+0000] {docker.py:438} INFO - -rw-r--r-- 1    1000 1000    2136 Sep 18 11:23 mongodb_connection.json
[2025-10-29T11:09:41.623+0000] {docker.py:438} INFO - -rw-r--r-- 1    1000 1000     597 Sep 16 09:17 mongodb_network_latency_experiment.json
[2025-10-29T11:09:41.623+0000] {docker.py:438} INFO - -rw-r--r-- 1    1000 1000    3657 Sep 18 05:42 mongodb_probes.py
[2025-10-29T11:09:41.628+0000] {docker.py:438} INFO - -rw-r--r-- 1    1000 1000    6161 Sep 12 08:04 pod_restart.py
[2025-10-29T11:09:41.628+0000] {docker.py:438} INFO - -rw-r--r-- 1    1000 1000    1497 Sep 30 05:50 redis_config_faults.py
[2025-10-29T11:09:41.629+0000] {docker.py:438} INFO - -rw-r--r-- 1    1000 1000     862 Sep 30 05:50 redis_experiment.json
[2025-10-29T11:09:41.629+0000] {docker.py:438} INFO - -rw-r--r-- 1    1000 1000     945 Sep 18 06:53 redis_load.json
[2025-10-29T11:09:41.629+0000] {docker.py:438} INFO - -rw-r--r-- 1    1000 1000    1609 Oct 27 05:10 redis_memory_stress_Azure.yaml
[2025-10-29T11:09:41.634+0000] {docker.py:438} INFO - -rw-rw-r-- 1    1000 1000    1333 Oct 21 09:39 reinitialize_application.yaml
[2025-10-29T11:09:41.634+0000] {docker.py:438} INFO - -rw-r--r-- 1    1000 1000    1284 Sep 25 10:53 run_load_test_with_cleanup.py
[2025-10-29T11:09:41.635+0000] {docker.py:438} INFO - -rw-rw-r-- 1    1000 1000    1307 Oct 27 10:33 sample_probe.yaml
[2025-10-29T11:09:41.635+0000] {docker.py:438} INFO - drwxr-xr-x 2    1000 1000    4096 Oct 22 06:46 scripts
[2025-10-29T11:09:41.635+0000] {docker.py:438} INFO - -rw-rw-r-- 1    1000 1000     272 Oct 27 08:51 simple-stress-test.yaml
[2025-10-29T11:09:41.637+0000] {docker.py:438} INFO - drwxr-xr-x 4    1000 1000    4096 Sep 30 09:41 socialNetwork
[2025-10-29T11:09:41.638+0000] {docker.py:438} INFO - -rw-r--r-- 1    1000 1000     821 Sep 26 13:20 stress_test.json
[2025-10-29T11:09:41.638+0000] {docker.py:438} INFO - -rw-rw-r-- 1    1000 1000     301 Oct 27 08:46 test-stress-fixed.yaml
[2025-10-29T11:09:41.640+0000] {docker.py:438} INFO - -rw-rw-r-- 1    1000 1000     295 Oct 27 08:49 test_after_fix.yaml
[2025-10-29T11:09:41.640+0000] {docker.py:438} INFO - -rw-r--r-- 1    1000 1000     367 Sep 17 07:24 test_params.json
[2025-10-29T11:09:41.641+0000] {docker.py:438} INFO - Starting Reinitializing the Social Networking Application...
[2025-10-29T11:09:42.474+0000] {docker.py:438} INFO - [32m[2025-10-29 11:09:42 INFO] Validating the experiment's syntax
[2025-10-29T11:09:42.975+0000] {docker.py:438} INFO - [32m[2025-10-29 11:09:42 INFO] Experiment looks valid
[2025-10-29T11:09:42.977+0000] {docker.py:438} INFO - [32m[2025-10-29 11:09:42 INFO] Running experiment: Simple Social Network Reset
[2025-10-29T11:09:42.982+0000] {docker.py:438} INFO - [32m[2025-10-29 11:09:42 INFO] Steady-state strategy: default
[2025-10-29T11:09:42.983+0000] {docker.py:438} INFO - [32m[2025-10-29 11:09:42 INFO] Rollbacks strategy: default
[2025-10-29T11:09:42.983+0000] {docker.py:438} INFO - [32m[2025-10-29 11:09:42 INFO] No steady state hypothesis defined. That's ok, just exploring.
[2025-10-29T11:09:42.984+0000] {docker.py:438} INFO - [32m[2025-10-29 11:09:42 INFO] Playing your experiment's method now...
[2025-10-29T11:09:42.985+0000] {docker.py:438} INFO - [32m[2025-10-29 11:09:42 INFO] Action: complete-reset-and-reinit
[2025-10-29T11:09:42.987+0000] {docker.py:438} INFO - INFO:kubernetes_actions:Starting complete reset and reinitialization...
[2025-10-29T11:09:42.987+0000] {docker.py:438} INFO - INFO:kubernetes_actions:Starting full social network reset...
[2025-10-29T11:09:42.988+0000] {docker.py:438} INFO - INFO:kubernetes_actions:Clearing Redis data...
[2025-10-29T11:09:43.016+0000] {docker.py:438} INFO - INFO:kubernetes_actions:Loaded local Kubernetes config
[2025-10-29T11:09:43.034+0000] {docker.py:438} INFO - INFO:kubernetes_actions:Loaded local Kubernetes config
[2025-10-29T11:09:43.346+0000] {docker.py:438} INFO - INFO:kubernetes_actions:Found running pod: social-graph-redis-64bd79b48b-gpwdg for deployment: social-graph-redis
[2025-10-29T11:09:43.347+0000] {docker.py:438} INFO - INFO:kubernetes_actions:Executing command in pod social-graph-redis-64bd79b48b-gpwdg, container social-graph-redis: redis-cli FLUSHALL
[2025-10-29T11:09:44.796+0000] {docker.py:438} INFO - INFO:kubernetes_actions:Command executed successfully. Output: OK
[2025-10-29T11:09:44.839+0000] {docker.py:438} INFO - INFO:kubernetes_actions:Loaded local Kubernetes config
[2025-10-29T11:09:44.857+0000] {docker.py:438} INFO - INFO:kubernetes_actions:Loaded local Kubernetes config
[2025-10-29T11:09:45.221+0000] {docker.py:438} INFO - INFO:kubernetes_actions:Found running pod: home-timeline-redis-744dd9998f-xqjsk for deployment: home-timeline-redis
[2025-10-29T11:09:45.223+0000] {docker.py:438} INFO - INFO:kubernetes_actions:Executing command in pod home-timeline-redis-744dd9998f-xqjsk, container home-timeline-redis: redis-cli FLUSHALL
[2025-10-29T11:09:46.946+0000] {docker.py:438} INFO - INFO:kubernetes_actions:Command executed successfully. Output: OK
[2025-10-29T11:09:46.963+0000] {docker.py:438} INFO - INFO:kubernetes_actions:Loaded local Kubernetes config
[2025-10-29T11:09:46.981+0000] {docker.py:438} INFO - INFO:kubernetes_actions:Loaded local Kubernetes config
[2025-10-29T11:09:47.247+0000] {docker.py:438} INFO - INFO:kubernetes_actions:Found running pod: user-timeline-redis-7b8f6ff4fb-5s87m for deployment: user-timeline-redis
[2025-10-29T11:09:47.248+0000] {docker.py:438} INFO - INFO:kubernetes_actions:Executing command in pod user-timeline-redis-7b8f6ff4fb-5s87m, container user-timeline-redis: redis-cli FLUSHALL
[2025-10-29T11:09:48.619+0000] {docker.py:438} INFO - INFO:kubernetes_actions:Command executed successfully. Output: OK
[2025-10-29T11:09:48.620+0000] {docker.py:438} INFO - 
[2025-10-29T11:09:48.620+0000] {docker.py:438} INFO - INFO:kubernetes_actions:Clearing Memcached data...
[2025-10-29T11:09:48.636+0000] {docker.py:438} INFO - INFO:kubernetes_actions:Loaded local Kubernetes config
[2025-10-29T11:09:48.654+0000] {docker.py:438} INFO - INFO:kubernetes_actions:Loaded local Kubernetes config
[2025-10-29T11:09:48.904+0000] {docker.py:438} INFO - INFO:kubernetes_actions:Found running pod: post-storage-memcached-67c6cc65cc-j4jdz for deployment: post-storage-memcached
[2025-10-29T11:09:48.906+0000] {docker.py:438} INFO - INFO:kubernetes_actions:Executing command in pod post-storage-memcached-67c6cc65cc-j4jdz, container post-storage-memcached: sh -c echo 'flush_all' | nc localhost 11211
[2025-10-29T11:09:50.290+0000] {docker.py:438} INFO - INFO:kubernetes_actions:Command executed successfully. Output: sh: 1: nc: not found
[2025-10-29T11:09:50.336+0000] {docker.py:438} INFO - INFO:kubernetes_actions:Loaded local Kubernetes config
[2025-10-29T11:09:50.358+0000] {docker.py:438} INFO - INFO:kubernetes_actions:Loaded local Kubernetes config
[2025-10-29T11:09:50.615+0000] {docker.py:438} INFO - INFO:kubernetes_actions:Found running pod: user-memcached-56f89988c-nxdzl for deployment: user-memcached
[2025-10-29T11:09:50.617+0000] {docker.py:438} INFO - INFO:kubernetes_actions:Executing command in pod user-memcached-56f89988c-nxdzl, container user-memcached: sh -c echo 'flush_all' | nc localhost 11211
[2025-10-29T11:09:52.141+0000] {docker.py:438} INFO - INFO:kubernetes_actions:Command executed successfully. Output: sh: 1: nc: not found
[2025-10-29T11:09:52.142+0000] {docker.py:438} INFO - 
[2025-10-29T11:09:52.142+0000] {docker.py:438} INFO - INFO:kubernetes_actions:Dropping MongoDB databases...
[2025-10-29T11:09:52.158+0000] {docker.py:438} INFO - INFO:kubernetes_actions:Loaded local Kubernetes config
[2025-10-29T11:09:52.176+0000] {docker.py:438} INFO - INFO:kubernetes_actions:Loaded local Kubernetes config
[2025-10-29T11:09:52.498+0000] {docker.py:438} INFO - INFO:kubernetes_actions:Found running pod: post-storage-mongodb-7f7657964c-b2fld for deployment: post-storage-mongodb
[2025-10-29T11:09:52.499+0000] {docker.py:438} INFO - INFO:kubernetes_actions:Executing command in pod post-storage-mongodb-7f7657964c-b2fld, container post-storage-mongodb: mongo --eval db.getSiblingDB('post').dropDatabase()
[2025-10-29T11:09:54.200+0000] {docker.py:438} INFO - INFO:kubernetes_actions:Command executed successfully. Output: MongoDB shell version v4.4.6
[2025-10-29T11:09:54.201+0000] {docker.py:438} INFO - connecting to: mongodb://127.0.0.1:27017/?compressors=disabled&gssapiServiceName=mongodb
[2025-10-29T11:09:54.201+0000] {docker.py:438} INFO - Implicit session: session { "id" : UUID("348b14db-e589-42f0-bec9-de73709be515") }
[2025-10-29T11:09:54.202+0000] {docker.py:438} INFO - MongoDB server version: 4.4.6
[2025-10-29T11:09:54.202+0000] {docker.py:438} INFO - { "dropped" : "post", "ok" : 1 }
[2025-10-29T11:09:54.219+0000] {docker.py:438} INFO - INFO:kubernetes_actions:Loaded local Kubernetes config
[2025-10-29T11:09:54.237+0000] {docker.py:438} INFO - INFO:kubernetes_actions:Loaded local Kubernetes config
[2025-10-29T11:09:54.487+0000] {docker.py:438} INFO - INFO:kubernetes_actions:Found running pod: post-storage-mongodb-7f7657964c-b2fld for deployment: post-storage-mongodb
[2025-10-29T11:09:54.489+0000] {docker.py:438} INFO - INFO:kubernetes_actions:Executing command in pod post-storage-mongodb-7f7657964c-b2fld, container post-storage-mongodb: mongo --eval db.getSiblingDB('READ__ME_TO_RECOVER_YOUR_DATA').dropDatabase()
[2025-10-29T11:09:56.011+0000] {docker.py:438} INFO - INFO:kubernetes_actions:Command executed successfully. Output: MongoDB shell version v4.4.6
[2025-10-29T11:09:56.012+0000] {docker.py:438} INFO - connecting to: mongodb://127.0.0.1:27017/?compressors=disabled&gssapiServiceName=mongodb
[2025-10-29T11:09:56.012+0000] {docker.py:438} INFO - Implicit session: session { "id" : UUID("34c504e9-fc55-4558-9c83-dc3487266573") }
[2025-10-29T11:09:56.013+0000] {docker.py:438} INFO - MongoDB server version: 4.4.6
[2025-10-29T11:09:56.013+0000] {docker.py:438} INFO - { "ok" : 1 }
[2025-10-29T11:09:56.030+0000] {docker.py:438} INFO - INFO:kubernetes_actions:Loaded local Kubernetes config
[2025-10-29T11:09:56.047+0000] {docker.py:438} INFO - INFO:kubernetes_actions:Loaded local Kubernetes config
[2025-10-29T11:09:56.324+0000] {docker.py:438} INFO - INFO:kubernetes_actions:Found running pod: user-mongodb-f95b7d968-tqlld for deployment: user-mongodb
[2025-10-29T11:09:56.325+0000] {docker.py:438} INFO - INFO:kubernetes_actions:Executing command in pod user-mongodb-f95b7d968-tqlld, container user-mongodb: mongo --eval db.getSiblingDB('user').dropDatabase()
[2025-10-29T11:09:57.853+0000] {docker.py:438} INFO - INFO:kubernetes_actions:Command executed successfully. Output: MongoDB shell version v4.4.6
[2025-10-29T11:09:57.854+0000] {docker.py:438} INFO - connecting to: mongodb://127.0.0.1:27017/?compressors=disabled&gssapiServiceName=mongodb
[2025-10-29T11:09:57.854+0000] {docker.py:438} INFO - Implicit session: session { "id" : UUID("aad0bb0a-8471-418c-a322-f8da44329931") }
[2025-10-29T11:09:57.854+0000] {docker.py:438} INFO - MongoDB server version: 4.4.6
[2025-10-29T11:09:57.857+0000] {docker.py:438} INFO - { "dropped" : "user", "ok" : 1 }
[2025-10-29T11:09:57.908+0000] {docker.py:438} INFO - INFO:kubernetes_actions:Loaded local Kubernetes config
[2025-10-29T11:09:57.939+0000] {docker.py:438} INFO - INFO:kubernetes_actions:Loaded local Kubernetes config
[2025-10-29T11:09:58.189+0000] {docker.py:438} INFO - INFO:kubernetes_actions:Found running pod: user-mongodb-f95b7d968-tqlld for deployment: user-mongodb
[2025-10-29T11:09:58.191+0000] {docker.py:438} INFO - INFO:kubernetes_actions:Executing command in pod user-mongodb-f95b7d968-tqlld, container user-mongodb: mongo --eval db.getSiblingDB('READ__ME_TO_RECOVER_YOUR_DATA').dropDatabase()
[2025-10-29T11:09:59.756+0000] {docker.py:438} INFO - INFO:kubernetes_actions:Command executed successfully. Output: MongoDB shell version v4.4.6
[2025-10-29T11:09:59.757+0000] {docker.py:438} INFO - connecting to: mongodb://127.0.0.1:27017/?compressors=disabled&gssapiServiceName=mongodb
[2025-10-29T11:09:59.757+0000] {docker.py:438} INFO - Implicit session: session { "id" : UUID("1f1d25ae-2b23-4961-8881-4897b8b66b04") }
[2025-10-29T11:09:59.758+0000] {docker.py:438} INFO - MongoDB server version: 4.4.6
[2025-10-29T11:09:59.758+0000] {docker.py:438} INFO - { "ok" : 1 }
[2025-10-29T11:09:59.776+0000] {docker.py:438} INFO - INFO:kubernetes_actions:Loaded local Kubernetes config
[2025-10-29T11:09:59.794+0000] {docker.py:438} INFO - INFO:kubernetes_actions:Loaded local Kubernetes config
[2025-10-29T11:10:00.104+0000] {docker.py:438} INFO - INFO:kubernetes_actions:Found running pod: social-graph-mongodb-77fd77d9f4-jj4vn for deployment: social-graph-mongodb
[2025-10-29T11:10:00.108+0000] {docker.py:438} INFO - INFO:kubernetes_actions:Executing command in pod social-graph-mongodb-77fd77d9f4-jj4vn, container social-graph-mongodb: mongo --eval db.getSiblingDB('social-graph').dropDatabase()
[2025-10-29T11:10:01.739+0000] {docker.py:438} INFO - INFO:kubernetes_actions:Command executed successfully. Output: MongoDB shell version v4.4.6
[2025-10-29T11:10:01.740+0000] {docker.py:438} INFO - connecting to: mongodb://127.0.0.1:27017/?compressors=disabled&gssapiServiceName=mongodb
[2025-10-29T11:10:01.740+0000] {docker.py:438} INFO - Implicit session: session { "id" : UUID("3874d8ff-6267-4b41-b8b7-2540b17fcf4d") }
[2025-10-29T11:10:01.741+0000] {docker.py:438} INFO - MongoDB server version: 4.4.6
[2025-10-29T11:10:01.741+0000] {docker.py:438} INFO - { "dropped" : "social-graph", "ok" : 1 }
[2025-10-29T11:10:01.757+0000] {docker.py:438} INFO - INFO:kubernetes_actions:Loaded local Kubernetes config
[2025-10-29T11:10:01.775+0000] {docker.py:438} INFO - INFO:kubernetes_actions:Loaded local Kubernetes config
[2025-10-29T11:10:02.078+0000] {docker.py:438} INFO - INFO:kubernetes_actions:Found running pod: social-graph-mongodb-77fd77d9f4-jj4vn for deployment: social-graph-mongodb
[2025-10-29T11:10:02.079+0000] {docker.py:438} INFO - INFO:kubernetes_actions:Executing command in pod social-graph-mongodb-77fd77d9f4-jj4vn, container social-graph-mongodb: mongo --eval db.getSiblingDB('READ__ME_TO_RECOVER_YOUR_DATA').dropDatabase()
[2025-10-29T11:10:03.649+0000] {docker.py:438} INFO - INFO:kubernetes_actions:Command executed successfully. Output: MongoDB shell version v4.4.6
[2025-10-29T11:10:03.651+0000] {docker.py:438} INFO - connecting to: mongodb://127.0.0.1:27017/?compressors=disabled&gssapiServiceName=mongodb
[2025-10-29T11:10:03.651+0000] {docker.py:438} INFO - Implicit session: session { "id" : UUID("18cd0819-2fdf-4885-a151-4946c31e66c2") }
[2025-10-29T11:10:03.653+0000] {docker.py:438} INFO - MongoDB server version: 4.4.6
[2025-10-29T11:10:03.653+0000] {docker.py:438} INFO - { "ok" : 1 }
[2025-10-29T11:10:03.675+0000] {docker.py:438} INFO - INFO:kubernetes_actions:Loaded local Kubernetes config
[2025-10-29T11:10:03.696+0000] {docker.py:438} INFO - INFO:kubernetes_actions:Loaded local Kubernetes config
[2025-10-29T11:10:03.981+0000] {docker.py:438} INFO - INFO:kubernetes_actions:Found running pod: user-timeline-mongodb-6ff9797bfc-lz2wj for deployment: user-timeline-mongodb
[2025-10-29T11:10:03.983+0000] {docker.py:438} INFO - INFO:kubernetes_actions:Executing command in pod user-timeline-mongodb-6ff9797bfc-lz2wj, container user-timeline-mongodb: mongo --eval db.getSiblingDB('user-timeline').dropDatabase()
[2025-10-29T11:10:06.118+0000] {docker.py:438} INFO - INFO:kubernetes_actions:Command executed successfully. Output: MongoDB shell version v4.4.6
[2025-10-29T11:10:06.118+0000] {docker.py:438} INFO - connecting to: mongodb://127.0.0.1:27017/?compressors=disabled&gssapiServiceName=mongodb
[2025-10-29T11:10:06.119+0000] {docker.py:438} INFO - Implicit session: session { "id" : UUID("5bdc6b8f-165c-4685-83d9-0edc01766e9f") }
[2025-10-29T11:10:06.119+0000] {docker.py:438} INFO - MongoDB server version: 4.4.6
[2025-10-29T11:10:06.122+0000] {docker.py:438} INFO - { "dropped" : "user-timeline", "ok" : 1 }
[2025-10-29T11:10:06.153+0000] {docker.py:438} INFO - INFO:kubernetes_actions:Loaded local Kubernetes config
[2025-10-29T11:10:06.171+0000] {docker.py:438} INFO - INFO:kubernetes_actions:Loaded local Kubernetes config
[2025-10-29T11:10:06.499+0000] {docker.py:438} INFO - INFO:kubernetes_actions:Found running pod: user-timeline-mongodb-6ff9797bfc-lz2wj for deployment: user-timeline-mongodb
[2025-10-29T11:10:06.502+0000] {docker.py:438} INFO - INFO:kubernetes_actions:Executing command in pod user-timeline-mongodb-6ff9797bfc-lz2wj, container user-timeline-mongodb: mongo --eval db.getSiblingDB('READ__ME_TO_RECOVER_YOUR_DATA').dropDatabase()
[2025-10-29T11:10:08.852+0000] {docker.py:438} INFO - INFO:kubernetes_actions:Command executed successfully. Output: MongoDB shell version v4.4.6
[2025-10-29T11:10:08.853+0000] {docker.py:438} INFO - connecting to: mongodb://127.0.0.1:27017/?compressors=disabled&gssapiServiceName=mongodb
[2025-10-29T11:10:08.853+0000] {docker.py:438} INFO - Implicit session: session { "id" : UUID("42c98836-a16b-4ebe-9d1d-c81ec3e97e3c") }
[2025-10-29T11:10:08.854+0000] {docker.py:438} INFO - MongoDB server version: 4.4.6
[2025-10-29T11:10:08.855+0000] {docker.py:438} INFO - { "ok" : 1 }
[2025-10-29T11:10:08.855+0000] {docker.py:438} INFO - INFO:kubernetes_actions:Full social network reset completed
[2025-10-29T11:10:13.872+0000] {docker.py:438} INFO - INFO:kubernetes_actions:Loaded local Kubernetes config
[2025-10-29T11:10:13.874+0000] {docker.py:438} INFO - INFO:kubernetes_actions:Restarting deployment: social-graph-service
[2025-10-29T11:10:14.302+0000] {docker.py:438} INFO - INFO:kubernetes_actions:✅ Successfully restarted social-graph-service
[2025-10-29T11:10:14.303+0000] {docker.py:438} INFO - INFO:kubernetes_actions:Restarting deployment: user-service
[2025-10-29T11:10:14.526+0000] {docker.py:438} INFO - INFO:kubernetes_actions:✅ Successfully restarted user-service
[2025-10-29T11:10:14.528+0000] {docker.py:438} INFO - INFO:kubernetes_actions:Restarting deployment: post-storage-service
[2025-10-29T11:10:14.753+0000] {docker.py:438} INFO - INFO:kubernetes_actions:✅ Successfully restarted post-storage-service
[2025-10-29T11:10:14.754+0000] {docker.py:438} INFO - INFO:kubernetes_actions:Restarting deployment: compose-post-service
[2025-10-29T11:10:14.991+0000] {docker.py:438} INFO - INFO:kubernetes_actions:✅ Successfully restarted compose-post-service
[2025-10-29T11:10:14.992+0000] {docker.py:438} INFO - INFO:kubernetes_actions:Restarting deployment: home-timeline-service
[2025-10-29T11:10:15.214+0000] {docker.py:438} INFO - INFO:kubernetes_actions:✅ Successfully restarted home-timeline-service
[2025-10-29T11:10:15.215+0000] {docker.py:438} INFO - INFO:kubernetes_actions:Restarting deployment: user-timeline-service
[2025-10-29T11:10:15.446+0000] {docker.py:438} INFO - INFO:kubernetes_actions:✅ Successfully restarted user-timeline-service
[2025-10-29T11:10:15.447+0000] {docker.py:438} INFO - INFO:kubernetes_actions:Restarting deployment: nginx-thrift
[2025-10-29T11:10:15.931+0000] {docker.py:438} INFO - INFO:kubernetes_actions:✅ Successfully restarted nginx-thrift
[2025-10-29T11:10:15.934+0000] {docker.py:438} INFO - INFO:kubernetes_actions:Restarting deployment: text-service
[2025-10-29T11:10:16.127+0000] {docker.py:438} INFO - INFO:kubernetes_actions:✅ Successfully restarted text-service
[2025-10-29T11:10:16.128+0000] {docker.py:438} INFO - INFO:kubernetes_actions:Restarting deployment: unique-id-service
[2025-10-29T11:10:16.345+0000] {docker.py:438} INFO - INFO:kubernetes_actions:✅ Successfully restarted unique-id-service
[2025-10-29T11:10:16.345+0000] {docker.py:438} INFO - INFO:kubernetes_actions:Restarting deployment: user-mention-service
[2025-10-29T11:10:16.572+0000] {docker.py:438} INFO - INFO:kubernetes_actions:✅ Successfully restarted user-mention-service
[2025-10-29T11:10:16.573+0000] {docker.py:438} INFO - INFO:kubernetes_actions:Waiting 90 seconds for services to restart...
[2025-10-29T11:11:46.575+0000] {docker.py:438} INFO - INFO:kubernetes_actions:Reinitializing social network data...
[2025-10-29T11:17:57.553+0000] {docker.py:438} INFO - INFO:kubernetes_actions:Social network reinitialization completed successfully
[2025-10-29T11:17:57.554+0000] {docker.py:438} INFO - [32m[2025-10-29 11:17:57 INFO] Let's rollback...
[2025-10-29T11:17:57.554+0000] {docker.py:438} INFO - [32m[2025-10-29 11:17:57 INFO] No declared rollbacks, let's move on.
[2025-10-29T11:17:57.556+0000] {docker.py:438} INFO - [32m[2025-10-29 11:17:57 INFO] Experiment ended with status: completed
[2025-10-29T11:17:57.813+0000] {docker.py:438} INFO - Reinitialized Social Networking APplication successfully
[2025-10-29T11:17:58.156+0000] {taskinstance.py:340} INFO - ::group::Post task execution logs
[2025-10-29T11:17:58.156+0000] {taskinstance.py:352} INFO - Marking task as SUCCESS. dag_id=Reinitialize_Application, task_id=apply_container_restart_docker, run_id=manual__2025-10-29T11:09:20.665592+00:00, execution_date=20251029T110920, start_date=20251029T110922, end_date=20251029T111758
[2025-10-29T11:17:58.224+0000] {local_task_job_runner.py:266} INFO - Task exited with return code 0
[2025-10-29T11:17:58.252+0000] {taskinstance.py:3900} INFO - 0 downstream tasks scheduled from follow-on schedule check
[2025-10-29T11:17:58.255+0000] {local_task_job_runner.py:245} INFO - ::endgroup::
