[2025-11-12T05:20:03.072+0000] {local_task_job_runner.py:123} INFO - ::group::Pre task execution logs
[2025-11-12T05:20:03.107+0000] {taskinstance.py:2612} INFO - Dependencies all met for dep_context=non-requeueable deps ti=<TaskInstance: Reinitialize_Application.apply_container_restart_docker manual__2025-11-12T05:20:01.161719+00:00 [queued]>
[2025-11-12T05:20:03.117+0000] {taskinstance.py:2612} INFO - Dependencies all met for dep_context=requeueable deps ti=<TaskInstance: Reinitialize_Application.apply_container_restart_docker manual__2025-11-12T05:20:01.161719+00:00 [queued]>
[2025-11-12T05:20:03.118+0000] {taskinstance.py:2865} INFO - Starting attempt 1 of 1
[2025-11-12T05:20:03.140+0000] {taskinstance.py:2888} INFO - Executing <Task(DockerOperator): apply_container_restart_docker> on 2025-11-12 05:20:01.161719+00:00
[2025-11-12T05:20:03.153+0000] {standard_task_runner.py:72} INFO - Started process 145 to run task
[2025-11-12T05:20:03.164+0000] {standard_task_runner.py:104} INFO - Running: ['***', 'tasks', 'run', 'Reinitialize_Application', 'apply_container_restart_docker', 'manual__2025-11-12T05:20:01.161719+00:00', '--job-id', '14567', '--raw', '--subdir', 'DAGS_FOLDER/dag_factory.py', '--cfg-path', '/tmp/tmpzslvn0zv']
[2025-11-12T05:20:03.168+0000] {standard_task_runner.py:105} INFO - Job 14567: Subtask apply_container_restart_docker
[2025-11-12T05:20:03.242+0000] {task_command.py:467} INFO - Running <TaskInstance: Reinitialize_Application.apply_container_restart_docker manual__2025-11-12T05:20:01.161719+00:00 [running]> on host workflow.y2twbfvcjkaujnl2bmtbxunhcb.cx.internal.cloudapp.net
[2025-11-12T05:20:03.396+0000] {taskinstance.py:3131} INFO - Exporting env vars: AIRFLOW_CTX_DAG_OWNER='***' AIRFLOW_CTX_DAG_ID='Reinitialize_Application' AIRFLOW_CTX_TASK_ID='apply_container_restart_docker' AIRFLOW_CTX_EXECUTION_DATE='2025-11-12T05:20:01.161719+00:00' AIRFLOW_CTX_TRY_NUMBER='1' AIRFLOW_CTX_DAG_RUN_ID='manual__2025-11-12T05:20:01.161719+00:00'
[2025-11-12T05:20:03.401+0000] {taskinstance.py:731} INFO - ::endgroup::
[2025-11-12T05:20:03.458+0000] {docker.py:367} INFO - Starting docker container from image priyanshu01ce/***_chaos:latest
[2025-11-12T05:20:04.073+0000] {docker.py:438} INFO - The container is run as root user. For security, consider using a regular user account.
[2025-11-12T05:20:18.534+0000] {docker.py:438} INFO - 
[2025-11-12T05:20:18.542+0000] {docker.py:438} INFO - total 9900
[2025-11-12T05:20:18.543+0000] {docker.py:438} INFO - drwxr-xr-x 6    1000 1000    4096 Nov 11 11:35 .
[2025-11-12T05:20:18.543+0000] {docker.py:438} INFO - drwxr-xr-x 1 *** root    4096 Sep 26 10:44 ..
[2025-11-12T05:20:18.544+0000] {docker.py:438} INFO - -rw-r--r-- 1    1000 1000    1193 Sep  8 07:02 API_Latency.json
[2025-11-12T05:20:18.545+0000] {docker.py:438} INFO - -rw-r--r-- 1    1000 1000     729 Sep  9 10:30 API_Timeout.json
[2025-11-12T05:20:18.545+0000] {docker.py:438} INFO - -rw-r--r-- 1    1000 1000    1331 Oct  7 18:22 Continuous_Load_Test_Azure.yaml
[2025-11-12T05:20:18.546+0000] {docker.py:438} INFO - -rw-r--r-- 1    1000 1000    1665 Nov 11 09:21 Memory_Stress_Test_Azure.yaml
[2025-11-12T05:20:18.546+0000] {docker.py:438} INFO - -rw-r--r-- 1    1000 1000    1178 Sep 30 18:19 Stress_Test_Azure.yaml
[2025-11-12T05:20:18.546+0000] {docker.py:438} INFO - drwxrwxr-x 2 root    root    4096 Oct 29 06:31 __pycache__
[2025-11-12T05:20:18.547+0000] {docker.py:438} INFO - drwxrwxr-x 5    1000 1000    4096 Oct 21 08:05 chaos_env
[2025-11-12T05:20:18.549+0000] {docker.py:438} INFO - -rw-r--r-- 1    1000 1000    8875 Sep 25 16:54 chaosk6_actions.py
[2025-11-12T05:20:18.549+0000] {docker.py:438} INFO - -rw-rw-r-- 1    1000 1000 9624711 Nov 12 05:19 chaostoolkit.log
[2025-11-12T05:20:18.550+0000] {docker.py:438} INFO - -rw-rw-r-- 1    1000 1000    1421 Oct 23 09:34 check.py
[2025-11-12T05:20:18.550+0000] {docker.py:438} INFO - -rw-r--r-- 1    1000 1000    3213 Sep  9 09:11 combined-sequential.json
[2025-11-12T05:20:18.552+0000] {docker.py:438} INFO - -rwxrwxr-x 1    1000 1000    1489 Oct 27 06:29 complete_chaos_mesh-cleanup.sh
[2025-11-12T05:20:18.553+0000] {docker.py:438} INFO - -rw-r--r-- 1    1000 1000     502 Sep 16 05:31 connection_test_experiment.json
[2025-11-12T05:20:18.553+0000] {docker.py:438} INFO - -rw-rw-r-- 1    1000 1000     692 Oct 24 01:43 container_probe.json
[2025-11-12T05:20:18.554+0000] {docker.py:438} INFO - -rw-rw-r-- 1    1000 1000    2533 Oct 23 09:28 container_probe.yaml
[2025-11-12T05:20:18.554+0000] {docker.py:438} INFO - -rw-r--r-- 1    1000 1000    1420 Sep 24 06:53 container_restart.json
[2025-11-12T05:20:18.554+0000] {docker.py:438} INFO - -rw-r--r-- 1    1000 1000   16452 Sep 26 09:59 container_restart.py
[2025-11-12T05:20:18.555+0000] {docker.py:438} INFO - -rw-r--r-- 1    1000 1000    1744 Nov 11 09:15 container_restart_Azure.yaml
[2025-11-12T05:20:18.558+0000] {docker.py:438} INFO - -rw-r--r-- 1    1000 1000    1409 Sep 18 12:30 continuous_load_test.json
[2025-11-12T05:20:18.558+0000] {docker.py:438} INFO - -rw-r--r-- 1    1000 1000    1637 Sep 25 10:13 cordon-uncordon-node.json
[2025-11-12T05:20:18.558+0000] {docker.py:438} INFO - -rw-r--r-- 1    1000 1000    1637 Sep 25 04:39 cordon_test.json
[2025-11-12T05:20:18.559+0000] {docker.py:438} INFO - -rw-r--r-- 1    1000 1000    1430 Nov 11 09:16 cordon_uncordon_node_Azure.yaml
[2025-11-12T05:20:18.559+0000] {docker.py:438} INFO - -rw-r--r-- 1    1000 1000    1203 Sep 30 06:51 cpu_stress_ng.json
[2025-11-12T05:20:18.560+0000] {docker.py:438} INFO - -rw-r--r-- 1    1000 1000    1760 Oct 21 08:00 db_cleanup.json
[2025-11-12T05:20:18.560+0000] {docker.py:438} INFO - -rw-r--r-- 1    1000 1000    6399 Sep 24 07:40 db_cleanup.py
[2025-11-12T05:20:18.560+0000] {docker.py:438} INFO - -rw-rw-r-- 1    1000 1000    5855 Oct 28 12:27 direct_memory_stress.py
[2025-11-12T05:20:18.561+0000] {docker.py:438} INFO - -rw-r--r-- 1    1000 1000    2486 Nov 12 05:13 journal.json
[2025-11-12T05:20:18.561+0000] {docker.py:438} INFO - -rw-rw-r-- 1    1000 1000       0 Nov 11 11:31 json
[2025-11-12T05:20:18.562+0000] {docker.py:438} INFO - -rw-rw-r-- 1 root    root  210048 Nov 12 05:19 k6_continuous_load.log
[2025-11-12T05:20:18.562+0000] {docker.py:438} INFO - -rw-r--r-- 1    1000 1000    3959 Nov 11 16:45 k6_continuous_summary.json
[2025-11-12T05:20:18.562+0000] {docker.py:438} INFO - -rw-r--r-- 1    1000 1000    3433 Sep 25 09:28 k6_summary.json
[2025-11-12T05:20:18.564+0000] {docker.py:438} INFO - -rw-r--r-- 1    1000 1000     989 Sep 30 09:24 kubernetes_actions.json
[2025-11-12T05:20:18.565+0000] {docker.py:438} INFO - -rw-r--r-- 1    1000 1000   10961 Sep 30 09:23 kubernetes_actions.py
[2025-11-12T05:20:18.565+0000] {docker.py:438} INFO - -rw-r--r-- 1    1000 1000     945 Sep 21 16:40 load_test.json
[2025-11-12T05:20:18.566+0000] {docker.py:438} INFO - -rw-r--r-- 1    1000 1000     528 Sep 17 12:13 max_connection_experiment.json
[2025-11-12T05:20:18.566+0000] {docker.py:438} INFO - -rw-r--r-- 1    1000 1000    1227 Sep 13 15:20 memory-stress-rollback.json
[2025-11-12T05:20:18.566+0000] {docker.py:438} INFO - -rw-rw-r-- 1    1000 1000    1066 Oct 30 12:27 memory_stress.json
[2025-11-12T05:20:18.567+0000] {docker.py:438} INFO - -rw-rw-r-- 1    1000 1000    6653 Oct 29 06:18 memory_stress.py
[2025-11-12T05:20:18.567+0000] {docker.py:438} INFO - -rw-r--r-- 1    1000 1000    1421 Sep 29 05:20 mongo_db_container_restart.json
[2025-11-12T05:20:18.568+0000] {docker.py:438} INFO - -rw-r--r-- 1    1000 1000    7586 Sep 18 05:54 mongodb_actions.py
[2025-11-12T05:20:18.568+0000] {docker.py:438} INFO - -rw-r--r-- 1    1000 1000    2136 Sep 18 11:23 mongodb_connection.json
[2025-11-12T05:20:18.568+0000] {docker.py:438} INFO - -rw-r--r-- 1    1000 1000     597 Sep 16 09:17 mongodb_network_latency_experiment.json
[2025-11-12T05:20:18.571+0000] {docker.py:438} INFO - -rw-r--r-- 1    1000 1000    3657 Sep 18 05:42 mongodb_probes.py
[2025-11-12T05:20:18.571+0000] {docker.py:438} INFO - -rw-r--r-- 1    1000 1000    6161 Sep 12 08:04 pod_restart.py
[2025-11-12T05:20:18.572+0000] {docker.py:438} INFO - -rw-r--r-- 1    1000 1000    1497 Sep 30 05:50 redis_config_faults.py
[2025-11-12T05:20:18.572+0000] {docker.py:438} INFO - -rw-r--r-- 1    1000 1000     862 Sep 30 05:50 redis_experiment.json
[2025-11-12T05:20:18.572+0000] {docker.py:438} INFO - -rw-r--r-- 1    1000 1000     945 Sep 18 06:53 redis_load.json
[2025-11-12T05:20:18.573+0000] {docker.py:438} INFO - -rw-r--r-- 1    1000 1000    1634 Nov 11 09:16 redis_memory_stress_Azure.yaml
[2025-11-12T05:20:18.573+0000] {docker.py:438} INFO - -rw-rw-r-- 1    1000 1000    1333 Oct 21 09:39 reinitialize_application.yaml
[2025-11-12T05:20:18.573+0000] {docker.py:438} INFO - -rw-r--r-- 1    1000 1000    1284 Sep 25 10:53 run_load_test_with_cleanup.py
[2025-11-12T05:20:18.574+0000] {docker.py:438} INFO - -rw-rw-r-- 1    1000 1000    1307 Oct 27 10:33 sample_probe.yaml
[2025-11-12T05:20:18.574+0000] {docker.py:438} INFO - drwxr-xr-x 2    1000 1000    4096 Oct 22 06:46 scripts
[2025-11-12T05:20:18.575+0000] {docker.py:438} INFO - -rw-rw-r-- 1    1000 1000     272 Oct 27 08:51 simple-stress-test.yaml
[2025-11-12T05:20:18.576+0000] {docker.py:438} INFO - drwxr-xr-x 4    1000 1000    4096 Sep 30 09:41 socialNetwork
[2025-11-12T05:20:18.576+0000] {docker.py:438} INFO - -rw-r--r-- 1    1000 1000     821 Sep 26 13:20 stress_test.json
[2025-11-12T05:20:18.578+0000] {docker.py:438} INFO - -rw-rw-r-- 1    1000 1000     301 Oct 27 08:46 test-stress-fixed.yaml
[2025-11-12T05:20:18.578+0000] {docker.py:438} INFO - -rw-rw-r-- 1    1000 1000     295 Oct 27 08:49 test_after_fix.yaml
[2025-11-12T05:20:18.579+0000] {docker.py:438} INFO - -rw-r--r-- 1    1000 1000     367 Sep 17 07:24 test_params.json
[2025-11-12T05:20:18.579+0000] {docker.py:438} INFO - Starting Reinitializing the Social Networking Application...
[2025-11-12T05:20:19.405+0000] {docker.py:438} INFO - [32m[2025-11-12 05:20:19 INFO] Validating the experiment's syntax
[2025-11-12T05:20:19.881+0000] {docker.py:438} INFO - [32m[2025-11-12 05:20:19 INFO] Experiment looks valid
[2025-11-12T05:20:19.883+0000] {docker.py:438} INFO - [32m[2025-11-12 05:20:19 INFO] Running experiment: Simple Social Network Reset
[2025-11-12T05:20:19.886+0000] {docker.py:438} INFO - [32m[2025-11-12 05:20:19 INFO] Steady-state strategy: default
[2025-11-12T05:20:19.890+0000] {docker.py:438} INFO - [32m[2025-11-12 05:20:19 INFO] Rollbacks strategy: default
[2025-11-12T05:20:19.890+0000] {docker.py:438} INFO - [32m[2025-11-12 05:20:19 INFO] No steady state hypothesis defined. That's ok, just exploring.
[2025-11-12T05:20:19.891+0000] {docker.py:438} INFO - [32m[2025-11-12 05:20:19 INFO] Playing your experiment's method now...
[2025-11-12T05:20:19.891+0000] {docker.py:438} INFO - [32m[2025-11-12 05:20:19 INFO] Action: complete-reset-and-reinit
[2025-11-12T05:20:19.891+0000] {docker.py:438} INFO - INFO:kubernetes_actions:Starting complete reset and reinitialization...
[2025-11-12T05:20:19.894+0000] {docker.py:438} INFO - INFO:kubernetes_actions:Starting full social network reset...
[2025-11-12T05:20:19.894+0000] {docker.py:438} INFO - INFO:kubernetes_actions:Clearing Redis data...
[2025-11-12T05:20:19.925+0000] {docker.py:438} INFO - INFO:kubernetes_actions:Loaded local Kubernetes config
[2025-11-12T05:20:19.949+0000] {docker.py:438} INFO - INFO:kubernetes_actions:Loaded local Kubernetes config
[2025-11-12T05:20:20.242+0000] {docker.py:438} INFO - INFO:kubernetes_actions:Found running pod: social-graph-redis-64bd79b48b-gpwdg for deployment: social-graph-redis
[2025-11-12T05:20:20.243+0000] {docker.py:438} INFO - INFO:kubernetes_actions:Executing command in pod social-graph-redis-64bd79b48b-gpwdg, container social-graph-redis: redis-cli FLUSHALL
[2025-11-12T05:20:21.669+0000] {docker.py:438} INFO - INFO:kubernetes_actions:Command executed successfully. Output: OK
[2025-11-12T05:20:21.696+0000] {docker.py:438} INFO - INFO:kubernetes_actions:Loaded local Kubernetes config
[2025-11-12T05:20:21.720+0000] {docker.py:438} INFO - INFO:kubernetes_actions:Loaded local Kubernetes config
[2025-11-12T05:20:22.049+0000] {docker.py:438} INFO - INFO:kubernetes_actions:Found running pod: home-timeline-redis-744dd9998f-xqjsk for deployment: home-timeline-redis
[2025-11-12T05:20:22.050+0000] {docker.py:438} INFO - INFO:kubernetes_actions:Executing command in pod home-timeline-redis-744dd9998f-xqjsk, container home-timeline-redis: redis-cli FLUSHALL
[2025-11-12T05:20:23.750+0000] {docker.py:438} INFO - INFO:kubernetes_actions:Command executed successfully. Output: OK
[2025-11-12T05:20:23.775+0000] {docker.py:438} INFO - INFO:kubernetes_actions:Loaded local Kubernetes config
[2025-11-12T05:20:23.800+0000] {docker.py:438} INFO - INFO:kubernetes_actions:Loaded local Kubernetes config
[2025-11-12T05:20:24.096+0000] {docker.py:438} INFO - INFO:kubernetes_actions:Found running pod: user-timeline-redis-7b8f6ff4fb-5s87m for deployment: user-timeline-redis
[2025-11-12T05:20:24.098+0000] {docker.py:438} INFO - INFO:kubernetes_actions:Executing command in pod user-timeline-redis-7b8f6ff4fb-5s87m, container user-timeline-redis: redis-cli FLUSHALL
[2025-11-12T05:20:25.499+0000] {docker.py:438} INFO - INFO:kubernetes_actions:Command executed successfully. Output: OK
[2025-11-12T05:20:25.501+0000] {docker.py:438} INFO - INFO:kubernetes_actions:Clearing Memcached data...
[2025-11-12T05:20:25.524+0000] {docker.py:438} INFO - INFO:kubernetes_actions:Loaded local Kubernetes config
[2025-11-12T05:20:25.548+0000] {docker.py:438} INFO - INFO:kubernetes_actions:Loaded local Kubernetes config
[2025-11-12T05:20:25.825+0000] {docker.py:438} INFO - INFO:kubernetes_actions:Found running pod: post-storage-memcached-67c6cc65cc-j4jdz for deployment: post-storage-memcached
[2025-11-12T05:20:25.827+0000] {docker.py:438} INFO - INFO:kubernetes_actions:Executing command in pod post-storage-memcached-67c6cc65cc-j4jdz, container post-storage-memcached: sh -c echo 'flush_all' | nc localhost 11211
[2025-11-12T05:20:27.231+0000] {docker.py:438} INFO - INFO:kubernetes_actions:Command executed successfully. Output: sh: 1: nc: not found
[2025-11-12T05:20:27.269+0000] {docker.py:438} INFO - INFO:kubernetes_actions:Loaded local Kubernetes config
[2025-11-12T05:20:27.293+0000] {docker.py:438} INFO - INFO:kubernetes_actions:Loaded local Kubernetes config
[2025-11-12T05:20:27.610+0000] {docker.py:438} INFO - INFO:kubernetes_actions:Found running pod: user-memcached-56f89988c-kswck for deployment: user-memcached
[2025-11-12T05:20:27.612+0000] {docker.py:438} INFO - INFO:kubernetes_actions:Executing command in pod user-memcached-56f89988c-kswck, container user-memcached: sh -c echo 'flush_all' | nc localhost 11211
[2025-11-12T05:20:28.996+0000] {docker.py:438} INFO - INFO:kubernetes_actions:Command executed successfully. Output: sh: 1: nc: not found
[2025-11-12T05:20:28.997+0000] {docker.py:438} INFO - 
[2025-11-12T05:20:28.997+0000] {docker.py:438} INFO - INFO:kubernetes_actions:Dropping MongoDB databases...
[2025-11-12T05:20:29.021+0000] {docker.py:438} INFO - INFO:kubernetes_actions:Loaded local Kubernetes config
[2025-11-12T05:20:29.045+0000] {docker.py:438} INFO - INFO:kubernetes_actions:Loaded local Kubernetes config
[2025-11-12T05:20:29.361+0000] {docker.py:438} INFO - INFO:kubernetes_actions:Found running pod: post-storage-mongodb-7f7657964c-b2fld for deployment: post-storage-mongodb
[2025-11-12T05:20:29.363+0000] {docker.py:438} INFO - INFO:kubernetes_actions:Executing command in pod post-storage-mongodb-7f7657964c-b2fld, container post-storage-mongodb: mongo --eval db.getSiblingDB('post').dropDatabase()
[2025-11-12T05:20:31.005+0000] {docker.py:438} INFO - INFO:kubernetes_actions:Command executed successfully. Output: MongoDB shell version v4.4.6
[2025-11-12T05:20:31.006+0000] {docker.py:438} INFO - connecting to: mongodb://127.0.0.1:27017/?compressors=disabled&gssapiServiceName=mongodb
[2025-11-12T05:20:31.006+0000] {docker.py:438} INFO - Implicit session: session { "id" : UUID("c68fa1cc-73b4-425b-9ac7-2d1d394b6eab") }
[2025-11-12T05:20:31.009+0000] {docker.py:438} INFO - MongoDB server version: 4.4.6
[2025-11-12T05:20:31.009+0000] {docker.py:438} INFO - { "dropped" : "post", "ok" : 1 }
[2025-11-12T05:20:31.030+0000] {docker.py:438} INFO - INFO:kubernetes_actions:Loaded local Kubernetes config
[2025-11-12T05:20:31.054+0000] {docker.py:438} INFO - INFO:kubernetes_actions:Loaded local Kubernetes config
[2025-11-12T05:20:31.415+0000] {docker.py:438} INFO - INFO:kubernetes_actions:Found running pod: post-storage-mongodb-7f7657964c-b2fld for deployment: post-storage-mongodb
[2025-11-12T05:20:31.417+0000] {docker.py:438} INFO - INFO:kubernetes_actions:Executing command in pod post-storage-mongodb-7f7657964c-b2fld, container post-storage-mongodb: mongo --eval db.getSiblingDB('READ__ME_TO_RECOVER_YOUR_DATA').dropDatabase()
[2025-11-12T05:20:32.907+0000] {docker.py:438} INFO - INFO:kubernetes_actions:Command executed successfully. Output: MongoDB shell version v4.4.6
[2025-11-12T05:20:32.908+0000] {docker.py:438} INFO - connecting to: mongodb://127.0.0.1:27017/?compressors=disabled&gssapiServiceName=mongodb
[2025-11-12T05:20:32.908+0000] {docker.py:438} INFO - Implicit session: session { "id" : UUID("83cc42c8-a2ac-411d-b50e-bbb2154524ec") }
[2025-11-12T05:20:32.911+0000] {docker.py:438} INFO - MongoDB server version: 4.4.6
[2025-11-12T05:20:32.911+0000] {docker.py:438} INFO - { "ok" : 1 }
[2025-11-12T05:20:32.951+0000] {docker.py:438} INFO - INFO:kubernetes_actions:Loaded local Kubernetes config
[2025-11-12T05:20:32.992+0000] {docker.py:438} INFO - INFO:kubernetes_actions:Loaded local Kubernetes config
[2025-11-12T05:20:33.260+0000] {docker.py:438} INFO - INFO:kubernetes_actions:Found running pod: user-mongodb-f95b7d968-tqlld for deployment: user-mongodb
[2025-11-12T05:20:33.262+0000] {docker.py:438} INFO - INFO:kubernetes_actions:Executing command in pod user-mongodb-f95b7d968-tqlld, container user-mongodb: mongo --eval db.getSiblingDB('user').dropDatabase()
[2025-11-12T05:20:34.754+0000] {docker.py:438} INFO - INFO:kubernetes_actions:Command executed successfully. Output: MongoDB shell version v4.4.6
[2025-11-12T05:20:34.755+0000] {docker.py:438} INFO - connecting to: mongodb://127.0.0.1:27017/?compressors=disabled&gssapiServiceName=mongodb
[2025-11-12T05:20:34.755+0000] {docker.py:438} INFO - Implicit session: session { "id" : UUID("e4f8bc01-7b5d-43e9-bfa2-c66c2666c7af") }
[2025-11-12T05:20:34.758+0000] {docker.py:438} INFO - MongoDB server version: 4.4.6
[2025-11-12T05:20:34.758+0000] {docker.py:438} INFO - { "dropped" : "user", "ok" : 1 }
[2025-11-12T05:20:34.784+0000] {docker.py:438} INFO - INFO:kubernetes_actions:Loaded local Kubernetes config
[2025-11-12T05:20:34.820+0000] {docker.py:438} INFO - INFO:kubernetes_actions:Loaded local Kubernetes config
[2025-11-12T05:20:35.073+0000] {docker.py:438} INFO - INFO:kubernetes_actions:Found running pod: user-mongodb-f95b7d968-tqlld for deployment: user-mongodb
[2025-11-12T05:20:35.074+0000] {docker.py:438} INFO - INFO:kubernetes_actions:Executing command in pod user-mongodb-f95b7d968-tqlld, container user-mongodb: mongo --eval db.getSiblingDB('READ__ME_TO_RECOVER_YOUR_DATA').dropDatabase()
[2025-11-12T05:20:36.553+0000] {docker.py:438} INFO - INFO:kubernetes_actions:Command executed successfully. Output: MongoDB shell version v4.4.6
[2025-11-12T05:20:36.556+0000] {docker.py:438} INFO - connecting to: mongodb://127.0.0.1:27017/?compressors=disabled&gssapiServiceName=mongodb
[2025-11-12T05:20:36.556+0000] {docker.py:438} INFO - Implicit session: session { "id" : UUID("886cfeac-abae-46ae-adb8-f43bb91dfaa7") }
[2025-11-12T05:20:36.557+0000] {docker.py:438} INFO - MongoDB server version: 4.4.6
[2025-11-12T05:20:36.557+0000] {docker.py:438} INFO - { "ok" : 1 }
[2025-11-12T05:20:36.579+0000] {docker.py:438} INFO - INFO:kubernetes_actions:Loaded local Kubernetes config
[2025-11-12T05:20:36.604+0000] {docker.py:438} INFO - INFO:kubernetes_actions:Loaded local Kubernetes config
[2025-11-12T05:20:36.861+0000] {docker.py:438} INFO - INFO:kubernetes_actions:Found running pod: social-graph-mongodb-77fd77d9f4-jj4vn for deployment: social-graph-mongodb
[2025-11-12T05:20:36.863+0000] {docker.py:438} INFO - INFO:kubernetes_actions:Executing command in pod social-graph-mongodb-77fd77d9f4-jj4vn, container social-graph-mongodb: mongo --eval db.getSiblingDB('social-graph').dropDatabase()
[2025-11-12T05:20:38.349+0000] {docker.py:438} INFO - INFO:kubernetes_actions:Command executed successfully. Output: MongoDB shell version v4.4.6
[2025-11-12T05:20:38.350+0000] {docker.py:438} INFO - connecting to: mongodb://127.0.0.1:27017/?compressors=disabled&gssapiServiceName=mongodb
[2025-11-12T05:20:38.350+0000] {docker.py:438} INFO - Implicit session: session { "id" : UUID("13e3e4d4-4703-48a8-8203-0a6dec4ba1c0") }
[2025-11-12T05:20:38.351+0000] {docker.py:438} INFO - MongoDB server version: 4.4.6
[2025-11-12T05:20:38.353+0000] {docker.py:438} INFO - { "dropped" : "social-graph", "ok" : 1 }
[2025-11-12T05:20:38.374+0000] {docker.py:438} INFO - INFO:kubernetes_actions:Loaded local Kubernetes config
[2025-11-12T05:20:38.399+0000] {docker.py:438} INFO - INFO:kubernetes_actions:Loaded local Kubernetes config
[2025-11-12T05:20:38.676+0000] {docker.py:438} INFO - INFO:kubernetes_actions:Found running pod: social-graph-mongodb-77fd77d9f4-jj4vn for deployment: social-graph-mongodb
[2025-11-12T05:20:38.677+0000] {docker.py:438} INFO - INFO:kubernetes_actions:Executing command in pod social-graph-mongodb-77fd77d9f4-jj4vn, container social-graph-mongodb: mongo --eval db.getSiblingDB('READ__ME_TO_RECOVER_YOUR_DATA').dropDatabase()
[2025-11-12T05:20:40.253+0000] {docker.py:438} INFO - INFO:kubernetes_actions:Command executed successfully. Output: MongoDB shell version v4.4.6
[2025-11-12T05:20:40.254+0000] {docker.py:438} INFO - connecting to: mongodb://127.0.0.1:27017/?compressors=disabled&gssapiServiceName=mongodb
[2025-11-12T05:20:40.254+0000] {docker.py:438} INFO - Implicit session: session { "id" : UUID("ed32355b-287e-46fb-93f2-7a71550f0f94") }
[2025-11-12T05:20:40.257+0000] {docker.py:438} INFO - MongoDB server version: 4.4.6
[2025-11-12T05:20:40.257+0000] {docker.py:438} INFO - { "ok" : 1 }
[2025-11-12T05:20:40.279+0000] {docker.py:438} INFO - INFO:kubernetes_actions:Loaded local Kubernetes config
[2025-11-12T05:20:40.303+0000] {docker.py:438} INFO - INFO:kubernetes_actions:Loaded local Kubernetes config
[2025-11-12T05:20:40.613+0000] {docker.py:438} INFO - INFO:kubernetes_actions:Found running pod: user-timeline-mongodb-6ff9797bfc-bnf8b for deployment: user-timeline-mongodb
[2025-11-12T05:20:40.614+0000] {docker.py:438} INFO - INFO:kubernetes_actions:Executing command in pod user-timeline-mongodb-6ff9797bfc-bnf8b, container user-timeline-mongodb: mongo --eval db.getSiblingDB('user-timeline').dropDatabase()
[2025-11-12T05:20:42.698+0000] {docker.py:438} INFO - INFO:kubernetes_actions:Command executed successfully. Output: MongoDB shell version v4.4.6
[2025-11-12T05:20:42.699+0000] {docker.py:438} INFO - connecting to: mongodb://127.0.0.1:27017/?compressors=disabled&gssapiServiceName=mongodb
[2025-11-12T05:20:42.699+0000] {docker.py:438} INFO - Implicit session: session { "id" : UUID("f1beab7a-f8a3-42d9-bf11-200128748e6a") }
[2025-11-12T05:20:42.702+0000] {docker.py:438} INFO - MongoDB server version: 4.4.6
[2025-11-12T05:20:42.702+0000] {docker.py:438} INFO - { "dropped" : "user-timeline", "ok" : 1 }
[2025-11-12T05:20:42.724+0000] {docker.py:438} INFO - INFO:kubernetes_actions:Loaded local Kubernetes config
[2025-11-12T05:20:42.749+0000] {docker.py:438} INFO - INFO:kubernetes_actions:Loaded local Kubernetes config
[2025-11-12T05:20:43.106+0000] {docker.py:438} INFO - INFO:kubernetes_actions:Found running pod: user-timeline-mongodb-6ff9797bfc-bnf8b for deployment: user-timeline-mongodb
[2025-11-12T05:20:43.106+0000] {docker.py:438} INFO - INFO:kubernetes_actions:Executing command in pod user-timeline-mongodb-6ff9797bfc-bnf8b, container user-timeline-mongodb: mongo --eval db.getSiblingDB('READ__ME_TO_RECOVER_YOUR_DATA').dropDatabase()
[2025-11-12T05:20:45.071+0000] {docker.py:438} INFO - INFO:kubernetes_actions:Command executed successfully. Output: MongoDB shell version v4.4.6
[2025-11-12T05:20:45.072+0000] {docker.py:438} INFO - connecting to: mongodb://127.0.0.1:27017/?compressors=disabled&gssapiServiceName=mongodb
[2025-11-12T05:20:45.072+0000] {docker.py:438} INFO - Implicit session: session { "id" : UUID("870a69cb-f9cb-4c07-b484-16398e58da92") }
[2025-11-12T05:20:45.072+0000] {docker.py:438} INFO - MongoDB server version: 4.4.6
[2025-11-12T05:20:45.073+0000] {docker.py:438} INFO - { "ok" : 1 }
[2025-11-12T05:20:45.074+0000] {docker.py:438} INFO - 
[2025-11-12T05:20:45.074+0000] {docker.py:438} INFO - INFO:kubernetes_actions:Full social network reset completed
[2025-11-12T05:20:50.099+0000] {docker.py:438} INFO - INFO:kubernetes_actions:Loaded local Kubernetes config
[2025-11-12T05:20:50.100+0000] {docker.py:438} INFO - INFO:kubernetes_actions:Restarting deployment: social-graph-service
[2025-11-12T05:20:50.524+0000] {docker.py:438} INFO - INFO:kubernetes_actions:✅ Successfully restarted social-graph-service
[2025-11-12T05:20:50.526+0000] {docker.py:438} INFO - INFO:kubernetes_actions:Restarting deployment: user-service
[2025-11-12T05:20:50.718+0000] {docker.py:438} INFO - INFO:kubernetes_actions:✅ Successfully restarted user-service
[2025-11-12T05:20:50.720+0000] {docker.py:438} INFO - INFO:kubernetes_actions:Restarting deployment: post-storage-service
[2025-11-12T05:20:50.931+0000] {docker.py:438} INFO - INFO:kubernetes_actions:✅ Successfully restarted post-storage-service
[2025-11-12T05:20:50.932+0000] {docker.py:438} INFO - INFO:kubernetes_actions:Restarting deployment: compose-post-service
[2025-11-12T05:20:51.139+0000] {docker.py:438} INFO - INFO:kubernetes_actions:✅ Successfully restarted compose-post-service
[2025-11-12T05:20:51.142+0000] {docker.py:438} INFO - INFO:kubernetes_actions:Restarting deployment: home-timeline-service
[2025-11-12T05:20:51.336+0000] {docker.py:438} INFO - INFO:kubernetes_actions:✅ Successfully restarted home-timeline-service
[2025-11-12T05:20:51.337+0000] {docker.py:438} INFO - INFO:kubernetes_actions:Restarting deployment: user-timeline-service
[2025-11-12T05:20:51.526+0000] {docker.py:438} INFO - INFO:kubernetes_actions:✅ Successfully restarted user-timeline-service
[2025-11-12T05:20:51.527+0000] {docker.py:438} INFO - INFO:kubernetes_actions:Restarting deployment: nginx-thrift
[2025-11-12T05:20:51.755+0000] {docker.py:438} INFO - INFO:kubernetes_actions:✅ Successfully restarted nginx-thrift
[2025-11-12T05:20:51.755+0000] {docker.py:438} INFO - INFO:kubernetes_actions:Restarting deployment: text-service
[2025-11-12T05:20:52.001+0000] {docker.py:438} INFO - INFO:kubernetes_actions:✅ Successfully restarted text-service
[2025-11-12T05:20:52.001+0000] {docker.py:438} INFO - INFO:kubernetes_actions:Restarting deployment: unique-id-service
[2025-11-12T05:20:52.309+0000] {docker.py:438} INFO - INFO:kubernetes_actions:✅ Successfully restarted unique-id-service
[2025-11-12T05:20:52.309+0000] {docker.py:438} INFO - INFO:kubernetes_actions:Restarting deployment: user-mention-service
[2025-11-12T05:20:52.556+0000] {docker.py:438} INFO - INFO:kubernetes_actions:✅ Successfully restarted user-mention-service
[2025-11-12T05:20:52.558+0000] {docker.py:438} INFO - INFO:kubernetes_actions:Waiting 90 seconds for services to restart...
[2025-11-12T05:22:22.559+0000] {docker.py:438} INFO - INFO:kubernetes_actions:Reinitializing social network data...
[2025-11-12T05:30:50.029+0000] {docker.py:438} INFO - INFO:kubernetes_actions:Social network reinitialization completed successfully
[2025-11-12T05:30:50.030+0000] {docker.py:438} INFO - [32m[2025-11-12 05:30:50 INFO] Let's rollback...
[2025-11-12T05:30:50.031+0000] {docker.py:438} INFO - [32m[2025-11-12 05:30:50 INFO] No declared rollbacks, let's move on.
[2025-11-12T05:30:50.031+0000] {docker.py:438} INFO - [32m[2025-11-12 05:30:50 INFO] Experiment ended with status: completed
[2025-11-12T05:30:50.159+0000] {docker.py:438} INFO - Reinitialized Social Networking APplication successfully
[2025-11-12T05:30:50.415+0000] {taskinstance.py:340} INFO - ::group::Post task execution logs
[2025-11-12T05:30:50.415+0000] {taskinstance.py:352} INFO - Marking task as SUCCESS. dag_id=Reinitialize_Application, task_id=apply_container_restart_docker, run_id=manual__2025-11-12T05:20:01.161719+00:00, execution_date=20251112T052001, start_date=20251112T052003, end_date=20251112T053050
[2025-11-12T05:30:50.477+0000] {local_task_job_runner.py:266} INFO - Task exited with return code 0
[2025-11-12T05:30:50.493+0000] {taskinstance.py:3900} INFO - 0 downstream tasks scheduled from follow-on schedule check
[2025-11-12T05:30:50.496+0000] {local_task_job_runner.py:245} INFO - ::endgroup::
