[2025-11-06T08:16:26.293+0000] {local_task_job_runner.py:123} INFO - ::group::Pre task execution logs
[2025-11-06T08:16:26.324+0000] {taskinstance.py:2612} INFO - Dependencies all met for dep_context=non-requeueable deps ti=<TaskInstance: Reinitialize_Application.apply_container_restart_docker manual__2025-11-06T08:16:24.376914+00:00 [queued]>
[2025-11-06T08:16:26.335+0000] {taskinstance.py:2612} INFO - Dependencies all met for dep_context=requeueable deps ti=<TaskInstance: Reinitialize_Application.apply_container_restart_docker manual__2025-11-06T08:16:24.376914+00:00 [queued]>
[2025-11-06T08:16:26.335+0000] {taskinstance.py:2865} INFO - Starting attempt 1 of 1
[2025-11-06T08:16:26.360+0000] {taskinstance.py:2888} INFO - Executing <Task(DockerOperator): apply_container_restart_docker> on 2025-11-06 08:16:24.376914+00:00
[2025-11-06T08:16:26.377+0000] {standard_task_runner.py:72} INFO - Started process 6217 to run task
[2025-11-06T08:16:26.387+0000] {standard_task_runner.py:104} INFO - Running: ['***', 'tasks', 'run', 'Reinitialize_Application', 'apply_container_restart_docker', 'manual__2025-11-06T08:16:24.376914+00:00', '--job-id', '13955', '--raw', '--subdir', 'DAGS_FOLDER/dag_factory.py', '--cfg-path', '/tmp/tmpf3r6_hum']
[2025-11-06T08:16:26.390+0000] {standard_task_runner.py:105} INFO - Job 13955: Subtask apply_container_restart_docker
[2025-11-06T08:16:26.482+0000] {task_command.py:467} INFO - Running <TaskInstance: Reinitialize_Application.apply_container_restart_docker manual__2025-11-06T08:16:24.376914+00:00 [running]> on host workflow.y2twbfvcjkaujnl2bmtbxunhcb.cx.internal.cloudapp.net
[2025-11-06T08:16:26.652+0000] {taskinstance.py:3131} INFO - Exporting env vars: AIRFLOW_CTX_DAG_OWNER='***' AIRFLOW_CTX_DAG_ID='Reinitialize_Application' AIRFLOW_CTX_TASK_ID='apply_container_restart_docker' AIRFLOW_CTX_EXECUTION_DATE='2025-11-06T08:16:24.376914+00:00' AIRFLOW_CTX_TRY_NUMBER='1' AIRFLOW_CTX_DAG_RUN_ID='manual__2025-11-06T08:16:24.376914+00:00'
[2025-11-06T08:16:26.653+0000] {taskinstance.py:731} INFO - ::endgroup::
[2025-11-06T08:16:26.722+0000] {docker.py:367} INFO - Starting docker container from image priyanshu01ce/***_chaos:latest
[2025-11-06T08:16:27.281+0000] {docker.py:438} INFO - The container is run as root user. For security, consider using a regular user account.
[2025-11-06T08:16:43.517+0000] {docker.py:438} INFO - 
[2025-11-06T08:16:43.527+0000] {docker.py:438} INFO - total 8784
[2025-11-06T08:16:43.528+0000] {docker.py:438} INFO - drwxr-xr-x 6    1000 1000    4096 Nov  3 08:06 .
[2025-11-06T08:16:43.528+0000] {docker.py:438} INFO - drwxr-xr-x 1 *** root    4096 Sep 26 10:44 ..
[2025-11-06T08:16:43.528+0000] {docker.py:438} INFO - -rw-r--r-- 1    1000 1000    1193 Sep  8 07:02 API_Latency.json
[2025-11-06T08:16:43.529+0000] {docker.py:438} INFO - -rw-r--r-- 1    1000 1000     729 Sep  9 10:30 API_Timeout.json
[2025-11-06T08:16:43.529+0000] {docker.py:438} INFO - -rw-r--r-- 1    1000 1000    1331 Oct  7 18:22 Continuous_Load_Test_Azure.yaml
[2025-11-06T08:16:43.530+0000] {docker.py:438} INFO - -rw-r--r-- 1    1000 1000    1672 Oct 30 07:48 Memory_Stress_Test_Azure.yaml
[2025-11-06T08:16:43.530+0000] {docker.py:438} INFO - -rw-r--r-- 1    1000 1000    1178 Sep 30 18:19 Stress_Test_Azure.yaml
[2025-11-06T08:16:43.531+0000] {docker.py:438} INFO - drwxrwxr-x 2 root    root    4096 Oct 29 06:31 __pycache__
[2025-11-06T08:16:43.531+0000] {docker.py:438} INFO - drwxrwxr-x 5    1000 1000    4096 Oct 21 08:05 chaos_env
[2025-11-06T08:16:43.532+0000] {docker.py:438} INFO - -rw-r--r-- 1    1000 1000    8875 Sep 25 16:54 chaosk6_actions.py
[2025-11-06T08:16:43.532+0000] {docker.py:438} INFO - -rw-rw-r-- 1    1000 1000 8132057 Nov  6 08:10 chaostoolkit.log
[2025-11-06T08:16:43.532+0000] {docker.py:438} INFO - -rw-rw-r-- 1    1000 1000    1421 Oct 23 09:34 check.py
[2025-11-06T08:16:43.533+0000] {docker.py:438} INFO - -rw-r--r-- 1    1000 1000    3213 Sep  9 09:11 combined-sequential.json
[2025-11-06T08:16:43.533+0000] {docker.py:438} INFO - -rwxrwxr-x 1    1000 1000    1489 Oct 27 06:29 complete_chaos_mesh-cleanup.sh
[2025-11-06T08:16:43.533+0000] {docker.py:438} INFO - -rw-r--r-- 1    1000 1000     502 Sep 16 05:31 connection_test_experiment.json
[2025-11-06T08:16:43.534+0000] {docker.py:438} INFO - -rw-rw-r-- 1    1000 1000     692 Oct 24 01:43 container_probe.json
[2025-11-06T08:16:43.534+0000] {docker.py:438} INFO - -rw-rw-r-- 1    1000 1000    2533 Oct 23 09:28 container_probe.yaml
[2025-11-06T08:16:43.536+0000] {docker.py:438} INFO - -rw-r--r-- 1    1000 1000    1420 Sep 24 06:53 container_restart.json
[2025-11-06T08:16:43.536+0000] {docker.py:438} INFO - -rw-r--r-- 1    1000 1000   16452 Sep 26 09:59 container_restart.py
[2025-11-06T08:16:43.536+0000] {docker.py:438} INFO - -rw-r--r-- 1    1000 1000    1751 Nov  3 05:42 container_restart_Azure.yaml
[2025-11-06T08:16:43.537+0000] {docker.py:438} INFO - -rw-r--r-- 1    1000 1000    1409 Sep 18 12:30 continuous_load_test.json
[2025-11-06T08:16:43.537+0000] {docker.py:438} INFO - -rw-r--r-- 1    1000 1000    1637 Sep 25 10:13 cordon-uncordon-node.json
[2025-11-06T08:16:43.537+0000] {docker.py:438} INFO - -rw-r--r-- 1    1000 1000    1637 Sep 25 04:39 cordon_test.json
[2025-11-06T08:16:43.540+0000] {docker.py:438} INFO - -rw-r--r-- 1    1000 1000    1436 Oct 30 12:28 cordon_uncordon_node_Azure.yaml
[2025-11-06T08:16:43.540+0000] {docker.py:438} INFO - -rw-r--r-- 1    1000 1000    1203 Sep 30 06:51 cpu_stress_ng.json
[2025-11-06T08:16:43.541+0000] {docker.py:438} INFO - -rw-r--r-- 1    1000 1000    1760 Oct 21 08:00 db_cleanup.json
[2025-11-06T08:16:43.541+0000] {docker.py:438} INFO - -rw-r--r-- 1    1000 1000    6399 Sep 24 07:40 db_cleanup.py
[2025-11-06T08:16:43.541+0000] {docker.py:438} INFO - -rw-rw-r-- 1    1000 1000    5855 Oct 28 12:27 direct_memory_stress.py
[2025-11-06T08:16:43.542+0000] {docker.py:438} INFO - -rw-r--r-- 1    1000 1000  186663 Nov  6 08:10 journal.json
[2025-11-06T08:16:43.542+0000] {docker.py:438} INFO - -rw-rw-r-- 1 root    root  373346 Nov  6 04:45 k6_continuous_load.log
[2025-11-06T08:16:43.543+0000] {docker.py:438} INFO - -rw-r--r-- 1    1000 1000    3928 Nov  6 04:45 k6_continuous_summary.json
[2025-11-06T08:16:43.543+0000] {docker.py:438} INFO - -rw-r--r-- 1    1000 1000    3433 Sep 25 09:28 k6_summary.json
[2025-11-06T08:16:43.545+0000] {docker.py:438} INFO - -rw-r--r-- 1    1000 1000     989 Sep 30 09:24 kubernetes_actions.json
[2025-11-06T08:16:43.545+0000] {docker.py:438} INFO - -rw-r--r-- 1    1000 1000   10961 Sep 30 09:23 kubernetes_actions.py
[2025-11-06T08:16:43.546+0000] {docker.py:438} INFO - -rw-r--r-- 1    1000 1000     945 Sep 21 16:40 load_test.json
[2025-11-06T08:16:43.547+0000] {docker.py:438} INFO - -rw-r--r-- 1    1000 1000     528 Sep 17 12:13 max_connection_experiment.json
[2025-11-06T08:16:43.547+0000] {docker.py:438} INFO - -rw-r--r-- 1    1000 1000    1227 Sep 13 15:20 memory-stress-rollback.json
[2025-11-06T08:16:43.548+0000] {docker.py:438} INFO - -rw-rw-r-- 1    1000 1000    1066 Oct 30 12:27 memory_stress.json
[2025-11-06T08:16:43.548+0000] {docker.py:438} INFO - -rw-rw-r-- 1    1000 1000    6653 Oct 29 06:18 memory_stress.py
[2025-11-06T08:16:43.549+0000] {docker.py:438} INFO - -rw-r--r-- 1    1000 1000    1421 Sep 29 05:20 mongo_db_container_restart.json
[2025-11-06T08:16:43.549+0000] {docker.py:438} INFO - -rw-r--r-- 1    1000 1000    7586 Sep 18 05:54 mongodb_actions.py
[2025-11-06T08:16:43.549+0000] {docker.py:438} INFO - -rw-r--r-- 1    1000 1000    2136 Sep 18 11:23 mongodb_connection.json
[2025-11-06T08:16:43.552+0000] {docker.py:438} INFO - -rw-r--r-- 1    1000 1000     597 Sep 16 09:17 mongodb_network_latency_experiment.json
[2025-11-06T08:16:43.552+0000] {docker.py:438} INFO - -rw-r--r-- 1    1000 1000    3657 Sep 18 05:42 mongodb_probes.py
[2025-11-06T08:16:43.553+0000] {docker.py:438} INFO - -rw-r--r-- 1    1000 1000    6161 Sep 12 08:04 pod_restart.py
[2025-11-06T08:16:43.553+0000] {docker.py:438} INFO - -rw-r--r-- 1    1000 1000    1497 Sep 30 05:50 redis_config_faults.py
[2025-11-06T08:16:43.554+0000] {docker.py:438} INFO - -rw-r--r-- 1    1000 1000     862 Sep 30 05:50 redis_experiment.json
[2025-11-06T08:16:43.554+0000] {docker.py:438} INFO - -rw-r--r-- 1    1000 1000     945 Sep 18 06:53 redis_load.json
[2025-11-06T08:16:43.554+0000] {docker.py:438} INFO - -rw-r--r-- 1    1000 1000    1641 Oct 30 12:29 redis_memory_stress_Azure.yaml
[2025-11-06T08:16:43.555+0000] {docker.py:438} INFO - -rw-rw-r-- 1    1000 1000    1333 Oct 21 09:39 reinitialize_application.yaml
[2025-11-06T08:16:43.555+0000] {docker.py:438} INFO - -rw-r--r-- 1    1000 1000    1284 Sep 25 10:53 run_load_test_with_cleanup.py
[2025-11-06T08:16:43.555+0000] {docker.py:438} INFO - -rw-rw-r-- 1    1000 1000    1307 Oct 27 10:33 sample_probe.yaml
[2025-11-06T08:16:43.556+0000] {docker.py:438} INFO - drwxr-xr-x 2    1000 1000    4096 Oct 22 06:46 scripts
[2025-11-06T08:16:43.556+0000] {docker.py:438} INFO - -rw-rw-r-- 1    1000 1000     272 Oct 27 08:51 simple-stress-test.yaml
[2025-11-06T08:16:43.557+0000] {docker.py:438} INFO - drwxr-xr-x 4    1000 1000    4096 Sep 30 09:41 socialNetwork
[2025-11-06T08:16:43.558+0000] {docker.py:438} INFO - -rw-r--r-- 1    1000 1000     821 Sep 26 13:20 stress_test.json
[2025-11-06T08:16:43.558+0000] {docker.py:438} INFO - -rw-rw-r-- 1    1000 1000     301 Oct 27 08:46 test-stress-fixed.yaml
[2025-11-06T08:16:43.559+0000] {docker.py:438} INFO - -rw-rw-r-- 1    1000 1000     295 Oct 27 08:49 test_after_fix.yaml
[2025-11-06T08:16:43.559+0000] {docker.py:438} INFO - -rw-r--r-- 1    1000 1000     367 Sep 17 07:24 test_params.json
[2025-11-06T08:16:43.560+0000] {docker.py:438} INFO - Starting Reinitializing the Social Networking Application...
[2025-11-06T08:16:44.554+0000] {docker.py:438} INFO - [32m[2025-11-06 08:16:44 INFO] Validating the experiment's syntax
[2025-11-06T08:16:45.105+0000] {docker.py:438} INFO - [32m[2025-11-06 08:16:45 INFO] Experiment looks valid
[2025-11-06T08:16:45.108+0000] {docker.py:438} INFO - [32m[2025-11-06 08:16:45 INFO] Running experiment: Simple Social Network Reset
[2025-11-06T08:16:45.112+0000] {docker.py:438} INFO - [32m[2025-11-06 08:16:45 INFO] Steady-state strategy: default
[2025-11-06T08:16:45.115+0000] {docker.py:438} INFO - [32m[2025-11-06 08:16:45 INFO] Rollbacks strategy: default
[2025-11-06T08:16:45.115+0000] {docker.py:438} INFO - [32m[2025-11-06 08:16:45 INFO] No steady state hypothesis defined. That's ok, just exploring.
[2025-11-06T08:16:45.116+0000] {docker.py:438} INFO - [32m[2025-11-06 08:16:45 INFO] Playing your experiment's method now...
[2025-11-06T08:16:45.116+0000] {docker.py:438} INFO - [32m[2025-11-06 08:16:45 INFO] Action: complete-reset-and-reinit
[2025-11-06T08:16:45.116+0000] {docker.py:438} INFO - INFO:kubernetes_actions:Starting complete reset and reinitialization...
[2025-11-06T08:16:45.117+0000] {docker.py:438} INFO - INFO:kubernetes_actions:Starting full social network reset...
[2025-11-06T08:16:45.117+0000] {docker.py:438} INFO - INFO:kubernetes_actions:Clearing Redis data...
[2025-11-06T08:16:45.142+0000] {docker.py:438} INFO - INFO:kubernetes_actions:Loaded local Kubernetes config
[2025-11-06T08:16:45.159+0000] {docker.py:438} INFO - INFO:kubernetes_actions:Loaded local Kubernetes config
[2025-11-06T08:16:45.441+0000] {docker.py:438} INFO - INFO:kubernetes_actions:Found running pod: social-graph-redis-64bd79b48b-gpwdg for deployment: social-graph-redis
[2025-11-06T08:16:45.443+0000] {docker.py:438} INFO - INFO:kubernetes_actions:Executing command in pod social-graph-redis-64bd79b48b-gpwdg, container social-graph-redis: redis-cli FLUSHALL
[2025-11-06T08:16:46.890+0000] {docker.py:438} INFO - INFO:kubernetes_actions:Command executed successfully. Output: OK
[2025-11-06T08:16:46.906+0000] {docker.py:438} INFO - INFO:kubernetes_actions:Loaded local Kubernetes config
[2025-11-06T08:16:46.923+0000] {docker.py:438} INFO - INFO:kubernetes_actions:Loaded local Kubernetes config
[2025-11-06T08:16:47.295+0000] {docker.py:438} INFO - INFO:kubernetes_actions:Found running pod: home-timeline-redis-744dd9998f-xqjsk for deployment: home-timeline-redis
[2025-11-06T08:16:47.297+0000] {docker.py:438} INFO - INFO:kubernetes_actions:Executing command in pod home-timeline-redis-744dd9998f-xqjsk, container home-timeline-redis: redis-cli FLUSHALL
[2025-11-06T08:16:48.690+0000] {docker.py:438} INFO - INFO:kubernetes_actions:Command executed successfully. Output: OK
[2025-11-06T08:16:48.707+0000] {docker.py:438} INFO - INFO:kubernetes_actions:Loaded local Kubernetes config
[2025-11-06T08:16:48.724+0000] {docker.py:438} INFO - INFO:kubernetes_actions:Loaded local Kubernetes config
[2025-11-06T08:16:48.986+0000] {docker.py:438} INFO - INFO:kubernetes_actions:Found running pod: user-timeline-redis-7b8f6ff4fb-5s87m for deployment: user-timeline-redis
[2025-11-06T08:16:48.987+0000] {docker.py:438} INFO - INFO:kubernetes_actions:Executing command in pod user-timeline-redis-7b8f6ff4fb-5s87m, container user-timeline-redis: redis-cli FLUSHALL
[2025-11-06T08:16:50.325+0000] {docker.py:438} INFO - INFO:kubernetes_actions:Command executed successfully. Output: OK
[2025-11-06T08:16:50.326+0000] {docker.py:438} INFO - 
[2025-11-06T08:16:50.326+0000] {docker.py:438} INFO - INFO:kubernetes_actions:Clearing Memcached data...
[2025-11-06T08:16:50.343+0000] {docker.py:438} INFO - INFO:kubernetes_actions:Loaded local Kubernetes config
[2025-11-06T08:16:50.360+0000] {docker.py:438} INFO - INFO:kubernetes_actions:Loaded local Kubernetes config
[2025-11-06T08:16:50.632+0000] {docker.py:438} INFO - INFO:kubernetes_actions:Found running pod: post-storage-memcached-67c6cc65cc-j4jdz for deployment: post-storage-memcached
[2025-11-06T08:16:50.636+0000] {docker.py:438} INFO - INFO:kubernetes_actions:Executing command in pod post-storage-memcached-67c6cc65cc-j4jdz, container post-storage-memcached: sh -c echo 'flush_all' | nc localhost 11211
[2025-11-06T08:16:52.147+0000] {docker.py:438} INFO - INFO:kubernetes_actions:Command executed successfully. Output: sh: 1: nc: not found
[2025-11-06T08:16:52.173+0000] {docker.py:438} INFO - INFO:kubernetes_actions:Loaded local Kubernetes config
[2025-11-06T08:16:52.191+0000] {docker.py:438} INFO - INFO:kubernetes_actions:Loaded local Kubernetes config
[2025-11-06T08:16:52.493+0000] {docker.py:438} INFO - INFO:kubernetes_actions:Found running pod: user-memcached-56f89988c-nxdzl for deployment: user-memcached
[2025-11-06T08:16:52.494+0000] {docker.py:438} INFO - INFO:kubernetes_actions:Executing command in pod user-memcached-56f89988c-nxdzl, container user-memcached: sh -c echo 'flush_all' | nc localhost 11211
[2025-11-06T08:16:54.032+0000] {docker.py:438} INFO - INFO:kubernetes_actions:Command executed successfully. Output: sh: 1: nc: not found
[2025-11-06T08:16:54.034+0000] {docker.py:438} INFO - INFO:kubernetes_actions:Dropping MongoDB databases...
[2025-11-06T08:16:54.088+0000] {docker.py:438} INFO - INFO:kubernetes_actions:Loaded local Kubernetes config
[2025-11-06T08:16:54.157+0000] {docker.py:438} INFO - INFO:kubernetes_actions:Loaded local Kubernetes config
[2025-11-06T08:16:54.538+0000] {docker.py:438} INFO - INFO:kubernetes_actions:Found running pod: post-storage-mongodb-7f7657964c-b2fld for deployment: post-storage-mongodb
[2025-11-06T08:16:54.540+0000] {docker.py:438} INFO - INFO:kubernetes_actions:Executing command in pod post-storage-mongodb-7f7657964c-b2fld, container post-storage-mongodb: mongo --eval db.getSiblingDB('post').dropDatabase()
[2025-11-06T08:16:56.110+0000] {docker.py:438} INFO - INFO:kubernetes_actions:Command executed successfully. Output: MongoDB shell version v4.4.6
[2025-11-06T08:16:56.111+0000] {docker.py:438} INFO - connecting to: mongodb://127.0.0.1:27017/?compressors=disabled&gssapiServiceName=mongodb
[2025-11-06T08:16:56.111+0000] {docker.py:438} INFO - Implicit session: session { "id" : UUID("7eedd00a-0fa7-44c6-8208-729caf49fb9c") }
[2025-11-06T08:16:56.112+0000] {docker.py:438} INFO - MongoDB server version: 4.4.6
[2025-11-06T08:16:56.112+0000] {docker.py:438} INFO - { "dropped" : "post", "ok" : 1 }
[2025-11-06T08:16:56.128+0000] {docker.py:438} INFO - INFO:kubernetes_actions:Loaded local Kubernetes config
[2025-11-06T08:16:56.145+0000] {docker.py:438} INFO - INFO:kubernetes_actions:Loaded local Kubernetes config
[2025-11-06T08:16:56.505+0000] {docker.py:438} INFO - INFO:kubernetes_actions:Found running pod: post-storage-mongodb-7f7657964c-b2fld for deployment: post-storage-mongodb
[2025-11-06T08:16:56.506+0000] {docker.py:438} INFO - INFO:kubernetes_actions:Executing command in pod post-storage-mongodb-7f7657964c-b2fld, container post-storage-mongodb: mongo --eval db.getSiblingDB('READ__ME_TO_RECOVER_YOUR_DATA').dropDatabase()
[2025-11-06T08:16:58.010+0000] {docker.py:438} INFO - INFO:kubernetes_actions:Command executed successfully. Output: MongoDB shell version v4.4.6
[2025-11-06T08:16:58.011+0000] {docker.py:438} INFO - connecting to: mongodb://127.0.0.1:27017/?compressors=disabled&gssapiServiceName=mongodb
[2025-11-06T08:16:58.011+0000] {docker.py:438} INFO - Implicit session: session { "id" : UUID("1ee16860-fc7a-48d5-9d28-599785d5fcda") }
[2025-11-06T08:16:58.012+0000] {docker.py:438} INFO - MongoDB server version: 4.4.6
[2025-11-06T08:16:58.012+0000] {docker.py:438} INFO - { "ok" : 1 }
[2025-11-06T08:16:58.028+0000] {docker.py:438} INFO - INFO:kubernetes_actions:Loaded local Kubernetes config
[2025-11-06T08:16:58.045+0000] {docker.py:438} INFO - INFO:kubernetes_actions:Loaded local Kubernetes config
[2025-11-06T08:16:58.323+0000] {docker.py:438} INFO - INFO:kubernetes_actions:Found running pod: user-mongodb-f95b7d968-tqlld for deployment: user-mongodb
[2025-11-06T08:16:58.326+0000] {docker.py:438} INFO - INFO:kubernetes_actions:Executing command in pod user-mongodb-f95b7d968-tqlld, container user-mongodb: mongo --eval db.getSiblingDB('user').dropDatabase()
[2025-11-06T08:16:59.856+0000] {docker.py:438} INFO - INFO:kubernetes_actions:Command executed successfully. Output: MongoDB shell version v4.4.6
[2025-11-06T08:16:59.857+0000] {docker.py:438} INFO - connecting to: mongodb://127.0.0.1:27017/?compressors=disabled&gssapiServiceName=mongodb
[2025-11-06T08:16:59.857+0000] {docker.py:438} INFO - Implicit session: session { "id" : UUID("ae748a59-3c30-4485-b36d-aa47c85a307b") }
[2025-11-06T08:16:59.858+0000] {docker.py:438} INFO - MongoDB server version: 4.4.6
[2025-11-06T08:16:59.858+0000] {docker.py:438} INFO - { "dropped" : "user", "ok" : 1 }
[2025-11-06T08:16:59.873+0000] {docker.py:438} INFO - INFO:kubernetes_actions:Loaded local Kubernetes config
[2025-11-06T08:16:59.890+0000] {docker.py:438} INFO - INFO:kubernetes_actions:Loaded local Kubernetes config
[2025-11-06T08:17:00.214+0000] {docker.py:438} INFO - INFO:kubernetes_actions:Found running pod: user-mongodb-f95b7d968-tqlld for deployment: user-mongodb
[2025-11-06T08:17:00.216+0000] {docker.py:438} INFO - INFO:kubernetes_actions:Executing command in pod user-mongodb-f95b7d968-tqlld, container user-mongodb: mongo --eval db.getSiblingDB('READ__ME_TO_RECOVER_YOUR_DATA').dropDatabase()
[2025-11-06T08:17:01.746+0000] {docker.py:438} INFO - INFO:kubernetes_actions:Command executed successfully. Output: MongoDB shell version v4.4.6
[2025-11-06T08:17:01.747+0000] {docker.py:438} INFO - connecting to: mongodb://127.0.0.1:27017/?compressors=disabled&gssapiServiceName=mongodb
[2025-11-06T08:17:01.747+0000] {docker.py:438} INFO - Implicit session: session { "id" : UUID("c37bb3cf-8f06-43c1-acb5-2b1b579d9dd4") }
[2025-11-06T08:17:01.748+0000] {docker.py:438} INFO - MongoDB server version: 4.4.6
[2025-11-06T08:17:01.748+0000] {docker.py:438} INFO - { "ok" : 1 }
[2025-11-06T08:17:01.783+0000] {docker.py:438} INFO - INFO:kubernetes_actions:Loaded local Kubernetes config
[2025-11-06T08:17:01.808+0000] {docker.py:438} INFO - INFO:kubernetes_actions:Loaded local Kubernetes config
[2025-11-06T08:17:02.068+0000] {docker.py:438} INFO - INFO:kubernetes_actions:Found running pod: social-graph-mongodb-77fd77d9f4-jj4vn for deployment: social-graph-mongodb
[2025-11-06T08:17:02.069+0000] {docker.py:438} INFO - INFO:kubernetes_actions:Executing command in pod social-graph-mongodb-77fd77d9f4-jj4vn, container social-graph-mongodb: mongo --eval db.getSiblingDB('social-graph').dropDatabase()
[2025-11-06T08:17:03.647+0000] {docker.py:438} INFO - INFO:kubernetes_actions:Command executed successfully. Output: MongoDB shell version v4.4.6
[2025-11-06T08:17:03.648+0000] {docker.py:438} INFO - connecting to: mongodb://127.0.0.1:27017/?compressors=disabled&gssapiServiceName=mongodb
[2025-11-06T08:17:03.648+0000] {docker.py:438} INFO - Implicit session: session { "id" : UUID("e43969ef-3226-4478-83bb-4420ff25e0d3") }
[2025-11-06T08:17:03.651+0000] {docker.py:438} INFO - MongoDB server version: 4.4.6
[2025-11-06T08:17:03.651+0000] {docker.py:438} INFO - { "dropped" : "social-graph", "ok" : 1 }
[2025-11-06T08:17:03.665+0000] {docker.py:438} INFO - INFO:kubernetes_actions:Loaded local Kubernetes config
[2025-11-06T08:17:03.683+0000] {docker.py:438} INFO - INFO:kubernetes_actions:Loaded local Kubernetes config
[2025-11-06T08:17:03.958+0000] {docker.py:438} INFO - INFO:kubernetes_actions:Found running pod: social-graph-mongodb-77fd77d9f4-jj4vn for deployment: social-graph-mongodb
[2025-11-06T08:17:03.962+0000] {docker.py:438} INFO - INFO:kubernetes_actions:Executing command in pod social-graph-mongodb-77fd77d9f4-jj4vn, container social-graph-mongodb: mongo --eval db.getSiblingDB('READ__ME_TO_RECOVER_YOUR_DATA').dropDatabase()
[2025-11-06T08:17:05.482+0000] {docker.py:438} INFO - INFO:kubernetes_actions:Command executed successfully. Output: MongoDB shell version v4.4.6
[2025-11-06T08:17:05.483+0000] {docker.py:438} INFO - connecting to: mongodb://127.0.0.1:27017/?compressors=disabled&gssapiServiceName=mongodb
[2025-11-06T08:17:05.483+0000] {docker.py:438} INFO - Implicit session: session { "id" : UUID("9b14e365-d48e-4179-abaa-1ff51dcfad66") }
[2025-11-06T08:17:05.513+0000] {docker.py:438} INFO - MongoDB server version: 4.4.6
[2025-11-06T08:17:05.513+0000] {docker.py:438} INFO - { "ok" : 1 }
[2025-11-06T08:17:05.514+0000] {docker.py:438} INFO - INFO:kubernetes_actions:Loaded local Kubernetes config
[2025-11-06T08:17:05.534+0000] {docker.py:438} INFO - INFO:kubernetes_actions:Loaded local Kubernetes config
[2025-11-06T08:17:05.877+0000] {docker.py:438} INFO - INFO:kubernetes_actions:Found running pod: user-timeline-mongodb-6ff9797bfc-lz2wj for deployment: user-timeline-mongodb
[2025-11-06T08:17:05.878+0000] {docker.py:438} INFO - INFO:kubernetes_actions:Executing command in pod user-timeline-mongodb-6ff9797bfc-lz2wj, container user-timeline-mongodb: mongo --eval db.getSiblingDB('user-timeline').dropDatabase()
[2025-11-06T08:17:08.017+0000] {docker.py:438} INFO - INFO:kubernetes_actions:Command executed successfully. Output: MongoDB shell version v4.4.6
[2025-11-06T08:17:08.018+0000] {docker.py:438} INFO - connecting to: mongodb://127.0.0.1:27017/?compressors=disabled&gssapiServiceName=mongodb
[2025-11-06T08:17:08.018+0000] {docker.py:438} INFO - Implicit session: session { "id" : UUID("4bd26705-63de-416f-8def-70775e8c2241") }
[2025-11-06T08:17:08.019+0000] {docker.py:438} INFO - MongoDB server version: 4.4.6
[2025-11-06T08:17:08.020+0000] {docker.py:438} INFO - { "dropped" : "user-timeline", "ok" : 1 }
[2025-11-06T08:17:08.032+0000] {docker.py:438} INFO - INFO:kubernetes_actions:Loaded local Kubernetes config
[2025-11-06T08:17:08.053+0000] {docker.py:438} INFO - INFO:kubernetes_actions:Loaded local Kubernetes config
[2025-11-06T08:17:08.375+0000] {docker.py:438} INFO - INFO:kubernetes_actions:Found running pod: user-timeline-mongodb-6ff9797bfc-lz2wj for deployment: user-timeline-mongodb
[2025-11-06T08:17:08.376+0000] {docker.py:438} INFO - INFO:kubernetes_actions:Executing command in pod user-timeline-mongodb-6ff9797bfc-lz2wj, container user-timeline-mongodb: mongo --eval db.getSiblingDB('READ__ME_TO_RECOVER_YOUR_DATA').dropDatabase()
[2025-11-06T08:17:10.572+0000] {docker.py:438} INFO - INFO:kubernetes_actions:Command executed successfully. Output: MongoDB shell version v4.4.6
[2025-11-06T08:17:10.572+0000] {docker.py:438} INFO - connecting to: mongodb://127.0.0.1:27017/?compressors=disabled&gssapiServiceName=mongodb
[2025-11-06T08:17:10.573+0000] {docker.py:438} INFO - Implicit session: session { "id" : UUID("457d5341-9110-4dac-b103-f9e085d73044") }
[2025-11-06T08:17:10.573+0000] {docker.py:438} INFO - MongoDB server version: 4.4.6
[2025-11-06T08:17:10.574+0000] {docker.py:438} INFO - { "ok" : 1 }
[2025-11-06T08:17:10.574+0000] {docker.py:438} INFO - 
[2025-11-06T08:17:10.575+0000] {docker.py:438} INFO - INFO:kubernetes_actions:Full social network reset completed
[2025-11-06T08:17:15.591+0000] {docker.py:438} INFO - INFO:kubernetes_actions:Loaded local Kubernetes config
[2025-11-06T08:17:15.592+0000] {docker.py:438} INFO - INFO:kubernetes_actions:Restarting deployment: social-graph-service
[2025-11-06T08:17:16.051+0000] {docker.py:438} INFO - INFO:kubernetes_actions:✅ Successfully restarted social-graph-service
[2025-11-06T08:17:16.054+0000] {docker.py:438} INFO - INFO:kubernetes_actions:Restarting deployment: user-service
[2025-11-06T08:17:16.260+0000] {docker.py:438} INFO - INFO:kubernetes_actions:✅ Successfully restarted user-service
[2025-11-06T08:17:16.262+0000] {docker.py:438} INFO - INFO:kubernetes_actions:Restarting deployment: post-storage-service
[2025-11-06T08:17:16.479+0000] {docker.py:438} INFO - INFO:kubernetes_actions:✅ Successfully restarted post-storage-service
[2025-11-06T08:17:16.480+0000] {docker.py:438} INFO - INFO:kubernetes_actions:Restarting deployment: compose-post-service
[2025-11-06T08:17:16.672+0000] {docker.py:438} INFO - INFO:kubernetes_actions:✅ Successfully restarted compose-post-service
[2025-11-06T08:17:16.673+0000] {docker.py:438} INFO - INFO:kubernetes_actions:Restarting deployment: home-timeline-service
[2025-11-06T08:17:16.889+0000] {docker.py:438} INFO - INFO:kubernetes_actions:✅ Successfully restarted home-timeline-service
[2025-11-06T08:17:16.894+0000] {docker.py:438} INFO - INFO:kubernetes_actions:Restarting deployment: user-timeline-service
[2025-11-06T08:17:17.206+0000] {docker.py:438} INFO - INFO:kubernetes_actions:✅ Successfully restarted user-timeline-service
[2025-11-06T08:17:17.207+0000] {docker.py:438} INFO - INFO:kubernetes_actions:Restarting deployment: nginx-thrift
[2025-11-06T08:17:17.613+0000] {docker.py:438} INFO - INFO:kubernetes_actions:✅ Successfully restarted nginx-thrift
[2025-11-06T08:17:17.615+0000] {docker.py:438} INFO - INFO:kubernetes_actions:Restarting deployment: text-service
[2025-11-06T08:17:17.836+0000] {docker.py:438} INFO - INFO:kubernetes_actions:✅ Successfully restarted text-service
[2025-11-06T08:17:17.837+0000] {docker.py:438} INFO - INFO:kubernetes_actions:Restarting deployment: unique-id-service
[2025-11-06T08:17:18.061+0000] {docker.py:438} INFO - INFO:kubernetes_actions:✅ Successfully restarted unique-id-service
[2025-11-06T08:17:18.063+0000] {docker.py:438} INFO - INFO:kubernetes_actions:Restarting deployment: user-mention-service
[2025-11-06T08:17:18.307+0000] {docker.py:438} INFO - INFO:kubernetes_actions:✅ Successfully restarted user-mention-service
[2025-11-06T08:17:18.308+0000] {docker.py:438} INFO - INFO:kubernetes_actions:Waiting 90 seconds for services to restart...
[2025-11-06T08:18:48.311+0000] {docker.py:438} INFO - INFO:kubernetes_actions:Reinitializing social network data...
[2025-11-06T08:25:42.380+0000] {docker.py:438} INFO - INFO:kubernetes_actions:Social network reinitialization completed successfully
[2025-11-06T08:25:42.382+0000] {docker.py:438} INFO - [32m[2025-11-06 08:25:42 INFO] Let's rollback...
[2025-11-06T08:25:42.383+0000] {docker.py:438} INFO - [32m[2025-11-06 08:25:42 INFO] No declared rollbacks, let's move on.
[2025-11-06T08:25:42.384+0000] {docker.py:438} INFO - [32m[2025-11-06 08:25:42 INFO] Experiment ended with status: completed
[2025-11-06T08:25:42.559+0000] {docker.py:438} INFO - Reinitialized Social Networking APplication successfully
[2025-11-06T08:25:42.936+0000] {taskinstance.py:340} INFO - ::group::Post task execution logs
[2025-11-06T08:25:42.936+0000] {taskinstance.py:352} INFO - Marking task as SUCCESS. dag_id=Reinitialize_Application, task_id=apply_container_restart_docker, run_id=manual__2025-11-06T08:16:24.376914+00:00, execution_date=20251106T081624, start_date=20251106T081626, end_date=20251106T082542
[2025-11-06T08:25:43.034+0000] {local_task_job_runner.py:266} INFO - Task exited with return code 0
[2025-11-06T08:25:43.058+0000] {taskinstance.py:3900} INFO - 0 downstream tasks scheduled from follow-on schedule check
[2025-11-06T08:25:43.061+0000] {local_task_job_runner.py:245} INFO - ::endgroup::
