[2025-10-12T00:00:03.402+0000] {local_task_job_runner.py:123} INFO - ::group::Pre task execution logs
[2025-10-12T00:00:03.478+0000] {taskinstance.py:2612} INFO - Dependencies all met for dep_context=non-requeueable deps ti=<TaskInstance: Cordon_Uncordon_Node.apply_cordon_uncordon_node scheduled__2025-10-11T21:00:00+00:00 [queued]>
[2025-10-12T00:00:03.503+0000] {taskinstance.py:2612} INFO - Dependencies all met for dep_context=requeueable deps ti=<TaskInstance: Cordon_Uncordon_Node.apply_cordon_uncordon_node scheduled__2025-10-11T21:00:00+00:00 [queued]>
[2025-10-12T00:00:03.503+0000] {taskinstance.py:2865} INFO - Starting attempt 1 of 1
[2025-10-12T00:00:03.550+0000] {taskinstance.py:2888} INFO - Executing <Task(DockerOperator): apply_cordon_uncordon_node> on 2025-10-11 21:00:00+00:00
[2025-10-12T00:00:03.568+0000] {standard_task_runner.py:72} INFO - Started process 383 to run task
[2025-10-12T00:00:03.581+0000] {standard_task_runner.py:104} INFO - Running: ['***', 'tasks', 'run', 'Cordon_Uncordon_Node', 'apply_cordon_uncordon_node', 'scheduled__2025-10-11T21:00:00+00:00', '--job-id', '7799', '--raw', '--subdir', 'DAGS_FOLDER/dag_factory.py', '--cfg-path', '/tmp/tmp0mwjbv4l']
[2025-10-12T00:00:03.584+0000] {standard_task_runner.py:105} INFO - Job 7799: Subtask apply_cordon_uncordon_node
[2025-10-12T00:00:03.772+0000] {task_command.py:467} INFO - Running <TaskInstance: Cordon_Uncordon_Node.apply_cordon_uncordon_node scheduled__2025-10-11T21:00:00+00:00 [running]> on host workflow.y2twbfvcjkaujnl2bmtbxunhcb.cx.internal.cloudapp.net
[2025-10-12T00:00:04.100+0000] {taskinstance.py:3131} INFO - Exporting env vars: AIRFLOW_CTX_DAG_OWNER='***' AIRFLOW_CTX_DAG_ID='Cordon_Uncordon_Node' AIRFLOW_CTX_TASK_ID='apply_cordon_uncordon_node' AIRFLOW_CTX_EXECUTION_DATE='2025-10-11T21:00:00+00:00' AIRFLOW_CTX_TRY_NUMBER='1' AIRFLOW_CTX_DAG_RUN_ID='scheduled__2025-10-11T21:00:00+00:00'
[2025-10-12T00:00:04.105+0000] {taskinstance.py:731} INFO - ::endgroup::
[2025-10-12T00:00:04.235+0000] {docker.py:367} INFO - Starting docker container from image ***_chaos:latest
[2025-10-12T00:00:05.025+0000] {docker.py:438} INFO - The container is run as root user. For security, consider using a regular user account.
[2025-10-12T00:00:25.839+0000] {docker.py:438} INFO - 
[2025-10-12T00:00:26.602+0000] {docker.py:438} INFO - [32m[2025-10-12 00:00:26 INFO] Validating the experiment's syntax
[2025-10-12T00:00:27.126+0000] {docker.py:438} INFO - [32m[2025-10-12 00:00:27 INFO] Experiment looks valid
[2025-10-12T00:00:27.127+0000] {docker.py:438} INFO - [32m[2025-10-12 00:00:27 INFO] Running experiment: Cordon-Pod Restart Combined Experiment
[2025-10-12T00:00:27.129+0000] {docker.py:438} INFO - [32m[2025-10-12 00:00:27 INFO] Steady-state strategy: default
[2025-10-12T00:00:27.130+0000] {docker.py:438} INFO - [32m[2025-10-12 00:00:27 INFO] Rollbacks strategy: default
[2025-10-12T00:00:27.130+0000] {docker.py:438} INFO - [32m[2025-10-12 00:00:27 INFO] No steady state hypothesis defined. That's ok, just exploring.
[2025-10-12T00:00:27.132+0000] {docker.py:438} INFO - [32m[2025-10-12 00:00:27 INFO] Playing your experiment's method now...
[2025-10-12T00:00:27.132+0000] {docker.py:438} INFO - [32m[2025-10-12 00:00:27 INFO] Action: cordon-nodes
[2025-10-12T00:00:28.103+0000] {docker.py:438} INFO - [32m[2025-10-12 00:00:28 INFO] Action: continuous-pod-restart-during-cordon
[2025-10-12T00:05:12.942+0000] {docker.py:438} INFO - 🚀 Starting continuous pod restart experiment
[2025-10-12T00:05:12.942+0000] {docker.py:438} INFO - 📅 Interval: 20 seconds
[2025-10-12T00:05:12.943+0000] {docker.py:438} INFO - ⏱️  Duration: 300 seconds
[2025-10-12T00:05:12.943+0000] {docker.py:438} INFO - 🎯 Target: app=post-storage-service
[2025-10-12T00:05:12.943+0000] {docker.py:438} INFO - 📍 Namespace: default
[2025-10-12T00:05:12.943+0000] {docker.py:438} INFO - 
[2025-10-12T00:05:12.944+0000] {docker.py:438} INFO - ==================================================
[2025-10-12T00:05:12.944+0000] {docker.py:438} INFO - 🔄 Restart #1 at 2025-10-12 00:00:28
[2025-10-12T00:05:12.944+0000] {docker.py:438} INFO - ==================================================
[2025-10-12T00:05:12.945+0000] {docker.py:438} INFO - Hello world - terminate function started!
[2025-10-12T00:05:12.945+0000] {docker.py:438} INFO - Selecting pods with label_selector: app=post-storage-service
[2025-10-12T00:05:12.945+0000] {docker.py:438} INFO - Found 1 pods initially
[2025-10-12T00:05:12.945+0000] {docker.py:438} INFO - Random selection: 1 pods
[2025-10-12T00:05:12.946+0000] {docker.py:438} INFO - Deleting pod: post-storage-service-6cbbf5f9fb-jxkqq
[2025-10-12T00:05:12.946+0000] {docker.py:438} INFO - Deleted 1 pods: ['post-storage-service-6cbbf5f9fb-jxkqq']
[2025-10-12T00:05:12.946+0000] {docker.py:438} INFO - ✅ Successfully restarted pods: ['post-storage-service-6cbbf5f9fb-jxkqq']
[2025-10-12T00:05:12.946+0000] {docker.py:438} INFO - ⏳ Waiting 20 seconds until next restart...
[2025-10-12T00:05:12.947+0000] {docker.py:438} INFO - 📊 Time remaining: 300 seconds
[2025-10-12T00:05:12.947+0000] {docker.py:438} INFO - 
[2025-10-12T00:05:12.947+0000] {docker.py:438} INFO - ==================================================
[2025-10-12T00:05:12.947+0000] {docker.py:438} INFO - 🔄 Restart #2 at 2025-10-12 00:00:48
[2025-10-12T00:05:12.948+0000] {docker.py:438} INFO - ==================================================
[2025-10-12T00:05:12.948+0000] {docker.py:438} INFO - Hello world - terminate function started!
[2025-10-12T00:05:12.948+0000] {docker.py:438} INFO - Selecting pods with label_selector: app=post-storage-service
[2025-10-12T00:05:12.948+0000] {docker.py:438} INFO - Found 1 pods initially
[2025-10-12T00:05:12.949+0000] {docker.py:438} INFO - Random selection: 1 pods
[2025-10-12T00:05:12.949+0000] {docker.py:438} INFO - Deleting pod: post-storage-service-6cbbf5f9fb-mcd6j
[2025-10-12T00:05:12.949+0000] {docker.py:438} INFO - Deleted 1 pods: ['post-storage-service-6cbbf5f9fb-mcd6j']
[2025-10-12T00:05:12.949+0000] {docker.py:438} INFO - ✅ Successfully restarted pods: ['post-storage-service-6cbbf5f9fb-mcd6j']
[2025-10-12T00:05:12.950+0000] {docker.py:438} INFO - ⏳ Waiting 20 seconds until next restart...
[2025-10-12T00:05:12.950+0000] {docker.py:438} INFO - 📊 Time remaining: 279 seconds
[2025-10-12T00:05:12.950+0000] {docker.py:438} INFO - 
[2025-10-12T00:05:12.950+0000] {docker.py:438} INFO - ==================================================
[2025-10-12T00:05:12.951+0000] {docker.py:438} INFO - 🔄 Restart #3 at 2025-10-12 00:01:08
[2025-10-12T00:05:12.951+0000] {docker.py:438} INFO - ==================================================
[2025-10-12T00:05:12.951+0000] {docker.py:438} INFO - Hello world - terminate function started!
[2025-10-12T00:05:12.951+0000] {docker.py:438} INFO - Selecting pods with label_selector: app=post-storage-service
[2025-10-12T00:05:12.952+0000] {docker.py:438} INFO - Found 1 pods initially
[2025-10-12T00:05:12.952+0000] {docker.py:438} INFO - Random selection: 1 pods
[2025-10-12T00:05:12.952+0000] {docker.py:438} INFO - Deleting pod: post-storage-service-6cbbf5f9fb-tpb9g
[2025-10-12T00:05:12.952+0000] {docker.py:438} INFO - Deleted 1 pods: ['post-storage-service-6cbbf5f9fb-tpb9g']
[2025-10-12T00:05:12.953+0000] {docker.py:438} INFO - ✅ Successfully restarted pods: ['post-storage-service-6cbbf5f9fb-tpb9g']
[2025-10-12T00:05:12.953+0000] {docker.py:438} INFO - ⏳ Waiting 20 seconds until next restart...
[2025-10-12T00:05:12.953+0000] {docker.py:438} INFO - 📊 Time remaining: 259 seconds
[2025-10-12T00:05:12.953+0000] {docker.py:438} INFO - 
[2025-10-12T00:05:12.954+0000] {docker.py:438} INFO - ==================================================
[2025-10-12T00:05:12.954+0000] {docker.py:438} INFO - 🔄 Restart #4 at 2025-10-12 00:01:29
[2025-10-12T00:05:12.954+0000] {docker.py:438} INFO - ==================================================
[2025-10-12T00:05:12.954+0000] {docker.py:438} INFO - Hello world - terminate function started!
[2025-10-12T00:05:12.955+0000] {docker.py:438} INFO - Selecting pods with label_selector: app=post-storage-service
[2025-10-12T00:05:12.955+0000] {docker.py:438} INFO - Found 1 pods initially
[2025-10-12T00:05:12.955+0000] {docker.py:438} INFO - Random selection: 1 pods
[2025-10-12T00:05:12.955+0000] {docker.py:438} INFO - Deleting pod: post-storage-service-6cbbf5f9fb-bj62z
[2025-10-12T00:05:12.956+0000] {docker.py:438} INFO - Deleted 1 pods: ['post-storage-service-6cbbf5f9fb-bj62z']
[2025-10-12T00:05:12.956+0000] {docker.py:438} INFO - ✅ Successfully restarted pods: ['post-storage-service-6cbbf5f9fb-bj62z']
[2025-10-12T00:05:12.956+0000] {docker.py:438} INFO - ⏳ Waiting 20 seconds until next restart...
[2025-10-12T00:05:12.956+0000] {docker.py:438} INFO - 📊 Time remaining: 239 seconds
[2025-10-12T00:05:12.957+0000] {docker.py:438} INFO - 
[2025-10-12T00:05:12.957+0000] {docker.py:438} INFO - ==================================================
[2025-10-12T00:05:12.957+0000] {docker.py:438} INFO - 🔄 Restart #5 at 2025-10-12 00:01:49
[2025-10-12T00:05:12.957+0000] {docker.py:438} INFO - ==================================================
[2025-10-12T00:05:12.958+0000] {docker.py:438} INFO - Hello world - terminate function started!
[2025-10-12T00:05:12.958+0000] {docker.py:438} INFO - Selecting pods with label_selector: app=post-storage-service
[2025-10-12T00:05:12.958+0000] {docker.py:438} INFO - Found 1 pods initially
[2025-10-12T00:05:12.958+0000] {docker.py:438} INFO - Random selection: 1 pods
[2025-10-12T00:05:12.959+0000] {docker.py:438} INFO - Deleting pod: post-storage-service-6cbbf5f9fb-p5q8p
[2025-10-12T00:05:12.959+0000] {docker.py:438} INFO - Deleted 1 pods: ['post-storage-service-6cbbf5f9fb-p5q8p']
[2025-10-12T00:05:12.959+0000] {docker.py:438} INFO - ✅ Successfully restarted pods: ['post-storage-service-6cbbf5f9fb-p5q8p']
[2025-10-12T00:05:12.959+0000] {docker.py:438} INFO - ⏳ Waiting 20 seconds until next restart...
[2025-10-12T00:05:12.959+0000] {docker.py:438} INFO - 📊 Time remaining: 218 seconds
[2025-10-12T00:05:12.960+0000] {docker.py:438} INFO - 
[2025-10-12T00:05:12.960+0000] {docker.py:438} INFO - ==================================================
[2025-10-12T00:05:12.960+0000] {docker.py:438} INFO - 🔄 Restart #6 at 2025-10-12 00:02:09
[2025-10-12T00:05:12.960+0000] {docker.py:438} INFO - ==================================================
[2025-10-12T00:05:12.961+0000] {docker.py:438} INFO - Hello world - terminate function started!
[2025-10-12T00:05:12.961+0000] {docker.py:438} INFO - Selecting pods with label_selector: app=post-storage-service
[2025-10-12T00:05:12.961+0000] {docker.py:438} INFO - Found 1 pods initially
[2025-10-12T00:05:12.961+0000] {docker.py:438} INFO - Random selection: 1 pods
[2025-10-12T00:05:12.961+0000] {docker.py:438} INFO - Deleting pod: post-storage-service-6cbbf5f9fb-5q87v
[2025-10-12T00:05:12.962+0000] {docker.py:438} INFO - Deleted 1 pods: ['post-storage-service-6cbbf5f9fb-5q87v']
[2025-10-12T00:05:12.962+0000] {docker.py:438} INFO - ✅ Successfully restarted pods: ['post-storage-service-6cbbf5f9fb-5q87v']
[2025-10-12T00:05:12.962+0000] {docker.py:438} INFO - ⏳ Waiting 20 seconds until next restart...
[2025-10-12T00:05:12.962+0000] {docker.py:438} INFO - 📊 Time remaining: 198 seconds
[2025-10-12T00:05:12.963+0000] {docker.py:438} INFO - 
[2025-10-12T00:05:12.963+0000] {docker.py:438} INFO - ==================================================
[2025-10-12T00:05:12.963+0000] {docker.py:438} INFO - 🔄 Restart #7 at 2025-10-12 00:02:30
[2025-10-12T00:05:12.963+0000] {docker.py:438} INFO - ==================================================
[2025-10-12T00:05:12.963+0000] {docker.py:438} INFO - Hello world - terminate function started!
[2025-10-12T00:05:12.964+0000] {docker.py:438} INFO - Selecting pods with label_selector: app=post-storage-service
[2025-10-12T00:05:12.964+0000] {docker.py:438} INFO - Found 1 pods initially
[2025-10-12T00:05:12.964+0000] {docker.py:438} INFO - Random selection: 1 pods
[2025-10-12T00:05:12.964+0000] {docker.py:438} INFO - Deleting pod: post-storage-service-6cbbf5f9fb-km9hp
[2025-10-12T00:05:12.964+0000] {docker.py:438} INFO - Deleted 1 pods: ['post-storage-service-6cbbf5f9fb-km9hp']
[2025-10-12T00:05:12.965+0000] {docker.py:438} INFO - ✅ Successfully restarted pods: ['post-storage-service-6cbbf5f9fb-km9hp']
[2025-10-12T00:05:12.965+0000] {docker.py:438} INFO - ⏳ Waiting 20 seconds until next restart...
[2025-10-12T00:05:12.965+0000] {docker.py:438} INFO - 📊 Time remaining: 178 seconds
[2025-10-12T00:05:12.965+0000] {docker.py:438} INFO - 
[2025-10-12T00:05:12.966+0000] {docker.py:438} INFO - ==================================================
[2025-10-12T00:05:12.966+0000] {docker.py:438} INFO - 🔄 Restart #8 at 2025-10-12 00:02:50
[2025-10-12T00:05:12.966+0000] {docker.py:438} INFO - ==================================================
[2025-10-12T00:05:12.966+0000] {docker.py:438} INFO - Hello world - terminate function started!
[2025-10-12T00:05:12.966+0000] {docker.py:438} INFO - Selecting pods with label_selector: app=post-storage-service
[2025-10-12T00:05:12.967+0000] {docker.py:438} INFO - Found 1 pods initially
[2025-10-12T00:05:12.967+0000] {docker.py:438} INFO - Random selection: 1 pods
[2025-10-12T00:05:12.967+0000] {docker.py:438} INFO - Deleting pod: post-storage-service-6cbbf5f9fb-7hcbr
[2025-10-12T00:05:12.967+0000] {docker.py:438} INFO - Deleted 1 pods: ['post-storage-service-6cbbf5f9fb-7hcbr']
[2025-10-12T00:05:12.968+0000] {docker.py:438} INFO - ✅ Successfully restarted pods: ['post-storage-service-6cbbf5f9fb-7hcbr']
[2025-10-12T00:05:12.968+0000] {docker.py:438} INFO - ⏳ Waiting 20 seconds until next restart...
[2025-10-12T00:05:12.968+0000] {docker.py:438} INFO - 📊 Time remaining: 157 seconds
[2025-10-12T00:05:12.968+0000] {docker.py:438} INFO - 
[2025-10-12T00:05:12.968+0000] {docker.py:438} INFO - ==================================================
[2025-10-12T00:05:12.969+0000] {docker.py:438} INFO - 🔄 Restart #9 at 2025-10-12 00:03:10
[2025-10-12T00:05:12.969+0000] {docker.py:438} INFO - ==================================================
[2025-10-12T00:05:12.969+0000] {docker.py:438} INFO - Hello world - terminate function started!
[2025-10-12T00:05:12.969+0000] {docker.py:438} INFO - Selecting pods with label_selector: app=post-storage-service
[2025-10-12T00:05:12.970+0000] {docker.py:438} INFO - Found 1 pods initially
[2025-10-12T00:05:12.970+0000] {docker.py:438} INFO - Random selection: 1 pods
[2025-10-12T00:05:12.970+0000] {docker.py:438} INFO - Deleting pod: post-storage-service-6cbbf5f9fb-m64j4
[2025-10-12T00:05:12.970+0000] {docker.py:438} INFO - Deleted 1 pods: ['post-storage-service-6cbbf5f9fb-m64j4']
[2025-10-12T00:05:12.970+0000] {docker.py:438} INFO - ✅ Successfully restarted pods: ['post-storage-service-6cbbf5f9fb-m64j4']
[2025-10-12T00:05:12.971+0000] {docker.py:438} INFO - ⏳ Waiting 20 seconds until next restart...
[2025-10-12T00:05:12.971+0000] {docker.py:438} INFO - 📊 Time remaining: 137 seconds
[2025-10-12T00:05:12.971+0000] {docker.py:438} INFO - 
[2025-10-12T00:05:12.971+0000] {docker.py:438} INFO - ==================================================
[2025-10-12T00:05:12.972+0000] {docker.py:438} INFO - 🔄 Restart #10 at 2025-10-12 00:03:31
[2025-10-12T00:05:12.972+0000] {docker.py:438} INFO - ==================================================
[2025-10-12T00:05:12.972+0000] {docker.py:438} INFO - Hello world - terminate function started!
[2025-10-12T00:05:12.972+0000] {docker.py:438} INFO - Selecting pods with label_selector: app=post-storage-service
[2025-10-12T00:05:12.972+0000] {docker.py:438} INFO - Found 1 pods initially
[2025-10-12T00:05:12.973+0000] {docker.py:438} INFO - Random selection: 1 pods
[2025-10-12T00:05:12.973+0000] {docker.py:438} INFO - Deleting pod: post-storage-service-6cbbf5f9fb-nq48q
[2025-10-12T00:05:12.973+0000] {docker.py:438} INFO - Deleted 1 pods: ['post-storage-service-6cbbf5f9fb-nq48q']
[2025-10-12T00:05:12.973+0000] {docker.py:438} INFO - ✅ Successfully restarted pods: ['post-storage-service-6cbbf5f9fb-nq48q']
[2025-10-12T00:05:12.974+0000] {docker.py:438} INFO - ⏳ Waiting 20 seconds until next restart...
[2025-10-12T00:05:12.974+0000] {docker.py:438} INFO - 📊 Time remaining: 117 seconds
[2025-10-12T00:05:12.974+0000] {docker.py:438} INFO - 
[2025-10-12T00:05:12.974+0000] {docker.py:438} INFO - ==================================================
[2025-10-12T00:05:12.974+0000] {docker.py:438} INFO - 🔄 Restart #11 at 2025-10-12 00:03:51
[2025-10-12T00:05:12.975+0000] {docker.py:438} INFO - ==================================================
[2025-10-12T00:05:12.975+0000] {docker.py:438} INFO - Hello world - terminate function started!
[2025-10-12T00:05:12.975+0000] {docker.py:438} INFO - Selecting pods with label_selector: app=post-storage-service
[2025-10-12T00:05:12.975+0000] {docker.py:438} INFO - Found 1 pods initially
[2025-10-12T00:05:12.976+0000] {docker.py:438} INFO - Random selection: 1 pods
[2025-10-12T00:05:12.976+0000] {docker.py:438} INFO - Deleting pod: post-storage-service-6cbbf5f9fb-hbd2h
[2025-10-12T00:05:12.976+0000] {docker.py:438} INFO - Deleted 1 pods: ['post-storage-service-6cbbf5f9fb-hbd2h']
[2025-10-12T00:05:12.976+0000] {docker.py:438} INFO - ✅ Successfully restarted pods: ['post-storage-service-6cbbf5f9fb-hbd2h']
[2025-10-12T00:05:12.977+0000] {docker.py:438} INFO - ⏳ Waiting 20 seconds until next restart...
[2025-10-12T00:05:12.977+0000] {docker.py:438} INFO - 📊 Time remaining: 96 seconds
[2025-10-12T00:05:12.977+0000] {docker.py:438} INFO - 
[2025-10-12T00:05:12.977+0000] {docker.py:438} INFO - ==================================================
[2025-10-12T00:05:12.977+0000] {docker.py:438} INFO - 🔄 Restart #12 at 2025-10-12 00:04:11
[2025-10-12T00:05:12.978+0000] {docker.py:438} INFO - ==================================================
[2025-10-12T00:05:12.978+0000] {docker.py:438} INFO - Hello world - terminate function started!
[2025-10-12T00:05:12.978+0000] {docker.py:438} INFO - Selecting pods with label_selector: app=post-storage-service
[2025-10-12T00:05:12.978+0000] {docker.py:438} INFO - Found 1 pods initially
[2025-10-12T00:05:12.979+0000] {docker.py:438} INFO - Random selection: 1 pods
[2025-10-12T00:05:12.979+0000] {docker.py:438} INFO - Deleting pod: post-storage-service-6cbbf5f9fb-kdz76
[2025-10-12T00:05:12.979+0000] {docker.py:438} INFO - Deleted 1 pods: ['post-storage-service-6cbbf5f9fb-kdz76']
[2025-10-12T00:05:12.979+0000] {docker.py:438} INFO - ✅ Successfully restarted pods: ['post-storage-service-6cbbf5f9fb-kdz76']
[2025-10-12T00:05:12.979+0000] {docker.py:438} INFO - ⏳ Waiting 20 seconds until next restart...
[2025-10-12T00:05:12.980+0000] {docker.py:438} INFO - 📊 Time remaining: 76 seconds
[2025-10-12T00:05:12.980+0000] {docker.py:438} INFO - 
[2025-10-12T00:05:12.980+0000] {docker.py:438} INFO - ==================================================
[2025-10-12T00:05:12.980+0000] {docker.py:438} INFO - 🔄 Restart #13 at 2025-10-12 00:04:32
[2025-10-12T00:05:12.980+0000] {docker.py:438} INFO - ==================================================
[2025-10-12T00:05:12.981+0000] {docker.py:438} INFO - Hello world - terminate function started!
[2025-10-12T00:05:12.981+0000] {docker.py:438} INFO - Selecting pods with label_selector: app=post-storage-service
[2025-10-12T00:05:12.981+0000] {docker.py:438} INFO - Found 1 pods initially
[2025-10-12T00:05:12.981+0000] {docker.py:438} INFO - Random selection: 1 pods
[2025-10-12T00:05:12.982+0000] {docker.py:438} INFO - Deleting pod: post-storage-service-6cbbf5f9fb-dfn7l
[2025-10-12T00:05:12.982+0000] {docker.py:438} INFO - Deleted 1 pods: ['post-storage-service-6cbbf5f9fb-dfn7l']
[2025-10-12T00:05:12.982+0000] {docker.py:438} INFO - ✅ Successfully restarted pods: ['post-storage-service-6cbbf5f9fb-dfn7l']
[2025-10-12T00:05:12.982+0000] {docker.py:438} INFO - ⏳ Waiting 20 seconds until next restart...
[2025-10-12T00:05:12.982+0000] {docker.py:438} INFO - 📊 Time remaining: 55 seconds
[2025-10-12T00:05:12.983+0000] {docker.py:438} INFO - 
[2025-10-12T00:05:12.983+0000] {docker.py:438} INFO - ==================================================
[2025-10-12T00:05:12.983+0000] {docker.py:438} INFO - 🔄 Restart #14 at 2025-10-12 00:04:52
[2025-10-12T00:05:12.983+0000] {docker.py:438} INFO - ==================================================
[2025-10-12T00:05:12.984+0000] {docker.py:438} INFO - Hello world - terminate function started!
[2025-10-12T00:05:12.984+0000] {docker.py:438} INFO - Selecting pods with label_selector: app=post-storage-service
[2025-10-12T00:05:12.984+0000] {docker.py:438} INFO - Found 1 pods initially
[2025-10-12T00:05:12.984+0000] {docker.py:438} INFO - Random selection: 1 pods
[2025-10-12T00:05:12.985+0000] {docker.py:438} INFO - Deleting pod: post-storage-service-6cbbf5f9fb-f5g9q
[2025-10-12T00:05:12.985+0000] {docker.py:438} INFO - Deleted 1 pods: ['post-storage-service-6cbbf5f9fb-f5g9q']
[2025-10-12T00:05:12.985+0000] {docker.py:438} INFO - ✅ Successfully restarted pods: ['post-storage-service-6cbbf5f9fb-f5g9q']
[2025-10-12T00:05:12.985+0000] {docker.py:438} INFO - ⏳ Waiting 20 seconds until next restart...
[2025-10-12T00:05:12.985+0000] {docker.py:438} INFO - 📊 Time remaining: 35 seconds
[2025-10-12T00:05:12.986+0000] {docker.py:438} INFO - 
[2025-10-12T00:05:12.986+0000] {docker.py:438} INFO - ==================================================
[2025-10-12T00:05:12.986+0000] {docker.py:438} INFO - 🔄 Restart #15 at 2025-10-12 00:05:12
[2025-10-12T00:05:12.986+0000] {docker.py:438} INFO - ==================================================
[2025-10-12T00:05:12.987+0000] {docker.py:438} INFO - Hello world - terminate function started!
[2025-10-12T00:05:12.987+0000] {docker.py:438} INFO - Selecting pods with label_selector: app=post-storage-service
[2025-10-12T00:05:13.262+0000] {docker.py:438} INFO - [32m[2025-10-12 00:05:13 INFO] Let's rollback...
[2025-10-12T00:05:13.263+0000] {docker.py:438} INFO - [32m[2025-10-12 00:05:13 INFO] Rollback: uncordon-all-nodes
[2025-10-12T00:05:13.264+0000] {docker.py:438} INFO - [32m[2025-10-12 00:05:13 INFO] Action: uncordon-all-nodes
[2025-10-12T00:05:14.195+0000] {docker.py:438} INFO - [32m[2025-10-12 00:05:14 INFO] Experiment ended with status: completed
[2025-10-12T00:05:14.199+0000] {docker.py:438} INFO - Found 1 pods initially
[2025-10-12T00:05:14.199+0000] {docker.py:438} INFO - Random selection: 1 pods
[2025-10-12T00:05:14.200+0000] {docker.py:438} INFO - Deleting pod: post-storage-service-6cbbf5f9fb-nzlmp
[2025-10-12T00:05:14.200+0000] {docker.py:438} INFO - Deleted 1 pods: ['post-storage-service-6cbbf5f9fb-nzlmp']
[2025-10-12T00:05:14.201+0000] {docker.py:438} INFO - ✅ Successfully restarted pods: ['post-storage-service-6cbbf5f9fb-nzlmp']
[2025-10-12T00:05:14.201+0000] {docker.py:438} INFO - ⏰ Less than 20 seconds remaining, stopping experiment
[2025-10-12T00:05:14.201+0000] {docker.py:438} INFO - 
[2025-10-12T00:05:14.202+0000] {docker.py:438} INFO - ==================================================
[2025-10-12T00:05:14.202+0000] {docker.py:438} INFO - 🏁 Experiment Completed!
[2025-10-12T00:05:14.203+0000] {docker.py:438} INFO - ==================================================
[2025-10-12T00:05:14.203+0000] {docker.py:438} INFO - 📈 Total restarts performed: 15
[2025-10-12T00:05:14.203+0000] {docker.py:438} INFO - ⏱️  Total duration: 285 seconds
[2025-10-12T00:05:14.205+0000] {docker.py:438} INFO - 📊 Average interval: 19.0 seconds
[2025-10-12T00:05:14.656+0000] {taskinstance.py:340} INFO - ::group::Post task execution logs
[2025-10-12T00:05:14.657+0000] {taskinstance.py:352} INFO - Marking task as SUCCESS. dag_id=Cordon_Uncordon_Node, task_id=apply_cordon_uncordon_node, run_id=scheduled__2025-10-11T21:00:00+00:00, execution_date=20251011T210000, start_date=20251012T000003, end_date=20251012T000514
[2025-10-12T00:05:14.697+0000] {local_task_job_runner.py:266} INFO - Task exited with return code 0
[2025-10-12T00:05:14.723+0000] {taskinstance.py:3900} INFO - 0 downstream tasks scheduled from follow-on schedule check
[2025-10-12T00:05:14.729+0000] {local_task_job_runner.py:245} INFO - ::endgroup::
