[2025-10-03T04:59:37.493+0000] {local_task_job_runner.py:123} INFO - ::group::Pre task execution logs
[2025-10-03T04:59:37.506+0000] {taskinstance.py:2612} INFO - Dependencies all met for dep_context=non-requeueable deps ti=<TaskInstance: Cordon_Uncordon_Node.apply_cordon_uncordon_node scheduled__2025-10-03T00:00:00+00:00 [queued]>
[2025-10-03T04:59:37.514+0000] {taskinstance.py:2612} INFO - Dependencies all met for dep_context=requeueable deps ti=<TaskInstance: Cordon_Uncordon_Node.apply_cordon_uncordon_node scheduled__2025-10-03T00:00:00+00:00 [queued]>
[2025-10-03T04:59:37.514+0000] {taskinstance.py:2865} INFO - Starting attempt 1 of 1
[2025-10-03T04:59:37.526+0000] {taskinstance.py:2888} INFO - Executing <Task(DockerOperator): apply_cordon_uncordon_node> on 2025-10-03 00:00:00+00:00
[2025-10-03T04:59:37.533+0000] {standard_task_runner.py:72} INFO - Started process 575 to run task
[2025-10-03T04:59:37.537+0000] {standard_task_runner.py:104} INFO - Running: ['***', 'tasks', 'run', 'Cordon_Uncordon_Node', 'apply_cordon_uncordon_node', 'scheduled__2025-10-03T00:00:00+00:00', '--job-id', '193', '--raw', '--subdir', 'DAGS_FOLDER/dag_factory.py', '--cfg-path', '/tmp/tmpdx98n013']
[2025-10-03T04:59:37.538+0000] {standard_task_runner.py:105} INFO - Job 193: Subtask apply_cordon_uncordon_node
[2025-10-03T04:59:37.584+0000] {task_command.py:467} INFO - Running <TaskInstance: Cordon_Uncordon_Node.apply_cordon_uncordon_node scheduled__2025-10-03T00:00:00+00:00 [running]> on host workflow.y2twbfvcjkaujnl2bmtbxunhcb.cx.internal.cloudapp.net
[2025-10-03T04:59:37.674+0000] {taskinstance.py:3131} INFO - Exporting env vars: AIRFLOW_CTX_DAG_OWNER='***' AIRFLOW_CTX_DAG_ID='Cordon_Uncordon_Node' AIRFLOW_CTX_TASK_ID='apply_cordon_uncordon_node' AIRFLOW_CTX_EXECUTION_DATE='2025-10-03T00:00:00+00:00' AIRFLOW_CTX_TRY_NUMBER='1' AIRFLOW_CTX_DAG_RUN_ID='scheduled__2025-10-03T00:00:00+00:00'
[2025-10-03T04:59:37.675+0000] {taskinstance.py:731} INFO - ::endgroup::
[2025-10-03T04:59:37.707+0000] {docker.py:367} INFO - Starting docker container from image ***_chaos:latest
[2025-10-03T04:59:38.037+0000] {docker.py:438} INFO - The container is run as root user. For security, consider using a regular user account.
[2025-10-03T04:59:46.643+0000] {docker.py:438} INFO - 
[2025-10-03T04:59:47.292+0000] {docker.py:438} INFO - [32m[2025-10-03 04:59:47 INFO] Validating the experiment's syntax
[2025-10-03T04:59:47.546+0000] {docker.py:438} INFO - [32m[2025-10-03 04:59:47 INFO] Experiment looks valid
[2025-10-03T04:59:47.547+0000] {docker.py:438} INFO - [32m[2025-10-03 04:59:47 INFO] Running experiment: Cordon-Pod Restart Combined Experiment
[2025-10-03T04:59:47.549+0000] {docker.py:438} INFO - [32m[2025-10-03 04:59:47 INFO] Steady-state strategy: default
[2025-10-03T04:59:47.550+0000] {docker.py:438} INFO - [32m[2025-10-03 04:59:47 INFO] Rollbacks strategy: default
[2025-10-03T04:59:47.550+0000] {docker.py:438} INFO - [32m[2025-10-03 04:59:47 INFO] No steady state hypothesis defined. That's ok, just exploring.
[2025-10-03T04:59:47.551+0000] {docker.py:438} INFO - [32m[2025-10-03 04:59:47 INFO] Playing your experiment's method now...
[2025-10-03T04:59:47.551+0000] {docker.py:438} INFO - [32m[2025-10-03 04:59:47 INFO] Action: cordon-nodes
[2025-10-03T04:59:48.535+0000] {docker.py:438} INFO - [32m[2025-10-03 04:59:48 INFO] Action: continuous-pod-restart-during-cordon
[2025-10-03T05:04:34.006+0000] {docker.py:438} INFO - 🚀 Starting continuous pod restart experiment
[2025-10-03T05:04:34.006+0000] {docker.py:438} INFO - 📅 Interval: 20 seconds
[2025-10-03T05:04:34.006+0000] {docker.py:438} INFO - ⏱️  Duration: 300 seconds
[2025-10-03T05:04:34.007+0000] {docker.py:438} INFO - 🎯 Target: app=post-storage-service
[2025-10-03T05:04:34.007+0000] {docker.py:438} INFO - 📍 Namespace: default
[2025-10-03T05:04:34.007+0000] {docker.py:438} INFO - 
[2025-10-03T05:04:34.007+0000] {docker.py:438} INFO - ==================================================
[2025-10-03T05:04:34.008+0000] {docker.py:438} INFO - 🔄 Restart #1 at 2025-10-03 04:59:48
[2025-10-03T05:04:34.008+0000] {docker.py:438} INFO - ==================================================
[2025-10-03T05:04:34.008+0000] {docker.py:438} INFO - Hello world - terminate function started!
[2025-10-03T05:04:34.008+0000] {docker.py:438} INFO - Selecting pods with label_selector: app=post-storage-service
[2025-10-03T05:04:34.008+0000] {docker.py:438} INFO - Found 1 pods initially
[2025-10-03T05:04:34.009+0000] {docker.py:438} INFO - Random selection: 1 pods
[2025-10-03T05:04:34.009+0000] {docker.py:438} INFO - Deleting pod: post-storage-service-769cf6947d-5tf8t
[2025-10-03T05:04:34.009+0000] {docker.py:438} INFO - Deleted 1 pods: ['post-storage-service-769cf6947d-5tf8t']
[2025-10-03T05:04:34.009+0000] {docker.py:438} INFO - ✅ Successfully restarted pods: ['post-storage-service-769cf6947d-5tf8t']
[2025-10-03T05:04:34.009+0000] {docker.py:438} INFO - ⏳ Waiting 20 seconds until next restart...
[2025-10-03T05:04:34.010+0000] {docker.py:438} INFO - 📊 Time remaining: 300 seconds
[2025-10-03T05:04:34.010+0000] {docker.py:438} INFO - 
[2025-10-03T05:04:34.010+0000] {docker.py:438} INFO - ==================================================
[2025-10-03T05:04:34.010+0000] {docker.py:438} INFO - 🔄 Restart #2 at 2025-10-03 05:00:08
[2025-10-03T05:04:34.010+0000] {docker.py:438} INFO - ==================================================
[2025-10-03T05:04:34.011+0000] {docker.py:438} INFO - Hello world - terminate function started!
[2025-10-03T05:04:34.011+0000] {docker.py:438} INFO - Selecting pods with label_selector: app=post-storage-service
[2025-10-03T05:04:34.011+0000] {docker.py:438} INFO - Found 2 pods initially
[2025-10-03T05:04:34.011+0000] {docker.py:438} INFO - Random selection: 1 pods
[2025-10-03T05:04:34.012+0000] {docker.py:438} INFO - Deleting pod: post-storage-service-769cf6947d-5tf8t
[2025-10-03T05:04:34.012+0000] {docker.py:438} INFO - Deleted 1 pods: ['post-storage-service-769cf6947d-5tf8t']
[2025-10-03T05:04:34.012+0000] {docker.py:438} INFO - ✅ Successfully restarted pods: ['post-storage-service-769cf6947d-5tf8t']
[2025-10-03T05:04:34.012+0000] {docker.py:438} INFO - ⏳ Waiting 20 seconds until next restart...
[2025-10-03T05:04:34.012+0000] {docker.py:438} INFO - 📊 Time remaining: 279 seconds
[2025-10-03T05:04:34.013+0000] {docker.py:438} INFO - 
[2025-10-03T05:04:34.013+0000] {docker.py:438} INFO - ==================================================
[2025-10-03T05:04:34.013+0000] {docker.py:438} INFO - 🔄 Restart #3 at 2025-10-03 05:00:29
[2025-10-03T05:04:34.013+0000] {docker.py:438} INFO - ==================================================
[2025-10-03T05:04:34.013+0000] {docker.py:438} INFO - Hello world - terminate function started!
[2025-10-03T05:04:34.014+0000] {docker.py:438} INFO - Selecting pods with label_selector: app=post-storage-service
[2025-10-03T05:04:34.014+0000] {docker.py:438} INFO - Found 1 pods initially
[2025-10-03T05:04:34.014+0000] {docker.py:438} INFO - Random selection: 1 pods
[2025-10-03T05:04:34.014+0000] {docker.py:438} INFO - Deleting pod: post-storage-service-769cf6947d-jwf98
[2025-10-03T05:04:34.015+0000] {docker.py:438} INFO - Deleted 1 pods: ['post-storage-service-769cf6947d-jwf98']
[2025-10-03T05:04:34.015+0000] {docker.py:438} INFO - ✅ Successfully restarted pods: ['post-storage-service-769cf6947d-jwf98']
[2025-10-03T05:04:34.015+0000] {docker.py:438} INFO - ⏳ Waiting 20 seconds until next restart...
[2025-10-03T05:04:34.015+0000] {docker.py:438} INFO - 📊 Time remaining: 259 seconds
[2025-10-03T05:04:34.015+0000] {docker.py:438} INFO - 
[2025-10-03T05:04:34.016+0000] {docker.py:438} INFO - ==================================================
[2025-10-03T05:04:34.016+0000] {docker.py:438} INFO - 🔄 Restart #4 at 2025-10-03 05:00:49
[2025-10-03T05:04:34.016+0000] {docker.py:438} INFO - ==================================================
[2025-10-03T05:04:34.016+0000] {docker.py:438} INFO - Hello world - terminate function started!
[2025-10-03T05:04:34.016+0000] {docker.py:438} INFO - Selecting pods with label_selector: app=post-storage-service
[2025-10-03T05:04:34.017+0000] {docker.py:438} INFO - Found 1 pods initially
[2025-10-03T05:04:34.017+0000] {docker.py:438} INFO - Random selection: 1 pods
[2025-10-03T05:04:34.017+0000] {docker.py:438} INFO - Deleting pod: post-storage-service-769cf6947d-r6jv8
[2025-10-03T05:04:34.017+0000] {docker.py:438} INFO - Deleted 1 pods: ['post-storage-service-769cf6947d-r6jv8']
[2025-10-03T05:04:34.017+0000] {docker.py:438} INFO - ✅ Successfully restarted pods: ['post-storage-service-769cf6947d-r6jv8']
[2025-10-03T05:04:34.018+0000] {docker.py:438} INFO - ⏳ Waiting 20 seconds until next restart...
[2025-10-03T05:04:34.018+0000] {docker.py:438} INFO - 📊 Time remaining: 238 seconds
[2025-10-03T05:04:34.018+0000] {docker.py:438} INFO - 
[2025-10-03T05:04:34.018+0000] {docker.py:438} INFO - ==================================================
[2025-10-03T05:04:34.018+0000] {docker.py:438} INFO - 🔄 Restart #5 at 2025-10-03 05:01:10
[2025-10-03T05:04:34.019+0000] {docker.py:438} INFO - ==================================================
[2025-10-03T05:04:34.019+0000] {docker.py:438} INFO - Hello world - terminate function started!
[2025-10-03T05:04:34.019+0000] {docker.py:438} INFO - Selecting pods with label_selector: app=post-storage-service
[2025-10-03T05:04:34.019+0000] {docker.py:438} INFO - Found 1 pods initially
[2025-10-03T05:04:34.019+0000] {docker.py:438} INFO - Random selection: 1 pods
[2025-10-03T05:04:34.020+0000] {docker.py:438} INFO - Deleting pod: post-storage-service-769cf6947d-j6ltb
[2025-10-03T05:04:34.020+0000] {docker.py:438} INFO - Deleted 1 pods: ['post-storage-service-769cf6947d-j6ltb']
[2025-10-03T05:04:34.020+0000] {docker.py:438} INFO - ✅ Successfully restarted pods: ['post-storage-service-769cf6947d-j6ltb']
[2025-10-03T05:04:34.020+0000] {docker.py:438} INFO - ⏳ Waiting 20 seconds until next restart...
[2025-10-03T05:04:34.020+0000] {docker.py:438} INFO - 📊 Time remaining: 218 seconds
[2025-10-03T05:04:34.021+0000] {docker.py:438} INFO - 
[2025-10-03T05:04:34.021+0000] {docker.py:438} INFO - ==================================================
[2025-10-03T05:04:34.021+0000] {docker.py:438} INFO - 🔄 Restart #6 at 2025-10-03 05:01:30
[2025-10-03T05:04:34.021+0000] {docker.py:438} INFO - ==================================================
[2025-10-03T05:04:34.021+0000] {docker.py:438} INFO - Hello world - terminate function started!
[2025-10-03T05:04:34.021+0000] {docker.py:438} INFO - Selecting pods with label_selector: app=post-storage-service
[2025-10-03T05:04:34.022+0000] {docker.py:438} INFO - Found 1 pods initially
[2025-10-03T05:04:34.022+0000] {docker.py:438} INFO - Random selection: 1 pods
[2025-10-03T05:04:34.022+0000] {docker.py:438} INFO - Deleting pod: post-storage-service-769cf6947d-r8wk8
[2025-10-03T05:04:34.022+0000] {docker.py:438} INFO - Deleted 1 pods: ['post-storage-service-769cf6947d-r8wk8']
[2025-10-03T05:04:34.022+0000] {docker.py:438} INFO - ✅ Successfully restarted pods: ['post-storage-service-769cf6947d-r8wk8']
[2025-10-03T05:04:34.023+0000] {docker.py:438} INFO - ⏳ Waiting 20 seconds until next restart...
[2025-10-03T05:04:34.023+0000] {docker.py:438} INFO - 📊 Time remaining: 198 seconds
[2025-10-03T05:04:34.023+0000] {docker.py:438} INFO - 
[2025-10-03T05:04:34.023+0000] {docker.py:438} INFO - ==================================================
[2025-10-03T05:04:34.023+0000] {docker.py:438} INFO - 🔄 Restart #7 at 2025-10-03 05:01:50
[2025-10-03T05:04:34.024+0000] {docker.py:438} INFO - ==================================================
[2025-10-03T05:04:34.024+0000] {docker.py:438} INFO - Hello world - terminate function started!
[2025-10-03T05:04:34.024+0000] {docker.py:438} INFO - Selecting pods with label_selector: app=post-storage-service
[2025-10-03T05:04:34.024+0000] {docker.py:438} INFO - Found 1 pods initially
[2025-10-03T05:04:34.024+0000] {docker.py:438} INFO - Random selection: 1 pods
[2025-10-03T05:04:34.025+0000] {docker.py:438} INFO - Deleting pod: post-storage-service-769cf6947d-jxxlw
[2025-10-03T05:04:34.025+0000] {docker.py:438} INFO - Deleted 1 pods: ['post-storage-service-769cf6947d-jxxlw']
[2025-10-03T05:04:34.025+0000] {docker.py:438} INFO - ✅ Successfully restarted pods: ['post-storage-service-769cf6947d-jxxlw']
[2025-10-03T05:04:34.025+0000] {docker.py:438} INFO - ⏳ Waiting 20 seconds until next restart...
[2025-10-03T05:04:34.026+0000] {docker.py:438} INFO - 📊 Time remaining: 177 seconds
[2025-10-03T05:04:34.026+0000] {docker.py:438} INFO - 
[2025-10-03T05:04:34.026+0000] {docker.py:438} INFO - ==================================================
[2025-10-03T05:04:34.026+0000] {docker.py:438} INFO - 🔄 Restart #8 at 2025-10-03 05:02:11
[2025-10-03T05:04:34.026+0000] {docker.py:438} INFO - ==================================================
[2025-10-03T05:04:34.027+0000] {docker.py:438} INFO - Hello world - terminate function started!
[2025-10-03T05:04:34.027+0000] {docker.py:438} INFO - Selecting pods with label_selector: app=post-storage-service
[2025-10-03T05:04:34.027+0000] {docker.py:438} INFO - Found 1 pods initially
[2025-10-03T05:04:34.027+0000] {docker.py:438} INFO - Random selection: 1 pods
[2025-10-03T05:04:34.027+0000] {docker.py:438} INFO - Deleting pod: post-storage-service-769cf6947d-9wxwz
[2025-10-03T05:04:34.028+0000] {docker.py:438} INFO - Deleted 1 pods: ['post-storage-service-769cf6947d-9wxwz']
[2025-10-03T05:04:34.028+0000] {docker.py:438} INFO - ✅ Successfully restarted pods: ['post-storage-service-769cf6947d-9wxwz']
[2025-10-03T05:04:34.028+0000] {docker.py:438} INFO - ⏳ Waiting 20 seconds until next restart...
[2025-10-03T05:04:34.028+0000] {docker.py:438} INFO - 📊 Time remaining: 157 seconds
[2025-10-03T05:04:34.028+0000] {docker.py:438} INFO - 
[2025-10-03T05:04:34.029+0000] {docker.py:438} INFO - ==================================================
[2025-10-03T05:04:34.029+0000] {docker.py:438} INFO - 🔄 Restart #9 at 2025-10-03 05:02:31
[2025-10-03T05:04:34.029+0000] {docker.py:438} INFO - ==================================================
[2025-10-03T05:04:34.029+0000] {docker.py:438} INFO - Hello world - terminate function started!
[2025-10-03T05:04:34.030+0000] {docker.py:438} INFO - Selecting pods with label_selector: app=post-storage-service
[2025-10-03T05:04:34.030+0000] {docker.py:438} INFO - Found 1 pods initially
[2025-10-03T05:04:34.030+0000] {docker.py:438} INFO - Random selection: 1 pods
[2025-10-03T05:04:34.031+0000] {docker.py:438} INFO - Deleting pod: post-storage-service-769cf6947d-gzplf
[2025-10-03T05:04:34.031+0000] {docker.py:438} INFO - Deleted 1 pods: ['post-storage-service-769cf6947d-gzplf']
[2025-10-03T05:04:34.031+0000] {docker.py:438} INFO - ✅ Successfully restarted pods: ['post-storage-service-769cf6947d-gzplf']
[2025-10-03T05:04:34.032+0000] {docker.py:438} INFO - ⏳ Waiting 20 seconds until next restart...
[2025-10-03T05:04:34.032+0000] {docker.py:438} INFO - 📊 Time remaining: 136 seconds
[2025-10-03T05:04:34.032+0000] {docker.py:438} INFO - 
[2025-10-03T05:04:34.032+0000] {docker.py:438} INFO - ==================================================
[2025-10-03T05:04:34.033+0000] {docker.py:438} INFO - 🔄 Restart #10 at 2025-10-03 05:02:52
[2025-10-03T05:04:34.033+0000] {docker.py:438} INFO - ==================================================
[2025-10-03T05:04:34.034+0000] {docker.py:438} INFO - Hello world - terminate function started!
[2025-10-03T05:04:34.034+0000] {docker.py:438} INFO - Selecting pods with label_selector: app=post-storage-service
[2025-10-03T05:04:34.034+0000] {docker.py:438} INFO - Found 1 pods initially
[2025-10-03T05:04:34.034+0000] {docker.py:438} INFO - Random selection: 1 pods
[2025-10-03T05:04:34.034+0000] {docker.py:438} INFO - Deleting pod: post-storage-service-769cf6947d-5rsd7
[2025-10-03T05:04:34.035+0000] {docker.py:438} INFO - Deleted 1 pods: ['post-storage-service-769cf6947d-5rsd7']
[2025-10-03T05:04:34.035+0000] {docker.py:438} INFO - ✅ Successfully restarted pods: ['post-storage-service-769cf6947d-5rsd7']
[2025-10-03T05:04:34.035+0000] {docker.py:438} INFO - ⏳ Waiting 20 seconds until next restart...
[2025-10-03T05:04:34.035+0000] {docker.py:438} INFO - 📊 Time remaining: 116 seconds
[2025-10-03T05:04:34.035+0000] {docker.py:438} INFO - 
[2025-10-03T05:04:34.036+0000] {docker.py:438} INFO - ==================================================
[2025-10-03T05:04:34.036+0000] {docker.py:438} INFO - 🔄 Restart #11 at 2025-10-03 05:03:12
[2025-10-03T05:04:34.036+0000] {docker.py:438} INFO - ==================================================
[2025-10-03T05:04:34.036+0000] {docker.py:438} INFO - Hello world - terminate function started!
[2025-10-03T05:04:34.036+0000] {docker.py:438} INFO - Selecting pods with label_selector: app=post-storage-service
[2025-10-03T05:04:34.037+0000] {docker.py:438} INFO - Found 1 pods initially
[2025-10-03T05:04:34.037+0000] {docker.py:438} INFO - Random selection: 1 pods
[2025-10-03T05:04:34.037+0000] {docker.py:438} INFO - Deleting pod: post-storage-service-769cf6947d-qw4r9
[2025-10-03T05:04:34.037+0000] {docker.py:438} INFO - Deleted 1 pods: ['post-storage-service-769cf6947d-qw4r9']
[2025-10-03T05:04:34.037+0000] {docker.py:438} INFO - ✅ Successfully restarted pods: ['post-storage-service-769cf6947d-qw4r9']
[2025-10-03T05:04:34.038+0000] {docker.py:438} INFO - ⏳ Waiting 20 seconds until next restart...
[2025-10-03T05:04:34.038+0000] {docker.py:438} INFO - 📊 Time remaining: 96 seconds
[2025-10-03T05:04:34.038+0000] {docker.py:438} INFO - 
[2025-10-03T05:04:34.038+0000] {docker.py:438} INFO - ==================================================
[2025-10-03T05:04:34.038+0000] {docker.py:438} INFO - 🔄 Restart #12 at 2025-10-03 05:03:32
[2025-10-03T05:04:34.039+0000] {docker.py:438} INFO - ==================================================
[2025-10-03T05:04:34.039+0000] {docker.py:438} INFO - Hello world - terminate function started!
[2025-10-03T05:04:34.039+0000] {docker.py:438} INFO - Selecting pods with label_selector: app=post-storage-service
[2025-10-03T05:04:34.039+0000] {docker.py:438} INFO - Found 1 pods initially
[2025-10-03T05:04:34.039+0000] {docker.py:438} INFO - Random selection: 1 pods
[2025-10-03T05:04:34.039+0000] {docker.py:438} INFO - Deleting pod: post-storage-service-769cf6947d-8ft58
[2025-10-03T05:04:34.040+0000] {docker.py:438} INFO - Deleted 1 pods: ['post-storage-service-769cf6947d-8ft58']
[2025-10-03T05:04:34.040+0000] {docker.py:438} INFO - ✅ Successfully restarted pods: ['post-storage-service-769cf6947d-8ft58']
[2025-10-03T05:04:34.040+0000] {docker.py:438} INFO - ⏳ Waiting 20 seconds until next restart...
[2025-10-03T05:04:34.040+0000] {docker.py:438} INFO - 📊 Time remaining: 75 seconds
[2025-10-03T05:04:34.040+0000] {docker.py:438} INFO - 
[2025-10-03T05:04:34.041+0000] {docker.py:438} INFO - ==================================================
[2025-10-03T05:04:34.041+0000] {docker.py:438} INFO - 🔄 Restart #13 at 2025-10-03 05:03:53
[2025-10-03T05:04:34.041+0000] {docker.py:438} INFO - ==================================================
[2025-10-03T05:04:34.041+0000] {docker.py:438} INFO - Hello world - terminate function started!
[2025-10-03T05:04:34.041+0000] {docker.py:438} INFO - Selecting pods with label_selector: app=post-storage-service
[2025-10-03T05:04:34.041+0000] {docker.py:438} INFO - Found 1 pods initially
[2025-10-03T05:04:34.042+0000] {docker.py:438} INFO - Random selection: 1 pods
[2025-10-03T05:04:34.042+0000] {docker.py:438} INFO - Deleting pod: post-storage-service-769cf6947d-jq5m6
[2025-10-03T05:04:34.042+0000] {docker.py:438} INFO - Deleted 1 pods: ['post-storage-service-769cf6947d-jq5m6']
[2025-10-03T05:04:34.042+0000] {docker.py:438} INFO - ✅ Successfully restarted pods: ['post-storage-service-769cf6947d-jq5m6']
[2025-10-03T05:04:34.042+0000] {docker.py:438} INFO - ⏳ Waiting 20 seconds until next restart...
[2025-10-03T05:04:34.043+0000] {docker.py:438} INFO - 📊 Time remaining: 55 seconds
[2025-10-03T05:04:34.043+0000] {docker.py:438} INFO - 
[2025-10-03T05:04:34.043+0000] {docker.py:438} INFO - ==================================================
[2025-10-03T05:04:34.043+0000] {docker.py:438} INFO - 🔄 Restart #14 at 2025-10-03 05:04:13
[2025-10-03T05:04:34.043+0000] {docker.py:438} INFO - ==================================================
[2025-10-03T05:04:34.043+0000] {docker.py:438} INFO - Hello world - terminate function started!
[2025-10-03T05:04:34.044+0000] {docker.py:438} INFO - Selecting pods with label_selector: app=post-storage-service
[2025-10-03T05:04:34.044+0000] {docker.py:438} INFO - Found 1 pods initially
[2025-10-03T05:04:34.044+0000] {docker.py:438} INFO - Random selection: 1 pods
[2025-10-03T05:04:34.044+0000] {docker.py:438} INFO - Deleting pod: post-storage-service-769cf6947d-62bd5
[2025-10-03T05:04:34.044+0000] {docker.py:438} INFO - Deleted 1 pods: ['post-storage-service-769cf6947d-62bd5']
[2025-10-03T05:04:34.045+0000] {docker.py:438} INFO - ✅ Successfully restarted pods: ['post-storage-service-769cf6947d-62bd5']
[2025-10-03T05:04:34.045+0000] {docker.py:438} INFO - ⏳ Waiting 20 seconds until next restart...
[2025-10-03T05:04:34.045+0000] {docker.py:438} INFO - 📊 Time remaining: 35 seconds
[2025-10-03T05:04:34.045+0000] {docker.py:438} INFO - 
[2025-10-03T05:04:34.045+0000] {docker.py:438} INFO - ==================================================
[2025-10-03T05:04:34.046+0000] {docker.py:438} INFO - 🔄 Restart #15 at 2025-10-03 05:04:33
[2025-10-03T05:04:34.046+0000] {docker.py:438} INFO - ==================================================
[2025-10-03T05:04:34.046+0000] {docker.py:438} INFO - Hello world - terminate function started!
[2025-10-03T05:04:34.046+0000] {docker.py:438} INFO - Selecting pods with label_selector: app=post-storage-service
[2025-10-03T05:04:34.379+0000] {docker.py:438} INFO - [32m[2025-10-03 05:04:34 INFO] Let's rollback...
[2025-10-03T05:04:34.379+0000] {docker.py:438} INFO - [32m[2025-10-03 05:04:34 INFO] Rollback: uncordon-all-nodes
[2025-10-03T05:04:34.380+0000] {docker.py:438} INFO - [32m[2025-10-03 05:04:34 INFO] Action: uncordon-all-nodes
[2025-10-03T05:04:35.397+0000] {docker.py:438} INFO - [32m[2025-10-03 05:04:35 INFO] Experiment ended with status: completed
[2025-10-03T05:04:35.398+0000] {docker.py:438} INFO - Found 1 pods initially
[2025-10-03T05:04:35.398+0000] {docker.py:438} INFO - Random selection: 1 pods
[2025-10-03T05:04:35.399+0000] {docker.py:438} INFO - Deleting pod: post-storage-service-769cf6947d-psjw2
[2025-10-03T05:04:35.399+0000] {docker.py:438} INFO - Deleted 1 pods: ['post-storage-service-769cf6947d-psjw2']
[2025-10-03T05:04:35.399+0000] {docker.py:438} INFO - ✅ Successfully restarted pods: ['post-storage-service-769cf6947d-psjw2']
[2025-10-03T05:04:35.400+0000] {docker.py:438} INFO - ⏰ Less than 20 seconds remaining, stopping experiment
[2025-10-03T05:04:35.400+0000] {docker.py:438} INFO - 
[2025-10-03T05:04:35.400+0000] {docker.py:438} INFO - ==================================================
[2025-10-03T05:04:35.401+0000] {docker.py:438} INFO - 🏁 Experiment Completed!
[2025-10-03T05:04:35.401+0000] {docker.py:438} INFO - ==================================================
[2025-10-03T05:04:35.401+0000] {docker.py:438} INFO - 📈 Total restarts performed: 15
[2025-10-03T05:04:35.402+0000] {docker.py:438} INFO - ⏱️  Total duration: 286 seconds
[2025-10-03T05:04:35.402+0000] {docker.py:438} INFO - 📊 Average interval: 19.1 seconds
[2025-10-03T05:04:35.650+0000] {taskinstance.py:340} INFO - ::group::Post task execution logs
[2025-10-03T05:04:35.651+0000] {taskinstance.py:352} INFO - Marking task as SUCCESS. dag_id=Cordon_Uncordon_Node, task_id=apply_cordon_uncordon_node, run_id=scheduled__2025-10-03T00:00:00+00:00, execution_date=20251003T000000, start_date=20251003T045937, end_date=20251003T050435
[2025-10-03T05:04:35.703+0000] {local_task_job_runner.py:266} INFO - Task exited with return code 0
[2025-10-03T05:04:35.719+0000] {taskinstance.py:3900} INFO - 0 downstream tasks scheduled from follow-on schedule check
[2025-10-03T05:04:35.721+0000] {local_task_job_runner.py:245} INFO - ::endgroup::
