[2025-11-21T10:36:20.348+0000] {local_task_job_runner.py:123} INFO - ::group::Pre task execution logs
[2025-11-21T10:36:20.377+0000] {taskinstance.py:2612} INFO - Dependencies all met for dep_context=non-requeueable deps ti=<TaskInstance: Reinitialize_Application.apply_container_restart_docker manual__2025-11-21T10:36:17.974937+00:00 [queued]>
[2025-11-21T10:36:20.389+0000] {taskinstance.py:2612} INFO - Dependencies all met for dep_context=requeueable deps ti=<TaskInstance: Reinitialize_Application.apply_container_restart_docker manual__2025-11-21T10:36:17.974937+00:00 [queued]>
[2025-11-21T10:36:20.389+0000] {taskinstance.py:2865} INFO - Starting attempt 1 of 1
[2025-11-21T10:36:20.416+0000] {taskinstance.py:2888} INFO - Executing <Task(DockerOperator): apply_container_restart_docker> on 2025-11-21 10:36:17.974937+00:00
[2025-11-21T10:36:20.431+0000] {standard_task_runner.py:72} INFO - Started process 802 to run task
[2025-11-21T10:36:20.448+0000] {standard_task_runner.py:104} INFO - Running: ['***', 'tasks', 'run', 'Reinitialize_Application', 'apply_container_restart_docker', 'manual__2025-11-21T10:36:17.974937+00:00', '--job-id', '17031', '--raw', '--subdir', 'DAGS_FOLDER/dag_factory.py', '--cfg-path', '/tmp/tmpzp64x461']
[2025-11-21T10:36:20.449+0000] {standard_task_runner.py:105} INFO - Job 17031: Subtask apply_container_restart_docker
[2025-11-21T10:36:20.537+0000] {task_command.py:467} INFO - Running <TaskInstance: Reinitialize_Application.apply_container_restart_docker manual__2025-11-21T10:36:17.974937+00:00 [running]> on host workflow.y2twbfvcjkaujnl2bmtbxunhcb.cx.internal.cloudapp.net
[2025-11-21T10:36:20.719+0000] {taskinstance.py:3131} INFO - Exporting env vars: AIRFLOW_CTX_DAG_OWNER='***' AIRFLOW_CTX_DAG_ID='Reinitialize_Application' AIRFLOW_CTX_TASK_ID='apply_container_restart_docker' AIRFLOW_CTX_EXECUTION_DATE='2025-11-21T10:36:17.974937+00:00' AIRFLOW_CTX_TRY_NUMBER='1' AIRFLOW_CTX_DAG_RUN_ID='manual__2025-11-21T10:36:17.974937+00:00'
[2025-11-21T10:36:20.725+0000] {taskinstance.py:731} INFO - ::endgroup::
[2025-11-21T10:36:20.787+0000] {docker.py:367} INFO - Starting docker container from image priyanshu01ce/***_chaos:latest
[2025-11-21T10:36:21.410+0000] {docker.py:438} INFO - The container is run as root user. For security, consider using a regular user account.
[2025-11-21T10:36:39.130+0000] {docker.py:438} INFO - 
[2025-11-21T10:36:39.145+0000] {docker.py:438} INFO - total 11364
[2025-11-21T10:36:39.145+0000] {docker.py:438} INFO - drwxr-xr-x 6    1000 1000     4096 Nov 11 11:35 .
[2025-11-21T10:36:39.146+0000] {docker.py:438} INFO - drwxr-xr-x 1 *** root     4096 Sep 26 10:44 ..
[2025-11-21T10:36:39.150+0000] {docker.py:438} INFO - -rw-r--r-- 1    1000 1000     1193 Sep  8 07:02 API_Latency.json
[2025-11-21T10:36:39.150+0000] {docker.py:438} INFO - -rw-r--r-- 1    1000 1000      729 Sep  9 10:30 API_Timeout.json
[2025-11-21T10:36:39.150+0000] {docker.py:438} INFO - -rw-r--r-- 1    1000 1000     1331 Oct  7 18:22 Continuous_Load_Test_Azure.yaml
[2025-11-21T10:36:39.151+0000] {docker.py:438} INFO - -rw-r--r-- 1    1000 1000     1665 Nov 11 09:21 Memory_Stress_Test_Azure.yaml
[2025-11-21T10:36:39.151+0000] {docker.py:438} INFO - -rw-r--r-- 1    1000 1000     1178 Sep 30 18:19 Stress_Test_Azure.yaml
[2025-11-21T10:36:39.154+0000] {docker.py:438} INFO - drwxrwxr-x 2 root    root     4096 Oct 29 06:31 __pycache__
[2025-11-21T10:36:39.154+0000] {docker.py:438} INFO - drwxrwxr-x 5    1000 1000     4096 Oct 21 08:05 chaos_env
[2025-11-21T10:36:39.155+0000] {docker.py:438} INFO - -rw-r--r-- 1    1000 1000     8875 Sep 25 16:54 chaosk6_actions.py
[2025-11-21T10:36:39.155+0000] {docker.py:438} INFO - -rw-rw-r-- 1    1000 1000 10958006 Nov 21 10:31 chaostoolkit.log
[2025-11-21T10:36:39.157+0000] {docker.py:438} INFO - -rw-rw-r-- 1    1000 1000     1421 Oct 23 09:34 check.py
[2025-11-21T10:36:39.158+0000] {docker.py:438} INFO - -rw-r--r-- 1    1000 1000     3213 Sep  9 09:11 combined-sequential.json
[2025-11-21T10:36:39.158+0000] {docker.py:438} INFO - -rwxrwxr-x 1    1000 1000     1489 Oct 27 06:29 complete_chaos_mesh-cleanup.sh
[2025-11-21T10:36:39.159+0000] {docker.py:438} INFO - -rw-r--r-- 1    1000 1000      502 Sep 16 05:31 connection_test_experiment.json
[2025-11-21T10:36:39.159+0000] {docker.py:438} INFO - -rw-rw-r-- 1    1000 1000      692 Oct 24 01:43 container_probe.json
[2025-11-21T10:36:39.159+0000] {docker.py:438} INFO - -rw-rw-r-- 1    1000 1000     2533 Oct 23 09:28 container_probe.yaml
[2025-11-21T10:36:39.162+0000] {docker.py:438} INFO - -rw-r--r-- 1    1000 1000     1420 Sep 24 06:53 container_restart.json
[2025-11-21T10:36:39.162+0000] {docker.py:438} INFO - -rw-r--r-- 1    1000 1000    16452 Sep 26 09:59 container_restart.py
[2025-11-21T10:36:39.162+0000] {docker.py:438} INFO - -rw-r--r-- 1    1000 1000     1744 Nov 11 09:15 container_restart_Azure.yaml
[2025-11-21T10:36:39.163+0000] {docker.py:438} INFO - -rw-r--r-- 1    1000 1000     1409 Sep 18 12:30 continuous_load_test.json
[2025-11-21T10:36:39.163+0000] {docker.py:438} INFO - -rw-r--r-- 1    1000 1000     1637 Sep 25 10:13 cordon-uncordon-node.json
[2025-11-21T10:36:39.165+0000] {docker.py:438} INFO - -rw-r--r-- 1    1000 1000     1637 Sep 25 04:39 cordon_test.json
[2025-11-21T10:36:39.166+0000] {docker.py:438} INFO - -rw-r--r-- 1    1000 1000     1430 Nov 11 09:16 cordon_uncordon_node_Azure.yaml
[2025-11-21T10:36:39.167+0000] {docker.py:438} INFO - -rw-r--r-- 1    1000 1000     1203 Sep 30 06:51 cpu_stress_ng.json
[2025-11-21T10:36:39.167+0000] {docker.py:438} INFO - -rw-r--r-- 1    1000 1000     1760 Oct 21 08:00 db_cleanup.json
[2025-11-21T10:36:39.170+0000] {docker.py:438} INFO - -rw-r--r-- 1    1000 1000     6399 Sep 24 07:40 db_cleanup.py
[2025-11-21T10:36:39.170+0000] {docker.py:438} INFO - -rw-rw-r-- 1    1000 1000     5855 Oct 28 12:27 direct_memory_stress.py
[2025-11-21T10:36:39.170+0000] {docker.py:438} INFO - -rw-r--r-- 1    1000 1000     3216 Nov 21 10:31 journal.json
[2025-11-21T10:36:39.171+0000] {docker.py:438} INFO - -rw-rw-r-- 1    1000 1000        0 Nov 11 11:31 json
[2025-11-21T10:36:39.171+0000] {docker.py:438} INFO - -rw-rw-r-- 1 root    root   373581 Nov 21 10:31 k6_continuous_load.log
[2025-11-21T10:36:39.174+0000] {docker.py:438} INFO - -rw-r--r-- 1    1000 1000     3978 Nov 21 10:31 k6_continuous_summary.json
[2025-11-21T10:36:39.174+0000] {docker.py:438} INFO - -rw-r--r-- 1    1000 1000     3433 Sep 25 09:28 k6_summary.json
[2025-11-21T10:36:39.174+0000] {docker.py:438} INFO - -rw-r--r-- 1    1000 1000      989 Sep 30 09:24 kubernetes_actions.json
[2025-11-21T10:36:39.175+0000] {docker.py:438} INFO - -rw-r--r-- 1    1000 1000    10961 Sep 30 09:23 kubernetes_actions.py
[2025-11-21T10:36:39.175+0000] {docker.py:438} INFO - -rw-r--r-- 1    1000 1000      945 Sep 21 16:40 load_test.json
[2025-11-21T10:36:39.176+0000] {docker.py:438} INFO - -rw-r--r-- 1    1000 1000      528 Sep 17 12:13 max_connection_experiment.json
[2025-11-21T10:36:39.177+0000] {docker.py:438} INFO - -rw-r--r-- 1    1000 1000     1227 Sep 13 15:20 memory-stress-rollback.json
[2025-11-21T10:36:39.178+0000] {docker.py:438} INFO - -rw-rw-r-- 1    1000 1000     1066 Oct 30 12:27 memory_stress.json
[2025-11-21T10:36:39.178+0000] {docker.py:438} INFO - -rw-rw-r-- 1    1000 1000     6653 Oct 29 06:18 memory_stress.py
[2025-11-21T10:36:39.179+0000] {docker.py:438} INFO - -rw-r--r-- 1    1000 1000     1421 Sep 29 05:20 mongo_db_container_restart.json
[2025-11-21T10:36:39.180+0000] {docker.py:438} INFO - -rw-r--r-- 1    1000 1000     7586 Sep 18 05:54 mongodb_actions.py
[2025-11-21T10:36:39.180+0000] {docker.py:438} INFO - -rw-r--r-- 1    1000 1000     2136 Sep 18 11:23 mongodb_connection.json
[2025-11-21T10:36:39.180+0000] {docker.py:438} INFO - -rw-r--r-- 1    1000 1000      597 Sep 16 09:17 mongodb_network_latency_experiment.json
[2025-11-21T10:36:39.181+0000] {docker.py:438} INFO - -rw-r--r-- 1    1000 1000     3657 Sep 18 05:42 mongodb_probes.py
[2025-11-21T10:36:39.181+0000] {docker.py:438} INFO - -rw-r--r-- 1    1000 1000     6161 Sep 12 08:04 pod_restart.py
[2025-11-21T10:36:39.186+0000] {docker.py:438} INFO - -rw-r--r-- 1    1000 1000     1497 Sep 30 05:50 redis_config_faults.py
[2025-11-21T10:36:39.186+0000] {docker.py:438} INFO - -rw-r--r-- 1    1000 1000      862 Sep 30 05:50 redis_experiment.json
[2025-11-21T10:36:39.186+0000] {docker.py:438} INFO - -rw-r--r-- 1    1000 1000      945 Sep 18 06:53 redis_load.json
[2025-11-21T10:36:39.187+0000] {docker.py:438} INFO - -rw-r--r-- 1    1000 1000     1634 Nov 11 09:16 redis_memory_stress_Azure.yaml
[2025-11-21T10:36:39.190+0000] {docker.py:438} INFO - -rw-rw-r-- 1    1000 1000     1333 Oct 21 09:39 reinitialize_application.yaml
[2025-11-21T10:36:39.190+0000] {docker.py:438} INFO - -rw-r--r-- 1    1000 1000     1284 Sep 25 10:53 run_load_test_with_cleanup.py
[2025-11-21T10:36:39.191+0000] {docker.py:438} INFO - -rw-rw-r-- 1    1000 1000     1307 Oct 27 10:33 sample_probe.yaml
[2025-11-21T10:36:39.191+0000] {docker.py:438} INFO - drwxr-xr-x 2    1000 1000     4096 Oct 22 06:46 scripts
[2025-11-21T10:36:39.193+0000] {docker.py:438} INFO - -rw-rw-r-- 1    1000 1000      272 Oct 27 08:51 simple-stress-test.yaml
[2025-11-21T10:36:39.194+0000] {docker.py:438} INFO - drwxr-xr-x 4    1000 1000     4096 Sep 30 09:41 socialNetwork
[2025-11-21T10:36:39.194+0000] {docker.py:438} INFO - -rw-r--r-- 1    1000 1000      821 Sep 26 13:20 stress_test.json
[2025-11-21T10:36:39.195+0000] {docker.py:438} INFO - -rw-rw-r-- 1    1000 1000      301 Oct 27 08:46 test-stress-fixed.yaml
[2025-11-21T10:36:39.195+0000] {docker.py:438} INFO - -rw-rw-r-- 1    1000 1000      295 Oct 27 08:49 test_after_fix.yaml
[2025-11-21T10:36:39.198+0000] {docker.py:438} INFO - -rw-r--r-- 1    1000
[2025-11-21T10:36:39.201+0000] {docker.py:438} INFO - 1000      367 Sep 17 07:24 test_params.json
[2025-11-21T10:36:39.203+0000] {docker.py:438} INFO - Starting Reinitializing the Social Networking Application...
[2025-11-21T10:36:40.047+0000] {docker.py:438} INFO - [32m[2025-11-21 10:36:40 INFO] Validating the experiment's syntax
[2025-11-21T10:36:40.584+0000] {docker.py:438} INFO - [32m[2025-11-21 10:36:40 INFO] Experiment looks valid
[2025-11-21T10:36:40.587+0000] {docker.py:438} INFO - [32m[2025-11-21 10:36:40 INFO] Running experiment: Simple Social Network Reset
[2025-11-21T10:36:40.593+0000] {docker.py:438} INFO - [32m[2025-11-21 10:36:40 INFO] Steady-state strategy: default
[2025-11-21T10:36:40.594+0000] {docker.py:438} INFO - [32m[2025-11-21 10:36:40 INFO] Rollbacks strategy: default
[2025-11-21T10:36:40.596+0000] {docker.py:438} INFO - [32m[2025-11-21 10:36:40 INFO] No steady state hypothesis defined. That's ok, just exploring.
[2025-11-21T10:36:40.596+0000] {docker.py:438} INFO - [32m[2025-11-21 10:36:40 INFO] Playing your experiment's method now...
[2025-11-21T10:36:40.596+0000] {docker.py:438} INFO - [32m[2025-11-21 10:36:40 INFO] Action: complete-reset-and-reinit
[2025-11-21T10:36:40.597+0000] {docker.py:438} INFO - INFO:kubernetes_actions:Starting complete reset and reinitialization...
[2025-11-21T10:36:40.597+0000] {docker.py:438} INFO - INFO:kubernetes_actions:Starting full social network reset...
[2025-11-21T10:36:40.600+0000] {docker.py:438} INFO - INFO:kubernetes_actions:Clearing Redis data...
[2025-11-21T10:36:40.646+0000] {docker.py:438} INFO - INFO:kubernetes_actions:Loaded local Kubernetes config
[2025-11-21T10:36:40.679+0000] {docker.py:438} INFO - INFO:kubernetes_actions:Loaded local Kubernetes config
[2025-11-21T10:36:40.955+0000] {docker.py:438} INFO - INFO:kubernetes_actions:Found running pod: social-graph-redis-64bd79b48b-gpwdg for deployment: social-graph-redis
[2025-11-21T10:36:40.957+0000] {docker.py:438} INFO - INFO:kubernetes_actions:Executing command in pod social-graph-redis-64bd79b48b-gpwdg, container social-graph-redis: redis-cli FLUSHALL
[2025-11-21T10:36:42.429+0000] {docker.py:438} INFO - INFO:kubernetes_actions:Command executed successfully. Output: OK
[2025-11-21T10:36:42.461+0000] {docker.py:438} INFO - INFO:kubernetes_actions:Loaded local Kubernetes config
[2025-11-21T10:36:42.495+0000] {docker.py:438} INFO - INFO:kubernetes_actions:Loaded local Kubernetes config
[2025-11-21T10:36:42.867+0000] {docker.py:438} INFO - INFO:kubernetes_actions:Found running pod: home-timeline-redis-744dd9998f-xqjsk for deployment: home-timeline-redis
[2025-11-21T10:36:42.869+0000] {docker.py:438} INFO - INFO:kubernetes_actions:Executing command in pod home-timeline-redis-744dd9998f-xqjsk, container home-timeline-redis: redis-cli FLUSHALL
[2025-11-21T10:36:44.547+0000] {docker.py:438} INFO - INFO:kubernetes_actions:Command executed successfully. Output: OK
[2025-11-21T10:36:44.580+0000] {docker.py:438} INFO - INFO:kubernetes_actions:Loaded local Kubernetes config
[2025-11-21T10:36:44.614+0000] {docker.py:438} INFO - INFO:kubernetes_actions:Loaded local Kubernetes config
[2025-11-21T10:36:44.928+0000] {docker.py:438} INFO - INFO:kubernetes_actions:Found running pod: user-timeline-redis-7b8f6ff4fb-5s87m for deployment: user-timeline-redis
[2025-11-21T10:36:44.928+0000] {docker.py:438} INFO - INFO:kubernetes_actions:Executing command in pod user-timeline-redis-7b8f6ff4fb-5s87m, container user-timeline-redis: redis-cli FLUSHALL
[2025-11-21T10:36:46.305+0000] {docker.py:438} INFO - INFO:kubernetes_actions:Command executed successfully. Output: OK
[2025-11-21T10:36:46.306+0000] {docker.py:438} INFO - 
[2025-11-21T10:36:46.306+0000] {docker.py:438} INFO - INFO:kubernetes_actions:Clearing Memcached data...
[2025-11-21T10:36:46.339+0000] {docker.py:438} INFO - INFO:kubernetes_actions:Loaded local Kubernetes config
[2025-11-21T10:36:46.373+0000] {docker.py:438} INFO - INFO:kubernetes_actions:Loaded local Kubernetes config
[2025-11-21T10:36:46.738+0000] {docker.py:438} INFO - INFO:kubernetes_actions:Found running pod: post-storage-memcached-67c6cc65cc-j4jdz for deployment: post-storage-memcached
[2025-11-21T10:36:46.741+0000] {docker.py:438} INFO - INFO:kubernetes_actions:Executing command in pod post-storage-memcached-67c6cc65cc-j4jdz, container post-storage-memcached: sh -c echo 'flush_all' | nc localhost 11211
[2025-11-21T10:36:48.137+0000] {docker.py:438} INFO - INFO:kubernetes_actions:Command executed successfully. Output: sh: 1: nc: not found
[2025-11-21T10:36:48.169+0000] {docker.py:438} INFO - INFO:kubernetes_actions:Loaded local Kubernetes config
[2025-11-21T10:36:48.202+0000] {docker.py:438} INFO - INFO:kubernetes_actions:Loaded local Kubernetes config
[2025-11-21T10:36:48.460+0000] {docker.py:438} INFO - INFO:kubernetes_actions:Found running pod: user-memcached-56f89988c-kswck for deployment: user-memcached
[2025-11-21T10:36:48.462+0000] {docker.py:438} INFO - INFO:kubernetes_actions:Executing command in pod user-memcached-56f89988c-kswck, container user-memcached: sh -c echo 'flush_all' | nc localhost 11211
[2025-11-21T10:36:49.842+0000] {docker.py:438} INFO - INFO:kubernetes_actions:Command executed successfully. Output: sh: 1: nc: not found
[2025-11-21T10:36:49.843+0000] {docker.py:438} INFO - 
[2025-11-21T10:36:49.843+0000] {docker.py:438} INFO - INFO:kubernetes_actions:Dropping MongoDB databases...
[2025-11-21T10:36:49.875+0000] {docker.py:438} INFO - INFO:kubernetes_actions:Loaded local Kubernetes config
[2025-11-21T10:36:49.908+0000] {docker.py:438} INFO - INFO:kubernetes_actions:Loaded local Kubernetes config
[2025-11-21T10:36:50.229+0000] {docker.py:438} INFO - INFO:kubernetes_actions:Found running pod: post-storage-mongodb-7f7657964c-b2fld for deployment: post-storage-mongodb
[2025-11-21T10:36:50.231+0000] {docker.py:438} INFO - INFO:kubernetes_actions:Executing command in pod post-storage-mongodb-7f7657964c-b2fld, container post-storage-mongodb: mongo --eval db.getSiblingDB('post').dropDatabase()
[2025-11-21T10:36:51.897+0000] {docker.py:438} INFO - INFO:kubernetes_actions:Command executed successfully. Output: MongoDB shell version v4.4.6
[2025-11-21T10:36:51.899+0000] {docker.py:438} INFO - connecting to: mongodb://127.0.0.1:27017/?compressors=disabled&gssapiServiceName=mongodb
[2025-11-21T10:36:51.899+0000] {docker.py:438} INFO - Implicit session: session { "id" : UUID("c9bdb11e-c06f-47e7-b38f-900c7d1e0800") }
[2025-11-21T10:36:51.900+0000] {docker.py:438} INFO - MongoDB server version: 4.4.6
[2025-11-21T10:36:51.901+0000] {docker.py:438} INFO - { "dropped" : "post", "ok" : 1 }
[2025-11-21T10:36:51.932+0000] {docker.py:438} INFO - INFO:kubernetes_actions:Loaded local Kubernetes config
[2025-11-21T10:36:51.967+0000] {docker.py:438} INFO - INFO:kubernetes_actions:Loaded local Kubernetes config
[2025-11-21T10:36:52.260+0000] {docker.py:438} INFO - INFO:kubernetes_actions:Found running pod: post-storage-mongodb-7f7657964c-b2fld for deployment: post-storage-mongodb
[2025-11-21T10:36:52.262+0000] {docker.py:438} INFO - INFO:kubernetes_actions:Executing command in pod post-storage-mongodb-7f7657964c-b2fld, container post-storage-mongodb: mongo --eval db.getSiblingDB('READ__ME_TO_RECOVER_YOUR_DATA').dropDatabase()
[2025-11-21T10:36:53.812+0000] {docker.py:438} INFO - INFO:kubernetes_actions:Command executed successfully. Output: MongoDB shell version v4.4.6
[2025-11-21T10:36:53.813+0000] {docker.py:438} INFO - connecting to: mongodb://127.0.0.1:27017/?compressors=disabled&gssapiServiceName=mongodb
[2025-11-21T10:36:53.813+0000] {docker.py:438} INFO - Implicit session: session { "id" : UUID("08263646-1e23-4c54-8482-22e02f824182") }
[2025-11-21T10:36:53.816+0000] {docker.py:438} INFO - MongoDB server version: 4.4.6
[2025-11-21T10:36:53.816+0000] {docker.py:438} INFO - { "ok" : 1 }
[2025-11-21T10:36:53.846+0000] {docker.py:438} INFO - INFO:kubernetes_actions:Loaded local Kubernetes config
[2025-11-21T10:36:53.879+0000] {docker.py:438} INFO - INFO:kubernetes_actions:Loaded local Kubernetes config
[2025-11-21T10:36:54.130+0000] {docker.py:438} INFO - INFO:kubernetes_actions:Found running pod: user-mongodb-f95b7d968-tqlld for deployment: user-mongodb
[2025-11-21T10:36:54.132+0000] {docker.py:438} INFO - INFO:kubernetes_actions:Executing command in pod user-mongodb-f95b7d968-tqlld, container user-mongodb: mongo --eval db.getSiblingDB('user').dropDatabase()
[2025-11-21T10:36:55.654+0000] {docker.py:438} INFO - INFO:kubernetes_actions:Command executed successfully. Output: MongoDB shell version v4.4.6
[2025-11-21T10:36:55.655+0000] {docker.py:438} INFO - connecting to: mongodb://127.0.0.1:27017/?compressors=disabled&gssapiServiceName=mongodb
[2025-11-21T10:36:55.655+0000] {docker.py:438} INFO - Implicit session: session { "id" : UUID("b5133d51-108c-42d2-8cd7-766cf6106d91") }
[2025-11-21T10:36:55.658+0000] {docker.py:438} INFO - MongoDB server version: 4.4.6
[2025-11-21T10:36:55.658+0000] {docker.py:438} INFO - { "dropped" : "user", "ok" : 1 }
[2025-11-21T10:36:55.734+0000] {docker.py:438} INFO - INFO:kubernetes_actions:Loaded local Kubernetes config
[2025-11-21T10:36:55.788+0000] {docker.py:438} INFO - INFO:kubernetes_actions:Loaded local Kubernetes config
[2025-11-21T10:36:56.044+0000] {docker.py:438} INFO - INFO:kubernetes_actions:Found running pod: user-mongodb-f95b7d968-tqlld for deployment: user-mongodb
[2025-11-21T10:36:56.045+0000] {docker.py:438} INFO - INFO:kubernetes_actions:Executing command in pod user-mongodb-f95b7d968-tqlld, container user-mongodb: mongo --eval db.getSiblingDB('READ__ME_TO_RECOVER_YOUR_DATA').dropDatabase()
[2025-11-21T10:36:57.638+0000] {docker.py:438} INFO - INFO:kubernetes_actions:Command executed successfully. Output: MongoDB shell version v4.4.6
[2025-11-21T10:36:57.639+0000] {docker.py:438} INFO - connecting to: mongodb://127.0.0.1:27017/?compressors=disabled&gssapiServiceName=mongodb
[2025-11-21T10:36:57.639+0000] {docker.py:438} INFO - Implicit session: session { "id" : UUID("1e5ca5bb-e1b9-44e1-80e1-c72c223cbcde") }
[2025-11-21T10:36:57.641+0000] {docker.py:438} INFO - MongoDB server version: 4.4.6
[2025-11-21T10:36:57.644+0000] {docker.py:438} INFO - { "ok" : 1 }
[2025-11-21T10:36:57.686+0000] {docker.py:438} INFO - INFO:kubernetes_actions:Loaded local Kubernetes config
[2025-11-21T10:36:57.719+0000] {docker.py:438} INFO - INFO:kubernetes_actions:Loaded local Kubernetes config
[2025-11-21T10:36:57.993+0000] {docker.py:438} INFO - INFO:kubernetes_actions:Found running pod: social-graph-mongodb-77fd77d9f4-jj4vn for deployment: social-graph-mongodb
[2025-11-21T10:36:57.994+0000] {docker.py:438} INFO - INFO:kubernetes_actions:Executing command in pod social-graph-mongodb-77fd77d9f4-jj4vn, container social-graph-mongodb: mongo --eval db.getSiblingDB('social-graph').dropDatabase()
[2025-11-21T10:36:59.556+0000] {docker.py:438} INFO - INFO:kubernetes_actions:Command executed successfully. Output: MongoDB shell version v4.4.6
[2025-11-21T10:36:59.557+0000] {docker.py:438} INFO - connecting to: mongodb://127.0.0.1:27017/?compressors=disabled&gssapiServiceName=mongodb
[2025-11-21T10:36:59.558+0000] {docker.py:438} INFO - Implicit session: session { "id" : UUID("7b2b9f40-c116-4369-9624-890ae202f1d0") }
[2025-11-21T10:36:59.560+0000] {docker.py:438} INFO - MongoDB server version: 4.4.6
[2025-11-21T10:36:59.561+0000] {docker.py:438} INFO - { "dropped" : "social-graph", "ok" : 1 }
[2025-11-21T10:36:59.620+0000] {docker.py:438} INFO - INFO:kubernetes_actions:Loaded local Kubernetes config
[2025-11-21T10:36:59.656+0000] {docker.py:438} INFO - INFO:kubernetes_actions:Loaded local Kubernetes config
[2025-11-21T10:36:59.917+0000] {docker.py:438} INFO - INFO:kubernetes_actions:Found running pod: social-graph-mongodb-77fd77d9f4-jj4vn for deployment: social-graph-mongodb
[2025-11-21T10:36:59.918+0000] {docker.py:438} INFO - INFO:kubernetes_actions:Executing command in pod social-graph-mongodb-77fd77d9f4-jj4vn, container social-graph-mongodb: mongo --eval db.getSiblingDB('READ__ME_TO_RECOVER_YOUR_DATA').dropDatabase()
[2025-11-21T10:37:01.458+0000] {docker.py:438} INFO - INFO:kubernetes_actions:Command executed successfully. Output: MongoDB shell version v4.4.6
[2025-11-21T10:37:01.459+0000] {docker.py:438} INFO - connecting to: mongodb://127.0.0.1:27017/?compressors=disabled&gssapiServiceName=mongodb
[2025-11-21T10:37:01.459+0000] {docker.py:438} INFO - Implicit session: session { "id" : UUID("9b214841-2c2d-41d6-a797-8b3374dc260a") }
[2025-11-21T10:37:01.463+0000] {docker.py:438} INFO - MongoDB server version: 4.4.6
[2025-11-21T10:37:01.464+0000] {docker.py:438} INFO - { "ok" : 1 }
[2025-11-21T10:37:01.520+0000] {docker.py:438} INFO - INFO:kubernetes_actions:Loaded local Kubernetes config
[2025-11-21T10:37:01.584+0000] {docker.py:438} INFO - INFO:kubernetes_actions:Loaded local Kubernetes config
[2025-11-21T10:37:01.960+0000] {docker.py:438} INFO - INFO:kubernetes_actions:Found running pod: user-timeline-mongodb-6ff9797bfc-bnf8b for deployment: user-timeline-mongodb
[2025-11-21T10:37:01.962+0000] {docker.py:438} INFO - INFO:kubernetes_actions:Executing command in pod user-timeline-mongodb-6ff9797bfc-bnf8b, container user-timeline-mongodb: mongo --eval db.getSiblingDB('user-timeline').dropDatabase()
[2025-11-21T10:37:04.068+0000] {docker.py:438} INFO - INFO:kubernetes_actions:Command executed successfully. Output: MongoDB shell version v4.4.6
[2025-11-21T10:37:04.069+0000] {docker.py:438} INFO - connecting to: mongodb://127.0.0.1:27017/?compressors=disabled&gssapiServiceName=mongodb
[2025-11-21T10:37:04.070+0000] {docker.py:438} INFO - Implicit session: session { "id" : UUID("5a70cb7d-92f2-4849-98a1-4d4fd9083747") }
[2025-11-21T10:37:04.072+0000] {docker.py:438} INFO - MongoDB server version: 4.4.6
[2025-11-21T10:37:04.072+0000] {docker.py:438} INFO - { "ok" : 1 }
[2025-11-21T10:37:04.108+0000] {docker.py:438} INFO - INFO:kubernetes_actions:Loaded local Kubernetes config
[2025-11-21T10:37:04.141+0000] {docker.py:438} INFO - INFO:kubernetes_actions:Loaded local Kubernetes config
[2025-11-21T10:37:04.455+0000] {docker.py:438} INFO - INFO:kubernetes_actions:Found running pod: user-timeline-mongodb-6ff9797bfc-bnf8b for deployment: user-timeline-mongodb
[2025-11-21T10:37:04.457+0000] {docker.py:438} INFO - INFO:kubernetes_actions:Executing command in pod user-timeline-mongodb-6ff9797bfc-bnf8b, container user-timeline-mongodb: mongo --eval db.getSiblingDB('READ__ME_TO_RECOVER_YOUR_DATA').dropDatabase()
[2025-11-21T10:37:06.832+0000] {docker.py:438} INFO - INFO:kubernetes_actions:Command executed successfully. Output: MongoDB shell version v4.4.6
[2025-11-21T10:37:06.833+0000] {docker.py:438} INFO - connecting to: mongodb://127.0.0.1:27017/?compressors=disabled&gssapiServiceName=mongodb
[2025-11-21T10:37:06.833+0000] {docker.py:438} INFO - Implicit session: session { "id" : UUID("5eddca44-80ca-44db-be4c-90475e8a0f98") }
[2025-11-21T10:37:06.834+0000] {docker.py:438} INFO - MongoDB server version: 4.4.6
[2025-11-21T10:37:06.834+0000] {docker.py:438} INFO - { "ok" : 1 }
[2025-11-21T10:37:06.835+0000] {docker.py:438} INFO - 
[2025-11-21T10:37:06.835+0000] {docker.py:438} INFO - INFO:kubernetes_actions:Full social network reset completed
[2025-11-21T10:37:11.891+0000] {docker.py:438} INFO - INFO:kubernetes_actions:Loaded local Kubernetes config
[2025-11-21T10:37:11.893+0000] {docker.py:438} INFO - INFO:kubernetes_actions:Restarting deployment: social-graph-service
[2025-11-21T10:37:12.248+0000] {docker.py:438} INFO - INFO:kubernetes_actions:✅ Successfully restarted social-graph-service
[2025-11-21T10:37:12.249+0000] {docker.py:438} INFO - INFO:kubernetes_actions:Restarting deployment: user-service
[2025-11-21T10:37:12.473+0000] {docker.py:438} INFO - INFO:kubernetes_actions:✅ Successfully restarted user-service
[2025-11-21T10:37:12.474+0000] {docker.py:438} INFO - INFO:kubernetes_actions:Restarting deployment: post-storage-service
[2025-11-21T10:37:12.661+0000] {docker.py:438} INFO - INFO:kubernetes_actions:✅ Successfully restarted post-storage-service
[2025-11-21T10:37:12.661+0000] {docker.py:438} INFO - INFO:kubernetes_actions:Restarting deployment: compose-post-service
[2025-11-21T10:37:12.846+0000] {docker.py:438} INFO - INFO:kubernetes_actions:✅ Successfully restarted compose-post-service
[2025-11-21T10:37:12.846+0000] {docker.py:438} INFO - INFO:kubernetes_actions:Restarting deployment: home-timeline-service
[2025-11-21T10:37:13.025+0000] {docker.py:438} INFO - INFO:kubernetes_actions:✅ Successfully restarted home-timeline-service
[2025-11-21T10:37:13.026+0000] {docker.py:438} INFO - INFO:kubernetes_actions:Restarting deployment: user-timeline-service
[2025-11-21T10:37:13.232+0000] {docker.py:438} INFO - INFO:kubernetes_actions:✅ Successfully restarted user-timeline-service
[2025-11-21T10:37:13.233+0000] {docker.py:438} INFO - INFO:kubernetes_actions:Restarting deployment: nginx-thrift
[2025-11-21T10:37:13.477+0000] {docker.py:438} INFO - INFO:kubernetes_actions:✅ Successfully restarted nginx-thrift
[2025-11-21T10:37:13.478+0000] {docker.py:438} INFO - INFO:kubernetes_actions:Restarting deployment: text-service
[2025-11-21T10:37:13.675+0000] {docker.py:438} INFO - INFO:kubernetes_actions:✅ Successfully restarted text-service
[2025-11-21T10:37:13.677+0000] {docker.py:438} INFO - INFO:kubernetes_actions:Restarting deployment: unique-id-service
[2025-11-21T10:37:13.924+0000] {docker.py:438} INFO - INFO:kubernetes_actions:✅ Successfully restarted unique-id-service
[2025-11-21T10:37:13.926+0000] {docker.py:438} INFO - INFO:kubernetes_actions:Restarting deployment: user-mention-service
[2025-11-21T10:37:14.112+0000] {docker.py:438} INFO - INFO:kubernetes_actions:✅ Successfully restarted user-mention-service
[2025-11-21T10:37:14.114+0000] {docker.py:438} INFO - INFO:kubernetes_actions:Waiting 90 seconds for services to restart...
[2025-11-21T10:38:44.116+0000] {docker.py:438} INFO - INFO:kubernetes_actions:Reinitializing social network data...
[2025-11-21T10:47:58.648+0000] {docker.py:438} INFO - INFO:kubernetes_actions:Social network reinitialization completed successfully
[2025-11-21T10:47:58.650+0000] {docker.py:438} INFO - [32m[2025-11-21 10:47:58 INFO] Let's rollback...
[2025-11-21T10:47:58.652+0000] {docker.py:438} INFO - [32m[2025-11-21 10:47:58 INFO] No declared rollbacks, let's move on.
[2025-11-21T10:47:58.652+0000] {docker.py:438} INFO - [32m[2025-11-21 10:47:58 INFO] Experiment ended with status: completed
[2025-11-21T10:47:58.805+0000] {docker.py:438} INFO - Reinitialized Social Networking APplication successfully
[2025-11-21T10:47:59.120+0000] {taskinstance.py:340} INFO - ::group::Post task execution logs
[2025-11-21T10:47:59.120+0000] {taskinstance.py:352} INFO - Marking task as SUCCESS. dag_id=Reinitialize_Application, task_id=apply_container_restart_docker, run_id=manual__2025-11-21T10:36:17.974937+00:00, execution_date=20251121T103617, start_date=20251121T103620, end_date=20251121T104759
[2025-11-21T10:47:59.197+0000] {local_task_job_runner.py:266} INFO - Task exited with return code 0
[2025-11-21T10:47:59.215+0000] {local_task_job_runner.py:245} INFO - ::endgroup::
