[2025-10-31T10:12:12.281+0000] {local_task_job_runner.py:123} INFO - ::group::Pre task execution logs
[2025-10-31T10:12:12.311+0000] {taskinstance.py:2612} INFO - Dependencies all met for dep_context=non-requeueable deps ti=<TaskInstance: Reinitialize_Application.apply_container_restart_docker manual__2025-10-31T10:12:10.136265+00:00 [queued]>
[2025-10-31T10:12:12.323+0000] {taskinstance.py:2612} INFO - Dependencies all met for dep_context=requeueable deps ti=<TaskInstance: Reinitialize_Application.apply_container_restart_docker manual__2025-10-31T10:12:10.136265+00:00 [queued]>
[2025-10-31T10:12:12.324+0000] {taskinstance.py:2865} INFO - Starting attempt 1 of 1
[2025-10-31T10:12:12.345+0000] {taskinstance.py:2888} INFO - Executing <Task(DockerOperator): apply_container_restart_docker> on 2025-10-31 10:12:10.136265+00:00
[2025-10-31T10:12:12.361+0000] {standard_task_runner.py:72} INFO - Started process 4426 to run task
[2025-10-31T10:12:12.372+0000] {standard_task_runner.py:104} INFO - Running: ['***', 'tasks', 'run', 'Reinitialize_Application', 'apply_container_restart_docker', 'manual__2025-10-31T10:12:10.136265+00:00', '--job-id', '12225', '--raw', '--subdir', 'DAGS_FOLDER/dag_factory.py', '--cfg-path', '/tmp/tmph1f9kzxp']
[2025-10-31T10:12:12.374+0000] {standard_task_runner.py:105} INFO - Job 12225: Subtask apply_container_restart_docker
[2025-10-31T10:12:12.486+0000] {task_command.py:467} INFO - Running <TaskInstance: Reinitialize_Application.apply_container_restart_docker manual__2025-10-31T10:12:10.136265+00:00 [running]> on host workflow.y2twbfvcjkaujnl2bmtbxunhcb.cx.internal.cloudapp.net
[2025-10-31T10:12:12.644+0000] {taskinstance.py:3131} INFO - Exporting env vars: AIRFLOW_CTX_DAG_OWNER='***' AIRFLOW_CTX_DAG_ID='Reinitialize_Application' AIRFLOW_CTX_TASK_ID='apply_container_restart_docker' AIRFLOW_CTX_EXECUTION_DATE='2025-10-31T10:12:10.136265+00:00' AIRFLOW_CTX_TRY_NUMBER='1' AIRFLOW_CTX_DAG_RUN_ID='manual__2025-10-31T10:12:10.136265+00:00'
[2025-10-31T10:12:12.649+0000] {taskinstance.py:731} INFO - ::endgroup::
[2025-10-31T10:12:12.718+0000] {docker.py:367} INFO - Starting docker container from image priyanshu01ce/***_chaos:latest
[2025-10-31T10:12:13.457+0000] {docker.py:438} INFO - The container is run as root user. For security, consider using a regular user account.
[2025-10-31T10:12:31.231+0000] {docker.py:438} INFO - 
[2025-10-31T10:12:31.243+0000] {docker.py:438} INFO - total 4084
[2025-10-31T10:12:31.243+0000] {docker.py:438} INFO - drwxr-xr-x 6    1000 1000    4096 Oct 30 12:29 .
[2025-10-31T10:12:31.244+0000] {docker.py:438} INFO - drwxr-xr-x 1 *** root    4096 Sep 26 10:44 ..
[2025-10-31T10:12:31.244+0000] {docker.py:438} INFO - -rw-r--r-- 1    1000 1000    1193 Sep  8 07:02 API_Latency.json
[2025-10-31T10:12:31.245+0000] {docker.py:438} INFO - -rw-r--r-- 1    1000 1000     729 Sep  9 10:30 API_Timeout.json
[2025-10-31T10:12:31.245+0000] {docker.py:438} INFO - -rw-r--r-- 1    1000 1000    1331 Oct  7 18:22 Continuous_Load_Test_Azure.yaml
[2025-10-31T10:12:31.246+0000] {docker.py:438} INFO - -rw-r--r-- 1    1000 1000    1672 Oct 30 07:48 Memory_Stress_Test_Azure.yaml
[2025-10-31T10:12:31.246+0000] {docker.py:438} INFO - -rw-r--r-- 1    1000 1000    1178 Sep 30 18:19 Stress_Test_Azure.yaml
[2025-10-31T10:12:31.247+0000] {docker.py:438} INFO - drwxrwxr-x 2 root    root    4096 Oct 29 06:31 __pycache__
[2025-10-31T10:12:31.248+0000] {docker.py:438} INFO - drwxrwxr-x 5    1000 1000    4096 Oct 21 08:05 chaos_env
[2025-10-31T10:12:31.248+0000] {docker.py:438} INFO - -rw-r--r-- 1    1000 1000    8875 Sep 25 16:54 chaosk6_actions.py
[2025-10-31T10:12:31.249+0000] {docker.py:438} INFO - -rw-rw-r-- 1    1000 1000 3503633 Oct 31 10:09 chaostoolkit.log
[2025-10-31T10:12:31.250+0000] {docker.py:438} INFO - -rw-rw-r-- 1    1000 1000    1421 Oct 23 09:34 check.py
[2025-10-31T10:12:31.250+0000] {docker.py:438} INFO - -rw-r--r-- 1    1000 1000    3213 Sep  9 09:11 combined-sequential.json
[2025-10-31T10:12:31.253+0000] {docker.py:438} INFO - -rwxrwxr-x 1    1000 1000    1489 Oct 27 06:29 complete_chaos_mesh-cleanup.sh
[2025-10-31T10:12:31.253+0000] {docker.py:438} INFO - -rw-r--r-- 1    1000 1000     502 Sep 16 05:31 connection_test_experiment.json
[2025-10-31T10:12:31.253+0000] {docker.py:438} INFO - -rw-rw-r-- 1    1000 1000     692 Oct 24 01:43 container_probe.json
[2025-10-31T10:12:31.254+0000] {docker.py:438} INFO - -rw-rw-r-- 1    1000 1000    2533 Oct 23 09:28 container_probe.yaml
[2025-10-31T10:12:31.254+0000] {docker.py:438} INFO - -rw-r--r-- 1    1000 1000    1420 Sep 24 06:53 container_restart.json
[2025-10-31T10:12:31.255+0000] {docker.py:438} INFO - -rw-r--r-- 1    1000 1000   16452 Sep 26 09:59 container_restart.py
[2025-10-31T10:12:31.255+0000] {docker.py:438} INFO - -rw-r--r-- 1    1000 1000    1751 Oct 30 08:18 container_restart_Azure.yaml
[2025-10-31T10:12:31.256+0000] {docker.py:438} INFO - -rw-r--r-- 1    1000 1000    1409 Sep 18 12:30 continuous_load_test.json
[2025-10-31T10:12:31.256+0000] {docker.py:438} INFO - -rw-r--r-- 1    1000 1000    1637 Sep 25 10:13 cordon-uncordon-node.json
[2025-10-31T10:12:31.257+0000] {docker.py:438} INFO - -rw-r--r-- 1    1000 1000    1637 Sep 25 04:39 cordon_test.json
[2025-10-31T10:12:31.257+0000] {docker.py:438} INFO - -rw-r--r-- 1    1000 1000    1436 Oct 30 12:28 cordon_uncordon_node_Azure.yaml
[2025-10-31T10:12:31.257+0000] {docker.py:438} INFO - -rw-r--r-- 1    1000 1000    1203 Sep 30 06:51 cpu_stress_ng.json
[2025-10-31T10:12:31.260+0000] {docker.py:438} INFO - -rw-r--r-- 1    1000 1000    1760 Oct 21 08:00 db_cleanup.json
[2025-10-31T10:12:31.260+0000] {docker.py:438} INFO - -rw-r--r-- 1    1000 1000    6399 Sep 24 07:40 db_cleanup.py
[2025-10-31T10:12:31.261+0000] {docker.py:438} INFO - -rw-rw-r-- 1    1000 1000    5855 Oct 28 12:27 direct_memory_stress.py
[2025-10-31T10:12:31.261+0000] {docker.py:438} INFO - -rw-r--r-- 1    1000 1000    2487 Oct 31 10:09 journal.json
[2025-10-31T10:12:31.262+0000] {docker.py:438} INFO - -rw-rw-r-- 1 root    root  373129 Oct 31 09:45 k6_continuous_load.log
[2025-10-31T10:12:31.262+0000] {docker.py:438} INFO - -rw-r--r-- 1    1000 1000    3952 Oct 31 09:45 k6_continuous_summary.json
[2025-10-31T10:12:31.262+0000] {docker.py:438} INFO - -rw-r--r-- 1    1000 1000    3433 Sep 25 09:28 k6_summary.json
[2025-10-31T10:12:31.263+0000] {docker.py:438} INFO - -rw-r--r-- 1    1000 1000     989 Sep 30 09:24 kubernetes_actions.json
[2025-10-31T10:12:31.263+0000] {docker.py:438} INFO - -rw-r--r-- 1    1000 1000   10961 Sep 30 09:23 kubernetes_actions.py
[2025-10-31T10:12:31.264+0000] {docker.py:438} INFO - -rw-r--r-- 1    1000 1000     945 Sep 21 16:40 load_test.json
[2025-10-31T10:12:31.264+0000] {docker.py:438} INFO - -rw-r--r-- 1    1000 1000     528 Sep 17 12:13 max_connection_experiment.json
[2025-10-31T10:12:31.267+0000] {docker.py:438} INFO - -rw-r--r-- 1    1000 1000    1227 Sep 13 15:20 memory-stress-rollback.json
[2025-10-31T10:12:31.267+0000] {docker.py:438} INFO - -rw-rw-r-- 1    1000 1000    1066 Oct 30 12:27 memory_stress.json
[2025-10-31T10:12:31.268+0000] {docker.py:438} INFO - -rw-rw-r-- 1    1000 1000    6653 Oct 29 06:18 memory_stress.py
[2025-10-31T10:12:31.268+0000] {docker.py:438} INFO - -rw-r--r-- 1    1000 1000    1421 Sep 29 05:20 mongo_db_container_restart.json
[2025-10-31T10:12:31.268+0000] {docker.py:438} INFO - -rw-r--r-- 1    1000 1000    7586 Sep 18 05:54 mongodb_actions.py
[2025-10-31T10:12:31.269+0000] {docker.py:438} INFO - -rw-r--r-- 1    1000 1000    2136 Sep 18 11:23 mongodb_connection.json
[2025-10-31T10:12:31.269+0000] {docker.py:438} INFO - -rw-r--r-- 1    1000 1000     597 Sep 16 09:17 mongodb_network_latency_experiment.json
[2025-10-31T10:12:31.270+0000] {docker.py:438} INFO - -rw-r--r-- 1    1000 1000    3657 Sep 18 05:42 mongodb_probes.py
[2025-10-31T10:12:31.270+0000] {docker.py:438} INFO - -rw-r--r-- 1    1000 1000    6161 Sep 12 08:04 pod_restart.py
[2025-10-31T10:12:31.271+0000] {docker.py:438} INFO - -rw-r--r-- 1    1000 1000    1497 Sep 30 05:50 redis_config_faults.py
[2025-10-31T10:12:31.271+0000] {docker.py:438} INFO - -rw-r--r-- 1    1000 1000     862 Sep 30 05:50 redis_experiment.json
[2025-10-31T10:12:31.271+0000] {docker.py:438} INFO - -rw-r--r-- 1    1000 1000     945 Sep 18 06:53 redis_load.json
[2025-10-31T10:12:31.274+0000] {docker.py:438} INFO - -rw-r--r-- 1    1000 1000    1641 Oct 30 12:29 redis_memory_stress_Azure.yaml
[2025-10-31T10:12:31.274+0000] {docker.py:438} INFO - -rw-rw-r-- 1    1000 1000    1333 Oct 21 09:39 reinitialize_application.yaml
[2025-10-31T10:12:31.275+0000] {docker.py:438} INFO - -rw-r--r-- 1    1000 1000    1284 Sep 25 10:53 run_load_test_with_cleanup.py
[2025-10-31T10:12:31.275+0000] {docker.py:438} INFO - -rw-rw-r-- 1    1000 1000    1307 Oct 27 10:33 sample_probe.yaml
[2025-10-31T10:12:31.276+0000] {docker.py:438} INFO - drwxr-xr-x 2    1000 1000    4096 Oct 22 06:46 scripts
[2025-10-31T10:12:31.276+0000] {docker.py:438} INFO - -rw-rw-r-- 1    1000 1000     272 Oct 27 08:51 simple-stress-test.yaml
[2025-10-31T10:12:31.276+0000] {docker.py:438} INFO - drwxr-xr-x 4    1000 1000    4096 Sep 30 09:41 socialNetwork
[2025-10-31T10:12:31.277+0000] {docker.py:438} INFO - -rw-r--r-- 1    1000 1000     821 Sep 26 13:20 stress_test.json
[2025-10-31T10:12:31.277+0000] {docker.py:438} INFO - -rw-rw-r-- 1    1000 1000     301 Oct 27 08:46 test-stress-fixed.yaml
[2025-10-31T10:12:31.278+0000] {docker.py:438} INFO - -rw-rw-r-- 1    1000 1000     295 Oct 27 08:49 test_after_fix.yaml
[2025-10-31T10:12:31.278+0000] {docker.py:438} INFO - -rw-r--r-- 1    1000 1000     367 Sep 17 07:24 test_params.json
[2025-10-31T10:12:31.281+0000] {docker.py:438} INFO - Starting Reinitializing the Social Networking Application...
[2025-10-31T10:12:32.198+0000] {docker.py:438} INFO - [32m[2025-10-31 10:12:32 INFO] Validating the experiment's syntax
[2025-10-31T10:12:32.794+0000] {docker.py:438} INFO - [32m[2025-10-31 10:12:32 INFO] Experiment looks valid
[2025-10-31T10:12:32.797+0000] {docker.py:438} INFO - [32m[2025-10-31 10:12:32 INFO] Running experiment: Simple Social Network Reset
[2025-10-31T10:12:32.804+0000] {docker.py:438} INFO - [32m[2025-10-31 10:12:32 INFO] Steady-state strategy: default
[2025-10-31T10:12:32.805+0000] {docker.py:438} INFO - [32m[2025-10-31 10:12:32 INFO] Rollbacks strategy: default
[2025-10-31T10:12:32.806+0000] {docker.py:438} INFO - [32m[2025-10-31 10:12:32 INFO] No steady state hypothesis defined. That's ok, just exploring.
[2025-10-31T10:12:32.807+0000] {docker.py:438} INFO - [32m[2025-10-31 10:12:32 INFO] Playing your experiment's method now...
[2025-10-31T10:12:32.808+0000] {docker.py:438} INFO - [32m[2025-10-31 10:12:32 INFO] Action: complete-reset-and-reinit
[2025-10-31T10:12:32.809+0000] {docker.py:438} INFO - INFO:kubernetes_actions:Starting complete reset and reinitialization...
[2025-10-31T10:12:32.810+0000] {docker.py:438} INFO - INFO:kubernetes_actions:Starting full social network reset...
[2025-10-31T10:12:32.811+0000] {docker.py:438} INFO - INFO:kubernetes_actions:Clearing Redis data...
[2025-10-31T10:12:32.843+0000] {docker.py:438} INFO - INFO:kubernetes_actions:Loaded local Kubernetes config
[2025-10-31T10:12:32.871+0000] {docker.py:438} INFO - INFO:kubernetes_actions:Loaded local Kubernetes config
[2025-10-31T10:12:33.126+0000] {docker.py:438} INFO - INFO:kubernetes_actions:Found running pod: social-graph-redis-64bd79b48b-gpwdg for deployment: social-graph-redis
[2025-10-31T10:12:33.128+0000] {docker.py:438} INFO - INFO:kubernetes_actions:Executing command in pod social-graph-redis-64bd79b48b-gpwdg, container social-graph-redis: redis-cli FLUSHALL
[2025-10-31T10:12:34.619+0000] {docker.py:438} INFO - INFO:kubernetes_actions:Command executed successfully. Output: OK
[2025-10-31T10:12:34.638+0000] {docker.py:438} INFO - INFO:kubernetes_actions:Loaded local Kubernetes config
[2025-10-31T10:12:34.656+0000] {docker.py:438} INFO - INFO:kubernetes_actions:Loaded local Kubernetes config
[2025-10-31T10:12:34.970+0000] {docker.py:438} INFO - INFO:kubernetes_actions:Found running pod: home-timeline-redis-744dd9998f-xqjsk for deployment: home-timeline-redis
[2025-10-31T10:12:34.971+0000] {docker.py:438} INFO - INFO:kubernetes_actions:Executing command in pod home-timeline-redis-744dd9998f-xqjsk, container home-timeline-redis: redis-cli FLUSHALL
[2025-10-31T10:12:36.750+0000] {docker.py:438} INFO - INFO:kubernetes_actions:Command executed successfully. Output: OK
[2025-10-31T10:12:36.767+0000] {docker.py:438} INFO - INFO:kubernetes_actions:Loaded local Kubernetes config
[2025-10-31T10:12:36.785+0000] {docker.py:438} INFO - INFO:kubernetes_actions:Loaded local Kubernetes config
[2025-10-31T10:12:37.059+0000] {docker.py:438} INFO - INFO:kubernetes_actions:Found running pod: user-timeline-redis-7b8f6ff4fb-5s87m for deployment: user-timeline-redis
[2025-10-31T10:12:37.060+0000] {docker.py:438} INFO - INFO:kubernetes_actions:Executing command in pod user-timeline-redis-7b8f6ff4fb-5s87m, container user-timeline-redis: redis-cli FLUSHALL
[2025-10-31T10:12:38.454+0000] {docker.py:438} INFO - INFO:kubernetes_actions:Command executed successfully. Output: OK
[2025-10-31T10:12:38.455+0000] {docker.py:438} INFO - 
[2025-10-31T10:12:38.455+0000] {docker.py:438} INFO - INFO:kubernetes_actions:Clearing Memcached data...
[2025-10-31T10:12:38.517+0000] {docker.py:438} INFO - INFO:kubernetes_actions:Loaded local Kubernetes config
[2025-10-31T10:12:38.553+0000] {docker.py:438} INFO - INFO:kubernetes_actions:Loaded local Kubernetes config
[2025-10-31T10:12:38.811+0000] {docker.py:438} INFO - INFO:kubernetes_actions:Found running pod: post-storage-memcached-67c6cc65cc-j4jdz for deployment: post-storage-memcached
[2025-10-31T10:12:38.812+0000] {docker.py:438} INFO - INFO:kubernetes_actions:Executing command in pod post-storage-memcached-67c6cc65cc-j4jdz, container post-storage-memcached: sh -c echo 'flush_all' | nc localhost 11211
[2025-10-31T10:12:40.264+0000] {docker.py:438} INFO - INFO:kubernetes_actions:Command executed successfully. Output: sh: 1: nc: not found
[2025-10-31T10:12:40.310+0000] {docker.py:438} INFO - INFO:kubernetes_actions:Loaded local Kubernetes config
[2025-10-31T10:12:40.348+0000] {docker.py:438} INFO - INFO:kubernetes_actions:Loaded local Kubernetes config
[2025-10-31T10:12:40.618+0000] {docker.py:438} INFO - INFO:kubernetes_actions:Found running pod: user-memcached-56f89988c-nxdzl for deployment: user-memcached
[2025-10-31T10:12:40.620+0000] {docker.py:438} INFO - INFO:kubernetes_actions:Executing command in pod user-memcached-56f89988c-nxdzl, container user-memcached: sh -c echo 'flush_all' | nc localhost 11211
[2025-10-31T10:12:42.191+0000] {docker.py:438} INFO - INFO:kubernetes_actions:Command executed successfully. Output: sh: 1: nc: not found
[2025-10-31T10:12:42.192+0000] {docker.py:438} INFO - 
[2025-10-31T10:12:42.192+0000] {docker.py:438} INFO - INFO:kubernetes_actions:Dropping MongoDB databases...
[2025-10-31T10:12:42.209+0000] {docker.py:438} INFO - INFO:kubernetes_actions:Loaded local Kubernetes config
[2025-10-31T10:12:42.227+0000] {docker.py:438} INFO - INFO:kubernetes_actions:Loaded local Kubernetes config
[2025-10-31T10:12:42.583+0000] {docker.py:438} INFO - INFO:kubernetes_actions:Found running pod: post-storage-mongodb-7f7657964c-b2fld for deployment: post-storage-mongodb
[2025-10-31T10:12:42.585+0000] {docker.py:438} INFO - INFO:kubernetes_actions:Executing command in pod post-storage-mongodb-7f7657964c-b2fld, container post-storage-mongodb: mongo --eval db.getSiblingDB('post').dropDatabase()
[2025-10-31T10:12:44.195+0000] {docker.py:438} INFO - INFO:kubernetes_actions:Command executed successfully. Output: MongoDB shell version v4.4.6
[2025-10-31T10:12:44.196+0000] {docker.py:438} INFO - connecting to: mongodb://127.0.0.1:27017/?compressors=disabled&gssapiServiceName=mongodb
[2025-10-31T10:12:44.197+0000] {docker.py:438} INFO - Implicit session: session { "id" : UUID("861f9d3b-1173-467e-99bc-7d538b6167d5") }
[2025-10-31T10:12:44.197+0000] {docker.py:438} INFO - MongoDB server version: 4.4.6
[2025-10-31T10:12:44.197+0000] {docker.py:438} INFO - { "dropped" : "post", "ok" : 1 }
[2025-10-31T10:12:44.215+0000] {docker.py:438} INFO - INFO:kubernetes_actions:Loaded local Kubernetes config
[2025-10-31T10:12:44.234+0000] {docker.py:438} INFO - INFO:kubernetes_actions:Loaded local Kubernetes config
[2025-10-31T10:12:44.491+0000] {docker.py:438} INFO - INFO:kubernetes_actions:Found running pod: post-storage-mongodb-7f7657964c-b2fld for deployment: post-storage-mongodb
[2025-10-31T10:12:44.493+0000] {docker.py:438} INFO - INFO:kubernetes_actions:Executing command in pod post-storage-mongodb-7f7657964c-b2fld, container post-storage-mongodb: mongo --eval db.getSiblingDB('READ__ME_TO_RECOVER_YOUR_DATA').dropDatabase()
[2025-10-31T10:12:46.010+0000] {docker.py:438} INFO - INFO:kubernetes_actions:Command executed successfully. Output: MongoDB shell version v4.4.6
[2025-10-31T10:12:46.011+0000] {docker.py:438} INFO - connecting to: mongodb://127.0.0.1:27017/?compressors=disabled&gssapiServiceName=mongodb
[2025-10-31T10:12:46.011+0000] {docker.py:438} INFO - Implicit session: session { "id" : UUID("27c77594-bfe6-462e-b309-ea3800c65d13") }
[2025-10-31T10:12:46.013+0000] {docker.py:438} INFO - MongoDB server version: 4.4.6
[2025-10-31T10:12:46.013+0000] {docker.py:438} INFO - { "ok" : 1 }
[2025-10-31T10:12:46.030+0000] {docker.py:438} INFO - INFO:kubernetes_actions:Loaded local Kubernetes config
[2025-10-31T10:12:46.056+0000] {docker.py:438} INFO - INFO:kubernetes_actions:Loaded local Kubernetes config
[2025-10-31T10:12:46.444+0000] {docker.py:438} INFO - INFO:kubernetes_actions:Found running pod: user-mongodb-f95b7d968-tqlld for deployment: user-mongodb
[2025-10-31T10:12:46.447+0000] {docker.py:438} INFO - INFO:kubernetes_actions:Executing command in pod user-mongodb-f95b7d968-tqlld, container user-mongodb: mongo --eval db.getSiblingDB('user').dropDatabase()
[2025-10-31T10:12:48.033+0000] {docker.py:438} INFO - INFO:kubernetes_actions:Command executed successfully. Output: MongoDB shell version v4.4.6
[2025-10-31T10:12:48.034+0000] {docker.py:438} INFO - connecting to: mongodb://127.0.0.1:27017/?compressors=disabled&gssapiServiceName=mongodb
[2025-10-31T10:12:48.034+0000] {docker.py:438} INFO - Implicit session: session { "id" : UUID("23673605-6863-4c2a-aeaf-1f9ed47c0e91") }
[2025-10-31T10:12:48.035+0000] {docker.py:438} INFO - MongoDB server version: 4.4.6
[2025-10-31T10:12:48.036+0000] {docker.py:438} INFO - { "dropped" : "user", "ok" : 1 }
[2025-10-31T10:12:48.055+0000] {docker.py:438} INFO - INFO:kubernetes_actions:Loaded local Kubernetes config
[2025-10-31T10:12:48.073+0000] {docker.py:438} INFO - INFO:kubernetes_actions:Loaded local Kubernetes config
[2025-10-31T10:12:48.372+0000] {docker.py:438} INFO - INFO:kubernetes_actions:Found running pod: user-mongodb-f95b7d968-tqlld for deployment: user-mongodb
[2025-10-31T10:12:48.375+0000] {docker.py:438} INFO - INFO:kubernetes_actions:Executing command in pod user-mongodb-f95b7d968-tqlld, container user-mongodb: mongo --eval db.getSiblingDB('READ__ME_TO_RECOVER_YOUR_DATA').dropDatabase()
[2025-10-31T10:12:49.935+0000] {docker.py:438} INFO - INFO:kubernetes_actions:Command executed successfully. Output: MongoDB shell version v4.4.6
[2025-10-31T10:12:49.936+0000] {docker.py:438} INFO - connecting to: mongodb://127.0.0.1:27017/?compressors=disabled&gssapiServiceName=mongodb
[2025-10-31T10:12:49.936+0000] {docker.py:438} INFO - Implicit session: session { "id" : UUID("eb4355e0-f3e0-49e9-b5c9-6a6434015d53") }
[2025-10-31T10:12:49.937+0000] {docker.py:438} INFO - MongoDB server version: 4.4.6
[2025-10-31T10:12:49.937+0000] {docker.py:438} INFO - { "ok" : 1 }
[2025-10-31T10:12:49.954+0000] {docker.py:438} INFO - INFO:kubernetes_actions:Loaded local Kubernetes config
[2025-10-31T10:12:49.972+0000] {docker.py:438} INFO - INFO:kubernetes_actions:Loaded local Kubernetes config
[2025-10-31T10:12:50.225+0000] {docker.py:438} INFO - INFO:kubernetes_actions:Found running pod: social-graph-mongodb-77fd77d9f4-jj4vn for deployment: social-graph-mongodb
[2025-10-31T10:12:50.227+0000] {docker.py:438} INFO - INFO:kubernetes_actions:Executing command in pod social-graph-mongodb-77fd77d9f4-jj4vn, container social-graph-mongodb: mongo --eval db.getSiblingDB('social-graph').dropDatabase()
[2025-10-31T10:12:51.831+0000] {docker.py:438} INFO - INFO:kubernetes_actions:Command executed successfully. Output: MongoDB shell version v4.4.6
[2025-10-31T10:12:51.832+0000] {docker.py:438} INFO - connecting to: mongodb://127.0.0.1:27017/?compressors=disabled&gssapiServiceName=mongodb
[2025-10-31T10:12:51.832+0000] {docker.py:438} INFO - Implicit session: session { "id" : UUID("0177915d-27f8-454c-a532-932fe542f1ee") }
[2025-10-31T10:12:51.834+0000] {docker.py:438} INFO - MongoDB server version: 4.4.6
[2025-10-31T10:12:51.834+0000] {docker.py:438} INFO - { "dropped" : "social-graph", "ok" : 1 }
[2025-10-31T10:12:51.851+0000] {docker.py:438} INFO - INFO:kubernetes_actions:Loaded local Kubernetes config
[2025-10-31T10:12:51.870+0000] {docker.py:438} INFO - INFO:kubernetes_actions:Loaded local Kubernetes config
[2025-10-31T10:12:52.152+0000] {docker.py:438} INFO - INFO:kubernetes_actions:Found running pod: social-graph-mongodb-77fd77d9f4-jj4vn for deployment: social-graph-mongodb
[2025-10-31T10:12:52.154+0000] {docker.py:438} INFO - INFO:kubernetes_actions:Executing command in pod social-graph-mongodb-77fd77d9f4-jj4vn, container social-graph-mongodb: mongo --eval db.getSiblingDB('READ__ME_TO_RECOVER_YOUR_DATA').dropDatabase()
[2025-10-31T10:12:53.828+0000] {docker.py:438} INFO - INFO:kubernetes_actions:Command executed successfully. Output: MongoDB shell version v4.4.6
[2025-10-31T10:12:53.828+0000] {docker.py:438} INFO - connecting to: mongodb://127.0.0.1:27017/?compressors=disabled&gssapiServiceName=mongodb
[2025-10-31T10:12:53.829+0000] {docker.py:438} INFO - Implicit session: session { "id" : UUID("a58cbfaf-3641-485b-a6ee-2036ebaac3dd") }
[2025-10-31T10:12:53.829+0000] {docker.py:438} INFO - MongoDB server version: 4.4.6
[2025-10-31T10:12:53.830+0000] {docker.py:438} INFO - { "ok" : 1 }
[2025-10-31T10:12:53.848+0000] {docker.py:438} INFO - INFO:kubernetes_actions:Loaded local Kubernetes config
[2025-10-31T10:12:53.866+0000] {docker.py:438} INFO - INFO:kubernetes_actions:Loaded local Kubernetes config
[2025-10-31T10:12:54.124+0000] {docker.py:438} INFO - INFO:kubernetes_actions:Found running pod: user-timeline-mongodb-6ff9797bfc-lz2wj for deployment: user-timeline-mongodb
[2025-10-31T10:12:54.127+0000] {docker.py:438} INFO - INFO:kubernetes_actions:Executing command in pod user-timeline-mongodb-6ff9797bfc-lz2wj, container user-timeline-mongodb: mongo --eval db.getSiblingDB('user-timeline').dropDatabase()
[2025-10-31T10:12:55.979+0000] {docker.py:438} INFO - INFO:kubernetes_actions:Command executed successfully. Output: MongoDB shell version v4.4.6
[2025-10-31T10:12:55.980+0000] {docker.py:438} INFO - connecting to: mongodb://127.0.0.1:27017/?compressors=disabled&gssapiServiceName=mongodb
[2025-10-31T10:12:55.980+0000] {docker.py:438} INFO - Implicit session: session { "id" : UUID("92ca4502-c9db-4e11-bf03-fbd75d189f02") }
[2025-10-31T10:12:55.981+0000] {docker.py:438} INFO - MongoDB server version: 4.4.6
[2025-10-31T10:12:55.981+0000] {docker.py:438} INFO - { "dropped" : "user-timeline", "ok" : 1 }
[2025-10-31T10:12:55.998+0000] {docker.py:438} INFO - INFO:kubernetes_actions:Loaded local Kubernetes config
[2025-10-31T10:12:56.016+0000] {docker.py:438} INFO - INFO:kubernetes_actions:Loaded local Kubernetes config
[2025-10-31T10:12:56.283+0000] {docker.py:438} INFO - INFO:kubernetes_actions:Found running pod: user-timeline-mongodb-6ff9797bfc-lz2wj for deployment: user-timeline-mongodb
[2025-10-31T10:12:56.284+0000] {docker.py:438} INFO - INFO:kubernetes_actions:Executing command in pod user-timeline-mongodb-6ff9797bfc-lz2wj, container user-timeline-mongodb: mongo --eval db.getSiblingDB('READ__ME_TO_RECOVER_YOUR_DATA').dropDatabase()
[2025-10-31T10:12:58.357+0000] {docker.py:438} INFO - INFO:kubernetes_actions:Command executed successfully. Output: MongoDB shell version v4.4.6
[2025-10-31T10:12:58.358+0000] {docker.py:438} INFO - connecting to: mongodb://127.0.0.1:27017/?compressors=disabled&gssapiServiceName=mongodb
[2025-10-31T10:12:58.358+0000] {docker.py:438} INFO - Implicit session: session { "id" : UUID("e0ced648-045e-4ee8-b3f2-db5db5bdff5a") }
[2025-10-31T10:12:58.359+0000] {docker.py:438} INFO - MongoDB server version: 4.4.6
[2025-10-31T10:12:58.359+0000] {docker.py:438} INFO - { "ok" : 1 }
[2025-10-31T10:12:58.360+0000] {docker.py:438} INFO - 
[2025-10-31T10:12:58.360+0000] {docker.py:438} INFO - INFO:kubernetes_actions:Full social network reset completed
[2025-10-31T10:13:03.374+0000] {docker.py:438} INFO - INFO:kubernetes_actions:Loaded local Kubernetes config
[2025-10-31T10:13:03.376+0000] {docker.py:438} INFO - INFO:kubernetes_actions:Restarting deployment: social-graph-service
[2025-10-31T10:13:03.780+0000] {docker.py:438} INFO - INFO:kubernetes_actions:✅ Successfully restarted social-graph-service
[2025-10-31T10:13:03.782+0000] {docker.py:438} INFO - INFO:kubernetes_actions:Restarting deployment: user-service
[2025-10-31T10:13:04.044+0000] {docker.py:438} INFO - INFO:kubernetes_actions:✅ Successfully restarted user-service
[2025-10-31T10:13:04.045+0000] {docker.py:438} INFO - INFO:kubernetes_actions:Restarting deployment: post-storage-service
[2025-10-31T10:13:04.201+0000] {docker.py:438} INFO - INFO:kubernetes_actions:✅ Successfully restarted post-storage-service
[2025-10-31T10:13:04.202+0000] {docker.py:438} INFO - INFO:kubernetes_actions:Restarting deployment: compose-post-service
[2025-10-31T10:13:04.432+0000] {docker.py:438} INFO - INFO:kubernetes_actions:✅ Successfully restarted compose-post-service
[2025-10-31T10:13:04.433+0000] {docker.py:438} INFO - INFO:kubernetes_actions:Restarting deployment: home-timeline-service
[2025-10-31T10:13:04.643+0000] {docker.py:438} INFO - INFO:kubernetes_actions:✅ Successfully restarted home-timeline-service
[2025-10-31T10:13:04.646+0000] {docker.py:438} INFO - INFO:kubernetes_actions:Restarting deployment: user-timeline-service
[2025-10-31T10:13:04.855+0000] {docker.py:438} INFO - INFO:kubernetes_actions:✅ Successfully restarted user-timeline-service
[2025-10-31T10:13:04.856+0000] {docker.py:438} INFO - INFO:kubernetes_actions:Restarting deployment: nginx-thrift
[2025-10-31T10:13:05.228+0000] {docker.py:438} INFO - INFO:kubernetes_actions:✅ Successfully restarted nginx-thrift
[2025-10-31T10:13:05.229+0000] {docker.py:438} INFO - INFO:kubernetes_actions:Restarting deployment: text-service
[2025-10-31T10:13:05.696+0000] {docker.py:438} INFO - INFO:kubernetes_actions:✅ Successfully restarted text-service
[2025-10-31T10:13:05.697+0000] {docker.py:438} INFO - INFO:kubernetes_actions:Restarting deployment: unique-id-service
[2025-10-31T10:13:05.916+0000] {docker.py:438} INFO - INFO:kubernetes_actions:✅ Successfully restarted unique-id-service
[2025-10-31T10:13:05.918+0000] {docker.py:438} INFO - INFO:kubernetes_actions:Restarting deployment: user-mention-service
[2025-10-31T10:13:06.129+0000] {docker.py:438} INFO - INFO:kubernetes_actions:✅ Successfully restarted user-mention-service
[2025-10-31T10:13:06.131+0000] {docker.py:438} INFO - INFO:kubernetes_actions:Waiting 90 seconds for services to restart...
[2025-10-31T10:14:36.134+0000] {docker.py:438} INFO - INFO:kubernetes_actions:Reinitializing social network data...
[2025-10-31T10:21:17.179+0000] {docker.py:438} INFO - INFO:kubernetes_actions:Social network reinitialization completed successfully
[2025-10-31T10:21:17.180+0000] {docker.py:438} INFO - [32m[2025-10-31 10:21:17 INFO] Let's rollback...
[2025-10-31T10:21:17.180+0000] {docker.py:438} INFO - [32m[2025-10-31 10:21:17 INFO] No declared rollbacks, let's move on.
[2025-10-31T10:21:17.183+0000] {docker.py:438} INFO - [32m[2025-10-31 10:21:17 INFO] Experiment ended with status: completed
[2025-10-31T10:21:17.447+0000] {docker.py:438} INFO - Reinitialized Social Networking APplication successfully
[2025-10-31T10:21:17.846+0000] {taskinstance.py:340} INFO - ::group::Post task execution logs
[2025-10-31T10:21:17.846+0000] {taskinstance.py:352} INFO - Marking task as SUCCESS. dag_id=Reinitialize_Application, task_id=apply_container_restart_docker, run_id=manual__2025-10-31T10:12:10.136265+00:00, execution_date=20251031T101210, start_date=20251031T101212, end_date=20251031T102117
[2025-10-31T10:21:17.929+0000] {local_task_job_runner.py:266} INFO - Task exited with return code 0
[2025-10-31T10:21:17.954+0000] {taskinstance.py:3900} INFO - 0 downstream tasks scheduled from follow-on schedule check
[2025-10-31T10:21:17.958+0000] {local_task_job_runner.py:245} INFO - ::endgroup::
