[2025-10-22T07:55:01.481+0000] {local_task_job_runner.py:123} INFO - ::group::Pre task execution logs
[2025-10-22T07:55:01.516+0000] {taskinstance.py:2612} INFO - Dependencies all met for dep_context=non-requeueable deps ti=<TaskInstance: Reinitialize_Application.apply_container_restart_docker manual__2025-10-22T07:54:59.296249+00:00 [queued]>
[2025-10-22T07:55:01.536+0000] {taskinstance.py:2612} INFO - Dependencies all met for dep_context=requeueable deps ti=<TaskInstance: Reinitialize_Application.apply_container_restart_docker manual__2025-10-22T07:54:59.296249+00:00 [queued]>
[2025-10-22T07:55:01.536+0000] {taskinstance.py:2865} INFO - Starting attempt 1 of 1
[2025-10-22T07:55:01.570+0000] {taskinstance.py:2888} INFO - Executing <Task(DockerOperator): apply_container_restart_docker> on 2025-10-22 07:54:59.296249+00:00
[2025-10-22T07:55:01.583+0000] {standard_task_runner.py:72} INFO - Started process 3319 to run task
[2025-10-22T07:55:01.594+0000] {standard_task_runner.py:104} INFO - Running: ['***', 'tasks', 'run', 'Reinitialize_Application', 'apply_container_restart_docker', 'manual__2025-10-22T07:54:59.296249+00:00', '--job-id', '10366', '--raw', '--subdir', 'DAGS_FOLDER/dag_factory.py', '--cfg-path', '/tmp/tmpz45rd3rk']
[2025-10-22T07:55:01.596+0000] {standard_task_runner.py:105} INFO - Job 10366: Subtask apply_container_restart_docker
[2025-10-22T07:55:01.694+0000] {task_command.py:467} INFO - Running <TaskInstance: Reinitialize_Application.apply_container_restart_docker manual__2025-10-22T07:54:59.296249+00:00 [running]> on host workflow.y2twbfvcjkaujnl2bmtbxunhcb.cx.internal.cloudapp.net
[2025-10-22T07:55:01.880+0000] {taskinstance.py:3131} INFO - Exporting env vars: AIRFLOW_CTX_DAG_OWNER='***' AIRFLOW_CTX_DAG_ID='Reinitialize_Application' AIRFLOW_CTX_TASK_ID='apply_container_restart_docker' AIRFLOW_CTX_EXECUTION_DATE='2025-10-22T07:54:59.296249+00:00' AIRFLOW_CTX_TRY_NUMBER='1' AIRFLOW_CTX_DAG_RUN_ID='manual__2025-10-22T07:54:59.296249+00:00'
[2025-10-22T07:55:01.889+0000] {taskinstance.py:731} INFO - ::endgroup::
[2025-10-22T07:55:01.978+0000] {docker.py:367} INFO - Starting docker container from image priyanshu01ce/***_chaos:latest
[2025-10-22T07:55:02.525+0000] {docker.py:438} INFO - The container is run as root user. For security, consider using a regular user account.
[2025-10-22T07:55:19.920+0000] {docker.py:438} INFO - 
[2025-10-22T07:55:19.954+0000] {docker.py:438} INFO - total 1364
[2025-10-22T07:55:19.955+0000] {docker.py:438} INFO - drwxr-xr-x 6    1000 1000   4096 Oct 21 10:46 .
[2025-10-22T07:55:19.955+0000] {docker.py:438} INFO - drwxr-xr-x 1 *** root   4096 Sep 26 10:44 ..
[2025-10-22T07:55:19.956+0000] {docker.py:438} INFO - -rw-r--r-- 1    1000 1000   1193 Sep  8 07:02 API_Latency.json
[2025-10-22T07:55:19.956+0000] {docker.py:438} INFO - -rw-r--r-- 1    1000 1000    729 Sep  9 10:30 API_Timeout.json
[2025-10-22T07:55:19.956+0000] {docker.py:438} INFO - -rw-r--r-- 1    1000 1000   1331 Oct  7 18:22 Continuous_Load_Test_Azure.yaml
[2025-10-22T07:55:19.957+0000] {docker.py:438} INFO - -rw-r--r-- 1    1000 1000   1266 Oct 10 06:39 Memory_Stress_Test_Azure.yaml
[2025-10-22T07:55:19.957+0000] {docker.py:438} INFO - -rw-r--r-- 1    1000 1000   1178 Sep 30 18:19 Stress_Test_Azure.yaml
[2025-10-22T07:55:19.960+0000] {docker.py:438} INFO - drwxrwxr-x 2 root    root   4096 Oct 21 09:41 __pycache__
[2025-10-22T07:55:19.960+0000] {docker.py:438} INFO - drwxrwxr-x 5    1000 1000   4096 Oct 21 08:05 chaos_env
[2025-10-22T07:55:19.961+0000] {docker.py:438} INFO - -rw-r--r-- 1    1000 1000   8875 Sep 25 16:54 chaosk6_actions.py
[2025-10-22T07:55:19.961+0000] {docker.py:438} INFO - -rw-rw-r-- 1    1000 1000 758700 Oct 22 07:50 chaostoolkit.log
[2025-10-22T07:55:19.961+0000] {docker.py:438} INFO - -rw-r--r-- 1    1000 1000   3213 Sep  9 09:11 combined-sequential.json
[2025-10-22T07:55:19.963+0000] {docker.py:438} INFO - -rw-r--r-- 1    1000 1000    502 Sep 16 05:31 connection_test_experiment.json
[2025-10-22T07:55:19.963+0000] {docker.py:438} INFO - -rw-r--r-- 1    1000 1000   1420 Sep 24 06:53 container_restart.json
[2025-10-22T07:55:19.964+0000] {docker.py:438} INFO - -rw-r--r-- 1    1000 1000  16452 Sep 26 09:59 container_restart.py
[2025-10-22T07:55:19.965+0000] {docker.py:438} INFO - -rw-r--r-- 1    1000 1000   1313 Oct  9 06:32 container_restart_Azure.yaml
[2025-10-22T07:55:19.965+0000] {docker.py:438} INFO - -rw-r--r-- 1    1000 1000   1409 Sep 18 12:30 continuous_load_test.json
[2025-10-22T07:55:19.967+0000] {docker.py:438} INFO - -rw-r--r-- 1    1000 1000   1637 Sep 25 10:13 cordon-uncordon-node.json
[2025-10-22T07:55:19.967+0000] {docker.py:438} INFO - -rw-r--r-- 1    1000 1000   1637 Sep 25 04:39 cordon_test.json
[2025-10-22T07:55:19.968+0000] {docker.py:438} INFO - -rw-r--r-- 1    1000 1000   1034 Sep 30 18:27 cordon_uncordon_node_Azure.yaml
[2025-10-22T07:55:19.968+0000] {docker.py:438} INFO - -rw-r--r-- 1    1000 1000   1203 Sep 30 06:51 cpu_stress_ng.json
[2025-10-22T07:55:19.971+0000] {docker.py:438} INFO - -rw-r--r-- 1    1000 1000   1760 Oct 21 08:00 db_cleanup.json
[2025-10-22T07:55:19.971+0000] {docker.py:438} INFO - -rw-r--r-- 1    1000 1000   6399 Sep 24 07:40 db_cleanup.py
[2025-10-22T07:55:19.974+0000] {docker.py:438} INFO - -rw-r--r-- 1    1000 1000   2579 Oct 22 07:50 journal.json
[2025-10-22T07:55:19.974+0000] {docker.py:438} INFO - -rw-rw-r-- 1 root    root 373358 Oct 22 04:50 k6_continuous_load.log
[2025-10-22T07:55:19.974+0000] {docker.py:438} INFO - -rw-r--r-- 1    1000 1000   3933 Oct 22 04:50 k6_continuous_summary.json
[2025-10-22T07:55:19.975+0000] {docker.py:438} INFO - -rw-r--r-- 1    1000 1000   3433 Sep 25 09:28 k6_summary.json
[2025-10-22T07:55:19.975+0000] {docker.py:438} INFO - -rw-r--r-- 1    1000 1000    989 Sep 30 09:24 kubernetes_actions.json
[2025-10-22T07:55:19.978+0000] {docker.py:438} INFO - -rw-r--r-- 1    1000 1000  10961 Sep 30 09:23 kubernetes_actions.py
[2025-10-22T07:55:19.978+0000] {docker.py:438} INFO - -rw-r--r-- 1    1000 1000    945 Sep 21 16:40 load_test.json
[2025-10-22T07:55:19.979+0000] {docker.py:438} INFO - -rw-r--r-- 1    1000 1000    528 Sep 17 12:13 max_connection_experiment.json
[2025-10-22T07:55:19.979+0000] {docker.py:438} INFO - -rw-r--r-- 1    1000 1000   1227 Sep 13 15:20 memory-stress-rollback.json
[2025-10-22T07:55:19.980+0000] {docker.py:438} INFO - -rw-rw-r-- 1    1000 1000    982 Oct 10 06:38 memory_stress.json
[2025-10-22T07:55:19.980+0000] {docker.py:438} INFO - -rw-rw-r-- 1    1000 1000   4581 Oct 10 06:38 memory_stress.py
[2025-10-22T07:55:19.980+0000] {docker.py:438} INFO - -rw-r--r-- 1    1000 1000   1421 Sep 29 05:20 mongo_db_container_restart.json
[2025-10-22T07:55:19.983+0000] {docker.py:438} INFO - -rw-r--r-- 1    1000 1000   7586 Sep 18 05:54 mongodb_actions.py
[2025-10-22T07:55:19.984+0000] {docker.py:438} INFO - -rw-r--r-- 1    1000 1000   2136 Sep 18 11:23 mongodb_connection.json
[2025-10-22T07:55:19.984+0000] {docker.py:438} INFO - -rw-r--r-- 1    1000 1000    597 Sep 16 09:17 mongodb_network_latency_experiment.json
[2025-10-22T07:55:19.984+0000] {docker.py:438} INFO - -rw-r--r-- 1    1000 1000   3657 Sep 18 05:42 mongodb_probes.py
[2025-10-22T07:55:19.987+0000] {docker.py:438} INFO - -rw-r--r-- 1    1000 1000   6161 Sep 12 08:04 pod_restart.py
[2025-10-22T07:55:19.987+0000] {docker.py:438} INFO - -rw-r--r-- 1    1000 1000   1497 Sep 30 05:50 redis_config_faults.py
[2025-10-22T07:55:19.988+0000] {docker.py:438} INFO - -rw-r--r-- 1    1000 1000    862 Sep 30 05:50 redis_experiment.json
[2025-10-22T07:55:19.988+0000] {docker.py:438} INFO - -rw-r--r-- 1    1000 1000    945 Sep 18 06:53 redis_load.json
[2025-10-22T07:55:19.988+0000] {docker.py:438} INFO - -rw-r--r-- 1    1000 1000   1306 Oct  9 16:34 redis_memory_stress_Azure.yaml
[2025-10-22T07:55:19.989+0000] {docker.py:438} INFO - -rw-rw-r-- 1    1000 1000   1333 Oct 21 09:39 reinitialize_application.yaml
[2025-10-22T07:55:19.989+0000] {docker.py:438} INFO - -rw-r--r-- 1    1000 1000   1284 Sep 25 10:53 run_load_test_with_cleanup.py
[2025-10-22T07:55:19.992+0000] {docker.py:438} INFO - drwxr-xr-x 2    1000 1000   4096 Oct 22 06:46 scripts
[2025-10-22T07:55:19.992+0000] {docker.py:438} INFO - drwxr-xr-x 4    1000 1000   4096 Sep 30 09:41 socialNetwork
[2025-10-22T07:55:19.993+0000] {docker.py:438} INFO - -rw-r--r-- 1    1000 1000    821 Sep 26 13:20 stress_test.json
[2025-10-22T07:55:19.993+0000] {docker.py:438} INFO - -rw-r--r-- 1    1000 1000    367 Sep 17 07:24 test_params.json
[2025-10-22T07:55:19.994+0000] {docker.py:438} INFO - Starting Reinitializing the Social Networking Application...
[2025-10-22T07:55:20.802+0000] {docker.py:438} INFO - [32m[2025-10-22 07:55:20 INFO] Validating the experiment's syntax
[2025-10-22T07:55:21.414+0000] {docker.py:438} INFO - [32m[2025-10-22 07:55:21 INFO] Experiment looks valid
[2025-10-22T07:55:21.416+0000] {docker.py:438} INFO - [32m[2025-10-22 07:55:21 INFO] Running experiment: Simple Social Network Reset
[2025-10-22T07:55:21.421+0000] {docker.py:438} INFO - [32m[2025-10-22 07:55:21 INFO] Steady-state strategy: default
[2025-10-22T07:55:21.422+0000] {docker.py:438} INFO - [32m[2025-10-22 07:55:21 INFO] Rollbacks strategy: default
[2025-10-22T07:55:21.423+0000] {docker.py:438} INFO - [32m[2025-10-22 07:55:21 INFO] No steady state hypothesis defined. That's ok, just exploring.
[2025-10-22T07:55:21.424+0000] {docker.py:438} INFO - [32m[2025-10-22 07:55:21 INFO] Playing your experiment's method now...
[2025-10-22T07:55:21.425+0000] {docker.py:438} INFO - [32m[2025-10-22 07:55:21 INFO] Action: complete-reset-and-reinit
[2025-10-22T07:55:21.426+0000] {docker.py:438} INFO - INFO:kubernetes_actions:Starting complete reset and reinitialization...
[2025-10-22T07:55:21.427+0000] {docker.py:438} INFO - INFO:kubernetes_actions:Starting full social network reset...
[2025-10-22T07:55:21.428+0000] {docker.py:438} INFO - INFO:kubernetes_actions:Clearing Redis data...
[2025-10-22T07:55:21.475+0000] {docker.py:438} INFO - INFO:kubernetes_actions:Loaded local Kubernetes config
[2025-10-22T07:55:21.494+0000] {docker.py:438} INFO - INFO:kubernetes_actions:Loaded local Kubernetes config
[2025-10-22T07:55:21.849+0000] {docker.py:438} INFO - INFO:kubernetes_actions:Found running pod: social-graph-redis-64bd79b48b-872bt for deployment: social-graph-redis
[2025-10-22T07:55:21.851+0000] {docker.py:438} INFO - INFO:kubernetes_actions:Executing command in pod social-graph-redis-64bd79b48b-872bt, container social-graph-redis: redis-cli FLUSHALL
[2025-10-22T07:55:23.254+0000] {docker.py:438} INFO - INFO:kubernetes_actions:Command executed successfully. Output: OK
[2025-10-22T07:55:23.277+0000] {docker.py:438} INFO - INFO:kubernetes_actions:Loaded local Kubernetes config
[2025-10-22T07:55:23.294+0000] {docker.py:438} INFO - INFO:kubernetes_actions:Loaded local Kubernetes config
[2025-10-22T07:55:23.648+0000] {docker.py:438} INFO - INFO:kubernetes_actions:Found running pod: home-timeline-redis-744dd9998f-pjkn8 for deployment: home-timeline-redis
[2025-10-22T07:55:23.649+0000] {docker.py:438} INFO - INFO:kubernetes_actions:Executing command in pod home-timeline-redis-744dd9998f-pjkn8, container home-timeline-redis: redis-cli FLUSHALL
[2025-10-22T07:55:25.314+0000] {docker.py:438} INFO - INFO:kubernetes_actions:Command executed successfully. Output: OK
[2025-10-22T07:55:25.331+0000] {docker.py:438} INFO - INFO:kubernetes_actions:Loaded local Kubernetes config
[2025-10-22T07:55:25.349+0000] {docker.py:438} INFO - INFO:kubernetes_actions:Loaded local Kubernetes config
[2025-10-22T07:55:25.636+0000] {docker.py:438} INFO - INFO:kubernetes_actions:Found running pod: user-timeline-redis-7b8f6ff4fb-nnwvw for deployment: user-timeline-redis
[2025-10-22T07:55:25.638+0000] {docker.py:438} INFO - INFO:kubernetes_actions:Executing command in pod user-timeline-redis-7b8f6ff4fb-nnwvw, container user-timeline-redis: redis-cli FLUSHALL
[2025-10-22T07:55:27.011+0000] {docker.py:438} INFO - INFO:kubernetes_actions:Command executed successfully. Output: OK
[2025-10-22T07:55:27.012+0000] {docker.py:438} INFO - 
[2025-10-22T07:55:27.012+0000] {docker.py:438} INFO - INFO:kubernetes_actions:Clearing Memcached data...
[2025-10-22T07:55:27.030+0000] {docker.py:438} INFO - INFO:kubernetes_actions:Loaded local Kubernetes config
[2025-10-22T07:55:27.048+0000] {docker.py:438} INFO - INFO:kubernetes_actions:Loaded local Kubernetes config
[2025-10-22T07:55:27.394+0000] {docker.py:438} INFO - INFO:kubernetes_actions:Found running pod: post-storage-memcached-67c6cc65cc-kzdlc for deployment: post-storage-memcached
[2025-10-22T07:55:27.395+0000] {docker.py:438} INFO - INFO:kubernetes_actions:Executing command in pod post-storage-memcached-67c6cc65cc-kzdlc, container post-storage-memcached: sh -c echo 'flush_all' | nc localhost 11211
[2025-10-22T07:55:28.760+0000] {docker.py:438} INFO - INFO:kubernetes_actions:Command executed successfully. Output: sh: 1: nc: not found
[2025-10-22T07:55:28.777+0000] {docker.py:438} INFO - INFO:kubernetes_actions:Loaded local Kubernetes config
[2025-10-22T07:55:28.794+0000] {docker.py:438} INFO - INFO:kubernetes_actions:Loaded local Kubernetes config
[2025-10-22T07:55:29.172+0000] {docker.py:438} INFO - INFO:kubernetes_actions:Found running pod: user-memcached-56f89988c-68wlh for deployment: user-memcached
[2025-10-22T07:55:29.175+0000] {docker.py:438} INFO - INFO:kubernetes_actions:Executing command in pod user-memcached-56f89988c-68wlh, container user-memcached: sh -c echo 'flush_all' | nc localhost 11211
[2025-10-22T07:55:30.546+0000] {docker.py:438} INFO - INFO:kubernetes_actions:Command executed successfully. Output: sh: 1: nc: not found
[2025-10-22T07:55:30.548+0000] {docker.py:438} INFO - INFO:kubernetes_actions:Dropping MongoDB databases...
[2025-10-22T07:55:30.570+0000] {docker.py:438} INFO - INFO:kubernetes_actions:Loaded local Kubernetes config
[2025-10-22T07:55:30.588+0000] {docker.py:438} INFO - INFO:kubernetes_actions:Loaded local Kubernetes config
[2025-10-22T07:55:30.932+0000] {docker.py:438} INFO - INFO:kubernetes_actions:Found running pod: post-storage-mongodb-7f7657964c-qvfvs for deployment: post-storage-mongodb
[2025-10-22T07:55:30.933+0000] {docker.py:438} INFO - INFO:kubernetes_actions:Executing command in pod post-storage-mongodb-7f7657964c-qvfvs, container post-storage-mongodb: mongo --eval db.getSiblingDB('post').dropDatabase()
[2025-10-22T07:55:32.503+0000] {docker.py:438} INFO - INFO:kubernetes_actions:Command executed successfully. Output: MongoDB shell version v4.4.6
[2025-10-22T07:55:32.504+0000] {docker.py:438} INFO - connecting to: mongodb://127.0.0.1:27017/?compressors=disabled&gssapiServiceName=mongodb
[2025-10-22T07:55:32.504+0000] {docker.py:438} INFO - Implicit session: session { "id" : UUID("3fd1c69c-c983-4cad-a4c5-9283235d8936") }
[2025-10-22T07:55:32.505+0000] {docker.py:438} INFO - MongoDB server version: 4.4.6
[2025-10-22T07:55:32.505+0000] {docker.py:438} INFO - { "dropped" : "post", "ok" : 1 }
[2025-10-22T07:55:32.522+0000] {docker.py:438} INFO - INFO:kubernetes_actions:Loaded local Kubernetes config
[2025-10-22T07:55:32.540+0000] {docker.py:438} INFO - INFO:kubernetes_actions:Loaded local Kubernetes config
[2025-10-22T07:55:32.807+0000] {docker.py:438} INFO - INFO:kubernetes_actions:Found running pod: post-storage-mongodb-7f7657964c-qvfvs for deployment: post-storage-mongodb
[2025-10-22T07:55:32.808+0000] {docker.py:438} INFO - INFO:kubernetes_actions:Executing command in pod post-storage-mongodb-7f7657964c-qvfvs, container post-storage-mongodb: mongo --eval db.getSiblingDB('READ__ME_TO_RECOVER_YOUR_DATA').dropDatabase()
[2025-10-22T07:55:34.313+0000] {docker.py:438} INFO - INFO:kubernetes_actions:Command executed successfully. Output: MongoDB shell version v4.4.6
[2025-10-22T07:55:34.314+0000] {docker.py:438} INFO - connecting to: mongodb://127.0.0.1:27017/?compressors=disabled&gssapiServiceName=mongodb
[2025-10-22T07:55:34.314+0000] {docker.py:438} INFO - Implicit session: session { "id" : UUID("53329220-3e5b-4e3f-af0c-af3e3f42a162") }
[2025-10-22T07:55:34.315+0000] {docker.py:438} INFO - MongoDB server version: 4.4.6
[2025-10-22T07:55:34.315+0000] {docker.py:438} INFO - { "ok" : 1 }
[2025-10-22T07:55:34.332+0000] {docker.py:438} INFO - INFO:kubernetes_actions:Loaded local Kubernetes config
[2025-10-22T07:55:34.350+0000] {docker.py:438} INFO - INFO:kubernetes_actions:Loaded local Kubernetes config
[2025-10-22T07:55:34.704+0000] {docker.py:438} INFO - INFO:kubernetes_actions:Found running pod: user-mongodb-f95b7d968-bhjcd for deployment: user-mongodb
[2025-10-22T07:55:34.705+0000] {docker.py:438} INFO - INFO:kubernetes_actions:Executing command in pod user-mongodb-f95b7d968-bhjcd, container user-mongodb: mongo --eval db.getSiblingDB('user').dropDatabase()
[2025-10-22T07:55:36.212+0000] {docker.py:438} INFO - INFO:kubernetes_actions:Command executed successfully. Output: MongoDB shell version v4.4.6
[2025-10-22T07:55:36.213+0000] {docker.py:438} INFO - connecting to: mongodb://127.0.0.1:27017/?compressors=disabled&gssapiServiceName=mongodb
[2025-10-22T07:55:36.213+0000] {docker.py:438} INFO - Implicit session: session { "id" : UUID("38e90db6-b2ee-4f13-981e-023419b9eae5") }
[2025-10-22T07:55:36.216+0000] {docker.py:438} INFO - MongoDB server version: 4.4.6
[2025-10-22T07:55:36.216+0000] {docker.py:438} INFO - { "dropped" : "user", "ok" : 1 }
[2025-10-22T07:55:36.265+0000] {docker.py:438} INFO - INFO:kubernetes_actions:Loaded local Kubernetes config
[2025-10-22T07:55:36.363+0000] {docker.py:438} INFO - INFO:kubernetes_actions:Loaded local Kubernetes config
[2025-10-22T07:55:36.696+0000] {docker.py:438} INFO - INFO:kubernetes_actions:Found running pod: user-mongodb-f95b7d968-bhjcd for deployment: user-mongodb
[2025-10-22T07:55:36.698+0000] {docker.py:438} INFO - INFO:kubernetes_actions:Executing command in pod user-mongodb-f95b7d968-bhjcd, container user-mongodb: mongo --eval db.getSiblingDB('READ__ME_TO_RECOVER_YOUR_DATA').dropDatabase()
[2025-10-22T07:55:38.212+0000] {docker.py:438} INFO - INFO:kubernetes_actions:Command executed successfully. Output: MongoDB shell version v4.4.6
[2025-10-22T07:55:38.213+0000] {docker.py:438} INFO - connecting to: mongodb://127.0.0.1:27017/?compressors=disabled&gssapiServiceName=mongodb
[2025-10-22T07:55:38.213+0000] {docker.py:438} INFO - Implicit session: session { "id" : UUID("3d56855e-1005-4060-8f6a-907837444e40") }
[2025-10-22T07:55:38.214+0000] {docker.py:438} INFO - MongoDB server version: 4.4.6
[2025-10-22T07:55:38.214+0000] {docker.py:438} INFO - { "ok" : 1 }
[2025-10-22T07:55:38.248+0000] {docker.py:438} INFO - INFO:kubernetes_actions:Loaded local Kubernetes config
[2025-10-22T07:55:38.315+0000] {docker.py:438} INFO - INFO:kubernetes_actions:Loaded local Kubernetes config
[2025-10-22T07:55:38.662+0000] {docker.py:438} INFO - INFO:kubernetes_actions:Found running pod: social-graph-mongodb-77fd77d9f4-ckft8 for deployment: social-graph-mongodb
[2025-10-22T07:55:38.663+0000] {docker.py:438} INFO - INFO:kubernetes_actions:Executing command in pod social-graph-mongodb-77fd77d9f4-ckft8, container social-graph-mongodb: mongo --eval db.getSiblingDB('social-graph').dropDatabase()
[2025-10-22T07:55:40.298+0000] {docker.py:438} INFO - INFO:kubernetes_actions:Command executed successfully. Output: MongoDB shell version v4.4.6
[2025-10-22T07:55:40.323+0000] {docker.py:438} INFO - INFO:kubernetes_actions:Loaded local Kubernetes config
[2025-10-22T07:55:40.341+0000] {docker.py:438} INFO - INFO:kubernetes_actions:Loaded local Kubernetes config
[2025-10-22T07:55:40.589+0000] {docker.py:438} INFO - INFO:kubernetes_actions:Found running pod: social-graph-mongodb-77fd77d9f4-ckft8 for deployment: social-graph-mongodb
[2025-10-22T07:55:40.590+0000] {docker.py:438} INFO - INFO:kubernetes_actions:Executing command in pod social-graph-mongodb-77fd77d9f4-ckft8, container social-graph-mongodb: mongo --eval db.getSiblingDB('READ__ME_TO_RECOVER_YOUR_DATA').dropDatabase()
[2025-10-22T07:55:41.602+0000] {docker.py:438} INFO - INFO:kubernetes_actions:Command executed successfully. Output: MongoDB shell version v4.4.6
[2025-10-22T07:55:41.603+0000] {docker.py:438} INFO - connecting to: mongodb://127.0.0.1:27017/?compressors=disabled&gssapiServiceName=mongodb
[2025-10-22T07:55:41.603+0000] {docker.py:438} INFO - Error: couldn't connect to server 127.0.0.1:27017, connection attempt failed: SocketException: Error connecting to 127.0.0.1:27017 :: caused by :: Connection refused :
[2025-10-22T07:55:41.604+0000] {docker.py:438} INFO - connect@src/mongo/shell/mongo.js:374:17
[2025-10-22T07:55:41.604+0000] {docker.py:438} INFO - @(connect):2:6
[2025-10-22T07:55:41.605+0000] {docker.py:438} INFO - exception: connect failed
[2025-10-22T07:55:41.605+0000] {docker.py:438} INFO - exiting with code 1
[2025-10-22T07:55:41.622+0000] {docker.py:438} INFO - INFO:kubernetes_actions:Loaded local Kubernetes config
[2025-10-22T07:55:41.640+0000] {docker.py:438} INFO - INFO:kubernetes_actions:Loaded local Kubernetes config
[2025-10-22T07:55:41.987+0000] {docker.py:438} INFO - INFO:kubernetes_actions:Found running pod: user-timeline-mongodb-6ff9797bfc-wz2jn for deployment: user-timeline-mongodb
[2025-10-22T07:55:41.991+0000] {docker.py:438} INFO - INFO:kubernetes_actions:Executing command in pod user-timeline-mongodb-6ff9797bfc-wz2jn, container user-timeline-mongodb: mongo --eval db.getSiblingDB('user-timeline').dropDatabase()
[2025-10-22T07:55:42.509+0000] {docker.py:438} INFO - INFO:kubernetes_actions:Command executed successfully. Output: MongoDB shell version v4.4.6
[2025-10-22T07:55:42.510+0000] {docker.py:438} INFO - connecting to: mongodb://127.0.0.1:27017/?compressors=disabled&gssapiServiceName=mongodb
[2025-10-22T07:55:42.512+0000] {docker.py:438} INFO - Implicit session: session { "id" : UUID("9fa5aa97-85a6-4526-9803-1c115e462f72") }
[2025-10-22T07:55:42.512+0000] {docker.py:438} INFO - MongoDB server version: 4.4.6
[2025-10-22T07:55:42.514+0000] {docker.py:438} INFO - { "ok" : 1 }
[2025-10-22T07:55:42.533+0000] {docker.py:438} INFO - INFO:kubernetes_actions:Loaded local Kubernetes config
[2025-10-22T07:55:42.550+0000] {docker.py:438} INFO - INFO:kubernetes_actions:Loaded local Kubernetes config
[2025-10-22T07:55:42.877+0000] {docker.py:438} INFO - INFO:kubernetes_actions:Found running pod: user-timeline-mongodb-6ff9797bfc-wz2jn for deployment: user-timeline-mongodb
[2025-10-22T07:55:42.879+0000] {docker.py:438} INFO - INFO:kubernetes_actions:Executing command in pod user-timeline-mongodb-6ff9797bfc-wz2jn, container user-timeline-mongodb: mongo --eval db.getSiblingDB('READ__ME_TO_RECOVER_YOUR_DATA').dropDatabase()
[2025-10-22T07:55:44.408+0000] {docker.py:438} INFO - INFO:kubernetes_actions:Command executed successfully. Output: MongoDB shell version v4.4.6
[2025-10-22T07:55:44.409+0000] {docker.py:438} INFO - connecting to: mongodb://127.0.0.1:27017/?compressors=disabled&gssapiServiceName=mongodb
[2025-10-22T07:55:44.409+0000] {docker.py:438} INFO - Implicit session: session { "id" : UUID("5c9f0003-97c2-4eb5-9484-d131238c527f") }
[2025-10-22T07:55:44.410+0000] {docker.py:438} INFO - MongoDB server version: 4.4.6
[2025-10-22T07:55:44.410+0000] {docker.py:438} INFO - { "ok" : 1 }
[2025-10-22T07:55:44.411+0000] {docker.py:438} INFO - INFO:kubernetes_actions:Full social network reset completed
[2025-10-22T07:55:49.429+0000] {docker.py:438} INFO - INFO:kubernetes_actions:Loaded local Kubernetes config
[2025-10-22T07:55:49.430+0000] {docker.py:438} INFO - INFO:kubernetes_actions:Restarting deployment: social-graph-service
[2025-10-22T07:55:49.867+0000] {docker.py:438} INFO - INFO:kubernetes_actions:✅ Successfully restarted social-graph-service
[2025-10-22T07:55:49.868+0000] {docker.py:438} INFO - INFO:kubernetes_actions:Restarting deployment: user-service
[2025-10-22T07:55:50.052+0000] {docker.py:438} INFO - INFO:kubernetes_actions:✅ Successfully restarted user-service
[2025-10-22T07:55:50.053+0000] {docker.py:438} INFO - INFO:kubernetes_actions:Restarting deployment: post-storage-service
[2025-10-22T07:55:50.243+0000] {docker.py:438} INFO - INFO:kubernetes_actions:✅ Successfully restarted post-storage-service
[2025-10-22T07:55:50.243+0000] {docker.py:438} INFO - INFO:kubernetes_actions:Restarting deployment: compose-post-service
[2025-10-22T07:55:50.427+0000] {docker.py:438} INFO - INFO:kubernetes_actions:✅ Successfully restarted compose-post-service
[2025-10-22T07:55:50.431+0000] {docker.py:438} INFO - INFO:kubernetes_actions:Restarting deployment: home-timeline-service
[2025-10-22T07:55:50.621+0000] {docker.py:438} INFO - INFO:kubernetes_actions:✅ Successfully restarted home-timeline-service
[2025-10-22T07:55:50.623+0000] {docker.py:438} INFO - INFO:kubernetes_actions:Restarting deployment: user-timeline-service
[2025-10-22T07:55:50.803+0000] {docker.py:438} INFO - INFO:kubernetes_actions:✅ Successfully restarted user-timeline-service
[2025-10-22T07:55:50.805+0000] {docker.py:438} INFO - INFO:kubernetes_actions:Restarting deployment: nginx-thrift
[2025-10-22T07:55:51.043+0000] {docker.py:438} INFO - INFO:kubernetes_actions:✅ Successfully restarted nginx-thrift
[2025-10-22T07:55:51.045+0000] {docker.py:438} INFO - INFO:kubernetes_actions:Restarting deployment: text-service
[2025-10-22T07:55:51.249+0000] {docker.py:438} INFO - INFO:kubernetes_actions:✅ Successfully restarted text-service
[2025-10-22T07:55:51.253+0000] {docker.py:438} INFO - INFO:kubernetes_actions:Restarting deployment: unique-id-service
[2025-10-22T07:55:51.433+0000] {docker.py:438} INFO - INFO:kubernetes_actions:✅ Successfully restarted unique-id-service
[2025-10-22T07:55:51.434+0000] {docker.py:438} INFO - INFO:kubernetes_actions:Restarting deployment: user-mention-service
[2025-10-22T07:55:51.629+0000] {docker.py:438} INFO - INFO:kubernetes_actions:✅ Successfully restarted user-mention-service
[2025-10-22T07:55:51.630+0000] {docker.py:438} INFO - INFO:kubernetes_actions:Waiting 90 seconds for services to restart...
[2025-10-22T07:57:21.633+0000] {docker.py:438} INFO - INFO:kubernetes_actions:Reinitializing social network data...
[2025-10-22T08:03:41.810+0000] {docker.py:438} INFO - INFO:kubernetes_actions:Social network reinitialization completed successfully
[2025-10-22T08:03:41.812+0000] {docker.py:438} INFO - [32m[2025-10-22 08:03:41 INFO] Let's rollback...
[2025-10-22T08:03:41.814+0000] {docker.py:438} INFO - [32m[2025-10-22 08:03:41 INFO] No declared rollbacks, let's move on.
[2025-10-22T08:03:41.814+0000] {docker.py:438} INFO - [32m[2025-10-22 08:03:41 INFO] Experiment ended with status: completed
[2025-10-22T08:03:42.019+0000] {docker.py:438} INFO - Reinitialized Social Networking APplication successfully
[2025-10-22T08:03:42.399+0000] {taskinstance.py:340} INFO - ::group::Post task execution logs
[2025-10-22T08:03:42.399+0000] {taskinstance.py:352} INFO - Marking task as SUCCESS. dag_id=Reinitialize_Application, task_id=apply_container_restart_docker, run_id=manual__2025-10-22T07:54:59.296249+00:00, execution_date=20251022T075459, start_date=20251022T075501, end_date=20251022T080342
[2025-10-22T08:03:42.487+0000] {local_task_job_runner.py:266} INFO - Task exited with return code 0
[2025-10-22T08:03:42.516+0000] {taskinstance.py:3900} INFO - 0 downstream tasks scheduled from follow-on schedule check
[2025-10-22T08:03:42.521+0000] {local_task_job_runner.py:245} INFO - ::endgroup::
