[2025-11-21T11:47:30.127+0000] {local_task_job_runner.py:123} INFO - ::group::Pre task execution logs
[2025-11-21T11:47:30.185+0000] {taskinstance.py:2612} INFO - Dependencies all met for dep_context=non-requeueable deps ti=<TaskInstance: Reinitialize_Application.apply_container_restart_docker manual__2025-11-21T11:47:28.429932+00:00 [queued]>
[2025-11-21T11:47:30.199+0000] {taskinstance.py:2612} INFO - Dependencies all met for dep_context=requeueable deps ti=<TaskInstance: Reinitialize_Application.apply_container_restart_docker manual__2025-11-21T11:47:28.429932+00:00 [queued]>
[2025-11-21T11:47:30.199+0000] {taskinstance.py:2865} INFO - Starting attempt 1 of 1
[2025-11-21T11:47:30.229+0000] {taskinstance.py:2888} INFO - Executing <Task(DockerOperator): apply_container_restart_docker> on 2025-11-21 11:47:28.429932+00:00
[2025-11-21T11:47:30.246+0000] {standard_task_runner.py:72} INFO - Started process 817 to run task
[2025-11-21T11:47:30.258+0000] {standard_task_runner.py:104} INFO - Running: ['***', 'tasks', 'run', 'Reinitialize_Application', 'apply_container_restart_docker', 'manual__2025-11-21T11:47:28.429932+00:00', '--job-id', '17036', '--raw', '--subdir', 'DAGS_FOLDER/dag_factory.py', '--cfg-path', '/tmp/tmpf3_mdzqg']
[2025-11-21T11:47:30.260+0000] {standard_task_runner.py:105} INFO - Job 17036: Subtask apply_container_restart_docker
[2025-11-21T11:47:30.359+0000] {task_command.py:467} INFO - Running <TaskInstance: Reinitialize_Application.apply_container_restart_docker manual__2025-11-21T11:47:28.429932+00:00 [running]> on host workflow.y2twbfvcjkaujnl2bmtbxunhcb.cx.internal.cloudapp.net
[2025-11-21T11:47:30.515+0000] {taskinstance.py:3131} INFO - Exporting env vars: AIRFLOW_CTX_DAG_OWNER='***' AIRFLOW_CTX_DAG_ID='Reinitialize_Application' AIRFLOW_CTX_TASK_ID='apply_container_restart_docker' AIRFLOW_CTX_EXECUTION_DATE='2025-11-21T11:47:28.429932+00:00' AIRFLOW_CTX_TRY_NUMBER='1' AIRFLOW_CTX_DAG_RUN_ID='manual__2025-11-21T11:47:28.429932+00:00'
[2025-11-21T11:47:30.524+0000] {taskinstance.py:731} INFO - ::endgroup::
[2025-11-21T11:47:30.594+0000] {docker.py:367} INFO - Starting docker container from image priyanshu01ce/***_chaos:latest
[2025-11-21T11:47:31.261+0000] {docker.py:438} INFO - The container is run as root user. For security, consider using a regular user account.
[2025-11-21T11:47:48.995+0000] {docker.py:438} INFO - 
[2025-11-21T11:47:49.009+0000] {docker.py:438} INFO - total 11360
[2025-11-21T11:47:49.009+0000] {docker.py:438} INFO - drwxr-xr-x 6    1000 1000     4096 Nov 11 11:35 .
[2025-11-21T11:47:49.010+0000] {docker.py:438} INFO - drwxr-xr-x 1 *** root     4096 Sep 26 10:44 ..
[2025-11-21T11:47:49.012+0000] {docker.py:438} INFO - -rw-r--r-- 1    1000 1000     1193 Sep  8 07:02 API_Latency.json
[2025-11-21T11:47:49.013+0000] {docker.py:438} INFO - -rw-r--r-- 1    1000 1000      729 Sep  9 10:30 API_Timeout.json
[2025-11-21T11:47:49.014+0000] {docker.py:438} INFO - -rw-r--r-- 1    1000 1000     1331 Oct  7 18:22 Continuous_Load_Test_Azure.yaml
[2025-11-21T11:47:49.015+0000] {docker.py:438} INFO - -rw-r--r-- 1    1000 1000     1665 Nov 11 09:21 Memory_Stress_Test_Azure.yaml
[2025-11-21T11:47:49.016+0000] {docker.py:438} INFO - -rw-r--r-- 1    1000 1000     1178 Sep 30 18:19 Stress_Test_Azure.yaml
[2025-11-21T11:47:49.016+0000] {docker.py:438} INFO - drwxrwxr-x 2 root    root     4096 Oct 29 06:31 __pycache__
[2025-11-21T11:47:49.017+0000] {docker.py:438} INFO - drwxrwxr-x 5    1000 1000     4096 Oct 21 08:05 chaos_env
[2025-11-21T11:47:49.017+0000] {docker.py:438} INFO - -rw-r--r-- 1    1000 1000     8875 Sep 25 16:54 chaosk6_actions.py
[2025-11-21T11:47:49.020+0000] {docker.py:438} INFO - -rw-rw-r-- 1    1000 1000 10967967 Nov 21 11:47 chaostoolkit.log
[2025-11-21T11:47:49.020+0000] {docker.py:438} INFO - -rw-rw-r-- 1    1000 1000     1421 Oct 23 09:34 check.py
[2025-11-21T11:47:49.021+0000] {docker.py:438} INFO - -rw-r--r-- 1    1000 1000     3213 Sep  9 09:11 combined-sequential.json
[2025-11-21T11:47:49.021+0000] {docker.py:438} INFO - -rwxrwxr-x 1    1000 1000     1489 Oct 27 06:29 complete_chaos_mesh-cleanup.sh
[2025-11-21T11:47:49.023+0000] {docker.py:438} INFO - -rw-r--r-- 1    1000 1000      502 Sep 16 05:31 connection_test_experiment.json
[2025-11-21T11:47:49.024+0000] {docker.py:438} INFO - -rw-rw-r-- 1    1000 1000      692 Oct 24 01:43 container_probe.json
[2025-11-21T11:47:49.024+0000] {docker.py:438} INFO - -rw-rw-r-- 1    1000 1000     2533 Oct 23 09:28 container_probe.yaml
[2025-11-21T11:47:49.025+0000] {docker.py:438} INFO - -rw-r--r-- 1    1000 1000     1420 Sep 24 06:53 container_restart.json
[2025-11-21T11:47:49.027+0000] {docker.py:438} INFO - -rw-r--r-- 1    1000 1000    16452 Sep 26 09:59 container_restart.py
[2025-11-21T11:47:49.027+0000] {docker.py:438} INFO - -rw-r--r-- 1    1000 1000     1744 Nov 11 09:15 container_restart_Azure.yaml
[2025-11-21T11:47:49.030+0000] {docker.py:438} INFO - -rw-r--r-- 1    1000 1000     1409 Sep 18 12:30 continuous_load_test.json
[2025-11-21T11:47:49.030+0000] {docker.py:438} INFO - -rw-r--r-- 1    1000 1000     1637 Sep 25 10:13 cordon-uncordon-node.json
[2025-11-21T11:47:49.034+0000] {docker.py:438} INFO - -rw-r--r-- 1    1000 1000     1637 Sep 25 04:39 cordon_test.json
[2025-11-21T11:47:49.034+0000] {docker.py:438} INFO - -rw-r--r-- 1    1000 1000     1430 Nov 11 09:16 cordon_uncordon_node_Azure.yaml
[2025-11-21T11:47:49.035+0000] {docker.py:438} INFO - -rw-r--r-- 1    1000 1000     1203 Sep 30 06:51 cpu_stress_ng.json
[2025-11-21T11:47:49.037+0000] {docker.py:438} INFO - -rw-r--r-- 1    1000 1000     1760 Oct 21 08:00 db_cleanup.json
[2025-11-21T11:47:49.037+0000] {docker.py:438} INFO - -rw-r--r-- 1    1000 1000     6399 Sep 24 07:40 db_cleanup.py
[2025-11-21T11:47:49.038+0000] {docker.py:438} INFO - -rw-rw-r-- 1    1000 1000     5855 Oct 28 12:27 direct_memory_stress.py
[2025-11-21T11:47:49.038+0000] {docker.py:438} INFO - -rw-r--r-- 1    1000 1000     5942 Nov 21 10:47 journal.json
[2025-11-21T11:47:49.039+0000] {docker.py:438} INFO - -rw-rw-r-- 1    1000 1000        0 Nov 11 11:31 json
[2025-11-21T11:47:49.039+0000] {docker.py:438} INFO - -rw-rw-r-- 1 root    root   359095 Nov 21 11:47 k6_continuous_load.log
[2025-11-21T11:47:49.039+0000] {docker.py:438} INFO - -rw-r--r-- 1    1000 1000     3978 Nov 21 10:31 k6_continuous_summary.json
[2025-11-21T11:47:49.040+0000] {docker.py:438} INFO - -rw-r--r-- 1    1000 1000     3433 Sep 25 09:28 k6_summary.json
[2025-11-21T11:47:49.040+0000] {docker.py:438} INFO - -rw-r--r-- 1    1000 1000      989 Sep 30 09:24 kubernetes_actions.json
[2025-11-21T11:47:49.042+0000] {docker.py:438} INFO - -rw-r--r-- 1    1000 1000    10961 Sep 30 09:23 kubernetes_actions.py
[2025-11-21T11:47:49.042+0000] {docker.py:438} INFO - -rw-r--r-- 1    1000 1000      945 Sep 21 16:40 load_test.json
[2025-11-21T11:47:49.042+0000] {docker.py:438} INFO - -rw-r--r-- 1    1000 1000      528 Sep 17 12:13 max_connection_experiment.json
[2025-11-21T11:47:49.043+0000] {docker.py:438} INFO - -rw-r--r-- 1    1000 1000     1227 Sep 13 15:20 memory-stress-rollback.json
[2025-11-21T11:47:49.043+0000] {docker.py:438} INFO - -rw-rw-r-- 1    1000 1000     1066 Oct 30 12:27 memory_stress.json
[2025-11-21T11:47:49.046+0000] {docker.py:438} INFO - -rw-rw-r-- 1    1000 1000     6653 Oct 29 06:18 memory_stress.py
[2025-11-21T11:47:49.046+0000] {docker.py:438} INFO - -rw-r--r-- 1    1000 1000     1421 Sep 29 05:20 mongo_db_container_restart.json
[2025-11-21T11:47:49.046+0000] {docker.py:438} INFO - -rw-r--r-- 1    1000 1000     7586 Sep 18 05:54 mongodb_actions.py
[2025-11-21T11:47:49.049+0000] {docker.py:438} INFO - -rw-r--r-- 1    1000 1000     2136 Sep 18 11:23 mongodb_connection.json
[2025-11-21T11:47:49.049+0000] {docker.py:438} INFO - -rw-r--r-- 1    1000 1000      597 Sep 16 09:17 mongodb_network_latency_experiment.json
[2025-11-21T11:47:49.050+0000] {docker.py:438} INFO - -rw-r--r-- 1    1000 1000     3657 Sep 18 05:42 mongodb_probes.py
[2025-11-21T11:47:49.050+0000] {docker.py:438} INFO - -rw-r--r-- 1    1000 1000     6161 Sep 12 08:04 pod_restart.py
[2025-11-21T11:47:49.050+0000] {docker.py:438} INFO - -rw-r--r-- 1    1000 1000     1497 Sep 30 05:50 redis_config_faults.py
[2025-11-21T11:47:49.051+0000] {docker.py:438} INFO - -rw-r--r-- 1    1000 1000      862 Sep 30 05:50 redis_experiment.json
[2025-11-21T11:47:49.051+0000] {docker.py:438} INFO - -rw-r--r-- 1    1000 1000      945 Sep 18 06:53 redis_load.json
[2025-11-21T11:47:49.054+0000] {docker.py:438} INFO - -rw-r--r-- 1    1000 1000     1634 Nov 11 09:16 redis_memory_stress_Azure.yaml
[2025-11-21T11:47:49.054+0000] {docker.py:438} INFO - -rw-rw-r-- 1    1000 1000     1333 Oct 21 09:39 reinitialize_application.yaml
[2025-11-21T11:47:49.055+0000] {docker.py:438} INFO - -rw-r--r-- 1    1000 1000     1284 Sep 25 10:53 run_load_test_with_cleanup.py
[2025-11-21T11:47:49.055+0000] {docker.py:438} INFO - -rw-rw-r-- 1    1000 1000     1307 Oct 27 10:33 sample_probe.yaml
[2025-11-21T11:47:49.055+0000] {docker.py:438} INFO - drwxr-xr-x 2    1000 1000     4096 Oct 22 06:46 scripts
[2025-11-21T11:47:49.058+0000] {docker.py:438} INFO - -rw-rw-r-- 1    1000 1000      272 Oct 27 08:51 simple-stress-test.yaml
[2025-11-21T11:47:49.058+0000] {docker.py:438} INFO - drwxr-xr-x 4    1000 1000     4096 Sep 30 09:41 socialNetwork
[2025-11-21T11:47:49.058+0000] {docker.py:438} INFO - -rw-r--r-- 1    1000 1000      821 Sep 26 13:20 stress_test.json
[2025-11-21T11:47:49.059+0000] {docker.py:438} INFO - -rw-rw-r-- 1    1000 1000      301 Oct 27 08:46 test-stress-fixed.yaml
[2025-11-21T11:47:49.059+0000] {docker.py:438} INFO - -rw-rw-r-- 1    1000 1000      295 Oct 27 08:49 test_after_fix.yaml
[2025-11-21T11:47:49.062+0000] {docker.py:438} INFO - -rw-r--r-- 1    1000
[2025-11-21T11:47:49.062+0000] {docker.py:438} INFO - 1000      367 Sep 17 07:24 test_params.json
[2025-11-21T11:47:49.063+0000] {docker.py:438} INFO - Starting Reinitializing the Social Networking Application...
[2025-11-21T11:47:49.957+0000] {docker.py:438} INFO - [32m[2025-11-21 11:47:49 INFO] Validating the experiment's syntax
[2025-11-21T11:47:50.538+0000] {docker.py:438} INFO - [32m[2025-11-21 11:47:50 INFO] Experiment looks valid
[2025-11-21T11:47:50.539+0000] {docker.py:438} INFO - [32m[2025-11-21 11:47:50 INFO] Running experiment: Simple Social Network Reset
[2025-11-21T11:47:50.544+0000] {docker.py:438} INFO - [32m[2025-11-21 11:47:50 INFO] Steady-state strategy: default
[2025-11-21T11:47:50.547+0000] {docker.py:438} INFO - [32m[2025-11-21 11:47:50 INFO] Rollbacks strategy: default
[2025-11-21T11:47:50.547+0000] {docker.py:438} INFO - [32m[2025-11-21 11:47:50 INFO] No steady state hypothesis defined. That's ok, just exploring.
[2025-11-21T11:47:50.548+0000] {docker.py:438} INFO - [32m[2025-11-21 11:47:50 INFO] Playing your experiment's method now...
[2025-11-21T11:47:50.548+0000] {docker.py:438} INFO - [32m[2025-11-21 11:47:50 INFO] Action: complete-reset-and-reinit
[2025-11-21T11:47:50.550+0000] {docker.py:438} INFO - INFO:kubernetes_actions:Starting complete reset and reinitialization...
[2025-11-21T11:47:50.551+0000] {docker.py:438} INFO - INFO:kubernetes_actions:Starting full social network reset...
[2025-11-21T11:47:50.551+0000] {docker.py:438} INFO - INFO:kubernetes_actions:Clearing Redis data...
[2025-11-21T11:47:50.602+0000] {docker.py:438} INFO - INFO:kubernetes_actions:Loaded local Kubernetes config
[2025-11-21T11:47:50.636+0000] {docker.py:438} INFO - INFO:kubernetes_actions:Loaded local Kubernetes config
[2025-11-21T11:47:50.941+0000] {docker.py:438} INFO - INFO:kubernetes_actions:Found running pod: social-graph-redis-64bd79b48b-gpwdg for deployment: social-graph-redis
[2025-11-21T11:47:50.942+0000] {docker.py:438} INFO - INFO:kubernetes_actions:Executing command in pod social-graph-redis-64bd79b48b-gpwdg, container social-graph-redis: redis-cli FLUSHALL
[2025-11-21T11:47:52.318+0000] {docker.py:438} INFO - INFO:kubernetes_actions:Command executed successfully. Output: OK
[2025-11-21T11:47:52.386+0000] {docker.py:438} INFO - INFO:kubernetes_actions:Loaded local Kubernetes config
[2025-11-21T11:47:52.422+0000] {docker.py:438} INFO - INFO:kubernetes_actions:Loaded local Kubernetes config
[2025-11-21T11:47:52.804+0000] {docker.py:438} INFO - INFO:kubernetes_actions:Found running pod: home-timeline-redis-744dd9998f-xqjsk for deployment: home-timeline-redis
[2025-11-21T11:47:52.805+0000] {docker.py:438} INFO - INFO:kubernetes_actions:Executing command in pod home-timeline-redis-744dd9998f-xqjsk, container home-timeline-redis: redis-cli FLUSHALL
[2025-11-21T11:47:54.551+0000] {docker.py:438} INFO - INFO:kubernetes_actions:Command executed successfully. Output: OK
[2025-11-21T11:47:54.583+0000] {docker.py:438} INFO - INFO:kubernetes_actions:Loaded local Kubernetes config
[2025-11-21T11:47:54.616+0000] {docker.py:438} INFO - INFO:kubernetes_actions:Loaded local Kubernetes config
[2025-11-21T11:47:54.892+0000] {docker.py:438} INFO - INFO:kubernetes_actions:Found running pod: user-timeline-redis-7b8f6ff4fb-5s87m for deployment: user-timeline-redis
[2025-11-21T11:47:54.894+0000] {docker.py:438} INFO - INFO:kubernetes_actions:Executing command in pod user-timeline-redis-7b8f6ff4fb-5s87m, container user-timeline-redis: redis-cli FLUSHALL
[2025-11-21T11:47:56.288+0000] {docker.py:438} INFO - INFO:kubernetes_actions:Command executed successfully. Output: OK
[2025-11-21T11:47:56.289+0000] {docker.py:438} INFO - 
[2025-11-21T11:47:56.289+0000] {docker.py:438} INFO - INFO:kubernetes_actions:Clearing Memcached data...
[2025-11-21T11:47:56.326+0000] {docker.py:438} INFO - INFO:kubernetes_actions:Loaded local Kubernetes config
[2025-11-21T11:47:56.360+0000] {docker.py:438} INFO - INFO:kubernetes_actions:Loaded local Kubernetes config
[2025-11-21T11:47:56.610+0000] {docker.py:438} INFO - INFO:kubernetes_actions:Found running pod: post-storage-memcached-67c6cc65cc-j4jdz for deployment: post-storage-memcached
[2025-11-21T11:47:56.612+0000] {docker.py:438} INFO - INFO:kubernetes_actions:Executing command in pod post-storage-memcached-67c6cc65cc-j4jdz, container post-storage-memcached: sh -c echo 'flush_all' | nc localhost 11211
[2025-11-21T11:47:58.011+0000] {docker.py:438} INFO - INFO:kubernetes_actions:Command executed successfully. Output: sh: 1: nc: not found
[2025-11-21T11:47:58.044+0000] {docker.py:438} INFO - INFO:kubernetes_actions:Loaded local Kubernetes config
[2025-11-21T11:47:58.077+0000] {docker.py:438} INFO - INFO:kubernetes_actions:Loaded local Kubernetes config
[2025-11-21T11:47:58.342+0000] {docker.py:438} INFO - INFO:kubernetes_actions:Found running pod: user-memcached-56f89988c-kswck for deployment: user-memcached
[2025-11-21T11:47:58.343+0000] {docker.py:438} INFO - INFO:kubernetes_actions:Executing command in pod user-memcached-56f89988c-kswck, container user-memcached: sh -c echo 'flush_all' | nc localhost 11211
[2025-11-21T11:47:59.768+0000] {docker.py:438} INFO - INFO:kubernetes_actions:Command executed successfully. Output: sh: 1: nc: not found
[2025-11-21T11:47:59.771+0000] {docker.py:438} INFO - 
[2025-11-21T11:47:59.771+0000] {docker.py:438} INFO - INFO:kubernetes_actions:Dropping MongoDB databases...
[2025-11-21T11:47:59.802+0000] {docker.py:438} INFO - INFO:kubernetes_actions:Loaded local Kubernetes config
[2025-11-21T11:47:59.835+0000] {docker.py:438} INFO - INFO:kubernetes_actions:Loaded local Kubernetes config
[2025-11-21T11:48:00.101+0000] {docker.py:438} INFO - INFO:kubernetes_actions:Found running pod: post-storage-mongodb-7f7657964c-b2fld for deployment: post-storage-mongodb
[2025-11-21T11:48:00.103+0000] {docker.py:438} INFO - INFO:kubernetes_actions:Executing command in pod post-storage-mongodb-7f7657964c-b2fld, container post-storage-mongodb: mongo --eval db.getSiblingDB('post').dropDatabase()
[2025-11-21T11:48:01.704+0000] {docker.py:438} INFO - INFO:kubernetes_actions:Command executed successfully. Output: MongoDB shell version v4.4.6
[2025-11-21T11:48:01.705+0000] {docker.py:438} INFO - connecting to: mongodb://127.0.0.1:27017/?compressors=disabled&gssapiServiceName=mongodb
[2025-11-21T11:48:01.707+0000] {docker.py:438} INFO - Implicit session: session { "id" : UUID("11f0d664-bad1-4705-9f79-8dac44cc9188") }
[2025-11-21T11:48:01.707+0000] {docker.py:438} INFO - MongoDB server version: 4.4.6
[2025-11-21T11:48:01.710+0000] {docker.py:438} INFO - { "dropped" : "post", "ok" : 1 }
[2025-11-21T11:48:01.744+0000] {docker.py:438} INFO - INFO:kubernetes_actions:Loaded local Kubernetes config
[2025-11-21T11:48:01.777+0000] {docker.py:438} INFO - INFO:kubernetes_actions:Loaded local Kubernetes config
[2025-11-21T11:48:02.045+0000] {docker.py:438} INFO - INFO:kubernetes_actions:Found running pod: post-storage-mongodb-7f7657964c-b2fld for deployment: post-storage-mongodb
[2025-11-21T11:48:02.047+0000] {docker.py:438} INFO - INFO:kubernetes_actions:Executing command in pod post-storage-mongodb-7f7657964c-b2fld, container post-storage-mongodb: mongo --eval db.getSiblingDB('READ__ME_TO_RECOVER_YOUR_DATA').dropDatabase()
[2025-11-21T11:48:03.608+0000] {docker.py:438} INFO - INFO:kubernetes_actions:Command executed successfully. Output: MongoDB shell version v4.4.6
[2025-11-21T11:48:03.609+0000] {docker.py:438} INFO - connecting to: mongodb://127.0.0.1:27017/?compressors=disabled&gssapiServiceName=mongodb
[2025-11-21T11:48:03.610+0000] {docker.py:438} INFO - Implicit session: session { "id" : UUID("308feeaf-9f6b-48da-94c9-5d263ee0a833") }
[2025-11-21T11:48:03.614+0000] {docker.py:438} INFO - MongoDB server version: 4.4.6
[2025-11-21T11:48:03.614+0000] {docker.py:438} INFO - { "ok" : 1 }
[2025-11-21T11:48:03.702+0000] {docker.py:438} INFO - INFO:kubernetes_actions:Loaded local Kubernetes config
[2025-11-21T11:48:03.752+0000] {docker.py:438} INFO - INFO:kubernetes_actions:Loaded local Kubernetes config
[2025-11-21T11:48:04.013+0000] {docker.py:438} INFO - INFO:kubernetes_actions:Found running pod: user-mongodb-f95b7d968-tqlld for deployment: user-mongodb
[2025-11-21T11:48:04.014+0000] {docker.py:438} INFO - INFO:kubernetes_actions:Executing command in pod user-mongodb-f95b7d968-tqlld, container user-mongodb: mongo --eval db.getSiblingDB('user').dropDatabase()
[2025-11-21T11:48:05.552+0000] {docker.py:438} INFO - INFO:kubernetes_actions:Command executed successfully. Output: MongoDB shell version v4.4.6
[2025-11-21T11:48:05.553+0000] {docker.py:438} INFO - connecting to: mongodb://127.0.0.1:27017/?compressors=disabled&gssapiServiceName=mongodb
[2025-11-21T11:48:05.554+0000] {docker.py:438} INFO - Implicit session: session { "id" : UUID("c05d1f42-ae55-488c-be84-743b3df8f9fa") }
[2025-11-21T11:48:05.554+0000] {docker.py:438} INFO - MongoDB server version: 4.4.6
[2025-11-21T11:48:05.555+0000] {docker.py:438} INFO - { "dropped" : "user", "ok" : 1 }
[2025-11-21T11:48:05.590+0000] {docker.py:438} INFO - INFO:kubernetes_actions:Loaded local Kubernetes config
[2025-11-21T11:48:05.622+0000] {docker.py:438} INFO - INFO:kubernetes_actions:Loaded local Kubernetes config
[2025-11-21T11:48:05.888+0000] {docker.py:438} INFO - INFO:kubernetes_actions:Found running pod: user-mongodb-f95b7d968-tqlld for deployment: user-mongodb
[2025-11-21T11:48:05.888+0000] {docker.py:438} INFO - INFO:kubernetes_actions:Executing command in pod user-mongodb-f95b7d968-tqlld, container user-mongodb: mongo --eval db.getSiblingDB('READ__ME_TO_RECOVER_YOUR_DATA').dropDatabase()
[2025-11-21T11:48:07.447+0000] {docker.py:438} INFO - INFO:kubernetes_actions:Command executed successfully. Output: MongoDB shell version v4.4.6
[2025-11-21T11:48:07.447+0000] {docker.py:438} INFO - connecting to: mongodb://127.0.0.1:27017/?compressors=disabled&gssapiServiceName=mongodb
[2025-11-21T11:48:07.448+0000] {docker.py:438} INFO - Implicit session: session { "id" : UUID("5529f7b5-95d3-42cd-a0cb-f31bbeaeb85a") }
[2025-11-21T11:48:07.448+0000] {docker.py:438} INFO - MongoDB server version: 4.4.6
[2025-11-21T11:48:07.449+0000] {docker.py:438} INFO - { "ok" : 1 }
[2025-11-21T11:48:07.478+0000] {docker.py:438} INFO - INFO:kubernetes_actions:Loaded local Kubernetes config
[2025-11-21T11:48:07.514+0000] {docker.py:438} INFO - INFO:kubernetes_actions:Loaded local Kubernetes config
[2025-11-21T11:48:07.822+0000] {docker.py:438} INFO - INFO:kubernetes_actions:Found running pod: social-graph-mongodb-77fd77d9f4-jj4vn for deployment: social-graph-mongodb
[2025-11-21T11:48:07.824+0000] {docker.py:438} INFO - INFO:kubernetes_actions:Executing command in pod social-graph-mongodb-77fd77d9f4-jj4vn, container social-graph-mongodb: mongo --eval db.getSiblingDB('social-graph').dropDatabase()
[2025-11-21T11:48:09.534+0000] {docker.py:438} INFO - INFO:kubernetes_actions:Command executed successfully. Output:
[2025-11-21T11:48:09.581+0000] {docker.py:438} INFO - INFO:kubernetes_actions:Loaded local Kubernetes config
[2025-11-21T11:48:09.614+0000] {docker.py:438} INFO - INFO:kubernetes_actions:Loaded local Kubernetes config
[2025-11-21T11:48:09.874+0000] {docker.py:438} INFO - INFO:kubernetes_actions:Found running pod: social-graph-mongodb-77fd77d9f4-jj4vn for deployment: social-graph-mongodb
[2025-11-21T11:48:09.875+0000] {docker.py:438} INFO - INFO:kubernetes_actions:Executing command in pod social-graph-mongodb-77fd77d9f4-jj4vn, container social-graph-mongodb: mongo --eval db.getSiblingDB('READ__ME_TO_RECOVER_YOUR_DATA').dropDatabase()
[2025-11-21T11:48:11.646+0000] {docker.py:438} INFO - INFO:kubernetes_actions:Command executed successfully. Output: MongoDB shell version v4.4.6
[2025-11-21T11:48:11.647+0000] {docker.py:438} INFO - connecting to: mongodb://127.0.0.1:27017/?compressors=disabled&gssapiServiceName=mongodb
[2025-11-21T11:48:11.647+0000] {docker.py:438} INFO - Error: couldn't connect to server 127.0.0.1:27017, connection attempt failed: SocketException: Error connecting to 127.0.0.1:27017 :: caused by :: Connection refused :
[2025-11-21T11:48:11.650+0000] {docker.py:438} INFO - connect@src/mongo/shell/mongo.js:374:17
[2025-11-21T11:48:11.650+0000] {docker.py:438} INFO - @(connect):2:6
[2025-11-21T11:48:11.650+0000] {docker.py:438} INFO - exception: connect failed
[2025-11-21T11:48:11.651+0000] {docker.py:438} INFO - exiting with code 1
[2025-11-21T11:48:11.682+0000] {docker.py:438} INFO - INFO:kubernetes_actions:Loaded local Kubernetes config
[2025-11-21T11:48:11.715+0000] {docker.py:438} INFO - INFO:kubernetes_actions:Loaded local Kubernetes config
[2025-11-21T11:48:11.975+0000] {docker.py:438} INFO - INFO:kubernetes_actions:Found running pod: user-timeline-mongodb-6d9999d974-9vtbj for deployment: user-timeline-mongodb
[2025-11-21T11:48:11.978+0000] {docker.py:438} INFO - INFO:kubernetes_actions:Executing command in pod user-timeline-mongodb-6d9999d974-9vtbj, container user-timeline-mongodb: mongo --eval db.getSiblingDB('user-timeline').dropDatabase()
[2025-11-21T11:48:13.865+0000] {docker.py:438} INFO - INFO:kubernetes_actions:Command executed successfully. Output: MongoDB shell version v4.4.6
[2025-11-21T11:48:13.866+0000] {docker.py:438} INFO - connecting to: mongodb://127.0.0.1:27017/?compressors=disabled&gssapiServiceName=mongodb
[2025-11-21T11:48:13.866+0000] {docker.py:438} INFO - Implicit session: session { "id" : UUID("be8020d0-5c36-4285-b407-03d40c21b9b1") }
[2025-11-21T11:48:13.869+0000] {docker.py:438} INFO - MongoDB server version: 4.4.6
[2025-11-21T11:48:13.869+0000] {docker.py:438} INFO - { "dropped" : "user-timeline", "ok" : 1 }
[2025-11-21T11:48:13.901+0000] {docker.py:438} INFO - INFO:kubernetes_actions:Loaded local Kubernetes config
[2025-11-21T11:48:13.936+0000] {docker.py:438} INFO - INFO:kubernetes_actions:Loaded local Kubernetes config
[2025-11-21T11:48:14.196+0000] {docker.py:438} INFO - INFO:kubernetes_actions:Found running pod: user-timeline-mongodb-6d9999d974-9vtbj for deployment: user-timeline-mongodb
[2025-11-21T11:48:14.198+0000] {docker.py:438} INFO - INFO:kubernetes_actions:Executing command in pod user-timeline-mongodb-6d9999d974-9vtbj, container user-timeline-mongodb: mongo --eval db.getSiblingDB('READ__ME_TO_RECOVER_YOUR_DATA').dropDatabase()
[2025-11-21T11:48:16.174+0000] {docker.py:438} INFO - INFO:kubernetes_actions:Command executed successfully. Output: MongoDB shell version v4.4.6
[2025-11-21T11:48:16.175+0000] {docker.py:438} INFO - connecting to: mongodb://127.0.0.1:27017/?compressors=disabled&gssapiServiceName=mongodb
[2025-11-21T11:48:16.176+0000] {docker.py:438} INFO - Implicit session: session { "id" : UUID("7d344cb6-b3a7-43af-945b-9589b655bbaf") }
[2025-11-21T11:48:16.176+0000] {docker.py:438} INFO - MongoDB server version: 4.4.6
[2025-11-21T11:48:16.177+0000] {docker.py:438} INFO - { "ok" : 1 }
[2025-11-21T11:48:16.177+0000] {docker.py:438} INFO - 
[2025-11-21T11:48:16.178+0000] {docker.py:438} INFO - INFO:kubernetes_actions:Full social network reset completed
[2025-11-21T11:48:21.207+0000] {docker.py:438} INFO - INFO:kubernetes_actions:Loaded local Kubernetes config
[2025-11-21T11:48:21.209+0000] {docker.py:438} INFO - INFO:kubernetes_actions:Restarting deployment: social-graph-service
[2025-11-21T11:48:21.587+0000] {docker.py:438} INFO - INFO:kubernetes_actions:✅ Successfully restarted social-graph-service
[2025-11-21T11:48:21.589+0000] {docker.py:438} INFO - INFO:kubernetes_actions:Restarting deployment: user-service
[2025-11-21T11:48:21.781+0000] {docker.py:438} INFO - INFO:kubernetes_actions:✅ Successfully restarted user-service
[2025-11-21T11:48:21.783+0000] {docker.py:438} INFO - INFO:kubernetes_actions:Restarting deployment: post-storage-service
[2025-11-21T11:48:21.971+0000] {docker.py:438} INFO - INFO:kubernetes_actions:✅ Successfully restarted post-storage-service
[2025-11-21T11:48:21.973+0000] {docker.py:438} INFO - INFO:kubernetes_actions:Restarting deployment: compose-post-service
[2025-11-21T11:48:22.167+0000] {docker.py:438} INFO - INFO:kubernetes_actions:✅ Successfully restarted compose-post-service
[2025-11-21T11:48:22.169+0000] {docker.py:438} INFO - INFO:kubernetes_actions:Restarting deployment: home-timeline-service
[2025-11-21T11:48:22.368+0000] {docker.py:438} INFO - INFO:kubernetes_actions:✅ Successfully restarted home-timeline-service
[2025-11-21T11:48:22.369+0000] {docker.py:438} INFO - INFO:kubernetes_actions:Restarting deployment: user-timeline-service
[2025-11-21T11:48:22.556+0000] {docker.py:438} INFO - INFO:kubernetes_actions:✅ Successfully restarted user-timeline-service
[2025-11-21T11:48:22.558+0000] {docker.py:438} INFO - INFO:kubernetes_actions:Restarting deployment: nginx-thrift
[2025-11-21T11:48:22.911+0000] {docker.py:438} INFO - INFO:kubernetes_actions:✅ Successfully restarted nginx-thrift
[2025-11-21T11:48:22.913+0000] {docker.py:438} INFO - INFO:kubernetes_actions:Restarting deployment: text-service
[2025-11-21T11:48:23.146+0000] {docker.py:438} INFO - INFO:kubernetes_actions:✅ Successfully restarted text-service
[2025-11-21T11:48:23.148+0000] {docker.py:438} INFO - INFO:kubernetes_actions:Restarting deployment: unique-id-service
[2025-11-21T11:48:23.344+0000] {docker.py:438} INFO - INFO:kubernetes_actions:✅ Successfully restarted unique-id-service
[2025-11-21T11:48:23.346+0000] {docker.py:438} INFO - INFO:kubernetes_actions:Restarting deployment: user-mention-service
[2025-11-21T11:48:23.540+0000] {docker.py:438} INFO - INFO:kubernetes_actions:✅ Successfully restarted user-mention-service
[2025-11-21T11:48:23.541+0000] {docker.py:438} INFO - INFO:kubernetes_actions:Waiting 90 seconds for services to restart...
[2025-11-21T11:49:53.560+0000] {docker.py:438} INFO - INFO:kubernetes_actions:Reinitializing social network data...
[2025-11-21T12:00:09.196+0000] {docker.py:438} INFO - INFO:kubernetes_actions:Social network reinitialization completed successfully
[2025-11-21T12:00:09.199+0000] {docker.py:438} INFO - [32m[2025-11-21 12:00:09 INFO] Let's rollback...
[2025-11-21T12:00:09.202+0000] {docker.py:438} INFO - [32m[2025-11-21 12:00:09 INFO] No declared rollbacks, let's move on.
[2025-11-21T12:00:09.203+0000] {docker.py:438} INFO - [32m[2025-11-21 12:00:09 INFO] Experiment ended with status: completed
[2025-11-21T12:00:09.414+0000] {docker.py:438} INFO - Reinitialized Social Networking APplication successfully
[2025-11-21T12:00:09.750+0000] {taskinstance.py:340} INFO - ::group::Post task execution logs
[2025-11-21T12:00:09.751+0000] {taskinstance.py:352} INFO - Marking task as SUCCESS. dag_id=Reinitialize_Application, task_id=apply_container_restart_docker, run_id=manual__2025-11-21T11:47:28.429932+00:00, execution_date=20251121T114728, start_date=20251121T114730, end_date=20251121T120009
[2025-11-21T12:00:09.804+0000] {local_task_job_runner.py:266} INFO - Task exited with return code 0
[2025-11-21T12:00:09.829+0000] {taskinstance.py:3900} INFO - 0 downstream tasks scheduled from follow-on schedule check
[2025-11-21T12:00:09.833+0000] {local_task_job_runner.py:245} INFO - ::endgroup::
