[2025-11-19T18:59:30.853+0000] {local_task_job_runner.py:123} INFO - ::group::Pre task execution logs
[2025-11-19T18:59:30.879+0000] {taskinstance.py:2612} INFO - Dependencies all met for dep_context=non-requeueable deps ti=<TaskInstance: Reinitialize_Application.apply_container_restart_docker manual__2025-11-19T18:59:28.787851+00:00 [queued]>
[2025-11-19T18:59:30.893+0000] {taskinstance.py:2612} INFO - Dependencies all met for dep_context=requeueable deps ti=<TaskInstance: Reinitialize_Application.apply_container_restart_docker manual__2025-11-19T18:59:28.787851+00:00 [queued]>
[2025-11-19T18:59:30.893+0000] {taskinstance.py:2865} INFO - Starting attempt 1 of 1
[2025-11-19T18:59:30.918+0000] {taskinstance.py:2888} INFO - Executing <Task(DockerOperator): apply_container_restart_docker> on 2025-11-19 18:59:28.787851+00:00
[2025-11-19T18:59:30.935+0000] {standard_task_runner.py:72} INFO - Started process 337 to run task
[2025-11-19T18:59:30.954+0000] {standard_task_runner.py:104} INFO - Running: ['***', 'tasks', 'run', 'Reinitialize_Application', 'apply_container_restart_docker', 'manual__2025-11-19T18:59:28.787851+00:00', '--job-id', '15595', '--raw', '--subdir', 'DAGS_FOLDER/dag_factory.py', '--cfg-path', '/tmp/tmpfqn_wauu']
[2025-11-19T18:59:30.956+0000] {standard_task_runner.py:105} INFO - Job 15595: Subtask apply_container_restart_docker
[2025-11-19T18:59:31.077+0000] {task_command.py:467} INFO - Running <TaskInstance: Reinitialize_Application.apply_container_restart_docker manual__2025-11-19T18:59:28.787851+00:00 [running]> on host workflow.y2twbfvcjkaujnl2bmtbxunhcb.cx.internal.cloudapp.net
[2025-11-19T18:59:31.242+0000] {taskinstance.py:3131} INFO - Exporting env vars: AIRFLOW_CTX_DAG_OWNER='***' AIRFLOW_CTX_DAG_ID='Reinitialize_Application' AIRFLOW_CTX_TASK_ID='apply_container_restart_docker' AIRFLOW_CTX_EXECUTION_DATE='2025-11-19T18:59:28.787851+00:00' AIRFLOW_CTX_TRY_NUMBER='1' AIRFLOW_CTX_DAG_RUN_ID='manual__2025-11-19T18:59:28.787851+00:00'
[2025-11-19T18:59:31.248+0000] {taskinstance.py:731} INFO - ::endgroup::
[2025-11-19T18:59:31.335+0000] {docker.py:367} INFO - Starting docker container from image priyanshu01ce/***_chaos:latest
[2025-11-19T18:59:32.094+0000] {docker.py:438} INFO - The container is run as root user. For security, consider using a regular user account.
[2025-11-19T18:59:53.271+0000] {docker.py:438} INFO - 
[2025-11-19T18:59:53.309+0000] {docker.py:438} INFO - total 10736
[2025-11-19T18:59:53.310+0000] {docker.py:438} INFO - drwxr-xr-x 6    1000 1000     4096 Nov 11 11:35 .
[2025-11-19T18:59:53.312+0000] {docker.py:438} INFO - drwxr-xr-x 1 *** root     4096 Sep 26 10:44 ..
[2025-11-19T18:59:53.313+0000] {docker.py:438} INFO - -rw-r--r-- 1    1000 1000     1193 Sep  8 07:02 API_Latency.json
[2025-11-19T18:59:53.314+0000] {docker.py:438} INFO - -rw-r--r-- 1    1000 1000      729 Sep  9 10:30 API_Timeout.json
[2025-11-19T18:59:53.314+0000] {docker.py:438} INFO - -rw-r--r-- 1    1000 1000     1331 Oct  7 18:22 Continuous_Load_Test_Azure.yaml
[2025-11-19T18:59:53.315+0000] {docker.py:438} INFO - -rw-r--r-- 1    1000 1000     1665 Nov 11 09:21 Memory_Stress_Test_Azure.yaml
[2025-11-19T18:59:53.316+0000] {docker.py:438} INFO - -rw-r--r-- 1    1000 1000     1178 Sep 30 18:19 Stress_Test_Azure.yaml
[2025-11-19T18:59:53.317+0000] {docker.py:438} INFO - drwxrwxr-x 2 root    root     4096 Oct 29 06:31 __pycache__
[2025-11-19T18:59:53.318+0000] {docker.py:438} INFO - drwxrwxr-x 5    1000 1000     4096 Oct 21 08:05 chaos_env
[2025-11-19T18:59:53.318+0000] {docker.py:438} INFO - -rw-r--r-- 1    1000 1000     8875 Sep 25 16:54 chaosk6_actions.py
[2025-11-19T18:59:53.319+0000] {docker.py:438} INFO - -rw-rw-r-- 1    1000 1000 10305652 Nov 19 18:59 chaostoolkit.log
[2025-11-19T18:59:53.319+0000] {docker.py:438} INFO - -rw-rw-r-- 1    1000 1000     1421 Oct 23 09:34 check.py
[2025-11-19T18:59:53.320+0000] {docker.py:438} INFO - -rw-r--r-- 1    1000 1000     3213 Sep  9 09:11 combined-sequential.json
[2025-11-19T18:59:53.321+0000] {docker.py:438} INFO - -rwxrwxr-x 1    1000 1000     1489 Oct 27 06:29 complete_chaos_mesh-cleanup.sh
[2025-11-19T18:59:53.321+0000] {docker.py:438} INFO - -rw-r--r-- 1    1000 1000      502 Sep 16 05:31 connection_test_experiment.json
[2025-11-19T18:59:53.322+0000] {docker.py:438} INFO - -rw-rw-r-- 1    1000 1000      692 Oct 24 01:43 container_probe.json
[2025-11-19T18:59:53.322+0000] {docker.py:438} INFO - -rw-rw-r-- 1    1000 1000     2533 Oct 23 09:28 container_probe.yaml
[2025-11-19T18:59:53.323+0000] {docker.py:438} INFO - -rw-r--r-- 1    1000 1000     1420 Sep 24 06:53 container_restart.json
[2025-11-19T18:59:53.323+0000] {docker.py:438} INFO - -rw-r--r-- 1    1000 1000    16452 Sep 26 09:59 container_restart.py
[2025-11-19T18:59:53.324+0000] {docker.py:438} INFO - -rw-r--r-- 1    1000 1000     1744 Nov 11 09:15 container_restart_Azure.yaml
[2025-11-19T18:59:53.324+0000] {docker.py:438} INFO - -rw-r--r-- 1    1000 1000     1409 Sep 18 12:30 continuous_load_test.json
[2025-11-19T18:59:53.325+0000] {docker.py:438} INFO - -rw-r--r-- 1    1000 1000     1637 Sep 25 10:13 cordon-uncordon-node.json
[2025-11-19T18:59:53.325+0000] {docker.py:438} INFO - -rw-r--r-- 1    1000 1000     1637 Sep 25 04:39 cordon_test.json
[2025-11-19T18:59:53.325+0000] {docker.py:438} INFO - -rw-r--r-- 1    1000 1000     1430 Nov 11 09:16 cordon_uncordon_node_Azure.yaml
[2025-11-19T18:59:53.326+0000] {docker.py:438} INFO - -rw-r--r-- 1    1000 1000     1203 Sep 30 06:51 cpu_stress_ng.json
[2025-11-19T18:59:53.326+0000] {docker.py:438} INFO - -rw-r--r-- 1    1000 1000     1760 Oct 21 08:00 db_cleanup.json
[2025-11-19T18:59:53.329+0000] {docker.py:438} INFO - -rw-r--r-- 1    1000 1000     6399 Sep 24 07:40 db_cleanup.py
[2025-11-19T18:59:53.329+0000] {docker.py:438} INFO - -rw-rw-r-- 1    1000 1000     5855 Oct 28 12:27 direct_memory_stress.py
[2025-11-19T18:59:53.330+0000] {docker.py:438} INFO - -rw-r--r-- 1    1000 1000    10423 Nov 19 18:59 journal.json
[2025-11-19T18:59:53.330+0000] {docker.py:438} INFO - -rw-rw-r-- 1    1000 1000        0 Nov 11 11:31 json
[2025-11-19T18:59:53.330+0000] {docker.py:438} INFO - -rw-rw-r-- 1 root    root   374503 Nov 14 22:45 k6_continuous_load.log
[2025-11-19T18:59:53.333+0000] {docker.py:438} INFO - -rw-r--r-- 1    1000 1000     3953 Nov 14 22:45 k6_continuous_summary.json
[2025-11-19T18:59:53.333+0000] {docker.py:438} INFO - -rw-r--r-- 1    1000 1000     3433 Sep 25 09:28 k6_summary.json
[2025-11-19T18:59:53.335+0000] {docker.py:438} INFO - -rw-r--r-- 1    1000 1000      989 Sep 30 09:24 kubernetes_actions.json
[2025-11-19T18:59:53.335+0000] {docker.py:438} INFO - -rw-r--r-- 1    1000 1000    10961 Sep 30 09:23 kubernetes_actions.py
[2025-11-19T18:59:53.335+0000] {docker.py:438} INFO - -rw-r--r-- 1    1000 1000      945 Sep 21 16:40 load_test.json
[2025-11-19T18:59:53.336+0000] {docker.py:438} INFO - -rw-r--r-- 1    1000 1000      528 Sep 17 12:13 max_connection_experiment.json
[2025-11-19T18:59:53.337+0000] {docker.py:438} INFO - -rw-r--r-- 1    1000 1000     1227 Sep 13 15:20 memory-stress-rollback.json
[2025-11-19T18:59:53.338+0000] {docker.py:438} INFO - -rw-rw-r-- 1    1000 1000     1066 Oct 30 12:27 memory_stress.json
[2025-11-19T18:59:53.338+0000] {docker.py:438} INFO - -rw-rw-r-- 1    1000 1000     6653 Oct 29 06:18 memory_stress.py
[2025-11-19T18:59:53.339+0000] {docker.py:438} INFO - -rw-r--r-- 1    1000 1000     1421 Sep 29 05:20 mongo_db_container_restart.json
[2025-11-19T18:59:53.339+0000] {docker.py:438} INFO - -rw-r--r-- 1    1000 1000     7586 Sep 18 05:54 mongodb_actions.py
[2025-11-19T18:59:53.340+0000] {docker.py:438} INFO - -rw-r--r-- 1    1000 1000     2136 Sep 18 11:23 mongodb_connection.json
[2025-11-19T18:59:53.341+0000] {docker.py:438} INFO - -rw-r--r-- 1    1000 1000      597 Sep 16 09:17 mongodb_network_latency_experiment.json
[2025-11-19T18:59:53.342+0000] {docker.py:438} INFO - -rw-r--r-- 1    1000 1000     3657 Sep 18 05:42 mongodb_probes.py
[2025-11-19T18:59:53.345+0000] {docker.py:438} INFO - -rw-r--r-- 1    1000 1000     6161 Sep 12 08:04 pod_restart.py
[2025-11-19T18:59:53.345+0000] {docker.py:438} INFO - -rw-r--r-- 1    1000 1000     1497 Sep 30 05:50 redis_config_faults.py
[2025-11-19T18:59:53.345+0000] {docker.py:438} INFO - -rw-r--r-- 1    1000 1000      862 Sep 30 05:50 redis_experiment.json
[2025-11-19T18:59:53.346+0000] {docker.py:438} INFO - -rw-r--r-- 1    1000 1000      945 Sep 18 06:53 redis_load.json
[2025-11-19T18:59:53.348+0000] {docker.py:438} INFO - -rw-r--r-- 1    1000 1000     1634 Nov 11 09:16 redis_memory_stress_Azure.yaml
[2025-11-19T18:59:53.349+0000] {docker.py:438} INFO - -rw-rw-r-- 1    1000 1000     1333 Oct 21 09:39 reinitialize_application.yaml
[2025-11-19T18:59:53.349+0000] {docker.py:438} INFO - -rw-r--r-- 1    1000 1000     1284 Sep 25 10:53 run_load_test_with_cleanup.py
[2025-11-19T18:59:53.350+0000] {docker.py:438} INFO - -rw-rw-r-- 1    1000 1000     1307 Oct 27 10:33 sample_probe.yaml
[2025-11-19T18:59:53.350+0000] {docker.py:438} INFO - drwxr-xr-x 2    1000 1000     4096 Oct 22 06:46 scripts
[2025-11-19T18:59:53.352+0000] {docker.py:438} INFO - -rw-rw-r-- 1    1000 1000      272 Oct 27 08:51 simple-stress-test.yaml
[2025-11-19T18:59:53.352+0000] {docker.py:438} INFO - drwxr-xr-x 4    1000 1000     4096 Sep 30 09:41 socialNetwork
[2025-11-19T18:59:53.354+0000] {docker.py:438} INFO - -rw-r--r-- 1    1000 1000      821 Sep 26 13:20 stress_test.json
[2025-11-19T18:59:53.354+0000] {docker.py:438} INFO - -rw-rw-r-- 1    1000 1000      301 Oct 27 08:46 test-stress-fixed.yaml
[2025-11-19T18:59:53.355+0000] {docker.py:438} INFO - -rw-rw-r-- 1    1000 1000      295 Oct 27 08:49 test_after_fix.yaml
[2025-11-19T18:59:53.355+0000] {docker.py:438} INFO - -rw-r--r-- 1    1000 1000      367 Sep 17 07:24 test_params.json
[2025-11-19T18:59:53.356+0000] {docker.py:438} INFO - Starting Reinitializing the Social Networking Application...
[2025-11-19T18:59:54.536+0000] {docker.py:438} INFO - [32m[2025-11-19 18:59:54 INFO] Validating the experiment's syntax
[2025-11-19T18:59:55.560+0000] {docker.py:438} INFO - [32m[2025-11-19 18:59:55 INFO] Experiment looks valid
[2025-11-19T18:59:55.562+0000] {docker.py:438} INFO - [32m[2025-11-19 18:59:55 INFO] Running experiment: Simple Social Network Reset
[2025-11-19T18:59:55.567+0000] {docker.py:438} INFO - [32m[2025-11-19 18:59:55 INFO] Steady-state strategy: default
[2025-11-19T18:59:55.568+0000] {docker.py:438} INFO - [32m[2025-11-19 18:59:55 INFO] Rollbacks strategy: default
[2025-11-19T18:59:55.570+0000] {docker.py:438} INFO - [32m[2025-11-19 18:59:55 INFO] No steady state hypothesis defined. That's ok, just exploring.
[2025-11-19T18:59:55.570+0000] {docker.py:438} INFO - [32m[2025-11-19 18:59:55 INFO] Playing your experiment's method now...
[2025-11-19T18:59:55.571+0000] {docker.py:438} INFO - [32m[2025-11-19 18:59:55 INFO] Action: complete-reset-and-reinit
[2025-11-19T18:59:55.572+0000] {docker.py:438} INFO - INFO:kubernetes_actions:Starting complete reset and reinitialization...
[2025-11-19T18:59:55.573+0000] {docker.py:438} INFO - INFO:kubernetes_actions:Starting full social network reset...
[2025-11-19T18:59:55.574+0000] {docker.py:438} INFO - INFO:kubernetes_actions:Clearing Redis data...
[2025-11-19T18:59:55.620+0000] {docker.py:438} INFO - INFO:kubernetes_actions:Loaded local Kubernetes config
[2025-11-19T18:59:55.657+0000] {docker.py:438} INFO - INFO:kubernetes_actions:Loaded local Kubernetes config
[2025-11-19T18:59:55.689+0000] {docker.py:438} INFO - WARNING:urllib3.connectionpool:Retrying (Retry(total=2, connect=None, read=None, redirect=None, status=None)) after connection broken by 'NameResolutionError("<urllib3.connection.HTTPSConnection object at 0x7e1a93d8d290>: Failed to resolve 'otel-demo-dns-ivbxhllh.hcp.eastus.azmk8s.io' ([Errno -2] Name or service not known)")': /api/v1/namespaces/default/pods?labelSelector=app%3Dsocial-graph-redis
[2025-11-19T18:59:55.713+0000] {docker.py:438} INFO - WARNING:urllib3.connectionpool:Retrying (Retry(total=1, connect=None, read=None, redirect=None, status=None)) after connection broken by 'NameResolutionError("<urllib3.connection.HTTPSConnection object at 0x7e1a93d8da90>: Failed to resolve 'otel-demo-dns-ivbxhllh.hcp.eastus.azmk8s.io' ([Errno -2] Name or service not known)")': /api/v1/namespaces/default/pods?labelSelector=app%3Dsocial-graph-redis
[2025-11-19T18:59:55.742+0000] {docker.py:438} INFO - WARNING:urllib3.connectionpool:Retrying (Retry(total=0, connect=None, read=None, redirect=None, status=None)) after connection broken by 'NameResolutionError("<urllib3.connection.HTTPSConnection object at 0x7e1a93d8e8d0>: Failed to resolve 'otel-demo-dns-ivbxhllh.hcp.eastus.azmk8s.io' ([Errno -2] Name or service not known)")': /api/v1/namespaces/default/pods?labelSelector=app%3Dsocial-graph-redis
[2025-11-19T18:59:55.790+0000] {docker.py:438} INFO - [31m[2025-11-19 18:59:55 ERROR]   => failed: urllib3.exceptions.MaxRetryError: HTTPSConnectionPool(host='otel-demo-dns-ivbxhllh.hcp.eastus.azmk8s.io', port=443): Max retries exceeded with url: /api/v1/namespaces/default/pods?labelSelector=app%3Dsocial-graph-redis (Caused by NameResolutionError("<urllib3.connection.HTTPSConnection object at 0x7e1a93d8cb50>: Failed to resolve 'otel-demo-dns-ivbxhllh.hcp.eastus.azmk8s.io' ([Errno -2] Name or service not known)"))
[2025-11-19T18:59:55.793+0000] {docker.py:438} INFO - [32m[2025-11-19 18:59:55 INFO] Let's rollback...
[2025-11-19T18:59:55.794+0000] {docker.py:438} INFO - [32m[2025-11-19 18:59:55 INFO] No declared rollbacks, let's move on.
[2025-11-19T18:59:55.795+0000] {docker.py:438} INFO - [32m[2025-11-19 18:59:55 INFO] Experiment ended with status: completed
[2025-11-19T18:59:56.016+0000] {docker.py:438} INFO - Reinitialized Social Networking APplication successfully
[2025-11-19T18:59:56.432+0000] {taskinstance.py:340} INFO - ::group::Post task execution logs
[2025-11-19T18:59:56.433+0000] {taskinstance.py:352} INFO - Marking task as SUCCESS. dag_id=Reinitialize_Application, task_id=apply_container_restart_docker, run_id=manual__2025-11-19T18:59:28.787851+00:00, execution_date=20251119T185928, start_date=20251119T185930, end_date=20251119T185956
[2025-11-19T18:59:56.495+0000] {local_task_job_runner.py:266} INFO - Task exited with return code 0
[2025-11-19T18:59:56.531+0000] {taskinstance.py:3900} INFO - 0 downstream tasks scheduled from follow-on schedule check
[2025-11-19T18:59:56.534+0000] {local_task_job_runner.py:245} INFO - ::endgroup::
