[2025-10-24T05:20:08.189+0000] {local_task_job_runner.py:123} INFO - ::group::Pre task execution logs
[2025-10-24T05:20:08.217+0000] {taskinstance.py:2612} INFO - Dependencies all met for dep_context=non-requeueable deps ti=<TaskInstance: Reinitialize_Application.apply_container_restart_docker manual__2025-10-24T05:20:06.019473+00:00 [queued]>
[2025-10-24T05:20:08.230+0000] {taskinstance.py:2612} INFO - Dependencies all met for dep_context=requeueable deps ti=<TaskInstance: Reinitialize_Application.apply_container_restart_docker manual__2025-10-24T05:20:06.019473+00:00 [queued]>
[2025-10-24T05:20:08.231+0000] {taskinstance.py:2865} INFO - Starting attempt 1 of 1
[2025-10-24T05:20:08.257+0000] {taskinstance.py:2888} INFO - Executing <Task(DockerOperator): apply_container_restart_docker> on 2025-10-24 05:20:06.019473+00:00
[2025-10-24T05:20:08.269+0000] {standard_task_runner.py:72} INFO - Started process 3529 to run task
[2025-10-24T05:20:08.279+0000] {standard_task_runner.py:104} INFO - Running: ['***', 'tasks', 'run', 'Reinitialize_Application', 'apply_container_restart_docker', 'manual__2025-10-24T05:20:06.019473+00:00', '--job-id', '10731', '--raw', '--subdir', 'DAGS_FOLDER/dag_factory.py', '--cfg-path', '/tmp/tmpdwr_ego4']
[2025-10-24T05:20:08.281+0000] {standard_task_runner.py:105} INFO - Job 10731: Subtask apply_container_restart_docker
[2025-10-24T05:20:08.357+0000] {task_command.py:467} INFO - Running <TaskInstance: Reinitialize_Application.apply_container_restart_docker manual__2025-10-24T05:20:06.019473+00:00 [running]> on host workflow.y2twbfvcjkaujnl2bmtbxunhcb.cx.internal.cloudapp.net
[2025-10-24T05:20:08.531+0000] {taskinstance.py:3131} INFO - Exporting env vars: AIRFLOW_CTX_DAG_OWNER='***' AIRFLOW_CTX_DAG_ID='Reinitialize_Application' AIRFLOW_CTX_TASK_ID='apply_container_restart_docker' AIRFLOW_CTX_EXECUTION_DATE='2025-10-24T05:20:06.019473+00:00' AIRFLOW_CTX_TRY_NUMBER='1' AIRFLOW_CTX_DAG_RUN_ID='manual__2025-10-24T05:20:06.019473+00:00'
[2025-10-24T05:20:08.532+0000] {taskinstance.py:731} INFO - ::endgroup::
[2025-10-24T05:20:08.589+0000] {docker.py:367} INFO - Starting docker container from image priyanshu01ce/***_chaos:latest
[2025-10-24T05:20:09.834+0000] {docker.py:438} INFO - The container is run as root user. For security, consider using a regular user account.
[2025-10-24T05:21:00.896+0000] {docker.py:438} INFO - 
[2025-10-24T05:21:00.918+0000] {docker.py:438} INFO - total 2032
[2025-10-24T05:21:00.919+0000] {docker.py:438} INFO - drwxr-xr-x 6    1000 1000    4096 Oct 24 01:43 .
[2025-10-24T05:21:00.919+0000] {docker.py:438} INFO - drwxr-xr-x 1 *** root    4096 Sep 26 10:44 ..
[2025-10-24T05:21:00.920+0000] {docker.py:438} INFO - -rw-r--r-- 1    1000 1000    1193 Sep  8 07:02 API_Latency.json
[2025-10-24T05:21:00.920+0000] {docker.py:438} INFO - -rw-r--r-- 1    1000 1000     729 Sep  9 10:30 API_Timeout.json
[2025-10-24T05:21:00.921+0000] {docker.py:438} INFO - -rw-r--r-- 1    1000 1000    1331 Oct  7 18:22 Continuous_Load_Test_Azure.yaml
[2025-10-24T05:21:00.921+0000] {docker.py:438} INFO - -rw-r--r-- 1    1000 1000    1266 Oct 10 06:39 Memory_Stress_Test_Azure.yaml
[2025-10-24T05:21:00.922+0000] {docker.py:438} INFO - -rw-r--r-- 1    1000 1000    1178 Sep 30 18:19 Stress_Test_Azure.yaml
[2025-10-24T05:21:00.922+0000] {docker.py:438} INFO - drwxrwxr-x 2 root    root    4096 Oct 21 09:41 __pycache__
[2025-10-24T05:21:00.922+0000] {docker.py:438} INFO - drwxrwxr-x 5    1000 1000    4096 Oct 21 08:05 chaos_env
[2025-10-24T05:21:00.923+0000] {docker.py:438} INFO - -rw-r--r-- 1    1000 1000    8875 Sep 25 16:54 chaosk6_actions.py
[2025-10-24T05:21:00.923+0000] {docker.py:438} INFO - -rw-rw-r-- 1    1000 1000 1427097 Oct 24 05:11 chaostoolkit.log
[2025-10-24T05:21:00.924+0000] {docker.py:438} INFO - -rw-rw-r-- 1    1000 1000    1421 Oct 23 09:34 check.py
[2025-10-24T05:21:00.925+0000] {docker.py:438} INFO - -rw-r--r-- 1    1000 1000    3213 Sep  9 09:11 combined-sequential.json
[2025-10-24T05:21:00.925+0000] {docker.py:438} INFO - -rw-r--r-- 1    1000 1000     502 Sep 16 05:31 connection_test_experiment.json
[2025-10-24T05:21:00.926+0000] {docker.py:438} INFO - -rw-rw-r-- 1    1000 1000     692 Oct 24 01:43 container_probe.json
[2025-10-24T05:21:00.926+0000] {docker.py:438} INFO - -rw-rw-r-- 1    1000 1000    2533 Oct 23 09:28 container_probe.yaml
[2025-10-24T05:21:00.927+0000] {docker.py:438} INFO - -rw-r--r-- 1    1000 1000    1420 Sep 24 06:53 container_restart.json
[2025-10-24T05:21:00.928+0000] {docker.py:438} INFO - -rw-r--r-- 1    1000 1000   16452 Sep 26 09:59 container_restart.py
[2025-10-24T05:21:00.929+0000] {docker.py:438} INFO - -rw-r--r-- 1    1000 1000    1313 Oct  9 06:32 container_restart_Azure.yaml
[2025-10-24T05:21:00.929+0000] {docker.py:438} INFO - -rw-r--r-- 1    1000 1000    1409 Sep 18 12:30 continuous_load_test.json
[2025-10-24T05:21:00.929+0000] {docker.py:438} INFO - -rw-r--r-- 1    1000 1000    1637 Sep 25 10:13 cordon-uncordon-node.json
[2025-10-24T05:21:00.930+0000] {docker.py:438} INFO - -rw-r--r-- 1    1000 1000    1637 Sep 25 04:39 cordon_test.json
[2025-10-24T05:21:00.931+0000] {docker.py:438} INFO - -rw-r--r-- 1    1000 1000    1034 Sep 30 18:27 cordon_uncordon_node_Azure.yaml
[2025-10-24T05:21:00.931+0000] {docker.py:438} INFO - -rw-r--r-- 1    1000 1000    1203 Sep 30 06:51 cpu_stress_ng.json
[2025-10-24T05:21:00.931+0000] {docker.py:438} INFO - -rw-r--r-- 1    1000 1000    1760 Oct 21 08:00 db_cleanup.json
[2025-10-24T05:21:00.932+0000] {docker.py:438} INFO - -rw-r--r-- 1    1000 1000    6399 Sep 24 07:40 db_cleanup.py
[2025-10-24T05:21:00.932+0000] {docker.py:438} INFO - -rw-r--r-- 1    1000 1000    1661 Oct 24 05:11 journal.json
[2025-10-24T05:21:00.934+0000] {docker.py:438} INFO - -rw-rw-r-- 1 root    root  373585 Oct 22 14:45 k6_continuous_load.log
[2025-10-24T05:21:00.934+0000] {docker.py:438} INFO - -rw-r--r-- 1    1000 1000    3944 Oct 22 14:45 k6_continuous_summary.json
[2025-10-24T05:21:00.934+0000] {docker.py:438} INFO - -rw-r--r-- 1    1000 1000    3433 Sep 25 09:28 k6_summary.json
[2025-10-24T05:21:00.935+0000] {docker.py:438} INFO - -rw-r--r-- 1    1000 1000     989 Sep 30 09:24 kubernetes_actions.json
[2025-10-24T05:21:00.935+0000] {docker.py:438} INFO - -rw-r--r-- 1    1000 1000   10961 Sep 30 09:23 kubernetes_actions.py
[2025-10-24T05:21:00.936+0000] {docker.py:438} INFO - -rw-r--r-- 1    1000 1000     945 Sep 21 16:40 load_test.json
[2025-10-24T05:21:00.937+0000] {docker.py:438} INFO - -rw-r--r-- 1    1000 1000     528 Sep 17 12:13 max_connection_experiment.json
[2025-10-24T05:21:00.937+0000] {docker.py:438} INFO - -rw-r--r-- 1    1000 1000    1227 Sep 13 15:20 memory-stress-rollback.json
[2025-10-24T05:21:00.938+0000] {docker.py:438} INFO - -rw-rw-r-- 1    1000 1000     982 Oct 10 06:38 memory_stress.json
[2025-10-24T05:21:00.938+0000] {docker.py:438} INFO - -rw-rw-r-- 1    1000 1000    4581 Oct 10 06:38 memory_stress.py
[2025-10-24T05:21:00.939+0000] {docker.py:438} INFO - -rw-r--r-- 1    1000 1000    1421 Sep 29 05:20 mongo_db_container_restart.json
[2025-10-24T05:21:00.940+0000] {docker.py:438} INFO - -rw-r--r-- 1    1000 1000    7586 Sep 18 05:54 mongodb_actions.py
[2025-10-24T05:21:00.940+0000] {docker.py:438} INFO - -rw-r--r-- 1    1000 1000    2136 Sep 18 11:23 mongodb_connection.json
[2025-10-24T05:21:00.940+0000] {docker.py:438} INFO - -rw-r--r-- 1    1000 1000     597 Sep 16 09:17 mongodb_network_latency_experiment.json
[2025-10-24T05:21:00.941+0000] {docker.py:438} INFO - -rw-r--r-- 1    1000 1000    3657 Sep 18 05:42 mongodb_probes.py
[2025-10-24T05:21:00.942+0000] {docker.py:438} INFO - -rw-r--r-- 1    1000 1000    6161 Sep 12 08:04 pod_restart.py
[2025-10-24T05:21:00.943+0000] {docker.py:438} INFO - -rw-r--r-- 1    1000 1000    1497 Sep 30 05:50 redis_config_faults.py
[2025-10-24T05:21:00.943+0000] {docker.py:438} INFO - -rw-r--r-- 1    1000 1000     862 Sep 30 05:50 redis_experiment.json
[2025-10-24T05:21:00.943+0000] {docker.py:438} INFO - -rw-r--r-- 1    1000 1000     945 Sep 18 06:53 redis_load.json
[2025-10-24T05:21:00.945+0000] {docker.py:438} INFO - -rw-r--r-- 1    1000 1000    1306 Oct  9 16:34 redis_memory_stress_Azure.yaml
[2025-10-24T05:21:00.945+0000] {docker.py:438} INFO - -rw-rw-r-- 1    1000 1000    1333 Oct 21 09:39 reinitialize_application.yaml
[2025-10-24T05:21:00.946+0000] {docker.py:438} INFO - -rw-r--r-- 1    1000 1000    1284 Sep 25 10:53 run_load_test_with_cleanup.py
[2025-10-24T05:21:00.946+0000] {docker.py:438} INFO - -rw-rw-r-- 1    1000 1000    1497 Oct 23 09:39 sample_probe.yaml
[2025-10-24T05:21:00.947+0000] {docker.py:438} INFO - drwxr-xr-x 2    1000 1000    4096 Oct 22 06:46 scripts
[2025-10-24T05:21:00.947+0000] {docker.py:438} INFO - drwxr-xr-x 4    1000 1000    4096 Sep 30 09:41 socialNetwork
[2025-10-24T05:21:00.948+0000] {docker.py:438} INFO - -rw-r--r-- 1    1000 1000     821 Sep 26 13:20 stress_test.json
[2025-10-24T05:21:00.948+0000] {docker.py:438} INFO - -rw-r--r-- 1    1000 1000     367 Sep 17 07:24 test_params.json
[2025-10-24T05:21:00.950+0000] {docker.py:438} INFO - Starting Reinitializing the Social Networking Application...
[2025-10-24T05:21:01.831+0000] {docker.py:438} INFO - [32m[2025-10-24 05:21:01 INFO] Validating the experiment's syntax
[2025-10-24T05:21:02.733+0000] {docker.py:438} INFO - [32m[2025-10-24 05:21:02 INFO] Experiment looks valid
[2025-10-24T05:21:02.735+0000] {docker.py:438} INFO - [32m[2025-10-24 05:21:02 INFO] Running experiment: Simple Social Network Reset
[2025-10-24T05:21:02.740+0000] {docker.py:438} INFO - [32m[2025-10-24 05:21:02 INFO] Steady-state strategy: default
[2025-10-24T05:21:02.741+0000] {docker.py:438} INFO - [32m[2025-10-24 05:21:02 INFO] Rollbacks strategy: default
[2025-10-24T05:21:02.742+0000] {docker.py:438} INFO - [32m[2025-10-24 05:21:02 INFO] No steady state hypothesis defined. That's ok, just exploring.
[2025-10-24T05:21:02.743+0000] {docker.py:438} INFO - [32m[2025-10-24 05:21:02 INFO] Playing your experiment's method now...
[2025-10-24T05:21:02.744+0000] {docker.py:438} INFO - [32m[2025-10-24 05:21:02 INFO] Action: complete-reset-and-reinit
[2025-10-24T05:21:02.745+0000] {docker.py:438} INFO - INFO:kubernetes_actions:Starting complete reset and reinitialization...
[2025-10-24T05:21:02.746+0000] {docker.py:438} INFO - INFO:kubernetes_actions:Starting full social network reset...
[2025-10-24T05:21:02.747+0000] {docker.py:438} INFO - INFO:kubernetes_actions:Clearing Redis data...
[2025-10-24T05:21:02.780+0000] {docker.py:438} INFO - INFO:kubernetes_actions:Loaded local Kubernetes config
[2025-10-24T05:21:02.802+0000] {docker.py:438} INFO - INFO:kubernetes_actions:Loaded local Kubernetes config
[2025-10-24T05:21:03.121+0000] {docker.py:438} INFO - INFO:kubernetes_actions:Found running pod: social-graph-redis-64bd79b48b-872bt for deployment: social-graph-redis
[2025-10-24T05:21:03.123+0000] {docker.py:438} INFO - INFO:kubernetes_actions:Executing command in pod social-graph-redis-64bd79b48b-872bt, container social-graph-redis: redis-cli FLUSHALL
[2025-10-24T05:21:04.485+0000] {docker.py:438} INFO - INFO:kubernetes_actions:Command executed successfully. Output: OK
[2025-10-24T05:21:04.502+0000] {docker.py:438} INFO - INFO:kubernetes_actions:Loaded local Kubernetes config
[2025-10-24T05:21:04.554+0000] {docker.py:438} INFO - INFO:kubernetes_actions:Loaded local Kubernetes config
[2025-10-24T05:21:04.932+0000] {docker.py:438} INFO - INFO:kubernetes_actions:Found running pod: home-timeline-redis-744dd9998f-pjkn8 for deployment: home-timeline-redis
[2025-10-24T05:21:04.934+0000] {docker.py:438} INFO - INFO:kubernetes_actions:Executing command in pod home-timeline-redis-744dd9998f-pjkn8, container home-timeline-redis: redis-cli FLUSHALL
[2025-10-24T05:21:06.311+0000] {docker.py:438} INFO - INFO:kubernetes_actions:Command executed successfully. Output: OK
[2025-10-24T05:21:06.357+0000] {docker.py:438} INFO - INFO:kubernetes_actions:Loaded local Kubernetes config
[2025-10-24T05:21:06.373+0000] {docker.py:438} INFO - INFO:kubernetes_actions:Loaded local Kubernetes config
[2025-10-24T05:21:06.620+0000] {docker.py:438} INFO - INFO:kubernetes_actions:Found running pod: user-timeline-redis-7b8f6ff4fb-nnwvw for deployment: user-timeline-redis
[2025-10-24T05:21:06.622+0000] {docker.py:438} INFO - INFO:kubernetes_actions:Executing command in pod user-timeline-redis-7b8f6ff4fb-nnwvw, container user-timeline-redis: redis-cli FLUSHALL
[2025-10-24T05:21:07.947+0000] {docker.py:438} INFO - INFO:kubernetes_actions:Command executed successfully. Output: OK
[2025-10-24T05:21:07.948+0000] {docker.py:438} INFO - INFO:kubernetes_actions:Clearing Memcached data...
[2025-10-24T05:21:07.966+0000] {docker.py:438} INFO - INFO:kubernetes_actions:Loaded local Kubernetes config
[2025-10-24T05:21:07.983+0000] {docker.py:438} INFO - INFO:kubernetes_actions:Loaded local Kubernetes config
[2025-10-24T05:21:08.372+0000] {docker.py:438} INFO - INFO:kubernetes_actions:Found running pod: post-storage-memcached-67c6cc65cc-kzdlc for deployment: post-storage-memcached
[2025-10-24T05:21:08.373+0000] {docker.py:438} INFO - INFO:kubernetes_actions:Executing command in pod post-storage-memcached-67c6cc65cc-kzdlc, container post-storage-memcached: sh -c echo 'flush_all' | nc localhost 11211
[2025-10-24T05:21:09.722+0000] {docker.py:438} INFO - INFO:kubernetes_actions:Command executed successfully. Output: sh: 1: nc: not found
[2025-10-24T05:21:09.739+0000] {docker.py:438} INFO - INFO:kubernetes_actions:Loaded local Kubernetes config
[2025-10-24T05:21:09.756+0000] {docker.py:438} INFO - INFO:kubernetes_actions:Loaded local Kubernetes config
[2025-10-24T05:21:10.125+0000] {docker.py:438} INFO - INFO:kubernetes_actions:Found running pod: user-memcached-56f89988c-68wlh for deployment: user-memcached
[2025-10-24T05:21:10.132+0000] {docker.py:438} INFO - INFO:kubernetes_actions:Executing command in pod user-memcached-56f89988c-68wlh, container user-memcached: sh -c echo 'flush_all' | nc localhost 11211
[2025-10-24T05:21:11.532+0000] {docker.py:438} INFO - INFO:kubernetes_actions:Command executed successfully. Output: sh: 1: nc: not found
[2025-10-24T05:21:11.533+0000] {docker.py:438} INFO - 
[2025-10-24T05:21:11.533+0000] {docker.py:438} INFO - INFO:kubernetes_actions:Dropping MongoDB databases...
[2025-10-24T05:21:11.549+0000] {docker.py:438} INFO - INFO:kubernetes_actions:Loaded local Kubernetes config
[2025-10-24T05:21:11.566+0000] {docker.py:438} INFO - INFO:kubernetes_actions:Loaded local Kubernetes config
[2025-10-24T05:21:11.853+0000] {docker.py:438} INFO - INFO:kubernetes_actions:Found running pod: post-storage-mongodb-7f7657964c-qvfvs for deployment: post-storage-mongodb
[2025-10-24T05:21:11.855+0000] {docker.py:438} INFO - INFO:kubernetes_actions:Executing command in pod post-storage-mongodb-7f7657964c-qvfvs, container post-storage-mongodb: mongo --eval db.getSiblingDB('post').dropDatabase()
[2025-10-24T05:21:13.394+0000] {docker.py:438} INFO - INFO:kubernetes_actions:Command executed successfully. Output: MongoDB shell version v4.4.6
[2025-10-24T05:21:13.395+0000] {docker.py:438} INFO - connecting to: mongodb://127.0.0.1:27017/?compressors=disabled&gssapiServiceName=mongodb
[2025-10-24T05:21:13.395+0000] {docker.py:438} INFO - Implicit session: session { "id" : UUID("9d5ea797-d3f9-48e9-8360-e66c6535d39a") }
[2025-10-24T05:21:13.396+0000] {docker.py:438} INFO - MongoDB server version: 4.4.6
[2025-10-24T05:21:13.396+0000] {docker.py:438} INFO - { "dropped" : "post", "ok" : 1 }
[2025-10-24T05:21:13.413+0000] {docker.py:438} INFO - INFO:kubernetes_actions:Loaded local Kubernetes config
[2025-10-24T05:21:13.432+0000] {docker.py:438} INFO - INFO:kubernetes_actions:Loaded local Kubernetes config
[2025-10-24T05:21:13.694+0000] {docker.py:438} INFO - INFO:kubernetes_actions:Found running pod: post-storage-mongodb-7f7657964c-qvfvs for deployment: post-storage-mongodb
[2025-10-24T05:21:13.695+0000] {docker.py:438} INFO - INFO:kubernetes_actions:Executing command in pod post-storage-mongodb-7f7657964c-qvfvs, container post-storage-mongodb: mongo --eval db.getSiblingDB('READ__ME_TO_RECOVER_YOUR_DATA').dropDatabase()
[2025-10-24T05:21:15.209+0000] {docker.py:438} INFO - INFO:kubernetes_actions:Command executed successfully. Output: MongoDB shell version v4.4.6
[2025-10-24T05:21:15.210+0000] {docker.py:438} INFO - connecting to: mongodb://127.0.0.1:27017/?compressors=disabled&gssapiServiceName=mongodb
[2025-10-24T05:21:15.210+0000] {docker.py:438} INFO - Implicit session: session { "id" : UUID("4a96e176-2379-4867-8af3-933180f0d345") }
[2025-10-24T05:21:15.211+0000] {docker.py:438} INFO - MongoDB server version: 4.4.6
[2025-10-24T05:21:15.211+0000] {docker.py:438} INFO - { "ok" : 1 }
[2025-10-24T05:21:15.242+0000] {docker.py:438} INFO - INFO:kubernetes_actions:Loaded local Kubernetes config
[2025-10-24T05:21:15.285+0000] {docker.py:438} INFO - INFO:kubernetes_actions:Loaded local Kubernetes config
[2025-10-24T05:21:15.640+0000] {docker.py:438} INFO - INFO:kubernetes_actions:Found running pod: user-mongodb-f95b7d968-bhjcd for deployment: user-mongodb
[2025-10-24T05:21:15.641+0000] {docker.py:438} INFO - INFO:kubernetes_actions:Executing command in pod user-mongodb-f95b7d968-bhjcd, container user-mongodb: mongo --eval db.getSiblingDB('user').dropDatabase()
[2025-10-24T05:21:17.104+0000] {docker.py:438} INFO - INFO:kubernetes_actions:Command executed successfully. Output: MongoDB shell version v4.4.6
[2025-10-24T05:21:17.105+0000] {docker.py:438} INFO - connecting to: mongodb://127.0.0.1:27017/?compressors=disabled&gssapiServiceName=mongodb
[2025-10-24T05:21:17.105+0000] {docker.py:438} INFO - Implicit session: session { "id" : UUID("833bfae4-f51e-4349-a00c-1ef5fac8c1f5") }
[2025-10-24T05:21:17.108+0000] {docker.py:438} INFO - MongoDB server version: 4.4.6
[2025-10-24T05:21:17.108+0000] {docker.py:438} INFO - { "dropped" : "user", "ok" : 1 }
[2025-10-24T05:21:17.123+0000] {docker.py:438} INFO - INFO:kubernetes_actions:Loaded local Kubernetes config
[2025-10-24T05:21:17.156+0000] {docker.py:438} INFO - INFO:kubernetes_actions:Loaded local Kubernetes config
[2025-10-24T05:21:17.499+0000] {docker.py:438} INFO - INFO:kubernetes_actions:Found running pod: user-mongodb-f95b7d968-bhjcd for deployment: user-mongodb
[2025-10-24T05:21:17.501+0000] {docker.py:438} INFO - INFO:kubernetes_actions:Executing command in pod user-mongodb-f95b7d968-bhjcd, container user-mongodb: mongo --eval db.getSiblingDB('READ__ME_TO_RECOVER_YOUR_DATA').dropDatabase()
[2025-10-24T05:21:19.009+0000] {docker.py:438} INFO - INFO:kubernetes_actions:Command executed successfully. Output: MongoDB shell version v4.4.6
[2025-10-24T05:21:19.010+0000] {docker.py:438} INFO - connecting to: mongodb://127.0.0.1:27017/?compressors=disabled&gssapiServiceName=mongodb
[2025-10-24T05:21:19.010+0000] {docker.py:438} INFO - Implicit session: session { "id" : UUID("74331b8d-8897-445d-ab1f-5c22544ae230") }
[2025-10-24T05:21:19.010+0000] {docker.py:438} INFO - MongoDB server version: 4.4.6
[2025-10-24T05:21:19.013+0000] {docker.py:438} INFO - { "ok" : 1 }
[2025-10-24T05:21:19.087+0000] {docker.py:438} INFO - INFO:kubernetes_actions:Loaded local Kubernetes config
[2025-10-24T05:21:19.125+0000] {docker.py:438} INFO - INFO:kubernetes_actions:Loaded local Kubernetes config
[2025-10-24T05:21:19.418+0000] {docker.py:438} INFO - INFO:kubernetes_actions:Found running pod: social-graph-mongodb-77fd77d9f4-ckft8 for deployment: social-graph-mongodb
[2025-10-24T05:21:19.420+0000] {docker.py:438} INFO - INFO:kubernetes_actions:Executing command in pod social-graph-mongodb-77fd77d9f4-ckft8, container social-graph-mongodb: mongo --eval db.getSiblingDB('social-graph').dropDatabase()
[2025-10-24T05:21:20.991+0000] {docker.py:438} INFO - INFO:kubernetes_actions:Command executed successfully. Output: MongoDB shell version v4.4.6
[2025-10-24T05:21:20.992+0000] {docker.py:438} INFO - connecting to: mongodb://127.0.0.1:27017/?compressors=disabled&gssapiServiceName=mongodb
[2025-10-24T05:21:20.992+0000] {docker.py:438} INFO - Implicit session: session { "id" : UUID("d4a8cc27-7134-4607-a402-0fb015314838") }
[2025-10-24T05:21:20.993+0000] {docker.py:438} INFO - MongoDB server version: 4.4.6
[2025-10-24T05:21:20.993+0000] {docker.py:438} INFO - { "dropped" : "social-graph", "ok" : 1 }
[2025-10-24T05:21:21.017+0000] {docker.py:438} INFO - INFO:kubernetes_actions:Loaded local Kubernetes config
[2025-10-24T05:21:21.060+0000] {docker.py:438} INFO - INFO:kubernetes_actions:Loaded local Kubernetes config
[2025-10-24T05:21:21.422+0000] {docker.py:438} INFO - INFO:kubernetes_actions:Found running pod: social-graph-mongodb-77fd77d9f4-ckft8 for deployment: social-graph-mongodb
[2025-10-24T05:21:21.424+0000] {docker.py:438} INFO - INFO:kubernetes_actions:Executing command in pod social-graph-mongodb-77fd77d9f4-ckft8, container social-graph-mongodb: mongo --eval db.getSiblingDB('READ__ME_TO_RECOVER_YOUR_DATA').dropDatabase()
[2025-10-24T05:21:22.909+0000] {docker.py:438} INFO - INFO:kubernetes_actions:Command executed successfully. Output: MongoDB shell version v4.4.6
[2025-10-24T05:21:22.910+0000] {docker.py:438} INFO - connecting to: mongodb://127.0.0.1:27017/?compressors=disabled&gssapiServiceName=mongodb
[2025-10-24T05:21:22.910+0000] {docker.py:438} INFO - Implicit session: session { "id" : UUID("e4a06fd3-6051-4d57-b6d3-534f988d01f8") }
[2025-10-24T05:21:22.911+0000] {docker.py:438} INFO - MongoDB server version: 4.4.6
[2025-10-24T05:21:22.911+0000] {docker.py:438} INFO - { "ok" : 1 }
[2025-10-24T05:21:22.927+0000] {docker.py:438} INFO - INFO:kubernetes_actions:Loaded local Kubernetes config
[2025-10-24T05:21:22.945+0000] {docker.py:438} INFO - INFO:kubernetes_actions:Loaded local Kubernetes config
[2025-10-24T05:21:23.204+0000] {docker.py:438} INFO - INFO:kubernetes_actions:Found running pod: user-timeline-mongodb-6ff9797bfc-wz2jn for deployment: user-timeline-mongodb
[2025-10-24T05:21:23.206+0000] {docker.py:438} INFO - INFO:kubernetes_actions:Executing command in pod user-timeline-mongodb-6ff9797bfc-wz2jn, container user-timeline-mongodb: mongo --eval db.getSiblingDB('user-timeline').dropDatabase()
[2025-10-24T05:21:24.703+0000] {docker.py:438} INFO - INFO:kubernetes_actions:Command executed successfully. Output: MongoDB shell version v4.4.6
[2025-10-24T05:21:24.704+0000] {docker.py:438} INFO - connecting to: mongodb://127.0.0.1:27017/?compressors=disabled&gssapiServiceName=mongodb
[2025-10-24T05:21:24.704+0000] {docker.py:438} INFO - Implicit session: session { "id" : UUID("5a3e3775-4b1f-4e83-999f-989b95c6f0ff") }
[2025-10-24T05:21:24.705+0000] {docker.py:438} INFO - MongoDB server version: 4.4.6
[2025-10-24T05:21:24.705+0000] {docker.py:438} INFO - { "dropped" : "user-timeline", "ok" : 1 }
[2025-10-24T05:21:24.743+0000] {docker.py:438} INFO - INFO:kubernetes_actions:Loaded local Kubernetes config
[2025-10-24T05:21:24.760+0000] {docker.py:438} INFO - INFO:kubernetes_actions:Loaded local Kubernetes config
[2025-10-24T05:21:25.031+0000] {docker.py:438} INFO - INFO:kubernetes_actions:Found running pod: user-timeline-mongodb-6ff9797bfc-wz2jn for deployment: user-timeline-mongodb
[2025-10-24T05:21:25.033+0000] {docker.py:438} INFO - INFO:kubernetes_actions:Executing command in pod user-timeline-mongodb-6ff9797bfc-wz2jn, container user-timeline-mongodb: mongo --eval db.getSiblingDB('READ__ME_TO_RECOVER_YOUR_DATA').dropDatabase()
[2025-10-24T05:21:26.498+0000] {docker.py:438} INFO - INFO:kubernetes_actions:Command executed successfully. Output: MongoDB shell version v4.4.6
[2025-10-24T05:21:26.498+0000] {docker.py:438} INFO - connecting to: mongodb://127.0.0.1:27017/?compressors=disabled&gssapiServiceName=mongodb
[2025-10-24T05:21:26.499+0000] {docker.py:438} INFO - Implicit session: session { "id" : UUID("0e1b8e42-b224-4c82-8814-9d0f6bf4bf66") }
[2025-10-24T05:21:26.499+0000] {docker.py:438} INFO - MongoDB server version: 4.4.6
[2025-10-24T05:21:26.500+0000] {docker.py:438} INFO - { "ok" : 1 }
[2025-10-24T05:21:26.500+0000] {docker.py:438} INFO - 
[2025-10-24T05:21:26.501+0000] {docker.py:438} INFO - INFO:kubernetes_actions:Full social network reset completed
[2025-10-24T05:21:31.515+0000] {docker.py:438} INFO - INFO:kubernetes_actions:Loaded local Kubernetes config
[2025-10-24T05:21:31.517+0000] {docker.py:438} INFO - INFO:kubernetes_actions:Restarting deployment: social-graph-service
[2025-10-24T05:21:31.899+0000] {docker.py:438} INFO - INFO:kubernetes_actions:✅ Successfully restarted social-graph-service
[2025-10-24T05:21:31.900+0000] {docker.py:438} INFO - INFO:kubernetes_actions:Restarting deployment: user-service
[2025-10-24T05:21:32.077+0000] {docker.py:438} INFO - INFO:kubernetes_actions:✅ Successfully restarted user-service
[2025-10-24T05:21:32.078+0000] {docker.py:438} INFO - INFO:kubernetes_actions:Restarting deployment: post-storage-service
[2025-10-24T05:21:32.258+0000] {docker.py:438} INFO - INFO:kubernetes_actions:✅ Successfully restarted post-storage-service
[2025-10-24T05:21:32.260+0000] {docker.py:438} INFO - INFO:kubernetes_actions:Restarting deployment: compose-post-service
[2025-10-24T05:21:32.439+0000] {docker.py:438} INFO - INFO:kubernetes_actions:✅ Successfully restarted compose-post-service
[2025-10-24T05:21:32.440+0000] {docker.py:438} INFO - INFO:kubernetes_actions:Restarting deployment: home-timeline-service
[2025-10-24T05:21:32.612+0000] {docker.py:438} INFO - INFO:kubernetes_actions:✅ Successfully restarted home-timeline-service
[2025-10-24T05:21:32.614+0000] {docker.py:438} INFO - INFO:kubernetes_actions:Restarting deployment: user-timeline-service
[2025-10-24T05:21:32.808+0000] {docker.py:438} INFO - INFO:kubernetes_actions:✅ Successfully restarted user-timeline-service
[2025-10-24T05:21:32.809+0000] {docker.py:438} INFO - INFO:kubernetes_actions:Restarting deployment: nginx-thrift
[2025-10-24T05:21:33.032+0000] {docker.py:438} INFO - INFO:kubernetes_actions:✅ Successfully restarted nginx-thrift
[2025-10-24T05:21:33.034+0000] {docker.py:438} INFO - INFO:kubernetes_actions:Restarting deployment: text-service
[2025-10-24T05:21:33.221+0000] {docker.py:438} INFO - INFO:kubernetes_actions:✅ Successfully restarted text-service
[2025-10-24T05:21:33.223+0000] {docker.py:438} INFO - INFO:kubernetes_actions:Restarting deployment: unique-id-service
[2025-10-24T05:21:33.407+0000] {docker.py:438} INFO - INFO:kubernetes_actions:✅ Successfully restarted unique-id-service
[2025-10-24T05:21:33.408+0000] {docker.py:438} INFO - INFO:kubernetes_actions:Restarting deployment: user-mention-service
[2025-10-24T05:21:33.587+0000] {docker.py:438} INFO - INFO:kubernetes_actions:✅ Successfully restarted user-mention-service
[2025-10-24T05:21:33.588+0000] {docker.py:438} INFO - INFO:kubernetes_actions:Waiting 90 seconds for services to restart...
[2025-10-24T05:23:03.589+0000] {docker.py:438} INFO - INFO:kubernetes_actions:Reinitializing social network data...
[2025-10-24T05:34:09.991+0000] {docker.py:438} INFO - INFO:kubernetes_actions:Social network reinitialization completed successfully
[2025-10-24T05:34:09.992+0000] {docker.py:438} INFO - [32m[2025-10-24 05:34:09 INFO] Let's rollback...
[2025-10-24T05:34:09.992+0000] {docker.py:438} INFO - [32m[2025-10-24 05:34:09 INFO] No declared rollbacks, let's move on.
[2025-10-24T05:34:09.995+0000] {docker.py:438} INFO - [32m[2025-10-24 05:34:09 INFO] Experiment ended with status: completed
[2025-10-24T05:34:10.231+0000] {docker.py:438} INFO - Reinitialized Social Networking APplication successfully
[2025-10-24T05:34:10.580+0000] {taskinstance.py:340} INFO - ::group::Post task execution logs
[2025-10-24T05:34:10.581+0000] {taskinstance.py:352} INFO - Marking task as SUCCESS. dag_id=Reinitialize_Application, task_id=apply_container_restart_docker, run_id=manual__2025-10-24T05:20:06.019473+00:00, execution_date=20251024T052006, start_date=20251024T052008, end_date=20251024T053410
[2025-10-24T05:34:10.650+0000] {local_task_job_runner.py:266} INFO - Task exited with return code 0
[2025-10-24T05:34:10.676+0000] {taskinstance.py:3900} INFO - 0 downstream tasks scheduled from follow-on schedule check
[2025-10-24T05:34:10.679+0000] {local_task_job_runner.py:245} INFO - ::endgroup::
