[2025-10-13T03:00:02.796+0000] {local_task_job_runner.py:123} INFO - ::group::Pre task execution logs
[2025-10-13T03:00:02.891+0000] {taskinstance.py:2612} INFO - Dependencies all met for dep_context=non-requeueable deps ti=<TaskInstance: Cordon_Uncordon_Node.apply_cordon_uncordon_node scheduled__2025-10-13T00:00:00+00:00 [queued]>
[2025-10-13T03:00:02.949+0000] {taskinstance.py:2612} INFO - Dependencies all met for dep_context=requeueable deps ti=<TaskInstance: Cordon_Uncordon_Node.apply_cordon_uncordon_node scheduled__2025-10-13T00:00:00+00:00 [queued]>
[2025-10-13T03:00:02.949+0000] {taskinstance.py:2865} INFO - Starting attempt 1 of 1
[2025-10-13T03:00:03.005+0000] {taskinstance.py:2888} INFO - Executing <Task(DockerOperator): apply_cordon_uncordon_node> on 2025-10-13 00:00:00+00:00
[2025-10-13T03:00:03.031+0000] {standard_task_runner.py:72} INFO - Started process 899 to run task
[2025-10-13T03:00:03.045+0000] {standard_task_runner.py:104} INFO - Running: ['***', 'tasks', 'run', 'Cordon_Uncordon_Node', 'apply_cordon_uncordon_node', 'scheduled__2025-10-13T00:00:00+00:00', '--job-id', '7975', '--raw', '--subdir', 'DAGS_FOLDER/dag_factory.py', '--cfg-path', '/tmp/tmp5a9ox2hv']
[2025-10-13T03:00:03.050+0000] {standard_task_runner.py:105} INFO - Job 7975: Subtask apply_cordon_uncordon_node
[2025-10-13T03:00:03.239+0000] {task_command.py:467} INFO - Running <TaskInstance: Cordon_Uncordon_Node.apply_cordon_uncordon_node scheduled__2025-10-13T00:00:00+00:00 [running]> on host workflow.y2twbfvcjkaujnl2bmtbxunhcb.cx.internal.cloudapp.net
[2025-10-13T03:00:03.555+0000] {taskinstance.py:3131} INFO - Exporting env vars: AIRFLOW_CTX_DAG_OWNER='***' AIRFLOW_CTX_DAG_ID='Cordon_Uncordon_Node' AIRFLOW_CTX_TASK_ID='apply_cordon_uncordon_node' AIRFLOW_CTX_EXECUTION_DATE='2025-10-13T00:00:00+00:00' AIRFLOW_CTX_TRY_NUMBER='1' AIRFLOW_CTX_DAG_RUN_ID='scheduled__2025-10-13T00:00:00+00:00'
[2025-10-13T03:00:03.560+0000] {taskinstance.py:731} INFO - ::endgroup::
[2025-10-13T03:00:03.663+0000] {docker.py:367} INFO - Starting docker container from image ***_chaos:latest
[2025-10-13T03:00:04.333+0000] {docker.py:438} INFO - The container is run as root user. For security, consider using a regular user account.
[2025-10-13T03:00:25.950+0000] {docker.py:438} INFO - 
[2025-10-13T03:00:27.022+0000] {docker.py:438} INFO - [32m[2025-10-13 03:00:27 INFO] Validating the experiment's syntax
[2025-10-13T03:00:27.313+0000] {docker.py:438} INFO - [32m[2025-10-13 03:00:27 INFO] Experiment looks valid
[2025-10-13T03:00:27.314+0000] {docker.py:438} INFO - [32m[2025-10-13 03:00:27 INFO] Running experiment: Cordon-Pod Restart Combined Experiment
[2025-10-13T03:00:27.317+0000] {docker.py:438} INFO - [32m[2025-10-13 03:00:27 INFO] Steady-state strategy: default
[2025-10-13T03:00:27.318+0000] {docker.py:438} INFO - [32m[2025-10-13 03:00:27 INFO] Rollbacks strategy: default
[2025-10-13T03:00:27.318+0000] {docker.py:438} INFO - [32m[2025-10-13 03:00:27 INFO] No steady state hypothesis defined. That's ok, just exploring.
[2025-10-13T03:00:27.319+0000] {docker.py:438} INFO - [32m[2025-10-13 03:00:27 INFO] Playing your experiment's method now...
[2025-10-13T03:00:27.319+0000] {docker.py:438} INFO - [32m[2025-10-13 03:00:27 INFO] Action: cordon-nodes
[2025-10-13T03:00:28.358+0000] {docker.py:438} INFO - [32m[2025-10-13 03:00:28 INFO] Action: continuous-pod-restart-during-cordon
[2025-10-13T03:05:13.320+0000] {docker.py:438} INFO - 🚀 Starting continuous pod restart experiment
[2025-10-13T03:05:13.321+0000] {docker.py:438} INFO - 📅 Interval: 20 seconds
[2025-10-13T03:05:13.321+0000] {docker.py:438} INFO - ⏱️  Duration: 300 seconds
[2025-10-13T03:05:13.321+0000] {docker.py:438} INFO - 🎯 Target: app=post-storage-service
[2025-10-13T03:05:13.321+0000] {docker.py:438} INFO - 📍 Namespace: default
[2025-10-13T03:05:13.322+0000] {docker.py:438} INFO - 
[2025-10-13T03:05:13.322+0000] {docker.py:438} INFO - ==================================================
[2025-10-13T03:05:13.322+0000] {docker.py:438} INFO - 🔄 Restart #1 at 2025-10-13 03:00:28
[2025-10-13T03:05:13.323+0000] {docker.py:438} INFO - ==================================================
[2025-10-13T03:05:13.323+0000] {docker.py:438} INFO - Hello world - terminate function started!
[2025-10-13T03:05:13.323+0000] {docker.py:438} INFO - Selecting pods with label_selector: app=post-storage-service
[2025-10-13T03:05:13.324+0000] {docker.py:438} INFO - Found 1 pods initially
[2025-10-13T03:05:13.324+0000] {docker.py:438} INFO - Random selection: 1 pods
[2025-10-13T03:05:13.324+0000] {docker.py:438} INFO - Deleting pod: post-storage-service-6cbbf5f9fb-v4htx
[2025-10-13T03:05:13.324+0000] {docker.py:438} INFO - Deleted 1 pods: ['post-storage-service-6cbbf5f9fb-v4htx']
[2025-10-13T03:05:13.324+0000] {docker.py:438} INFO - ✅ Successfully restarted pods: ['post-storage-service-6cbbf5f9fb-v4htx']
[2025-10-13T03:05:13.325+0000] {docker.py:438} INFO - ⏳ Waiting 20 seconds until next restart...
[2025-10-13T03:05:13.325+0000] {docker.py:438} INFO - 📊 Time remaining: 300 seconds
[2025-10-13T03:05:13.325+0000] {docker.py:438} INFO - 
[2025-10-13T03:05:13.325+0000] {docker.py:438} INFO - ==================================================
[2025-10-13T03:05:13.326+0000] {docker.py:438} INFO - 🔄 Restart #2 at 2025-10-13 03:00:48
[2025-10-13T03:05:13.326+0000] {docker.py:438} INFO - ==================================================
[2025-10-13T03:05:13.326+0000] {docker.py:438} INFO - Hello world - terminate function started!
[2025-10-13T03:05:13.326+0000] {docker.py:438} INFO - Selecting pods with label_selector: app=post-storage-service
[2025-10-13T03:05:13.327+0000] {docker.py:438} INFO - Found 1 pods initially
[2025-10-13T03:05:13.327+0000] {docker.py:438} INFO - Random selection: 1 pods
[2025-10-13T03:05:13.327+0000] {docker.py:438} INFO - Deleting pod: post-storage-service-6cbbf5f9fb-8sdvp
[2025-10-13T03:05:13.327+0000] {docker.py:438} INFO - Deleted 1 pods: ['post-storage-service-6cbbf5f9fb-8sdvp']
[2025-10-13T03:05:13.328+0000] {docker.py:438} INFO - ✅ Successfully restarted pods: ['post-storage-service-6cbbf5f9fb-8sdvp']
[2025-10-13T03:05:13.328+0000] {docker.py:438} INFO - ⏳ Waiting 20 seconds until next restart...
[2025-10-13T03:05:13.328+0000] {docker.py:438} INFO - 📊 Time remaining: 279 seconds
[2025-10-13T03:05:13.328+0000] {docker.py:438} INFO - 
[2025-10-13T03:05:13.329+0000] {docker.py:438} INFO - ==================================================
[2025-10-13T03:05:13.329+0000] {docker.py:438} INFO - 🔄 Restart #3 at 2025-10-13 03:01:09
[2025-10-13T03:05:13.329+0000] {docker.py:438} INFO - ==================================================
[2025-10-13T03:05:13.329+0000] {docker.py:438} INFO - Hello world - terminate function started!
[2025-10-13T03:05:13.330+0000] {docker.py:438} INFO - Selecting pods with label_selector: app=post-storage-service
[2025-10-13T03:05:13.330+0000] {docker.py:438} INFO - Found 1 pods initially
[2025-10-13T03:05:13.330+0000] {docker.py:438} INFO - Random selection: 1 pods
[2025-10-13T03:05:13.330+0000] {docker.py:438} INFO - Deleting pod: post-storage-service-6cbbf5f9fb-7xsnb
[2025-10-13T03:05:13.331+0000] {docker.py:438} INFO - Deleted 1 pods: ['post-storage-service-6cbbf5f9fb-7xsnb']
[2025-10-13T03:05:13.331+0000] {docker.py:438} INFO - ✅ Successfully restarted pods: ['post-storage-service-6cbbf5f9fb-7xsnb']
[2025-10-13T03:05:13.331+0000] {docker.py:438} INFO - ⏳ Waiting 20 seconds until next restart...
[2025-10-13T03:05:13.331+0000] {docker.py:438} INFO - 📊 Time remaining: 259 seconds
[2025-10-13T03:05:13.331+0000] {docker.py:438} INFO - 
[2025-10-13T03:05:13.332+0000] {docker.py:438} INFO - ==================================================
[2025-10-13T03:05:13.332+0000] {docker.py:438} INFO - 🔄 Restart #4 at 2025-10-13 03:01:29
[2025-10-13T03:05:13.332+0000] {docker.py:438} INFO - ==================================================
[2025-10-13T03:05:13.332+0000] {docker.py:438} INFO - Hello world - terminate function started!
[2025-10-13T03:05:13.333+0000] {docker.py:438} INFO - Selecting pods with label_selector: app=post-storage-service
[2025-10-13T03:05:13.333+0000] {docker.py:438} INFO - Found 1 pods initially
[2025-10-13T03:05:13.333+0000] {docker.py:438} INFO - Random selection: 1 pods
[2025-10-13T03:05:13.333+0000] {docker.py:438} INFO - Deleting pod: post-storage-service-6cbbf5f9fb-jq75w
[2025-10-13T03:05:13.334+0000] {docker.py:438} INFO - Deleted 1 pods: ['post-storage-service-6cbbf5f9fb-jq75w']
[2025-10-13T03:05:13.334+0000] {docker.py:438} INFO - ✅ Successfully restarted pods: ['post-storage-service-6cbbf5f9fb-jq75w']
[2025-10-13T03:05:13.334+0000] {docker.py:438} INFO - ⏳ Waiting 20 seconds until next restart...
[2025-10-13T03:05:13.334+0000] {docker.py:438} INFO - 📊 Time remaining: 239 seconds
[2025-10-13T03:05:13.334+0000] {docker.py:438} INFO - 
[2025-10-13T03:05:13.335+0000] {docker.py:438} INFO - ==================================================
[2025-10-13T03:05:13.335+0000] {docker.py:438} INFO - 🔄 Restart #5 at 2025-10-13 03:01:49
[2025-10-13T03:05:13.335+0000] {docker.py:438} INFO - ==================================================
[2025-10-13T03:05:13.335+0000] {docker.py:438} INFO - Hello world - terminate function started!
[2025-10-13T03:05:13.336+0000] {docker.py:438} INFO - Selecting pods with label_selector: app=post-storage-service
[2025-10-13T03:05:13.336+0000] {docker.py:438} INFO - Found 1 pods initially
[2025-10-13T03:05:13.336+0000] {docker.py:438} INFO - Random selection: 1 pods
[2025-10-13T03:05:13.336+0000] {docker.py:438} INFO - Deleting pod: post-storage-service-6cbbf5f9fb-4z5bt
[2025-10-13T03:05:13.337+0000] {docker.py:438} INFO - Deleted 1 pods: ['post-storage-service-6cbbf5f9fb-4z5bt']
[2025-10-13T03:05:13.337+0000] {docker.py:438} INFO - ✅ Successfully restarted pods: ['post-storage-service-6cbbf5f9fb-4z5bt']
[2025-10-13T03:05:13.337+0000] {docker.py:438} INFO - ⏳ Waiting 20 seconds until next restart...
[2025-10-13T03:05:13.337+0000] {docker.py:438} INFO - 📊 Time remaining: 218 seconds
[2025-10-13T03:05:13.338+0000] {docker.py:438} INFO - 
[2025-10-13T03:05:13.338+0000] {docker.py:438} INFO - ==================================================
[2025-10-13T03:05:13.338+0000] {docker.py:438} INFO - 🔄 Restart #6 at 2025-10-13 03:02:10
[2025-10-13T03:05:13.338+0000] {docker.py:438} INFO - ==================================================
[2025-10-13T03:05:13.338+0000] {docker.py:438} INFO - Hello world - terminate function started!
[2025-10-13T03:05:13.339+0000] {docker.py:438} INFO - Selecting pods with label_selector: app=post-storage-service
[2025-10-13T03:05:13.339+0000] {docker.py:438} INFO - Found 1 pods initially
[2025-10-13T03:05:13.339+0000] {docker.py:438} INFO - Random selection: 1 pods
[2025-10-13T03:05:13.339+0000] {docker.py:438} INFO - Deleting pod: post-storage-service-6cbbf5f9fb-7cxgp
[2025-10-13T03:05:13.340+0000] {docker.py:438} INFO - Deleted 1 pods: ['post-storage-service-6cbbf5f9fb-7cxgp']
[2025-10-13T03:05:13.340+0000] {docker.py:438} INFO - ✅ Successfully restarted pods: ['post-storage-service-6cbbf5f9fb-7cxgp']
[2025-10-13T03:05:13.340+0000] {docker.py:438} INFO - ⏳ Waiting 20 seconds until next restart...
[2025-10-13T03:05:13.340+0000] {docker.py:438} INFO - 📊 Time remaining: 198 seconds
[2025-10-13T03:05:13.341+0000] {docker.py:438} INFO - 
[2025-10-13T03:05:13.341+0000] {docker.py:438} INFO - ==================================================
[2025-10-13T03:05:13.341+0000] {docker.py:438} INFO - 🔄 Restart #7 at 2025-10-13 03:02:30
[2025-10-13T03:05:13.341+0000] {docker.py:438} INFO - ==================================================
[2025-10-13T03:05:13.341+0000] {docker.py:438} INFO - Hello world - terminate function started!
[2025-10-13T03:05:13.342+0000] {docker.py:438} INFO - Selecting pods with label_selector: app=post-storage-service
[2025-10-13T03:05:13.342+0000] {docker.py:438} INFO - Found 1 pods initially
[2025-10-13T03:05:13.342+0000] {docker.py:438} INFO - Random selection: 1 pods
[2025-10-13T03:05:13.342+0000] {docker.py:438} INFO - Deleting pod: post-storage-service-6cbbf5f9fb-wnmjd
[2025-10-13T03:05:13.343+0000] {docker.py:438} INFO - Deleted 1 pods: ['post-storage-service-6cbbf5f9fb-wnmjd']
[2025-10-13T03:05:13.343+0000] {docker.py:438} INFO - ✅ Successfully restarted pods: ['post-storage-service-6cbbf5f9fb-wnmjd']
[2025-10-13T03:05:13.343+0000] {docker.py:438} INFO - ⏳ Waiting 20 seconds until next restart...
[2025-10-13T03:05:13.343+0000] {docker.py:438} INFO - 📊 Time remaining: 178 seconds
[2025-10-13T03:05:13.344+0000] {docker.py:438} INFO - 
[2025-10-13T03:05:13.344+0000] {docker.py:438} INFO - ==================================================
[2025-10-13T03:05:13.344+0000] {docker.py:438} INFO - 🔄 Restart #8 at 2025-10-13 03:02:50
[2025-10-13T03:05:13.344+0000] {docker.py:438} INFO - ==================================================
[2025-10-13T03:05:13.344+0000] {docker.py:438} INFO - Hello world - terminate function started!
[2025-10-13T03:05:13.345+0000] {docker.py:438} INFO - Selecting pods with label_selector: app=post-storage-service
[2025-10-13T03:05:13.345+0000] {docker.py:438} INFO - Found 1 pods initially
[2025-10-13T03:05:13.345+0000] {docker.py:438} INFO - Random selection: 1 pods
[2025-10-13T03:05:13.345+0000] {docker.py:438} INFO - Deleting pod: post-storage-service-6cbbf5f9fb-sph5f
[2025-10-13T03:05:13.346+0000] {docker.py:438} INFO - Deleted 1 pods: ['post-storage-service-6cbbf5f9fb-sph5f']
[2025-10-13T03:05:13.346+0000] {docker.py:438} INFO - ✅ Successfully restarted pods: ['post-storage-service-6cbbf5f9fb-sph5f']
[2025-10-13T03:05:13.346+0000] {docker.py:438} INFO - ⏳ Waiting 20 seconds until next restart...
[2025-10-13T03:05:13.346+0000] {docker.py:438} INFO - 📊 Time remaining: 157 seconds
[2025-10-13T03:05:13.347+0000] {docker.py:438} INFO - 
[2025-10-13T03:05:13.347+0000] {docker.py:438} INFO - ==================================================
[2025-10-13T03:05:13.347+0000] {docker.py:438} INFO - 🔄 Restart #9 at 2025-10-13 03:03:11
[2025-10-13T03:05:13.347+0000] {docker.py:438} INFO - ==================================================
[2025-10-13T03:05:13.348+0000] {docker.py:438} INFO - Hello world - terminate function started!
[2025-10-13T03:05:13.348+0000] {docker.py:438} INFO - Selecting pods with label_selector: app=post-storage-service
[2025-10-13T03:05:13.348+0000] {docker.py:438} INFO - Found 1 pods initially
[2025-10-13T03:05:13.349+0000] {docker.py:438} INFO - Random selection: 1 pods
[2025-10-13T03:05:13.349+0000] {docker.py:438} INFO - Deleting pod: post-storage-service-6cbbf5f9fb-6866d
[2025-10-13T03:05:13.349+0000] {docker.py:438} INFO - Deleted 1 pods: ['post-storage-service-6cbbf5f9fb-6866d']
[2025-10-13T03:05:13.349+0000] {docker.py:438} INFO - ✅ Successfully restarted pods: ['post-storage-service-6cbbf5f9fb-6866d']
[2025-10-13T03:05:13.349+0000] {docker.py:438} INFO - ⏳ Waiting 20 seconds until next restart...
[2025-10-13T03:05:13.350+0000] {docker.py:438} INFO - 📊 Time remaining: 137 seconds
[2025-10-13T03:05:13.350+0000] {docker.py:438} INFO - 
[2025-10-13T03:05:13.350+0000] {docker.py:438} INFO - ==================================================
[2025-10-13T03:05:13.350+0000] {docker.py:438} INFO - 🔄 Restart #10 at 2025-10-13 03:03:31
[2025-10-13T03:05:13.351+0000] {docker.py:438} INFO - ==================================================
[2025-10-13T03:05:13.351+0000] {docker.py:438} INFO - Hello world - terminate function started!
[2025-10-13T03:05:13.351+0000] {docker.py:438} INFO - Selecting pods with label_selector: app=post-storage-service
[2025-10-13T03:05:13.351+0000] {docker.py:438} INFO - Found 1 pods initially
[2025-10-13T03:05:13.352+0000] {docker.py:438} INFO - Random selection: 1 pods
[2025-10-13T03:05:13.352+0000] {docker.py:438} INFO - Deleting pod: post-storage-service-6cbbf5f9fb-qnmd2
[2025-10-13T03:05:13.352+0000] {docker.py:438} INFO - Deleted 1 pods: ['post-storage-service-6cbbf5f9fb-qnmd2']
[2025-10-13T03:05:13.352+0000] {docker.py:438} INFO - ✅ Successfully restarted pods: ['post-storage-service-6cbbf5f9fb-qnmd2']
[2025-10-13T03:05:13.352+0000] {docker.py:438} INFO - ⏳ Waiting 20 seconds until next restart...
[2025-10-13T03:05:13.353+0000] {docker.py:438} INFO - 📊 Time remaining: 117 seconds
[2025-10-13T03:05:13.353+0000] {docker.py:438} INFO - 
[2025-10-13T03:05:13.353+0000] {docker.py:438} INFO - ==================================================
[2025-10-13T03:05:13.353+0000] {docker.py:438} INFO - 🔄 Restart #11 at 2025-10-13 03:03:51
[2025-10-13T03:05:13.353+0000] {docker.py:438} INFO - ==================================================
[2025-10-13T03:05:13.354+0000] {docker.py:438} INFO - Hello world - terminate function started!
[2025-10-13T03:05:13.354+0000] {docker.py:438} INFO - Selecting pods with label_selector: app=post-storage-service
[2025-10-13T03:05:13.354+0000] {docker.py:438} INFO - Found 1 pods initially
[2025-10-13T03:05:13.354+0000] {docker.py:438} INFO - Random selection: 1 pods
[2025-10-13T03:05:13.354+0000] {docker.py:438} INFO - Deleting pod: post-storage-service-6cbbf5f9fb-lcpmk
[2025-10-13T03:05:13.355+0000] {docker.py:438} INFO - Deleted 1 pods: ['post-storage-service-6cbbf5f9fb-lcpmk']
[2025-10-13T03:05:13.355+0000] {docker.py:438} INFO - ✅ Successfully restarted pods: ['post-storage-service-6cbbf5f9fb-lcpmk']
[2025-10-13T03:05:13.355+0000] {docker.py:438} INFO - ⏳ Waiting 20 seconds until next restart...
[2025-10-13T03:05:13.355+0000] {docker.py:438} INFO - 📊 Time remaining: 96 seconds
[2025-10-13T03:05:13.356+0000] {docker.py:438} INFO - 
[2025-10-13T03:05:13.356+0000] {docker.py:438} INFO - ==================================================
[2025-10-13T03:05:13.356+0000] {docker.py:438} INFO - 🔄 Restart #12 at 2025-10-13 03:04:12
[2025-10-13T03:05:13.356+0000] {docker.py:438} INFO - ==================================================
[2025-10-13T03:05:13.356+0000] {docker.py:438} INFO - Hello world - terminate function started!
[2025-10-13T03:05:13.357+0000] {docker.py:438} INFO - Selecting pods with label_selector: app=post-storage-service
[2025-10-13T03:05:13.357+0000] {docker.py:438} INFO - Found 1 pods initially
[2025-10-13T03:05:13.357+0000] {docker.py:438} INFO - Random selection: 1 pods
[2025-10-13T03:05:13.357+0000] {docker.py:438} INFO - Deleting pod: post-storage-service-6cbbf5f9fb-5wbdg
[2025-10-13T03:05:13.358+0000] {docker.py:438} INFO - Deleted 1 pods: ['post-storage-service-6cbbf5f9fb-5wbdg']
[2025-10-13T03:05:13.358+0000] {docker.py:438} INFO - ✅ Successfully restarted pods: ['post-storage-service-6cbbf5f9fb-5wbdg']
[2025-10-13T03:05:13.358+0000] {docker.py:438} INFO - ⏳ Waiting 20 seconds until next restart...
[2025-10-13T03:05:13.358+0000] {docker.py:438} INFO - 📊 Time remaining: 76 seconds
[2025-10-13T03:05:13.358+0000] {docker.py:438} INFO - 
[2025-10-13T03:05:13.359+0000] {docker.py:438} INFO - ==================================================
[2025-10-13T03:05:13.359+0000] {docker.py:438} INFO - 🔄 Restart #13 at 2025-10-13 03:04:32
[2025-10-13T03:05:13.359+0000] {docker.py:438} INFO - ==================================================
[2025-10-13T03:05:13.359+0000] {docker.py:438} INFO - Hello world - terminate function started!
[2025-10-13T03:05:13.360+0000] {docker.py:438} INFO - Selecting pods with label_selector: app=post-storage-service
[2025-10-13T03:05:13.360+0000] {docker.py:438} INFO - Found 1 pods initially
[2025-10-13T03:05:13.360+0000] {docker.py:438} INFO - Random selection: 1 pods
[2025-10-13T03:05:13.360+0000] {docker.py:438} INFO - Deleting pod: post-storage-service-6cbbf5f9fb-7lxvz
[2025-10-13T03:05:13.360+0000] {docker.py:438} INFO - Deleted 1 pods: ['post-storage-service-6cbbf5f9fb-7lxvz']
[2025-10-13T03:05:13.361+0000] {docker.py:438} INFO - ✅ Successfully restarted pods: ['post-storage-service-6cbbf5f9fb-7lxvz']
[2025-10-13T03:05:13.361+0000] {docker.py:438} INFO - ⏳ Waiting 20 seconds until next restart...
[2025-10-13T03:05:13.361+0000] {docker.py:438} INFO - 📊 Time remaining: 55 seconds
[2025-10-13T03:05:13.361+0000] {docker.py:438} INFO - 
[2025-10-13T03:05:13.362+0000] {docker.py:438} INFO - ==================================================
[2025-10-13T03:05:13.362+0000] {docker.py:438} INFO - 🔄 Restart #14 at 2025-10-13 03:04:52
[2025-10-13T03:05:13.362+0000] {docker.py:438} INFO - ==================================================
[2025-10-13T03:05:13.362+0000] {docker.py:438} INFO - Hello world - terminate function started!
[2025-10-13T03:05:13.362+0000] {docker.py:438} INFO - Selecting pods with label_selector: app=post-storage-service
[2025-10-13T03:05:13.363+0000] {docker.py:438} INFO - Found 1 pods initially
[2025-10-13T03:05:13.363+0000] {docker.py:438} INFO - Random selection: 1 pods
[2025-10-13T03:05:13.363+0000] {docker.py:438} INFO - Deleting pod: post-storage-service-6cbbf5f9fb-jxgbh
[2025-10-13T03:05:13.363+0000] {docker.py:438} INFO - Deleted 1 pods: ['post-storage-service-6cbbf5f9fb-jxgbh']
[2025-10-13T03:05:13.363+0000] {docker.py:438} INFO - ✅ Successfully restarted pods: ['post-storage-service-6cbbf5f9fb-jxgbh']
[2025-10-13T03:05:13.364+0000] {docker.py:438} INFO - ⏳ Waiting 20 seconds until next restart...
[2025-10-13T03:05:13.364+0000] {docker.py:438} INFO - 📊 Time remaining: 35 seconds
[2025-10-13T03:05:13.364+0000] {docker.py:438} INFO - 
[2025-10-13T03:05:13.364+0000] {docker.py:438} INFO - ==================================================
[2025-10-13T03:05:13.365+0000] {docker.py:438} INFO - 🔄 Restart #15 at 2025-10-13 03:05:13
[2025-10-13T03:05:13.365+0000] {docker.py:438} INFO - ==================================================
[2025-10-13T03:05:13.365+0000] {docker.py:438} INFO - Hello world - terminate function started!
[2025-10-13T03:05:13.365+0000] {docker.py:438} INFO - Selecting pods with label_selector: app=post-storage-service
[2025-10-13T03:05:13.633+0000] {docker.py:438} INFO - [32m[2025-10-13 03:05:13 INFO] Let's rollback...
[2025-10-13T03:05:13.633+0000] {docker.py:438} INFO - [32m[2025-10-13 03:05:13 INFO] Rollback: uncordon-all-nodes
[2025-10-13T03:05:13.634+0000] {docker.py:438} INFO - [32m[2025-10-13 03:05:13 INFO] Action: uncordon-all-nodes
[2025-10-13T03:05:14.546+0000] {docker.py:438} INFO - [32m[2025-10-13 03:05:14 INFO] Experiment ended with status: completed
[2025-10-13T03:05:14.547+0000] {docker.py:438} INFO - Found 1 pods initially
[2025-10-13T03:05:14.548+0000] {docker.py:438} INFO - Random selection: 1 pods
[2025-10-13T03:05:14.548+0000] {docker.py:438} INFO - Deleting pod: post-storage-service-6cbbf5f9fb-frp9x
[2025-10-13T03:05:14.549+0000] {docker.py:438} INFO - Deleted 1 pods: ['post-storage-service-6cbbf5f9fb-frp9x']
[2025-10-13T03:05:14.549+0000] {docker.py:438} INFO - ✅ Successfully restarted pods: ['post-storage-service-6cbbf5f9fb-frp9x']
[2025-10-13T03:05:14.550+0000] {docker.py:438} INFO - ⏰ Less than 20 seconds remaining, stopping experiment
[2025-10-13T03:05:14.550+0000] {docker.py:438} INFO - 
[2025-10-13T03:05:14.550+0000] {docker.py:438} INFO - ==================================================
[2025-10-13T03:05:14.551+0000] {docker.py:438} INFO - 🏁 Experiment Completed!
[2025-10-13T03:05:14.551+0000] {docker.py:438} INFO - ==================================================
[2025-10-13T03:05:14.552+0000] {docker.py:438} INFO - 📈 Total restarts performed: 15
[2025-10-13T03:05:14.552+0000] {docker.py:438} INFO - ⏱️  Total duration: 285 seconds
[2025-10-13T03:05:14.553+0000] {docker.py:438} INFO - 📊 Average interval: 19.0 seconds
[2025-10-13T03:05:14.928+0000] {taskinstance.py:340} INFO - ::group::Post task execution logs
[2025-10-13T03:05:14.928+0000] {taskinstance.py:352} INFO - Marking task as SUCCESS. dag_id=Cordon_Uncordon_Node, task_id=apply_cordon_uncordon_node, run_id=scheduled__2025-10-13T00:00:00+00:00, execution_date=20251013T000000, start_date=20251013T030002, end_date=20251013T030514
[2025-10-13T03:05:14.965+0000] {local_task_job_runner.py:266} INFO - Task exited with return code 0
[2025-10-13T03:05:14.982+0000] {taskinstance.py:3900} INFO - 0 downstream tasks scheduled from follow-on schedule check
[2025-10-13T03:05:14.987+0000] {local_task_job_runner.py:245} INFO - ::endgroup::
