[2025-09-30T18:27:57.057+0000] {local_task_job_runner.py:123} INFO - ::group::Pre task execution logs
[2025-09-30T18:27:57.071+0000] {taskinstance.py:2612} INFO - Dependencies all met for dep_context=non-requeueable deps ti=<TaskInstance: Cordon_Uncordon_Node.apply_cordon_uncordon_node scheduled__2025-09-30T15:00:00+00:00 [queued]>
[2025-09-30T18:27:57.078+0000] {taskinstance.py:2612} INFO - Dependencies all met for dep_context=requeueable deps ti=<TaskInstance: Cordon_Uncordon_Node.apply_cordon_uncordon_node scheduled__2025-09-30T15:00:00+00:00 [queued]>
[2025-09-30T18:27:57.078+0000] {taskinstance.py:2865} INFO - Starting attempt 1 of 1
[2025-09-30T18:27:57.091+0000] {taskinstance.py:2888} INFO - Executing <Task(DockerOperator): apply_cordon_uncordon_node> on 2025-09-30 15:00:00+00:00
[2025-09-30T18:27:57.097+0000] {standard_task_runner.py:72} INFO - Started process 53 to run task
[2025-09-30T18:27:57.101+0000] {standard_task_runner.py:104} INFO - Running: ['***', 'tasks', 'run', 'Cordon_Uncordon_Node', 'apply_cordon_uncordon_node', 'scheduled__2025-09-30T15:00:00+00:00', '--job-id', '19', '--raw', '--subdir', 'DAGS_FOLDER/dag_factory.py', '--cfg-path', '/tmp/tmp3hu3t0n6']
[2025-09-30T18:27:57.103+0000] {standard_task_runner.py:105} INFO - Job 19: Subtask apply_cordon_uncordon_node
[2025-09-30T18:27:57.162+0000] {task_command.py:467} INFO - Running <TaskInstance: Cordon_Uncordon_Node.apply_cordon_uncordon_node scheduled__2025-09-30T15:00:00+00:00 [running]> on host workflow.y2twbfvcjkaujnl2bmtbxunhcb.cx.internal.cloudapp.net
[2025-09-30T18:27:57.249+0000] {taskinstance.py:3131} INFO - Exporting env vars: AIRFLOW_CTX_DAG_OWNER='***' AIRFLOW_CTX_DAG_ID='Cordon_Uncordon_Node' AIRFLOW_CTX_TASK_ID='apply_cordon_uncordon_node' AIRFLOW_CTX_EXECUTION_DATE='2025-09-30T15:00:00+00:00' AIRFLOW_CTX_TRY_NUMBER='1' AIRFLOW_CTX_DAG_RUN_ID='scheduled__2025-09-30T15:00:00+00:00'
[2025-09-30T18:27:57.250+0000] {taskinstance.py:731} INFO - ::endgroup::
[2025-09-30T18:27:57.284+0000] {docker.py:367} INFO - Starting docker container from image ***_chaos:latest
[2025-09-30T18:27:57.630+0000] {docker.py:438} INFO - The container is run as root user. For security, consider using a regular user account.
[2025-09-30T18:28:06.172+0000] {docker.py:438} INFO - 
[2025-09-30T18:28:06.747+0000] {docker.py:438} INFO - [32m[2025-09-30 18:28:06 INFO] Validating the experiment's syntax
[2025-09-30T18:28:07.013+0000] {docker.py:438} INFO - [32m[2025-09-30 18:28:07 INFO] Experiment looks valid
[2025-09-30T18:28:07.014+0000] {docker.py:438} INFO - [32m[2025-09-30 18:28:07 INFO] Running experiment: Cordon-Pod Restart Combined Experiment
[2025-09-30T18:28:07.016+0000] {docker.py:438} INFO - [32m[2025-09-30 18:28:07 INFO] Steady-state strategy: default
[2025-09-30T18:28:07.017+0000] {docker.py:438} INFO - [32m[2025-09-30 18:28:07 INFO] Rollbacks strategy: default
[2025-09-30T18:28:07.017+0000] {docker.py:438} INFO - [32m[2025-09-30 18:28:07 INFO] No steady state hypothesis defined. That's ok, just exploring.
[2025-09-30T18:28:07.018+0000] {docker.py:438} INFO - [32m[2025-09-30 18:28:07 INFO] Playing your experiment's method now...
[2025-09-30T18:28:07.019+0000] {docker.py:438} INFO - [32m[2025-09-30 18:28:07 INFO] Action: cordon-nodes
[2025-09-30T18:28:07.995+0000] {docker.py:438} INFO - [32m[2025-09-30 18:28:07 INFO] Action: continuous-pod-restart-during-cordon
[2025-09-30T18:32:53.699+0000] {docker.py:438} INFO - 🚀 Starting continuous pod restart experiment
[2025-09-30T18:32:53.700+0000] {docker.py:438} INFO - 📅 Interval: 20 seconds
[2025-09-30T18:32:53.700+0000] {docker.py:438} INFO - ⏱️  Duration: 300 seconds
[2025-09-30T18:32:53.700+0000] {docker.py:438} INFO - 🎯 Target: app=post-storage-service
[2025-09-30T18:32:53.701+0000] {docker.py:438} INFO - 📍 Namespace: default
[2025-09-30T18:32:53.701+0000] {docker.py:438} INFO - 
[2025-09-30T18:32:53.701+0000] {docker.py:438} INFO - ==================================================
[2025-09-30T18:32:53.701+0000] {docker.py:438} INFO - 🔄 Restart #1 at 2025-09-30 18:28:07
[2025-09-30T18:32:53.701+0000] {docker.py:438} INFO - ==================================================
[2025-09-30T18:32:53.702+0000] {docker.py:438} INFO - Hello world - terminate function started!
[2025-09-30T18:32:53.702+0000] {docker.py:438} INFO - Selecting pods with label_selector: app=post-storage-service
[2025-09-30T18:32:53.702+0000] {docker.py:438} INFO - Found 1 pods initially
[2025-09-30T18:32:53.702+0000] {docker.py:438} INFO - Random selection: 1 pods
[2025-09-30T18:32:53.703+0000] {docker.py:438} INFO - Deleting pod: post-storage-service-786f97cf87-smlcs
[2025-09-30T18:32:53.703+0000] {docker.py:438} INFO - Deleted 1 pods: ['post-storage-service-786f97cf87-smlcs']
[2025-09-30T18:32:53.703+0000] {docker.py:438} INFO - ✅ Successfully restarted pods: ['post-storage-service-786f97cf87-smlcs']
[2025-09-30T18:32:53.703+0000] {docker.py:438} INFO - ⏳ Waiting 20 seconds until next restart...
[2025-09-30T18:32:53.703+0000] {docker.py:438} INFO - 📊 Time remaining: 300 seconds
[2025-09-30T18:32:53.704+0000] {docker.py:438} INFO - 
[2025-09-30T18:32:53.704+0000] {docker.py:438} INFO - ==================================================
[2025-09-30T18:32:53.704+0000] {docker.py:438} INFO - 🔄 Restart #2 at 2025-09-30 18:28:28
[2025-09-30T18:32:53.704+0000] {docker.py:438} INFO - ==================================================
[2025-09-30T18:32:53.704+0000] {docker.py:438} INFO - Hello world - terminate function started!
[2025-09-30T18:32:53.705+0000] {docker.py:438} INFO - Selecting pods with label_selector: app=post-storage-service
[2025-09-30T18:32:53.705+0000] {docker.py:438} INFO - Found 1 pods initially
[2025-09-30T18:32:53.705+0000] {docker.py:438} INFO - Random selection: 1 pods
[2025-09-30T18:32:53.705+0000] {docker.py:438} INFO - Deleting pod: post-storage-service-786f97cf87-8ng7r
[2025-09-30T18:32:53.705+0000] {docker.py:438} INFO - Deleted 1 pods: ['post-storage-service-786f97cf87-8ng7r']
[2025-09-30T18:32:53.706+0000] {docker.py:438} INFO - ✅ Successfully restarted pods: ['post-storage-service-786f97cf87-8ng7r']
[2025-09-30T18:32:53.706+0000] {docker.py:438} INFO - ⏳ Waiting 20 seconds until next restart...
[2025-09-30T18:32:53.706+0000] {docker.py:438} INFO - 📊 Time remaining: 279 seconds
[2025-09-30T18:32:53.706+0000] {docker.py:438} INFO - 
[2025-09-30T18:32:53.706+0000] {docker.py:438} INFO - ==================================================
[2025-09-30T18:32:53.707+0000] {docker.py:438} INFO - 🔄 Restart #3 at 2025-09-30 18:28:48
[2025-09-30T18:32:53.707+0000] {docker.py:438} INFO - ==================================================
[2025-09-30T18:32:53.707+0000] {docker.py:438} INFO - Hello world - terminate function started!
[2025-09-30T18:32:53.707+0000] {docker.py:438} INFO - Selecting pods with label_selector: app=post-storage-service
[2025-09-30T18:32:53.707+0000] {docker.py:438} INFO - Found 1 pods initially
[2025-09-30T18:32:53.707+0000] {docker.py:438} INFO - Random selection: 1 pods
[2025-09-30T18:32:53.708+0000] {docker.py:438} INFO - Deleting pod: post-storage-service-786f97cf87-jwq26
[2025-09-30T18:32:53.708+0000] {docker.py:438} INFO - Deleted 1 pods: ['post-storage-service-786f97cf87-jwq26']
[2025-09-30T18:32:53.708+0000] {docker.py:438} INFO - ✅ Successfully restarted pods: ['post-storage-service-786f97cf87-jwq26']
[2025-09-30T18:32:53.708+0000] {docker.py:438} INFO - ⏳ Waiting 20 seconds until next restart...
[2025-09-30T18:32:53.708+0000] {docker.py:438} INFO - 📊 Time remaining: 259 seconds
[2025-09-30T18:32:53.709+0000] {docker.py:438} INFO - 
[2025-09-30T18:32:53.709+0000] {docker.py:438} INFO - ==================================================
[2025-09-30T18:32:53.709+0000] {docker.py:438} INFO - 🔄 Restart #4 at 2025-09-30 18:29:09
[2025-09-30T18:32:53.709+0000] {docker.py:438} INFO - ==================================================
[2025-09-30T18:32:53.709+0000] {docker.py:438} INFO - Hello world - terminate function started!
[2025-09-30T18:32:53.710+0000] {docker.py:438} INFO - Selecting pods with label_selector: app=post-storage-service
[2025-09-30T18:32:53.710+0000] {docker.py:438} INFO - Found 1 pods initially
[2025-09-30T18:32:53.710+0000] {docker.py:438} INFO - Random selection: 1 pods
[2025-09-30T18:32:53.710+0000] {docker.py:438} INFO - Deleting pod: post-storage-service-786f97cf87-bcb4t
[2025-09-30T18:32:53.711+0000] {docker.py:438} INFO - Deleted 1 pods: ['post-storage-service-786f97cf87-bcb4t']
[2025-09-30T18:32:53.711+0000] {docker.py:438} INFO - ✅ Successfully restarted pods: ['post-storage-service-786f97cf87-bcb4t']
[2025-09-30T18:32:53.711+0000] {docker.py:438} INFO - ⏳ Waiting 20 seconds until next restart...
[2025-09-30T18:32:53.711+0000] {docker.py:438} INFO - 📊 Time remaining: 238 seconds
[2025-09-30T18:32:53.712+0000] {docker.py:438} INFO - 
[2025-09-30T18:32:53.712+0000] {docker.py:438} INFO - ==================================================
[2025-09-30T18:32:53.712+0000] {docker.py:438} INFO - 🔄 Restart #5 at 2025-09-30 18:29:29
[2025-09-30T18:32:53.712+0000] {docker.py:438} INFO - ==================================================
[2025-09-30T18:32:53.712+0000] {docker.py:438} INFO - Hello world - terminate function started!
[2025-09-30T18:32:53.713+0000] {docker.py:438} INFO - Selecting pods with label_selector: app=post-storage-service
[2025-09-30T18:32:53.713+0000] {docker.py:438} INFO - Found 1 pods initially
[2025-09-30T18:32:53.713+0000] {docker.py:438} INFO - Random selection: 1 pods
[2025-09-30T18:32:53.713+0000] {docker.py:438} INFO - Deleting pod: post-storage-service-786f97cf87-xrqtc
[2025-09-30T18:32:53.714+0000] {docker.py:438} INFO - Deleted 1 pods: ['post-storage-service-786f97cf87-xrqtc']
[2025-09-30T18:32:53.714+0000] {docker.py:438} INFO - ✅ Successfully restarted pods: ['post-storage-service-786f97cf87-xrqtc']
[2025-09-30T18:32:53.714+0000] {docker.py:438} INFO - ⏳ Waiting 20 seconds until next restart...
[2025-09-30T18:32:53.714+0000] {docker.py:438} INFO - 📊 Time remaining: 218 seconds
[2025-09-30T18:32:53.714+0000] {docker.py:438} INFO - 
[2025-09-30T18:32:53.715+0000] {docker.py:438} INFO - ==================================================
[2025-09-30T18:32:53.715+0000] {docker.py:438} INFO - 🔄 Restart #6 at 2025-09-30 18:29:49
[2025-09-30T18:32:53.715+0000] {docker.py:438} INFO - ==================================================
[2025-09-30T18:32:53.715+0000] {docker.py:438} INFO - Hello world - terminate function started!
[2025-09-30T18:32:53.715+0000] {docker.py:438} INFO - Selecting pods with label_selector: app=post-storage-service
[2025-09-30T18:32:53.716+0000] {docker.py:438} INFO - Found 1 pods initially
[2025-09-30T18:32:53.716+0000] {docker.py:438} INFO - Random selection: 1 pods
[2025-09-30T18:32:53.716+0000] {docker.py:438} INFO - Deleting pod: post-storage-service-786f97cf87-f455g
[2025-09-30T18:32:53.716+0000] {docker.py:438} INFO - Deleted 1 pods: ['post-storage-service-786f97cf87-f455g']
[2025-09-30T18:32:53.716+0000] {docker.py:438} INFO - ✅ Successfully restarted pods: ['post-storage-service-786f97cf87-f455g']
[2025-09-30T18:32:53.717+0000] {docker.py:438} INFO - ⏳ Waiting 20 seconds until next restart...
[2025-09-30T18:32:53.717+0000] {docker.py:438} INFO - 📊 Time remaining: 198 seconds
[2025-09-30T18:32:53.717+0000] {docker.py:438} INFO - 
[2025-09-30T18:32:53.717+0000] {docker.py:438} INFO - ==================================================
[2025-09-30T18:32:53.717+0000] {docker.py:438} INFO - 🔄 Restart #7 at 2025-09-30 18:30:10
[2025-09-30T18:32:53.718+0000] {docker.py:438} INFO - ==================================================
[2025-09-30T18:32:53.718+0000] {docker.py:438} INFO - Hello world - terminate function started!
[2025-09-30T18:32:53.718+0000] {docker.py:438} INFO - Selecting pods with label_selector: app=post-storage-service
[2025-09-30T18:32:53.718+0000] {docker.py:438} INFO - Found 1 pods initially
[2025-09-30T18:32:53.718+0000] {docker.py:438} INFO - Random selection: 1 pods
[2025-09-30T18:32:53.719+0000] {docker.py:438} INFO - Deleting pod: post-storage-service-786f97cf87-qjbkq
[2025-09-30T18:32:53.719+0000] {docker.py:438} INFO - Deleted 1 pods: ['post-storage-service-786f97cf87-qjbkq']
[2025-09-30T18:32:53.719+0000] {docker.py:438} INFO - ✅ Successfully restarted pods: ['post-storage-service-786f97cf87-qjbkq']
[2025-09-30T18:32:53.719+0000] {docker.py:438} INFO - ⏳ Waiting 20 seconds until next restart...
[2025-09-30T18:32:53.719+0000] {docker.py:438} INFO - 📊 Time remaining: 177 seconds
[2025-09-30T18:32:53.720+0000] {docker.py:438} INFO - 
[2025-09-30T18:32:53.720+0000] {docker.py:438} INFO - ==================================================
[2025-09-30T18:32:53.720+0000] {docker.py:438} INFO - 🔄 Restart #8 at 2025-09-30 18:30:30
[2025-09-30T18:32:53.720+0000] {docker.py:438} INFO - ==================================================
[2025-09-30T18:32:53.720+0000] {docker.py:438} INFO - Hello world - terminate function started!
[2025-09-30T18:32:53.721+0000] {docker.py:438} INFO - Selecting pods with label_selector: app=post-storage-service
[2025-09-30T18:32:53.721+0000] {docker.py:438} INFO - Found 2 pods initially
[2025-09-30T18:32:53.721+0000] {docker.py:438} INFO - Random selection: 1 pods
[2025-09-30T18:32:53.721+0000] {docker.py:438} INFO - Deleting pod: post-storage-service-786f97cf87-8xclg
[2025-09-30T18:32:53.722+0000] {docker.py:438} INFO - Deleted 1 pods: ['post-storage-service-786f97cf87-8xclg']
[2025-09-30T18:32:53.722+0000] {docker.py:438} INFO - ✅ Successfully restarted pods: ['post-storage-service-786f97cf87-8xclg']
[2025-09-30T18:32:53.722+0000] {docker.py:438} INFO - ⏳ Waiting 20 seconds until next restart...
[2025-09-30T18:32:53.722+0000] {docker.py:438} INFO - 📊 Time remaining: 157 seconds
[2025-09-30T18:32:53.723+0000] {docker.py:438} INFO - 
[2025-09-30T18:32:53.723+0000] {docker.py:438} INFO - ==================================================
[2025-09-30T18:32:53.723+0000] {docker.py:438} INFO - 🔄 Restart #9 at 2025-09-30 18:30:51
[2025-09-30T18:32:53.723+0000] {docker.py:438} INFO - ==================================================
[2025-09-30T18:32:53.723+0000] {docker.py:438} INFO - Hello world - terminate function started!
[2025-09-30T18:32:53.724+0000] {docker.py:438} INFO - Selecting pods with label_selector: app=post-storage-service
[2025-09-30T18:32:53.724+0000] {docker.py:438} INFO - Found 2 pods initially
[2025-09-30T18:32:53.724+0000] {docker.py:438} INFO - Random selection: 1 pods
[2025-09-30T18:32:53.724+0000] {docker.py:438} INFO - Deleting pod: post-storage-service-786f97cf87-8xclg
[2025-09-30T18:32:53.724+0000] {docker.py:438} INFO - Deleted 1 pods: ['post-storage-service-786f97cf87-8xclg']
[2025-09-30T18:32:53.725+0000] {docker.py:438} INFO - ✅ Successfully restarted pods: ['post-storage-service-786f97cf87-8xclg']
[2025-09-30T18:32:53.725+0000] {docker.py:438} INFO - ⏳ Waiting 20 seconds until next restart...
[2025-09-30T18:32:53.725+0000] {docker.py:438} INFO - 📊 Time remaining: 136 seconds
[2025-09-30T18:32:53.725+0000] {docker.py:438} INFO - 
[2025-09-30T18:32:53.725+0000] {docker.py:438} INFO - ==================================================
[2025-09-30T18:32:53.725+0000] {docker.py:438} INFO - 🔄 Restart #10 at 2025-09-30 18:31:11
[2025-09-30T18:32:53.726+0000] {docker.py:438} INFO - ==================================================
[2025-09-30T18:32:53.726+0000] {docker.py:438} INFO - Hello world - terminate function started!
[2025-09-30T18:32:53.726+0000] {docker.py:438} INFO - Selecting pods with label_selector: app=post-storage-service
[2025-09-30T18:32:53.726+0000] {docker.py:438} INFO - Found 1 pods initially
[2025-09-30T18:32:53.727+0000] {docker.py:438} INFO - Random selection: 1 pods
[2025-09-30T18:32:53.727+0000] {docker.py:438} INFO - Deleting pod: post-storage-service-786f97cf87-vvk9l
[2025-09-30T18:32:53.727+0000] {docker.py:438} INFO - Deleted 1 pods: ['post-storage-service-786f97cf87-vvk9l']
[2025-09-30T18:32:53.727+0000] {docker.py:438} INFO - ✅ Successfully restarted pods: ['post-storage-service-786f97cf87-vvk9l']
[2025-09-30T18:32:53.727+0000] {docker.py:438} INFO - ⏳ Waiting 20 seconds until next restart...
[2025-09-30T18:32:53.727+0000] {docker.py:438} INFO - 📊 Time remaining: 116 seconds
[2025-09-30T18:32:53.728+0000] {docker.py:438} INFO - 
[2025-09-30T18:32:53.728+0000] {docker.py:438} INFO - ==================================================
[2025-09-30T18:32:53.728+0000] {docker.py:438} INFO - 🔄 Restart #11 at 2025-09-30 18:31:31
[2025-09-30T18:32:53.728+0000] {docker.py:438} INFO - ==================================================
[2025-09-30T18:32:53.729+0000] {docker.py:438} INFO - Hello world - terminate function started!
[2025-09-30T18:32:53.729+0000] {docker.py:438} INFO - Selecting pods with label_selector: app=post-storage-service
[2025-09-30T18:32:53.729+0000] {docker.py:438} INFO - Found 2 pods initially
[2025-09-30T18:32:53.729+0000] {docker.py:438} INFO - Random selection: 1 pods
[2025-09-30T18:32:53.729+0000] {docker.py:438} INFO - Deleting pod: post-storage-service-786f97cf87-vvk9l
[2025-09-30T18:32:53.730+0000] {docker.py:438} INFO - Deleted 1 pods: ['post-storage-service-786f97cf87-vvk9l']
[2025-09-30T18:32:53.730+0000] {docker.py:438} INFO - ✅ Successfully restarted pods: ['post-storage-service-786f97cf87-vvk9l']
[2025-09-30T18:32:53.730+0000] {docker.py:438} INFO - ⏳ Waiting 20 seconds until next restart...
[2025-09-30T18:32:53.730+0000] {docker.py:438} INFO - 📊 Time remaining: 96 seconds
[2025-09-30T18:32:53.730+0000] {docker.py:438} INFO - 
[2025-09-30T18:32:53.731+0000] {docker.py:438} INFO - ==================================================
[2025-09-30T18:32:53.731+0000] {docker.py:438} INFO - 🔄 Restart #12 at 2025-09-30 18:31:52
[2025-09-30T18:32:53.731+0000] {docker.py:438} INFO - ==================================================
[2025-09-30T18:32:53.731+0000] {docker.py:438} INFO - Hello world - terminate function started!
[2025-09-30T18:32:53.731+0000] {docker.py:438} INFO - Selecting pods with label_selector: app=post-storage-service
[2025-09-30T18:32:53.731+0000] {docker.py:438} INFO - Found 1 pods initially
[2025-09-30T18:32:53.732+0000] {docker.py:438} INFO - Random selection: 1 pods
[2025-09-30T18:32:53.732+0000] {docker.py:438} INFO - Deleting pod: post-storage-service-786f97cf87-zflpk
[2025-09-30T18:32:53.732+0000] {docker.py:438} INFO - Deleted 1 pods: ['post-storage-service-786f97cf87-zflpk']
[2025-09-30T18:32:53.732+0000] {docker.py:438} INFO - ✅ Successfully restarted pods: ['post-storage-service-786f97cf87-zflpk']
[2025-09-30T18:32:53.732+0000] {docker.py:438} INFO - ⏳ Waiting 20 seconds until next restart...
[2025-09-30T18:32:53.733+0000] {docker.py:438} INFO - 📊 Time remaining: 75 seconds
[2025-09-30T18:32:53.733+0000] {docker.py:438} INFO - 
[2025-09-30T18:32:53.733+0000] {docker.py:438} INFO - ==================================================
[2025-09-30T18:32:53.733+0000] {docker.py:438} INFO - 🔄 Restart #13 at 2025-09-30 18:32:12
[2025-09-30T18:32:53.733+0000] {docker.py:438} INFO - ==================================================
[2025-09-30T18:32:53.734+0000] {docker.py:438} INFO - Hello world - terminate function started!
[2025-09-30T18:32:53.734+0000] {docker.py:438} INFO - Selecting pods with label_selector: app=post-storage-service
[2025-09-30T18:32:53.734+0000] {docker.py:438} INFO - Found 2 pods initially
[2025-09-30T18:32:53.734+0000] {docker.py:438} INFO - Random selection: 1 pods
[2025-09-30T18:32:53.734+0000] {docker.py:438} INFO - Deleting pod: post-storage-service-786f97cf87-6fpzm
[2025-09-30T18:32:53.734+0000] {docker.py:438} INFO - Deleted 1 pods: ['post-storage-service-786f97cf87-6fpzm']
[2025-09-30T18:32:53.735+0000] {docker.py:438} INFO - ✅ Successfully restarted pods: ['post-storage-service-786f97cf87-6fpzm']
[2025-09-30T18:32:53.735+0000] {docker.py:438} INFO - ⏳ Waiting 20 seconds until next restart...
[2025-09-30T18:32:53.735+0000] {docker.py:438} INFO - 📊 Time remaining: 55 seconds
[2025-09-30T18:32:53.735+0000] {docker.py:438} INFO - 
[2025-09-30T18:32:53.735+0000] {docker.py:438} INFO - ==================================================
[2025-09-30T18:32:53.736+0000] {docker.py:438} INFO - 🔄 Restart #14 at 2025-09-30 18:32:33
[2025-09-30T18:32:53.736+0000] {docker.py:438} INFO - ==================================================
[2025-09-30T18:32:53.736+0000] {docker.py:438} INFO - Hello world - terminate function started!
[2025-09-30T18:32:53.736+0000] {docker.py:438} INFO - Selecting pods with label_selector: app=post-storage-service
[2025-09-30T18:32:53.736+0000] {docker.py:438} INFO - Found 2 pods initially
[2025-09-30T18:32:53.737+0000] {docker.py:438} INFO - Random selection: 1 pods
[2025-09-30T18:32:53.737+0000] {docker.py:438} INFO - Deleting pod: post-storage-service-786f97cf87-6fpzm
[2025-09-30T18:32:53.737+0000] {docker.py:438} INFO - Deleted 1 pods: ['post-storage-service-786f97cf87-6fpzm']
[2025-09-30T18:32:53.737+0000] {docker.py:438} INFO - ✅ Successfully restarted pods: ['post-storage-service-786f97cf87-6fpzm']
[2025-09-30T18:32:53.737+0000] {docker.py:438} INFO - ⏳ Waiting 20 seconds until next restart...
[2025-09-30T18:32:53.737+0000] {docker.py:438} INFO - 📊 Time remaining: 34 seconds
[2025-09-30T18:32:53.738+0000] {docker.py:438} INFO - 
[2025-09-30T18:32:53.738+0000] {docker.py:438} INFO - ==================================================
[2025-09-30T18:32:53.738+0000] {docker.py:438} INFO - 🔄 Restart #15 at 2025-09-30 18:32:53
[2025-09-30T18:32:53.738+0000] {docker.py:438} INFO - ==================================================
[2025-09-30T18:32:53.738+0000] {docker.py:438} INFO - Hello world - terminate function started!
[2025-09-30T18:32:53.739+0000] {docker.py:438} INFO - Selecting pods with label_selector: app=post-storage-service
[2025-09-30T18:32:54.056+0000] {docker.py:438} INFO - [32m[2025-09-30 18:32:54 INFO] Let's rollback...
[2025-09-30T18:32:54.056+0000] {docker.py:438} INFO - [32m[2025-09-30 18:32:54 INFO] Rollback: uncordon-all-nodes
[2025-09-30T18:32:54.057+0000] {docker.py:438} INFO - [32m[2025-09-30 18:32:54 INFO] Action: uncordon-all-nodes
[2025-09-30T18:32:55.094+0000] {docker.py:438} INFO - [32m[2025-09-30 18:32:55 INFO] Experiment ended with status: completed
[2025-09-30T18:32:55.095+0000] {docker.py:438} INFO - Found 1 pods initially
[2025-09-30T18:32:55.096+0000] {docker.py:438} INFO - Random selection: 1 pods
[2025-09-30T18:32:55.096+0000] {docker.py:438} INFO - Deleting pod: post-storage-service-786f97cf87-lqljr
[2025-09-30T18:32:55.096+0000] {docker.py:438} INFO - Deleted 1 pods: ['post-storage-service-786f97cf87-lqljr']
[2025-09-30T18:32:55.097+0000] {docker.py:438} INFO - ✅ Successfully restarted pods: ['post-storage-service-786f97cf87-lqljr']
[2025-09-30T18:32:55.097+0000] {docker.py:438} INFO - ⏰ Less than 20 seconds remaining, stopping experiment
[2025-09-30T18:32:55.097+0000] {docker.py:438} INFO - 
[2025-09-30T18:32:55.098+0000] {docker.py:438} INFO - ==================================================
[2025-09-30T18:32:55.098+0000] {docker.py:438} INFO - 🏁 Experiment Completed!
[2025-09-30T18:32:55.098+0000] {docker.py:438} INFO - ==================================================
[2025-09-30T18:32:55.099+0000] {docker.py:438} INFO - 📈 Total restarts performed: 15
[2025-09-30T18:32:55.099+0000] {docker.py:438} INFO - ⏱️  Total duration: 286 seconds
[2025-09-30T18:32:55.099+0000] {docker.py:438} INFO - 📊 Average interval: 19.1 seconds
[2025-09-30T18:32:55.449+0000] {taskinstance.py:340} INFO - ::group::Post task execution logs
[2025-09-30T18:32:55.449+0000] {taskinstance.py:352} INFO - Marking task as SUCCESS. dag_id=Cordon_Uncordon_Node, task_id=apply_cordon_uncordon_node, run_id=scheduled__2025-09-30T15:00:00+00:00, execution_date=20250930T150000, start_date=20250930T182757, end_date=20250930T183255
[2025-09-30T18:32:55.494+0000] {local_task_job_runner.py:266} INFO - Task exited with return code 0
[2025-09-30T18:32:55.508+0000] {taskinstance.py:3900} INFO - 0 downstream tasks scheduled from follow-on schedule check
[2025-09-30T18:32:55.510+0000] {local_task_job_runner.py:245} INFO - ::endgroup::
