[2025-10-11T18:00:02.817+0000] {local_task_job_runner.py:123} INFO - ::group::Pre task execution logs
[2025-10-11T18:00:02.873+0000] {taskinstance.py:2612} INFO - Dependencies all met for dep_context=non-requeueable deps ti=<TaskInstance: Cordon_Uncordon_Node.apply_cordon_uncordon_node scheduled__2025-10-11T15:00:00+00:00 [queued]>
[2025-10-11T18:00:02.909+0000] {taskinstance.py:2612} INFO - Dependencies all met for dep_context=requeueable deps ti=<TaskInstance: Cordon_Uncordon_Node.apply_cordon_uncordon_node scheduled__2025-10-11T15:00:00+00:00 [queued]>
[2025-10-11T18:00:02.911+0000] {taskinstance.py:2865} INFO - Starting attempt 1 of 1
[2025-10-11T18:00:02.953+0000] {taskinstance.py:2888} INFO - Executing <Task(DockerOperator): apply_cordon_uncordon_node> on 2025-10-11 15:00:00+00:00
[2025-10-11T18:00:02.980+0000] {standard_task_runner.py:72} INFO - Started process 265 to run task
[2025-10-11T18:00:03.003+0000] {standard_task_runner.py:104} INFO - Running: ['***', 'tasks', 'run', 'Cordon_Uncordon_Node', 'apply_cordon_uncordon_node', 'scheduled__2025-10-11T15:00:00+00:00', '--job-id', '7760', '--raw', '--subdir', 'DAGS_FOLDER/dag_factory.py', '--cfg-path', '/tmp/tmp8_i_583f']
[2025-10-11T18:00:03.011+0000] {standard_task_runner.py:105} INFO - Job 7760: Subtask apply_cordon_uncordon_node
[2025-10-11T18:00:03.169+0000] {task_command.py:467} INFO - Running <TaskInstance: Cordon_Uncordon_Node.apply_cordon_uncordon_node scheduled__2025-10-11T15:00:00+00:00 [running]> on host workflow.y2twbfvcjkaujnl2bmtbxunhcb.cx.internal.cloudapp.net
[2025-10-11T18:00:03.471+0000] {taskinstance.py:3131} INFO - Exporting env vars: AIRFLOW_CTX_DAG_OWNER='***' AIRFLOW_CTX_DAG_ID='Cordon_Uncordon_Node' AIRFLOW_CTX_TASK_ID='apply_cordon_uncordon_node' AIRFLOW_CTX_EXECUTION_DATE='2025-10-11T15:00:00+00:00' AIRFLOW_CTX_TRY_NUMBER='1' AIRFLOW_CTX_DAG_RUN_ID='scheduled__2025-10-11T15:00:00+00:00'
[2025-10-11T18:00:03.473+0000] {taskinstance.py:731} INFO - ::endgroup::
[2025-10-11T18:00:03.557+0000] {docker.py:367} INFO - Starting docker container from image ***_chaos:latest
[2025-10-11T18:00:04.407+0000] {docker.py:438} INFO - The container is run as root user. For security, consider using a regular user account.
[2025-10-11T18:00:25.308+0000] {docker.py:438} INFO - 
[2025-10-11T18:00:26.334+0000] {docker.py:438} INFO - [32m[2025-10-11 18:00:26 INFO] Validating the experiment's syntax
[2025-10-11T18:00:26.934+0000] {docker.py:438} INFO - [32m[2025-10-11 18:00:26 INFO] Experiment looks valid
[2025-10-11T18:00:26.935+0000] {docker.py:438} INFO - [32m[2025-10-11 18:00:26 INFO] Running experiment: Cordon-Pod Restart Combined Experiment
[2025-10-11T18:00:26.938+0000] {docker.py:438} INFO - [32m[2025-10-11 18:00:26 INFO] Steady-state strategy: default
[2025-10-11T18:00:26.941+0000] {docker.py:438} INFO - [32m[2025-10-11 18:00:26 INFO] Rollbacks strategy: default
[2025-10-11T18:00:26.941+0000] {docker.py:438} INFO - [32m[2025-10-11 18:00:26 INFO] No steady state hypothesis defined. That's ok, just exploring.
[2025-10-11T18:00:26.942+0000] {docker.py:438} INFO - [32m[2025-10-11 18:00:26 INFO] Playing your experiment's method now...
[2025-10-11T18:00:26.942+0000] {docker.py:438} INFO - [32m[2025-10-11 18:00:26 INFO] Action: cordon-nodes
[2025-10-11T18:00:27.974+0000] {docker.py:438} INFO - [32m[2025-10-11 18:00:27 INFO] Action: continuous-pod-restart-during-cordon
[2025-10-11T18:05:13.139+0000] {docker.py:438} INFO - 🚀 Starting continuous pod restart experiment
[2025-10-11T18:05:13.140+0000] {docker.py:438} INFO - 📅 Interval: 20 seconds
[2025-10-11T18:05:13.140+0000] {docker.py:438} INFO - ⏱️  Duration: 300 seconds
[2025-10-11T18:05:13.140+0000] {docker.py:438} INFO - 🎯 Target: app=post-storage-service
[2025-10-11T18:05:13.141+0000] {docker.py:438} INFO - 📍 Namespace: default
[2025-10-11T18:05:13.141+0000] {docker.py:438} INFO - 
[2025-10-11T18:05:13.141+0000] {docker.py:438} INFO - ==================================================
[2025-10-11T18:05:13.141+0000] {docker.py:438} INFO - 🔄 Restart #1 at 2025-10-11 18:00:27
[2025-10-11T18:05:13.142+0000] {docker.py:438} INFO - ==================================================
[2025-10-11T18:05:13.142+0000] {docker.py:438} INFO - Hello world - terminate function started!
[2025-10-11T18:05:13.142+0000] {docker.py:438} INFO - Selecting pods with label_selector: app=post-storage-service
[2025-10-11T18:05:13.142+0000] {docker.py:438} INFO - Found 1 pods initially
[2025-10-11T18:05:13.143+0000] {docker.py:438} INFO - Random selection: 1 pods
[2025-10-11T18:05:13.143+0000] {docker.py:438} INFO - Deleting pod: post-storage-service-6cbbf5f9fb-2t7jd
[2025-10-11T18:05:13.143+0000] {docker.py:438} INFO - Deleted 1 pods: ['post-storage-service-6cbbf5f9fb-2t7jd']
[2025-10-11T18:05:13.143+0000] {docker.py:438} INFO - ✅ Successfully restarted pods: ['post-storage-service-6cbbf5f9fb-2t7jd']
[2025-10-11T18:05:13.143+0000] {docker.py:438} INFO - ⏳ Waiting 20 seconds until next restart...
[2025-10-11T18:05:13.144+0000] {docker.py:438} INFO - 📊 Time remaining: 300 seconds
[2025-10-11T18:05:13.144+0000] {docker.py:438} INFO - 
[2025-10-11T18:05:13.144+0000] {docker.py:438} INFO - ==================================================
[2025-10-11T18:05:13.145+0000] {docker.py:438} INFO - 🔄 Restart #2 at 2025-10-11 18:00:48
[2025-10-11T18:05:13.145+0000] {docker.py:438} INFO - ==================================================
[2025-10-11T18:05:13.145+0000] {docker.py:438} INFO - Hello world - terminate function started!
[2025-10-11T18:05:13.145+0000] {docker.py:438} INFO - Selecting pods with label_selector: app=post-storage-service
[2025-10-11T18:05:13.146+0000] {docker.py:438} INFO - Found 1 pods initially
[2025-10-11T18:05:13.146+0000] {docker.py:438} INFO - Random selection: 1 pods
[2025-10-11T18:05:13.146+0000] {docker.py:438} INFO - Deleting pod: post-storage-service-6cbbf5f9fb-zm8dq
[2025-10-11T18:05:13.146+0000] {docker.py:438} INFO - Deleted 1 pods: ['post-storage-service-6cbbf5f9fb-zm8dq']
[2025-10-11T18:05:13.146+0000] {docker.py:438} INFO - ✅ Successfully restarted pods: ['post-storage-service-6cbbf5f9fb-zm8dq']
[2025-10-11T18:05:13.147+0000] {docker.py:438} INFO - ⏳ Waiting 20 seconds until next restart...
[2025-10-11T18:05:13.147+0000] {docker.py:438} INFO - 📊 Time remaining: 279 seconds
[2025-10-11T18:05:13.147+0000] {docker.py:438} INFO - 
[2025-10-11T18:05:13.147+0000] {docker.py:438} INFO - ==================================================
[2025-10-11T18:05:13.148+0000] {docker.py:438} INFO - 🔄 Restart #3 at 2025-10-11 18:01:08
[2025-10-11T18:05:13.148+0000] {docker.py:438} INFO - ==================================================
[2025-10-11T18:05:13.148+0000] {docker.py:438} INFO - Hello world - terminate function started!
[2025-10-11T18:05:13.148+0000] {docker.py:438} INFO - Selecting pods with label_selector: app=post-storage-service
[2025-10-11T18:05:13.149+0000] {docker.py:438} INFO - Found 1 pods initially
[2025-10-11T18:05:13.149+0000] {docker.py:438} INFO - Random selection: 1 pods
[2025-10-11T18:05:13.149+0000] {docker.py:438} INFO - Deleting pod: post-storage-service-6cbbf5f9fb-84m5z
[2025-10-11T18:05:13.149+0000] {docker.py:438} INFO - Deleted 1 pods: ['post-storage-service-6cbbf5f9fb-84m5z']
[2025-10-11T18:05:13.150+0000] {docker.py:438} INFO - ✅ Successfully restarted pods: ['post-storage-service-6cbbf5f9fb-84m5z']
[2025-10-11T18:05:13.150+0000] {docker.py:438} INFO - ⏳ Waiting 20 seconds until next restart...
[2025-10-11T18:05:13.150+0000] {docker.py:438} INFO - 📊 Time remaining: 259 seconds
[2025-10-11T18:05:13.150+0000] {docker.py:438} INFO - 
[2025-10-11T18:05:13.151+0000] {docker.py:438} INFO - ==================================================
[2025-10-11T18:05:13.151+0000] {docker.py:438} INFO - 🔄 Restart #4 at 2025-10-11 18:01:29
[2025-10-11T18:05:13.151+0000] {docker.py:438} INFO - ==================================================
[2025-10-11T18:05:13.151+0000] {docker.py:438} INFO - Hello world - terminate function started!
[2025-10-11T18:05:13.152+0000] {docker.py:438} INFO - Selecting pods with label_selector: app=post-storage-service
[2025-10-11T18:05:13.152+0000] {docker.py:438} INFO - Found 1 pods initially
[2025-10-11T18:05:13.152+0000] {docker.py:438} INFO - Random selection: 1 pods
[2025-10-11T18:05:13.153+0000] {docker.py:438} INFO - Deleting pod: post-storage-service-6cbbf5f9fb-t59zb
[2025-10-11T18:05:13.153+0000] {docker.py:438} INFO - Deleted 1 pods: ['post-storage-service-6cbbf5f9fb-t59zb']
[2025-10-11T18:05:13.154+0000] {docker.py:438} INFO - ✅ Successfully restarted pods: ['post-storage-service-6cbbf5f9fb-t59zb']
[2025-10-11T18:05:13.154+0000] {docker.py:438} INFO - ⏳ Waiting 20 seconds until next restart...
[2025-10-11T18:05:13.155+0000] {docker.py:438} INFO - 📊 Time remaining: 239 seconds
[2025-10-11T18:05:13.155+0000] {docker.py:438} INFO - 
[2025-10-11T18:05:13.155+0000] {docker.py:438} INFO - ==================================================
[2025-10-11T18:05:13.156+0000] {docker.py:438} INFO - 🔄 Restart #5 at 2025-10-11 18:01:49
[2025-10-11T18:05:13.156+0000] {docker.py:438} INFO - ==================================================
[2025-10-11T18:05:13.157+0000] {docker.py:438} INFO - Hello world - terminate function started!
[2025-10-11T18:05:13.157+0000] {docker.py:438} INFO - Selecting pods with label_selector: app=post-storage-service
[2025-10-11T18:05:13.157+0000] {docker.py:438} INFO - Found 1 pods initially
[2025-10-11T18:05:13.158+0000] {docker.py:438} INFO - Random selection: 1 pods
[2025-10-11T18:05:13.158+0000] {docker.py:438} INFO - Deleting pod: post-storage-service-6cbbf5f9fb-qhxhl
[2025-10-11T18:05:13.159+0000] {docker.py:438} INFO - Deleted 1 pods: ['post-storage-service-6cbbf5f9fb-qhxhl']
[2025-10-11T18:05:13.159+0000] {docker.py:438} INFO - ✅ Successfully restarted pods: ['post-storage-service-6cbbf5f9fb-qhxhl']
[2025-10-11T18:05:13.159+0000] {docker.py:438} INFO - ⏳ Waiting 20 seconds until next restart...
[2025-10-11T18:05:13.160+0000] {docker.py:438} INFO - 📊 Time remaining: 218 seconds
[2025-10-11T18:05:13.160+0000] {docker.py:438} INFO - 
[2025-10-11T18:05:13.160+0000] {docker.py:438} INFO - ==================================================
[2025-10-11T18:05:13.160+0000] {docker.py:438} INFO - 🔄 Restart #6 at 2025-10-11 18:02:09
[2025-10-11T18:05:13.161+0000] {docker.py:438} INFO - ==================================================
[2025-10-11T18:05:13.161+0000] {docker.py:438} INFO - Hello world - terminate function started!
[2025-10-11T18:05:13.161+0000] {docker.py:438} INFO - Selecting pods with label_selector: app=post-storage-service
[2025-10-11T18:05:13.161+0000] {docker.py:438} INFO - Found 1 pods initially
[2025-10-11T18:05:13.162+0000] {docker.py:438} INFO - Random selection: 1 pods
[2025-10-11T18:05:13.162+0000] {docker.py:438} INFO - Deleting pod: post-storage-service-6cbbf5f9fb-72rqs
[2025-10-11T18:05:13.162+0000] {docker.py:438} INFO - Deleted 1 pods: ['post-storage-service-6cbbf5f9fb-72rqs']
[2025-10-11T18:05:13.162+0000] {docker.py:438} INFO - ✅ Successfully restarted pods: ['post-storage-service-6cbbf5f9fb-72rqs']
[2025-10-11T18:05:13.163+0000] {docker.py:438} INFO - ⏳ Waiting 20 seconds until next restart...
[2025-10-11T18:05:13.163+0000] {docker.py:438} INFO - 📊 Time remaining: 198 seconds
[2025-10-11T18:05:13.163+0000] {docker.py:438} INFO - 
[2025-10-11T18:05:13.163+0000] {docker.py:438} INFO - ==================================================
[2025-10-11T18:05:13.164+0000] {docker.py:438} INFO - 🔄 Restart #7 at 2025-10-11 18:02:30
[2025-10-11T18:05:13.164+0000] {docker.py:438} INFO - ==================================================
[2025-10-11T18:05:13.164+0000] {docker.py:438} INFO - Hello world - terminate function started!
[2025-10-11T18:05:13.164+0000] {docker.py:438} INFO - Selecting pods with label_selector: app=post-storage-service
[2025-10-11T18:05:13.165+0000] {docker.py:438} INFO - Found 1 pods initially
[2025-10-11T18:05:13.165+0000] {docker.py:438} INFO - Random selection: 1 pods
[2025-10-11T18:05:13.165+0000] {docker.py:438} INFO - Deleting pod: post-storage-service-6cbbf5f9fb-bwpv9
[2025-10-11T18:05:13.165+0000] {docker.py:438} INFO - Deleted 1 pods: ['post-storage-service-6cbbf5f9fb-bwpv9']
[2025-10-11T18:05:13.166+0000] {docker.py:438} INFO - ✅ Successfully restarted pods: ['post-storage-service-6cbbf5f9fb-bwpv9']
[2025-10-11T18:05:13.166+0000] {docker.py:438} INFO - ⏳ Waiting 20 seconds until next restart...
[2025-10-11T18:05:13.166+0000] {docker.py:438} INFO - 📊 Time remaining: 177 seconds
[2025-10-11T18:05:13.166+0000] {docker.py:438} INFO - 
[2025-10-11T18:05:13.166+0000] {docker.py:438} INFO - ==================================================
[2025-10-11T18:05:13.167+0000] {docker.py:438} INFO - 🔄 Restart #8 at 2025-10-11 18:02:50
[2025-10-11T18:05:13.167+0000] {docker.py:438} INFO - ==================================================
[2025-10-11T18:05:13.167+0000] {docker.py:438} INFO - Hello world - terminate function started!
[2025-10-11T18:05:13.167+0000] {docker.py:438} INFO - Selecting pods with label_selector: app=post-storage-service
[2025-10-11T18:05:13.168+0000] {docker.py:438} INFO - Found 1 pods initially
[2025-10-11T18:05:13.168+0000] {docker.py:438} INFO - Random selection: 1 pods
[2025-10-11T18:05:13.168+0000] {docker.py:438} INFO - Deleting pod: post-storage-service-6cbbf5f9fb-zs8gl
[2025-10-11T18:05:13.168+0000] {docker.py:438} INFO - Deleted 1 pods: ['post-storage-service-6cbbf5f9fb-zs8gl']
[2025-10-11T18:05:13.169+0000] {docker.py:438} INFO - ✅ Successfully restarted pods: ['post-storage-service-6cbbf5f9fb-zs8gl']
[2025-10-11T18:05:13.169+0000] {docker.py:438} INFO - ⏳ Waiting 20 seconds until next restart...
[2025-10-11T18:05:13.169+0000] {docker.py:438} INFO - 📊 Time remaining: 157 seconds
[2025-10-11T18:05:13.169+0000] {docker.py:438} INFO - 
[2025-10-11T18:05:13.170+0000] {docker.py:438} INFO - ==================================================
[2025-10-11T18:05:13.170+0000] {docker.py:438} INFO - 🔄 Restart #9 at 2025-10-11 18:03:10
[2025-10-11T18:05:13.170+0000] {docker.py:438} INFO - ==================================================
[2025-10-11T18:05:13.170+0000] {docker.py:438} INFO - Hello world - terminate function started!
[2025-10-11T18:05:13.170+0000] {docker.py:438} INFO - Selecting pods with label_selector: app=post-storage-service
[2025-10-11T18:05:13.171+0000] {docker.py:438} INFO - Found 1 pods initially
[2025-10-11T18:05:13.171+0000] {docker.py:438} INFO - Random selection: 1 pods
[2025-10-11T18:05:13.171+0000] {docker.py:438} INFO - Deleting pod: post-storage-service-6cbbf5f9fb-cxk94
[2025-10-11T18:05:13.171+0000] {docker.py:438} INFO - Deleted 1 pods: ['post-storage-service-6cbbf5f9fb-cxk94']
[2025-10-11T18:05:13.172+0000] {docker.py:438} INFO - ✅ Successfully restarted pods: ['post-storage-service-6cbbf5f9fb-cxk94']
[2025-10-11T18:05:13.172+0000] {docker.py:438} INFO - ⏳ Waiting 20 seconds until next restart...
[2025-10-11T18:05:13.172+0000] {docker.py:438} INFO - 📊 Time remaining: 137 seconds
[2025-10-11T18:05:13.172+0000] {docker.py:438} INFO - 
[2025-10-11T18:05:13.173+0000] {docker.py:438} INFO - ==================================================
[2025-10-11T18:05:13.173+0000] {docker.py:438} INFO - 🔄 Restart #10 at 2025-10-11 18:03:31
[2025-10-11T18:05:13.173+0000] {docker.py:438} INFO - ==================================================
[2025-10-11T18:05:13.173+0000] {docker.py:438} INFO - Hello world - terminate function started!
[2025-10-11T18:05:13.174+0000] {docker.py:438} INFO - Selecting pods with label_selector: app=post-storage-service
[2025-10-11T18:05:13.174+0000] {docker.py:438} INFO - Found 1 pods initially
[2025-10-11T18:05:13.174+0000] {docker.py:438} INFO - Random selection: 1 pods
[2025-10-11T18:05:13.174+0000] {docker.py:438} INFO - Deleting pod: post-storage-service-6cbbf5f9fb-j52wz
[2025-10-11T18:05:13.174+0000] {docker.py:438} INFO - Deleted 1 pods: ['post-storage-service-6cbbf5f9fb-j52wz']
[2025-10-11T18:05:13.175+0000] {docker.py:438} INFO - ✅ Successfully restarted pods: ['post-storage-service-6cbbf5f9fb-j52wz']
[2025-10-11T18:05:13.175+0000] {docker.py:438} INFO - ⏳ Waiting 20 seconds until next restart...
[2025-10-11T18:05:13.175+0000] {docker.py:438} INFO - 📊 Time remaining: 116 seconds
[2025-10-11T18:05:13.175+0000] {docker.py:438} INFO - 
[2025-10-11T18:05:13.176+0000] {docker.py:438} INFO - ==================================================
[2025-10-11T18:05:13.176+0000] {docker.py:438} INFO - 🔄 Restart #11 at 2025-10-11 18:03:51
[2025-10-11T18:05:13.176+0000] {docker.py:438} INFO - ==================================================
[2025-10-11T18:05:13.176+0000] {docker.py:438} INFO - Hello world - terminate function started!
[2025-10-11T18:05:13.177+0000] {docker.py:438} INFO - Selecting pods with label_selector: app=post-storage-service
[2025-10-11T18:05:13.177+0000] {docker.py:438} INFO - Found 1 pods initially
[2025-10-11T18:05:13.177+0000] {docker.py:438} INFO - Random selection: 1 pods
[2025-10-11T18:05:13.177+0000] {docker.py:438} INFO - Deleting pod: post-storage-service-6cbbf5f9fb-fgfh7
[2025-10-11T18:05:13.178+0000] {docker.py:438} INFO - Deleted 1 pods: ['post-storage-service-6cbbf5f9fb-fgfh7']
[2025-10-11T18:05:13.178+0000] {docker.py:438} INFO - ✅ Successfully restarted pods: ['post-storage-service-6cbbf5f9fb-fgfh7']
[2025-10-11T18:05:13.178+0000] {docker.py:438} INFO - ⏳ Waiting 20 seconds until next restart...
[2025-10-11T18:05:13.178+0000] {docker.py:438} INFO - 📊 Time remaining: 96 seconds
[2025-10-11T18:05:13.179+0000] {docker.py:438} INFO - 
[2025-10-11T18:05:13.179+0000] {docker.py:438} INFO - ==================================================
[2025-10-11T18:05:13.179+0000] {docker.py:438} INFO - 🔄 Restart #12 at 2025-10-11 18:04:12
[2025-10-11T18:05:13.179+0000] {docker.py:438} INFO - ==================================================
[2025-10-11T18:05:13.179+0000] {docker.py:438} INFO - Hello world - terminate function started!
[2025-10-11T18:05:13.180+0000] {docker.py:438} INFO - Selecting pods with label_selector: app=post-storage-service
[2025-10-11T18:05:13.180+0000] {docker.py:438} INFO - Found 1 pods initially
[2025-10-11T18:05:13.180+0000] {docker.py:438} INFO - Random selection: 1 pods
[2025-10-11T18:05:13.181+0000] {docker.py:438} INFO - Deleting pod: post-storage-service-6cbbf5f9fb-7kv24
[2025-10-11T18:05:13.181+0000] {docker.py:438} INFO - Deleted 1 pods: ['post-storage-service-6cbbf5f9fb-7kv24']
[2025-10-11T18:05:13.181+0000] {docker.py:438} INFO - ✅ Successfully restarted pods: ['post-storage-service-6cbbf5f9fb-7kv24']
[2025-10-11T18:05:13.181+0000] {docker.py:438} INFO - ⏳ Waiting 20 seconds until next restart...
[2025-10-11T18:05:13.182+0000] {docker.py:438} INFO - 📊 Time remaining: 76 seconds
[2025-10-11T18:05:13.182+0000] {docker.py:438} INFO - 
[2025-10-11T18:05:13.182+0000] {docker.py:438} INFO - ==================================================
[2025-10-11T18:05:13.182+0000] {docker.py:438} INFO - 🔄 Restart #13 at 2025-10-11 18:04:32
[2025-10-11T18:05:13.183+0000] {docker.py:438} INFO - ==================================================
[2025-10-11T18:05:13.183+0000] {docker.py:438} INFO - Hello world - terminate function started!
[2025-10-11T18:05:13.183+0000] {docker.py:438} INFO - Selecting pods with label_selector: app=post-storage-service
[2025-10-11T18:05:13.183+0000] {docker.py:438} INFO - Found 1 pods initially
[2025-10-11T18:05:13.183+0000] {docker.py:438} INFO - Random selection: 1 pods
[2025-10-11T18:05:13.184+0000] {docker.py:438} INFO - Deleting pod: post-storage-service-6cbbf5f9fb-cpgz8
[2025-10-11T18:05:13.184+0000] {docker.py:438} INFO - Deleted 1 pods: ['post-storage-service-6cbbf5f9fb-cpgz8']
[2025-10-11T18:05:13.184+0000] {docker.py:438} INFO - ✅ Successfully restarted pods: ['post-storage-service-6cbbf5f9fb-cpgz8']
[2025-10-11T18:05:13.184+0000] {docker.py:438} INFO - ⏳ Waiting 20 seconds until next restart...
[2025-10-11T18:05:13.185+0000] {docker.py:438} INFO - 📊 Time remaining: 55 seconds
[2025-10-11T18:05:13.185+0000] {docker.py:438} INFO - 
[2025-10-11T18:05:13.185+0000] {docker.py:438} INFO - ==================================================
[2025-10-11T18:05:13.185+0000] {docker.py:438} INFO - 🔄 Restart #14 at 2025-10-11 18:04:52
[2025-10-11T18:05:13.186+0000] {docker.py:438} INFO - ==================================================
[2025-10-11T18:05:13.186+0000] {docker.py:438} INFO - Hello world - terminate function started!
[2025-10-11T18:05:13.186+0000] {docker.py:438} INFO - Selecting pods with label_selector: app=post-storage-service
[2025-10-11T18:05:13.186+0000] {docker.py:438} INFO - Found 1 pods initially
[2025-10-11T18:05:13.186+0000] {docker.py:438} INFO - Random selection: 1 pods
[2025-10-11T18:05:13.187+0000] {docker.py:438} INFO - Deleting pod: post-storage-service-6cbbf5f9fb-4vrgq
[2025-10-11T18:05:13.187+0000] {docker.py:438} INFO - Deleted 1 pods: ['post-storage-service-6cbbf5f9fb-4vrgq']
[2025-10-11T18:05:13.187+0000] {docker.py:438} INFO - ✅ Successfully restarted pods: ['post-storage-service-6cbbf5f9fb-4vrgq']
[2025-10-11T18:05:13.187+0000] {docker.py:438} INFO - ⏳ Waiting 20 seconds until next restart...
[2025-10-11T18:05:13.188+0000] {docker.py:438} INFO - 📊 Time remaining: 35 seconds
[2025-10-11T18:05:13.188+0000] {docker.py:438} INFO - 
[2025-10-11T18:05:13.188+0000] {docker.py:438} INFO - ==================================================
[2025-10-11T18:05:13.188+0000] {docker.py:438} INFO - 🔄 Restart #15 at 2025-10-11 18:05:13
[2025-10-11T18:05:13.189+0000] {docker.py:438} INFO - ==================================================
[2025-10-11T18:05:13.189+0000] {docker.py:438} INFO - Hello world - terminate function started!
[2025-10-11T18:05:13.189+0000] {docker.py:438} INFO - Selecting pods with label_selector: app=post-storage-service
[2025-10-11T18:05:13.539+0000] {docker.py:438} INFO - [32m[2025-10-11 18:05:13 INFO] Let's rollback...
[2025-10-11T18:05:13.540+0000] {docker.py:438} INFO - [32m[2025-10-11 18:05:13 INFO] Rollback: uncordon-all-nodes
[2025-10-11T18:05:13.540+0000] {docker.py:438} INFO - [32m[2025-10-11 18:05:13 INFO] Action: uncordon-all-nodes
[2025-10-11T18:05:14.483+0000] {docker.py:438} INFO - [32m[2025-10-11 18:05:14 INFO] Experiment ended with status: completed
[2025-10-11T18:05:14.484+0000] {docker.py:438} INFO - Found 1 pods initially
[2025-10-11T18:05:14.485+0000] {docker.py:438} INFO - Random selection: 1 pods
[2025-10-11T18:05:14.486+0000] {docker.py:438} INFO - Deleting pod: post-storage-service-6cbbf5f9fb-c4w6b
[2025-10-11T18:05:14.486+0000] {docker.py:438} INFO - Deleted 1 pods: ['post-storage-service-6cbbf5f9fb-c4w6b']
[2025-10-11T18:05:14.487+0000] {docker.py:438} INFO - ✅ Successfully restarted pods: ['post-storage-service-6cbbf5f9fb-c4w6b']
[2025-10-11T18:05:14.487+0000] {docker.py:438} INFO - ⏰ Less than 20 seconds remaining, stopping experiment
[2025-10-11T18:05:14.487+0000] {docker.py:438} INFO - 
[2025-10-11T18:05:14.488+0000] {docker.py:438} INFO - ==================================================
[2025-10-11T18:05:14.488+0000] {docker.py:438} INFO - 🏁 Experiment Completed!
[2025-10-11T18:05:14.489+0000] {docker.py:438} INFO - ==================================================
[2025-10-11T18:05:14.489+0000] {docker.py:438} INFO - 📈 Total restarts performed: 15
[2025-10-11T18:05:14.489+0000] {docker.py:438} INFO - ⏱️  Total duration: 286 seconds
[2025-10-11T18:05:14.490+0000] {docker.py:438} INFO - 📊 Average interval: 19.0 seconds
[2025-10-11T18:05:14.905+0000] {taskinstance.py:340} INFO - ::group::Post task execution logs
[2025-10-11T18:05:14.905+0000] {taskinstance.py:352} INFO - Marking task as SUCCESS. dag_id=Cordon_Uncordon_Node, task_id=apply_cordon_uncordon_node, run_id=scheduled__2025-10-11T15:00:00+00:00, execution_date=20251011T150000, start_date=20251011T180002, end_date=20251011T180514
[2025-10-11T18:05:14.930+0000] {local_task_job_runner.py:266} INFO - Task exited with return code 0
[2025-10-11T18:05:14.947+0000] {taskinstance.py:3900} INFO - 0 downstream tasks scheduled from follow-on schedule check
[2025-10-11T18:05:14.950+0000] {local_task_job_runner.py:245} INFO - ::endgroup::
