[2025-10-04T12:00:02.528+0000] {local_task_job_runner.py:123} INFO - ::group::Pre task execution logs
[2025-10-04T12:00:02.570+0000] {taskinstance.py:2612} INFO - Dependencies all met for dep_context=non-requeueable deps ti=<TaskInstance: Cordon_Uncordon_Node.apply_cordon_uncordon_node scheduled__2025-10-04T09:00:00+00:00 [queued]>
[2025-10-04T12:00:02.585+0000] {taskinstance.py:2612} INFO - Dependencies all met for dep_context=requeueable deps ti=<TaskInstance: Cordon_Uncordon_Node.apply_cordon_uncordon_node scheduled__2025-10-04T09:00:00+00:00 [queued]>
[2025-10-04T12:00:02.585+0000] {taskinstance.py:2865} INFO - Starting attempt 1 of 1
[2025-10-04T12:00:02.612+0000] {taskinstance.py:2888} INFO - Executing <Task(DockerOperator): apply_cordon_uncordon_node> on 2025-10-04 09:00:00+00:00
[2025-10-04T12:00:02.634+0000] {standard_task_runner.py:72} INFO - Started process 836 to run task
[2025-10-04T12:00:02.648+0000] {standard_task_runner.py:104} INFO - Running: ['***', 'tasks', 'run', 'Cordon_Uncordon_Node', 'apply_cordon_uncordon_node', 'scheduled__2025-10-04T09:00:00+00:00', '--job-id', '280', '--raw', '--subdir', 'DAGS_FOLDER/dag_factory.py', '--cfg-path', '/tmp/tmpo0qfvkfc']
[2025-10-04T12:00:02.650+0000] {standard_task_runner.py:105} INFO - Job 280: Subtask apply_cordon_uncordon_node
[2025-10-04T12:00:02.754+0000] {task_command.py:467} INFO - Running <TaskInstance: Cordon_Uncordon_Node.apply_cordon_uncordon_node scheduled__2025-10-04T09:00:00+00:00 [running]> on host workflow.y2twbfvcjkaujnl2bmtbxunhcb.cx.internal.cloudapp.net
[2025-10-04T12:00:02.930+0000] {taskinstance.py:3131} INFO - Exporting env vars: AIRFLOW_CTX_DAG_OWNER='***' AIRFLOW_CTX_DAG_ID='Cordon_Uncordon_Node' AIRFLOW_CTX_TASK_ID='apply_cordon_uncordon_node' AIRFLOW_CTX_EXECUTION_DATE='2025-10-04T09:00:00+00:00' AIRFLOW_CTX_TRY_NUMBER='1' AIRFLOW_CTX_DAG_RUN_ID='scheduled__2025-10-04T09:00:00+00:00'
[2025-10-04T12:00:02.931+0000] {taskinstance.py:731} INFO - ::endgroup::
[2025-10-04T12:00:03.007+0000] {docker.py:367} INFO - Starting docker container from image ***_chaos:latest
[2025-10-04T12:00:03.703+0000] {docker.py:438} INFO - The container is run as root user. For security, consider using a regular user account.
[2025-10-04T12:00:23.839+0000] {docker.py:438} INFO - 
[2025-10-04T12:00:24.654+0000] {docker.py:438} INFO - [32m[2025-10-04 12:00:24 INFO] Validating the experiment's syntax
[2025-10-04T12:00:25.148+0000] {docker.py:438} INFO - [32m[2025-10-04 12:00:25 INFO] Experiment looks valid
[2025-10-04T12:00:25.149+0000] {docker.py:438} INFO - [32m[2025-10-04 12:00:25 INFO] Running experiment: Cordon-Pod Restart Combined Experiment
[2025-10-04T12:00:25.152+0000] {docker.py:438} INFO - [32m[2025-10-04 12:00:25 INFO] Steady-state strategy: default
[2025-10-04T12:00:25.152+0000] {docker.py:438} INFO - [32m[2025-10-04 12:00:25 INFO] Rollbacks strategy: default
[2025-10-04T12:00:25.153+0000] {docker.py:438} INFO - [32m[2025-10-04 12:00:25 INFO] No steady state hypothesis defined. That's ok, just exploring.
[2025-10-04T12:00:25.153+0000] {docker.py:438} INFO - [32m[2025-10-04 12:00:25 INFO] Playing your experiment's method now...
[2025-10-04T12:00:25.153+0000] {docker.py:438} INFO - [32m[2025-10-04 12:00:25 INFO] Action: cordon-nodes
[2025-10-04T12:00:26.179+0000] {docker.py:438} INFO - [32m[2025-10-04 12:00:26 INFO] Action: continuous-pod-restart-during-cordon
[2025-10-04T12:05:11.970+0000] {docker.py:438} INFO - 🚀 Starting continuous pod restart experiment
[2025-10-04T12:05:11.970+0000] {docker.py:438} INFO - 📅 Interval: 20 seconds
[2025-10-04T12:05:11.970+0000] {docker.py:438} INFO - ⏱️  Duration: 300 seconds
[2025-10-04T12:05:11.971+0000] {docker.py:438} INFO - 🎯 Target: app=post-storage-service
[2025-10-04T12:05:11.971+0000] {docker.py:438} INFO - 📍 Namespace: default
[2025-10-04T12:05:11.971+0000] {docker.py:438} INFO - 
[2025-10-04T12:05:11.971+0000] {docker.py:438} INFO - ==================================================
[2025-10-04T12:05:11.971+0000] {docker.py:438} INFO - 🔄 Restart #1 at 2025-10-04 12:00:26
[2025-10-04T12:05:11.972+0000] {docker.py:438} INFO - ==================================================
[2025-10-04T12:05:11.972+0000] {docker.py:438} INFO - Hello world - terminate function started!
[2025-10-04T12:05:11.972+0000] {docker.py:438} INFO - Selecting pods with label_selector: app=post-storage-service
[2025-10-04T12:05:11.972+0000] {docker.py:438} INFO - Found 1 pods initially
[2025-10-04T12:05:11.973+0000] {docker.py:438} INFO - Random selection: 1 pods
[2025-10-04T12:05:11.973+0000] {docker.py:438} INFO - Deleting pod: post-storage-service-769cf6947d-p6fgb
[2025-10-04T12:05:11.973+0000] {docker.py:438} INFO - Deleted 1 pods: ['post-storage-service-769cf6947d-p6fgb']
[2025-10-04T12:05:11.973+0000] {docker.py:438} INFO - ✅ Successfully restarted pods: ['post-storage-service-769cf6947d-p6fgb']
[2025-10-04T12:05:11.973+0000] {docker.py:438} INFO - ⏳ Waiting 20 seconds until next restart...
[2025-10-04T12:05:11.974+0000] {docker.py:438} INFO - 📊 Time remaining: 300 seconds
[2025-10-04T12:05:11.974+0000] {docker.py:438} INFO - 
[2025-10-04T12:05:11.974+0000] {docker.py:438} INFO - ==================================================
[2025-10-04T12:05:11.974+0000] {docker.py:438} INFO - 🔄 Restart #2 at 2025-10-04 12:00:46
[2025-10-04T12:05:11.974+0000] {docker.py:438} INFO - ==================================================
[2025-10-04T12:05:11.975+0000] {docker.py:438} INFO - Hello world - terminate function started!
[2025-10-04T12:05:11.975+0000] {docker.py:438} INFO - Selecting pods with label_selector: app=post-storage-service
[2025-10-04T12:05:11.975+0000] {docker.py:438} INFO - Found 2 pods initially
[2025-10-04T12:05:11.975+0000] {docker.py:438} INFO - Random selection: 1 pods
[2025-10-04T12:05:11.975+0000] {docker.py:438} INFO - Deleting pod: post-storage-service-769cf6947d-wwxtf
[2025-10-04T12:05:11.976+0000] {docker.py:438} INFO - Deleted 1 pods: ['post-storage-service-769cf6947d-wwxtf']
[2025-10-04T12:05:11.976+0000] {docker.py:438} INFO - ✅ Successfully restarted pods: ['post-storage-service-769cf6947d-wwxtf']
[2025-10-04T12:05:11.976+0000] {docker.py:438} INFO - ⏳ Waiting 20 seconds until next restart...
[2025-10-04T12:05:11.976+0000] {docker.py:438} INFO - 📊 Time remaining: 279 seconds
[2025-10-04T12:05:11.976+0000] {docker.py:438} INFO - 
[2025-10-04T12:05:11.977+0000] {docker.py:438} INFO - ==================================================
[2025-10-04T12:05:11.977+0000] {docker.py:438} INFO - 🔄 Restart #3 at 2025-10-04 12:01:07
[2025-10-04T12:05:11.977+0000] {docker.py:438} INFO - ==================================================
[2025-10-04T12:05:11.977+0000] {docker.py:438} INFO - Hello world - terminate function started!
[2025-10-04T12:05:11.977+0000] {docker.py:438} INFO - Selecting pods with label_selector: app=post-storage-service
[2025-10-04T12:05:11.978+0000] {docker.py:438} INFO - Found 2 pods initially
[2025-10-04T12:05:11.978+0000] {docker.py:438} INFO - Random selection: 1 pods
[2025-10-04T12:05:11.978+0000] {docker.py:438} INFO - Deleting pod: post-storage-service-769cf6947d-wwxtf
[2025-10-04T12:05:11.979+0000] {docker.py:438} INFO - Deleted 1 pods: ['post-storage-service-769cf6947d-wwxtf']
[2025-10-04T12:05:11.979+0000] {docker.py:438} INFO - ✅ Successfully restarted pods: ['post-storage-service-769cf6947d-wwxtf']
[2025-10-04T12:05:11.979+0000] {docker.py:438} INFO - ⏳ Waiting 20 seconds until next restart...
[2025-10-04T12:05:11.979+0000] {docker.py:438} INFO - 📊 Time remaining: 259 seconds
[2025-10-04T12:05:11.979+0000] {docker.py:438} INFO - 
[2025-10-04T12:05:11.980+0000] {docker.py:438} INFO - ==================================================
[2025-10-04T12:05:11.980+0000] {docker.py:438} INFO - 🔄 Restart #4 at 2025-10-04 12:01:27
[2025-10-04T12:05:11.980+0000] {docker.py:438} INFO - ==================================================
[2025-10-04T12:05:11.980+0000] {docker.py:438} INFO - Hello world - terminate function started!
[2025-10-04T12:05:11.980+0000] {docker.py:438} INFO - Selecting pods with label_selector: app=post-storage-service
[2025-10-04T12:05:11.980+0000] {docker.py:438} INFO - Found 1 pods initially
[2025-10-04T12:05:11.981+0000] {docker.py:438} INFO - Random selection: 1 pods
[2025-10-04T12:05:11.981+0000] {docker.py:438} INFO - Deleting pod: post-storage-service-769cf6947d-jcc4w
[2025-10-04T12:05:11.981+0000] {docker.py:438} INFO - Deleted 1 pods: ['post-storage-service-769cf6947d-jcc4w']
[2025-10-04T12:05:11.981+0000] {docker.py:438} INFO - ✅ Successfully restarted pods: ['post-storage-service-769cf6947d-jcc4w']
[2025-10-04T12:05:11.981+0000] {docker.py:438} INFO - ⏳ Waiting 20 seconds until next restart...
[2025-10-04T12:05:11.982+0000] {docker.py:438} INFO - 📊 Time remaining: 238 seconds
[2025-10-04T12:05:11.982+0000] {docker.py:438} INFO - 
[2025-10-04T12:05:11.982+0000] {docker.py:438} INFO - ==================================================
[2025-10-04T12:05:11.982+0000] {docker.py:438} INFO - 🔄 Restart #5 at 2025-10-04 12:01:47
[2025-10-04T12:05:11.982+0000] {docker.py:438} INFO - ==================================================
[2025-10-04T12:05:11.983+0000] {docker.py:438} INFO - Hello world - terminate function started!
[2025-10-04T12:05:11.983+0000] {docker.py:438} INFO - Selecting pods with label_selector: app=post-storage-service
[2025-10-04T12:05:11.983+0000] {docker.py:438} INFO - Found 2 pods initially
[2025-10-04T12:05:11.983+0000] {docker.py:438} INFO - Random selection: 1 pods
[2025-10-04T12:05:11.983+0000] {docker.py:438} INFO - Deleting pod: post-storage-service-769cf6947d-jcc4w
[2025-10-04T12:05:11.984+0000] {docker.py:438} INFO - Deleted 1 pods: ['post-storage-service-769cf6947d-jcc4w']
[2025-10-04T12:05:11.984+0000] {docker.py:438} INFO - ✅ Successfully restarted pods: ['post-storage-service-769cf6947d-jcc4w']
[2025-10-04T12:05:11.984+0000] {docker.py:438} INFO - ⏳ Waiting 20 seconds until next restart...
[2025-10-04T12:05:11.984+0000] {docker.py:438} INFO - 📊 Time remaining: 218 seconds
[2025-10-04T12:05:11.984+0000] {docker.py:438} INFO - 
[2025-10-04T12:05:11.984+0000] {docker.py:438} INFO - ==================================================
[2025-10-04T12:05:11.985+0000] {docker.py:438} INFO - 🔄 Restart #6 at 2025-10-04 12:02:08
[2025-10-04T12:05:11.985+0000] {docker.py:438} INFO - ==================================================
[2025-10-04T12:05:11.985+0000] {docker.py:438} INFO - Hello world - terminate function started!
[2025-10-04T12:05:11.985+0000] {docker.py:438} INFO - Selecting pods with label_selector: app=post-storage-service
[2025-10-04T12:05:11.985+0000] {docker.py:438} INFO - Found 1 pods initially
[2025-10-04T12:05:11.986+0000] {docker.py:438} INFO - Random selection: 1 pods
[2025-10-04T12:05:11.986+0000] {docker.py:438} INFO - Deleting pod: post-storage-service-769cf6947d-dbg6g
[2025-10-04T12:05:11.986+0000] {docker.py:438} INFO - Deleted 1 pods: ['post-storage-service-769cf6947d-dbg6g']
[2025-10-04T12:05:11.986+0000] {docker.py:438} INFO - ✅ Successfully restarted pods: ['post-storage-service-769cf6947d-dbg6g']
[2025-10-04T12:05:11.986+0000] {docker.py:438} INFO - ⏳ Waiting 20 seconds until next restart...
[2025-10-04T12:05:11.987+0000] {docker.py:438} INFO - 📊 Time remaining: 197 seconds
[2025-10-04T12:05:11.987+0000] {docker.py:438} INFO - 
[2025-10-04T12:05:11.987+0000] {docker.py:438} INFO - ==================================================
[2025-10-04T12:05:11.987+0000] {docker.py:438} INFO - 🔄 Restart #7 at 2025-10-04 12:02:28
[2025-10-04T12:05:11.987+0000] {docker.py:438} INFO - ==================================================
[2025-10-04T12:05:11.988+0000] {docker.py:438} INFO - Hello world - terminate function started!
[2025-10-04T12:05:11.988+0000] {docker.py:438} INFO - Selecting pods with label_selector: app=post-storage-service
[2025-10-04T12:05:11.988+0000] {docker.py:438} INFO - Found 2 pods initially
[2025-10-04T12:05:11.988+0000] {docker.py:438} INFO - Random selection: 1 pods
[2025-10-04T12:05:11.988+0000] {docker.py:438} INFO - Deleting pod: post-storage-service-769cf6947d-dbg6g
[2025-10-04T12:05:11.989+0000] {docker.py:438} INFO - Deleted 1 pods: ['post-storage-service-769cf6947d-dbg6g']
[2025-10-04T12:05:11.989+0000] {docker.py:438} INFO - ✅ Successfully restarted pods: ['post-storage-service-769cf6947d-dbg6g']
[2025-10-04T12:05:11.989+0000] {docker.py:438} INFO - ⏳ Waiting 20 seconds until next restart...
[2025-10-04T12:05:11.989+0000] {docker.py:438} INFO - 📊 Time remaining: 177 seconds
[2025-10-04T12:05:11.989+0000] {docker.py:438} INFO - 
[2025-10-04T12:05:11.990+0000] {docker.py:438} INFO - ==================================================
[2025-10-04T12:05:11.990+0000] {docker.py:438} INFO - 🔄 Restart #8 at 2025-10-04 12:02:49
[2025-10-04T12:05:11.990+0000] {docker.py:438} INFO - ==================================================
[2025-10-04T12:05:11.990+0000] {docker.py:438} INFO - Hello world - terminate function started!
[2025-10-04T12:05:11.991+0000] {docker.py:438} INFO - Selecting pods with label_selector: app=post-storage-service
[2025-10-04T12:05:11.991+0000] {docker.py:438} INFO - Found 1 pods initially
[2025-10-04T12:05:11.991+0000] {docker.py:438} INFO - Random selection: 1 pods
[2025-10-04T12:05:11.991+0000] {docker.py:438} INFO - Deleting pod: post-storage-service-769cf6947d-xwvc5
[2025-10-04T12:05:11.991+0000] {docker.py:438} INFO - Deleted 1 pods: ['post-storage-service-769cf6947d-xwvc5']
[2025-10-04T12:05:11.992+0000] {docker.py:438} INFO - ✅ Successfully restarted pods: ['post-storage-service-769cf6947d-xwvc5']
[2025-10-04T12:05:11.992+0000] {docker.py:438} INFO - ⏳ Waiting 20 seconds until next restart...
[2025-10-04T12:05:11.992+0000] {docker.py:438} INFO - 📊 Time remaining: 157 seconds
[2025-10-04T12:05:11.992+0000] {docker.py:438} INFO - 
[2025-10-04T12:05:11.992+0000] {docker.py:438} INFO - ==================================================
[2025-10-04T12:05:11.993+0000] {docker.py:438} INFO - 🔄 Restart #9 at 2025-10-04 12:03:09
[2025-10-04T12:05:11.993+0000] {docker.py:438} INFO - ==================================================
[2025-10-04T12:05:11.993+0000] {docker.py:438} INFO - Hello world - terminate function started!
[2025-10-04T12:05:11.993+0000] {docker.py:438} INFO - Selecting pods with label_selector: app=post-storage-service
[2025-10-04T12:05:11.993+0000] {docker.py:438} INFO - Found 2 pods initially
[2025-10-04T12:05:11.994+0000] {docker.py:438} INFO - Random selection: 1 pods
[2025-10-04T12:05:11.994+0000] {docker.py:438} INFO - Deleting pod: post-storage-service-769cf6947d-xwvc5
[2025-10-04T12:05:11.994+0000] {docker.py:438} INFO - Deleted 1 pods: ['post-storage-service-769cf6947d-xwvc5']
[2025-10-04T12:05:11.994+0000] {docker.py:438} INFO - ✅ Successfully restarted pods: ['post-storage-service-769cf6947d-xwvc5']
[2025-10-04T12:05:11.994+0000] {docker.py:438} INFO - ⏳ Waiting 20 seconds until next restart...
[2025-10-04T12:05:11.995+0000] {docker.py:438} INFO - 📊 Time remaining: 136 seconds
[2025-10-04T12:05:11.995+0000] {docker.py:438} INFO - 
[2025-10-04T12:05:11.995+0000] {docker.py:438} INFO - ==================================================
[2025-10-04T12:05:11.995+0000] {docker.py:438} INFO - 🔄 Restart #10 at 2025-10-04 12:03:30
[2025-10-04T12:05:11.995+0000] {docker.py:438} INFO - ==================================================
[2025-10-04T12:05:11.996+0000] {docker.py:438} INFO - Hello world - terminate function started!
[2025-10-04T12:05:11.996+0000] {docker.py:438} INFO - Selecting pods with label_selector: app=post-storage-service
[2025-10-04T12:05:11.996+0000] {docker.py:438} INFO - Found 1 pods initially
[2025-10-04T12:05:11.996+0000] {docker.py:438} INFO - Random selection: 1 pods
[2025-10-04T12:05:11.996+0000] {docker.py:438} INFO - Deleting pod: post-storage-service-769cf6947d-62kmr
[2025-10-04T12:05:11.997+0000] {docker.py:438} INFO - Deleted 1 pods: ['post-storage-service-769cf6947d-62kmr']
[2025-10-04T12:05:11.997+0000] {docker.py:438} INFO - ✅ Successfully restarted pods: ['post-storage-service-769cf6947d-62kmr']
[2025-10-04T12:05:11.997+0000] {docker.py:438} INFO - ⏳ Waiting 20 seconds until next restart...
[2025-10-04T12:05:11.997+0000] {docker.py:438} INFO - 📊 Time remaining: 116 seconds
[2025-10-04T12:05:11.997+0000] {docker.py:438} INFO - 
[2025-10-04T12:05:11.998+0000] {docker.py:438} INFO - ==================================================
[2025-10-04T12:05:11.998+0000] {docker.py:438} INFO - 🔄 Restart #11 at 2025-10-04 12:03:50
[2025-10-04T12:05:11.998+0000] {docker.py:438} INFO - ==================================================
[2025-10-04T12:05:11.998+0000] {docker.py:438} INFO - Hello world - terminate function started!
[2025-10-04T12:05:11.998+0000] {docker.py:438} INFO - Selecting pods with label_selector: app=post-storage-service
[2025-10-04T12:05:11.999+0000] {docker.py:438} INFO - Found 2 pods initially
[2025-10-04T12:05:11.999+0000] {docker.py:438} INFO - Random selection: 1 pods
[2025-10-04T12:05:11.999+0000] {docker.py:438} INFO - Deleting pod: post-storage-service-769cf6947d-62kmr
[2025-10-04T12:05:11.999+0000] {docker.py:438} INFO - Deleted 1 pods: ['post-storage-service-769cf6947d-62kmr']
[2025-10-04T12:05:12.000+0000] {docker.py:438} INFO - ✅ Successfully restarted pods: ['post-storage-service-769cf6947d-62kmr']
[2025-10-04T12:05:12.000+0000] {docker.py:438} INFO - ⏳ Waiting 20 seconds until next restart...
[2025-10-04T12:05:12.000+0000] {docker.py:438} INFO - 📊 Time remaining: 95 seconds
[2025-10-04T12:05:12.000+0000] {docker.py:438} INFO - 
[2025-10-04T12:05:12.001+0000] {docker.py:438} INFO - ==================================================
[2025-10-04T12:05:12.001+0000] {docker.py:438} INFO - 🔄 Restart #12 at 2025-10-04 12:04:10
[2025-10-04T12:05:12.001+0000] {docker.py:438} INFO - ==================================================
[2025-10-04T12:05:12.001+0000] {docker.py:438} INFO - Hello world - terminate function started!
[2025-10-04T12:05:12.001+0000] {docker.py:438} INFO - Selecting pods with label_selector: app=post-storage-service
[2025-10-04T12:05:12.002+0000] {docker.py:438} INFO - Found 1 pods initially
[2025-10-04T12:05:12.002+0000] {docker.py:438} INFO - Random selection: 1 pods
[2025-10-04T12:05:12.002+0000] {docker.py:438} INFO - Deleting pod: post-storage-service-769cf6947d-nr2bp
[2025-10-04T12:05:12.002+0000] {docker.py:438} INFO - Deleted 1 pods: ['post-storage-service-769cf6947d-nr2bp']
[2025-10-04T12:05:12.002+0000] {docker.py:438} INFO - ✅ Successfully restarted pods: ['post-storage-service-769cf6947d-nr2bp']
[2025-10-04T12:05:12.002+0000] {docker.py:438} INFO - ⏳ Waiting 20 seconds until next restart...
[2025-10-04T12:05:12.003+0000] {docker.py:438} INFO - 📊 Time remaining: 75 seconds
[2025-10-04T12:05:12.003+0000] {docker.py:438} INFO - 
[2025-10-04T12:05:12.003+0000] {docker.py:438} INFO - ==================================================
[2025-10-04T12:05:12.003+0000] {docker.py:438} INFO - 🔄 Restart #13 at 2025-10-04 12:04:31
[2025-10-04T12:05:12.003+0000] {docker.py:438} INFO - ==================================================
[2025-10-04T12:05:12.004+0000] {docker.py:438} INFO - Hello world - terminate function started!
[2025-10-04T12:05:12.004+0000] {docker.py:438} INFO - Selecting pods with label_selector: app=post-storage-service
[2025-10-04T12:05:12.004+0000] {docker.py:438} INFO - Found 2 pods initially
[2025-10-04T12:05:12.004+0000] {docker.py:438} INFO - Random selection: 1 pods
[2025-10-04T12:05:12.004+0000] {docker.py:438} INFO - Deleting pod: post-storage-service-769cf6947d-nr2bp
[2025-10-04T12:05:12.004+0000] {docker.py:438} INFO - Deleted 1 pods: ['post-storage-service-769cf6947d-nr2bp']
[2025-10-04T12:05:12.005+0000] {docker.py:438} INFO - ✅ Successfully restarted pods: ['post-storage-service-769cf6947d-nr2bp']
[2025-10-04T12:05:12.005+0000] {docker.py:438} INFO - ⏳ Waiting 20 seconds until next restart...
[2025-10-04T12:05:12.005+0000] {docker.py:438} INFO - 📊 Time remaining: 55 seconds
[2025-10-04T12:05:12.005+0000] {docker.py:438} INFO - 
[2025-10-04T12:05:12.005+0000] {docker.py:438} INFO - ==================================================
[2025-10-04T12:05:12.006+0000] {docker.py:438} INFO - 🔄 Restart #14 at 2025-10-04 12:04:51
[2025-10-04T12:05:12.006+0000] {docker.py:438} INFO - ==================================================
[2025-10-04T12:05:12.006+0000] {docker.py:438} INFO - Hello world - terminate function started!
[2025-10-04T12:05:12.006+0000] {docker.py:438} INFO - Selecting pods with label_selector: app=post-storage-service
[2025-10-04T12:05:12.006+0000] {docker.py:438} INFO - Found 1 pods initially
[2025-10-04T12:05:12.007+0000] {docker.py:438} INFO - Random selection: 1 pods
[2025-10-04T12:05:12.007+0000] {docker.py:438} INFO - Deleting pod: post-storage-service-769cf6947d-8c565
[2025-10-04T12:05:12.007+0000] {docker.py:438} INFO - Deleted 1 pods: ['post-storage-service-769cf6947d-8c565']
[2025-10-04T12:05:12.007+0000] {docker.py:438} INFO - ✅ Successfully restarted pods: ['post-storage-service-769cf6947d-8c565']
[2025-10-04T12:05:12.007+0000] {docker.py:438} INFO - ⏳ Waiting 20 seconds until next restart...
[2025-10-04T12:05:12.008+0000] {docker.py:438} INFO - 📊 Time remaining: 34 seconds
[2025-10-04T12:05:12.008+0000] {docker.py:438} INFO - 
[2025-10-04T12:05:12.008+0000] {docker.py:438} INFO - ==================================================
[2025-10-04T12:05:12.008+0000] {docker.py:438} INFO - 🔄 Restart #15 at 2025-10-04 12:05:11
[2025-10-04T12:05:12.009+0000] {docker.py:438} INFO - ==================================================
[2025-10-04T12:05:12.009+0000] {docker.py:438} INFO - Hello world - terminate function started!
[2025-10-04T12:05:12.009+0000] {docker.py:438} INFO - Selecting pods with label_selector: app=post-storage-service
[2025-10-04T12:05:12.350+0000] {docker.py:438} INFO - [32m[2025-10-04 12:05:12 INFO] Let's rollback...
[2025-10-04T12:05:12.351+0000] {docker.py:438} INFO - [32m[2025-10-04 12:05:12 INFO] Rollback: uncordon-all-nodes
[2025-10-04T12:05:12.352+0000] {docker.py:438} INFO - [32m[2025-10-04 12:05:12 INFO] Action: uncordon-all-nodes
[2025-10-04T12:05:13.265+0000] {docker.py:438} INFO - [32m[2025-10-04 12:05:13 INFO] Experiment ended with status: completed
[2025-10-04T12:05:13.266+0000] {docker.py:438} INFO - Found 2 pods initially
[2025-10-04T12:05:13.266+0000] {docker.py:438} INFO - Random selection: 1 pods
[2025-10-04T12:05:13.266+0000] {docker.py:438} INFO - Deleting pod: post-storage-service-769cf6947d-ckwhn
[2025-10-04T12:05:13.267+0000] {docker.py:438} INFO - Deleted 1 pods: ['post-storage-service-769cf6947d-ckwhn']
[2025-10-04T12:05:13.267+0000] {docker.py:438} INFO - ✅ Successfully restarted pods: ['post-storage-service-769cf6947d-ckwhn']
[2025-10-04T12:05:13.268+0000] {docker.py:438} INFO - ⏰ Less than 20 seconds remaining, stopping experiment
[2025-10-04T12:05:13.268+0000] {docker.py:438} INFO - 
[2025-10-04T12:05:13.268+0000] {docker.py:438} INFO - ==================================================
[2025-10-04T12:05:13.269+0000] {docker.py:438} INFO - 🏁 Experiment Completed!
[2025-10-04T12:05:13.269+0000] {docker.py:438} INFO - ==================================================
[2025-10-04T12:05:13.269+0000] {docker.py:438} INFO - 📈 Total restarts performed: 15
[2025-10-04T12:05:13.270+0000] {docker.py:438} INFO - ⏱️  Total duration: 286 seconds
[2025-10-04T12:05:13.270+0000] {docker.py:438} INFO - 📊 Average interval: 19.1 seconds
[2025-10-04T12:05:13.534+0000] {taskinstance.py:340} INFO - ::group::Post task execution logs
[2025-10-04T12:05:13.534+0000] {taskinstance.py:352} INFO - Marking task as SUCCESS. dag_id=Cordon_Uncordon_Node, task_id=apply_cordon_uncordon_node, run_id=scheduled__2025-10-04T09:00:00+00:00, execution_date=20251004T090000, start_date=20251004T120002, end_date=20251004T120513
[2025-10-04T12:05:13.583+0000] {local_task_job_runner.py:266} INFO - Task exited with return code 0
[2025-10-04T12:05:13.602+0000] {taskinstance.py:3900} INFO - 0 downstream tasks scheduled from follow-on schedule check
[2025-10-04T12:05:13.604+0000] {local_task_job_runner.py:245} INFO - ::endgroup::
