[2025-11-06T14:30:40.787+0000] {local_task_job_runner.py:123} INFO - ::group::Pre task execution logs
[2025-11-06T14:30:40.836+0000] {taskinstance.py:2612} INFO - Dependencies all met for dep_context=non-requeueable deps ti=<TaskInstance: Reinitialize_Application.apply_container_restart_docker manual__2025-11-06T14:30:38.926546+00:00 [queued]>
[2025-11-06T14:30:40.854+0000] {taskinstance.py:2612} INFO - Dependencies all met for dep_context=requeueable deps ti=<TaskInstance: Reinitialize_Application.apply_container_restart_docker manual__2025-11-06T14:30:38.926546+00:00 [queued]>
[2025-11-06T14:30:40.854+0000] {taskinstance.py:2865} INFO - Starting attempt 1 of 1
[2025-11-06T14:30:40.891+0000] {taskinstance.py:2888} INFO - Executing <Task(DockerOperator): apply_container_restart_docker> on 2025-11-06 14:30:38.926546+00:00
[2025-11-06T14:30:40.912+0000] {standard_task_runner.py:72} INFO - Started process 6334 to run task
[2025-11-06T14:30:40.927+0000] {standard_task_runner.py:104} INFO - Running: ['***', 'tasks', 'run', 'Reinitialize_Application', 'apply_container_restart_docker', 'manual__2025-11-06T14:30:38.926546+00:00', '--job-id', '14026', '--raw', '--subdir', 'DAGS_FOLDER/dag_factory.py', '--cfg-path', '/tmp/tmpci3ybgm4']
[2025-11-06T14:30:40.929+0000] {standard_task_runner.py:105} INFO - Job 14026: Subtask apply_container_restart_docker
[2025-11-06T14:30:41.015+0000] {task_command.py:467} INFO - Running <TaskInstance: Reinitialize_Application.apply_container_restart_docker manual__2025-11-06T14:30:38.926546+00:00 [running]> on host workflow.y2twbfvcjkaujnl2bmtbxunhcb.cx.internal.cloudapp.net
[2025-11-06T14:30:41.181+0000] {taskinstance.py:3131} INFO - Exporting env vars: AIRFLOW_CTX_DAG_OWNER='***' AIRFLOW_CTX_DAG_ID='Reinitialize_Application' AIRFLOW_CTX_TASK_ID='apply_container_restart_docker' AIRFLOW_CTX_EXECUTION_DATE='2025-11-06T14:30:38.926546+00:00' AIRFLOW_CTX_TRY_NUMBER='1' AIRFLOW_CTX_DAG_RUN_ID='manual__2025-11-06T14:30:38.926546+00:00'
[2025-11-06T14:30:41.187+0000] {taskinstance.py:731} INFO - ::endgroup::
[2025-11-06T14:30:41.268+0000] {docker.py:367} INFO - Starting docker container from image priyanshu01ce/***_chaos:latest
[2025-11-06T14:30:41.980+0000] {docker.py:438} INFO - The container is run as root user. For security, consider using a regular user account.
[2025-11-06T14:31:01.073+0000] {docker.py:438} INFO - 
[2025-11-06T14:31:01.085+0000] {docker.py:438} INFO - total 8672
[2025-11-06T14:31:01.086+0000] {docker.py:438} INFO - drwxr-xr-x 6    1000 1000    4096 Nov  3 08:06 .
[2025-11-06T14:31:01.087+0000] {docker.py:438} INFO - drwxr-xr-x 1 *** root    4096 Sep 26 10:44 ..
[2025-11-06T14:31:01.087+0000] {docker.py:438} INFO - -rw-r--r-- 1    1000 1000    1193 Sep  8 07:02 API_Latency.json
[2025-11-06T14:31:01.088+0000] {docker.py:438} INFO - -rw-r--r-- 1    1000 1000     729 Sep  9 10:30 API_Timeout.json
[2025-11-06T14:31:01.088+0000] {docker.py:438} INFO - -rw-r--r-- 1    1000 1000    1331 Oct  7 18:22 Continuous_Load_Test_Azure.yaml
[2025-11-06T14:31:01.089+0000] {docker.py:438} INFO - -rw-r--r-- 1    1000 1000    1672 Oct 30 07:48 Memory_Stress_Test_Azure.yaml
[2025-11-06T14:31:01.090+0000] {docker.py:438} INFO - -rw-r--r-- 1    1000 1000    1178 Sep 30 18:19 Stress_Test_Azure.yaml
[2025-11-06T14:31:01.090+0000] {docker.py:438} INFO - drwxrwxr-x 2 root    root    4096 Oct 29 06:31 __pycache__
[2025-11-06T14:31:01.091+0000] {docker.py:438} INFO - drwxrwxr-x 5    1000 1000    4096 Oct 21 08:05 chaos_env
[2025-11-06T14:31:01.091+0000] {docker.py:438} INFO - -rw-r--r-- 1    1000 1000    8875 Sep 25 16:54 chaosk6_actions.py
[2025-11-06T14:31:01.094+0000] {docker.py:438} INFO - -rw-rw-r-- 1    1000 1000 8335426 Nov  6 14:27 chaostoolkit.log
[2025-11-06T14:31:01.094+0000] {docker.py:438} INFO - -rw-rw-r-- 1    1000 1000    1421 Oct 23 09:34 check.py
[2025-11-06T14:31:01.094+0000] {docker.py:438} INFO - -rw-r--r-- 1    1000 1000    3213 Sep  9 09:11 combined-sequential.json
[2025-11-06T14:31:01.095+0000] {docker.py:438} INFO - -rwxrwxr-x 1    1000 1000    1489 Oct 27 06:29 complete_chaos_mesh-cleanup.sh
[2025-11-06T14:31:01.095+0000] {docker.py:438} INFO - -rw-r--r-- 1    1000 1000     502 Sep 16 05:31 connection_test_experiment.json
[2025-11-06T14:31:01.096+0000] {docker.py:438} INFO - -rw-rw-r-- 1    1000 1000     692 Oct 24 01:43 container_probe.json
[2025-11-06T14:31:01.096+0000] {docker.py:438} INFO - -rw-rw-r-- 1    1000 1000    2533 Oct 23 09:28 container_probe.yaml
[2025-11-06T14:31:01.097+0000] {docker.py:438} INFO - -rw-r--r-- 1    1000 1000    1420 Sep 24 06:53 container_restart.json
[2025-11-06T14:31:01.097+0000] {docker.py:438} INFO - -rw-r--r-- 1    1000 1000   16452 Sep 26 09:59 container_restart.py
[2025-11-06T14:31:01.097+0000] {docker.py:438} INFO - -rw-r--r-- 1    1000 1000    1751 Nov  3 05:42 container_restart_Azure.yaml
[2025-11-06T14:31:01.100+0000] {docker.py:438} INFO - -rw-r--r-- 1    1000 1000    1409 Sep 18 12:30 continuous_load_test.json
[2025-11-06T14:31:01.100+0000] {docker.py:438} INFO - -rw-r--r-- 1    1000 1000    1637 Sep 25 10:13 cordon-uncordon-node.json
[2025-11-06T14:31:01.101+0000] {docker.py:438} INFO - -rw-r--r-- 1    1000 1000    1637 Sep 25 04:39 cordon_test.json
[2025-11-06T14:31:01.101+0000] {docker.py:438} INFO - -rw-r--r-- 1    1000 1000    1436 Oct 30 12:28 cordon_uncordon_node_Azure.yaml
[2025-11-06T14:31:01.102+0000] {docker.py:438} INFO - -rw-r--r-- 1    1000 1000    1203 Sep 30 06:51 cpu_stress_ng.json
[2025-11-06T14:31:01.102+0000] {docker.py:438} INFO - -rw-r--r-- 1    1000 1000    1760 Oct 21 08:00 db_cleanup.json
[2025-11-06T14:31:01.102+0000] {docker.py:438} INFO - -rw-r--r-- 1    1000 1000    6399 Sep 24 07:40 db_cleanup.py
[2025-11-06T14:31:01.103+0000] {docker.py:438} INFO - -rw-rw-r-- 1    1000 1000    5855 Oct 28 12:27 direct_memory_stress.py
[2025-11-06T14:31:01.103+0000] {docker.py:438} INFO - -rw-r--r-- 1    1000 1000    2486 Nov  6 14:10 journal.json
[2025-11-06T14:31:01.104+0000] {docker.py:438} INFO - -rw-rw-r-- 1 root    root  241330 Nov  6 14:27 k6_continuous_load.log
[2025-11-06T14:31:01.104+0000] {docker.py:438} INFO - -rw-r--r-- 1    1000 1000    3933 Nov  6 13:45 k6_continuous_summary.json
[2025-11-06T14:31:01.104+0000] {docker.py:438} INFO - -rw-r--r-- 1    1000 1000    3433 Sep 25 09:28 k6_summary.json
[2025-11-06T14:31:01.106+0000] {docker.py:438} INFO - -rw-r--r-- 1    1000 1000     989 Sep 30 09:24 kubernetes_actions.json
[2025-11-06T14:31:01.106+0000] {docker.py:438} INFO - -rw-r--r-- 1    1000 1000   10961 Sep 30 09:23 kubernetes_actions.py
[2025-11-06T14:31:01.107+0000] {docker.py:438} INFO - -rw-r--r-- 1    1000 1000     945 Sep 21 16:40 load_test.json
[2025-11-06T14:31:01.107+0000] {docker.py:438} INFO - -rw-r--r-- 1    1000 1000     528 Sep 17 12:13 max_connection_experiment.json
[2025-11-06T14:31:01.108+0000] {docker.py:438} INFO - -rw-r--r-- 1    1000 1000    1227 Sep 13 15:20 memory-stress-rollback.json
[2025-11-06T14:31:01.108+0000] {docker.py:438} INFO - -rw-rw-r-- 1    1000 1000    1066 Oct 30 12:27 memory_stress.json
[2025-11-06T14:31:01.108+0000] {docker.py:438} INFO - -rw-rw-r-- 1    1000 1000    6653 Oct 29 06:18 memory_stress.py
[2025-11-06T14:31:01.110+0000] {docker.py:438} INFO - -rw-r--r-- 1    1000 1000    1421 Sep 29 05:20 mongo_db_container_restart.json
[2025-11-06T14:31:01.110+0000] {docker.py:438} INFO - -rw-r--r-- 1    1000 1000    7586 Sep 18 05:54 mongodb_actions.py
[2025-11-06T14:31:01.111+0000] {docker.py:438} INFO - -rw-r--r-- 1    1000 1000    2136 Sep 18 11:23 mongodb_connection.json
[2025-11-06T14:31:01.111+0000] {docker.py:438} INFO - -rw-r--r-- 1    1000 1000     597 Sep 16 09:17 mongodb_network_latency_experiment.json
[2025-11-06T14:31:01.112+0000] {docker.py:438} INFO - -rw-r--r-- 1    1000 1000    3657 Sep 18 05:42 mongodb_probes.py
[2025-11-06T14:31:01.112+0000] {docker.py:438} INFO - -rw-r--r-- 1    1000 1000    6161 Sep 12 08:04 pod_restart.py
[2025-11-06T14:31:01.112+0000] {docker.py:438} INFO - -rw-r--r-- 1    1000 1000    1497 Sep 30 05:50 redis_config_faults.py
[2025-11-06T14:31:01.113+0000] {docker.py:438} INFO - -rw-r--r-- 1    1000 1000     862 Sep 30 05:50 redis_experiment.json
[2025-11-06T14:31:01.113+0000] {docker.py:438} INFO - -rw-r--r-- 1    1000 1000     945 Sep 18 06:53 redis_load.json
[2025-11-06T14:31:01.115+0000] {docker.py:438} INFO - -rw-r--r-- 1    1000 1000    1641 Oct 30 12:29 redis_memory_stress_Azure.yaml
[2025-11-06T14:31:01.116+0000] {docker.py:438} INFO - -rw-rw-r-- 1    1000 1000    1333 Oct 21 09:39 reinitialize_application.yaml
[2025-11-06T14:31:01.116+0000] {docker.py:438} INFO - -rw-r--r-- 1    1000 1000    1284 Sep 25 10:53 run_load_test_with_cleanup.py
[2025-11-06T14:31:01.116+0000] {docker.py:438} INFO - -rw-rw-r-- 1    1000 1000    1307 Oct 27 10:33 sample_probe.yaml
[2025-11-06T14:31:01.117+0000] {docker.py:438} INFO - drwxr-xr-x 2    1000 1000    4096 Oct 22 06:46 scripts
[2025-11-06T14:31:01.117+0000] {docker.py:438} INFO - -rw-rw-r-- 1    1000 1000     272 Oct 27 08:51 simple-stress-test.yaml
[2025-11-06T14:31:01.120+0000] {docker.py:438} INFO - drwxr-xr-x 4    1000 1000    4096 Sep 30 09:41 socialNetwork
[2025-11-06T14:31:01.120+0000] {docker.py:438} INFO - -rw-r--r-- 1    1000 1000     821 Sep 26 13:20 stress_test.json
[2025-11-06T14:31:01.120+0000] {docker.py:438} INFO - -rw-rw-r-- 1    1000 1000     301 Oct 27 08:46 test-stress-fixed.yaml
[2025-11-06T14:31:01.121+0000] {docker.py:438} INFO - -rw-rw-r-- 1    1000 1000     295 Oct 27 08:49 test_after_fix.yaml
[2025-11-06T14:31:01.121+0000] {docker.py:438} INFO - -rw-r--r-- 1    1000 1000     367 Sep 17 07:24 test_params.json
[2025-11-06T14:31:01.122+0000] {docker.py:438} INFO - Starting Reinitializing the Social Networking Application...
[2025-11-06T14:31:01.949+0000] {docker.py:438} INFO - [32m[2025-11-06 14:31:01 INFO] Validating the experiment's syntax
[2025-11-06T14:31:02.418+0000] {docker.py:438} INFO - [32m[2025-11-06 14:31:02 INFO] Experiment looks valid
[2025-11-06T14:31:02.421+0000] {docker.py:438} INFO - [32m[2025-11-06 14:31:02 INFO] Running experiment: Simple Social Network Reset
[2025-11-06T14:31:02.425+0000] {docker.py:438} INFO - [32m[2025-11-06 14:31:02 INFO] Steady-state strategy: default
[2025-11-06T14:31:02.426+0000] {docker.py:438} INFO - [32m[2025-11-06 14:31:02 INFO] Rollbacks strategy: default
[2025-11-06T14:31:02.427+0000] {docker.py:438} INFO - [32m[2025-11-06 14:31:02 INFO] No steady state hypothesis defined. That's ok, just exploring.
[2025-11-06T14:31:02.428+0000] {docker.py:438} INFO - [32m[2025-11-06 14:31:02 INFO] Playing your experiment's method now...
[2025-11-06T14:31:02.429+0000] {docker.py:438} INFO - [32m[2025-11-06 14:31:02 INFO] Action: complete-reset-and-reinit
[2025-11-06T14:31:02.430+0000] {docker.py:438} INFO - INFO:kubernetes_actions:Starting complete reset and reinitialization...
[2025-11-06T14:31:02.431+0000] {docker.py:438} INFO - INFO:kubernetes_actions:Starting full social network reset...
[2025-11-06T14:31:02.432+0000] {docker.py:438} INFO - INFO:kubernetes_actions:Clearing Redis data...
[2025-11-06T14:31:02.459+0000] {docker.py:438} INFO - INFO:kubernetes_actions:Loaded local Kubernetes config
[2025-11-06T14:31:02.477+0000] {docker.py:438} INFO - INFO:kubernetes_actions:Loaded local Kubernetes config
[2025-11-06T14:31:02.753+0000] {docker.py:438} INFO - INFO:kubernetes_actions:Found running pod: social-graph-redis-64bd79b48b-gpwdg for deployment: social-graph-redis
[2025-11-06T14:31:02.754+0000] {docker.py:438} INFO - INFO:kubernetes_actions:Executing command in pod social-graph-redis-64bd79b48b-gpwdg, container social-graph-redis: redis-cli FLUSHALL
[2025-11-06T14:31:04.263+0000] {docker.py:438} INFO - INFO:kubernetes_actions:Command executed successfully. Output: OK
[2025-11-06T14:31:04.281+0000] {docker.py:438} INFO - INFO:kubernetes_actions:Loaded local Kubernetes config
[2025-11-06T14:31:04.298+0000] {docker.py:438} INFO - INFO:kubernetes_actions:Loaded local Kubernetes config
[2025-11-06T14:31:04.629+0000] {docker.py:438} INFO - INFO:kubernetes_actions:Found running pod: home-timeline-redis-744dd9998f-xqjsk for deployment: home-timeline-redis
[2025-11-06T14:31:04.630+0000] {docker.py:438} INFO - INFO:kubernetes_actions:Executing command in pod home-timeline-redis-744dd9998f-xqjsk, container home-timeline-redis: redis-cli FLUSHALL
[2025-11-06T14:31:06.444+0000] {docker.py:438} INFO - INFO:kubernetes_actions:Command executed successfully. Output: OK
[2025-11-06T14:31:06.463+0000] {docker.py:438} INFO - INFO:kubernetes_actions:Loaded local Kubernetes config
[2025-11-06T14:31:06.480+0000] {docker.py:438} INFO - INFO:kubernetes_actions:Loaded local Kubernetes config
[2025-11-06T14:31:06.783+0000] {docker.py:438} INFO - INFO:kubernetes_actions:Found running pod: user-timeline-redis-7b8f6ff4fb-5s87m for deployment: user-timeline-redis
[2025-11-06T14:31:06.784+0000] {docker.py:438} INFO - INFO:kubernetes_actions:Executing command in pod user-timeline-redis-7b8f6ff4fb-5s87m, container user-timeline-redis: redis-cli FLUSHALL
[2025-11-06T14:31:08.261+0000] {docker.py:438} INFO - INFO:kubernetes_actions:Command executed successfully. Output: OK
[2025-11-06T14:31:08.262+0000] {docker.py:438} INFO - 
[2025-11-06T14:31:08.263+0000] {docker.py:438} INFO - INFO:kubernetes_actions:Clearing Memcached data...
[2025-11-06T14:31:08.379+0000] {docker.py:438} INFO - INFO:kubernetes_actions:Loaded local Kubernetes config
[2025-11-06T14:31:08.397+0000] {docker.py:438} INFO - INFO:kubernetes_actions:Loaded local Kubernetes config
[2025-11-06T14:31:08.653+0000] {docker.py:438} INFO - INFO:kubernetes_actions:Found running pod: post-storage-memcached-67c6cc65cc-j4jdz for deployment: post-storage-memcached
[2025-11-06T14:31:08.654+0000] {docker.py:438} INFO - INFO:kubernetes_actions:Executing command in pod post-storage-memcached-67c6cc65cc-j4jdz, container post-storage-memcached: sh -c echo 'flush_all' | nc localhost 11211
[2025-11-06T14:31:10.161+0000] {docker.py:438} INFO - INFO:kubernetes_actions:Command executed successfully. Output: sh: 1: nc: not found
[2025-11-06T14:31:10.180+0000] {docker.py:438} INFO - INFO:kubernetes_actions:Loaded local Kubernetes config
[2025-11-06T14:31:10.197+0000] {docker.py:438} INFO - INFO:kubernetes_actions:Loaded local Kubernetes config
[2025-11-06T14:31:10.496+0000] {docker.py:438} INFO - INFO:kubernetes_actions:Found running pod: user-memcached-56f89988c-nxdzl for deployment: user-memcached
[2025-11-06T14:31:10.497+0000] {docker.py:438} INFO - INFO:kubernetes_actions:Executing command in pod user-memcached-56f89988c-nxdzl, container user-memcached: sh -c echo 'flush_all' | nc localhost 11211
[2025-11-06T14:31:11.917+0000] {docker.py:438} INFO - INFO:kubernetes_actions:Command executed successfully. Output: sh: 1: nc: not found
[2025-11-06T14:31:11.918+0000] {docker.py:438} INFO - 
[2025-11-06T14:31:11.918+0000] {docker.py:438} INFO - INFO:kubernetes_actions:Dropping MongoDB databases...
[2025-11-06T14:31:11.961+0000] {docker.py:438} INFO - INFO:kubernetes_actions:Loaded local Kubernetes config
[2025-11-06T14:31:11.995+0000] {docker.py:438} INFO - INFO:kubernetes_actions:Loaded local Kubernetes config
[2025-11-06T14:31:12.295+0000] {docker.py:438} INFO - INFO:kubernetes_actions:Found running pod: post-storage-mongodb-7f7657964c-b2fld for deployment: post-storage-mongodb
[2025-11-06T14:31:12.297+0000] {docker.py:438} INFO - INFO:kubernetes_actions:Executing command in pod post-storage-mongodb-7f7657964c-b2fld, container post-storage-mongodb: mongo --eval db.getSiblingDB('post').dropDatabase()
[2025-11-06T14:31:13.910+0000] {docker.py:438} INFO - INFO:kubernetes_actions:Command executed successfully. Output: MongoDB shell version v4.4.6
[2025-11-06T14:31:13.910+0000] {docker.py:438} INFO - connecting to: mongodb://127.0.0.1:27017/?compressors=disabled&gssapiServiceName=mongodb
[2025-11-06T14:31:13.911+0000] {docker.py:438} INFO - Implicit session: session { "id" : UUID("921cc327-5e51-4579-9e74-2d6eb23768d3") }
[2025-11-06T14:31:13.911+0000] {docker.py:438} INFO - MongoDB server version: 4.4.6
[2025-11-06T14:31:13.913+0000] {docker.py:438} INFO - { "ok" : 1 }
[2025-11-06T14:31:13.973+0000] {docker.py:438} INFO - INFO:kubernetes_actions:Loaded local Kubernetes config
[2025-11-06T14:31:14.029+0000] {docker.py:438} INFO - INFO:kubernetes_actions:Loaded local Kubernetes config
[2025-11-06T14:31:14.429+0000] {docker.py:438} INFO - INFO:kubernetes_actions:Found running pod: post-storage-mongodb-7f7657964c-b2fld for deployment: post-storage-mongodb
[2025-11-06T14:31:14.431+0000] {docker.py:438} INFO - INFO:kubernetes_actions:Executing command in pod post-storage-mongodb-7f7657964c-b2fld, container post-storage-mongodb: mongo --eval db.getSiblingDB('READ__ME_TO_RECOVER_YOUR_DATA').dropDatabase()
[2025-11-06T14:31:16.009+0000] {docker.py:438} INFO - INFO:kubernetes_actions:Command executed successfully. Output: MongoDB shell version v4.4.6
[2025-11-06T14:31:16.010+0000] {docker.py:438} INFO - connecting to: mongodb://127.0.0.1:27017/?compressors=disabled&gssapiServiceName=mongodb
[2025-11-06T14:31:16.010+0000] {docker.py:438} INFO - Implicit session: session { "id" : UUID("a7958cd8-b3f6-4249-bbdf-20ed80dcab67") }
[2025-11-06T14:31:16.011+0000] {docker.py:438} INFO - MongoDB server version: 4.4.6
[2025-11-06T14:31:16.011+0000] {docker.py:438} INFO - { "ok" : 1 }
[2025-11-06T14:31:16.032+0000] {docker.py:438} INFO - INFO:kubernetes_actions:Loaded local Kubernetes config
[2025-11-06T14:31:16.050+0000] {docker.py:438} INFO - INFO:kubernetes_actions:Loaded local Kubernetes config
[2025-11-06T14:31:16.346+0000] {docker.py:438} INFO - INFO:kubernetes_actions:Found running pod: user-mongodb-f95b7d968-tqlld for deployment: user-mongodb
[2025-11-06T14:31:16.347+0000] {docker.py:438} INFO - INFO:kubernetes_actions:Executing command in pod user-mongodb-f95b7d968-tqlld, container user-mongodb: mongo --eval db.getSiblingDB('user').dropDatabase()
[2025-11-06T14:31:17.940+0000] {docker.py:438} INFO - INFO:kubernetes_actions:Command executed successfully. Output: MongoDB shell version v4.4.6
[2025-11-06T14:31:17.941+0000] {docker.py:438} INFO - connecting to: mongodb://127.0.0.1:27017/?compressors=disabled&gssapiServiceName=mongodb
[2025-11-06T14:31:17.941+0000] {docker.py:438} INFO - Implicit session: session { "id" : UUID("0e47cd8f-4d9e-4b8c-b748-0145dfd4706b") }
[2025-11-06T14:31:17.942+0000] {docker.py:438} INFO - MongoDB server version: 4.4.6
[2025-11-06T14:31:17.942+0000] {docker.py:438} INFO - { "dropped" : "user", "ok" : 1 }
[2025-11-06T14:31:17.959+0000] {docker.py:438} INFO - INFO:kubernetes_actions:Loaded local Kubernetes config
[2025-11-06T14:31:17.977+0000] {docker.py:438} INFO - INFO:kubernetes_actions:Loaded local Kubernetes config
[2025-11-06T14:31:18.270+0000] {docker.py:438} INFO - INFO:kubernetes_actions:Found running pod: user-mongodb-f95b7d968-tqlld for deployment: user-mongodb
[2025-11-06T14:31:18.272+0000] {docker.py:438} INFO - INFO:kubernetes_actions:Executing command in pod user-mongodb-f95b7d968-tqlld, container user-mongodb: mongo --eval db.getSiblingDB('READ__ME_TO_RECOVER_YOUR_DATA').dropDatabase()
[2025-11-06T14:31:19.857+0000] {docker.py:438} INFO - INFO:kubernetes_actions:Command executed successfully. Output: MongoDB shell version v4.4.6
[2025-11-06T14:31:19.858+0000] {docker.py:438} INFO - connecting to: mongodb://127.0.0.1:27017/?compressors=disabled&gssapiServiceName=mongodb
[2025-11-06T14:31:19.858+0000] {docker.py:438} INFO - Implicit session: session { "id" : UUID("7c1aac18-7ae4-47f4-b842-8ae62eb1afe2") }
[2025-11-06T14:31:19.859+0000] {docker.py:438} INFO - MongoDB server version: 4.4.6
[2025-11-06T14:31:19.859+0000] {docker.py:438} INFO - { "ok" : 1 }
[2025-11-06T14:31:19.876+0000] {docker.py:438} INFO - INFO:kubernetes_actions:Loaded local Kubernetes config
[2025-11-06T14:31:19.901+0000] {docker.py:438} INFO - INFO:kubernetes_actions:Loaded local Kubernetes config
[2025-11-06T14:31:20.152+0000] {docker.py:438} INFO - INFO:kubernetes_actions:Found running pod: social-graph-mongodb-77fd77d9f4-jj4vn for deployment: social-graph-mongodb
[2025-11-06T14:31:20.154+0000] {docker.py:438} INFO - INFO:kubernetes_actions:Executing command in pod social-graph-mongodb-77fd77d9f4-jj4vn, container social-graph-mongodb: mongo --eval db.getSiblingDB('social-graph').dropDatabase()
[2025-11-06T14:31:21.648+0000] {docker.py:438} INFO - INFO:kubernetes_actions:Command executed successfully. Output: MongoDB shell version v4.4.6
[2025-11-06T14:31:21.648+0000] {docker.py:438} INFO - connecting to: mongodb://127.0.0.1:27017/?compressors=disabled&gssapiServiceName=mongodb
[2025-11-06T14:31:21.649+0000] {docker.py:438} INFO - Implicit session: session { "id" : UUID("2c733dc1-4e89-4064-a366-15605bbf69e7") }
[2025-11-06T14:31:21.649+0000] {docker.py:438} INFO - MongoDB server version: 4.4.6
[2025-11-06T14:31:21.650+0000] {docker.py:438} INFO - { "dropped" : "social-graph", "ok" : 1 }
[2025-11-06T14:31:21.666+0000] {docker.py:438} INFO - INFO:kubernetes_actions:Loaded local Kubernetes config
[2025-11-06T14:31:21.706+0000] {docker.py:438} INFO - INFO:kubernetes_actions:Loaded local Kubernetes config
[2025-11-06T14:31:21.984+0000] {docker.py:438} INFO - INFO:kubernetes_actions:Found running pod: social-graph-mongodb-77fd77d9f4-jj4vn for deployment: social-graph-mongodb
[2025-11-06T14:31:21.985+0000] {docker.py:438} INFO - INFO:kubernetes_actions:Executing command in pod social-graph-mongodb-77fd77d9f4-jj4vn, container social-graph-mongodb: mongo --eval db.getSiblingDB('READ__ME_TO_RECOVER_YOUR_DATA').dropDatabase()
[2025-11-06T14:31:23.647+0000] {docker.py:438} INFO - INFO:kubernetes_actions:Command executed successfully. Output: MongoDB shell version v4.4.6
[2025-11-06T14:31:23.648+0000] {docker.py:438} INFO - connecting to: mongodb://127.0.0.1:27017/?compressors=disabled&gssapiServiceName=mongodb
[2025-11-06T14:31:23.648+0000] {docker.py:438} INFO - Implicit session: session { "id" : UUID("10134042-43b0-49b1-8651-a4a0dd32ec95") }
[2025-11-06T14:31:23.649+0000] {docker.py:438} INFO - MongoDB server version: 4.4.6
[2025-11-06T14:31:23.649+0000] {docker.py:438} INFO - { "ok" : 1 }
[2025-11-06T14:31:23.665+0000] {docker.py:438} INFO - INFO:kubernetes_actions:Loaded local Kubernetes config
[2025-11-06T14:31:23.683+0000] {docker.py:438} INFO - INFO:kubernetes_actions:Loaded local Kubernetes config
[2025-11-06T14:31:23.963+0000] {docker.py:438} INFO - INFO:kubernetes_actions:Found running pod: user-timeline-mongodb-6ff9797bfc-lz2wj for deployment: user-timeline-mongodb
[2025-11-06T14:31:23.964+0000] {docker.py:438} INFO - INFO:kubernetes_actions:Executing command in pod user-timeline-mongodb-6ff9797bfc-lz2wj, container user-timeline-mongodb: mongo --eval db.getSiblingDB('user-timeline').dropDatabase()
[2025-11-06T14:31:25.003+0000] {docker.py:438} INFO - INFO:kubernetes_actions:Command executed successfully. Output: MongoDB shell version v4.4.6
[2025-11-06T14:31:25.004+0000] {docker.py:438} INFO - connecting to: mongodb://127.0.0.1:27017/?compressors=disabled&gssapiServiceName=mongodb
[2025-11-06T14:31:25.004+0000] {docker.py:438} INFO - Implicit session: session { "id" : UUID("550cba6a-caed-4128-bd39-134c5a37e9f8") }
[2025-11-06T14:31:25.005+0000] {docker.py:438} INFO - MongoDB server version: 4.4.6
[2025-11-06T14:31:25.005+0000] {docker.py:438} INFO - { "dropped" : "user-timeline", "ok" : 1 }
[2025-11-06T14:31:25.021+0000] {docker.py:438} INFO - INFO:kubernetes_actions:Loaded local Kubernetes config
[2025-11-06T14:31:25.039+0000] {docker.py:438} INFO - INFO:kubernetes_actions:Loaded local Kubernetes config
[2025-11-06T14:31:25.359+0000] {docker.py:438} INFO - INFO:kubernetes_actions:Found running pod: user-timeline-mongodb-6ff9797bfc-lz2wj for deployment: user-timeline-mongodb
[2025-11-06T14:31:25.359+0000] {docker.py:438} INFO - INFO:kubernetes_actions:Executing command in pod user-timeline-mongodb-6ff9797bfc-lz2wj, container user-timeline-mongodb: mongo --eval db.getSiblingDB('READ__ME_TO_RECOVER_YOUR_DATA').dropDatabase()
[2025-11-06T14:31:27.562+0000] {docker.py:438} INFO - INFO:kubernetes_actions:Command executed successfully. Output: MongoDB shell version v4.4.6
[2025-11-06T14:31:27.563+0000] {docker.py:438} INFO - connecting to: mongodb://127.0.0.1:27017/?compressors=disabled&gssapiServiceName=mongodb
[2025-11-06T14:31:27.564+0000] {docker.py:438} INFO - Implicit session: session { "id" : UUID("1e1c2b50-4c4a-4698-a4e2-bb99146c691f") }
[2025-11-06T14:31:27.564+0000] {docker.py:438} INFO - MongoDB server version: 4.4.6
[2025-11-06T14:31:27.565+0000] {docker.py:438} INFO - { "ok" : 1 }
[2025-11-06T14:31:27.568+0000] {docker.py:438} INFO - INFO:kubernetes_actions:Full social network reset completed
[2025-11-06T14:31:32.598+0000] {docker.py:438} INFO - INFO:kubernetes_actions:Loaded local Kubernetes config
[2025-11-06T14:31:32.599+0000] {docker.py:438} INFO - INFO:kubernetes_actions:Restarting deployment: social-graph-service
[2025-11-06T14:31:33.024+0000] {docker.py:438} INFO - INFO:kubernetes_actions:✅ Successfully restarted social-graph-service
[2025-11-06T14:31:33.026+0000] {docker.py:438} INFO - INFO:kubernetes_actions:Restarting deployment: user-service
[2025-11-06T14:31:33.241+0000] {docker.py:438} INFO - INFO:kubernetes_actions:✅ Successfully restarted user-service
[2025-11-06T14:31:33.244+0000] {docker.py:438} INFO - INFO:kubernetes_actions:Restarting deployment: post-storage-service
[2025-11-06T14:31:33.479+0000] {docker.py:438} INFO - INFO:kubernetes_actions:✅ Successfully restarted post-storage-service
[2025-11-06T14:31:33.480+0000] {docker.py:438} INFO - INFO:kubernetes_actions:Restarting deployment: compose-post-service
[2025-11-06T14:31:33.702+0000] {docker.py:438} INFO - INFO:kubernetes_actions:✅ Successfully restarted compose-post-service
[2025-11-06T14:31:33.703+0000] {docker.py:438} INFO - INFO:kubernetes_actions:Restarting deployment: home-timeline-service
[2025-11-06T14:31:33.946+0000] {docker.py:438} INFO - INFO:kubernetes_actions:✅ Successfully restarted home-timeline-service
[2025-11-06T14:31:33.950+0000] {docker.py:438} INFO - INFO:kubernetes_actions:Restarting deployment: user-timeline-service
[2025-11-06T14:31:34.144+0000] {docker.py:438} INFO - INFO:kubernetes_actions:✅ Successfully restarted user-timeline-service
[2025-11-06T14:31:34.145+0000] {docker.py:438} INFO - INFO:kubernetes_actions:Restarting deployment: nginx-thrift
[2025-11-06T14:31:34.391+0000] {docker.py:438} INFO - INFO:kubernetes_actions:✅ Successfully restarted nginx-thrift
[2025-11-06T14:31:34.392+0000] {docker.py:438} INFO - INFO:kubernetes_actions:Restarting deployment: text-service
[2025-11-06T14:31:34.587+0000] {docker.py:438} INFO - INFO:kubernetes_actions:✅ Successfully restarted text-service
[2025-11-06T14:31:34.588+0000] {docker.py:438} INFO - INFO:kubernetes_actions:Restarting deployment: unique-id-service
[2025-11-06T14:31:35.045+0000] {docker.py:438} INFO - INFO:kubernetes_actions:✅ Successfully restarted unique-id-service
[2025-11-06T14:31:35.047+0000] {docker.py:438} INFO - INFO:kubernetes_actions:Restarting deployment: user-mention-service
[2025-11-06T14:31:35.274+0000] {docker.py:438} INFO - INFO:kubernetes_actions:✅ Successfully restarted user-mention-service
[2025-11-06T14:31:35.275+0000] {docker.py:438} INFO - INFO:kubernetes_actions:Waiting 90 seconds for services to restart...
[2025-11-06T14:33:05.302+0000] {docker.py:438} INFO - INFO:kubernetes_actions:Reinitializing social network data...
[2025-11-06T14:43:28.953+0000] {docker.py:438} INFO - INFO:kubernetes_actions:Social network reinitialization completed successfully
[2025-11-06T14:43:28.955+0000] {docker.py:438} INFO - [32m[2025-11-06 14:43:28 INFO] Let's rollback...
[2025-11-06T14:43:28.956+0000] {docker.py:438} INFO - [32m[2025-11-06 14:43:28 INFO] No declared rollbacks, let's move on.
[2025-11-06T14:43:28.962+0000] {docker.py:438} INFO - [32m[2025-11-06 14:43:28 INFO] Experiment ended with status: completed
[2025-11-06T14:43:29.140+0000] {docker.py:438} INFO - Reinitialized Social Networking APplication successfully
[2025-11-06T14:43:29.546+0000] {taskinstance.py:340} INFO - ::group::Post task execution logs
[2025-11-06T14:43:29.547+0000] {taskinstance.py:352} INFO - Marking task as SUCCESS. dag_id=Reinitialize_Application, task_id=apply_container_restart_docker, run_id=manual__2025-11-06T14:30:38.926546+00:00, execution_date=20251106T143038, start_date=20251106T143040, end_date=20251106T144329
[2025-11-06T14:43:29.611+0000] {local_task_job_runner.py:266} INFO - Task exited with return code 0
[2025-11-06T14:43:29.641+0000] {taskinstance.py:3900} INFO - 0 downstream tasks scheduled from follow-on schedule check
[2025-11-06T14:43:29.644+0000] {local_task_job_runner.py:245} INFO - ::endgroup::
