[2025-10-22T07:07:58.976+0000] {local_task_job_runner.py:123} INFO - ::group::Pre task execution logs
[2025-10-22T07:07:59.002+0000] {taskinstance.py:2612} INFO - Dependencies all met for dep_context=non-requeueable deps ti=<TaskInstance: Cordon_Uncordon_Node.apply_cordon_uncordon_node manual__2025-10-22T07:07:56.593974+00:00 [queued]>
[2025-10-22T07:07:59.013+0000] {taskinstance.py:2612} INFO - Dependencies all met for dep_context=requeueable deps ti=<TaskInstance: Cordon_Uncordon_Node.apply_cordon_uncordon_node manual__2025-10-22T07:07:56.593974+00:00 [queued]>
[2025-10-22T07:07:59.014+0000] {taskinstance.py:2865} INFO - Starting attempt 1 of 1
[2025-10-22T07:07:59.043+0000] {taskinstance.py:2888} INFO - Executing <Task(DockerOperator): apply_cordon_uncordon_node> on 2025-10-22 07:07:56.593974+00:00
[2025-10-22T07:07:59.057+0000] {standard_task_runner.py:72} INFO - Started process 3304 to run task
[2025-10-22T07:07:59.068+0000] {standard_task_runner.py:104} INFO - Running: ['***', 'tasks', 'run', 'Cordon_Uncordon_Node', 'apply_cordon_uncordon_node', 'manual__2025-10-22T07:07:56.593974+00:00', '--job-id', '10329', '--raw', '--subdir', 'DAGS_FOLDER/dag_factory.py', '--cfg-path', '/tmp/tmpjycxdz6j']
[2025-10-22T07:07:59.070+0000] {standard_task_runner.py:105} INFO - Job 10329: Subtask apply_cordon_uncordon_node
[2025-10-22T07:07:59.160+0000] {task_command.py:467} INFO - Running <TaskInstance: Cordon_Uncordon_Node.apply_cordon_uncordon_node manual__2025-10-22T07:07:56.593974+00:00 [running]> on host workflow.y2twbfvcjkaujnl2bmtbxunhcb.cx.internal.cloudapp.net
[2025-10-22T07:07:59.329+0000] {taskinstance.py:3131} INFO - Exporting env vars: AIRFLOW_CTX_DAG_OWNER='***' AIRFLOW_CTX_DAG_ID='Cordon_Uncordon_Node' AIRFLOW_CTX_TASK_ID='apply_cordon_uncordon_node' AIRFLOW_CTX_EXECUTION_DATE='2025-10-22T07:07:56.593974+00:00' AIRFLOW_CTX_TRY_NUMBER='1' AIRFLOW_CTX_DAG_RUN_ID='manual__2025-10-22T07:07:56.593974+00:00'
[2025-10-22T07:07:59.331+0000] {taskinstance.py:731} INFO - ::endgroup::
[2025-10-22T07:07:59.409+0000] {docker.py:367} INFO - Starting docker container from image ***_chaos:latest
[2025-10-22T07:08:00.031+0000] {docker.py:438} INFO - The container is run as root user. For security, consider using a regular user account.
[2025-10-22T07:08:16.939+0000] {docker.py:438} INFO - 
[2025-10-22T07:08:17.922+0000] {docker.py:438} INFO - [32m[2025-10-22 07:08:17 INFO] Validating the experiment's syntax
[2025-10-22T07:08:18.412+0000] {docker.py:438} INFO - [32m[2025-10-22 07:08:18 INFO] Experiment looks valid
[2025-10-22T07:08:18.415+0000] {docker.py:438} INFO - [32m[2025-10-22 07:08:18 INFO] Running experiment: Cordon-Pod Restart Combined Experiment
[2025-10-22T07:08:18.419+0000] {docker.py:438} INFO - [32m[2025-10-22 07:08:18 INFO] Steady-state strategy: default
[2025-10-22T07:08:18.420+0000] {docker.py:438} INFO - [32m[2025-10-22 07:08:18 INFO] Rollbacks strategy: default
[2025-10-22T07:08:18.421+0000] {docker.py:438} INFO - [32m[2025-10-22 07:08:18 INFO] No steady state hypothesis defined. That's ok, just exploring.
[2025-10-22T07:08:18.422+0000] {docker.py:438} INFO - [32m[2025-10-22 07:08:18 INFO] Playing your experiment's method now...
[2025-10-22T07:08:18.423+0000] {docker.py:438} INFO - [32m[2025-10-22 07:08:18 INFO] Action: cordon-nodes
[2025-10-22T07:08:19.474+0000] {docker.py:438} INFO - [32m[2025-10-22 07:08:19 INFO] Action: continuous-pod-restart-during-cordon
[2025-10-22T07:13:05.930+0000] {docker.py:438} INFO - 🚀 Starting continuous pod restart experiment
[2025-10-22T07:13:05.932+0000] {docker.py:438} INFO - 📅 Interval: 20 seconds
[2025-10-22T07:13:05.932+0000] {docker.py:438} INFO - ⏱️  Duration: 300 seconds
[2025-10-22T07:13:05.933+0000] {docker.py:438} INFO - 🎯 Target: app=post-storage-service
[2025-10-22T07:13:05.934+0000] {docker.py:438} INFO - 📍 Namespace: default
[2025-10-22T07:13:05.934+0000] {docker.py:438} INFO - 
[2025-10-22T07:13:05.934+0000] {docker.py:438} INFO - ==================================================
[2025-10-22T07:13:05.935+0000] {docker.py:438} INFO - 🔄 Restart #1 at 2025-10-22 07:08:19
[2025-10-22T07:13:05.936+0000] {docker.py:438} INFO - ==================================================
[2025-10-22T07:13:05.936+0000] {docker.py:438} INFO - Hello world - terminate function started!
[2025-10-22T07:13:05.936+0000] {docker.py:438} INFO - Selecting pods with label_selector: app=post-storage-service
[2025-10-22T07:13:05.937+0000] {docker.py:438} INFO - Found 1 pods initially
[2025-10-22T07:13:05.938+0000] {docker.py:438} INFO - Random selection: 1 pods
[2025-10-22T07:13:05.938+0000] {docker.py:438} INFO - Deleting pod: post-storage-service-7985448bc7-f4grj
[2025-10-22T07:13:05.939+0000] {docker.py:438} INFO - Deleted 1 pods: ['post-storage-service-7985448bc7-f4grj']
[2025-10-22T07:13:05.939+0000] {docker.py:438} INFO - ✅ Successfully restarted pods: ['post-storage-service-7985448bc7-f4grj']
[2025-10-22T07:13:05.940+0000] {docker.py:438} INFO - ⏳ Waiting 20 seconds until next restart...
[2025-10-22T07:13:05.940+0000] {docker.py:438} INFO - 📊 Time remaining: 300 seconds
[2025-10-22T07:13:05.940+0000] {docker.py:438} INFO - 
[2025-10-22T07:13:05.941+0000] {docker.py:438} INFO - ==================================================
[2025-10-22T07:13:05.941+0000] {docker.py:438} INFO - 🔄 Restart #2 at 2025-10-22 07:08:39
[2025-10-22T07:13:05.942+0000] {docker.py:438} INFO - ==================================================
[2025-10-22T07:13:05.942+0000] {docker.py:438} INFO - Hello world - terminate function started!
[2025-10-22T07:13:05.942+0000] {docker.py:438} INFO - Selecting pods with label_selector: app=post-storage-service
[2025-10-22T07:13:05.943+0000] {docker.py:438} INFO - Found 2 pods initially
[2025-10-22T07:13:05.943+0000] {docker.py:438} INFO - Random selection: 1 pods
[2025-10-22T07:13:05.944+0000] {docker.py:438} INFO - Deleting pod: post-storage-service-7985448bc7-f4grj
[2025-10-22T07:13:05.944+0000] {docker.py:438} INFO - Deleted 1 pods: ['post-storage-service-7985448bc7-f4grj']
[2025-10-22T07:13:05.944+0000] {docker.py:438} INFO - ✅ Successfully restarted pods: ['post-storage-service-7985448bc7-f4grj']
[2025-10-22T07:13:05.945+0000] {docker.py:438} INFO - ⏳ Waiting 20 seconds until next restart...
[2025-10-22T07:13:05.945+0000] {docker.py:438} INFO - 📊 Time remaining: 279 seconds
[2025-10-22T07:13:05.946+0000] {docker.py:438} INFO - 
[2025-10-22T07:13:05.946+0000] {docker.py:438} INFO - ==================================================
[2025-10-22T07:13:05.947+0000] {docker.py:438} INFO - 🔄 Restart #3 at 2025-10-22 07:09:00
[2025-10-22T07:13:05.947+0000] {docker.py:438} INFO - ==================================================
[2025-10-22T07:13:05.947+0000] {docker.py:438} INFO - Hello world - terminate function started!
[2025-10-22T07:13:05.948+0000] {docker.py:438} INFO - Selecting pods with label_selector: app=post-storage-service
[2025-10-22T07:13:05.948+0000] {docker.py:438} INFO - Found 1 pods initially
[2025-10-22T07:13:05.949+0000] {docker.py:438} INFO - Random selection: 1 pods
[2025-10-22T07:13:05.949+0000] {docker.py:438} INFO - Deleting pod: post-storage-service-7985448bc7-6sfmz
[2025-10-22T07:13:05.949+0000] {docker.py:438} INFO - Deleted 1 pods: ['post-storage-service-7985448bc7-6sfmz']
[2025-10-22T07:13:05.950+0000] {docker.py:438} INFO - ✅ Successfully restarted pods: ['post-storage-service-7985448bc7-6sfmz']
[2025-10-22T07:13:05.950+0000] {docker.py:438} INFO - ⏳ Waiting 20 seconds until next restart...
[2025-10-22T07:13:05.951+0000] {docker.py:438} INFO - 📊 Time remaining: 259 seconds
[2025-10-22T07:13:05.951+0000] {docker.py:438} INFO - 
[2025-10-22T07:13:05.952+0000] {docker.py:438} INFO - ==================================================
[2025-10-22T07:13:05.952+0000] {docker.py:438} INFO - 🔄 Restart #4 at 2025-10-22 07:09:20
[2025-10-22T07:13:05.952+0000] {docker.py:438} INFO - ==================================================
[2025-10-22T07:13:05.953+0000] {docker.py:438} INFO - Hello world - terminate function started!
[2025-10-22T07:13:05.953+0000] {docker.py:438} INFO - Selecting pods with label_selector: app=post-storage-service
[2025-10-22T07:13:05.954+0000] {docker.py:438} INFO - Found 2 pods initially
[2025-10-22T07:13:05.954+0000] {docker.py:438} INFO - Random selection: 1 pods
[2025-10-22T07:13:05.954+0000] {docker.py:438} INFO - Deleting pod: post-storage-service-7985448bc7-6sfmz
[2025-10-22T07:13:05.955+0000] {docker.py:438} INFO - Deleted 1 pods: ['post-storage-service-7985448bc7-6sfmz']
[2025-10-22T07:13:05.955+0000] {docker.py:438} INFO - ✅ Successfully restarted pods: ['post-storage-service-7985448bc7-6sfmz']
[2025-10-22T07:13:05.956+0000] {docker.py:438} INFO - ⏳ Waiting 20 seconds until next restart...
[2025-10-22T07:13:05.956+0000] {docker.py:438} INFO - 📊 Time remaining: 238 seconds
[2025-10-22T07:13:05.956+0000] {docker.py:438} INFO - 
[2025-10-22T07:13:05.957+0000] {docker.py:438} INFO - ==================================================
[2025-10-22T07:13:05.957+0000] {docker.py:438} INFO - 🔄 Restart #5 at 2025-10-22 07:09:41
[2025-10-22T07:13:05.958+0000] {docker.py:438} INFO - ==================================================
[2025-10-22T07:13:05.958+0000] {docker.py:438} INFO - Hello world - terminate function started!
[2025-10-22T07:13:05.958+0000] {docker.py:438} INFO - Selecting pods with label_selector: app=post-storage-service
[2025-10-22T07:13:05.959+0000] {docker.py:438} INFO - Found 1 pods initially
[2025-10-22T07:13:05.959+0000] {docker.py:438} INFO - Random selection: 1 pods
[2025-10-22T07:13:05.960+0000] {docker.py:438} INFO - Deleting pod: post-storage-service-7985448bc7-f4969
[2025-10-22T07:13:05.960+0000] {docker.py:438} INFO - Deleted 1 pods: ['post-storage-service-7985448bc7-f4969']
[2025-10-22T07:13:05.961+0000] {docker.py:438} INFO - ✅ Successfully restarted pods: ['post-storage-service-7985448bc7-f4969']
[2025-10-22T07:13:05.961+0000] {docker.py:438} INFO - ⏳ Waiting 20 seconds until next restart...
[2025-10-22T07:13:05.961+0000] {docker.py:438} INFO - 📊 Time remaining: 218 seconds
[2025-10-22T07:13:05.962+0000] {docker.py:438} INFO - 
[2025-10-22T07:13:05.962+0000] {docker.py:438} INFO - ==================================================
[2025-10-22T07:13:05.963+0000] {docker.py:438} INFO - 🔄 Restart #6 at 2025-10-22 07:10:01
[2025-10-22T07:13:05.963+0000] {docker.py:438} INFO - ==================================================
[2025-10-22T07:13:05.963+0000] {docker.py:438} INFO - Hello world - terminate function started!
[2025-10-22T07:13:05.964+0000] {docker.py:438} INFO - Selecting pods with label_selector: app=post-storage-service
[2025-10-22T07:13:05.964+0000] {docker.py:438} INFO - Found 2 pods initially
[2025-10-22T07:13:05.965+0000] {docker.py:438} INFO - Random selection: 1 pods
[2025-10-22T07:13:05.965+0000] {docker.py:438} INFO - Deleting pod: post-storage-service-7985448bc7-8sbl4
[2025-10-22T07:13:05.966+0000] {docker.py:438} INFO - Deleted 1 pods: ['post-storage-service-7985448bc7-8sbl4']
[2025-10-22T07:13:05.966+0000] {docker.py:438} INFO - ✅ Successfully restarted pods: ['post-storage-service-7985448bc7-8sbl4']
[2025-10-22T07:13:05.966+0000] {docker.py:438} INFO - ⏳ Waiting 20 seconds until next restart...
[2025-10-22T07:13:05.967+0000] {docker.py:438} INFO - 📊 Time remaining: 197 seconds
[2025-10-22T07:13:05.967+0000] {docker.py:438} INFO - 
[2025-10-22T07:13:05.968+0000] {docker.py:438} INFO - ==================================================
[2025-10-22T07:13:05.968+0000] {docker.py:438} INFO - 🔄 Restart #7 at 2025-10-22 07:10:22
[2025-10-22T07:13:05.968+0000] {docker.py:438} INFO - ==================================================
[2025-10-22T07:13:05.969+0000] {docker.py:438} INFO - Hello world - terminate function started!
[2025-10-22T07:13:05.975+0000] {docker.py:438} INFO - Selecting pods with label_selector: app=post-storage-service
[2025-10-22T07:13:05.976+0000] {docker.py:438} INFO - Found 2 pods initially
[2025-10-22T07:13:05.976+0000] {docker.py:438} INFO - Random selection: 1 pods
[2025-10-22T07:13:05.976+0000] {docker.py:438} INFO - Deleting pod: post-storage-service-7985448bc7-6s22h
[2025-10-22T07:13:05.977+0000] {docker.py:438} INFO - Deleted 1 pods: ['post-storage-service-7985448bc7-6s22h']
[2025-10-22T07:13:05.977+0000] {docker.py:438} INFO - ✅ Successfully restarted pods: ['post-storage-service-7985448bc7-6s22h']
[2025-10-22T07:13:05.978+0000] {docker.py:438} INFO - ⏳ Waiting 20 seconds until next restart...
[2025-10-22T07:13:05.978+0000] {docker.py:438} INFO - 📊 Time remaining: 177 seconds
[2025-10-22T07:13:05.978+0000] {docker.py:438} INFO - 
[2025-10-22T07:13:05.979+0000] {docker.py:438} INFO - ==================================================
[2025-10-22T07:13:05.979+0000] {docker.py:438} INFO - 🔄 Restart #8 at 2025-10-22 07:10:42
[2025-10-22T07:13:05.980+0000] {docker.py:438} INFO - ==================================================
[2025-10-22T07:13:05.980+0000] {docker.py:438} INFO - Hello world - terminate function started!
[2025-10-22T07:13:05.980+0000] {docker.py:438} INFO - Selecting pods with label_selector: app=post-storage-service
[2025-10-22T07:13:05.981+0000] {docker.py:438} INFO - Found 2 pods initially
[2025-10-22T07:13:05.981+0000] {docker.py:438} INFO - Random selection: 1 pods
[2025-10-22T07:13:05.982+0000] {docker.py:438} INFO - Deleting pod: post-storage-service-7985448bc7-6s22h
[2025-10-22T07:13:05.982+0000] {docker.py:438} INFO - Deleted 1 pods: ['post-storage-service-7985448bc7-6s22h']
[2025-10-22T07:13:05.983+0000] {docker.py:438} INFO - ✅ Successfully restarted pods: ['post-storage-service-7985448bc7-6s22h']
[2025-10-22T07:13:05.983+0000] {docker.py:438} INFO - ⏳ Waiting 20 seconds until next restart...
[2025-10-22T07:13:05.984+0000] {docker.py:438} INFO - 📊 Time remaining: 156 seconds
[2025-10-22T07:13:05.984+0000] {docker.py:438} INFO - 
[2025-10-22T07:13:05.984+0000] {docker.py:438} INFO - ==================================================
[2025-10-22T07:13:05.985+0000] {docker.py:438} INFO - 🔄 Restart #9 at 2025-10-22 07:11:03
[2025-10-22T07:13:05.985+0000] {docker.py:438} INFO - ==================================================
[2025-10-22T07:13:05.986+0000] {docker.py:438} INFO - Hello world - terminate function started!
[2025-10-22T07:13:05.986+0000] {docker.py:438} INFO - Selecting pods with label_selector: app=post-storage-service
[2025-10-22T07:13:05.986+0000] {docker.py:438} INFO - Found 1 pods initially
[2025-10-22T07:13:05.987+0000] {docker.py:438} INFO - Random selection: 1 pods
[2025-10-22T07:13:05.987+0000] {docker.py:438} INFO - Deleting pod: post-storage-service-7985448bc7-sbcwl
[2025-10-22T07:13:05.988+0000] {docker.py:438} INFO - Deleted 1 pods: ['post-storage-service-7985448bc7-sbcwl']
[2025-10-22T07:13:05.988+0000] {docker.py:438} INFO - ✅ Successfully restarted pods: ['post-storage-service-7985448bc7-sbcwl']
[2025-10-22T07:13:05.989+0000] {docker.py:438} INFO - ⏳ Waiting 20 seconds until next restart...
[2025-10-22T07:13:05.989+0000] {docker.py:438} INFO - 📊 Time remaining: 136 seconds
[2025-10-22T07:13:05.989+0000] {docker.py:438} INFO - 
[2025-10-22T07:13:05.990+0000] {docker.py:438} INFO - ==================================================
[2025-10-22T07:13:05.990+0000] {docker.py:438} INFO - 🔄 Restart #10 at 2025-10-22 07:11:23
[2025-10-22T07:13:05.991+0000] {docker.py:438} INFO - ==================================================
[2025-10-22T07:13:05.991+0000] {docker.py:438} INFO - Hello world - terminate function started!
[2025-10-22T07:13:05.991+0000] {docker.py:438} INFO - Selecting pods with label_selector: app=post-storage-service
[2025-10-22T07:13:05.992+0000] {docker.py:438} INFO - Found 2 pods initially
[2025-10-22T07:13:05.992+0000] {docker.py:438} INFO - Random selection: 1 pods
[2025-10-22T07:13:05.993+0000] {docker.py:438} INFO - Deleting pod: post-storage-service-7985448bc7-4qsct
[2025-10-22T07:13:05.993+0000] {docker.py:438} INFO - Deleted 1 pods: ['post-storage-service-7985448bc7-4qsct']
[2025-10-22T07:13:05.993+0000] {docker.py:438} INFO - ✅ Successfully restarted pods: ['post-storage-service-7985448bc7-4qsct']
[2025-10-22T07:13:05.994+0000] {docker.py:438} INFO - ⏳ Waiting 20 seconds until next restart...
[2025-10-22T07:13:05.994+0000] {docker.py:438} INFO - 📊 Time remaining: 115 seconds
[2025-10-22T07:13:05.995+0000] {docker.py:438} INFO - 
[2025-10-22T07:13:05.995+0000] {docker.py:438} INFO - ==================================================
[2025-10-22T07:13:05.995+0000] {docker.py:438} INFO - 🔄 Restart #11 at 2025-10-22 07:11:44
[2025-10-22T07:13:05.996+0000] {docker.py:438} INFO - ==================================================
[2025-10-22T07:13:05.996+0000] {docker.py:438} INFO - Hello world - terminate function started!
[2025-10-22T07:13:05.997+0000] {docker.py:438} INFO - Selecting pods with label_selector: app=post-storage-service
[2025-10-22T07:13:05.997+0000] {docker.py:438} INFO - Found 2 pods initially
[2025-10-22T07:13:05.998+0000] {docker.py:438} INFO - Random selection: 1 pods
[2025-10-22T07:13:05.998+0000] {docker.py:438} INFO - Deleting pod: post-storage-service-7985448bc7-4qsct
[2025-10-22T07:13:05.998+0000] {docker.py:438} INFO - Deleted 1 pods: ['post-storage-service-7985448bc7-4qsct']
[2025-10-22T07:13:05.999+0000] {docker.py:438} INFO - ✅ Successfully restarted pods: ['post-storage-service-7985448bc7-4qsct']
[2025-10-22T07:13:05.999+0000] {docker.py:438} INFO - ⏳ Waiting 20 seconds until next restart...
[2025-10-22T07:13:06.000+0000] {docker.py:438} INFO - 📊 Time remaining: 95 seconds
[2025-10-22T07:13:06.000+0000] {docker.py:438} INFO - 
[2025-10-22T07:13:06.000+0000] {docker.py:438} INFO - ==================================================
[2025-10-22T07:13:06.001+0000] {docker.py:438} INFO - 🔄 Restart #12 at 2025-10-22 07:12:04
[2025-10-22T07:13:06.001+0000] {docker.py:438} INFO - ==================================================
[2025-10-22T07:13:06.002+0000] {docker.py:438} INFO - Hello world - terminate function started!
[2025-10-22T07:13:06.002+0000] {docker.py:438} INFO - Selecting pods with label_selector: app=post-storage-service
[2025-10-22T07:13:06.002+0000] {docker.py:438} INFO - Found 1 pods initially
[2025-10-22T07:13:06.003+0000] {docker.py:438} INFO - Random selection: 1 pods
[2025-10-22T07:13:06.003+0000] {docker.py:438} INFO - Deleting pod: post-storage-service-7985448bc7-mx82x
[2025-10-22T07:13:06.004+0000] {docker.py:438} INFO - Deleted 1 pods: ['post-storage-service-7985448bc7-mx82x']
[2025-10-22T07:13:06.005+0000] {docker.py:438} INFO - ✅ Successfully restarted pods: ['post-storage-service-7985448bc7-mx82x']
[2025-10-22T07:13:06.005+0000] {docker.py:438} INFO - ⏳ Waiting 20 seconds until next restart...
[2025-10-22T07:13:06.006+0000] {docker.py:438} INFO - 📊 Time remaining: 74 seconds
[2025-10-22T07:13:06.006+0000] {docker.py:438} INFO - 
[2025-10-22T07:13:06.006+0000] {docker.py:438} INFO - ==================================================
[2025-10-22T07:13:06.008+0000] {docker.py:438} INFO - 🔄 Restart #13 at 2025-10-22 07:12:24
[2025-10-22T07:13:06.008+0000] {docker.py:438} INFO - ==================================================
[2025-10-22T07:13:06.009+0000] {docker.py:438} INFO - Hello world - terminate function started!
[2025-10-22T07:13:06.009+0000] {docker.py:438} INFO - Selecting pods with label_selector: app=post-storage-service
[2025-10-22T07:13:06.010+0000] {docker.py:438} INFO - Found 2 pods initially
[2025-10-22T07:13:06.010+0000] {docker.py:438} INFO - Random selection: 1 pods
[2025-10-22T07:13:06.010+0000] {docker.py:438} INFO - Deleting pod: post-storage-service-7985448bc7-f7fd8
[2025-10-22T07:13:06.013+0000] {docker.py:438} INFO - Deleted 1 pods: ['post-storage-service-7985448bc7-f7fd8']
[2025-10-22T07:13:06.013+0000] {docker.py:438} INFO - ✅ Successfully restarted pods: ['post-storage-service-7985448bc7-f7fd8']
[2025-10-22T07:13:06.014+0000] {docker.py:438} INFO - ⏳ Waiting 20 seconds until next restart...
[2025-10-22T07:13:06.014+0000] {docker.py:438} INFO - 📊 Time remaining: 54 seconds
[2025-10-22T07:13:06.014+0000] {docker.py:438} INFO - 
[2025-10-22T07:13:06.015+0000] {docker.py:438} INFO - ==================================================
[2025-10-22T07:13:06.015+0000] {docker.py:438} INFO - 🔄 Restart #14 at 2025-10-22 07:12:45
[2025-10-22T07:13:06.016+0000] {docker.py:438} INFO - ==================================================
[2025-10-22T07:13:06.016+0000] {docker.py:438} INFO - Hello world - terminate function started!
[2025-10-22T07:13:06.017+0000] {docker.py:438} INFO - Selecting pods with label_selector: app=post-storage-service
[2025-10-22T07:13:06.056+0000] {docker.py:438} INFO - Found 2 pods initially
[2025-10-22T07:13:06.057+0000] {docker.py:438} INFO - Random selection: 1 pods
[2025-10-22T07:13:06.059+0000] {docker.py:438} INFO - Deleting pod: post-storage-service-7985448bc7-54d4k
[2025-10-22T07:13:06.059+0000] {docker.py:438} INFO - Deleted 1 pods: ['post-storage-service-7985448bc7-54d4k']
[2025-10-22T07:13:06.059+0000] {docker.py:438} INFO - ✅ Successfully restarted pods: ['post-storage-service-7985448bc7-54d4k']
[2025-10-22T07:13:06.060+0000] {docker.py:438} INFO - ⏳ Waiting 20 seconds until next restart...
[2025-10-22T07:13:06.060+0000] {docker.py:438} INFO - 📊 Time remaining: 34 seconds
[2025-10-22T07:13:06.063+0000] {docker.py:438} INFO - 
[2025-10-22T07:13:06.063+0000] {docker.py:438} INFO - ==================================================
[2025-10-22T07:13:06.064+0000] {docker.py:438} INFO - 🔄 Restart #15 at 2025-10-22 07:13:05
[2025-10-22T07:13:06.064+0000] {docker.py:438} INFO - ==================================================
[2025-10-22T07:13:06.067+0000] {docker.py:438} INFO - Hello world - terminate function started!
[2025-10-22T07:13:06.067+0000] {docker.py:438} INFO - Selecting pods with label_selector: app=post-storage-service
[2025-10-22T07:13:06.477+0000] {docker.py:438} INFO - [32m[2025-10-22 07:13:06 INFO] Let's rollback...
[2025-10-22T07:13:06.478+0000] {docker.py:438} INFO - [32m[2025-10-22 07:13:06 INFO] Rollback: uncordon-all-nodes
[2025-10-22T07:13:06.479+0000] {docker.py:438} INFO - [32m[2025-10-22 07:13:06 INFO] Action: uncordon-all-nodes
[2025-10-22T07:13:07.788+0000] {docker.py:438} INFO - [32m[2025-10-22 07:13:07 INFO] Experiment ended with status: completed
[2025-10-22T07:13:07.789+0000] {docker.py:438} INFO - Found 2 pods initially
[2025-10-22T07:13:07.789+0000] {docker.py:438} INFO - Random selection: 1 pods
[2025-10-22T07:13:07.790+0000] {docker.py:438} INFO - Deleting pod: post-storage-service-7985448bc7-54d4k
[2025-10-22T07:13:07.790+0000] {docker.py:438} INFO - Deleted 1 pods: ['post-storage-service-7985448bc7-54d4k']
[2025-10-22T07:13:07.792+0000] {docker.py:438} INFO - ✅ Successfully restarted pods: ['post-storage-service-7985448bc7-54d4k']
[2025-10-22T07:13:07.792+0000] {docker.py:438} INFO - ⏰ Less than 20 seconds remaining, stopping experiment
[2025-10-22T07:13:07.793+0000] {docker.py:438} INFO - 
[2025-10-22T07:13:07.793+0000] {docker.py:438} INFO - ==================================================
[2025-10-22T07:13:07.795+0000] {docker.py:438} INFO - 🏁 Experiment Completed!
[2025-10-22T07:13:07.795+0000] {docker.py:438} INFO - ==================================================
[2025-10-22T07:13:07.795+0000] {docker.py:438} INFO - 📈 Total restarts performed: 15
[2025-10-22T07:13:07.796+0000] {docker.py:438} INFO - ⏱️  Total duration: 287 seconds
[2025-10-22T07:13:07.796+0000] {docker.py:438} INFO - 📊 Average interval: 19.1 seconds
[2025-10-22T07:13:08.347+0000] {taskinstance.py:340} INFO - ::group::Post task execution logs
[2025-10-22T07:13:08.348+0000] {taskinstance.py:352} INFO - Marking task as SUCCESS. dag_id=Cordon_Uncordon_Node, task_id=apply_cordon_uncordon_node, run_id=manual__2025-10-22T07:07:56.593974+00:00, execution_date=20251022T070756, start_date=20251022T070759, end_date=20251022T071308
[2025-10-22T07:13:08.436+0000] {local_task_job_runner.py:266} INFO - Task exited with return code 0
[2025-10-22T07:13:08.478+0000] {local_task_job_runner.py:245} INFO - ::endgroup::
