[2025-10-13T00:00:02.886+0000] {local_task_job_runner.py:123} INFO - ::group::Pre task execution logs
[2025-10-13T00:00:02.935+0000] {taskinstance.py:2612} INFO - Dependencies all met for dep_context=non-requeueable deps ti=<TaskInstance: Cordon_Uncordon_Node.apply_cordon_uncordon_node scheduled__2025-10-12T21:00:00+00:00 [queued]>
[2025-10-13T00:00:02.958+0000] {taskinstance.py:2612} INFO - Dependencies all met for dep_context=requeueable deps ti=<TaskInstance: Cordon_Uncordon_Node.apply_cordon_uncordon_node scheduled__2025-10-12T21:00:00+00:00 [queued]>
[2025-10-13T00:00:02.958+0000] {taskinstance.py:2865} INFO - Starting attempt 1 of 1
[2025-10-13T00:00:03.024+0000] {taskinstance.py:2888} INFO - Executing <Task(DockerOperator): apply_cordon_uncordon_node> on 2025-10-12 21:00:00+00:00
[2025-10-13T00:00:03.049+0000] {standard_task_runner.py:72} INFO - Started process 843 to run task
[2025-10-13T00:00:03.078+0000] {standard_task_runner.py:104} INFO - Running: ['***', 'tasks', 'run', 'Cordon_Uncordon_Node', 'apply_cordon_uncordon_node', 'scheduled__2025-10-12T21:00:00+00:00', '--job-id', '7956', '--raw', '--subdir', 'DAGS_FOLDER/dag_factory.py', '--cfg-path', '/tmp/tmpduysaww4']
[2025-10-13T00:00:03.079+0000] {standard_task_runner.py:105} INFO - Job 7956: Subtask apply_cordon_uncordon_node
[2025-10-13T00:00:03.339+0000] {task_command.py:467} INFO - Running <TaskInstance: Cordon_Uncordon_Node.apply_cordon_uncordon_node scheduled__2025-10-12T21:00:00+00:00 [running]> on host workflow.y2twbfvcjkaujnl2bmtbxunhcb.cx.internal.cloudapp.net
[2025-10-13T00:00:03.632+0000] {taskinstance.py:3131} INFO - Exporting env vars: AIRFLOW_CTX_DAG_OWNER='***' AIRFLOW_CTX_DAG_ID='Cordon_Uncordon_Node' AIRFLOW_CTX_TASK_ID='apply_cordon_uncordon_node' AIRFLOW_CTX_EXECUTION_DATE='2025-10-12T21:00:00+00:00' AIRFLOW_CTX_TRY_NUMBER='1' AIRFLOW_CTX_DAG_RUN_ID='scheduled__2025-10-12T21:00:00+00:00'
[2025-10-13T00:00:03.634+0000] {taskinstance.py:731} INFO - ::endgroup::
[2025-10-13T00:00:03.721+0000] {docker.py:367} INFO - Starting docker container from image ***_chaos:latest
[2025-10-13T00:00:04.638+0000] {docker.py:438} INFO - The container is run as root user. For security, consider using a regular user account.
[2025-10-13T00:00:25.511+0000] {docker.py:438} INFO - 
[2025-10-13T00:00:26.868+0000] {docker.py:438} INFO - [32m[2025-10-13 00:00:26 INFO] Validating the experiment's syntax
[2025-10-13T00:00:27.415+0000] {docker.py:438} INFO - [32m[2025-10-13 00:00:27 INFO] Experiment looks valid
[2025-10-13T00:00:27.420+0000] {docker.py:438} INFO - [32m[2025-10-13 00:00:27 INFO] Running experiment: Cordon-Pod Restart Combined Experiment
[2025-10-13T00:00:27.424+0000] {docker.py:438} INFO - [32m[2025-10-13 00:00:27 INFO] Steady-state strategy: default
[2025-10-13T00:00:27.425+0000] {docker.py:438} INFO - [32m[2025-10-13 00:00:27 INFO] Rollbacks strategy: default
[2025-10-13T00:00:27.425+0000] {docker.py:438} INFO - [32m[2025-10-13 00:00:27 INFO] No steady state hypothesis defined. That's ok, just exploring.
[2025-10-13T00:00:27.426+0000] {docker.py:438} INFO - [32m[2025-10-13 00:00:27 INFO] Playing your experiment's method now...
[2025-10-13T00:00:27.427+0000] {docker.py:438} INFO - [32m[2025-10-13 00:00:27 INFO] Action: cordon-nodes
[2025-10-13T00:00:28.399+0000] {docker.py:438} INFO - [32m[2025-10-13 00:00:28 INFO] Action: continuous-pod-restart-during-cordon
[2025-10-13T00:05:13.524+0000] {docker.py:438} INFO - 🚀 Starting continuous pod restart experiment
[2025-10-13T00:05:13.525+0000] {docker.py:438} INFO - 📅 Interval: 20 seconds
[2025-10-13T00:05:13.525+0000] {docker.py:438} INFO - ⏱️  Duration: 300 seconds
[2025-10-13T00:05:13.525+0000] {docker.py:438} INFO - 🎯 Target: app=post-storage-service
[2025-10-13T00:05:13.526+0000] {docker.py:438} INFO - 📍 Namespace: default
[2025-10-13T00:05:13.526+0000] {docker.py:438} INFO - 
[2025-10-13T00:05:13.526+0000] {docker.py:438} INFO - ==================================================
[2025-10-13T00:05:13.527+0000] {docker.py:438} INFO - 🔄 Restart #1 at 2025-10-13 00:00:28
[2025-10-13T00:05:13.527+0000] {docker.py:438} INFO - ==================================================
[2025-10-13T00:05:13.527+0000] {docker.py:438} INFO - Hello world - terminate function started!
[2025-10-13T00:05:13.528+0000] {docker.py:438} INFO - Selecting pods with label_selector: app=post-storage-service
[2025-10-13T00:05:13.528+0000] {docker.py:438} INFO - Found 1 pods initially
[2025-10-13T00:05:13.528+0000] {docker.py:438} INFO - Random selection: 1 pods
[2025-10-13T00:05:13.528+0000] {docker.py:438} INFO - Deleting pod: post-storage-service-6cbbf5f9fb-hzkpm
[2025-10-13T00:05:13.529+0000] {docker.py:438} INFO - Deleted 1 pods: ['post-storage-service-6cbbf5f9fb-hzkpm']
[2025-10-13T00:05:13.529+0000] {docker.py:438} INFO - ✅ Successfully restarted pods: ['post-storage-service-6cbbf5f9fb-hzkpm']
[2025-10-13T00:05:13.529+0000] {docker.py:438} INFO - ⏳ Waiting 20 seconds until next restart...
[2025-10-13T00:05:13.529+0000] {docker.py:438} INFO - 📊 Time remaining: 300 seconds
[2025-10-13T00:05:13.530+0000] {docker.py:438} INFO - 
[2025-10-13T00:05:13.530+0000] {docker.py:438} INFO - ==================================================
[2025-10-13T00:05:13.530+0000] {docker.py:438} INFO - 🔄 Restart #2 at 2025-10-13 00:00:48
[2025-10-13T00:05:13.530+0000] {docker.py:438} INFO - ==================================================
[2025-10-13T00:05:13.531+0000] {docker.py:438} INFO - Hello world - terminate function started!
[2025-10-13T00:05:13.531+0000] {docker.py:438} INFO - Selecting pods with label_selector: app=post-storage-service
[2025-10-13T00:05:13.531+0000] {docker.py:438} INFO - Found 1 pods initially
[2025-10-13T00:05:13.531+0000] {docker.py:438} INFO - Random selection: 1 pods
[2025-10-13T00:05:13.532+0000] {docker.py:438} INFO - Deleting pod: post-storage-service-6cbbf5f9fb-r265r
[2025-10-13T00:05:13.532+0000] {docker.py:438} INFO - Deleted 1 pods: ['post-storage-service-6cbbf5f9fb-r265r']
[2025-10-13T00:05:13.532+0000] {docker.py:438} INFO - ✅ Successfully restarted pods: ['post-storage-service-6cbbf5f9fb-r265r']
[2025-10-13T00:05:13.532+0000] {docker.py:438} INFO - ⏳ Waiting 20 seconds until next restart...
[2025-10-13T00:05:13.533+0000] {docker.py:438} INFO - 📊 Time remaining: 279 seconds
[2025-10-13T00:05:13.533+0000] {docker.py:438} INFO - 
[2025-10-13T00:05:13.533+0000] {docker.py:438} INFO - ==================================================
[2025-10-13T00:05:13.533+0000] {docker.py:438} INFO - 🔄 Restart #3 at 2025-10-13 00:01:09
[2025-10-13T00:05:13.534+0000] {docker.py:438} INFO - ==================================================
[2025-10-13T00:05:13.534+0000] {docker.py:438} INFO - Hello world - terminate function started!
[2025-10-13T00:05:13.534+0000] {docker.py:438} INFO - Selecting pods with label_selector: app=post-storage-service
[2025-10-13T00:05:13.534+0000] {docker.py:438} INFO - Found 1 pods initially
[2025-10-13T00:05:13.534+0000] {docker.py:438} INFO - Random selection: 1 pods
[2025-10-13T00:05:13.535+0000] {docker.py:438} INFO - Deleting pod: post-storage-service-6cbbf5f9fb-klfnq
[2025-10-13T00:05:13.535+0000] {docker.py:438} INFO - Deleted 1 pods: ['post-storage-service-6cbbf5f9fb-klfnq']
[2025-10-13T00:05:13.535+0000] {docker.py:438} INFO - ✅ Successfully restarted pods: ['post-storage-service-6cbbf5f9fb-klfnq']
[2025-10-13T00:05:13.535+0000] {docker.py:438} INFO - ⏳ Waiting 20 seconds until next restart...
[2025-10-13T00:05:13.536+0000] {docker.py:438} INFO - 📊 Time remaining: 259 seconds
[2025-10-13T00:05:13.536+0000] {docker.py:438} INFO - 
[2025-10-13T00:05:13.536+0000] {docker.py:438} INFO - ==================================================
[2025-10-13T00:05:13.536+0000] {docker.py:438} INFO - 🔄 Restart #4 at 2025-10-13 00:01:29
[2025-10-13T00:05:13.537+0000] {docker.py:438} INFO - ==================================================
[2025-10-13T00:05:13.537+0000] {docker.py:438} INFO - Hello world - terminate function started!
[2025-10-13T00:05:13.537+0000] {docker.py:438} INFO - Selecting pods with label_selector: app=post-storage-service
[2025-10-13T00:05:13.537+0000] {docker.py:438} INFO - Found 1 pods initially
[2025-10-13T00:05:13.538+0000] {docker.py:438} INFO - Random selection: 1 pods
[2025-10-13T00:05:13.538+0000] {docker.py:438} INFO - Deleting pod: post-storage-service-6cbbf5f9fb-x7rqf
[2025-10-13T00:05:13.538+0000] {docker.py:438} INFO - Deleted 1 pods: ['post-storage-service-6cbbf5f9fb-x7rqf']
[2025-10-13T00:05:13.538+0000] {docker.py:438} INFO - ✅ Successfully restarted pods: ['post-storage-service-6cbbf5f9fb-x7rqf']
[2025-10-13T00:05:13.539+0000] {docker.py:438} INFO - ⏳ Waiting 20 seconds until next restart...
[2025-10-13T00:05:13.539+0000] {docker.py:438} INFO - 📊 Time remaining: 239 seconds
[2025-10-13T00:05:13.539+0000] {docker.py:438} INFO - 
[2025-10-13T00:05:13.539+0000] {docker.py:438} INFO - ==================================================
[2025-10-13T00:05:13.540+0000] {docker.py:438} INFO - 🔄 Restart #5 at 2025-10-13 00:01:49
[2025-10-13T00:05:13.540+0000] {docker.py:438} INFO - ==================================================
[2025-10-13T00:05:13.540+0000] {docker.py:438} INFO - Hello world - terminate function started!
[2025-10-13T00:05:13.540+0000] {docker.py:438} INFO - Selecting pods with label_selector: app=post-storage-service
[2025-10-13T00:05:13.541+0000] {docker.py:438} INFO - Found 1 pods initially
[2025-10-13T00:05:13.541+0000] {docker.py:438} INFO - Random selection: 1 pods
[2025-10-13T00:05:13.541+0000] {docker.py:438} INFO - Deleting pod: post-storage-service-6cbbf5f9fb-jqn2z
[2025-10-13T00:05:13.541+0000] {docker.py:438} INFO - Deleted 1 pods: ['post-storage-service-6cbbf5f9fb-jqn2z']
[2025-10-13T00:05:13.541+0000] {docker.py:438} INFO - ✅ Successfully restarted pods: ['post-storage-service-6cbbf5f9fb-jqn2z']
[2025-10-13T00:05:13.542+0000] {docker.py:438} INFO - ⏳ Waiting 20 seconds until next restart...
[2025-10-13T00:05:13.542+0000] {docker.py:438} INFO - 📊 Time remaining: 218 seconds
[2025-10-13T00:05:13.542+0000] {docker.py:438} INFO - 
[2025-10-13T00:05:13.542+0000] {docker.py:438} INFO - ==================================================
[2025-10-13T00:05:13.543+0000] {docker.py:438} INFO - 🔄 Restart #6 at 2025-10-13 00:02:10
[2025-10-13T00:05:13.543+0000] {docker.py:438} INFO - ==================================================
[2025-10-13T00:05:13.543+0000] {docker.py:438} INFO - Hello world - terminate function started!
[2025-10-13T00:05:13.543+0000] {docker.py:438} INFO - Selecting pods with label_selector: app=post-storage-service
[2025-10-13T00:05:13.544+0000] {docker.py:438} INFO - Found 1 pods initially
[2025-10-13T00:05:13.544+0000] {docker.py:438} INFO - Random selection: 1 pods
[2025-10-13T00:05:13.544+0000] {docker.py:438} INFO - Deleting pod: post-storage-service-6cbbf5f9fb-h27w7
[2025-10-13T00:05:13.544+0000] {docker.py:438} INFO - Deleted 1 pods: ['post-storage-service-6cbbf5f9fb-h27w7']
[2025-10-13T00:05:13.545+0000] {docker.py:438} INFO - ✅ Successfully restarted pods: ['post-storage-service-6cbbf5f9fb-h27w7']
[2025-10-13T00:05:13.545+0000] {docker.py:438} INFO - ⏳ Waiting 20 seconds until next restart...
[2025-10-13T00:05:13.545+0000] {docker.py:438} INFO - 📊 Time remaining: 198 seconds
[2025-10-13T00:05:13.545+0000] {docker.py:438} INFO - 
[2025-10-13T00:05:13.546+0000] {docker.py:438} INFO - ==================================================
[2025-10-13T00:05:13.546+0000] {docker.py:438} INFO - 🔄 Restart #7 at 2025-10-13 00:02:30
[2025-10-13T00:05:13.546+0000] {docker.py:438} INFO - ==================================================
[2025-10-13T00:05:13.546+0000] {docker.py:438} INFO - Hello world - terminate function started!
[2025-10-13T00:05:13.546+0000] {docker.py:438} INFO - Selecting pods with label_selector: app=post-storage-service
[2025-10-13T00:05:13.547+0000] {docker.py:438} INFO - Found 1 pods initially
[2025-10-13T00:05:13.547+0000] {docker.py:438} INFO - Random selection: 1 pods
[2025-10-13T00:05:13.547+0000] {docker.py:438} INFO - Deleting pod: post-storage-service-6cbbf5f9fb-r84th
[2025-10-13T00:05:13.547+0000] {docker.py:438} INFO - Deleted 1 pods: ['post-storage-service-6cbbf5f9fb-r84th']
[2025-10-13T00:05:13.548+0000] {docker.py:438} INFO - ✅ Successfully restarted pods: ['post-storage-service-6cbbf5f9fb-r84th']
[2025-10-13T00:05:13.548+0000] {docker.py:438} INFO - ⏳ Waiting 20 seconds until next restart...
[2025-10-13T00:05:13.548+0000] {docker.py:438} INFO - 📊 Time remaining: 177 seconds
[2025-10-13T00:05:13.548+0000] {docker.py:438} INFO - 
[2025-10-13T00:05:13.549+0000] {docker.py:438} INFO - ==================================================
[2025-10-13T00:05:13.549+0000] {docker.py:438} INFO - 🔄 Restart #8 at 2025-10-13 00:02:51
[2025-10-13T00:05:13.549+0000] {docker.py:438} INFO - ==================================================
[2025-10-13T00:05:13.549+0000] {docker.py:438} INFO - Hello world - terminate function started!
[2025-10-13T00:05:13.550+0000] {docker.py:438} INFO - Selecting pods with label_selector: app=post-storage-service
[2025-10-13T00:05:13.550+0000] {docker.py:438} INFO - Found 1 pods initially
[2025-10-13T00:05:13.550+0000] {docker.py:438} INFO - Random selection: 1 pods
[2025-10-13T00:05:13.550+0000] {docker.py:438} INFO - Deleting pod: post-storage-service-6cbbf5f9fb-c7b4q
[2025-10-13T00:05:13.551+0000] {docker.py:438} INFO - Deleted 1 pods: ['post-storage-service-6cbbf5f9fb-c7b4q']
[2025-10-13T00:05:13.551+0000] {docker.py:438} INFO - ✅ Successfully restarted pods: ['post-storage-service-6cbbf5f9fb-c7b4q']
[2025-10-13T00:05:13.551+0000] {docker.py:438} INFO - ⏳ Waiting 20 seconds until next restart...
[2025-10-13T00:05:13.551+0000] {docker.py:438} INFO - 📊 Time remaining: 157 seconds
[2025-10-13T00:05:13.552+0000] {docker.py:438} INFO - 
[2025-10-13T00:05:13.552+0000] {docker.py:438} INFO - ==================================================
[2025-10-13T00:05:13.552+0000] {docker.py:438} INFO - 🔄 Restart #9 at 2025-10-13 00:03:11
[2025-10-13T00:05:13.552+0000] {docker.py:438} INFO - ==================================================
[2025-10-13T00:05:13.553+0000] {docker.py:438} INFO - Hello world - terminate function started!
[2025-10-13T00:05:13.553+0000] {docker.py:438} INFO - Selecting pods with label_selector: app=post-storage-service
[2025-10-13T00:05:13.553+0000] {docker.py:438} INFO - Found 1 pods initially
[2025-10-13T00:05:13.553+0000] {docker.py:438} INFO - Random selection: 1 pods
[2025-10-13T00:05:13.554+0000] {docker.py:438} INFO - Deleting pod: post-storage-service-6cbbf5f9fb-l8nvt
[2025-10-13T00:05:13.554+0000] {docker.py:438} INFO - Deleted 1 pods: ['post-storage-service-6cbbf5f9fb-l8nvt']
[2025-10-13T00:05:13.554+0000] {docker.py:438} INFO - ✅ Successfully restarted pods: ['post-storage-service-6cbbf5f9fb-l8nvt']
[2025-10-13T00:05:13.554+0000] {docker.py:438} INFO - ⏳ Waiting 20 seconds until next restart...
[2025-10-13T00:05:13.555+0000] {docker.py:438} INFO - 📊 Time remaining: 137 seconds
[2025-10-13T00:05:13.555+0000] {docker.py:438} INFO - 
[2025-10-13T00:05:13.555+0000] {docker.py:438} INFO - ==================================================
[2025-10-13T00:05:13.555+0000] {docker.py:438} INFO - 🔄 Restart #10 at 2025-10-13 00:03:31
[2025-10-13T00:05:13.555+0000] {docker.py:438} INFO - ==================================================
[2025-10-13T00:05:13.556+0000] {docker.py:438} INFO - Hello world - terminate function started!
[2025-10-13T00:05:13.556+0000] {docker.py:438} INFO - Selecting pods with label_selector: app=post-storage-service
[2025-10-13T00:05:13.556+0000] {docker.py:438} INFO - Found 1 pods initially
[2025-10-13T00:05:13.556+0000] {docker.py:438} INFO - Random selection: 1 pods
[2025-10-13T00:05:13.557+0000] {docker.py:438} INFO - Deleting pod: post-storage-service-6cbbf5f9fb-7zd7j
[2025-10-13T00:05:13.557+0000] {docker.py:438} INFO - Deleted 1 pods: ['post-storage-service-6cbbf5f9fb-7zd7j']
[2025-10-13T00:05:13.557+0000] {docker.py:438} INFO - ✅ Successfully restarted pods: ['post-storage-service-6cbbf5f9fb-7zd7j']
[2025-10-13T00:05:13.557+0000] {docker.py:438} INFO - ⏳ Waiting 20 seconds until next restart...
[2025-10-13T00:05:13.558+0000] {docker.py:438} INFO - 📊 Time remaining: 116 seconds
[2025-10-13T00:05:13.558+0000] {docker.py:438} INFO - 
[2025-10-13T00:05:13.558+0000] {docker.py:438} INFO - ==================================================
[2025-10-13T00:05:13.558+0000] {docker.py:438} INFO - 🔄 Restart #11 at 2025-10-13 00:03:52
[2025-10-13T00:05:13.558+0000] {docker.py:438} INFO - ==================================================
[2025-10-13T00:05:13.559+0000] {docker.py:438} INFO - Hello world - terminate function started!
[2025-10-13T00:05:13.559+0000] {docker.py:438} INFO - Selecting pods with label_selector: app=post-storage-service
[2025-10-13T00:05:13.559+0000] {docker.py:438} INFO - Found 1 pods initially
[2025-10-13T00:05:13.559+0000] {docker.py:438} INFO - Random selection: 1 pods
[2025-10-13T00:05:13.560+0000] {docker.py:438} INFO - Deleting pod: post-storage-service-6cbbf5f9fb-tqhrm
[2025-10-13T00:05:13.560+0000] {docker.py:438} INFO - Deleted 1 pods: ['post-storage-service-6cbbf5f9fb-tqhrm']
[2025-10-13T00:05:13.560+0000] {docker.py:438} INFO - ✅ Successfully restarted pods: ['post-storage-service-6cbbf5f9fb-tqhrm']
[2025-10-13T00:05:13.560+0000] {docker.py:438} INFO - ⏳ Waiting 20 seconds until next restart...
[2025-10-13T00:05:13.561+0000] {docker.py:438} INFO - 📊 Time remaining: 96 seconds
[2025-10-13T00:05:13.561+0000] {docker.py:438} INFO - 
[2025-10-13T00:05:13.561+0000] {docker.py:438} INFO - ==================================================
[2025-10-13T00:05:13.561+0000] {docker.py:438} INFO - 🔄 Restart #12 at 2025-10-13 00:04:12
[2025-10-13T00:05:13.562+0000] {docker.py:438} INFO - ==================================================
[2025-10-13T00:05:13.562+0000] {docker.py:438} INFO - Hello world - terminate function started!
[2025-10-13T00:05:13.562+0000] {docker.py:438} INFO - Selecting pods with label_selector: app=post-storage-service
[2025-10-13T00:05:13.562+0000] {docker.py:438} INFO - Found 1 pods initially
[2025-10-13T00:05:13.563+0000] {docker.py:438} INFO - Random selection: 1 pods
[2025-10-13T00:05:13.563+0000] {docker.py:438} INFO - Deleting pod: post-storage-service-6cbbf5f9fb-l2pn2
[2025-10-13T00:05:13.563+0000] {docker.py:438} INFO - Deleted 1 pods: ['post-storage-service-6cbbf5f9fb-l2pn2']
[2025-10-13T00:05:13.563+0000] {docker.py:438} INFO - ✅ Successfully restarted pods: ['post-storage-service-6cbbf5f9fb-l2pn2']
[2025-10-13T00:05:13.563+0000] {docker.py:438} INFO - ⏳ Waiting 20 seconds until next restart...
[2025-10-13T00:05:13.564+0000] {docker.py:438} INFO - 📊 Time remaining: 76 seconds
[2025-10-13T00:05:13.564+0000] {docker.py:438} INFO - 
[2025-10-13T00:05:13.564+0000] {docker.py:438} INFO - ==================================================
[2025-10-13T00:05:13.564+0000] {docker.py:438} INFO - 🔄 Restart #13 at 2025-10-13 00:04:32
[2025-10-13T00:05:13.565+0000] {docker.py:438} INFO - ==================================================
[2025-10-13T00:05:13.565+0000] {docker.py:438} INFO - Hello world - terminate function started!
[2025-10-13T00:05:13.565+0000] {docker.py:438} INFO - Selecting pods with label_selector: app=post-storage-service
[2025-10-13T00:05:13.565+0000] {docker.py:438} INFO - Found 1 pods initially
[2025-10-13T00:05:13.566+0000] {docker.py:438} INFO - Random selection: 1 pods
[2025-10-13T00:05:13.566+0000] {docker.py:438} INFO - Deleting pod: post-storage-service-6cbbf5f9fb-bvmz4
[2025-10-13T00:05:13.566+0000] {docker.py:438} INFO - Deleted 1 pods: ['post-storage-service-6cbbf5f9fb-bvmz4']
[2025-10-13T00:05:13.566+0000] {docker.py:438} INFO - ✅ Successfully restarted pods: ['post-storage-service-6cbbf5f9fb-bvmz4']
[2025-10-13T00:05:13.566+0000] {docker.py:438} INFO - ⏳ Waiting 20 seconds until next restart...
[2025-10-13T00:05:13.567+0000] {docker.py:438} INFO - 📊 Time remaining: 55 seconds
[2025-10-13T00:05:13.567+0000] {docker.py:438} INFO - 
[2025-10-13T00:05:13.567+0000] {docker.py:438} INFO - ==================================================
[2025-10-13T00:05:13.567+0000] {docker.py:438} INFO - 🔄 Restart #14 at 2025-10-13 00:04:53
[2025-10-13T00:05:13.568+0000] {docker.py:438} INFO - ==================================================
[2025-10-13T00:05:13.568+0000] {docker.py:438} INFO - Hello world - terminate function started!
[2025-10-13T00:05:13.568+0000] {docker.py:438} INFO - Selecting pods with label_selector: app=post-storage-service
[2025-10-13T00:05:13.568+0000] {docker.py:438} INFO - Found 1 pods initially
[2025-10-13T00:05:13.569+0000] {docker.py:438} INFO - Random selection: 1 pods
[2025-10-13T00:05:13.569+0000] {docker.py:438} INFO - Deleting pod: post-storage-service-6cbbf5f9fb-nnmlw
[2025-10-13T00:05:13.569+0000] {docker.py:438} INFO - Deleted 1 pods: ['post-storage-service-6cbbf5f9fb-nnmlw']
[2025-10-13T00:05:13.569+0000] {docker.py:438} INFO - ✅ Successfully restarted pods: ['post-storage-service-6cbbf5f9fb-nnmlw']
[2025-10-13T00:05:13.570+0000] {docker.py:438} INFO - ⏳ Waiting 20 seconds until next restart...
[2025-10-13T00:05:13.570+0000] {docker.py:438} INFO - 📊 Time remaining: 35 seconds
[2025-10-13T00:05:13.570+0000] {docker.py:438} INFO - 
[2025-10-13T00:05:13.570+0000] {docker.py:438} INFO - ==================================================
[2025-10-13T00:05:13.570+0000] {docker.py:438} INFO - 🔄 Restart #15 at 2025-10-13 00:05:13
[2025-10-13T00:05:13.571+0000] {docker.py:438} INFO - ==================================================
[2025-10-13T00:05:13.571+0000] {docker.py:438} INFO - Hello world - terminate function started!
[2025-10-13T00:05:13.571+0000] {docker.py:438} INFO - Selecting pods with label_selector: app=post-storage-service
[2025-10-13T00:05:13.897+0000] {docker.py:438} INFO - [32m[2025-10-13 00:05:13 INFO] Let's rollback...
[2025-10-13T00:05:13.897+0000] {docker.py:438} INFO - [32m[2025-10-13 00:05:13 INFO] Rollback: uncordon-all-nodes
[2025-10-13T00:05:13.898+0000] {docker.py:438} INFO - [32m[2025-10-13 00:05:13 INFO] Action: uncordon-all-nodes
[2025-10-13T00:05:14.797+0000] {docker.py:438} INFO - [32m[2025-10-13 00:05:14 INFO] Experiment ended with status: completed
[2025-10-13T00:05:14.799+0000] {docker.py:438} INFO - Found 1 pods initially
[2025-10-13T00:05:14.799+0000] {docker.py:438} INFO - Random selection: 1 pods
[2025-10-13T00:05:14.800+0000] {docker.py:438} INFO - Deleting pod: post-storage-service-6cbbf5f9fb-h7bn6
[2025-10-13T00:05:14.800+0000] {docker.py:438} INFO - Deleted 1 pods: ['post-storage-service-6cbbf5f9fb-h7bn6']
[2025-10-13T00:05:14.801+0000] {docker.py:438} INFO - ✅ Successfully restarted pods: ['post-storage-service-6cbbf5f9fb-h7bn6']
[2025-10-13T00:05:14.801+0000] {docker.py:438} INFO - ⏰ Less than 20 seconds remaining, stopping experiment
[2025-10-13T00:05:14.802+0000] {docker.py:438} INFO - 
[2025-10-13T00:05:14.802+0000] {docker.py:438} INFO - ==================================================
[2025-10-13T00:05:14.802+0000] {docker.py:438} INFO - 🏁 Experiment Completed!
[2025-10-13T00:05:14.803+0000] {docker.py:438} INFO - ==================================================
[2025-10-13T00:05:14.803+0000] {docker.py:438} INFO - 📈 Total restarts performed: 15
[2025-10-13T00:05:14.804+0000] {docker.py:438} INFO - ⏱️  Total duration: 285 seconds
[2025-10-13T00:05:14.804+0000] {docker.py:438} INFO - 📊 Average interval: 19.0 seconds
[2025-10-13T00:05:15.185+0000] {taskinstance.py:340} INFO - ::group::Post task execution logs
[2025-10-13T00:05:15.185+0000] {taskinstance.py:352} INFO - Marking task as SUCCESS. dag_id=Cordon_Uncordon_Node, task_id=apply_cordon_uncordon_node, run_id=scheduled__2025-10-12T21:00:00+00:00, execution_date=20251012T210000, start_date=20251013T000002, end_date=20251013T000515
[2025-10-13T00:05:15.237+0000] {local_task_job_runner.py:266} INFO - Task exited with return code 0
[2025-10-13T00:05:15.255+0000] {taskinstance.py:3900} INFO - 0 downstream tasks scheduled from follow-on schedule check
[2025-10-13T00:05:15.259+0000] {local_task_job_runner.py:245} INFO - ::endgroup::
