[2025-10-05T18:00:02.898+0000] {local_task_job_runner.py:123} INFO - ::group::Pre task execution logs
[2025-10-05T18:00:02.921+0000] {taskinstance.py:2612} INFO - Dependencies all met for dep_context=non-requeueable deps ti=<TaskInstance: Cordon_Uncordon_Node.apply_cordon_uncordon_node scheduled__2025-10-05T15:00:00+00:00 [queued]>
[2025-10-05T18:00:02.932+0000] {taskinstance.py:2612} INFO - Dependencies all met for dep_context=requeueable deps ti=<TaskInstance: Cordon_Uncordon_Node.apply_cordon_uncordon_node scheduled__2025-10-05T15:00:00+00:00 [queued]>
[2025-10-05T18:00:02.932+0000] {taskinstance.py:2865} INFO - Starting attempt 1 of 1
[2025-10-05T18:00:02.978+0000] {taskinstance.py:2888} INFO - Executing <Task(DockerOperator): apply_cordon_uncordon_node> on 2025-10-05 15:00:00+00:00
[2025-10-05T18:00:03.007+0000] {standard_task_runner.py:72} INFO - Started process 1076 to run task
[2025-10-05T18:00:03.019+0000] {standard_task_runner.py:104} INFO - Running: ['***', 'tasks', 'run', 'Cordon_Uncordon_Node', 'apply_cordon_uncordon_node', 'scheduled__2025-10-05T15:00:00+00:00', '--job-id', '360', '--raw', '--subdir', 'DAGS_FOLDER/dag_factory.py', '--cfg-path', '/tmp/tmp44z1mdog']
[2025-10-05T18:00:03.020+0000] {standard_task_runner.py:105} INFO - Job 360: Subtask apply_cordon_uncordon_node
[2025-10-05T18:00:03.148+0000] {task_command.py:467} INFO - Running <TaskInstance: Cordon_Uncordon_Node.apply_cordon_uncordon_node scheduled__2025-10-05T15:00:00+00:00 [running]> on host workflow.y2twbfvcjkaujnl2bmtbxunhcb.cx.internal.cloudapp.net
[2025-10-05T18:00:03.393+0000] {taskinstance.py:3131} INFO - Exporting env vars: AIRFLOW_CTX_DAG_OWNER='***' AIRFLOW_CTX_DAG_ID='Cordon_Uncordon_Node' AIRFLOW_CTX_TASK_ID='apply_cordon_uncordon_node' AIRFLOW_CTX_EXECUTION_DATE='2025-10-05T15:00:00+00:00' AIRFLOW_CTX_TRY_NUMBER='1' AIRFLOW_CTX_DAG_RUN_ID='scheduled__2025-10-05T15:00:00+00:00'
[2025-10-05T18:00:03.395+0000] {taskinstance.py:731} INFO - ::endgroup::
[2025-10-05T18:00:03.456+0000] {docker.py:367} INFO - Starting docker container from image ***_chaos:latest
[2025-10-05T18:00:03.920+0000] {docker.py:438} INFO - The container is run as root user. For security, consider using a regular user account.
[2025-10-05T18:00:17.649+0000] {docker.py:438} INFO - 
[2025-10-05T18:00:18.335+0000] {docker.py:438} INFO - [32m[2025-10-05 18:00:18 INFO] Validating the experiment's syntax
[2025-10-05T18:00:18.599+0000] {docker.py:438} INFO - [32m[2025-10-05 18:00:18 INFO] Experiment looks valid
[2025-10-05T18:00:18.600+0000] {docker.py:438} INFO - [32m[2025-10-05 18:00:18 INFO] Running experiment: Cordon-Pod Restart Combined Experiment
[2025-10-05T18:00:18.603+0000] {docker.py:438} INFO - [32m[2025-10-05 18:00:18 INFO] Steady-state strategy: default
[2025-10-05T18:00:18.604+0000] {docker.py:438} INFO - [32m[2025-10-05 18:00:18 INFO] Rollbacks strategy: default
[2025-10-05T18:00:18.604+0000] {docker.py:438} INFO - [32m[2025-10-05 18:00:18 INFO] No steady state hypothesis defined. That's ok, just exploring.
[2025-10-05T18:00:18.605+0000] {docker.py:438} INFO - [32m[2025-10-05 18:00:18 INFO] Playing your experiment's method now...
[2025-10-05T18:00:18.607+0000] {docker.py:438} INFO - [32m[2025-10-05 18:00:18 INFO] Action: cordon-nodes
[2025-10-05T18:00:19.647+0000] {docker.py:438} INFO - [32m[2025-10-05 18:00:19 INFO] Action: continuous-pod-restart-during-cordon
[2025-10-05T18:05:05.563+0000] {docker.py:438} INFO - 🚀 Starting continuous pod restart experiment
[2025-10-05T18:05:05.564+0000] {docker.py:438} INFO - 📅 Interval: 20 seconds
[2025-10-05T18:05:05.564+0000] {docker.py:438} INFO - ⏱️  Duration: 300 seconds
[2025-10-05T18:05:05.565+0000] {docker.py:438} INFO - 🎯 Target: app=post-storage-service
[2025-10-05T18:05:05.565+0000] {docker.py:438} INFO - 📍 Namespace: default
[2025-10-05T18:05:05.565+0000] {docker.py:438} INFO - 
[2025-10-05T18:05:05.565+0000] {docker.py:438} INFO - ==================================================
[2025-10-05T18:05:05.566+0000] {docker.py:438} INFO - 🔄 Restart #1 at 2025-10-05 18:00:19
[2025-10-05T18:05:05.566+0000] {docker.py:438} INFO - ==================================================
[2025-10-05T18:05:05.566+0000] {docker.py:438} INFO - Hello world - terminate function started!
[2025-10-05T18:05:05.566+0000] {docker.py:438} INFO - Selecting pods with label_selector: app=post-storage-service
[2025-10-05T18:05:05.566+0000] {docker.py:438} INFO - Found 1 pods initially
[2025-10-05T18:05:05.567+0000] {docker.py:438} INFO - Random selection: 1 pods
[2025-10-05T18:05:05.567+0000] {docker.py:438} INFO - Deleting pod: post-storage-service-769cf6947d-pqpvr
[2025-10-05T18:05:05.567+0000] {docker.py:438} INFO - Deleted 1 pods: ['post-storage-service-769cf6947d-pqpvr']
[2025-10-05T18:05:05.568+0000] {docker.py:438} INFO - ✅ Successfully restarted pods: ['post-storage-service-769cf6947d-pqpvr']
[2025-10-05T18:05:05.568+0000] {docker.py:438} INFO - ⏳ Waiting 20 seconds until next restart...
[2025-10-05T18:05:05.568+0000] {docker.py:438} INFO - 📊 Time remaining: 300 seconds
[2025-10-05T18:05:05.569+0000] {docker.py:438} INFO - 
[2025-10-05T18:05:05.569+0000] {docker.py:438} INFO - ==================================================
[2025-10-05T18:05:05.569+0000] {docker.py:438} INFO - 🔄 Restart #2 at 2025-10-05 18:00:40
[2025-10-05T18:05:05.570+0000] {docker.py:438} INFO - ==================================================
[2025-10-05T18:05:05.570+0000] {docker.py:438} INFO - Hello world - terminate function started!
[2025-10-05T18:05:05.570+0000] {docker.py:438} INFO - Selecting pods with label_selector: app=post-storage-service
[2025-10-05T18:05:05.570+0000] {docker.py:438} INFO - Found 2 pods initially
[2025-10-05T18:05:05.571+0000] {docker.py:438} INFO - Random selection: 1 pods
[2025-10-05T18:05:05.571+0000] {docker.py:438} INFO - Deleting pod: post-storage-service-769cf6947d-pqpvr
[2025-10-05T18:05:05.571+0000] {docker.py:438} INFO - Deleted 1 pods: ['post-storage-service-769cf6947d-pqpvr']
[2025-10-05T18:05:05.571+0000] {docker.py:438} INFO - ✅ Successfully restarted pods: ['post-storage-service-769cf6947d-pqpvr']
[2025-10-05T18:05:05.571+0000] {docker.py:438} INFO - ⏳ Waiting 20 seconds until next restart...
[2025-10-05T18:05:05.572+0000] {docker.py:438} INFO - 📊 Time remaining: 279 seconds
[2025-10-05T18:05:05.572+0000] {docker.py:438} INFO - 
[2025-10-05T18:05:05.572+0000] {docker.py:438} INFO - ==================================================
[2025-10-05T18:05:05.572+0000] {docker.py:438} INFO - 🔄 Restart #3 at 2025-10-05 18:01:00
[2025-10-05T18:05:05.573+0000] {docker.py:438} INFO - ==================================================
[2025-10-05T18:05:05.573+0000] {docker.py:438} INFO - Hello world - terminate function started!
[2025-10-05T18:05:05.573+0000] {docker.py:438} INFO - Selecting pods with label_selector: app=post-storage-service
[2025-10-05T18:05:05.573+0000] {docker.py:438} INFO - Found 1 pods initially
[2025-10-05T18:05:05.574+0000] {docker.py:438} INFO - Random selection: 1 pods
[2025-10-05T18:05:05.574+0000] {docker.py:438} INFO - Deleting pod: post-storage-service-769cf6947d-njk2x
[2025-10-05T18:05:05.574+0000] {docker.py:438} INFO - Deleted 1 pods: ['post-storage-service-769cf6947d-njk2x']
[2025-10-05T18:05:05.574+0000] {docker.py:438} INFO - ✅ Successfully restarted pods: ['post-storage-service-769cf6947d-njk2x']
[2025-10-05T18:05:05.574+0000] {docker.py:438} INFO - ⏳ Waiting 20 seconds until next restart...
[2025-10-05T18:05:05.575+0000] {docker.py:438} INFO - 📊 Time remaining: 259 seconds
[2025-10-05T18:05:05.575+0000] {docker.py:438} INFO - 
[2025-10-05T18:05:05.575+0000] {docker.py:438} INFO - ==================================================
[2025-10-05T18:05:05.575+0000] {docker.py:438} INFO - 🔄 Restart #4 at 2025-10-05 18:01:20
[2025-10-05T18:05:05.576+0000] {docker.py:438} INFO - ==================================================
[2025-10-05T18:05:05.576+0000] {docker.py:438} INFO - Hello world - terminate function started!
[2025-10-05T18:05:05.576+0000] {docker.py:438} INFO - Selecting pods with label_selector: app=post-storage-service
[2025-10-05T18:05:05.576+0000] {docker.py:438} INFO - Found 2 pods initially
[2025-10-05T18:05:05.576+0000] {docker.py:438} INFO - Random selection: 1 pods
[2025-10-05T18:05:05.576+0000] {docker.py:438} INFO - Deleting pod: post-storage-service-769cf6947d-9wntm
[2025-10-05T18:05:05.577+0000] {docker.py:438} INFO - Deleted 1 pods: ['post-storage-service-769cf6947d-9wntm']
[2025-10-05T18:05:05.577+0000] {docker.py:438} INFO - ✅ Successfully restarted pods: ['post-storage-service-769cf6947d-9wntm']
[2025-10-05T18:05:05.577+0000] {docker.py:438} INFO - ⏳ Waiting 20 seconds until next restart...
[2025-10-05T18:05:05.577+0000] {docker.py:438} INFO - 📊 Time remaining: 238 seconds
[2025-10-05T18:05:05.577+0000] {docker.py:438} INFO - 
[2025-10-05T18:05:05.578+0000] {docker.py:438} INFO - ==================================================
[2025-10-05T18:05:05.578+0000] {docker.py:438} INFO - 🔄 Restart #5 at 2025-10-05 18:01:41
[2025-10-05T18:05:05.578+0000] {docker.py:438} INFO - ==================================================
[2025-10-05T18:05:05.578+0000] {docker.py:438} INFO - Hello world - terminate function started!
[2025-10-05T18:05:05.578+0000] {docker.py:438} INFO - Selecting pods with label_selector: app=post-storage-service
[2025-10-05T18:05:05.578+0000] {docker.py:438} INFO - Found 2 pods initially
[2025-10-05T18:05:05.579+0000] {docker.py:438} INFO - Random selection: 1 pods
[2025-10-05T18:05:05.579+0000] {docker.py:438} INFO - Deleting pod: post-storage-service-769cf6947d-9wntm
[2025-10-05T18:05:05.579+0000] {docker.py:438} INFO - Deleted 1 pods: ['post-storage-service-769cf6947d-9wntm']
[2025-10-05T18:05:05.579+0000] {docker.py:438} INFO - ✅ Successfully restarted pods: ['post-storage-service-769cf6947d-9wntm']
[2025-10-05T18:05:05.579+0000] {docker.py:438} INFO - ⏳ Waiting 20 seconds until next restart...
[2025-10-05T18:05:05.580+0000] {docker.py:438} INFO - 📊 Time remaining: 218 seconds
[2025-10-05T18:05:05.580+0000] {docker.py:438} INFO - 
[2025-10-05T18:05:05.580+0000] {docker.py:438} INFO - ==================================================
[2025-10-05T18:05:05.580+0000] {docker.py:438} INFO - 🔄 Restart #6 at 2025-10-05 18:02:01
[2025-10-05T18:05:05.580+0000] {docker.py:438} INFO - ==================================================
[2025-10-05T18:05:05.581+0000] {docker.py:438} INFO - Hello world - terminate function started!
[2025-10-05T18:05:05.581+0000] {docker.py:438} INFO - Selecting pods with label_selector: app=post-storage-service
[2025-10-05T18:05:05.581+0000] {docker.py:438} INFO - Found 1 pods initially
[2025-10-05T18:05:05.581+0000] {docker.py:438} INFO - Random selection: 1 pods
[2025-10-05T18:05:05.581+0000] {docker.py:438} INFO - Deleting pod: post-storage-service-769cf6947d-kjjqt
[2025-10-05T18:05:05.581+0000] {docker.py:438} INFO - Deleted 1 pods: ['post-storage-service-769cf6947d-kjjqt']
[2025-10-05T18:05:05.582+0000] {docker.py:438} INFO - ✅ Successfully restarted pods: ['post-storage-service-769cf6947d-kjjqt']
[2025-10-05T18:05:05.582+0000] {docker.py:438} INFO - ⏳ Waiting 20 seconds until next restart...
[2025-10-05T18:05:05.582+0000] {docker.py:438} INFO - 📊 Time remaining: 197 seconds
[2025-10-05T18:05:05.582+0000] {docker.py:438} INFO - 
[2025-10-05T18:05:05.582+0000] {docker.py:438} INFO - ==================================================
[2025-10-05T18:05:05.583+0000] {docker.py:438} INFO - 🔄 Restart #7 at 2025-10-05 18:02:22
[2025-10-05T18:05:05.583+0000] {docker.py:438} INFO - ==================================================
[2025-10-05T18:05:05.583+0000] {docker.py:438} INFO - Hello world - terminate function started!
[2025-10-05T18:05:05.583+0000] {docker.py:438} INFO - Selecting pods with label_selector: app=post-storage-service
[2025-10-05T18:05:05.583+0000] {docker.py:438} INFO - Found 2 pods initially
[2025-10-05T18:05:05.583+0000] {docker.py:438} INFO - Random selection: 1 pods
[2025-10-05T18:05:05.584+0000] {docker.py:438} INFO - Deleting pod: post-storage-service-769cf6947d-kjjqt
[2025-10-05T18:05:05.584+0000] {docker.py:438} INFO - Deleted 1 pods: ['post-storage-service-769cf6947d-kjjqt']
[2025-10-05T18:05:05.584+0000] {docker.py:438} INFO - ✅ Successfully restarted pods: ['post-storage-service-769cf6947d-kjjqt']
[2025-10-05T18:05:05.584+0000] {docker.py:438} INFO - ⏳ Waiting 20 seconds until next restart...
[2025-10-05T18:05:05.584+0000] {docker.py:438} INFO - 📊 Time remaining: 177 seconds
[2025-10-05T18:05:05.585+0000] {docker.py:438} INFO - 
[2025-10-05T18:05:05.585+0000] {docker.py:438} INFO - ==================================================
[2025-10-05T18:05:05.585+0000] {docker.py:438} INFO - 🔄 Restart #8 at 2025-10-05 18:02:42
[2025-10-05T18:05:05.585+0000] {docker.py:438} INFO - ==================================================
[2025-10-05T18:05:05.585+0000] {docker.py:438} INFO - Hello world - terminate function started!
[2025-10-05T18:05:05.585+0000] {docker.py:438} INFO - Selecting pods with label_selector: app=post-storage-service
[2025-10-05T18:05:05.586+0000] {docker.py:438} INFO - Found 1 pods initially
[2025-10-05T18:05:05.586+0000] {docker.py:438} INFO - Random selection: 1 pods
[2025-10-05T18:05:05.586+0000] {docker.py:438} INFO - Deleting pod: post-storage-service-769cf6947d-xnn5z
[2025-10-05T18:05:05.586+0000] {docker.py:438} INFO - Deleted 1 pods: ['post-storage-service-769cf6947d-xnn5z']
[2025-10-05T18:05:05.586+0000] {docker.py:438} INFO - ✅ Successfully restarted pods: ['post-storage-service-769cf6947d-xnn5z']
[2025-10-05T18:05:05.587+0000] {docker.py:438} INFO - ⏳ Waiting 20 seconds until next restart...
[2025-10-05T18:05:05.587+0000] {docker.py:438} INFO - 📊 Time remaining: 157 seconds
[2025-10-05T18:05:05.587+0000] {docker.py:438} INFO - 
[2025-10-05T18:05:05.587+0000] {docker.py:438} INFO - ==================================================
[2025-10-05T18:05:05.587+0000] {docker.py:438} INFO - 🔄 Restart #9 at 2025-10-05 18:03:02
[2025-10-05T18:05:05.588+0000] {docker.py:438} INFO - ==================================================
[2025-10-05T18:05:05.588+0000] {docker.py:438} INFO - Hello world - terminate function started!
[2025-10-05T18:05:05.588+0000] {docker.py:438} INFO - Selecting pods with label_selector: app=post-storage-service
[2025-10-05T18:05:05.588+0000] {docker.py:438} INFO - Found 2 pods initially
[2025-10-05T18:05:05.588+0000] {docker.py:438} INFO - Random selection: 1 pods
[2025-10-05T18:05:05.589+0000] {docker.py:438} INFO - Deleting pod: post-storage-service-769cf6947d-rtmwv
[2025-10-05T18:05:05.589+0000] {docker.py:438} INFO - Deleted 1 pods: ['post-storage-service-769cf6947d-rtmwv']
[2025-10-05T18:05:05.589+0000] {docker.py:438} INFO - ✅ Successfully restarted pods: ['post-storage-service-769cf6947d-rtmwv']
[2025-10-05T18:05:05.589+0000] {docker.py:438} INFO - ⏳ Waiting 20 seconds until next restart...
[2025-10-05T18:05:05.589+0000] {docker.py:438} INFO - 📊 Time remaining: 136 seconds
[2025-10-05T18:05:05.590+0000] {docker.py:438} INFO - 
[2025-10-05T18:05:05.590+0000] {docker.py:438} INFO - ==================================================
[2025-10-05T18:05:05.590+0000] {docker.py:438} INFO - 🔄 Restart #10 at 2025-10-05 18:03:23
[2025-10-05T18:05:05.590+0000] {docker.py:438} INFO - ==================================================
[2025-10-05T18:05:05.590+0000] {docker.py:438} INFO - Hello world - terminate function started!
[2025-10-05T18:05:05.590+0000] {docker.py:438} INFO - Selecting pods with label_selector: app=post-storage-service
[2025-10-05T18:05:05.591+0000] {docker.py:438} INFO - Found 2 pods initially
[2025-10-05T18:05:05.591+0000] {docker.py:438} INFO - Random selection: 1 pods
[2025-10-05T18:05:05.591+0000] {docker.py:438} INFO - Deleting pod: post-storage-service-769cf6947d-rtmwv
[2025-10-05T18:05:05.591+0000] {docker.py:438} INFO - Deleted 1 pods: ['post-storage-service-769cf6947d-rtmwv']
[2025-10-05T18:05:05.591+0000] {docker.py:438} INFO - ✅ Successfully restarted pods: ['post-storage-service-769cf6947d-rtmwv']
[2025-10-05T18:05:05.591+0000] {docker.py:438} INFO - ⏳ Waiting 20 seconds until next restart...
[2025-10-05T18:05:05.592+0000] {docker.py:438} INFO - 📊 Time remaining: 116 seconds
[2025-10-05T18:05:05.592+0000] {docker.py:438} INFO - 
[2025-10-05T18:05:05.592+0000] {docker.py:438} INFO - ==================================================
[2025-10-05T18:05:05.592+0000] {docker.py:438} INFO - 🔄 Restart #11 at 2025-10-05 18:03:43
[2025-10-05T18:05:05.592+0000] {docker.py:438} INFO - ==================================================
[2025-10-05T18:05:05.593+0000] {docker.py:438} INFO - Hello world - terminate function started!
[2025-10-05T18:05:05.593+0000] {docker.py:438} INFO - Selecting pods with label_selector: app=post-storage-service
[2025-10-05T18:05:05.593+0000] {docker.py:438} INFO - Found 1 pods initially
[2025-10-05T18:05:05.593+0000] {docker.py:438} INFO - Random selection: 1 pods
[2025-10-05T18:05:05.593+0000] {docker.py:438} INFO - Deleting pod: post-storage-service-769cf6947d-tnbfg
[2025-10-05T18:05:05.594+0000] {docker.py:438} INFO - Deleted 1 pods: ['post-storage-service-769cf6947d-tnbfg']
[2025-10-05T18:05:05.594+0000] {docker.py:438} INFO - ✅ Successfully restarted pods: ['post-storage-service-769cf6947d-tnbfg']
[2025-10-05T18:05:05.594+0000] {docker.py:438} INFO - ⏳ Waiting 20 seconds until next restart...
[2025-10-05T18:05:05.594+0000] {docker.py:438} INFO - 📊 Time remaining: 95 seconds
[2025-10-05T18:05:05.594+0000] {docker.py:438} INFO - 
[2025-10-05T18:05:05.595+0000] {docker.py:438} INFO - ==================================================
[2025-10-05T18:05:05.595+0000] {docker.py:438} INFO - 🔄 Restart #12 at 2025-10-05 18:04:04
[2025-10-05T18:05:05.595+0000] {docker.py:438} INFO - ==================================================
[2025-10-05T18:05:05.595+0000] {docker.py:438} INFO - Hello world - terminate function started!
[2025-10-05T18:05:05.595+0000] {docker.py:438} INFO - Selecting pods with label_selector: app=post-storage-service
[2025-10-05T18:05:05.595+0000] {docker.py:438} INFO - Found 2 pods initially
[2025-10-05T18:05:05.596+0000] {docker.py:438} INFO - Random selection: 1 pods
[2025-10-05T18:05:05.596+0000] {docker.py:438} INFO - Deleting pod: post-storage-service-769cf6947d-tnbfg
[2025-10-05T18:05:05.596+0000] {docker.py:438} INFO - Deleted 1 pods: ['post-storage-service-769cf6947d-tnbfg']
[2025-10-05T18:05:05.596+0000] {docker.py:438} INFO - ✅ Successfully restarted pods: ['post-storage-service-769cf6947d-tnbfg']
[2025-10-05T18:05:05.596+0000] {docker.py:438} INFO - ⏳ Waiting 20 seconds until next restart...
[2025-10-05T18:05:05.597+0000] {docker.py:438} INFO - 📊 Time remaining: 75 seconds
[2025-10-05T18:05:05.597+0000] {docker.py:438} INFO - 
[2025-10-05T18:05:05.597+0000] {docker.py:438} INFO - ==================================================
[2025-10-05T18:05:05.597+0000] {docker.py:438} INFO - 🔄 Restart #13 at 2025-10-05 18:04:24
[2025-10-05T18:05:05.597+0000] {docker.py:438} INFO - ==================================================
[2025-10-05T18:05:05.598+0000] {docker.py:438} INFO - Hello world - terminate function started!
[2025-10-05T18:05:05.598+0000] {docker.py:438} INFO - Selecting pods with label_selector: app=post-storage-service
[2025-10-05T18:05:05.598+0000] {docker.py:438} INFO - Found 1 pods initially
[2025-10-05T18:05:05.598+0000] {docker.py:438} INFO - Random selection: 1 pods
[2025-10-05T18:05:05.598+0000] {docker.py:438} INFO - Deleting pod: post-storage-service-769cf6947d-p6x6t
[2025-10-05T18:05:05.599+0000] {docker.py:438} INFO - Deleted 1 pods: ['post-storage-service-769cf6947d-p6x6t']
[2025-10-05T18:05:05.599+0000] {docker.py:438} INFO - ✅ Successfully restarted pods: ['post-storage-service-769cf6947d-p6x6t']
[2025-10-05T18:05:05.599+0000] {docker.py:438} INFO - ⏳ Waiting 20 seconds until next restart...
[2025-10-05T18:05:05.599+0000] {docker.py:438} INFO - 📊 Time remaining: 55 seconds
[2025-10-05T18:05:05.599+0000] {docker.py:438} INFO - 
[2025-10-05T18:05:05.599+0000] {docker.py:438} INFO - ==================================================
[2025-10-05T18:05:05.600+0000] {docker.py:438} INFO - 🔄 Restart #14 at 2025-10-05 18:04:45
[2025-10-05T18:05:05.600+0000] {docker.py:438} INFO - ==================================================
[2025-10-05T18:05:05.600+0000] {docker.py:438} INFO - Hello world - terminate function started!
[2025-10-05T18:05:05.600+0000] {docker.py:438} INFO - Selecting pods with label_selector: app=post-storage-service
[2025-10-05T18:05:05.600+0000] {docker.py:438} INFO - Found 2 pods initially
[2025-10-05T18:05:05.600+0000] {docker.py:438} INFO - Random selection: 1 pods
[2025-10-05T18:05:05.601+0000] {docker.py:438} INFO - Deleting pod: post-storage-service-769cf6947d-ll5bc
[2025-10-05T18:05:05.601+0000] {docker.py:438} INFO - Deleted 1 pods: ['post-storage-service-769cf6947d-ll5bc']
[2025-10-05T18:05:05.601+0000] {docker.py:438} INFO - ✅ Successfully restarted pods: ['post-storage-service-769cf6947d-ll5bc']
[2025-10-05T18:05:05.601+0000] {docker.py:438} INFO - ⏳ Waiting 20 seconds until next restart...
[2025-10-05T18:05:05.601+0000] {docker.py:438} INFO - 📊 Time remaining: 34 seconds
[2025-10-05T18:05:05.601+0000] {docker.py:438} INFO - 
[2025-10-05T18:05:05.602+0000] {docker.py:438} INFO - ==================================================
[2025-10-05T18:05:05.602+0000] {docker.py:438} INFO - 🔄 Restart #15 at 2025-10-05 18:05:05
[2025-10-05T18:05:05.602+0000] {docker.py:438} INFO - ==================================================
[2025-10-05T18:05:05.602+0000] {docker.py:438} INFO - Hello world - terminate function started!
[2025-10-05T18:05:05.602+0000] {docker.py:438} INFO - Selecting pods with label_selector: app=post-storage-service
[2025-10-05T18:05:06.022+0000] {docker.py:438} INFO - [32m[2025-10-05 18:05:06 INFO] Let's rollback...
[2025-10-05T18:05:06.023+0000] {docker.py:438} INFO - [32m[2025-10-05 18:05:06 INFO] Rollback: uncordon-all-nodes
[2025-10-05T18:05:06.023+0000] {docker.py:438} INFO - [32m[2025-10-05 18:05:06 INFO] Action: uncordon-all-nodes
[2025-10-05T18:05:06.949+0000] {docker.py:438} INFO - [32m[2025-10-05 18:05:06 INFO] Experiment ended with status: completed
[2025-10-05T18:05:06.950+0000] {docker.py:438} INFO - Found 2 pods initially
[2025-10-05T18:05:06.950+0000] {docker.py:438} INFO - Random selection: 1 pods
[2025-10-05T18:05:06.950+0000] {docker.py:438} INFO - Deleting pod: post-storage-service-769cf6947d-pgbsv
[2025-10-05T18:05:06.951+0000] {docker.py:438} INFO - Deleted 1 pods: ['post-storage-service-769cf6947d-pgbsv']
[2025-10-05T18:05:06.951+0000] {docker.py:438} INFO - ✅ Successfully restarted pods: ['post-storage-service-769cf6947d-pgbsv']
[2025-10-05T18:05:06.951+0000] {docker.py:438} INFO - ⏰ Less than 20 seconds remaining, stopping experiment
[2025-10-05T18:05:06.952+0000] {docker.py:438} INFO - 
[2025-10-05T18:05:06.952+0000] {docker.py:438} INFO - ==================================================
[2025-10-05T18:05:06.952+0000] {docker.py:438} INFO - 🏁 Experiment Completed!
[2025-10-05T18:05:06.953+0000] {docker.py:438} INFO - ==================================================
[2025-10-05T18:05:06.953+0000] {docker.py:438} INFO - 📈 Total restarts performed: 15
[2025-10-05T18:05:06.953+0000] {docker.py:438} INFO - ⏱️  Total duration: 286 seconds
[2025-10-05T18:05:06.954+0000] {docker.py:438} INFO - 📊 Average interval: 19.1 seconds
[2025-10-05T18:05:07.202+0000] {taskinstance.py:340} INFO - ::group::Post task execution logs
[2025-10-05T18:05:07.203+0000] {taskinstance.py:352} INFO - Marking task as SUCCESS. dag_id=Cordon_Uncordon_Node, task_id=apply_cordon_uncordon_node, run_id=scheduled__2025-10-05T15:00:00+00:00, execution_date=20251005T150000, start_date=20251005T180002, end_date=20251005T180507
[2025-10-05T18:05:07.240+0000] {local_task_job_runner.py:266} INFO - Task exited with return code 0
[2025-10-05T18:05:07.253+0000] {taskinstance.py:3900} INFO - 0 downstream tasks scheduled from follow-on schedule check
[2025-10-05T18:05:07.256+0000] {local_task_job_runner.py:245} INFO - ::endgroup::
