[2025-10-05T06:00:02.317+0000] {local_task_job_runner.py:123} INFO - ::group::Pre task execution logs
[2025-10-05T06:00:02.342+0000] {taskinstance.py:2612} INFO - Dependencies all met for dep_context=non-requeueable deps ti=<TaskInstance: Cordon_Uncordon_Node.apply_cordon_uncordon_node scheduled__2025-10-05T03:00:00+00:00 [queued]>
[2025-10-05T06:00:02.352+0000] {taskinstance.py:2612} INFO - Dependencies all met for dep_context=requeueable deps ti=<TaskInstance: Cordon_Uncordon_Node.apply_cordon_uncordon_node scheduled__2025-10-05T03:00:00+00:00 [queued]>
[2025-10-05T06:00:02.352+0000] {taskinstance.py:2865} INFO - Starting attempt 1 of 1
[2025-10-05T06:00:02.380+0000] {taskinstance.py:2888} INFO - Executing <Task(DockerOperator): apply_cordon_uncordon_node> on 2025-10-05 03:00:00+00:00
[2025-10-05T06:00:02.389+0000] {standard_task_runner.py:72} INFO - Started process 976 to run task
[2025-10-05T06:00:02.401+0000] {standard_task_runner.py:104} INFO - Running: ['***', 'tasks', 'run', 'Cordon_Uncordon_Node', 'apply_cordon_uncordon_node', 'scheduled__2025-10-05T03:00:00+00:00', '--job-id', '326', '--raw', '--subdir', 'DAGS_FOLDER/dag_factory.py', '--cfg-path', '/tmp/tmp1p6_rkrq']
[2025-10-05T06:00:02.403+0000] {standard_task_runner.py:105} INFO - Job 326: Subtask apply_cordon_uncordon_node
[2025-10-05T06:00:02.491+0000] {task_command.py:467} INFO - Running <TaskInstance: Cordon_Uncordon_Node.apply_cordon_uncordon_node scheduled__2025-10-05T03:00:00+00:00 [running]> on host workflow.y2twbfvcjkaujnl2bmtbxunhcb.cx.internal.cloudapp.net
[2025-10-05T06:00:02.740+0000] {taskinstance.py:3131} INFO - Exporting env vars: AIRFLOW_CTX_DAG_OWNER='***' AIRFLOW_CTX_DAG_ID='Cordon_Uncordon_Node' AIRFLOW_CTX_TASK_ID='apply_cordon_uncordon_node' AIRFLOW_CTX_EXECUTION_DATE='2025-10-05T03:00:00+00:00' AIRFLOW_CTX_TRY_NUMBER='1' AIRFLOW_CTX_DAG_RUN_ID='scheduled__2025-10-05T03:00:00+00:00'
[2025-10-05T06:00:02.742+0000] {taskinstance.py:731} INFO - ::endgroup::
[2025-10-05T06:00:02.812+0000] {docker.py:367} INFO - Starting docker container from image ***_chaos:latest
[2025-10-05T06:00:03.438+0000] {docker.py:438} INFO - The container is run as root user. For security, consider using a regular user account.
[2025-10-05T06:00:23.457+0000] {docker.py:438} INFO - 
[2025-10-05T06:00:25.137+0000] {docker.py:438} INFO - [32m[2025-10-05 06:00:25 INFO] Validating the experiment's syntax
[2025-10-05T06:00:25.679+0000] {docker.py:438} INFO - [32m[2025-10-05 06:00:25 INFO] Experiment looks valid
[2025-10-05T06:00:25.681+0000] {docker.py:438} INFO - [32m[2025-10-05 06:00:25 INFO] Running experiment: Cordon-Pod Restart Combined Experiment
[2025-10-05T06:00:25.683+0000] {docker.py:438} INFO - [32m[2025-10-05 06:00:25 INFO] Steady-state strategy: default
[2025-10-05T06:00:25.684+0000] {docker.py:438} INFO - [32m[2025-10-05 06:00:25 INFO] Rollbacks strategy: default
[2025-10-05T06:00:25.684+0000] {docker.py:438} INFO - [32m[2025-10-05 06:00:25 INFO] No steady state hypothesis defined. That's ok, just exploring.
[2025-10-05T06:00:25.685+0000] {docker.py:438} INFO - [32m[2025-10-05 06:00:25 INFO] Playing your experiment's method now...
[2025-10-05T06:00:25.685+0000] {docker.py:438} INFO - [32m[2025-10-05 06:00:25 INFO] Action: cordon-nodes
[2025-10-05T06:00:26.785+0000] {docker.py:438} INFO - [32m[2025-10-05 06:00:26 INFO] Action: continuous-pod-restart-during-cordon
[2025-10-05T06:05:12.541+0000] {docker.py:438} INFO - 🚀 Starting continuous pod restart experiment
[2025-10-05T06:05:12.542+0000] {docker.py:438} INFO - 📅 Interval: 20 seconds
[2025-10-05T06:05:12.542+0000] {docker.py:438} INFO - ⏱️  Duration: 300 seconds
[2025-10-05T06:05:12.542+0000] {docker.py:438} INFO - 🎯 Target: app=post-storage-service
[2025-10-05T06:05:12.542+0000] {docker.py:438} INFO - 📍 Namespace: default
[2025-10-05T06:05:12.543+0000] {docker.py:438} INFO - 
[2025-10-05T06:05:12.543+0000] {docker.py:438} INFO - ==================================================
[2025-10-05T06:05:12.543+0000] {docker.py:438} INFO - 🔄 Restart #1 at 2025-10-05 06:00:26
[2025-10-05T06:05:12.543+0000] {docker.py:438} INFO - ==================================================
[2025-10-05T06:05:12.543+0000] {docker.py:438} INFO - Hello world - terminate function started!
[2025-10-05T06:05:12.544+0000] {docker.py:438} INFO - Selecting pods with label_selector: app=post-storage-service
[2025-10-05T06:05:12.544+0000] {docker.py:438} INFO - Found 1 pods initially
[2025-10-05T06:05:12.544+0000] {docker.py:438} INFO - Random selection: 1 pods
[2025-10-05T06:05:12.545+0000] {docker.py:438} INFO - Deleting pod: post-storage-service-769cf6947d-9h4gw
[2025-10-05T06:05:12.545+0000] {docker.py:438} INFO - Deleted 1 pods: ['post-storage-service-769cf6947d-9h4gw']
[2025-10-05T06:05:12.545+0000] {docker.py:438} INFO - ✅ Successfully restarted pods: ['post-storage-service-769cf6947d-9h4gw']
[2025-10-05T06:05:12.545+0000] {docker.py:438} INFO - ⏳ Waiting 20 seconds until next restart...
[2025-10-05T06:05:12.546+0000] {docker.py:438} INFO - 📊 Time remaining: 300 seconds
[2025-10-05T06:05:12.546+0000] {docker.py:438} INFO - 
[2025-10-05T06:05:12.546+0000] {docker.py:438} INFO - ==================================================
[2025-10-05T06:05:12.546+0000] {docker.py:438} INFO - 🔄 Restart #2 at 2025-10-05 06:00:47
[2025-10-05T06:05:12.546+0000] {docker.py:438} INFO - ==================================================
[2025-10-05T06:05:12.547+0000] {docker.py:438} INFO - Hello world - terminate function started!
[2025-10-05T06:05:12.547+0000] {docker.py:438} INFO - Selecting pods with label_selector: app=post-storage-service
[2025-10-05T06:05:12.547+0000] {docker.py:438} INFO - Found 2 pods initially
[2025-10-05T06:05:12.547+0000] {docker.py:438} INFO - Random selection: 1 pods
[2025-10-05T06:05:12.548+0000] {docker.py:438} INFO - Deleting pod: post-storage-service-769cf6947d-9h4gw
[2025-10-05T06:05:12.548+0000] {docker.py:438} INFO - Deleted 1 pods: ['post-storage-service-769cf6947d-9h4gw']
[2025-10-05T06:05:12.548+0000] {docker.py:438} INFO - ✅ Successfully restarted pods: ['post-storage-service-769cf6947d-9h4gw']
[2025-10-05T06:05:12.548+0000] {docker.py:438} INFO - ⏳ Waiting 20 seconds until next restart...
[2025-10-05T06:05:12.548+0000] {docker.py:438} INFO - 📊 Time remaining: 279 seconds
[2025-10-05T06:05:12.549+0000] {docker.py:438} INFO - 
[2025-10-05T06:05:12.549+0000] {docker.py:438} INFO - ==================================================
[2025-10-05T06:05:12.549+0000] {docker.py:438} INFO - 🔄 Restart #3 at 2025-10-05 06:01:07
[2025-10-05T06:05:12.549+0000] {docker.py:438} INFO - ==================================================
[2025-10-05T06:05:12.550+0000] {docker.py:438} INFO - Hello world - terminate function started!
[2025-10-05T06:05:12.550+0000] {docker.py:438} INFO - Selecting pods with label_selector: app=post-storage-service
[2025-10-05T06:05:12.550+0000] {docker.py:438} INFO - Found 1 pods initially
[2025-10-05T06:05:12.550+0000] {docker.py:438} INFO - Random selection: 1 pods
[2025-10-05T06:05:12.550+0000] {docker.py:438} INFO - Deleting pod: post-storage-service-769cf6947d-xhggp
[2025-10-05T06:05:12.551+0000] {docker.py:438} INFO - Deleted 1 pods: ['post-storage-service-769cf6947d-xhggp']
[2025-10-05T06:05:12.551+0000] {docker.py:438} INFO - ✅ Successfully restarted pods: ['post-storage-service-769cf6947d-xhggp']
[2025-10-05T06:05:12.551+0000] {docker.py:438} INFO - ⏳ Waiting 20 seconds until next restart...
[2025-10-05T06:05:12.551+0000] {docker.py:438} INFO - 📊 Time remaining: 259 seconds
[2025-10-05T06:05:12.551+0000] {docker.py:438} INFO - 
[2025-10-05T06:05:12.552+0000] {docker.py:438} INFO - ==================================================
[2025-10-05T06:05:12.552+0000] {docker.py:438} INFO - 🔄 Restart #4 at 2025-10-05 06:01:27
[2025-10-05T06:05:12.552+0000] {docker.py:438} INFO - ==================================================
[2025-10-05T06:05:12.552+0000] {docker.py:438} INFO - Hello world - terminate function started!
[2025-10-05T06:05:12.552+0000] {docker.py:438} INFO - Selecting pods with label_selector: app=post-storage-service
[2025-10-05T06:05:12.553+0000] {docker.py:438} INFO - Found 2 pods initially
[2025-10-05T06:05:12.553+0000] {docker.py:438} INFO - Random selection: 1 pods
[2025-10-05T06:05:12.553+0000] {docker.py:438} INFO - Deleting pod: post-storage-service-769cf6947d-xhggp
[2025-10-05T06:05:12.553+0000] {docker.py:438} INFO - Deleted 1 pods: ['post-storage-service-769cf6947d-xhggp']
[2025-10-05T06:05:12.553+0000] {docker.py:438} INFO - ✅ Successfully restarted pods: ['post-storage-service-769cf6947d-xhggp']
[2025-10-05T06:05:12.554+0000] {docker.py:438} INFO - ⏳ Waiting 20 seconds until next restart...
[2025-10-05T06:05:12.554+0000] {docker.py:438} INFO - 📊 Time remaining: 238 seconds
[2025-10-05T06:05:12.554+0000] {docker.py:438} INFO - 
[2025-10-05T06:05:12.554+0000] {docker.py:438} INFO - ==================================================
[2025-10-05T06:05:12.554+0000] {docker.py:438} INFO - 🔄 Restart #5 at 2025-10-05 06:01:48
[2025-10-05T06:05:12.555+0000] {docker.py:438} INFO - ==================================================
[2025-10-05T06:05:12.555+0000] {docker.py:438} INFO - Hello world - terminate function started!
[2025-10-05T06:05:12.555+0000] {docker.py:438} INFO - Selecting pods with label_selector: app=post-storage-service
[2025-10-05T06:05:12.555+0000] {docker.py:438} INFO - Found 1 pods initially
[2025-10-05T06:05:12.555+0000] {docker.py:438} INFO - Random selection: 1 pods
[2025-10-05T06:05:12.556+0000] {docker.py:438} INFO - Deleting pod: post-storage-service-769cf6947d-tbpht
[2025-10-05T06:05:12.556+0000] {docker.py:438} INFO - Deleted 1 pods: ['post-storage-service-769cf6947d-tbpht']
[2025-10-05T06:05:12.556+0000] {docker.py:438} INFO - ✅ Successfully restarted pods: ['post-storage-service-769cf6947d-tbpht']
[2025-10-05T06:05:12.556+0000] {docker.py:438} INFO - ⏳ Waiting 20 seconds until next restart...
[2025-10-05T06:05:12.556+0000] {docker.py:438} INFO - 📊 Time remaining: 218 seconds
[2025-10-05T06:05:12.557+0000] {docker.py:438} INFO - 
[2025-10-05T06:05:12.557+0000] {docker.py:438} INFO - ==================================================
[2025-10-05T06:05:12.557+0000] {docker.py:438} INFO - 🔄 Restart #6 at 2025-10-05 06:02:08
[2025-10-05T06:05:12.557+0000] {docker.py:438} INFO - ==================================================
[2025-10-05T06:05:12.558+0000] {docker.py:438} INFO - Hello world - terminate function started!
[2025-10-05T06:05:12.558+0000] {docker.py:438} INFO - Selecting pods with label_selector: app=post-storage-service
[2025-10-05T06:05:12.558+0000] {docker.py:438} INFO - Found 2 pods initially
[2025-10-05T06:05:12.558+0000] {docker.py:438} INFO - Random selection: 1 pods
[2025-10-05T06:05:12.558+0000] {docker.py:438} INFO - Deleting pod: post-storage-service-769cf6947d-rxvsj
[2025-10-05T06:05:12.558+0000] {docker.py:438} INFO - Deleted 1 pods: ['post-storage-service-769cf6947d-rxvsj']
[2025-10-05T06:05:12.559+0000] {docker.py:438} INFO - ✅ Successfully restarted pods: ['post-storage-service-769cf6947d-rxvsj']
[2025-10-05T06:05:12.559+0000] {docker.py:438} INFO - ⏳ Waiting 20 seconds until next restart...
[2025-10-05T06:05:12.559+0000] {docker.py:438} INFO - 📊 Time remaining: 198 seconds
[2025-10-05T06:05:12.559+0000] {docker.py:438} INFO - 
[2025-10-05T06:05:12.559+0000] {docker.py:438} INFO - ==================================================
[2025-10-05T06:05:12.560+0000] {docker.py:438} INFO - 🔄 Restart #7 at 2025-10-05 06:02:29
[2025-10-05T06:05:12.560+0000] {docker.py:438} INFO - ==================================================
[2025-10-05T06:05:12.560+0000] {docker.py:438} INFO - Hello world - terminate function started!
[2025-10-05T06:05:12.560+0000] {docker.py:438} INFO - Selecting pods with label_selector: app=post-storage-service
[2025-10-05T06:05:12.560+0000] {docker.py:438} INFO - Found 2 pods initially
[2025-10-05T06:05:12.561+0000] {docker.py:438} INFO - Random selection: 1 pods
[2025-10-05T06:05:12.561+0000] {docker.py:438} INFO - Deleting pod: post-storage-service-769cf6947d-b77nd
[2025-10-05T06:05:12.561+0000] {docker.py:438} INFO - Deleted 1 pods: ['post-storage-service-769cf6947d-b77nd']
[2025-10-05T06:05:12.561+0000] {docker.py:438} INFO - ✅ Successfully restarted pods: ['post-storage-service-769cf6947d-b77nd']
[2025-10-05T06:05:12.561+0000] {docker.py:438} INFO - ⏳ Waiting 20 seconds until next restart...
[2025-10-05T06:05:12.562+0000] {docker.py:438} INFO - 📊 Time remaining: 177 seconds
[2025-10-05T06:05:12.562+0000] {docker.py:438} INFO - 
[2025-10-05T06:05:12.562+0000] {docker.py:438} INFO - ==================================================
[2025-10-05T06:05:12.562+0000] {docker.py:438} INFO - 🔄 Restart #8 at 2025-10-05 06:02:49
[2025-10-05T06:05:12.562+0000] {docker.py:438} INFO - ==================================================
[2025-10-05T06:05:12.563+0000] {docker.py:438} INFO - Hello world - terminate function started!
[2025-10-05T06:05:12.563+0000] {docker.py:438} INFO - Selecting pods with label_selector: app=post-storage-service
[2025-10-05T06:05:12.563+0000] {docker.py:438} INFO - Found 2 pods initially
[2025-10-05T06:05:12.563+0000] {docker.py:438} INFO - Random selection: 1 pods
[2025-10-05T06:05:12.563+0000] {docker.py:438} INFO - Deleting pod: post-storage-service-769cf6947d-wjgrr
[2025-10-05T06:05:12.563+0000] {docker.py:438} INFO - Deleted 1 pods: ['post-storage-service-769cf6947d-wjgrr']
[2025-10-05T06:05:12.564+0000] {docker.py:438} INFO - ✅ Successfully restarted pods: ['post-storage-service-769cf6947d-wjgrr']
[2025-10-05T06:05:12.564+0000] {docker.py:438} INFO - ⏳ Waiting 20 seconds until next restart...
[2025-10-05T06:05:12.564+0000] {docker.py:438} INFO - 📊 Time remaining: 157 seconds
[2025-10-05T06:05:12.564+0000] {docker.py:438} INFO - 
[2025-10-05T06:05:12.564+0000] {docker.py:438} INFO - ==================================================
[2025-10-05T06:05:12.565+0000] {docker.py:438} INFO - 🔄 Restart #9 at 2025-10-05 06:03:09
[2025-10-05T06:05:12.565+0000] {docker.py:438} INFO - ==================================================
[2025-10-05T06:05:12.565+0000] {docker.py:438} INFO - Hello world - terminate function started!
[2025-10-05T06:05:12.565+0000] {docker.py:438} INFO - Selecting pods with label_selector: app=post-storage-service
[2025-10-05T06:05:12.565+0000] {docker.py:438} INFO - Found 2 pods initially
[2025-10-05T06:05:12.566+0000] {docker.py:438} INFO - Random selection: 1 pods
[2025-10-05T06:05:12.566+0000] {docker.py:438} INFO - Deleting pod: post-storage-service-769cf6947d-mc2jv
[2025-10-05T06:05:12.566+0000] {docker.py:438} INFO - Deleted 1 pods: ['post-storage-service-769cf6947d-mc2jv']
[2025-10-05T06:05:12.566+0000] {docker.py:438} INFO - ✅ Successfully restarted pods: ['post-storage-service-769cf6947d-mc2jv']
[2025-10-05T06:05:12.566+0000] {docker.py:438} INFO - ⏳ Waiting 20 seconds until next restart...
[2025-10-05T06:05:12.567+0000] {docker.py:438} INFO - 📊 Time remaining: 136 seconds
[2025-10-05T06:05:12.567+0000] {docker.py:438} INFO - 
[2025-10-05T06:05:12.567+0000] {docker.py:438} INFO - ==================================================
[2025-10-05T06:05:12.567+0000] {docker.py:438} INFO - 🔄 Restart #10 at 2025-10-05 06:03:30
[2025-10-05T06:05:12.568+0000] {docker.py:438} INFO - ==================================================
[2025-10-05T06:05:12.568+0000] {docker.py:438} INFO - Hello world - terminate function started!
[2025-10-05T06:05:12.568+0000] {docker.py:438} INFO - Selecting pods with label_selector: app=post-storage-service
[2025-10-05T06:05:12.568+0000] {docker.py:438} INFO - Found 2 pods initially
[2025-10-05T06:05:12.568+0000] {docker.py:438} INFO - Random selection: 1 pods
[2025-10-05T06:05:12.569+0000] {docker.py:438} INFO - Deleting pod: post-storage-service-769cf6947d-qdcsp
[2025-10-05T06:05:12.569+0000] {docker.py:438} INFO - Deleted 1 pods: ['post-storage-service-769cf6947d-qdcsp']
[2025-10-05T06:05:12.569+0000] {docker.py:438} INFO - ✅ Successfully restarted pods: ['post-storage-service-769cf6947d-qdcsp']
[2025-10-05T06:05:12.569+0000] {docker.py:438} INFO - ⏳ Waiting 20 seconds until next restart...
[2025-10-05T06:05:12.569+0000] {docker.py:438} INFO - 📊 Time remaining: 116 seconds
[2025-10-05T06:05:12.569+0000] {docker.py:438} INFO - 
[2025-10-05T06:05:12.570+0000] {docker.py:438} INFO - ==================================================
[2025-10-05T06:05:12.570+0000] {docker.py:438} INFO - 🔄 Restart #11 at 2025-10-05 06:03:50
[2025-10-05T06:05:12.570+0000] {docker.py:438} INFO - ==================================================
[2025-10-05T06:05:12.570+0000] {docker.py:438} INFO - Hello world - terminate function started!
[2025-10-05T06:05:12.571+0000] {docker.py:438} INFO - Selecting pods with label_selector: app=post-storage-service
[2025-10-05T06:05:12.571+0000] {docker.py:438} INFO - Found 2 pods initially
[2025-10-05T06:05:12.571+0000] {docker.py:438} INFO - Random selection: 1 pods
[2025-10-05T06:05:12.571+0000] {docker.py:438} INFO - Deleting pod: post-storage-service-769cf6947d-qq78n
[2025-10-05T06:05:12.571+0000] {docker.py:438} INFO - Deleted 1 pods: ['post-storage-service-769cf6947d-qq78n']
[2025-10-05T06:05:12.572+0000] {docker.py:438} INFO - ✅ Successfully restarted pods: ['post-storage-service-769cf6947d-qq78n']
[2025-10-05T06:05:12.572+0000] {docker.py:438} INFO - ⏳ Waiting 20 seconds until next restart...
[2025-10-05T06:05:12.572+0000] {docker.py:438} INFO - 📊 Time remaining: 96 seconds
[2025-10-05T06:05:12.572+0000] {docker.py:438} INFO - 
[2025-10-05T06:05:12.572+0000] {docker.py:438} INFO - ==================================================
[2025-10-05T06:05:12.572+0000] {docker.py:438} INFO - 🔄 Restart #12 at 2025-10-05 06:04:11
[2025-10-05T06:05:12.573+0000] {docker.py:438} INFO - ==================================================
[2025-10-05T06:05:12.573+0000] {docker.py:438} INFO - Hello world - terminate function started!
[2025-10-05T06:05:12.573+0000] {docker.py:438} INFO - Selecting pods with label_selector: app=post-storage-service
[2025-10-05T06:05:12.573+0000] {docker.py:438} INFO - Found 2 pods initially
[2025-10-05T06:05:12.573+0000] {docker.py:438} INFO - Random selection: 1 pods
[2025-10-05T06:05:12.574+0000] {docker.py:438} INFO - Deleting pod: post-storage-service-769cf6947d-zdgkc
[2025-10-05T06:05:12.574+0000] {docker.py:438} INFO - Deleted 1 pods: ['post-storage-service-769cf6947d-zdgkc']
[2025-10-05T06:05:12.574+0000] {docker.py:438} INFO - ✅ Successfully restarted pods: ['post-storage-service-769cf6947d-zdgkc']
[2025-10-05T06:05:12.574+0000] {docker.py:438} INFO - ⏳ Waiting 20 seconds until next restart...
[2025-10-05T06:05:12.574+0000] {docker.py:438} INFO - 📊 Time remaining: 75 seconds
[2025-10-05T06:05:12.574+0000] {docker.py:438} INFO - 
[2025-10-05T06:05:12.575+0000] {docker.py:438} INFO - ==================================================
[2025-10-05T06:05:12.575+0000] {docker.py:438} INFO - 🔄 Restart #13 at 2025-10-05 06:04:31
[2025-10-05T06:05:12.575+0000] {docker.py:438} INFO - ==================================================
[2025-10-05T06:05:12.575+0000] {docker.py:438} INFO - Hello world - terminate function started!
[2025-10-05T06:05:12.575+0000] {docker.py:438} INFO - Selecting pods with label_selector: app=post-storage-service
[2025-10-05T06:05:12.576+0000] {docker.py:438} INFO - Found 2 pods initially
[2025-10-05T06:05:12.576+0000] {docker.py:438} INFO - Random selection: 1 pods
[2025-10-05T06:05:12.576+0000] {docker.py:438} INFO - Deleting pod: post-storage-service-769cf6947d-kddlp
[2025-10-05T06:05:12.576+0000] {docker.py:438} INFO - Deleted 1 pods: ['post-storage-service-769cf6947d-kddlp']
[2025-10-05T06:05:12.576+0000] {docker.py:438} INFO - ✅ Successfully restarted pods: ['post-storage-service-769cf6947d-kddlp']
[2025-10-05T06:05:12.577+0000] {docker.py:438} INFO - ⏳ Waiting 20 seconds until next restart...
[2025-10-05T06:05:12.577+0000] {docker.py:438} INFO - 📊 Time remaining: 55 seconds
[2025-10-05T06:05:12.577+0000] {docker.py:438} INFO - 
[2025-10-05T06:05:12.577+0000] {docker.py:438} INFO - ==================================================
[2025-10-05T06:05:12.577+0000] {docker.py:438} INFO - 🔄 Restart #14 at 2025-10-05 06:04:52
[2025-10-05T06:05:12.577+0000] {docker.py:438} INFO - ==================================================
[2025-10-05T06:05:12.578+0000] {docker.py:438} INFO - Hello world - terminate function started!
[2025-10-05T06:05:12.578+0000] {docker.py:438} INFO - Selecting pods with label_selector: app=post-storage-service
[2025-10-05T06:05:12.578+0000] {docker.py:438} INFO - Found 2 pods initially
[2025-10-05T06:05:12.578+0000] {docker.py:438} INFO - Random selection: 1 pods
[2025-10-05T06:05:12.578+0000] {docker.py:438} INFO - Deleting pod: post-storage-service-769cf6947d-wtz7l
[2025-10-05T06:05:12.579+0000] {docker.py:438} INFO - Deleted 1 pods: ['post-storage-service-769cf6947d-wtz7l']
[2025-10-05T06:05:12.579+0000] {docker.py:438} INFO - ✅ Successfully restarted pods: ['post-storage-service-769cf6947d-wtz7l']
[2025-10-05T06:05:12.579+0000] {docker.py:438} INFO - ⏳ Waiting 20 seconds until next restart...
[2025-10-05T06:05:12.580+0000] {docker.py:438} INFO - 📊 Time remaining: 34 seconds
[2025-10-05T06:05:12.580+0000] {docker.py:438} INFO - 
[2025-10-05T06:05:12.580+0000] {docker.py:438} INFO - ==================================================
[2025-10-05T06:05:12.581+0000] {docker.py:438} INFO - 🔄 Restart #15 at 2025-10-05 06:05:12
[2025-10-05T06:05:12.581+0000] {docker.py:438} INFO - ==================================================
[2025-10-05T06:05:12.581+0000] {docker.py:438} INFO - Hello world - terminate function started!
[2025-10-05T06:05:12.581+0000] {docker.py:438} INFO - Selecting pods with label_selector: app=post-storage-service
[2025-10-05T06:05:12.985+0000] {docker.py:438} INFO - [32m[2025-10-05 06:05:12 INFO] Let's rollback...
[2025-10-05T06:05:12.985+0000] {docker.py:438} INFO - [32m[2025-10-05 06:05:12 INFO] Rollback: uncordon-all-nodes
[2025-10-05T06:05:12.986+0000] {docker.py:438} INFO - [32m[2025-10-05 06:05:12 INFO] Action: uncordon-all-nodes
[2025-10-05T06:05:13.969+0000] {docker.py:438} INFO - [32m[2025-10-05 06:05:13 INFO] Experiment ended with status: completed
[2025-10-05T06:05:13.970+0000] {docker.py:438} INFO - Found 2 pods initially
[2025-10-05T06:05:13.970+0000] {docker.py:438} INFO - Random selection: 1 pods
[2025-10-05T06:05:13.971+0000] {docker.py:438} INFO - Deleting pod: post-storage-service-769cf6947d-wtz7l
[2025-10-05T06:05:13.971+0000] {docker.py:438} INFO - Deleted 1 pods: ['post-storage-service-769cf6947d-wtz7l']
[2025-10-05T06:05:13.971+0000] {docker.py:438} INFO - ✅ Successfully restarted pods: ['post-storage-service-769cf6947d-wtz7l']
[2025-10-05T06:05:13.972+0000] {docker.py:438} INFO - ⏰ Less than 20 seconds remaining, stopping experiment
[2025-10-05T06:05:13.972+0000] {docker.py:438} INFO - 
[2025-10-05T06:05:13.972+0000] {docker.py:438} INFO - ==================================================
[2025-10-05T06:05:13.973+0000] {docker.py:438} INFO - 🏁 Experiment Completed!
[2025-10-05T06:05:13.973+0000] {docker.py:438} INFO - ==================================================
[2025-10-05T06:05:13.973+0000] {docker.py:438} INFO - 📈 Total restarts performed: 15
[2025-10-05T06:05:13.974+0000] {docker.py:438} INFO - ⏱️  Total duration: 286 seconds
[2025-10-05T06:05:13.974+0000] {docker.py:438} INFO - 📊 Average interval: 19.1 seconds
[2025-10-05T06:05:14.302+0000] {taskinstance.py:340} INFO - ::group::Post task execution logs
[2025-10-05T06:05:14.303+0000] {taskinstance.py:352} INFO - Marking task as SUCCESS. dag_id=Cordon_Uncordon_Node, task_id=apply_cordon_uncordon_node, run_id=scheduled__2025-10-05T03:00:00+00:00, execution_date=20251005T030000, start_date=20251005T060002, end_date=20251005T060514
[2025-10-05T06:05:14.353+0000] {local_task_job_runner.py:266} INFO - Task exited with return code 0
[2025-10-05T06:05:14.383+0000] {taskinstance.py:3900} INFO - 0 downstream tasks scheduled from follow-on schedule check
[2025-10-05T06:05:14.386+0000] {local_task_job_runner.py:245} INFO - ::endgroup::
