[2025-10-06T15:00:02.506+0000] {local_task_job_runner.py:123} INFO - ::group::Pre task execution logs
[2025-10-06T15:00:02.551+0000] {taskinstance.py:2612} INFO - Dependencies all met for dep_context=non-requeueable deps ti=<TaskInstance: Cordon_Uncordon_Node.apply_cordon_uncordon_node scheduled__2025-10-06T12:00:00+00:00 [queued]>
[2025-10-06T15:00:02.561+0000] {taskinstance.py:2612} INFO - Dependencies all met for dep_context=requeueable deps ti=<TaskInstance: Cordon_Uncordon_Node.apply_cordon_uncordon_node scheduled__2025-10-06T12:00:00+00:00 [queued]>
[2025-10-06T15:00:02.562+0000] {taskinstance.py:2865} INFO - Starting attempt 1 of 1
[2025-10-06T15:00:02.585+0000] {taskinstance.py:2888} INFO - Executing <Task(DockerOperator): apply_cordon_uncordon_node> on 2025-10-06 12:00:00+00:00
[2025-10-06T15:00:02.604+0000] {standard_task_runner.py:72} INFO - Started process 1333 to run task
[2025-10-06T15:00:02.614+0000] {standard_task_runner.py:104} INFO - Running: ['***', 'tasks', 'run', 'Cordon_Uncordon_Node', 'apply_cordon_uncordon_node', 'scheduled__2025-10-06T12:00:00+00:00', '--job-id', '445', '--raw', '--subdir', 'DAGS_FOLDER/dag_factory.py', '--cfg-path', '/tmp/tmplom46mlx']
[2025-10-06T15:00:02.616+0000] {standard_task_runner.py:105} INFO - Job 445: Subtask apply_cordon_uncordon_node
[2025-10-06T15:00:02.722+0000] {task_command.py:467} INFO - Running <TaskInstance: Cordon_Uncordon_Node.apply_cordon_uncordon_node scheduled__2025-10-06T12:00:00+00:00 [running]> on host workflow.y2twbfvcjkaujnl2bmtbxunhcb.cx.internal.cloudapp.net
[2025-10-06T15:00:02.965+0000] {taskinstance.py:3131} INFO - Exporting env vars: AIRFLOW_CTX_DAG_OWNER='***' AIRFLOW_CTX_DAG_ID='Cordon_Uncordon_Node' AIRFLOW_CTX_TASK_ID='apply_cordon_uncordon_node' AIRFLOW_CTX_EXECUTION_DATE='2025-10-06T12:00:00+00:00' AIRFLOW_CTX_TRY_NUMBER='1' AIRFLOW_CTX_DAG_RUN_ID='scheduled__2025-10-06T12:00:00+00:00'
[2025-10-06T15:00:02.968+0000] {taskinstance.py:731} INFO - ::endgroup::
[2025-10-06T15:00:03.050+0000] {docker.py:367} INFO - Starting docker container from image ***_chaos:latest
[2025-10-06T15:00:03.782+0000] {docker.py:438} INFO - The container is run as root user. For security, consider using a regular user account.
[2025-10-06T15:00:17.779+0000] {docker.py:438} INFO - 
[2025-10-06T15:00:18.741+0000] {docker.py:438} INFO - [32m[2025-10-06 15:00:18 INFO] Validating the experiment's syntax
[2025-10-06T15:00:19.175+0000] {docker.py:438} INFO - [32m[2025-10-06 15:00:19 INFO] Experiment looks valid
[2025-10-06T15:00:19.177+0000] {docker.py:438} INFO - [32m[2025-10-06 15:00:19 INFO] Running experiment: Cordon-Pod Restart Combined Experiment
[2025-10-06T15:00:19.180+0000] {docker.py:438} INFO - [32m[2025-10-06 15:00:19 INFO] Steady-state strategy: default
[2025-10-06T15:00:19.180+0000] {docker.py:438} INFO - [32m[2025-10-06 15:00:19 INFO] Rollbacks strategy: default
[2025-10-06T15:00:19.181+0000] {docker.py:438} INFO - [32m[2025-10-06 15:00:19 INFO] No steady state hypothesis defined. That's ok, just exploring.
[2025-10-06T15:00:19.182+0000] {docker.py:438} INFO - [32m[2025-10-06 15:00:19 INFO] Playing your experiment's method now...
[2025-10-06T15:00:19.182+0000] {docker.py:438} INFO - [32m[2025-10-06 15:00:19 INFO] Action: cordon-nodes
[2025-10-06T15:00:20.258+0000] {docker.py:438} INFO - [32m[2025-10-06 15:00:20 INFO] Action: continuous-pod-restart-during-cordon
[2025-10-06T15:05:05.997+0000] {docker.py:438} INFO - 🚀 Starting continuous pod restart experiment
[2025-10-06T15:05:05.997+0000] {docker.py:438} INFO - 📅 Interval: 20 seconds
[2025-10-06T15:05:05.998+0000] {docker.py:438} INFO - ⏱️  Duration: 300 seconds
[2025-10-06T15:05:05.998+0000] {docker.py:438} INFO - 🎯 Target: app=post-storage-service
[2025-10-06T15:05:05.998+0000] {docker.py:438} INFO - 📍 Namespace: default
[2025-10-06T15:05:05.998+0000] {docker.py:438} INFO - 
[2025-10-06T15:05:05.998+0000] {docker.py:438} INFO - ==================================================
[2025-10-06T15:05:05.999+0000] {docker.py:438} INFO - 🔄 Restart #1 at 2025-10-06 15:00:20
[2025-10-06T15:05:05.999+0000] {docker.py:438} INFO - ==================================================
[2025-10-06T15:05:05.999+0000] {docker.py:438} INFO - Hello world - terminate function started!
[2025-10-06T15:05:05.999+0000] {docker.py:438} INFO - Selecting pods with label_selector: app=post-storage-service
[2025-10-06T15:05:05.999+0000] {docker.py:438} INFO - Found 1 pods initially
[2025-10-06T15:05:06.000+0000] {docker.py:438} INFO - Random selection: 1 pods
[2025-10-06T15:05:06.000+0000] {docker.py:438} INFO - Deleting pod: post-storage-service-769cf6947d-9qft7
[2025-10-06T15:05:06.000+0000] {docker.py:438} INFO - Deleted 1 pods: ['post-storage-service-769cf6947d-9qft7']
[2025-10-06T15:05:06.000+0000] {docker.py:438} INFO - ✅ Successfully restarted pods: ['post-storage-service-769cf6947d-9qft7']
[2025-10-06T15:05:06.001+0000] {docker.py:438} INFO - ⏳ Waiting 20 seconds until next restart...
[2025-10-06T15:05:06.001+0000] {docker.py:438} INFO - 📊 Time remaining: 300 seconds
[2025-10-06T15:05:06.001+0000] {docker.py:438} INFO - 
[2025-10-06T15:05:06.001+0000] {docker.py:438} INFO - ==================================================
[2025-10-06T15:05:06.002+0000] {docker.py:438} INFO - 🔄 Restart #2 at 2025-10-06 15:00:40
[2025-10-06T15:05:06.002+0000] {docker.py:438} INFO - ==================================================
[2025-10-06T15:05:06.002+0000] {docker.py:438} INFO - Hello world - terminate function started!
[2025-10-06T15:05:06.002+0000] {docker.py:438} INFO - Selecting pods with label_selector: app=post-storage-service
[2025-10-06T15:05:06.002+0000] {docker.py:438} INFO - Found 2 pods initially
[2025-10-06T15:05:06.003+0000] {docker.py:438} INFO - Random selection: 1 pods
[2025-10-06T15:05:06.003+0000] {docker.py:438} INFO - Deleting pod: post-storage-service-769cf6947d-9qft7
[2025-10-06T15:05:06.003+0000] {docker.py:438} INFO - Deleted 1 pods: ['post-storage-service-769cf6947d-9qft7']
[2025-10-06T15:05:06.003+0000] {docker.py:438} INFO - ✅ Successfully restarted pods: ['post-storage-service-769cf6947d-9qft7']
[2025-10-06T15:05:06.003+0000] {docker.py:438} INFO - ⏳ Waiting 20 seconds until next restart...
[2025-10-06T15:05:06.003+0000] {docker.py:438} INFO - 📊 Time remaining: 279 seconds
[2025-10-06T15:05:06.004+0000] {docker.py:438} INFO - 
[2025-10-06T15:05:06.004+0000] {docker.py:438} INFO - ==================================================
[2025-10-06T15:05:06.004+0000] {docker.py:438} INFO - 🔄 Restart #3 at 2025-10-06 15:01:01
[2025-10-06T15:05:06.004+0000] {docker.py:438} INFO - ==================================================
[2025-10-06T15:05:06.004+0000] {docker.py:438} INFO - Hello world - terminate function started!
[2025-10-06T15:05:06.005+0000] {docker.py:438} INFO - Selecting pods with label_selector: app=post-storage-service
[2025-10-06T15:05:06.005+0000] {docker.py:438} INFO - Found 1 pods initially
[2025-10-06T15:05:06.005+0000] {docker.py:438} INFO - Random selection: 1 pods
[2025-10-06T15:05:06.005+0000] {docker.py:438} INFO - Deleting pod: post-storage-service-769cf6947d-9wzkp
[2025-10-06T15:05:06.006+0000] {docker.py:438} INFO - Deleted 1 pods: ['post-storage-service-769cf6947d-9wzkp']
[2025-10-06T15:05:06.006+0000] {docker.py:438} INFO - ✅ Successfully restarted pods: ['post-storage-service-769cf6947d-9wzkp']
[2025-10-06T15:05:06.006+0000] {docker.py:438} INFO - ⏳ Waiting 20 seconds until next restart...
[2025-10-06T15:05:06.006+0000] {docker.py:438} INFO - 📊 Time remaining: 259 seconds
[2025-10-06T15:05:06.006+0000] {docker.py:438} INFO - 
[2025-10-06T15:05:06.007+0000] {docker.py:438} INFO - ==================================================
[2025-10-06T15:05:06.007+0000] {docker.py:438} INFO - 🔄 Restart #4 at 2025-10-06 15:01:21
[2025-10-06T15:05:06.007+0000] {docker.py:438} INFO - ==================================================
[2025-10-06T15:05:06.007+0000] {docker.py:438} INFO - Hello world - terminate function started!
[2025-10-06T15:05:06.007+0000] {docker.py:438} INFO - Selecting pods with label_selector: app=post-storage-service
[2025-10-06T15:05:06.008+0000] {docker.py:438} INFO - Found 2 pods initially
[2025-10-06T15:05:06.008+0000] {docker.py:438} INFO - Random selection: 1 pods
[2025-10-06T15:05:06.008+0000] {docker.py:438} INFO - Deleting pod: post-storage-service-769cf6947d-9wzkp
[2025-10-06T15:05:06.008+0000] {docker.py:438} INFO - Deleted 1 pods: ['post-storage-service-769cf6947d-9wzkp']
[2025-10-06T15:05:06.009+0000] {docker.py:438} INFO - ✅ Successfully restarted pods: ['post-storage-service-769cf6947d-9wzkp']
[2025-10-06T15:05:06.009+0000] {docker.py:438} INFO - ⏳ Waiting 20 seconds until next restart...
[2025-10-06T15:05:06.009+0000] {docker.py:438} INFO - 📊 Time remaining: 238 seconds
[2025-10-06T15:05:06.009+0000] {docker.py:438} INFO - 
[2025-10-06T15:05:06.009+0000] {docker.py:438} INFO - ==================================================
[2025-10-06T15:05:06.010+0000] {docker.py:438} INFO - 🔄 Restart #5 at 2025-10-06 15:01:41
[2025-10-06T15:05:06.010+0000] {docker.py:438} INFO - ==================================================
[2025-10-06T15:05:06.010+0000] {docker.py:438} INFO - Hello world - terminate function started!
[2025-10-06T15:05:06.010+0000] {docker.py:438} INFO - Selecting pods with label_selector: app=post-storage-service
[2025-10-06T15:05:06.010+0000] {docker.py:438} INFO - Found 1 pods initially
[2025-10-06T15:05:06.010+0000] {docker.py:438} INFO - Random selection: 1 pods
[2025-10-06T15:05:06.011+0000] {docker.py:438} INFO - Deleting pod: post-storage-service-769cf6947d-qhng4
[2025-10-06T15:05:06.011+0000] {docker.py:438} INFO - Deleted 1 pods: ['post-storage-service-769cf6947d-qhng4']
[2025-10-06T15:05:06.011+0000] {docker.py:438} INFO - ✅ Successfully restarted pods: ['post-storage-service-769cf6947d-qhng4']
[2025-10-06T15:05:06.011+0000] {docker.py:438} INFO - ⏳ Waiting 20 seconds until next restart...
[2025-10-06T15:05:06.011+0000] {docker.py:438} INFO - 📊 Time remaining: 218 seconds
[2025-10-06T15:05:06.012+0000] {docker.py:438} INFO - 
[2025-10-06T15:05:06.012+0000] {docker.py:438} INFO - ==================================================
[2025-10-06T15:05:06.012+0000] {docker.py:438} INFO - 🔄 Restart #6 at 2025-10-06 15:02:02
[2025-10-06T15:05:06.012+0000] {docker.py:438} INFO - ==================================================
[2025-10-06T15:05:06.012+0000] {docker.py:438} INFO - Hello world - terminate function started!
[2025-10-06T15:05:06.013+0000] {docker.py:438} INFO - Selecting pods with label_selector: app=post-storage-service
[2025-10-06T15:05:06.013+0000] {docker.py:438} INFO - Found 2 pods initially
[2025-10-06T15:05:06.013+0000] {docker.py:438} INFO - Random selection: 1 pods
[2025-10-06T15:05:06.013+0000] {docker.py:438} INFO - Deleting pod: post-storage-service-769cf6947d-qhng4
[2025-10-06T15:05:06.013+0000] {docker.py:438} INFO - Deleted 1 pods: ['post-storage-service-769cf6947d-qhng4']
[2025-10-06T15:05:06.014+0000] {docker.py:438} INFO - ✅ Successfully restarted pods: ['post-storage-service-769cf6947d-qhng4']
[2025-10-06T15:05:06.014+0000] {docker.py:438} INFO - ⏳ Waiting 20 seconds until next restart...
[2025-10-06T15:05:06.014+0000] {docker.py:438} INFO - 📊 Time remaining: 198 seconds
[2025-10-06T15:05:06.014+0000] {docker.py:438} INFO - 
[2025-10-06T15:05:06.014+0000] {docker.py:438} INFO - ==================================================
[2025-10-06T15:05:06.015+0000] {docker.py:438} INFO - 🔄 Restart #7 at 2025-10-06 15:02:22
[2025-10-06T15:05:06.015+0000] {docker.py:438} INFO - ==================================================
[2025-10-06T15:05:06.015+0000] {docker.py:438} INFO - Hello world - terminate function started!
[2025-10-06T15:05:06.015+0000] {docker.py:438} INFO - Selecting pods with label_selector: app=post-storage-service
[2025-10-06T15:05:06.016+0000] {docker.py:438} INFO - Found 1 pods initially
[2025-10-06T15:05:06.016+0000] {docker.py:438} INFO - Random selection: 1 pods
[2025-10-06T15:05:06.016+0000] {docker.py:438} INFO - Deleting pod: post-storage-service-769cf6947d-7l8vk
[2025-10-06T15:05:06.016+0000] {docker.py:438} INFO - Deleted 1 pods: ['post-storage-service-769cf6947d-7l8vk']
[2025-10-06T15:05:06.017+0000] {docker.py:438} INFO - ✅ Successfully restarted pods: ['post-storage-service-769cf6947d-7l8vk']
[2025-10-06T15:05:06.017+0000] {docker.py:438} INFO - ⏳ Waiting 20 seconds until next restart...
[2025-10-06T15:05:06.017+0000] {docker.py:438} INFO - 📊 Time remaining: 177 seconds
[2025-10-06T15:05:06.017+0000] {docker.py:438} INFO - 
[2025-10-06T15:05:06.017+0000] {docker.py:438} INFO - ==================================================
[2025-10-06T15:05:06.018+0000] {docker.py:438} INFO - 🔄 Restart #8 at 2025-10-06 15:02:43
[2025-10-06T15:05:06.018+0000] {docker.py:438} INFO - ==================================================
[2025-10-06T15:05:06.018+0000] {docker.py:438} INFO - Hello world - terminate function started!
[2025-10-06T15:05:06.019+0000] {docker.py:438} INFO - Selecting pods with label_selector: app=post-storage-service
[2025-10-06T15:05:06.019+0000] {docker.py:438} INFO - Found 2 pods initially
[2025-10-06T15:05:06.019+0000] {docker.py:438} INFO - Random selection: 1 pods
[2025-10-06T15:05:06.019+0000] {docker.py:438} INFO - Deleting pod: post-storage-service-769cf6947d-zzsrm
[2025-10-06T15:05:06.019+0000] {docker.py:438} INFO - Deleted 1 pods: ['post-storage-service-769cf6947d-zzsrm']
[2025-10-06T15:05:06.019+0000] {docker.py:438} INFO - ✅ Successfully restarted pods: ['post-storage-service-769cf6947d-zzsrm']
[2025-10-06T15:05:06.020+0000] {docker.py:438} INFO - ⏳ Waiting 20 seconds until next restart...
[2025-10-06T15:05:06.020+0000] {docker.py:438} INFO - 📊 Time remaining: 157 seconds
[2025-10-06T15:05:06.020+0000] {docker.py:438} INFO - 
[2025-10-06T15:05:06.020+0000] {docker.py:438} INFO - ==================================================
[2025-10-06T15:05:06.020+0000] {docker.py:438} INFO - 🔄 Restart #9 at 2025-10-06 15:03:03
[2025-10-06T15:05:06.021+0000] {docker.py:438} INFO - ==================================================
[2025-10-06T15:05:06.021+0000] {docker.py:438} INFO - Hello world - terminate function started!
[2025-10-06T15:05:06.021+0000] {docker.py:438} INFO - Selecting pods with label_selector: app=post-storage-service
[2025-10-06T15:05:06.021+0000] {docker.py:438} INFO - Found 2 pods initially
[2025-10-06T15:05:06.021+0000] {docker.py:438} INFO - Random selection: 1 pods
[2025-10-06T15:05:06.022+0000] {docker.py:438} INFO - Deleting pod: post-storage-service-769cf6947d-zzsrm
[2025-10-06T15:05:06.022+0000] {docker.py:438} INFO - Deleted 1 pods: ['post-storage-service-769cf6947d-zzsrm']
[2025-10-06T15:05:06.022+0000] {docker.py:438} INFO - ✅ Successfully restarted pods: ['post-storage-service-769cf6947d-zzsrm']
[2025-10-06T15:05:06.022+0000] {docker.py:438} INFO - ⏳ Waiting 20 seconds until next restart...
[2025-10-06T15:05:06.022+0000] {docker.py:438} INFO - 📊 Time remaining: 136 seconds
[2025-10-06T15:05:06.023+0000] {docker.py:438} INFO - 
[2025-10-06T15:05:06.023+0000] {docker.py:438} INFO - ==================================================
[2025-10-06T15:05:06.023+0000] {docker.py:438} INFO - 🔄 Restart #10 at 2025-10-06 15:03:23
[2025-10-06T15:05:06.023+0000] {docker.py:438} INFO - ==================================================
[2025-10-06T15:05:06.023+0000] {docker.py:438} INFO - Hello world - terminate function started!
[2025-10-06T15:05:06.024+0000] {docker.py:438} INFO - Selecting pods with label_selector: app=post-storage-service
[2025-10-06T15:05:06.024+0000] {docker.py:438} INFO - Found 1 pods initially
[2025-10-06T15:05:06.024+0000] {docker.py:438} INFO - Random selection: 1 pods
[2025-10-06T15:05:06.024+0000] {docker.py:438} INFO - Deleting pod: post-storage-service-769cf6947d-4cnc7
[2025-10-06T15:05:06.024+0000] {docker.py:438} INFO - Deleted 1 pods: ['post-storage-service-769cf6947d-4cnc7']
[2025-10-06T15:05:06.024+0000] {docker.py:438} INFO - ✅ Successfully restarted pods: ['post-storage-service-769cf6947d-4cnc7']
[2025-10-06T15:05:06.025+0000] {docker.py:438} INFO - ⏳ Waiting 20 seconds until next restart...
[2025-10-06T15:05:06.025+0000] {docker.py:438} INFO - 📊 Time remaining: 116 seconds
[2025-10-06T15:05:06.025+0000] {docker.py:438} INFO - 
[2025-10-06T15:05:06.025+0000] {docker.py:438} INFO - ==================================================
[2025-10-06T15:05:06.025+0000] {docker.py:438} INFO - 🔄 Restart #11 at 2025-10-06 15:03:44
[2025-10-06T15:05:06.026+0000] {docker.py:438} INFO - ==================================================
[2025-10-06T15:05:06.026+0000] {docker.py:438} INFO - Hello world - terminate function started!
[2025-10-06T15:05:06.026+0000] {docker.py:438} INFO - Selecting pods with label_selector: app=post-storage-service
[2025-10-06T15:05:06.026+0000] {docker.py:438} INFO - Found 2 pods initially
[2025-10-06T15:05:06.026+0000] {docker.py:438} INFO - Random selection: 1 pods
[2025-10-06T15:05:06.027+0000] {docker.py:438} INFO - Deleting pod: post-storage-service-769cf6947d-4cnc7
[2025-10-06T15:05:06.027+0000] {docker.py:438} INFO - Deleted 1 pods: ['post-storage-service-769cf6947d-4cnc7']
[2025-10-06T15:05:06.027+0000] {docker.py:438} INFO - ✅ Successfully restarted pods: ['post-storage-service-769cf6947d-4cnc7']
[2025-10-06T15:05:06.027+0000] {docker.py:438} INFO - ⏳ Waiting 20 seconds until next restart...
[2025-10-06T15:05:06.027+0000] {docker.py:438} INFO - 📊 Time remaining: 95 seconds
[2025-10-06T15:05:06.028+0000] {docker.py:438} INFO - 
[2025-10-06T15:05:06.028+0000] {docker.py:438} INFO - ==================================================
[2025-10-06T15:05:06.028+0000] {docker.py:438} INFO - 🔄 Restart #12 at 2025-10-06 15:04:04
[2025-10-06T15:05:06.028+0000] {docker.py:438} INFO - ==================================================
[2025-10-06T15:05:06.028+0000] {docker.py:438} INFO - Hello world - terminate function started!
[2025-10-06T15:05:06.029+0000] {docker.py:438} INFO - Selecting pods with label_selector: app=post-storage-service
[2025-10-06T15:05:06.029+0000] {docker.py:438} INFO - Found 1 pods initially
[2025-10-06T15:05:06.029+0000] {docker.py:438} INFO - Random selection: 1 pods
[2025-10-06T15:05:06.029+0000] {docker.py:438} INFO - Deleting pod: post-storage-service-769cf6947d-qbbjp
[2025-10-06T15:05:06.029+0000] {docker.py:438} INFO - Deleted 1 pods: ['post-storage-service-769cf6947d-qbbjp']
[2025-10-06T15:05:06.029+0000] {docker.py:438} INFO - ✅ Successfully restarted pods: ['post-storage-service-769cf6947d-qbbjp']
[2025-10-06T15:05:06.030+0000] {docker.py:438} INFO - ⏳ Waiting 20 seconds until next restart...
[2025-10-06T15:05:06.030+0000] {docker.py:438} INFO - 📊 Time remaining: 75 seconds
[2025-10-06T15:05:06.030+0000] {docker.py:438} INFO - 
[2025-10-06T15:05:06.030+0000] {docker.py:438} INFO - ==================================================
[2025-10-06T15:05:06.030+0000] {docker.py:438} INFO - 🔄 Restart #13 at 2025-10-06 15:04:25
[2025-10-06T15:05:06.031+0000] {docker.py:438} INFO - ==================================================
[2025-10-06T15:05:06.031+0000] {docker.py:438} INFO - Hello world - terminate function started!
[2025-10-06T15:05:06.031+0000] {docker.py:438} INFO - Selecting pods with label_selector: app=post-storage-service
[2025-10-06T15:05:06.031+0000] {docker.py:438} INFO - Found 2 pods initially
[2025-10-06T15:05:06.031+0000] {docker.py:438} INFO - Random selection: 1 pods
[2025-10-06T15:05:06.031+0000] {docker.py:438} INFO - Deleting pod: post-storage-service-769cf6947d-cw5jk
[2025-10-06T15:05:06.032+0000] {docker.py:438} INFO - Deleted 1 pods: ['post-storage-service-769cf6947d-cw5jk']
[2025-10-06T15:05:06.032+0000] {docker.py:438} INFO - ✅ Successfully restarted pods: ['post-storage-service-769cf6947d-cw5jk']
[2025-10-06T15:05:06.032+0000] {docker.py:438} INFO - ⏳ Waiting 20 seconds until next restart...
[2025-10-06T15:05:06.032+0000] {docker.py:438} INFO - 📊 Time remaining: 55 seconds
[2025-10-06T15:05:06.032+0000] {docker.py:438} INFO - 
[2025-10-06T15:05:06.033+0000] {docker.py:438} INFO - ==================================================
[2025-10-06T15:05:06.033+0000] {docker.py:438} INFO - 🔄 Restart #14 at 2025-10-06 15:04:45
[2025-10-06T15:05:06.033+0000] {docker.py:438} INFO - ==================================================
[2025-10-06T15:05:06.033+0000] {docker.py:438} INFO - Hello world - terminate function started!
[2025-10-06T15:05:06.033+0000] {docker.py:438} INFO - Selecting pods with label_selector: app=post-storage-service
[2025-10-06T15:05:06.033+0000] {docker.py:438} INFO - Found 2 pods initially
[2025-10-06T15:05:06.034+0000] {docker.py:438} INFO - Random selection: 1 pods
[2025-10-06T15:05:06.034+0000] {docker.py:438} INFO - Deleting pod: post-storage-service-769cf6947d-kd5f4
[2025-10-06T15:05:06.034+0000] {docker.py:438} INFO - Deleted 1 pods: ['post-storage-service-769cf6947d-kd5f4']
[2025-10-06T15:05:06.034+0000] {docker.py:438} INFO - ✅ Successfully restarted pods: ['post-storage-service-769cf6947d-kd5f4']
[2025-10-06T15:05:06.034+0000] {docker.py:438} INFO - ⏳ Waiting 20 seconds until next restart...
[2025-10-06T15:05:06.035+0000] {docker.py:438} INFO - 📊 Time remaining: 34 seconds
[2025-10-06T15:05:06.035+0000] {docker.py:438} INFO - 
[2025-10-06T15:05:06.035+0000] {docker.py:438} INFO - ==================================================
[2025-10-06T15:05:06.035+0000] {docker.py:438} INFO - 🔄 Restart #15 at 2025-10-06 15:05:05
[2025-10-06T15:05:06.035+0000] {docker.py:438} INFO - ==================================================
[2025-10-06T15:05:06.036+0000] {docker.py:438} INFO - Hello world - terminate function started!
[2025-10-06T15:05:06.036+0000] {docker.py:438} INFO - Selecting pods with label_selector: app=post-storage-service
[2025-10-06T15:05:06.404+0000] {docker.py:438} INFO - [32m[2025-10-06 15:05:06 INFO] Let's rollback...
[2025-10-06T15:05:06.404+0000] {docker.py:438} INFO - [32m[2025-10-06 15:05:06 INFO] Rollback: uncordon-all-nodes
[2025-10-06T15:05:06.405+0000] {docker.py:438} INFO - [32m[2025-10-06 15:05:06 INFO] Action: uncordon-all-nodes
[2025-10-06T15:05:07.367+0000] {docker.py:438} INFO - [32m[2025-10-06 15:05:07 INFO] Experiment ended with status: completed
[2025-10-06T15:05:07.368+0000] {docker.py:438} INFO - Found 2 pods initially
[2025-10-06T15:05:07.369+0000] {docker.py:438} INFO - Random selection: 1 pods
[2025-10-06T15:05:07.369+0000] {docker.py:438} INFO - Deleting pod: post-storage-service-769cf6947d-kd5f4
[2025-10-06T15:05:07.369+0000] {docker.py:438} INFO - Deleted 1 pods: ['post-storage-service-769cf6947d-kd5f4']
[2025-10-06T15:05:07.370+0000] {docker.py:438} INFO - ✅ Successfully restarted pods: ['post-storage-service-769cf6947d-kd5f4']
[2025-10-06T15:05:07.370+0000] {docker.py:438} INFO - ⏰ Less than 20 seconds remaining, stopping experiment
[2025-10-06T15:05:07.370+0000] {docker.py:438} INFO - 
[2025-10-06T15:05:07.371+0000] {docker.py:438} INFO - ==================================================
[2025-10-06T15:05:07.371+0000] {docker.py:438} INFO - 🏁 Experiment Completed!
[2025-10-06T15:05:07.371+0000] {docker.py:438} INFO - ==================================================
[2025-10-06T15:05:07.372+0000] {docker.py:438} INFO - 📈 Total restarts performed: 15
[2025-10-06T15:05:07.372+0000] {docker.py:438} INFO - ⏱️  Total duration: 286 seconds
[2025-10-06T15:05:07.372+0000] {docker.py:438} INFO - 📊 Average interval: 19.1 seconds
[2025-10-06T15:05:07.649+0000] {taskinstance.py:340} INFO - ::group::Post task execution logs
[2025-10-06T15:05:07.649+0000] {taskinstance.py:352} INFO - Marking task as SUCCESS. dag_id=Cordon_Uncordon_Node, task_id=apply_cordon_uncordon_node, run_id=scheduled__2025-10-06T12:00:00+00:00, execution_date=20251006T120000, start_date=20251006T150002, end_date=20251006T150507
[2025-10-06T15:05:07.713+0000] {local_task_job_runner.py:266} INFO - Task exited with return code 0
[2025-10-06T15:05:07.729+0000] {taskinstance.py:3900} INFO - 0 downstream tasks scheduled from follow-on schedule check
[2025-10-06T15:05:07.731+0000] {local_task_job_runner.py:245} INFO - ::endgroup::
