[2025-10-05T03:00:01.918+0000] {local_task_job_runner.py:123} INFO - ::group::Pre task execution logs
[2025-10-05T03:00:01.947+0000] {taskinstance.py:2612} INFO - Dependencies all met for dep_context=non-requeueable deps ti=<TaskInstance: Cordon_Uncordon_Node.apply_cordon_uncordon_node scheduled__2025-10-05T00:00:00+00:00 [queued]>
[2025-10-05T03:00:01.966+0000] {taskinstance.py:2612} INFO - Dependencies all met for dep_context=requeueable deps ti=<TaskInstance: Cordon_Uncordon_Node.apply_cordon_uncordon_node scheduled__2025-10-05T00:00:00+00:00 [queued]>
[2025-10-05T03:00:01.967+0000] {taskinstance.py:2865} INFO - Starting attempt 1 of 1
[2025-10-05T03:00:01.993+0000] {taskinstance.py:2888} INFO - Executing <Task(DockerOperator): apply_cordon_uncordon_node> on 2025-10-05 00:00:00+00:00
[2025-10-05T03:00:02.004+0000] {standard_task_runner.py:72} INFO - Started process 954 to run task
[2025-10-05T03:00:02.017+0000] {standard_task_runner.py:104} INFO - Running: ['***', 'tasks', 'run', 'Cordon_Uncordon_Node', 'apply_cordon_uncordon_node', 'scheduled__2025-10-05T00:00:00+00:00', '--job-id', '319', '--raw', '--subdir', 'DAGS_FOLDER/dag_factory.py', '--cfg-path', '/tmp/tmp4v05toer']
[2025-10-05T03:00:02.020+0000] {standard_task_runner.py:105} INFO - Job 319: Subtask apply_cordon_uncordon_node
[2025-10-05T03:00:02.132+0000] {task_command.py:467} INFO - Running <TaskInstance: Cordon_Uncordon_Node.apply_cordon_uncordon_node scheduled__2025-10-05T00:00:00+00:00 [running]> on host workflow.y2twbfvcjkaujnl2bmtbxunhcb.cx.internal.cloudapp.net
[2025-10-05T03:00:02.353+0000] {taskinstance.py:3131} INFO - Exporting env vars: AIRFLOW_CTX_DAG_OWNER='***' AIRFLOW_CTX_DAG_ID='Cordon_Uncordon_Node' AIRFLOW_CTX_TASK_ID='apply_cordon_uncordon_node' AIRFLOW_CTX_EXECUTION_DATE='2025-10-05T00:00:00+00:00' AIRFLOW_CTX_TRY_NUMBER='1' AIRFLOW_CTX_DAG_RUN_ID='scheduled__2025-10-05T00:00:00+00:00'
[2025-10-05T03:00:02.355+0000] {taskinstance.py:731} INFO - ::endgroup::
[2025-10-05T03:00:02.429+0000] {docker.py:367} INFO - Starting docker container from image ***_chaos:latest
[2025-10-05T03:00:02.880+0000] {docker.py:438} INFO - The container is run as root user. For security, consider using a regular user account.
[2025-10-05T03:00:16.897+0000] {docker.py:438} INFO - 
[2025-10-05T03:00:17.722+0000] {docker.py:438} INFO - [32m[2025-10-05 03:00:17 INFO] Validating the experiment's syntax
[2025-10-05T03:00:18.148+0000] {docker.py:438} INFO - [32m[2025-10-05 03:00:18 INFO] Experiment looks valid
[2025-10-05T03:00:18.149+0000] {docker.py:438} INFO - [32m[2025-10-05 03:00:18 INFO] Running experiment: Cordon-Pod Restart Combined Experiment
[2025-10-05T03:00:18.153+0000] {docker.py:438} INFO - [32m[2025-10-05 03:00:18 INFO] Steady-state strategy: default
[2025-10-05T03:00:18.154+0000] {docker.py:438} INFO - [32m[2025-10-05 03:00:18 INFO] Rollbacks strategy: default
[2025-10-05T03:00:18.155+0000] {docker.py:438} INFO - [32m[2025-10-05 03:00:18 INFO] No steady state hypothesis defined. That's ok, just exploring.
[2025-10-05T03:00:18.155+0000] {docker.py:438} INFO - [32m[2025-10-05 03:00:18 INFO] Playing your experiment's method now...
[2025-10-05T03:00:18.156+0000] {docker.py:438} INFO - [32m[2025-10-05 03:00:18 INFO] Action: cordon-nodes
[2025-10-05T03:00:19.131+0000] {docker.py:438} INFO - [32m[2025-10-05 03:00:19 INFO] Action: continuous-pod-restart-during-cordon
[2025-10-05T03:05:04.931+0000] {docker.py:438} INFO - 🚀 Starting continuous pod restart experiment
[2025-10-05T03:05:04.932+0000] {docker.py:438} INFO - 📅 Interval: 20 seconds
[2025-10-05T03:05:04.932+0000] {docker.py:438} INFO - ⏱️  Duration: 300 seconds
[2025-10-05T03:05:04.933+0000] {docker.py:438} INFO - 🎯 Target: app=post-storage-service
[2025-10-05T03:05:04.934+0000] {docker.py:438} INFO - 📍 Namespace: default
[2025-10-05T03:05:04.935+0000] {docker.py:438} INFO - 
[2025-10-05T03:05:04.935+0000] {docker.py:438} INFO - ==================================================
[2025-10-05T03:05:04.936+0000] {docker.py:438} INFO - 🔄 Restart #1 at 2025-10-05 03:00:19
[2025-10-05T03:05:04.936+0000] {docker.py:438} INFO - ==================================================
[2025-10-05T03:05:04.936+0000] {docker.py:438} INFO - Hello world - terminate function started!
[2025-10-05T03:05:04.937+0000] {docker.py:438} INFO - Selecting pods with label_selector: app=post-storage-service
[2025-10-05T03:05:04.937+0000] {docker.py:438} INFO - Found 1 pods initially
[2025-10-05T03:05:04.937+0000] {docker.py:438} INFO - Random selection: 1 pods
[2025-10-05T03:05:04.938+0000] {docker.py:438} INFO - Deleting pod: post-storage-service-769cf6947d-mq86p
[2025-10-05T03:05:04.938+0000] {docker.py:438} INFO - Deleted 1 pods: ['post-storage-service-769cf6947d-mq86p']
[2025-10-05T03:05:04.938+0000] {docker.py:438} INFO - ✅ Successfully restarted pods: ['post-storage-service-769cf6947d-mq86p']
[2025-10-05T03:05:04.939+0000] {docker.py:438} INFO - ⏳ Waiting 20 seconds until next restart...
[2025-10-05T03:05:04.939+0000] {docker.py:438} INFO - 📊 Time remaining: 300 seconds
[2025-10-05T03:05:04.939+0000] {docker.py:438} INFO - 
[2025-10-05T03:05:04.940+0000] {docker.py:438} INFO - ==================================================
[2025-10-05T03:05:04.940+0000] {docker.py:438} INFO - 🔄 Restart #2 at 2025-10-05 03:00:39
[2025-10-05T03:05:04.940+0000] {docker.py:438} INFO - ==================================================
[2025-10-05T03:05:04.940+0000] {docker.py:438} INFO - Hello world - terminate function started!
[2025-10-05T03:05:04.941+0000] {docker.py:438} INFO - Selecting pods with label_selector: app=post-storage-service
[2025-10-05T03:05:04.941+0000] {docker.py:438} INFO - Found 2 pods initially
[2025-10-05T03:05:04.941+0000] {docker.py:438} INFO - Random selection: 1 pods
[2025-10-05T03:05:04.942+0000] {docker.py:438} INFO - Deleting pod: post-storage-service-769cf6947d-qrzcm
[2025-10-05T03:05:04.942+0000] {docker.py:438} INFO - Deleted 1 pods: ['post-storage-service-769cf6947d-qrzcm']
[2025-10-05T03:05:04.943+0000] {docker.py:438} INFO - ✅ Successfully restarted pods: ['post-storage-service-769cf6947d-qrzcm']
[2025-10-05T03:05:04.943+0000] {docker.py:438} INFO - ⏳ Waiting 20 seconds until next restart...
[2025-10-05T03:05:04.943+0000] {docker.py:438} INFO - 📊 Time remaining: 279 seconds
[2025-10-05T03:05:04.943+0000] {docker.py:438} INFO - 
[2025-10-05T03:05:04.944+0000] {docker.py:438} INFO - ==================================================
[2025-10-05T03:05:04.944+0000] {docker.py:438} INFO - 🔄 Restart #3 at 2025-10-05 03:01:00
[2025-10-05T03:05:04.944+0000] {docker.py:438} INFO - ==================================================
[2025-10-05T03:05:04.945+0000] {docker.py:438} INFO - Hello world - terminate function started!
[2025-10-05T03:05:04.945+0000] {docker.py:438} INFO - Selecting pods with label_selector: app=post-storage-service
[2025-10-05T03:05:04.945+0000] {docker.py:438} INFO - Found 2 pods initially
[2025-10-05T03:05:04.946+0000] {docker.py:438} INFO - Random selection: 1 pods
[2025-10-05T03:05:04.946+0000] {docker.py:438} INFO - Deleting pod: post-storage-service-769cf6947d-qrzcm
[2025-10-05T03:05:04.946+0000] {docker.py:438} INFO - Deleted 1 pods: ['post-storage-service-769cf6947d-qrzcm']
[2025-10-05T03:05:04.947+0000] {docker.py:438} INFO - ✅ Successfully restarted pods: ['post-storage-service-769cf6947d-qrzcm']
[2025-10-05T03:05:04.947+0000] {docker.py:438} INFO - ⏳ Waiting 20 seconds until next restart...
[2025-10-05T03:05:04.947+0000] {docker.py:438} INFO - 📊 Time remaining: 259 seconds
[2025-10-05T03:05:04.947+0000] {docker.py:438} INFO - 
[2025-10-05T03:05:04.948+0000] {docker.py:438} INFO - ==================================================
[2025-10-05T03:05:04.948+0000] {docker.py:438} INFO - 🔄 Restart #4 at 2025-10-05 03:01:20
[2025-10-05T03:05:04.948+0000] {docker.py:438} INFO - ==================================================
[2025-10-05T03:05:04.948+0000] {docker.py:438} INFO - Hello world - terminate function started!
[2025-10-05T03:05:04.948+0000] {docker.py:438} INFO - Selecting pods with label_selector: app=post-storage-service
[2025-10-05T03:05:04.949+0000] {docker.py:438} INFO - Found 1 pods initially
[2025-10-05T03:05:04.949+0000] {docker.py:438} INFO - Random selection: 1 pods
[2025-10-05T03:05:04.949+0000] {docker.py:438} INFO - Deleting pod: post-storage-service-769cf6947d-tzl6b
[2025-10-05T03:05:04.950+0000] {docker.py:438} INFO - Deleted 1 pods: ['post-storage-service-769cf6947d-tzl6b']
[2025-10-05T03:05:04.950+0000] {docker.py:438} INFO - ✅ Successfully restarted pods: ['post-storage-service-769cf6947d-tzl6b']
[2025-10-05T03:05:04.950+0000] {docker.py:438} INFO - ⏳ Waiting 20 seconds until next restart...
[2025-10-05T03:05:04.951+0000] {docker.py:438} INFO - 📊 Time remaining: 238 seconds
[2025-10-05T03:05:04.951+0000] {docker.py:438} INFO - 
[2025-10-05T03:05:04.951+0000] {docker.py:438} INFO - ==================================================
[2025-10-05T03:05:04.951+0000] {docker.py:438} INFO - 🔄 Restart #5 at 2025-10-05 03:01:40
[2025-10-05T03:05:04.952+0000] {docker.py:438} INFO - ==================================================
[2025-10-05T03:05:04.952+0000] {docker.py:438} INFO - Hello world - terminate function started!
[2025-10-05T03:05:04.952+0000] {docker.py:438} INFO - Selecting pods with label_selector: app=post-storage-service
[2025-10-05T03:05:04.952+0000] {docker.py:438} INFO - Found 2 pods initially
[2025-10-05T03:05:04.953+0000] {docker.py:438} INFO - Random selection: 1 pods
[2025-10-05T03:05:04.953+0000] {docker.py:438} INFO - Deleting pod: post-storage-service-769cf6947d-tzl6b
[2025-10-05T03:05:04.953+0000] {docker.py:438} INFO - Deleted 1 pods: ['post-storage-service-769cf6947d-tzl6b']
[2025-10-05T03:05:04.954+0000] {docker.py:438} INFO - ✅ Successfully restarted pods: ['post-storage-service-769cf6947d-tzl6b']
[2025-10-05T03:05:04.954+0000] {docker.py:438} INFO - ⏳ Waiting 20 seconds until next restart...
[2025-10-05T03:05:04.954+0000] {docker.py:438} INFO - 📊 Time remaining: 218 seconds
[2025-10-05T03:05:04.955+0000] {docker.py:438} INFO - 
[2025-10-05T03:05:04.955+0000] {docker.py:438} INFO - ==================================================
[2025-10-05T03:05:04.955+0000] {docker.py:438} INFO - 🔄 Restart #6 at 2025-10-05 03:02:01
[2025-10-05T03:05:04.956+0000] {docker.py:438} INFO - ==================================================
[2025-10-05T03:05:04.956+0000] {docker.py:438} INFO - Hello world - terminate function started!
[2025-10-05T03:05:04.956+0000] {docker.py:438} INFO - Selecting pods with label_selector: app=post-storage-service
[2025-10-05T03:05:04.957+0000] {docker.py:438} INFO - Found 1 pods initially
[2025-10-05T03:05:04.957+0000] {docker.py:438} INFO - Random selection: 1 pods
[2025-10-05T03:05:04.957+0000] {docker.py:438} INFO - Deleting pod: post-storage-service-769cf6947d-mmtlk
[2025-10-05T03:05:04.957+0000] {docker.py:438} INFO - Deleted 1 pods: ['post-storage-service-769cf6947d-mmtlk']
[2025-10-05T03:05:04.958+0000] {docker.py:438} INFO - ✅ Successfully restarted pods: ['post-storage-service-769cf6947d-mmtlk']
[2025-10-05T03:05:04.958+0000] {docker.py:438} INFO - ⏳ Waiting 20 seconds until next restart...
[2025-10-05T03:05:04.958+0000] {docker.py:438} INFO - 📊 Time remaining: 198 seconds
[2025-10-05T03:05:04.959+0000] {docker.py:438} INFO - 
[2025-10-05T03:05:04.959+0000] {docker.py:438} INFO - ==================================================
[2025-10-05T03:05:04.959+0000] {docker.py:438} INFO - 🔄 Restart #7 at 2025-10-05 03:02:21
[2025-10-05T03:05:04.960+0000] {docker.py:438} INFO - ==================================================
[2025-10-05T03:05:04.960+0000] {docker.py:438} INFO - Hello world - terminate function started!
[2025-10-05T03:05:04.960+0000] {docker.py:438} INFO - Selecting pods with label_selector: app=post-storage-service
[2025-10-05T03:05:04.960+0000] {docker.py:438} INFO - Found 2 pods initially
[2025-10-05T03:05:04.961+0000] {docker.py:438} INFO - Random selection: 1 pods
[2025-10-05T03:05:04.961+0000] {docker.py:438} INFO - Deleting pod: post-storage-service-769cf6947d-mmtlk
[2025-10-05T03:05:04.961+0000] {docker.py:438} INFO - Deleted 1 pods: ['post-storage-service-769cf6947d-mmtlk']
[2025-10-05T03:05:04.961+0000] {docker.py:438} INFO - ✅ Successfully restarted pods: ['post-storage-service-769cf6947d-mmtlk']
[2025-10-05T03:05:04.962+0000] {docker.py:438} INFO - ⏳ Waiting 20 seconds until next restart...
[2025-10-05T03:05:04.962+0000] {docker.py:438} INFO - 📊 Time remaining: 177 seconds
[2025-10-05T03:05:04.962+0000] {docker.py:438} INFO - 
[2025-10-05T03:05:04.962+0000] {docker.py:438} INFO - ==================================================
[2025-10-05T03:05:04.963+0000] {docker.py:438} INFO - 🔄 Restart #8 at 2025-10-05 03:02:42
[2025-10-05T03:05:04.963+0000] {docker.py:438} INFO - ==================================================
[2025-10-05T03:05:04.963+0000] {docker.py:438} INFO - Hello world - terminate function started!
[2025-10-05T03:05:04.963+0000] {docker.py:438} INFO - Selecting pods with label_selector: app=post-storage-service
[2025-10-05T03:05:04.963+0000] {docker.py:438} INFO - Found 1 pods initially
[2025-10-05T03:05:04.964+0000] {docker.py:438} INFO - Random selection: 1 pods
[2025-10-05T03:05:04.964+0000] {docker.py:438} INFO - Deleting pod: post-storage-service-769cf6947d-8l6pw
[2025-10-05T03:05:04.964+0000] {docker.py:438} INFO - Deleted 1 pods: ['post-storage-service-769cf6947d-8l6pw']
[2025-10-05T03:05:04.964+0000] {docker.py:438} INFO - ✅ Successfully restarted pods: ['post-storage-service-769cf6947d-8l6pw']
[2025-10-05T03:05:04.964+0000] {docker.py:438} INFO - ⏳ Waiting 20 seconds until next restart...
[2025-10-05T03:05:04.965+0000] {docker.py:438} INFO - 📊 Time remaining: 157 seconds
[2025-10-05T03:05:04.965+0000] {docker.py:438} INFO - 
[2025-10-05T03:05:04.965+0000] {docker.py:438} INFO - ==================================================
[2025-10-05T03:05:04.965+0000] {docker.py:438} INFO - 🔄 Restart #9 at 2025-10-05 03:03:02
[2025-10-05T03:05:04.966+0000] {docker.py:438} INFO - ==================================================
[2025-10-05T03:05:04.966+0000] {docker.py:438} INFO - Hello world - terminate function started!
[2025-10-05T03:05:04.966+0000] {docker.py:438} INFO - Selecting pods with label_selector: app=post-storage-service
[2025-10-05T03:05:04.966+0000] {docker.py:438} INFO - Found 2 pods initially
[2025-10-05T03:05:04.966+0000] {docker.py:438} INFO - Random selection: 1 pods
[2025-10-05T03:05:04.966+0000] {docker.py:438} INFO - Deleting pod: post-storage-service-769cf6947d-ghvfb
[2025-10-05T03:05:04.967+0000] {docker.py:438} INFO - Deleted 1 pods: ['post-storage-service-769cf6947d-ghvfb']
[2025-10-05T03:05:04.967+0000] {docker.py:438} INFO - ✅ Successfully restarted pods: ['post-storage-service-769cf6947d-ghvfb']
[2025-10-05T03:05:04.967+0000] {docker.py:438} INFO - ⏳ Waiting 20 seconds until next restart...
[2025-10-05T03:05:04.967+0000] {docker.py:438} INFO - 📊 Time remaining: 136 seconds
[2025-10-05T03:05:04.967+0000] {docker.py:438} INFO - 
[2025-10-05T03:05:04.968+0000] {docker.py:438} INFO - ==================================================
[2025-10-05T03:05:04.968+0000] {docker.py:438} INFO - 🔄 Restart #10 at 2025-10-05 03:03:22
[2025-10-05T03:05:04.968+0000] {docker.py:438} INFO - ==================================================
[2025-10-05T03:05:04.968+0000] {docker.py:438} INFO - Hello world - terminate function started!
[2025-10-05T03:05:04.968+0000] {docker.py:438} INFO - Selecting pods with label_selector: app=post-storage-service
[2025-10-05T03:05:04.968+0000] {docker.py:438} INFO - Found 2 pods initially
[2025-10-05T03:05:04.969+0000] {docker.py:438} INFO - Random selection: 1 pods
[2025-10-05T03:05:04.969+0000] {docker.py:438} INFO - Deleting pod: post-storage-service-769cf6947d-ghvfb
[2025-10-05T03:05:04.969+0000] {docker.py:438} INFO - Deleted 1 pods: ['post-storage-service-769cf6947d-ghvfb']
[2025-10-05T03:05:04.969+0000] {docker.py:438} INFO - ✅ Successfully restarted pods: ['post-storage-service-769cf6947d-ghvfb']
[2025-10-05T03:05:04.970+0000] {docker.py:438} INFO - ⏳ Waiting 20 seconds until next restart...
[2025-10-05T03:05:04.970+0000] {docker.py:438} INFO - 📊 Time remaining: 116 seconds
[2025-10-05T03:05:04.970+0000] {docker.py:438} INFO - 
[2025-10-05T03:05:04.971+0000] {docker.py:438} INFO - ==================================================
[2025-10-05T03:05:04.971+0000] {docker.py:438} INFO - 🔄 Restart #11 at 2025-10-05 03:03:43
[2025-10-05T03:05:04.971+0000] {docker.py:438} INFO - ==================================================
[2025-10-05T03:05:04.972+0000] {docker.py:438} INFO - Hello world - terminate function started!
[2025-10-05T03:05:04.972+0000] {docker.py:438} INFO - Selecting pods with label_selector: app=post-storage-service
[2025-10-05T03:05:04.972+0000] {docker.py:438} INFO - Found 1 pods initially
[2025-10-05T03:05:04.972+0000] {docker.py:438} INFO - Random selection: 1 pods
[2025-10-05T03:05:04.973+0000] {docker.py:438} INFO - Deleting pod: post-storage-service-769cf6947d-b7kz6
[2025-10-05T03:05:04.973+0000] {docker.py:438} INFO - Deleted 1 pods: ['post-storage-service-769cf6947d-b7kz6']
[2025-10-05T03:05:04.973+0000] {docker.py:438} INFO - ✅ Successfully restarted pods: ['post-storage-service-769cf6947d-b7kz6']
[2025-10-05T03:05:04.973+0000] {docker.py:438} INFO - ⏳ Waiting 20 seconds until next restart...
[2025-10-05T03:05:04.974+0000] {docker.py:438} INFO - 📊 Time remaining: 95 seconds
[2025-10-05T03:05:04.974+0000] {docker.py:438} INFO - 
[2025-10-05T03:05:04.974+0000] {docker.py:438} INFO - ==================================================
[2025-10-05T03:05:04.974+0000] {docker.py:438} INFO - 🔄 Restart #12 at 2025-10-05 03:04:03
[2025-10-05T03:05:04.974+0000] {docker.py:438} INFO - ==================================================
[2025-10-05T03:05:04.975+0000] {docker.py:438} INFO - Hello world - terminate function started!
[2025-10-05T03:05:04.975+0000] {docker.py:438} INFO - Selecting pods with label_selector: app=post-storage-service
[2025-10-05T03:05:04.975+0000] {docker.py:438} INFO - Found 2 pods initially
[2025-10-05T03:05:04.975+0000] {docker.py:438} INFO - Random selection: 1 pods
[2025-10-05T03:05:04.975+0000] {docker.py:438} INFO - Deleting pod: post-storage-service-769cf6947d-b7kz6
[2025-10-05T03:05:04.976+0000] {docker.py:438} INFO - Deleted 1 pods: ['post-storage-service-769cf6947d-b7kz6']
[2025-10-05T03:05:04.976+0000] {docker.py:438} INFO - ✅ Successfully restarted pods: ['post-storage-service-769cf6947d-b7kz6']
[2025-10-05T03:05:04.976+0000] {docker.py:438} INFO - ⏳ Waiting 20 seconds until next restart...
[2025-10-05T03:05:04.977+0000] {docker.py:438} INFO - 📊 Time remaining: 75 seconds
[2025-10-05T03:05:04.977+0000] {docker.py:438} INFO - 
[2025-10-05T03:05:04.977+0000] {docker.py:438} INFO - ==================================================
[2025-10-05T03:05:04.978+0000] {docker.py:438} INFO - 🔄 Restart #13 at 2025-10-05 03:04:24
[2025-10-05T03:05:04.978+0000] {docker.py:438} INFO - ==================================================
[2025-10-05T03:05:04.978+0000] {docker.py:438} INFO - Hello world - terminate function started!
[2025-10-05T03:05:04.978+0000] {docker.py:438} INFO - Selecting pods with label_selector: app=post-storage-service
[2025-10-05T03:05:04.979+0000] {docker.py:438} INFO - Found 1 pods initially
[2025-10-05T03:05:04.979+0000] {docker.py:438} INFO - Random selection: 1 pods
[2025-10-05T03:05:04.979+0000] {docker.py:438} INFO - Deleting pod: post-storage-service-769cf6947d-qpzsq
[2025-10-05T03:05:04.980+0000] {docker.py:438} INFO - Deleted 1 pods: ['post-storage-service-769cf6947d-qpzsq']
[2025-10-05T03:05:04.980+0000] {docker.py:438} INFO - ✅ Successfully restarted pods: ['post-storage-service-769cf6947d-qpzsq']
[2025-10-05T03:05:04.980+0000] {docker.py:438} INFO - ⏳ Waiting 20 seconds until next restart...
[2025-10-05T03:05:04.980+0000] {docker.py:438} INFO - 📊 Time remaining: 55 seconds
[2025-10-05T03:05:04.981+0000] {docker.py:438} INFO - 
[2025-10-05T03:05:04.981+0000] {docker.py:438} INFO - ==================================================
[2025-10-05T03:05:04.981+0000] {docker.py:438} INFO - 🔄 Restart #14 at 2025-10-05 03:04:44
[2025-10-05T03:05:04.982+0000] {docker.py:438} INFO - ==================================================
[2025-10-05T03:05:04.982+0000] {docker.py:438} INFO - Hello world - terminate function started!
[2025-10-05T03:05:04.982+0000] {docker.py:438} INFO - Selecting pods with label_selector: app=post-storage-service
[2025-10-05T03:05:04.983+0000] {docker.py:438} INFO - Found 2 pods initially
[2025-10-05T03:05:04.983+0000] {docker.py:438} INFO - Random selection: 1 pods
[2025-10-05T03:05:04.983+0000] {docker.py:438} INFO - Deleting pod: post-storage-service-769cf6947d-qpzsq
[2025-10-05T03:05:04.984+0000] {docker.py:438} INFO - Deleted 1 pods: ['post-storage-service-769cf6947d-qpzsq']
[2025-10-05T03:05:04.984+0000] {docker.py:438} INFO - ✅ Successfully restarted pods: ['post-storage-service-769cf6947d-qpzsq']
[2025-10-05T03:05:04.984+0000] {docker.py:438} INFO - ⏳ Waiting 20 seconds until next restart...
[2025-10-05T03:05:04.984+0000] {docker.py:438} INFO - 📊 Time remaining: 34 seconds
[2025-10-05T03:05:04.985+0000] {docker.py:438} INFO - 
[2025-10-05T03:05:04.985+0000] {docker.py:438} INFO - ==================================================
[2025-10-05T03:05:04.985+0000] {docker.py:438} INFO - 🔄 Restart #15 at 2025-10-05 03:05:04
[2025-10-05T03:05:04.986+0000] {docker.py:438} INFO - ==================================================
[2025-10-05T03:05:04.986+0000] {docker.py:438} INFO - Hello world - terminate function started!
[2025-10-05T03:05:04.986+0000] {docker.py:438} INFO - Selecting pods with label_selector: app=post-storage-service
[2025-10-05T03:05:05.341+0000] {docker.py:438} INFO - [32m[2025-10-05 03:05:05 INFO] Let's rollback...
[2025-10-05T03:05:05.341+0000] {docker.py:438} INFO - [32m[2025-10-05 03:05:05 INFO] Rollback: uncordon-all-nodes
[2025-10-05T03:05:05.342+0000] {docker.py:438} INFO - [32m[2025-10-05 03:05:05 INFO] Action: uncordon-all-nodes
[2025-10-05T03:05:06.523+0000] {docker.py:438} INFO - [32m[2025-10-05 03:05:06 INFO] Experiment ended with status: completed
[2025-10-05T03:05:06.524+0000] {docker.py:438} INFO - Found 1 pods initially
[2025-10-05T03:05:06.524+0000] {docker.py:438} INFO - Random selection: 1 pods
[2025-10-05T03:05:06.525+0000] {docker.py:438} INFO - Deleting pod: post-storage-service-769cf6947d-sn5pt
[2025-10-05T03:05:06.525+0000] {docker.py:438} INFO - Deleted 1 pods: ['post-storage-service-769cf6947d-sn5pt']
[2025-10-05T03:05:06.525+0000] {docker.py:438} INFO - ✅ Successfully restarted pods: ['post-storage-service-769cf6947d-sn5pt']
[2025-10-05T03:05:06.526+0000] {docker.py:438} INFO - ⏰ Less than 20 seconds remaining, stopping experiment
[2025-10-05T03:05:06.526+0000] {docker.py:438} INFO - 
[2025-10-05T03:05:06.526+0000] {docker.py:438} INFO - ==================================================
[2025-10-05T03:05:06.527+0000] {docker.py:438} INFO - 🏁 Experiment Completed!
[2025-10-05T03:05:06.527+0000] {docker.py:438} INFO - ==================================================
[2025-10-05T03:05:06.527+0000] {docker.py:438} INFO - 📈 Total restarts performed: 15
[2025-10-05T03:05:06.528+0000] {docker.py:438} INFO - ⏱️  Total duration: 286 seconds
[2025-10-05T03:05:06.528+0000] {docker.py:438} INFO - 📊 Average interval: 19.1 seconds
[2025-10-05T03:05:06.794+0000] {taskinstance.py:340} INFO - ::group::Post task execution logs
[2025-10-05T03:05:06.795+0000] {taskinstance.py:352} INFO - Marking task as SUCCESS. dag_id=Cordon_Uncordon_Node, task_id=apply_cordon_uncordon_node, run_id=scheduled__2025-10-05T00:00:00+00:00, execution_date=20251005T000000, start_date=20251005T030001, end_date=20251005T030506
[2025-10-05T03:05:06.852+0000] {local_task_job_runner.py:266} INFO - Task exited with return code 0
[2025-10-05T03:05:06.866+0000] {taskinstance.py:3900} INFO - 0 downstream tasks scheduled from follow-on schedule check
[2025-10-05T03:05:06.868+0000] {local_task_job_runner.py:245} INFO - ::endgroup::
