[2025-10-06T09:00:01.920+0000] {local_task_job_runner.py:123} INFO - ::group::Pre task execution logs
[2025-10-06T09:00:01.946+0000] {taskinstance.py:2612} INFO - Dependencies all met for dep_context=non-requeueable deps ti=<TaskInstance: Cordon_Uncordon_Node.apply_cordon_uncordon_node scheduled__2025-10-06T06:00:00+00:00 [queued]>
[2025-10-06T09:00:01.965+0000] {taskinstance.py:2612} INFO - Dependencies all met for dep_context=requeueable deps ti=<TaskInstance: Cordon_Uncordon_Node.apply_cordon_uncordon_node scheduled__2025-10-06T06:00:00+00:00 [queued]>
[2025-10-06T09:00:01.965+0000] {taskinstance.py:2865} INFO - Starting attempt 1 of 1
[2025-10-06T09:00:01.989+0000] {taskinstance.py:2888} INFO - Executing <Task(DockerOperator): apply_cordon_uncordon_node> on 2025-10-06 06:00:00+00:00
[2025-10-06T09:00:01.998+0000] {standard_task_runner.py:72} INFO - Started process 1230 to run task
[2025-10-06T09:00:02.007+0000] {standard_task_runner.py:104} INFO - Running: ['***', 'tasks', 'run', 'Cordon_Uncordon_Node', 'apply_cordon_uncordon_node', 'scheduled__2025-10-06T06:00:00+00:00', '--job-id', '411', '--raw', '--subdir', 'DAGS_FOLDER/dag_factory.py', '--cfg-path', '/tmp/tmp0vkh8s4o']
[2025-10-06T09:00:02.009+0000] {standard_task_runner.py:105} INFO - Job 411: Subtask apply_cordon_uncordon_node
[2025-10-06T09:00:02.083+0000] {task_command.py:467} INFO - Running <TaskInstance: Cordon_Uncordon_Node.apply_cordon_uncordon_node scheduled__2025-10-06T06:00:00+00:00 [running]> on host workflow.y2twbfvcjkaujnl2bmtbxunhcb.cx.internal.cloudapp.net
[2025-10-06T09:00:02.282+0000] {taskinstance.py:3131} INFO - Exporting env vars: AIRFLOW_CTX_DAG_OWNER='***' AIRFLOW_CTX_DAG_ID='Cordon_Uncordon_Node' AIRFLOW_CTX_TASK_ID='apply_cordon_uncordon_node' AIRFLOW_CTX_EXECUTION_DATE='2025-10-06T06:00:00+00:00' AIRFLOW_CTX_TRY_NUMBER='1' AIRFLOW_CTX_DAG_RUN_ID='scheduled__2025-10-06T06:00:00+00:00'
[2025-10-06T09:00:02.284+0000] {taskinstance.py:731} INFO - ::endgroup::
[2025-10-06T09:00:02.403+0000] {docker.py:367} INFO - Starting docker container from image ***_chaos:latest
[2025-10-06T09:00:02.939+0000] {docker.py:438} INFO - The container is run as root user. For security, consider using a regular user account.
[2025-10-06T09:00:22.285+0000] {docker.py:438} INFO - 
[2025-10-06T09:00:23.319+0000] {docker.py:438} INFO - [32m[2025-10-06 09:00:23 INFO] Validating the experiment's syntax
[2025-10-06T09:00:23.986+0000] {docker.py:438} INFO - [32m[2025-10-06 09:00:23 INFO] Experiment looks valid
[2025-10-06T09:00:23.987+0000] {docker.py:438} INFO - [32m[2025-10-06 09:00:23 INFO] Running experiment: Cordon-Pod Restart Combined Experiment
[2025-10-06T09:00:23.990+0000] {docker.py:438} INFO - [32m[2025-10-06 09:00:23 INFO] Steady-state strategy: default
[2025-10-06T09:00:23.991+0000] {docker.py:438} INFO - [32m[2025-10-06 09:00:23 INFO] Rollbacks strategy: default
[2025-10-06T09:00:23.992+0000] {docker.py:438} INFO - [32m[2025-10-06 09:00:23 INFO] No steady state hypothesis defined. That's ok, just exploring.
[2025-10-06T09:00:23.993+0000] {docker.py:438} INFO - [32m[2025-10-06 09:00:23 INFO] Playing your experiment's method now...
[2025-10-06T09:00:23.994+0000] {docker.py:438} INFO - [32m[2025-10-06 09:00:23 INFO] Action: cordon-nodes
[2025-10-06T09:00:25.075+0000] {docker.py:438} INFO - [32m[2025-10-06 09:00:25 INFO] Action: continuous-pod-restart-during-cordon
[2025-10-06T09:05:10.955+0000] {docker.py:438} INFO - 🚀 Starting continuous pod restart experiment
[2025-10-06T09:05:10.956+0000] {docker.py:438} INFO - 📅 Interval: 20 seconds
[2025-10-06T09:05:10.956+0000] {docker.py:438} INFO - ⏱️  Duration: 300 seconds
[2025-10-06T09:05:10.956+0000] {docker.py:438} INFO - 🎯 Target: app=post-storage-service
[2025-10-06T09:05:10.956+0000] {docker.py:438} INFO - 📍 Namespace: default
[2025-10-06T09:05:10.957+0000] {docker.py:438} INFO - 
[2025-10-06T09:05:10.957+0000] {docker.py:438} INFO - ==================================================
[2025-10-06T09:05:10.957+0000] {docker.py:438} INFO - 🔄 Restart #1 at 2025-10-06 09:00:25
[2025-10-06T09:05:10.957+0000] {docker.py:438} INFO - ==================================================
[2025-10-06T09:05:10.957+0000] {docker.py:438} INFO - Hello world - terminate function started!
[2025-10-06T09:05:10.958+0000] {docker.py:438} INFO - Selecting pods with label_selector: app=post-storage-service
[2025-10-06T09:05:10.958+0000] {docker.py:438} INFO - Found 1 pods initially
[2025-10-06T09:05:10.958+0000] {docker.py:438} INFO - Random selection: 1 pods
[2025-10-06T09:05:10.958+0000] {docker.py:438} INFO - Deleting pod: post-storage-service-769cf6947d-zk6t4
[2025-10-06T09:05:10.958+0000] {docker.py:438} INFO - Deleted 1 pods: ['post-storage-service-769cf6947d-zk6t4']
[2025-10-06T09:05:10.959+0000] {docker.py:438} INFO - ✅ Successfully restarted pods: ['post-storage-service-769cf6947d-zk6t4']
[2025-10-06T09:05:10.959+0000] {docker.py:438} INFO - ⏳ Waiting 20 seconds until next restart...
[2025-10-06T09:05:10.959+0000] {docker.py:438} INFO - 📊 Time remaining: 300 seconds
[2025-10-06T09:05:10.959+0000] {docker.py:438} INFO - 
[2025-10-06T09:05:10.959+0000] {docker.py:438} INFO - ==================================================
[2025-10-06T09:05:10.960+0000] {docker.py:438} INFO - 🔄 Restart #2 at 2025-10-06 09:00:45
[2025-10-06T09:05:10.960+0000] {docker.py:438} INFO - ==================================================
[2025-10-06T09:05:10.960+0000] {docker.py:438} INFO - Hello world - terminate function started!
[2025-10-06T09:05:10.961+0000] {docker.py:438} INFO - Selecting pods with label_selector: app=post-storage-service
[2025-10-06T09:05:10.961+0000] {docker.py:438} INFO - Found 2 pods initially
[2025-10-06T09:05:10.961+0000] {docker.py:438} INFO - Random selection: 1 pods
[2025-10-06T09:05:10.961+0000] {docker.py:438} INFO - Deleting pod: post-storage-service-769cf6947d-kcr7j
[2025-10-06T09:05:10.962+0000] {docker.py:438} INFO - Deleted 1 pods: ['post-storage-service-769cf6947d-kcr7j']
[2025-10-06T09:05:10.962+0000] {docker.py:438} INFO - ✅ Successfully restarted pods: ['post-storage-service-769cf6947d-kcr7j']
[2025-10-06T09:05:10.962+0000] {docker.py:438} INFO - ⏳ Waiting 20 seconds until next restart...
[2025-10-06T09:05:10.962+0000] {docker.py:438} INFO - 📊 Time remaining: 279 seconds
[2025-10-06T09:05:10.962+0000] {docker.py:438} INFO - 
[2025-10-06T09:05:10.963+0000] {docker.py:438} INFO - ==================================================
[2025-10-06T09:05:10.963+0000] {docker.py:438} INFO - 🔄 Restart #3 at 2025-10-06 09:01:05
[2025-10-06T09:05:10.963+0000] {docker.py:438} INFO - ==================================================
[2025-10-06T09:05:10.963+0000] {docker.py:438} INFO - Hello world - terminate function started!
[2025-10-06T09:05:10.963+0000] {docker.py:438} INFO - Selecting pods with label_selector: app=post-storage-service
[2025-10-06T09:05:10.964+0000] {docker.py:438} INFO - Found 2 pods initially
[2025-10-06T09:05:10.964+0000] {docker.py:438} INFO - Random selection: 1 pods
[2025-10-06T09:05:10.965+0000] {docker.py:438} INFO - Deleting pod: post-storage-service-769cf6947d-kcr7j
[2025-10-06T09:05:10.965+0000] {docker.py:438} INFO - Deleted 1 pods: ['post-storage-service-769cf6947d-kcr7j']
[2025-10-06T09:05:10.965+0000] {docker.py:438} INFO - ✅ Successfully restarted pods: ['post-storage-service-769cf6947d-kcr7j']
[2025-10-06T09:05:10.965+0000] {docker.py:438} INFO - ⏳ Waiting 20 seconds until next restart...
[2025-10-06T09:05:10.965+0000] {docker.py:438} INFO - 📊 Time remaining: 259 seconds
[2025-10-06T09:05:10.966+0000] {docker.py:438} INFO - 
[2025-10-06T09:05:10.966+0000] {docker.py:438} INFO - ==================================================
[2025-10-06T09:05:10.966+0000] {docker.py:438} INFO - 🔄 Restart #4 at 2025-10-06 09:01:26
[2025-10-06T09:05:10.966+0000] {docker.py:438} INFO - ==================================================
[2025-10-06T09:05:10.966+0000] {docker.py:438} INFO - Hello world - terminate function started!
[2025-10-06T09:05:10.967+0000] {docker.py:438} INFO - Selecting pods with label_selector: app=post-storage-service
[2025-10-06T09:05:10.967+0000] {docker.py:438} INFO - Found 1 pods initially
[2025-10-06T09:05:10.967+0000] {docker.py:438} INFO - Random selection: 1 pods
[2025-10-06T09:05:10.967+0000] {docker.py:438} INFO - Deleting pod: post-storage-service-769cf6947d-x8967
[2025-10-06T09:05:10.968+0000] {docker.py:438} INFO - Deleted 1 pods: ['post-storage-service-769cf6947d-x8967']
[2025-10-06T09:05:10.968+0000] {docker.py:438} INFO - ✅ Successfully restarted pods: ['post-storage-service-769cf6947d-x8967']
[2025-10-06T09:05:10.968+0000] {docker.py:438} INFO - ⏳ Waiting 20 seconds until next restart...
[2025-10-06T09:05:10.968+0000] {docker.py:438} INFO - 📊 Time remaining: 238 seconds
[2025-10-06T09:05:10.968+0000] {docker.py:438} INFO - 
[2025-10-06T09:05:10.969+0000] {docker.py:438} INFO - ==================================================
[2025-10-06T09:05:10.969+0000] {docker.py:438} INFO - 🔄 Restart #5 at 2025-10-06 09:01:46
[2025-10-06T09:05:10.969+0000] {docker.py:438} INFO - ==================================================
[2025-10-06T09:05:10.969+0000] {docker.py:438} INFO - Hello world - terminate function started!
[2025-10-06T09:05:10.969+0000] {docker.py:438} INFO - Selecting pods with label_selector: app=post-storage-service
[2025-10-06T09:05:10.970+0000] {docker.py:438} INFO - Found 2 pods initially
[2025-10-06T09:05:10.970+0000] {docker.py:438} INFO - Random selection: 1 pods
[2025-10-06T09:05:10.970+0000] {docker.py:438} INFO - Deleting pod: post-storage-service-769cf6947d-x8967
[2025-10-06T09:05:10.970+0000] {docker.py:438} INFO - Deleted 1 pods: ['post-storage-service-769cf6947d-x8967']
[2025-10-06T09:05:10.971+0000] {docker.py:438} INFO - ✅ Successfully restarted pods: ['post-storage-service-769cf6947d-x8967']
[2025-10-06T09:05:10.971+0000] {docker.py:438} INFO - ⏳ Waiting 20 seconds until next restart...
[2025-10-06T09:05:10.971+0000] {docker.py:438} INFO - 📊 Time remaining: 218 seconds
[2025-10-06T09:05:10.971+0000] {docker.py:438} INFO - 
[2025-10-06T09:05:10.971+0000] {docker.py:438} INFO - ==================================================
[2025-10-06T09:05:10.972+0000] {docker.py:438} INFO - 🔄 Restart #6 at 2025-10-06 09:02:07
[2025-10-06T09:05:10.972+0000] {docker.py:438} INFO - ==================================================
[2025-10-06T09:05:10.972+0000] {docker.py:438} INFO - Hello world - terminate function started!
[2025-10-06T09:05:10.972+0000] {docker.py:438} INFO - Selecting pods with label_selector: app=post-storage-service
[2025-10-06T09:05:10.972+0000] {docker.py:438} INFO - Found 1 pods initially
[2025-10-06T09:05:10.973+0000] {docker.py:438} INFO - Random selection: 1 pods
[2025-10-06T09:05:10.973+0000] {docker.py:438} INFO - Deleting pod: post-storage-service-769cf6947d-7p92m
[2025-10-06T09:05:10.973+0000] {docker.py:438} INFO - Deleted 1 pods: ['post-storage-service-769cf6947d-7p92m']
[2025-10-06T09:05:10.973+0000] {docker.py:438} INFO - ✅ Successfully restarted pods: ['post-storage-service-769cf6947d-7p92m']
[2025-10-06T09:05:10.973+0000] {docker.py:438} INFO - ⏳ Waiting 20 seconds until next restart...
[2025-10-06T09:05:10.974+0000] {docker.py:438} INFO - 📊 Time remaining: 198 seconds
[2025-10-06T09:05:10.974+0000] {docker.py:438} INFO - 
[2025-10-06T09:05:10.974+0000] {docker.py:438} INFO - ==================================================
[2025-10-06T09:05:10.974+0000] {docker.py:438} INFO - 🔄 Restart #7 at 2025-10-06 09:02:27
[2025-10-06T09:05:10.974+0000] {docker.py:438} INFO - ==================================================
[2025-10-06T09:05:10.974+0000] {docker.py:438} INFO - Hello world - terminate function started!
[2025-10-06T09:05:10.975+0000] {docker.py:438} INFO - Selecting pods with label_selector: app=post-storage-service
[2025-10-06T09:05:10.975+0000] {docker.py:438} INFO - Found 2 pods initially
[2025-10-06T09:05:10.975+0000] {docker.py:438} INFO - Random selection: 1 pods
[2025-10-06T09:05:10.975+0000] {docker.py:438} INFO - Deleting pod: post-storage-service-769cf6947d-7p92m
[2025-10-06T09:05:10.975+0000] {docker.py:438} INFO - Deleted 1 pods: ['post-storage-service-769cf6947d-7p92m']
[2025-10-06T09:05:10.976+0000] {docker.py:438} INFO - ✅ Successfully restarted pods: ['post-storage-service-769cf6947d-7p92m']
[2025-10-06T09:05:10.976+0000] {docker.py:438} INFO - ⏳ Waiting 20 seconds until next restart...
[2025-10-06T09:05:10.976+0000] {docker.py:438} INFO - 📊 Time remaining: 177 seconds
[2025-10-06T09:05:10.976+0000] {docker.py:438} INFO - 
[2025-10-06T09:05:10.976+0000] {docker.py:438} INFO - ==================================================
[2025-10-06T09:05:10.977+0000] {docker.py:438} INFO - 🔄 Restart #8 at 2025-10-06 09:02:47
[2025-10-06T09:05:10.977+0000] {docker.py:438} INFO - ==================================================
[2025-10-06T09:05:10.977+0000] {docker.py:438} INFO - Hello world - terminate function started!
[2025-10-06T09:05:10.977+0000] {docker.py:438} INFO - Selecting pods with label_selector: app=post-storage-service
[2025-10-06T09:05:10.978+0000] {docker.py:438} INFO - Found 1 pods initially
[2025-10-06T09:05:10.978+0000] {docker.py:438} INFO - Random selection: 1 pods
[2025-10-06T09:05:10.978+0000] {docker.py:438} INFO - Deleting pod: post-storage-service-769cf6947d-z2zgh
[2025-10-06T09:05:10.978+0000] {docker.py:438} INFO - Deleted 1 pods: ['post-storage-service-769cf6947d-z2zgh']
[2025-10-06T09:05:10.978+0000] {docker.py:438} INFO - ✅ Successfully restarted pods: ['post-storage-service-769cf6947d-z2zgh']
[2025-10-06T09:05:10.978+0000] {docker.py:438} INFO - ⏳ Waiting 20 seconds until next restart...
[2025-10-06T09:05:10.979+0000] {docker.py:438} INFO - 📊 Time remaining: 157 seconds
[2025-10-06T09:05:10.979+0000] {docker.py:438} INFO - 
[2025-10-06T09:05:10.979+0000] {docker.py:438} INFO - ==================================================
[2025-10-06T09:05:10.980+0000] {docker.py:438} INFO - 🔄 Restart #9 at 2025-10-06 09:03:08
[2025-10-06T09:05:10.980+0000] {docker.py:438} INFO - ==================================================
[2025-10-06T09:05:10.980+0000] {docker.py:438} INFO - Hello world - terminate function started!
[2025-10-06T09:05:10.981+0000] {docker.py:438} INFO - Selecting pods with label_selector: app=post-storage-service
[2025-10-06T09:05:10.981+0000] {docker.py:438} INFO - Found 2 pods initially
[2025-10-06T09:05:10.981+0000] {docker.py:438} INFO - Random selection: 1 pods
[2025-10-06T09:05:10.982+0000] {docker.py:438} INFO - Deleting pod: post-storage-service-769cf6947d-z2zgh
[2025-10-06T09:05:10.982+0000] {docker.py:438} INFO - Deleted 1 pods: ['post-storage-service-769cf6947d-z2zgh']
[2025-10-06T09:05:10.982+0000] {docker.py:438} INFO - ✅ Successfully restarted pods: ['post-storage-service-769cf6947d-z2zgh']
[2025-10-06T09:05:10.983+0000] {docker.py:438} INFO - ⏳ Waiting 20 seconds until next restart...
[2025-10-06T09:05:10.983+0000] {docker.py:438} INFO - 📊 Time remaining: 136 seconds
[2025-10-06T09:05:10.984+0000] {docker.py:438} INFO - 
[2025-10-06T09:05:10.984+0000] {docker.py:438} INFO - ==================================================
[2025-10-06T09:05:10.985+0000] {docker.py:438} INFO - 🔄 Restart #10 at 2025-10-06 09:03:28
[2025-10-06T09:05:10.985+0000] {docker.py:438} INFO - ==================================================
[2025-10-06T09:05:10.986+0000] {docker.py:438} INFO - Hello world - terminate function started!
[2025-10-06T09:05:10.986+0000] {docker.py:438} INFO - Selecting pods with label_selector: app=post-storage-service
[2025-10-06T09:05:10.987+0000] {docker.py:438} INFO - Found 1 pods initially
[2025-10-06T09:05:10.987+0000] {docker.py:438} INFO - Random selection: 1 pods
[2025-10-06T09:05:10.988+0000] {docker.py:438} INFO - Deleting pod: post-storage-service-769cf6947d-zv85n
[2025-10-06T09:05:10.988+0000] {docker.py:438} INFO - Deleted 1 pods: ['post-storage-service-769cf6947d-zv85n']
[2025-10-06T09:05:10.988+0000] {docker.py:438} INFO - ✅ Successfully restarted pods: ['post-storage-service-769cf6947d-zv85n']
[2025-10-06T09:05:10.988+0000] {docker.py:438} INFO - ⏳ Waiting 20 seconds until next restart...
[2025-10-06T09:05:10.988+0000] {docker.py:438} INFO - 📊 Time remaining: 116 seconds
[2025-10-06T09:05:10.989+0000] {docker.py:438} INFO - 
[2025-10-06T09:05:10.989+0000] {docker.py:438} INFO - ==================================================
[2025-10-06T09:05:10.989+0000] {docker.py:438} INFO - 🔄 Restart #11 at 2025-10-06 09:03:49
[2025-10-06T09:05:10.989+0000] {docker.py:438} INFO - ==================================================
[2025-10-06T09:05:10.989+0000] {docker.py:438} INFO - Hello world - terminate function started!
[2025-10-06T09:05:10.990+0000] {docker.py:438} INFO - Selecting pods with label_selector: app=post-storage-service
[2025-10-06T09:05:10.990+0000] {docker.py:438} INFO - Found 2 pods initially
[2025-10-06T09:05:10.990+0000] {docker.py:438} INFO - Random selection: 1 pods
[2025-10-06T09:05:10.990+0000] {docker.py:438} INFO - Deleting pod: post-storage-service-769cf6947d-zv85n
[2025-10-06T09:05:10.990+0000] {docker.py:438} INFO - Deleted 1 pods: ['post-storage-service-769cf6947d-zv85n']
[2025-10-06T09:05:10.991+0000] {docker.py:438} INFO - ✅ Successfully restarted pods: ['post-storage-service-769cf6947d-zv85n']
[2025-10-06T09:05:10.991+0000] {docker.py:438} INFO - ⏳ Waiting 20 seconds until next restart...
[2025-10-06T09:05:10.991+0000] {docker.py:438} INFO - 📊 Time remaining: 95 seconds
[2025-10-06T09:05:10.991+0000] {docker.py:438} INFO - 
[2025-10-06T09:05:10.991+0000] {docker.py:438} INFO - ==================================================
[2025-10-06T09:05:10.992+0000] {docker.py:438} INFO - 🔄 Restart #12 at 2025-10-06 09:04:09
[2025-10-06T09:05:10.992+0000] {docker.py:438} INFO - ==================================================
[2025-10-06T09:05:10.992+0000] {docker.py:438} INFO - Hello world - terminate function started!
[2025-10-06T09:05:10.992+0000] {docker.py:438} INFO - Selecting pods with label_selector: app=post-storage-service
[2025-10-06T09:05:10.992+0000] {docker.py:438} INFO - Found 1 pods initially
[2025-10-06T09:05:10.993+0000] {docker.py:438} INFO - Random selection: 1 pods
[2025-10-06T09:05:10.993+0000] {docker.py:438} INFO - Deleting pod: post-storage-service-769cf6947d-gb9zg
[2025-10-06T09:05:10.993+0000] {docker.py:438} INFO - Deleted 1 pods: ['post-storage-service-769cf6947d-gb9zg']
[2025-10-06T09:05:10.993+0000] {docker.py:438} INFO - ✅ Successfully restarted pods: ['post-storage-service-769cf6947d-gb9zg']
[2025-10-06T09:05:10.993+0000] {docker.py:438} INFO - ⏳ Waiting 20 seconds until next restart...
[2025-10-06T09:05:10.993+0000] {docker.py:438} INFO - 📊 Time remaining: 75 seconds
[2025-10-06T09:05:10.994+0000] {docker.py:438} INFO - 
[2025-10-06T09:05:10.994+0000] {docker.py:438} INFO - ==================================================
[2025-10-06T09:05:10.994+0000] {docker.py:438} INFO - 🔄 Restart #13 at 2025-10-06 09:04:30
[2025-10-06T09:05:10.994+0000] {docker.py:438} INFO - ==================================================
[2025-10-06T09:05:10.994+0000] {docker.py:438} INFO - Hello world - terminate function started!
[2025-10-06T09:05:10.995+0000] {docker.py:438} INFO - Selecting pods with label_selector: app=post-storage-service
[2025-10-06T09:05:10.995+0000] {docker.py:438} INFO - Found 2 pods initially
[2025-10-06T09:05:10.995+0000] {docker.py:438} INFO - Random selection: 1 pods
[2025-10-06T09:05:10.995+0000] {docker.py:438} INFO - Deleting pod: post-storage-service-769cf6947d-gb9zg
[2025-10-06T09:05:10.995+0000] {docker.py:438} INFO - Deleted 1 pods: ['post-storage-service-769cf6947d-gb9zg']
[2025-10-06T09:05:10.995+0000] {docker.py:438} INFO - ✅ Successfully restarted pods: ['post-storage-service-769cf6947d-gb9zg']
[2025-10-06T09:05:10.996+0000] {docker.py:438} INFO - ⏳ Waiting 20 seconds until next restart...
[2025-10-06T09:05:10.996+0000] {docker.py:438} INFO - 📊 Time remaining: 55 seconds
[2025-10-06T09:05:10.996+0000] {docker.py:438} INFO - 
[2025-10-06T09:05:10.996+0000] {docker.py:438} INFO - ==================================================
[2025-10-06T09:05:10.997+0000] {docker.py:438} INFO - 🔄 Restart #14 at 2025-10-06 09:04:50
[2025-10-06T09:05:10.997+0000] {docker.py:438} INFO - ==================================================
[2025-10-06T09:05:10.997+0000] {docker.py:438} INFO - Hello world - terminate function started!
[2025-10-06T09:05:10.997+0000] {docker.py:438} INFO - Selecting pods with label_selector: app=post-storage-service
[2025-10-06T09:05:10.997+0000] {docker.py:438} INFO - Found 1 pods initially
[2025-10-06T09:05:10.998+0000] {docker.py:438} INFO - Random selection: 1 pods
[2025-10-06T09:05:10.998+0000] {docker.py:438} INFO - Deleting pod: post-storage-service-769cf6947d-q7l8l
[2025-10-06T09:05:10.998+0000] {docker.py:438} INFO - Deleted 1 pods: ['post-storage-service-769cf6947d-q7l8l']
[2025-10-06T09:05:10.998+0000] {docker.py:438} INFO - ✅ Successfully restarted pods: ['post-storage-service-769cf6947d-q7l8l']
[2025-10-06T09:05:10.998+0000] {docker.py:438} INFO - ⏳ Waiting 20 seconds until next restart...
[2025-10-06T09:05:10.999+0000] {docker.py:438} INFO - 📊 Time remaining: 34 seconds
[2025-10-06T09:05:10.999+0000] {docker.py:438} INFO - 
[2025-10-06T09:05:10.999+0000] {docker.py:438} INFO - ==================================================
[2025-10-06T09:05:10.999+0000] {docker.py:438} INFO - 🔄 Restart #15 at 2025-10-06 09:05:10
[2025-10-06T09:05:10.999+0000] {docker.py:438} INFO - ==================================================
[2025-10-06T09:05:10.999+0000] {docker.py:438} INFO - Hello world - terminate function started!
[2025-10-06T09:05:11.000+0000] {docker.py:438} INFO - Selecting pods with label_selector: app=post-storage-service
[2025-10-06T09:05:11.388+0000] {docker.py:438} INFO - [32m[2025-10-06 09:05:11 INFO] Let's rollback...
[2025-10-06T09:05:11.389+0000] {docker.py:438} INFO - [32m[2025-10-06 09:05:11 INFO] Rollback: uncordon-all-nodes
[2025-10-06T09:05:11.391+0000] {docker.py:438} INFO - [32m[2025-10-06 09:05:11 INFO] Action: uncordon-all-nodes
[2025-10-06T09:05:12.364+0000] {docker.py:438} INFO - [32m[2025-10-06 09:05:12 INFO] Experiment ended with status: completed
[2025-10-06T09:05:12.365+0000] {docker.py:438} INFO - Found 2 pods initially
[2025-10-06T09:05:12.365+0000] {docker.py:438} INFO - Random selection: 1 pods
[2025-10-06T09:05:12.366+0000] {docker.py:438} INFO - Deleting pod: post-storage-service-769cf6947d-q7l8l
[2025-10-06T09:05:12.366+0000] {docker.py:438} INFO - Deleted 1 pods: ['post-storage-service-769cf6947d-q7l8l']
[2025-10-06T09:05:12.366+0000] {docker.py:438} INFO - ✅ Successfully restarted pods: ['post-storage-service-769cf6947d-q7l8l']
[2025-10-06T09:05:12.367+0000] {docker.py:438} INFO - ⏰ Less than 20 seconds remaining, stopping experiment
[2025-10-06T09:05:12.367+0000] {docker.py:438} INFO - 
[2025-10-06T09:05:12.368+0000] {docker.py:438} INFO - ==================================================
[2025-10-06T09:05:12.368+0000] {docker.py:438} INFO - 🏁 Experiment Completed!
[2025-10-06T09:05:12.369+0000] {docker.py:438} INFO - ==================================================
[2025-10-06T09:05:12.369+0000] {docker.py:438} INFO - 📈 Total restarts performed: 15
[2025-10-06T09:05:12.369+0000] {docker.py:438} INFO - ⏱️  Total duration: 286 seconds
[2025-10-06T09:05:12.370+0000] {docker.py:438} INFO - 📊 Average interval: 19.1 seconds
[2025-10-06T09:05:12.639+0000] {taskinstance.py:340} INFO - ::group::Post task execution logs
[2025-10-06T09:05:12.639+0000] {taskinstance.py:352} INFO - Marking task as SUCCESS. dag_id=Cordon_Uncordon_Node, task_id=apply_cordon_uncordon_node, run_id=scheduled__2025-10-06T06:00:00+00:00, execution_date=20251006T060000, start_date=20251006T090001, end_date=20251006T090512
[2025-10-06T09:05:12.675+0000] {local_task_job_runner.py:266} INFO - Task exited with return code 0
[2025-10-06T09:05:12.691+0000] {taskinstance.py:3900} INFO - 0 downstream tasks scheduled from follow-on schedule check
[2025-10-06T09:05:12.693+0000] {local_task_job_runner.py:245} INFO - ::endgroup::
