[2025-10-06T03:00:02.132+0000] {local_task_job_runner.py:123} INFO - ::group::Pre task execution logs
[2025-10-06T03:00:02.162+0000] {taskinstance.py:2612} INFO - Dependencies all met for dep_context=non-requeueable deps ti=<TaskInstance: Cordon_Uncordon_Node.apply_cordon_uncordon_node scheduled__2025-10-06T00:00:00+00:00 [queued]>
[2025-10-06T03:00:02.174+0000] {taskinstance.py:2612} INFO - Dependencies all met for dep_context=requeueable deps ti=<TaskInstance: Cordon_Uncordon_Node.apply_cordon_uncordon_node scheduled__2025-10-06T00:00:00+00:00 [queued]>
[2025-10-06T03:00:02.174+0000] {taskinstance.py:2865} INFO - Starting attempt 1 of 1
[2025-10-06T03:00:02.203+0000] {taskinstance.py:2888} INFO - Executing <Task(DockerOperator): apply_cordon_uncordon_node> on 2025-10-06 00:00:00+00:00
[2025-10-06T03:00:02.212+0000] {standard_task_runner.py:72} INFO - Started process 1146 to run task
[2025-10-06T03:00:02.224+0000] {standard_task_runner.py:104} INFO - Running: ['***', 'tasks', 'run', 'Cordon_Uncordon_Node', 'apply_cordon_uncordon_node', 'scheduled__2025-10-06T00:00:00+00:00', '--job-id', '383', '--raw', '--subdir', 'DAGS_FOLDER/dag_factory.py', '--cfg-path', '/tmp/tmpwh82e_1c']
[2025-10-06T03:00:02.226+0000] {standard_task_runner.py:105} INFO - Job 383: Subtask apply_cordon_uncordon_node
[2025-10-06T03:00:02.327+0000] {task_command.py:467} INFO - Running <TaskInstance: Cordon_Uncordon_Node.apply_cordon_uncordon_node scheduled__2025-10-06T00:00:00+00:00 [running]> on host workflow.y2twbfvcjkaujnl2bmtbxunhcb.cx.internal.cloudapp.net
[2025-10-06T03:00:02.485+0000] {taskinstance.py:3131} INFO - Exporting env vars: AIRFLOW_CTX_DAG_OWNER='***' AIRFLOW_CTX_DAG_ID='Cordon_Uncordon_Node' AIRFLOW_CTX_TASK_ID='apply_cordon_uncordon_node' AIRFLOW_CTX_EXECUTION_DATE='2025-10-06T00:00:00+00:00' AIRFLOW_CTX_TRY_NUMBER='1' AIRFLOW_CTX_DAG_RUN_ID='scheduled__2025-10-06T00:00:00+00:00'
[2025-10-06T03:00:02.488+0000] {taskinstance.py:731} INFO - ::endgroup::
[2025-10-06T03:00:02.565+0000] {docker.py:367} INFO - Starting docker container from image ***_chaos:latest
[2025-10-06T03:00:03.163+0000] {docker.py:438} INFO - The container is run as root user. For security, consider using a regular user account.
[2025-10-06T03:00:23.167+0000] {docker.py:438} INFO - 
[2025-10-06T03:00:24.306+0000] {docker.py:438} INFO - [32m[2025-10-06 03:00:24 INFO] Validating the experiment's syntax
[2025-10-06T03:00:24.878+0000] {docker.py:438} INFO - [32m[2025-10-06 03:00:24 INFO] Experiment looks valid
[2025-10-06T03:00:24.880+0000] {docker.py:438} INFO - [32m[2025-10-06 03:00:24 INFO] Running experiment: Cordon-Pod Restart Combined Experiment
[2025-10-06T03:00:24.884+0000] {docker.py:438} INFO - [32m[2025-10-06 03:00:24 INFO] Steady-state strategy: default
[2025-10-06T03:00:24.884+0000] {docker.py:438} INFO - [32m[2025-10-06 03:00:24 INFO] Rollbacks strategy: default
[2025-10-06T03:00:24.885+0000] {docker.py:438} INFO - [32m[2025-10-06 03:00:24 INFO] No steady state hypothesis defined. That's ok, just exploring.
[2025-10-06T03:00:24.885+0000] {docker.py:438} INFO - [32m[2025-10-06 03:00:24 INFO] Playing your experiment's method now...
[2025-10-06T03:00:24.887+0000] {docker.py:438} INFO - [32m[2025-10-06 03:00:24 INFO] Action: cordon-nodes
[2025-10-06T03:00:25.964+0000] {docker.py:438} INFO - [32m[2025-10-06 03:00:25 INFO] Action: continuous-pod-restart-during-cordon
[2025-10-06T03:05:11.885+0000] {docker.py:438} INFO - 🚀 Starting continuous pod restart experiment
[2025-10-06T03:05:11.886+0000] {docker.py:438} INFO - 📅 Interval: 20 seconds
[2025-10-06T03:05:11.886+0000] {docker.py:438} INFO - ⏱️  Duration: 300 seconds
[2025-10-06T03:05:11.886+0000] {docker.py:438} INFO - 🎯 Target: app=post-storage-service
[2025-10-06T03:05:11.887+0000] {docker.py:438} INFO - 📍 Namespace: default
[2025-10-06T03:05:11.887+0000] {docker.py:438} INFO - 
[2025-10-06T03:05:11.887+0000] {docker.py:438} INFO - ==================================================
[2025-10-06T03:05:11.887+0000] {docker.py:438} INFO - 🔄 Restart #1 at 2025-10-06 03:00:25
[2025-10-06T03:05:11.888+0000] {docker.py:438} INFO - ==================================================
[2025-10-06T03:05:11.888+0000] {docker.py:438} INFO - Hello world - terminate function started!
[2025-10-06T03:05:11.888+0000] {docker.py:438} INFO - Selecting pods with label_selector: app=post-storage-service
[2025-10-06T03:05:11.888+0000] {docker.py:438} INFO - Found 1 pods initially
[2025-10-06T03:05:11.889+0000] {docker.py:438} INFO - Random selection: 1 pods
[2025-10-06T03:05:11.889+0000] {docker.py:438} INFO - Deleting pod: post-storage-service-769cf6947d-ml2bq
[2025-10-06T03:05:11.889+0000] {docker.py:438} INFO - Deleted 1 pods: ['post-storage-service-769cf6947d-ml2bq']
[2025-10-06T03:05:11.889+0000] {docker.py:438} INFO - ✅ Successfully restarted pods: ['post-storage-service-769cf6947d-ml2bq']
[2025-10-06T03:05:11.890+0000] {docker.py:438} INFO - ⏳ Waiting 20 seconds until next restart...
[2025-10-06T03:05:11.890+0000] {docker.py:438} INFO - 📊 Time remaining: 300 seconds
[2025-10-06T03:05:11.890+0000] {docker.py:438} INFO - 
[2025-10-06T03:05:11.890+0000] {docker.py:438} INFO - ==================================================
[2025-10-06T03:05:11.891+0000] {docker.py:438} INFO - 🔄 Restart #2 at 2025-10-06 03:00:46
[2025-10-06T03:05:11.891+0000] {docker.py:438} INFO - ==================================================
[2025-10-06T03:05:11.891+0000] {docker.py:438} INFO - Hello world - terminate function started!
[2025-10-06T03:05:11.891+0000] {docker.py:438} INFO - Selecting pods with label_selector: app=post-storage-service
[2025-10-06T03:05:11.892+0000] {docker.py:438} INFO - Found 2 pods initially
[2025-10-06T03:05:11.892+0000] {docker.py:438} INFO - Random selection: 1 pods
[2025-10-06T03:05:11.892+0000] {docker.py:438} INFO - Deleting pod: post-storage-service-769cf6947d-ml2bq
[2025-10-06T03:05:11.892+0000] {docker.py:438} INFO - Deleted 1 pods: ['post-storage-service-769cf6947d-ml2bq']
[2025-10-06T03:05:11.892+0000] {docker.py:438} INFO - ✅ Successfully restarted pods: ['post-storage-service-769cf6947d-ml2bq']
[2025-10-06T03:05:11.892+0000] {docker.py:438} INFO - ⏳ Waiting 20 seconds until next restart...
[2025-10-06T03:05:11.893+0000] {docker.py:438} INFO - 📊 Time remaining: 279 seconds
[2025-10-06T03:05:11.893+0000] {docker.py:438} INFO - 
[2025-10-06T03:05:11.893+0000] {docker.py:438} INFO - ==================================================
[2025-10-06T03:05:11.894+0000] {docker.py:438} INFO - 🔄 Restart #3 at 2025-10-06 03:01:06
[2025-10-06T03:05:11.894+0000] {docker.py:438} INFO - ==================================================
[2025-10-06T03:05:11.894+0000] {docker.py:438} INFO - Hello world - terminate function started!
[2025-10-06T03:05:11.895+0000] {docker.py:438} INFO - Selecting pods with label_selector: app=post-storage-service
[2025-10-06T03:05:11.895+0000] {docker.py:438} INFO - Found 1 pods initially
[2025-10-06T03:05:11.895+0000] {docker.py:438} INFO - Random selection: 1 pods
[2025-10-06T03:05:11.896+0000] {docker.py:438} INFO - Deleting pod: post-storage-service-769cf6947d-tbjcq
[2025-10-06T03:05:11.896+0000] {docker.py:438} INFO - Deleted 1 pods: ['post-storage-service-769cf6947d-tbjcq']
[2025-10-06T03:05:11.896+0000] {docker.py:438} INFO - ✅ Successfully restarted pods: ['post-storage-service-769cf6947d-tbjcq']
[2025-10-06T03:05:11.897+0000] {docker.py:438} INFO - ⏳ Waiting 20 seconds until next restart...
[2025-10-06T03:05:11.897+0000] {docker.py:438} INFO - 📊 Time remaining: 259 seconds
[2025-10-06T03:05:11.897+0000] {docker.py:438} INFO - 
[2025-10-06T03:05:11.897+0000] {docker.py:438} INFO - ==================================================
[2025-10-06T03:05:11.898+0000] {docker.py:438} INFO - 🔄 Restart #4 at 2025-10-06 03:01:27
[2025-10-06T03:05:11.898+0000] {docker.py:438} INFO - ==================================================
[2025-10-06T03:05:11.898+0000] {docker.py:438} INFO - Hello world - terminate function started!
[2025-10-06T03:05:11.898+0000] {docker.py:438} INFO - Selecting pods with label_selector: app=post-storage-service
[2025-10-06T03:05:11.899+0000] {docker.py:438} INFO - Found 2 pods initially
[2025-10-06T03:05:11.899+0000] {docker.py:438} INFO - Random selection: 1 pods
[2025-10-06T03:05:11.899+0000] {docker.py:438} INFO - Deleting pod: post-storage-service-769cf6947d-l6559
[2025-10-06T03:05:11.899+0000] {docker.py:438} INFO - Deleted 1 pods: ['post-storage-service-769cf6947d-l6559']
[2025-10-06T03:05:11.900+0000] {docker.py:438} INFO - ✅ Successfully restarted pods: ['post-storage-service-769cf6947d-l6559']
[2025-10-06T03:05:11.900+0000] {docker.py:438} INFO - ⏳ Waiting 20 seconds until next restart...
[2025-10-06T03:05:11.900+0000] {docker.py:438} INFO - 📊 Time remaining: 238 seconds
[2025-10-06T03:05:11.901+0000] {docker.py:438} INFO - 
[2025-10-06T03:05:11.901+0000] {docker.py:438} INFO - ==================================================
[2025-10-06T03:05:11.901+0000] {docker.py:438} INFO - 🔄 Restart #5 at 2025-10-06 03:01:47
[2025-10-06T03:05:11.901+0000] {docker.py:438} INFO - ==================================================
[2025-10-06T03:05:11.902+0000] {docker.py:438} INFO - Hello world - terminate function started!
[2025-10-06T03:05:11.902+0000] {docker.py:438} INFO - Selecting pods with label_selector: app=post-storage-service
[2025-10-06T03:05:11.902+0000] {docker.py:438} INFO - Found 2 pods initially
[2025-10-06T03:05:11.903+0000] {docker.py:438} INFO - Random selection: 1 pods
[2025-10-06T03:05:11.903+0000] {docker.py:438} INFO - Deleting pod: post-storage-service-769cf6947d-l6559
[2025-10-06T03:05:11.903+0000] {docker.py:438} INFO - Deleted 1 pods: ['post-storage-service-769cf6947d-l6559']
[2025-10-06T03:05:11.903+0000] {docker.py:438} INFO - ✅ Successfully restarted pods: ['post-storage-service-769cf6947d-l6559']
[2025-10-06T03:05:11.904+0000] {docker.py:438} INFO - ⏳ Waiting 20 seconds until next restart...
[2025-10-06T03:05:11.904+0000] {docker.py:438} INFO - 📊 Time remaining: 218 seconds
[2025-10-06T03:05:11.904+0000] {docker.py:438} INFO - 
[2025-10-06T03:05:11.905+0000] {docker.py:438} INFO - ==================================================
[2025-10-06T03:05:11.905+0000] {docker.py:438} INFO - 🔄 Restart #6 at 2025-10-06 03:02:08
[2025-10-06T03:05:11.905+0000] {docker.py:438} INFO - ==================================================
[2025-10-06T03:05:11.905+0000] {docker.py:438} INFO - Hello world - terminate function started!
[2025-10-06T03:05:11.906+0000] {docker.py:438} INFO - Selecting pods with label_selector: app=post-storage-service
[2025-10-06T03:05:11.906+0000] {docker.py:438} INFO - Found 1 pods initially
[2025-10-06T03:05:11.906+0000] {docker.py:438} INFO - Random selection: 1 pods
[2025-10-06T03:05:11.906+0000] {docker.py:438} INFO - Deleting pod: post-storage-service-769cf6947d-khq5r
[2025-10-06T03:05:11.907+0000] {docker.py:438} INFO - Deleted 1 pods: ['post-storage-service-769cf6947d-khq5r']
[2025-10-06T03:05:11.907+0000] {docker.py:438} INFO - ✅ Successfully restarted pods: ['post-storage-service-769cf6947d-khq5r']
[2025-10-06T03:05:11.907+0000] {docker.py:438} INFO - ⏳ Waiting 20 seconds until next restart...
[2025-10-06T03:05:11.907+0000] {docker.py:438} INFO - 📊 Time remaining: 197 seconds
[2025-10-06T03:05:11.908+0000] {docker.py:438} INFO - 
[2025-10-06T03:05:11.908+0000] {docker.py:438} INFO - ==================================================
[2025-10-06T03:05:11.908+0000] {docker.py:438} INFO - 🔄 Restart #7 at 2025-10-06 03:02:28
[2025-10-06T03:05:11.908+0000] {docker.py:438} INFO - ==================================================
[2025-10-06T03:05:11.908+0000] {docker.py:438} INFO - Hello world - terminate function started!
[2025-10-06T03:05:11.909+0000] {docker.py:438} INFO - Selecting pods with label_selector: app=post-storage-service
[2025-10-06T03:05:11.909+0000] {docker.py:438} INFO - Found 2 pods initially
[2025-10-06T03:05:11.909+0000] {docker.py:438} INFO - Random selection: 1 pods
[2025-10-06T03:05:11.909+0000] {docker.py:438} INFO - Deleting pod: post-storage-service-769cf6947d-khq5r
[2025-10-06T03:05:11.909+0000] {docker.py:438} INFO - Deleted 1 pods: ['post-storage-service-769cf6947d-khq5r']
[2025-10-06T03:05:11.910+0000] {docker.py:438} INFO - ✅ Successfully restarted pods: ['post-storage-service-769cf6947d-khq5r']
[2025-10-06T03:05:11.910+0000] {docker.py:438} INFO - ⏳ Waiting 20 seconds until next restart...
[2025-10-06T03:05:11.910+0000] {docker.py:438} INFO - 📊 Time remaining: 177 seconds
[2025-10-06T03:05:11.910+0000] {docker.py:438} INFO - 
[2025-10-06T03:05:11.911+0000] {docker.py:438} INFO - ==================================================
[2025-10-06T03:05:11.911+0000] {docker.py:438} INFO - 🔄 Restart #8 at 2025-10-06 03:02:48
[2025-10-06T03:05:11.911+0000] {docker.py:438} INFO - ==================================================
[2025-10-06T03:05:11.911+0000] {docker.py:438} INFO - Hello world - terminate function started!
[2025-10-06T03:05:11.911+0000] {docker.py:438} INFO - Selecting pods with label_selector: app=post-storage-service
[2025-10-06T03:05:11.912+0000] {docker.py:438} INFO - Found 1 pods initially
[2025-10-06T03:05:11.912+0000] {docker.py:438} INFO - Random selection: 1 pods
[2025-10-06T03:05:11.912+0000] {docker.py:438} INFO - Deleting pod: post-storage-service-769cf6947d-6hp4v
[2025-10-06T03:05:11.912+0000] {docker.py:438} INFO - Deleted 1 pods: ['post-storage-service-769cf6947d-6hp4v']
[2025-10-06T03:05:11.912+0000] {docker.py:438} INFO - ✅ Successfully restarted pods: ['post-storage-service-769cf6947d-6hp4v']
[2025-10-06T03:05:11.913+0000] {docker.py:438} INFO - ⏳ Waiting 20 seconds until next restart...
[2025-10-06T03:05:11.913+0000] {docker.py:438} INFO - 📊 Time remaining: 157 seconds
[2025-10-06T03:05:11.913+0000] {docker.py:438} INFO - 
[2025-10-06T03:05:11.913+0000] {docker.py:438} INFO - ==================================================
[2025-10-06T03:05:11.913+0000] {docker.py:438} INFO - 🔄 Restart #9 at 2025-10-06 03:03:09
[2025-10-06T03:05:11.914+0000] {docker.py:438} INFO - ==================================================
[2025-10-06T03:05:11.914+0000] {docker.py:438} INFO - Hello world - terminate function started!
[2025-10-06T03:05:11.914+0000] {docker.py:438} INFO - Selecting pods with label_selector: app=post-storage-service
[2025-10-06T03:05:11.914+0000] {docker.py:438} INFO - Found 2 pods initially
[2025-10-06T03:05:11.914+0000] {docker.py:438} INFO - Random selection: 1 pods
[2025-10-06T03:05:11.915+0000] {docker.py:438} INFO - Deleting pod: post-storage-service-769cf6947d-wjcps
[2025-10-06T03:05:11.915+0000] {docker.py:438} INFO - Deleted 1 pods: ['post-storage-service-769cf6947d-wjcps']
[2025-10-06T03:05:11.915+0000] {docker.py:438} INFO - ✅ Successfully restarted pods: ['post-storage-service-769cf6947d-wjcps']
[2025-10-06T03:05:11.915+0000] {docker.py:438} INFO - ⏳ Waiting 20 seconds until next restart...
[2025-10-06T03:05:11.915+0000] {docker.py:438} INFO - 📊 Time remaining: 136 seconds
[2025-10-06T03:05:11.915+0000] {docker.py:438} INFO - 
[2025-10-06T03:05:11.916+0000] {docker.py:438} INFO - ==================================================
[2025-10-06T03:05:11.916+0000] {docker.py:438} INFO - 🔄 Restart #10 at 2025-10-06 03:03:29
[2025-10-06T03:05:11.916+0000] {docker.py:438} INFO - ==================================================
[2025-10-06T03:05:11.916+0000] {docker.py:438} INFO - Hello world - terminate function started!
[2025-10-06T03:05:11.917+0000] {docker.py:438} INFO - Selecting pods with label_selector: app=post-storage-service
[2025-10-06T03:05:11.917+0000] {docker.py:438} INFO - Found 2 pods initially
[2025-10-06T03:05:11.917+0000] {docker.py:438} INFO - Random selection: 1 pods
[2025-10-06T03:05:11.917+0000] {docker.py:438} INFO - Deleting pod: post-storage-service-769cf6947d-wjcps
[2025-10-06T03:05:11.917+0000] {docker.py:438} INFO - Deleted 1 pods: ['post-storage-service-769cf6947d-wjcps']
[2025-10-06T03:05:11.918+0000] {docker.py:438} INFO - ✅ Successfully restarted pods: ['post-storage-service-769cf6947d-wjcps']
[2025-10-06T03:05:11.918+0000] {docker.py:438} INFO - ⏳ Waiting 20 seconds until next restart...
[2025-10-06T03:05:11.918+0000] {docker.py:438} INFO - 📊 Time remaining: 116 seconds
[2025-10-06T03:05:11.918+0000] {docker.py:438} INFO - 
[2025-10-06T03:05:11.919+0000] {docker.py:438} INFO - ==================================================
[2025-10-06T03:05:11.919+0000] {docker.py:438} INFO - 🔄 Restart #11 at 2025-10-06 03:03:50
[2025-10-06T03:05:11.919+0000] {docker.py:438} INFO - ==================================================
[2025-10-06T03:05:11.919+0000] {docker.py:438} INFO - Hello world - terminate function started!
[2025-10-06T03:05:11.919+0000] {docker.py:438} INFO - Selecting pods with label_selector: app=post-storage-service
[2025-10-06T03:05:11.920+0000] {docker.py:438} INFO - Found 1 pods initially
[2025-10-06T03:05:11.920+0000] {docker.py:438} INFO - Random selection: 1 pods
[2025-10-06T03:05:11.920+0000] {docker.py:438} INFO - Deleting pod: post-storage-service-769cf6947d-42g95
[2025-10-06T03:05:11.920+0000] {docker.py:438} INFO - Deleted 1 pods: ['post-storage-service-769cf6947d-42g95']
[2025-10-06T03:05:11.920+0000] {docker.py:438} INFO - ✅ Successfully restarted pods: ['post-storage-service-769cf6947d-42g95']
[2025-10-06T03:05:11.920+0000] {docker.py:438} INFO - ⏳ Waiting 20 seconds until next restart...
[2025-10-06T03:05:11.921+0000] {docker.py:438} INFO - 📊 Time remaining: 95 seconds
[2025-10-06T03:05:11.921+0000] {docker.py:438} INFO - 
[2025-10-06T03:05:11.921+0000] {docker.py:438} INFO - ==================================================
[2025-10-06T03:05:11.921+0000] {docker.py:438} INFO - 🔄 Restart #12 at 2025-10-06 03:04:10
[2025-10-06T03:05:11.921+0000] {docker.py:438} INFO - ==================================================
[2025-10-06T03:05:11.922+0000] {docker.py:438} INFO - Hello world - terminate function started!
[2025-10-06T03:05:11.922+0000] {docker.py:438} INFO - Selecting pods with label_selector: app=post-storage-service
[2025-10-06T03:05:11.922+0000] {docker.py:438} INFO - Found 2 pods initially
[2025-10-06T03:05:11.922+0000] {docker.py:438} INFO - Random selection: 1 pods
[2025-10-06T03:05:11.923+0000] {docker.py:438} INFO - Deleting pod: post-storage-service-769cf6947d-j6l5f
[2025-10-06T03:05:11.923+0000] {docker.py:438} INFO - Deleted 1 pods: ['post-storage-service-769cf6947d-j6l5f']
[2025-10-06T03:05:11.923+0000] {docker.py:438} INFO - ✅ Successfully restarted pods: ['post-storage-service-769cf6947d-j6l5f']
[2025-10-06T03:05:11.923+0000] {docker.py:438} INFO - ⏳ Waiting 20 seconds until next restart...
[2025-10-06T03:05:11.923+0000] {docker.py:438} INFO - 📊 Time remaining: 75 seconds
[2025-10-06T03:05:11.923+0000] {docker.py:438} INFO - 
[2025-10-06T03:05:11.924+0000] {docker.py:438} INFO - ==================================================
[2025-10-06T03:05:11.924+0000] {docker.py:438} INFO - 🔄 Restart #13 at 2025-10-06 03:04:31
[2025-10-06T03:05:11.924+0000] {docker.py:438} INFO - ==================================================
[2025-10-06T03:05:11.924+0000] {docker.py:438} INFO - Hello world - terminate function started!
[2025-10-06T03:05:11.924+0000] {docker.py:438} INFO - Selecting pods with label_selector: app=post-storage-service
[2025-10-06T03:05:11.925+0000] {docker.py:438} INFO - Found 2 pods initially
[2025-10-06T03:05:11.925+0000] {docker.py:438} INFO - Random selection: 1 pods
[2025-10-06T03:05:11.925+0000] {docker.py:438} INFO - Deleting pod: post-storage-service-769cf6947d-j6l5f
[2025-10-06T03:05:11.925+0000] {docker.py:438} INFO - Deleted 1 pods: ['post-storage-service-769cf6947d-j6l5f']
[2025-10-06T03:05:11.925+0000] {docker.py:438} INFO - ✅ Successfully restarted pods: ['post-storage-service-769cf6947d-j6l5f']
[2025-10-06T03:05:11.926+0000] {docker.py:438} INFO - ⏳ Waiting 20 seconds until next restart...
[2025-10-06T03:05:11.926+0000] {docker.py:438} INFO - 📊 Time remaining: 54 seconds
[2025-10-06T03:05:11.926+0000] {docker.py:438} INFO - 
[2025-10-06T03:05:11.926+0000] {docker.py:438} INFO - ==================================================
[2025-10-06T03:05:11.926+0000] {docker.py:438} INFO - 🔄 Restart #14 at 2025-10-06 03:04:51
[2025-10-06T03:05:11.927+0000] {docker.py:438} INFO - ==================================================
[2025-10-06T03:05:11.927+0000] {docker.py:438} INFO - Hello world - terminate function started!
[2025-10-06T03:05:11.927+0000] {docker.py:438} INFO - Selecting pods with label_selector: app=post-storage-service
[2025-10-06T03:05:11.927+0000] {docker.py:438} INFO - Found 1 pods initially
[2025-10-06T03:05:11.927+0000] {docker.py:438} INFO - Random selection: 1 pods
[2025-10-06T03:05:11.928+0000] {docker.py:438} INFO - Deleting pod: post-storage-service-769cf6947d-vkvjx
[2025-10-06T03:05:11.928+0000] {docker.py:438} INFO - Deleted 1 pods: ['post-storage-service-769cf6947d-vkvjx']
[2025-10-06T03:05:11.928+0000] {docker.py:438} INFO - ✅ Successfully restarted pods: ['post-storage-service-769cf6947d-vkvjx']
[2025-10-06T03:05:11.928+0000] {docker.py:438} INFO - ⏳ Waiting 20 seconds until next restart...
[2025-10-06T03:05:11.928+0000] {docker.py:438} INFO - 📊 Time remaining: 34 seconds
[2025-10-06T03:05:11.929+0000] {docker.py:438} INFO - 
[2025-10-06T03:05:11.929+0000] {docker.py:438} INFO - ==================================================
[2025-10-06T03:05:11.929+0000] {docker.py:438} INFO - 🔄 Restart #15 at 2025-10-06 03:05:11
[2025-10-06T03:05:11.929+0000] {docker.py:438} INFO - ==================================================
[2025-10-06T03:05:11.929+0000] {docker.py:438} INFO - Hello world - terminate function started!
[2025-10-06T03:05:11.930+0000] {docker.py:438} INFO - Selecting pods with label_selector: app=post-storage-service
[2025-10-06T03:05:12.284+0000] {docker.py:438} INFO - [32m[2025-10-06 03:05:12 INFO] Let's rollback...
[2025-10-06T03:05:12.285+0000] {docker.py:438} INFO - [32m[2025-10-06 03:05:12 INFO] Rollback: uncordon-all-nodes
[2025-10-06T03:05:12.285+0000] {docker.py:438} INFO - [32m[2025-10-06 03:05:12 INFO] Action: uncordon-all-nodes
[2025-10-06T03:05:13.262+0000] {docker.py:438} INFO - [32m[2025-10-06 03:05:13 INFO] Experiment ended with status: completed
[2025-10-06T03:05:13.263+0000] {docker.py:438} INFO - Found 2 pods initially
[2025-10-06T03:05:13.264+0000] {docker.py:438} INFO - Random selection: 1 pods
[2025-10-06T03:05:13.264+0000] {docker.py:438} INFO - Deleting pod: post-storage-service-769cf6947d-95nz8
[2025-10-06T03:05:13.265+0000] {docker.py:438} INFO - Deleted 1 pods: ['post-storage-service-769cf6947d-95nz8']
[2025-10-06T03:05:13.265+0000] {docker.py:438} INFO - ✅ Successfully restarted pods: ['post-storage-service-769cf6947d-95nz8']
[2025-10-06T03:05:13.265+0000] {docker.py:438} INFO - ⏰ Less than 20 seconds remaining, stopping experiment
[2025-10-06T03:05:13.266+0000] {docker.py:438} INFO - 
[2025-10-06T03:05:13.266+0000] {docker.py:438} INFO - ==================================================
[2025-10-06T03:05:13.266+0000] {docker.py:438} INFO - 🏁 Experiment Completed!
[2025-10-06T03:05:13.267+0000] {docker.py:438} INFO - ==================================================
[2025-10-06T03:05:13.267+0000] {docker.py:438} INFO - 📈 Total restarts performed: 15
[2025-10-06T03:05:13.268+0000] {docker.py:438} INFO - ⏱️  Total duration: 286 seconds
[2025-10-06T03:05:13.268+0000] {docker.py:438} INFO - 📊 Average interval: 19.1 seconds
[2025-10-06T03:05:13.566+0000] {taskinstance.py:340} INFO - ::group::Post task execution logs
[2025-10-06T03:05:13.566+0000] {taskinstance.py:352} INFO - Marking task as SUCCESS. dag_id=Cordon_Uncordon_Node, task_id=apply_cordon_uncordon_node, run_id=scheduled__2025-10-06T00:00:00+00:00, execution_date=20251006T000000, start_date=20251006T030002, end_date=20251006T030513
[2025-10-06T03:05:13.600+0000] {local_task_job_runner.py:266} INFO - Task exited with return code 0
[2025-10-06T03:05:13.614+0000] {taskinstance.py:3900} INFO - 0 downstream tasks scheduled from follow-on schedule check
[2025-10-06T03:05:13.617+0000] {local_task_job_runner.py:245} INFO - ::endgroup::
