[2025-11-20T09:53:53.764+0000] {local_task_job_runner.py:123} INFO - ::group::Pre task execution logs
[2025-11-20T09:53:53.791+0000] {taskinstance.py:2612} INFO - Dependencies all met for dep_context=non-requeueable deps ti=<TaskInstance: Reinitialize_Application.apply_container_restart_docker manual__2025-11-20T09:53:51.436888+00:00 [queued]>
[2025-11-20T09:53:53.803+0000] {taskinstance.py:2612} INFO - Dependencies all met for dep_context=requeueable deps ti=<TaskInstance: Reinitialize_Application.apply_container_restart_docker manual__2025-11-20T09:53:51.436888+00:00 [queued]>
[2025-11-20T09:53:53.804+0000] {taskinstance.py:2865} INFO - Starting attempt 1 of 1
[2025-11-20T09:53:53.828+0000] {taskinstance.py:2888} INFO - Executing <Task(DockerOperator): apply_container_restart_docker> on 2025-11-20 09:53:51.436888+00:00
[2025-11-20T09:53:53.843+0000] {standard_task_runner.py:72} INFO - Started process 538 to run task
[2025-11-20T09:53:53.855+0000] {standard_task_runner.py:104} INFO - Running: ['***', 'tasks', 'run', 'Reinitialize_Application', 'apply_container_restart_docker', 'manual__2025-11-20T09:53:51.436888+00:00', '--job-id', '16615', '--raw', '--subdir', 'DAGS_FOLDER/dag_factory.py', '--cfg-path', '/tmp/tmpkqy0flae']
[2025-11-20T09:53:53.860+0000] {standard_task_runner.py:105} INFO - Job 16615: Subtask apply_container_restart_docker
[2025-11-20T09:53:53.959+0000] {task_command.py:467} INFO - Running <TaskInstance: Reinitialize_Application.apply_container_restart_docker manual__2025-11-20T09:53:51.436888+00:00 [running]> on host workflow.y2twbfvcjkaujnl2bmtbxunhcb.cx.internal.cloudapp.net
[2025-11-20T09:53:54.194+0000] {taskinstance.py:3131} INFO - Exporting env vars: AIRFLOW_CTX_DAG_OWNER='***' AIRFLOW_CTX_DAG_ID='Reinitialize_Application' AIRFLOW_CTX_TASK_ID='apply_container_restart_docker' AIRFLOW_CTX_EXECUTION_DATE='2025-11-20T09:53:51.436888+00:00' AIRFLOW_CTX_TRY_NUMBER='1' AIRFLOW_CTX_DAG_RUN_ID='manual__2025-11-20T09:53:51.436888+00:00'
[2025-11-20T09:53:54.197+0000] {taskinstance.py:731} INFO - ::endgroup::
[2025-11-20T09:53:54.272+0000] {docker.py:367} INFO - Starting docker container from image priyanshu01ce/***_chaos:latest
[2025-11-20T09:53:55.003+0000] {docker.py:438} INFO - The container is run as root user. For security, consider using a regular user account.
[2025-11-20T09:54:15.888+0000] {docker.py:438} INFO - 
[2025-11-20T09:54:15.914+0000] {docker.py:438} INFO - total 10932
[2025-11-20T09:54:15.914+0000] {docker.py:438} INFO - drwxr-xr-x 6    1000 1000     4096 Nov 11 11:35 .
[2025-11-20T09:54:15.915+0000] {docker.py:438} INFO - drwxr-xr-x 1 *** root     4096 Sep 26 10:44 ..
[2025-11-20T09:54:15.915+0000] {docker.py:438} INFO - -rw-r--r-- 1    1000 1000     1193 Sep  8 07:02 API_Latency.json
[2025-11-20T09:54:15.918+0000] {docker.py:438} INFO - -rw-r--r-- 1    1000 1000      729 Sep  9 10:30 API_Timeout.json
[2025-11-20T09:54:15.919+0000] {docker.py:438} INFO - -rw-r--r-- 1    1000 1000     1331 Oct  7 18:22 Continuous_Load_Test_Azure.yaml
[2025-11-20T09:54:15.919+0000] {docker.py:438} INFO - -rw-r--r-- 1    1000 1000     1665 Nov 11 09:21 Memory_Stress_Test_Azure.yaml
[2025-11-20T09:54:15.922+0000] {docker.py:438} INFO - -rw-r--r-- 1    1000 1000     1178 Sep 30 18:19 Stress_Test_Azure.yaml
[2025-11-20T09:54:15.922+0000] {docker.py:438} INFO - drwxrwxr-x 2 root    root     4096 Oct 29 06:31 __pycache__
[2025-11-20T09:54:15.922+0000] {docker.py:438} INFO - drwxrwxr-x 5    1000 1000     4096 Oct 21 08:05 chaos_env
[2025-11-20T09:54:15.923+0000] {docker.py:438} INFO - -rw-r--r-- 1    1000 1000     8875 Sep 25 16:54 chaosk6_actions.py
[2025-11-20T09:54:15.923+0000] {docker.py:438} INFO - -rw-rw-r-- 1    1000 1000 10720507 Nov 20 09:46 chaostoolkit.log
[2025-11-20T09:54:15.927+0000] {docker.py:438} INFO - -rw-rw-r-- 1    1000 1000     1421 Oct 23 09:34 check.py
[2025-11-20T09:54:15.927+0000] {docker.py:438} INFO - -rw-r--r-- 1    1000 1000     3213 Sep  9 09:11 combined-sequential.json
[2025-11-20T09:54:15.929+0000] {docker.py:438} INFO - -rwxrwxr-x 1    1000 1000     1489 Oct 27 06:29 complete_chaos_mesh-cleanup.sh
[2025-11-20T09:54:15.930+0000] {docker.py:438} INFO - -rw-r--r-- 1    1000 1000      502 Sep 16 05:31 connection_test_experiment.json
[2025-11-20T09:54:15.932+0000] {docker.py:438} INFO - -rw-rw-r-- 1    1000 1000      692 Oct 24 01:43 container_probe.json
[2025-11-20T09:54:15.933+0000] {docker.py:438} INFO - -rw-rw-r-- 1    1000 1000     2533 Oct 23 09:28 container_probe.yaml
[2025-11-20T09:54:15.934+0000] {docker.py:438} INFO - -rw-r--r-- 1    1000 1000     1420 Sep 24 06:53 container_restart.json
[2025-11-20T09:54:15.934+0000] {docker.py:438} INFO - -rw-r--r-- 1    1000 1000    16452 Sep 26 09:59 container_restart.py
[2025-11-20T09:54:15.936+0000] {docker.py:438} INFO - -rw-r--r-- 1    1000 1000     1744 Nov 11 09:15 container_restart_Azure.yaml
[2025-11-20T09:54:15.936+0000] {docker.py:438} INFO - -rw-r--r-- 1    1000 1000     1409 Sep 18 12:30 continuous_load_test.json
[2025-11-20T09:54:15.936+0000] {docker.py:438} INFO - -rw-r--r-- 1    1000 1000     1637 Sep 25 10:13 cordon-uncordon-node.json
[2025-11-20T09:54:15.937+0000] {docker.py:438} INFO - -rw-r--r-- 1    1000 1000     1637 Sep 25 04:39 cordon_test.json
[2025-11-20T09:54:15.939+0000] {docker.py:438} INFO - -rw-r--r-- 1    1000 1000     1430 Nov 11 09:16 cordon_uncordon_node_Azure.yaml
[2025-11-20T09:54:15.939+0000] {docker.py:438} INFO - -rw-r--r-- 1    1000 1000     1203 Sep 30 06:51 cpu_stress_ng.json
[2025-11-20T09:54:15.939+0000] {docker.py:438} INFO - -rw-r--r-- 1    1000 1000     1760 Oct 21 08:00 db_cleanup.json
[2025-11-20T09:54:15.940+0000] {docker.py:438} INFO - -rw-r--r-- 1    1000 1000     6399 Sep 24 07:40 db_cleanup.py
[2025-11-20T09:54:15.940+0000] {docker.py:438} INFO - -rw-rw-r-- 1    1000 1000     5855 Oct 28 12:27 direct_memory_stress.py
[2025-11-20T09:54:15.943+0000] {docker.py:438} INFO - -rw-r--r-- 1    1000 1000     2579 Nov 20 09:46 journal.json
[2025-11-20T09:54:15.943+0000] {docker.py:438} INFO - -rw-rw-r-- 1    1000 1000        0 Nov 11 11:31 json
[2025-11-20T09:54:15.943+0000] {docker.py:438} INFO - -rw-rw-r-- 1 root    root   169875 Nov 20 09:54 k6_continuous_load.log
[2025-11-20T09:54:15.945+0000] {docker.py:438} INFO - -rw-r--r-- 1    1000 1000     3998 Nov 20 08:37 k6_continuous_summary.json
[2025-11-20T09:54:15.945+0000] {docker.py:438} INFO - -rw-r--r-- 1    1000 1000     3433 Sep 25 09:28 k6_summary.json
[2025-11-20T09:54:15.948+0000] {docker.py:438} INFO - -rw-r--r-- 1    1000 1000      989 Sep 30 09:24 kubernetes_actions.json
[2025-11-20T09:54:15.949+0000] {docker.py:438} INFO - -rw-r--r-- 1    1000 1000    10961 Sep 30 09:23 kubernetes_actions.py
[2025-11-20T09:54:15.949+0000] {docker.py:438} INFO - -rw-r--r-- 1    1000 1000      945 Sep 21 16:40 load_test.json
[2025-11-20T09:54:15.950+0000] {docker.py:438} INFO - -rw-r--r-- 1    1000 1000      528 Sep 17 12:13 max_connection_experiment.json
[2025-11-20T09:54:15.950+0000] {docker.py:438} INFO - -rw-r--r-- 1    1000 1000     1227 Sep 13 15:20 memory-stress-rollback.json
[2025-11-20T09:54:15.952+0000] {docker.py:438} INFO - -rw-rw-r-- 1    1000 1000     1066 Oct 30 12:27 memory_stress.json
[2025-11-20T09:54:15.953+0000] {docker.py:438} INFO - -rw-rw-r-- 1    1000 1000     6653 Oct 29 06:18 memory_stress.py
[2025-11-20T09:54:15.953+0000] {docker.py:438} INFO - -rw-r--r-- 1    1000 1000     1421 Sep 29 05:20 mongo_db_container_restart.json
[2025-11-20T09:54:15.955+0000] {docker.py:438} INFO - -rw-r--r-- 1    1000 1000     7586 Sep 18 05:54 mongodb_actions.py
[2025-11-20T09:54:15.955+0000] {docker.py:438} INFO - -rw-r--r-- 1    1000 1000     2136 Sep 18 11:23 mongodb_connection.json
[2025-11-20T09:54:15.956+0000] {docker.py:438} INFO - -rw-r--r-- 1    1000 1000      597 Sep 16 09:17 mongodb_network_latency_experiment.json
[2025-11-20T09:54:15.959+0000] {docker.py:438} INFO - -rw-r--r-- 1    1000 1000     3657 Sep 18 05:42 mongodb_probes.py
[2025-11-20T09:54:15.959+0000] {docker.py:438} INFO - -rw-r--r-- 1    1000 1000     6161 Sep 12 08:04 pod_restart.py
[2025-11-20T09:54:15.959+0000] {docker.py:438} INFO - -rw-r--r-- 1    1000 1000     1497 Sep 30 05:50 redis_config_faults.py
[2025-11-20T09:54:15.960+0000] {docker.py:438} INFO - -rw-r--r-- 1    1000 1000      862 Sep 30 05:50 redis_experiment.json
[2025-11-20T09:54:15.960+0000] {docker.py:438} INFO - -rw-r--r-- 1    1000 1000      945 Sep 18 06:53 redis_load.json
[2025-11-20T09:54:15.961+0000] {docker.py:438} INFO - -rw-r--r-- 1    1000 1000     1634 Nov 11 09:16 redis_memory_stress_Azure.yaml
[2025-11-20T09:54:15.963+0000] {docker.py:438} INFO - -rw-rw-r-- 1    1000 1000     1333 Oct 21 09:39 reinitialize_application.yaml
[2025-11-20T09:54:15.964+0000] {docker.py:438} INFO - -rw-r--r-- 1    1000 1000     1284 Sep 25 10:53 run_load_test_with_cleanup.py
[2025-11-20T09:54:15.964+0000] {docker.py:438} INFO - -rw-rw-r-- 1    1000 1000     1307 Oct 27 10:33 sample_probe.yaml
[2025-11-20T09:54:15.965+0000] {docker.py:438} INFO - drwxr-xr-x 2    1000 1000     4096 Oct 22 06:46 scripts
[2025-11-20T09:54:15.966+0000] {docker.py:438} INFO - -rw-rw-r-- 1    1000 1000      272 Oct 27 08:51 simple-stress-test.yaml
[2025-11-20T09:54:15.966+0000] {docker.py:438} INFO - drwxr-xr-x 4    1000 1000     4096 Sep 30 09:41 socialNetwork
[2025-11-20T09:54:15.968+0000] {docker.py:438} INFO - -rw-r--r-- 1    1000 1000      821 Sep 26 13:20 stress_test.json
[2025-11-20T09:54:15.969+0000] {docker.py:438} INFO - -rw-rw-r-- 1    1000 1000      301 Oct 27 08:46 test-stress-fixed.yaml
[2025-11-20T09:54:15.969+0000] {docker.py:438} INFO - -rw-rw-r-- 1    1000 1000      295 Oct 27 08:49 test_after_fix.yaml
[2025-11-20T09:54:15.971+0000] {docker.py:438} INFO - -rw-r--r-- 1    1000
[2025-11-20T09:54:15.973+0000] {docker.py:438} INFO - 1000      367 Sep 17 07:24 test_params.json
[2025-11-20T09:54:15.973+0000] {docker.py:438} INFO - Starting Reinitializing the Social Networking Application...
[2025-11-20T09:54:17.196+0000] {docker.py:438} INFO - [32m[2025-11-20 09:54:17 INFO] Validating the experiment's syntax
[2025-11-20T09:54:17.735+0000] {docker.py:438} INFO - [32m[2025-11-20 09:54:17 INFO] Experiment looks valid
[2025-11-20T09:54:17.735+0000] {docker.py:438} INFO - [32m[2025-11-20 09:54:17 INFO] Running experiment: Simple Social Network Reset
[2025-11-20T09:54:17.740+0000] {docker.py:438} INFO - [32m[2025-11-20 09:54:17 INFO] Steady-state strategy: default
[2025-11-20T09:54:17.742+0000] {docker.py:438} INFO - [32m[2025-11-20 09:54:17 INFO] Rollbacks strategy: default
[2025-11-20T09:54:17.743+0000] {docker.py:438} INFO - [32m[2025-11-20 09:54:17 INFO] No steady state hypothesis defined. That's ok, just exploring.
[2025-11-20T09:54:17.743+0000] {docker.py:438} INFO - [32m[2025-11-20 09:54:17 INFO] Playing your experiment's method now...
[2025-11-20T09:54:17.744+0000] {docker.py:438} INFO - [32m[2025-11-20 09:54:17 INFO] Action: complete-reset-and-reinit
[2025-11-20T09:54:17.747+0000] {docker.py:438} INFO - INFO:kubernetes_actions:Starting complete reset and reinitialization...
[2025-11-20T09:54:17.747+0000] {docker.py:438} INFO - INFO:kubernetes_actions:Starting full social network reset...
[2025-11-20T09:54:17.750+0000] {docker.py:438} INFO - INFO:kubernetes_actions:Clearing Redis data...
[2025-11-20T09:54:17.803+0000] {docker.py:438} INFO - INFO:kubernetes_actions:Loaded local Kubernetes config
[2025-11-20T09:54:17.850+0000] {docker.py:438} INFO - INFO:kubernetes_actions:Loaded local Kubernetes config
[2025-11-20T09:54:18.147+0000] {docker.py:438} INFO - INFO:kubernetes_actions:Found running pod: social-graph-redis-64bd79b48b-gpwdg for deployment: social-graph-redis
[2025-11-20T09:54:18.148+0000] {docker.py:438} INFO - INFO:kubernetes_actions:Executing command in pod social-graph-redis-64bd79b48b-gpwdg, container social-graph-redis: redis-cli FLUSHALL
[2025-11-20T09:54:19.608+0000] {docker.py:438} INFO - INFO:kubernetes_actions:Command executed successfully. Output: OK
[2025-11-20T09:54:19.640+0000] {docker.py:438} INFO - INFO:kubernetes_actions:Loaded local Kubernetes config
[2025-11-20T09:54:19.674+0000] {docker.py:438} INFO - INFO:kubernetes_actions:Loaded local Kubernetes config
[2025-11-20T09:54:19.999+0000] {docker.py:438} INFO - INFO:kubernetes_actions:Found running pod: home-timeline-redis-744dd9998f-xqjsk for deployment: home-timeline-redis
[2025-11-20T09:54:20.001+0000] {docker.py:438} INFO - INFO:kubernetes_actions:Executing command in pod home-timeline-redis-744dd9998f-xqjsk, container home-timeline-redis: redis-cli FLUSHALL
[2025-11-20T09:54:21.328+0000] {docker.py:438} INFO - INFO:kubernetes_actions:Command executed successfully. Output: OK
[2025-11-20T09:54:21.370+0000] {docker.py:438} INFO - INFO:kubernetes_actions:Loaded local Kubernetes config
[2025-11-20T09:54:21.426+0000] {docker.py:438} INFO - INFO:kubernetes_actions:Loaded local Kubernetes config
[2025-11-20T09:54:21.674+0000] {docker.py:438} INFO - INFO:kubernetes_actions:Found running pod: user-timeline-redis-7b8f6ff4fb-5s87m for deployment: user-timeline-redis
[2025-11-20T09:54:21.676+0000] {docker.py:438} INFO - INFO:kubernetes_actions:Executing command in pod user-timeline-redis-7b8f6ff4fb-5s87m, container user-timeline-redis: redis-cli FLUSHALL
[2025-11-20T09:54:23.017+0000] {docker.py:438} INFO - INFO:kubernetes_actions:Command executed successfully. Output: OK
[2025-11-20T09:54:23.018+0000] {docker.py:438} INFO - 
[2025-11-20T09:54:23.018+0000] {docker.py:438} INFO - INFO:kubernetes_actions:Clearing Memcached data...
[2025-11-20T09:54:23.131+0000] {docker.py:438} INFO - INFO:kubernetes_actions:Loaded local Kubernetes config
[2025-11-20T09:54:23.171+0000] {docker.py:438} INFO - INFO:kubernetes_actions:Loaded local Kubernetes config
[2025-11-20T09:54:23.454+0000] {docker.py:438} INFO - INFO:kubernetes_actions:Found running pod: post-storage-memcached-67c6cc65cc-j4jdz for deployment: post-storage-memcached
[2025-11-20T09:54:23.455+0000] {docker.py:438} INFO - INFO:kubernetes_actions:Executing command in pod post-storage-memcached-67c6cc65cc-j4jdz, container post-storage-memcached: sh -c echo 'flush_all' | nc localhost 11211
[2025-11-20T09:54:23.837+0000] {docker.py:438} INFO - INFO:kubernetes_actions:Command executed successfully. Output: sh: 1: nc: not found
[2025-11-20T09:54:23.870+0000] {docker.py:438} INFO - INFO:kubernetes_actions:Loaded local Kubernetes config
[2025-11-20T09:54:23.904+0000] {docker.py:438} INFO - INFO:kubernetes_actions:Loaded local Kubernetes config
[2025-11-20T09:54:24.185+0000] {docker.py:438} INFO - INFO:kubernetes_actions:Found running pod: user-memcached-56f89988c-kswck for deployment: user-memcached
[2025-11-20T09:54:24.187+0000] {docker.py:438} INFO - INFO:kubernetes_actions:Executing command in pod user-memcached-56f89988c-kswck, container user-memcached: sh -c echo 'flush_all' | nc localhost 11211
[2025-11-20T09:54:25.565+0000] {docker.py:438} INFO - INFO:kubernetes_actions:Command executed successfully. Output: sh: 1: nc: not found
[2025-11-20T09:54:25.566+0000] {docker.py:438} INFO - 
[2025-11-20T09:54:25.566+0000] {docker.py:438} INFO - INFO:kubernetes_actions:Dropping MongoDB databases...
[2025-11-20T09:54:25.600+0000] {docker.py:438} INFO - INFO:kubernetes_actions:Loaded local Kubernetes config
[2025-11-20T09:54:25.634+0000] {docker.py:438} INFO - INFO:kubernetes_actions:Loaded local Kubernetes config
[2025-11-20T09:54:25.992+0000] {docker.py:438} INFO - INFO:kubernetes_actions:Found running pod: post-storage-mongodb-7f7657964c-b2fld for deployment: post-storage-mongodb
[2025-11-20T09:54:25.994+0000] {docker.py:438} INFO - INFO:kubernetes_actions:Executing command in pod post-storage-mongodb-7f7657964c-b2fld, container post-storage-mongodb: mongo --eval db.getSiblingDB('post').dropDatabase()
[2025-11-20T09:54:27.812+0000] {docker.py:438} INFO - INFO:kubernetes_actions:Command executed successfully. Output: MongoDB shell version v4.4.6
[2025-11-20T09:54:27.813+0000] {docker.py:438} INFO - connecting to: mongodb://127.0.0.1:27017/?compressors=disabled&gssapiServiceName=mongodb
[2025-11-20T09:54:27.813+0000] {docker.py:438} INFO - Implicit session: session { "id" : UUID("42600727-e7e6-4b92-8e8f-6e61661d262c") }
[2025-11-20T09:54:27.817+0000] {docker.py:438} INFO - MongoDB server version: 4.4.6
[2025-11-20T09:54:27.817+0000] {docker.py:438} INFO - { "dropped" : "post", "ok" : 1 }
[2025-11-20T09:54:27.846+0000] {docker.py:438} INFO - INFO:kubernetes_actions:Loaded local Kubernetes config
[2025-11-20T09:54:27.879+0000] {docker.py:438} INFO - INFO:kubernetes_actions:Loaded local Kubernetes config
[2025-11-20T09:54:28.162+0000] {docker.py:438} INFO - INFO:kubernetes_actions:Found running pod: post-storage-mongodb-7f7657964c-b2fld for deployment: post-storage-mongodb
[2025-11-20T09:54:28.165+0000] {docker.py:438} INFO - INFO:kubernetes_actions:Executing command in pod post-storage-mongodb-7f7657964c-b2fld, container post-storage-mongodb: mongo --eval db.getSiblingDB('READ__ME_TO_RECOVER_YOUR_DATA').dropDatabase()
[2025-11-20T09:54:29.927+0000] {docker.py:438} INFO - INFO:kubernetes_actions:Command executed successfully. Output: MongoDB shell version v4.4.6
[2025-11-20T09:54:29.928+0000] {docker.py:438} INFO - connecting to: mongodb://127.0.0.1:27017/?compressors=disabled&gssapiServiceName=mongodb
[2025-11-20T09:54:29.929+0000] {docker.py:438} INFO - Implicit session: session { "id" : UUID("70045a5b-2cfe-4538-9674-c95bb3aa50fa") }
[2025-11-20T09:54:29.929+0000] {docker.py:438} INFO - MongoDB server version: 4.4.6
[2025-11-20T09:54:29.931+0000] {docker.py:438} INFO - { "ok" : 1 }
[2025-11-20T09:54:29.982+0000] {docker.py:438} INFO - INFO:kubernetes_actions:Loaded local Kubernetes config
[2025-11-20T09:54:30.037+0000] {docker.py:438} INFO - INFO:kubernetes_actions:Loaded local Kubernetes config
[2025-11-20T09:54:30.289+0000] {docker.py:438} INFO - INFO:kubernetes_actions:Found running pod: user-mongodb-f95b7d968-tqlld for deployment: user-mongodb
[2025-11-20T09:54:30.290+0000] {docker.py:438} INFO - INFO:kubernetes_actions:Executing command in pod user-mongodb-f95b7d968-tqlld, container user-mongodb: mongo --eval db.getSiblingDB('user').dropDatabase()
[2025-11-20T09:54:31.840+0000] {docker.py:438} INFO - INFO:kubernetes_actions:Command executed successfully. Output: MongoDB shell version v4.4.6
[2025-11-20T09:54:31.841+0000] {docker.py:438} INFO - connecting to: mongodb://127.0.0.1:27017/?compressors=disabled&gssapiServiceName=mongodb
[2025-11-20T09:54:31.841+0000] {docker.py:438} INFO - Implicit session: session { "id" : UUID("03e1c251-6e02-450e-afc4-ff5aeba852b7") }
[2025-11-20T09:54:31.844+0000] {docker.py:438} INFO - MongoDB server version: 4.4.6
[2025-11-20T09:54:31.844+0000] {docker.py:438} INFO - { "dropped" : "user", "ok" : 1 }
[2025-11-20T09:54:31.896+0000] {docker.py:438} INFO - INFO:kubernetes_actions:Loaded local Kubernetes config
[2025-11-20T09:54:31.960+0000] {docker.py:438} INFO - INFO:kubernetes_actions:Loaded local Kubernetes config
[2025-11-20T09:54:32.215+0000] {docker.py:438} INFO - INFO:kubernetes_actions:Found running pod: user-mongodb-f95b7d968-tqlld for deployment: user-mongodb
[2025-11-20T09:54:32.216+0000] {docker.py:438} INFO - INFO:kubernetes_actions:Executing command in pod user-mongodb-f95b7d968-tqlld, container user-mongodb: mongo --eval db.getSiblingDB('READ__ME_TO_RECOVER_YOUR_DATA').dropDatabase()
[2025-11-20T09:54:33.749+0000] {docker.py:438} INFO - INFO:kubernetes_actions:Command executed successfully. Output: MongoDB shell version v4.4.6
[2025-11-20T09:54:33.750+0000] {docker.py:438} INFO - connecting to: mongodb://127.0.0.1:27017/?compressors=disabled&gssapiServiceName=mongodb
[2025-11-20T09:54:33.751+0000] {docker.py:438} INFO - Implicit session: session { "id" : UUID("3ee253c2-532c-44d6-b340-6798ea7f5c3c") }
[2025-11-20T09:54:33.751+0000] {docker.py:438} INFO - MongoDB server version: 4.4.6
[2025-11-20T09:54:33.752+0000] {docker.py:438} INFO - { "ok" : 1 }
[2025-11-20T09:54:33.809+0000] {docker.py:438} INFO - INFO:kubernetes_actions:Loaded local Kubernetes config
[2025-11-20T09:54:33.853+0000] {docker.py:438} INFO - INFO:kubernetes_actions:Loaded local Kubernetes config
[2025-11-20T09:54:34.146+0000] {docker.py:438} INFO - INFO:kubernetes_actions:Found running pod: social-graph-mongodb-77fd77d9f4-jj4vn for deployment: social-graph-mongodb
[2025-11-20T09:54:34.148+0000] {docker.py:438} INFO - INFO:kubernetes_actions:Executing command in pod social-graph-mongodb-77fd77d9f4-jj4vn, container social-graph-mongodb: mongo --eval db.getSiblingDB('social-graph').dropDatabase()
[2025-11-20T09:54:35.745+0000] {docker.py:438} INFO - INFO:kubernetes_actions:Command executed successfully. Output: MongoDB shell version v4.4.6
[2025-11-20T09:54:35.746+0000] {docker.py:438} INFO - connecting to: mongodb://127.0.0.1:27017/?compressors=disabled&gssapiServiceName=mongodb
[2025-11-20T09:54:35.747+0000] {docker.py:438} INFO - Implicit session: session { "id" : UUID("42e19430-291a-4227-97e2-973c2680cbee") }
[2025-11-20T09:54:35.747+0000] {docker.py:438} INFO - MongoDB server version: 4.4.6
[2025-11-20T09:54:35.750+0000] {docker.py:438} INFO - { "dropped" : "social-graph", "ok" : 1 }
[2025-11-20T09:54:35.809+0000] {docker.py:438} INFO - INFO:kubernetes_actions:Loaded local Kubernetes config
[2025-11-20T09:54:35.850+0000] {docker.py:438} INFO - INFO:kubernetes_actions:Loaded local Kubernetes config
[2025-11-20T09:54:36.108+0000] {docker.py:438} INFO - INFO:kubernetes_actions:Found running pod: social-graph-mongodb-77fd77d9f4-jj4vn for deployment: social-graph-mongodb
[2025-11-20T09:54:36.110+0000] {docker.py:438} INFO - INFO:kubernetes_actions:Executing command in pod social-graph-mongodb-77fd77d9f4-jj4vn, container social-graph-mongodb: mongo --eval db.getSiblingDB('READ__ME_TO_RECOVER_YOUR_DATA').dropDatabase()
[2025-11-20T09:54:37.741+0000] {docker.py:438} INFO - INFO:kubernetes_actions:Command executed successfully. Output: MongoDB shell version v4.4.6
[2025-11-20T09:54:37.742+0000] {docker.py:438} INFO - connecting to: mongodb://127.0.0.1:27017/?compressors=disabled&gssapiServiceName=mongodb
[2025-11-20T09:54:37.742+0000] {docker.py:438} INFO - Implicit session: session { "id" : UUID("b983726c-5c49-405b-ab82-6dcccb22219b") }
[2025-11-20T09:54:37.745+0000] {docker.py:438} INFO - MongoDB server version: 4.4.6
[2025-11-20T09:54:37.745+0000] {docker.py:438} INFO - { "ok" : 1 }
[2025-11-20T09:54:37.789+0000] {docker.py:438} INFO - INFO:kubernetes_actions:Loaded local Kubernetes config
[2025-11-20T09:54:37.843+0000] {docker.py:438} INFO - INFO:kubernetes_actions:Loaded local Kubernetes config
[2025-11-20T09:54:38.183+0000] {docker.py:438} INFO - INFO:kubernetes_actions:Found running pod: user-timeline-mongodb-6ff9797bfc-bnf8b for deployment: user-timeline-mongodb
[2025-11-20T09:54:38.185+0000] {docker.py:438} INFO - INFO:kubernetes_actions:Executing command in pod user-timeline-mongodb-6ff9797bfc-bnf8b, container user-timeline-mongodb: mongo --eval db.getSiblingDB('user-timeline').dropDatabase()
[2025-11-20T09:54:41.260+0000] {docker.py:438} INFO - INFO:kubernetes_actions:Command executed successfully. Output: MongoDB shell version v4.4.6
[2025-11-20T09:54:41.261+0000] {docker.py:438} INFO - connecting to: mongodb://127.0.0.1:27017/?compressors=disabled&gssapiServiceName=mongodb
[2025-11-20T09:54:41.263+0000] {docker.py:438} INFO - Implicit session: session { "id" : UUID("dd492bdc-1466-45d3-9d97-dc16b77b8b64") }
[2025-11-20T09:54:41.265+0000] {docker.py:438} INFO - MongoDB server version: 4.4.6
[2025-11-20T09:54:41.265+0000] {docker.py:438} INFO - { "dropped" : "user-timeline", "ok" : 1 }
[2025-11-20T09:54:41.296+0000] {docker.py:438} INFO - INFO:kubernetes_actions:Loaded local Kubernetes config
[2025-11-20T09:54:41.329+0000] {docker.py:438} INFO - INFO:kubernetes_actions:Loaded local Kubernetes config
[2025-11-20T09:54:41.673+0000] {docker.py:438} INFO - INFO:kubernetes_actions:Found running pod: user-timeline-mongodb-6ff9797bfc-bnf8b for deployment: user-timeline-mongodb
[2025-11-20T09:54:41.675+0000] {docker.py:438} INFO - INFO:kubernetes_actions:Executing command in pod user-timeline-mongodb-6ff9797bfc-bnf8b, container user-timeline-mongodb: mongo --eval db.getSiblingDB('READ__ME_TO_RECOVER_YOUR_DATA').dropDatabase()
[2025-11-20T09:54:43.592+0000] {docker.py:438} INFO - INFO:kubernetes_actions:Command executed successfully. Output: MongoDB shell version v4.4.6
[2025-11-20T09:54:43.593+0000] {docker.py:438} INFO - connecting to: mongodb://127.0.0.1:27017/?compressors=disabled&gssapiServiceName=mongodb
[2025-11-20T09:54:43.593+0000] {docker.py:438} INFO - Implicit session: session { "id" : UUID("23fcf801-28d9-46cb-84cc-b35f05e32910") }
[2025-11-20T09:54:43.594+0000] {docker.py:438} INFO - MongoDB server version: 4.4.6
[2025-11-20T09:54:43.594+0000] {docker.py:438} INFO - { "ok" : 1 }
[2025-11-20T09:54:43.595+0000] {docker.py:438} INFO - 
[2025-11-20T09:54:43.595+0000] {docker.py:438} INFO - INFO:kubernetes_actions:Full social network reset completed
[2025-11-20T09:54:48.642+0000] {docker.py:438} INFO - INFO:kubernetes_actions:Loaded local Kubernetes config
[2025-11-20T09:54:48.644+0000] {docker.py:438} INFO - INFO:kubernetes_actions:Restarting deployment: social-graph-service
[2025-11-20T09:54:49.056+0000] {docker.py:438} INFO - INFO:kubernetes_actions:✅ Successfully restarted social-graph-service
[2025-11-20T09:54:49.057+0000] {docker.py:438} INFO - INFO:kubernetes_actions:Restarting deployment: user-service
[2025-11-20T09:54:49.241+0000] {docker.py:438} INFO - INFO:kubernetes_actions:✅ Successfully restarted user-service
[2025-11-20T09:54:49.245+0000] {docker.py:438} INFO - INFO:kubernetes_actions:Restarting deployment: post-storage-service
[2025-11-20T09:54:49.428+0000] {docker.py:438} INFO - INFO:kubernetes_actions:✅ Successfully restarted post-storage-service
[2025-11-20T09:54:49.429+0000] {docker.py:438} INFO - INFO:kubernetes_actions:Restarting deployment: compose-post-service
[2025-11-20T09:54:49.612+0000] {docker.py:438} INFO - INFO:kubernetes_actions:✅ Successfully restarted compose-post-service
[2025-11-20T09:54:49.613+0000] {docker.py:438} INFO - INFO:kubernetes_actions:Restarting deployment: home-timeline-service
[2025-11-20T09:54:49.807+0000] {docker.py:438} INFO - INFO:kubernetes_actions:✅ Successfully restarted home-timeline-service
[2025-11-20T09:54:49.809+0000] {docker.py:438} INFO - INFO:kubernetes_actions:Restarting deployment: user-timeline-service
[2025-11-20T09:54:49.992+0000] {docker.py:438} INFO - INFO:kubernetes_actions:✅ Successfully restarted user-timeline-service
[2025-11-20T09:54:49.994+0000] {docker.py:438} INFO - INFO:kubernetes_actions:Restarting deployment: nginx-thrift
[2025-11-20T09:54:50.233+0000] {docker.py:438} INFO - INFO:kubernetes_actions:✅ Successfully restarted nginx-thrift
[2025-11-20T09:54:50.235+0000] {docker.py:438} INFO - INFO:kubernetes_actions:Restarting deployment: text-service
[2025-11-20T09:54:50.423+0000] {docker.py:438} INFO - INFO:kubernetes_actions:✅ Successfully restarted text-service
[2025-11-20T09:54:50.424+0000] {docker.py:438} INFO - INFO:kubernetes_actions:Restarting deployment: unique-id-service
[2025-11-20T09:54:50.606+0000] {docker.py:438} INFO - INFO:kubernetes_actions:✅ Successfully restarted unique-id-service
[2025-11-20T09:54:50.609+0000] {docker.py:438} INFO - INFO:kubernetes_actions:Restarting deployment: user-mention-service
[2025-11-20T09:54:50.938+0000] {docker.py:438} INFO - INFO:kubernetes_actions:✅ Successfully restarted user-mention-service
[2025-11-20T09:54:50.939+0000] {docker.py:438} INFO - INFO:kubernetes_actions:Waiting 90 seconds for services to restart...
[2025-11-20T09:56:20.937+0000] {docker.py:438} INFO - INFO:kubernetes_actions:Reinitializing social network data...
[2025-11-20T10:08:06.082+0000] {docker.py:438} INFO - INFO:kubernetes_actions:Social network reinitialization completed successfully
[2025-11-20T10:08:06.086+0000] {docker.py:438} INFO - [32m[2025-11-20 10:08:06 INFO] Let's rollback...
[2025-11-20T10:08:06.086+0000] {docker.py:438} INFO - [32m[2025-11-20 10:08:06 INFO] No declared rollbacks, let's move on.
[2025-11-20T10:08:06.087+0000] {docker.py:438} INFO - [32m[2025-11-20 10:08:06 INFO] Experiment ended with status: completed
[2025-11-20T10:08:06.387+0000] {docker.py:438} INFO - Reinitialized Social Networking APplication successfully
[2025-11-20T10:08:06.969+0000] {taskinstance.py:340} INFO - ::group::Post task execution logs
[2025-11-20T10:08:06.970+0000] {taskinstance.py:352} INFO - Marking task as SUCCESS. dag_id=Reinitialize_Application, task_id=apply_container_restart_docker, run_id=manual__2025-11-20T09:53:51.436888+00:00, execution_date=20251120T095351, start_date=20251120T095353, end_date=20251120T100806
[2025-11-20T10:08:07.069+0000] {local_task_job_runner.py:266} INFO - Task exited with return code 0
[2025-11-20T10:08:07.095+0000] {taskinstance.py:3900} INFO - 0 downstream tasks scheduled from follow-on schedule check
[2025-11-20T10:08:07.099+0000] {local_task_job_runner.py:245} INFO - ::endgroup::
