[2025-10-21T09:21:43.742+0000] {local_task_job_runner.py:123} INFO - ::group::Pre task execution logs
[2025-10-21T09:21:43.786+0000] {taskinstance.py:2612} INFO - Dependencies all met for dep_context=non-requeueable deps ti=<TaskInstance: DB_Cleanup.run_db_cleanup_docker manual__2025-10-21T09:21:42.063148+00:00 [queued]>
[2025-10-21T09:21:43.812+0000] {taskinstance.py:2612} INFO - Dependencies all met for dep_context=requeueable deps ti=<TaskInstance: DB_Cleanup.run_db_cleanup_docker manual__2025-10-21T09:21:42.063148+00:00 [queued]>
[2025-10-21T09:21:43.814+0000] {taskinstance.py:2865} INFO - Starting attempt 1 of 2
[2025-10-21T09:21:43.862+0000] {taskinstance.py:2888} INFO - Executing <Task(DockerOperator): run_db_cleanup_docker> on 2025-10-21 09:21:42.063148+00:00
[2025-10-21T09:21:43.885+0000] {standard_task_runner.py:104} INFO - Running: ['***', 'tasks', 'run', 'DB_Cleanup', 'run_db_cleanup_docker', 'manual__2025-10-21T09:21:42.063148+00:00', '--job-id', '10109', '--raw', '--subdir', 'DAGS_FOLDER/dag_factory.py', '--cfg-path', '/tmp/tmp8okzpjbk']
[2025-10-21T09:21:43.889+0000] {standard_task_runner.py:105} INFO - Job 10109: Subtask run_db_cleanup_docker
[2025-10-21T09:21:43.930+0000] {standard_task_runner.py:72} INFO - Started process 3037 to run task
[2025-10-21T09:21:44.043+0000] {task_command.py:467} INFO - Running <TaskInstance: DB_Cleanup.run_db_cleanup_docker manual__2025-10-21T09:21:42.063148+00:00 [running]> on host workflow.y2twbfvcjkaujnl2bmtbxunhcb.cx.internal.cloudapp.net
[2025-10-21T09:21:44.250+0000] {taskinstance.py:3131} INFO - Exporting env vars: AIRFLOW_CTX_DAG_OWNER='***' AIRFLOW_CTX_DAG_ID='DB_Cleanup' AIRFLOW_CTX_TASK_ID='run_db_cleanup_docker' AIRFLOW_CTX_EXECUTION_DATE='2025-10-21T09:21:42.063148+00:00' AIRFLOW_CTX_TRY_NUMBER='1' AIRFLOW_CTX_DAG_RUN_ID='manual__2025-10-21T09:21:42.063148+00:00'
[2025-10-21T09:21:44.254+0000] {taskinstance.py:731} INFO - ::endgroup::
[2025-10-21T09:21:44.343+0000] {docker.py:367} INFO - Starting docker container from image priyanshu01ce/***_chaos:latest
[2025-10-21T09:21:44.897+0000] {docker.py:438} INFO - The container is run as root user. For security, consider using a regular user account.
[2025-10-21T09:22:05.326+0000] {docker.py:438} INFO - 
[2025-10-21T09:22:05.334+0000] {docker.py:438} INFO - Starting database cleanup check...
[2025-10-21T09:22:06.479+0000] {docker.py:438} INFO - [32m[2025-10-21 09:22:06 INFO] Validating the experiment's syntax
[2025-10-21T09:22:06.748+0000] {docker.py:438} INFO - [32m[2025-10-21 09:22:06 INFO] Experiment looks valid
[2025-10-21T09:22:06.749+0000] {docker.py:438} INFO - [32m[2025-10-21 09:22:06 INFO] Running experiment: Database Cleanup Experiment
[2025-10-21T09:22:06.755+0000] {docker.py:438} INFO - [32m[2025-10-21 09:22:06 INFO] Steady-state strategy: default
[2025-10-21T09:22:06.756+0000] {docker.py:438} INFO - [32m[2025-10-21 09:22:06 INFO] Rollbacks strategy: default
[2025-10-21T09:22:06.757+0000] {docker.py:438} INFO - [32m[2025-10-21 09:22:06 INFO] No steady state hypothesis defined. That's ok, just exploring.
[2025-10-21T09:22:06.758+0000] {docker.py:438} INFO - [32m[2025-10-21 09:22:06 INFO] Playing your experiment's method now...
[2025-10-21T09:22:06.759+0000] {docker.py:438} INFO - [32m[2025-10-21 09:22:06 INFO] Probe: Check current database size
[2025-10-21T09:22:07.200+0000] {docker.py:438} INFO - [32m[2025-10-21 09:22:07 INFO] 📊 Total posts: 36763
[2025-10-21T09:22:07.200+0000] {docker.py:438} INFO - [32m[2025-10-21 09:22:07 INFO] Action: Auto cleanup if records exceed threshold
[2025-10-21T09:22:07.201+0000] {docker.py:438} INFO - [32m[2025-10-21 09:22:07 INFO] 🔍 Starting auto-cleanup check...
[2025-10-21T09:22:07.204+0000] {docker.py:438} INFO - [32m[2025-10-21 09:22:07 INFO] 📋 Database: 20.3.50.187:27017/post.post
[2025-10-21T09:22:07.205+0000] {docker.py:438} INFO - [32m[2025-10-21 09:22:07 INFO] 📊 Threshold: 10000, Keep count: 10000
[2025-10-21T09:22:07.630+0000] {docker.py:438} INFO - [32m[2025-10-21 09:22:07 INFO] 📊 Total posts: 36763
[2025-10-21T09:22:07.632+0000] {docker.py:438} INFO - [32m[2025-10-21 09:22:07 INFO] 📊 Current post count: 36763
[2025-10-21T09:22:07.633+0000] {docker.py:438} INFO - [32m[2025-10-21 09:22:07 INFO] 🗑️ Post count (36763) exceeds threshold (10000)
[2025-10-21T09:22:07.636+0000] {docker.py:438} INFO - [32m[2025-10-21 09:22:07 INFO] 🧹 Starting cleanup: will delete 26763 posts, keep latest 10000
[2025-10-21T09:22:07.985+0000] {docker.py:438} INFO - [32m[2025-10-21 09:22:07 INFO] 📊 Total posts before cleanup: 36772
[2025-10-21T09:22:10.066+0000] {docker.py:438} INFO - [32m[2025-10-21 09:22:10 INFO] ✅ Deleted 26774 posts, kept 10000 latest posts
[2025-10-21T09:22:10.094+0000] {docker.py:438} INFO - [32m[2025-10-21 09:22:10 INFO] ✅ Auto-cleanup completed successfully!
[2025-10-21T09:22:10.096+0000] {docker.py:438} INFO - [32m[2025-10-21 09:22:10 INFO] 📊 Deleted: 26774 posts
[2025-10-21T09:22:10.097+0000] {docker.py:438} INFO - [32m[2025-10-21 09:22:10 INFO] 📊 Remaining: 9998 posts
[2025-10-21T09:22:10.097+0000] {docker.py:438} INFO - [32m[2025-10-21 09:22:10 INFO] Probe: Verify final database size
[2025-10-21T09:22:10.511+0000] {docker.py:438} INFO - [32m[2025-10-21 09:22:10 INFO] 📊 Total posts: 10026
[2025-10-21T09:22:10.513+0000] {docker.py:438} INFO - [32m[2025-10-21 09:22:10 INFO] Let's rollback...
[2025-10-21T09:22:10.514+0000] {docker.py:438} INFO - [32m[2025-10-21 09:22:10 INFO] Rollback: Final verification after cleanup
[2025-10-21T09:22:10.515+0000] {docker.py:438} INFO - [32m[2025-10-21 09:22:10 INFO] Probe: Final verification after cleanup
[2025-10-21T09:22:10.932+0000] {docker.py:438} INFO - [32m[2025-10-21 09:22:10 INFO] 📊 Total posts: 10031
[2025-10-21T09:22:10.934+0000] {docker.py:438} INFO - [32m[2025-10-21 09:22:10 INFO] Experiment ended with status: completed
[2025-10-21T09:22:11.416+0000] {docker.py:438} INFO - Database cleanup completed successfully
[2025-10-21T09:22:11.781+0000] {taskinstance.py:340} INFO - ::group::Post task execution logs
[2025-10-21T09:22:11.781+0000] {taskinstance.py:352} INFO - Marking task as SUCCESS. dag_id=DB_Cleanup, task_id=run_db_cleanup_docker, run_id=manual__2025-10-21T09:21:42.063148+00:00, execution_date=20251021T092142, start_date=20251021T092143, end_date=20251021T092211
[2025-10-21T09:22:11.828+0000] {local_task_job_runner.py:266} INFO - Task exited with return code 0
[2025-10-21T09:22:11.853+0000] {taskinstance.py:3900} INFO - 0 downstream tasks scheduled from follow-on schedule check
[2025-10-21T09:22:11.858+0000] {local_task_job_runner.py:245} INFO - ::endgroup::
