[2025-10-04T09:00:02.032+0000] {local_task_job_runner.py:123} INFO - ::group::Pre task execution logs
[2025-10-04T09:00:02.076+0000] {taskinstance.py:2612} INFO - Dependencies all met for dep_context=non-requeueable deps ti=<TaskInstance: Cordon_Uncordon_Node.apply_cordon_uncordon_node scheduled__2025-10-04T06:00:00+00:00 [queued]>
[2025-10-04T09:00:02.096+0000] {taskinstance.py:2612} INFO - Dependencies all met for dep_context=requeueable deps ti=<TaskInstance: Cordon_Uncordon_Node.apply_cordon_uncordon_node scheduled__2025-10-04T06:00:00+00:00 [queued]>
[2025-10-04T09:00:02.097+0000] {taskinstance.py:2865} INFO - Starting attempt 1 of 1
[2025-10-04T09:00:02.128+0000] {taskinstance.py:2888} INFO - Executing <Task(DockerOperator): apply_cordon_uncordon_node> on 2025-10-04 06:00:00+00:00
[2025-10-04T09:00:02.144+0000] {standard_task_runner.py:72} INFO - Started process 810 to run task
[2025-10-04T09:00:02.151+0000] {standard_task_runner.py:104} INFO - Running: ['***', 'tasks', 'run', 'Cordon_Uncordon_Node', 'apply_cordon_uncordon_node', 'scheduled__2025-10-04T06:00:00+00:00', '--job-id', '271', '--raw', '--subdir', 'DAGS_FOLDER/dag_factory.py', '--cfg-path', '/tmp/tmp37aw11ug']
[2025-10-04T09:00:02.154+0000] {standard_task_runner.py:105} INFO - Job 271: Subtask apply_cordon_uncordon_node
[2025-10-04T09:00:02.273+0000] {task_command.py:467} INFO - Running <TaskInstance: Cordon_Uncordon_Node.apply_cordon_uncordon_node scheduled__2025-10-04T06:00:00+00:00 [running]> on host workflow.y2twbfvcjkaujnl2bmtbxunhcb.cx.internal.cloudapp.net
[2025-10-04T09:00:02.507+0000] {taskinstance.py:3131} INFO - Exporting env vars: AIRFLOW_CTX_DAG_OWNER='***' AIRFLOW_CTX_DAG_ID='Cordon_Uncordon_Node' AIRFLOW_CTX_TASK_ID='apply_cordon_uncordon_node' AIRFLOW_CTX_EXECUTION_DATE='2025-10-04T06:00:00+00:00' AIRFLOW_CTX_TRY_NUMBER='1' AIRFLOW_CTX_DAG_RUN_ID='scheduled__2025-10-04T06:00:00+00:00'
[2025-10-04T09:00:02.512+0000] {taskinstance.py:731} INFO - ::endgroup::
[2025-10-04T09:00:02.614+0000] {docker.py:367} INFO - Starting docker container from image ***_chaos:latest
[2025-10-04T09:00:03.156+0000] {docker.py:438} INFO - The container is run as root user. For security, consider using a regular user account.
[2025-10-04T09:00:16.724+0000] {docker.py:438} INFO - 
[2025-10-04T09:00:17.507+0000] {docker.py:438} INFO - [32m[2025-10-04 09:00:17 INFO] Validating the experiment's syntax
[2025-10-04T09:00:17.809+0000] {docker.py:438} INFO - [32m[2025-10-04 09:00:17 INFO] Experiment looks valid
[2025-10-04T09:00:17.810+0000] {docker.py:438} INFO - [32m[2025-10-04 09:00:17 INFO] Running experiment: Cordon-Pod Restart Combined Experiment
[2025-10-04T09:00:17.812+0000] {docker.py:438} INFO - [32m[2025-10-04 09:00:17 INFO] Steady-state strategy: default
[2025-10-04T09:00:17.812+0000] {docker.py:438} INFO - [32m[2025-10-04 09:00:17 INFO] Rollbacks strategy: default
[2025-10-04T09:00:17.813+0000] {docker.py:438} INFO - [32m[2025-10-04 09:00:17 INFO] No steady state hypothesis defined. That's ok, just exploring.
[2025-10-04T09:00:17.813+0000] {docker.py:438} INFO - [32m[2025-10-04 09:00:17 INFO] Playing your experiment's method now...
[2025-10-04T09:00:17.814+0000] {docker.py:438} INFO - [32m[2025-10-04 09:00:17 INFO] Action: cordon-nodes
[2025-10-04T09:00:18.835+0000] {docker.py:438} INFO - [32m[2025-10-04 09:00:18 INFO] Action: continuous-pod-restart-during-cordon
[2025-10-04T09:05:04.537+0000] {docker.py:438} INFO - 🚀 Starting continuous pod restart experiment
[2025-10-04T09:05:04.538+0000] {docker.py:438} INFO - 📅 Interval: 20 seconds
[2025-10-04T09:05:04.538+0000] {docker.py:438} INFO - ⏱️  Duration: 300 seconds
[2025-10-04T09:05:04.539+0000] {docker.py:438} INFO - 🎯 Target: app=post-storage-service
[2025-10-04T09:05:04.539+0000] {docker.py:438} INFO - 📍 Namespace: default
[2025-10-04T09:05:04.541+0000] {docker.py:438} INFO - 
[2025-10-04T09:05:04.541+0000] {docker.py:438} INFO - ==================================================
[2025-10-04T09:05:04.541+0000] {docker.py:438} INFO - 🔄 Restart #1 at 2025-10-04 09:00:18
[2025-10-04T09:05:04.542+0000] {docker.py:438} INFO - ==================================================
[2025-10-04T09:05:04.542+0000] {docker.py:438} INFO - Hello world - terminate function started!
[2025-10-04T09:05:04.542+0000] {docker.py:438} INFO - Selecting pods with label_selector: app=post-storage-service
[2025-10-04T09:05:04.543+0000] {docker.py:438} INFO - Found 1 pods initially
[2025-10-04T09:05:04.543+0000] {docker.py:438} INFO - Random selection: 1 pods
[2025-10-04T09:05:04.544+0000] {docker.py:438} INFO - Deleting pod: post-storage-service-769cf6947d-pgfzd
[2025-10-04T09:05:04.544+0000] {docker.py:438} INFO - Deleted 1 pods: ['post-storage-service-769cf6947d-pgfzd']
[2025-10-04T09:05:04.544+0000] {docker.py:438} INFO - ✅ Successfully restarted pods: ['post-storage-service-769cf6947d-pgfzd']
[2025-10-04T09:05:04.545+0000] {docker.py:438} INFO - ⏳ Waiting 20 seconds until next restart...
[2025-10-04T09:05:04.545+0000] {docker.py:438} INFO - 📊 Time remaining: 300 seconds
[2025-10-04T09:05:04.545+0000] {docker.py:438} INFO - 
[2025-10-04T09:05:04.546+0000] {docker.py:438} INFO - ==================================================
[2025-10-04T09:05:04.546+0000] {docker.py:438} INFO - 🔄 Restart #2 at 2025-10-04 09:00:39
[2025-10-04T09:05:04.546+0000] {docker.py:438} INFO - ==================================================
[2025-10-04T09:05:04.547+0000] {docker.py:438} INFO - Hello world - terminate function started!
[2025-10-04T09:05:04.547+0000] {docker.py:438} INFO - Selecting pods with label_selector: app=post-storage-service
[2025-10-04T09:05:04.548+0000] {docker.py:438} INFO - Found 2 pods initially
[2025-10-04T09:05:04.548+0000] {docker.py:438} INFO - Random selection: 1 pods
[2025-10-04T09:05:04.548+0000] {docker.py:438} INFO - Deleting pod: post-storage-service-769cf6947d-h22vs
[2025-10-04T09:05:04.548+0000] {docker.py:438} INFO - Deleted 1 pods: ['post-storage-service-769cf6947d-h22vs']
[2025-10-04T09:05:04.549+0000] {docker.py:438} INFO - ✅ Successfully restarted pods: ['post-storage-service-769cf6947d-h22vs']
[2025-10-04T09:05:04.549+0000] {docker.py:438} INFO - ⏳ Waiting 20 seconds until next restart...
[2025-10-04T09:05:04.549+0000] {docker.py:438} INFO - 📊 Time remaining: 279 seconds
[2025-10-04T09:05:04.549+0000] {docker.py:438} INFO - 
[2025-10-04T09:05:04.549+0000] {docker.py:438} INFO - ==================================================
[2025-10-04T09:05:04.549+0000] {docker.py:438} INFO - 🔄 Restart #3 at 2025-10-04 09:00:59
[2025-10-04T09:05:04.550+0000] {docker.py:438} INFO - ==================================================
[2025-10-04T09:05:04.550+0000] {docker.py:438} INFO - Hello world - terminate function started!
[2025-10-04T09:05:04.550+0000] {docker.py:438} INFO - Selecting pods with label_selector: app=post-storage-service
[2025-10-04T09:05:04.551+0000] {docker.py:438} INFO - Found 2 pods initially
[2025-10-04T09:05:04.551+0000] {docker.py:438} INFO - Random selection: 1 pods
[2025-10-04T09:05:04.551+0000] {docker.py:438} INFO - Deleting pod: post-storage-service-769cf6947d-h22vs
[2025-10-04T09:05:04.552+0000] {docker.py:438} INFO - Deleted 1 pods: ['post-storage-service-769cf6947d-h22vs']
[2025-10-04T09:05:04.552+0000] {docker.py:438} INFO - ✅ Successfully restarted pods: ['post-storage-service-769cf6947d-h22vs']
[2025-10-04T09:05:04.552+0000] {docker.py:438} INFO - ⏳ Waiting 20 seconds until next restart...
[2025-10-04T09:05:04.553+0000] {docker.py:438} INFO - 📊 Time remaining: 259 seconds
[2025-10-04T09:05:04.553+0000] {docker.py:438} INFO - 
[2025-10-04T09:05:04.553+0000] {docker.py:438} INFO - ==================================================
[2025-10-04T09:05:04.554+0000] {docker.py:438} INFO - 🔄 Restart #4 at 2025-10-04 09:01:20
[2025-10-04T09:05:04.554+0000] {docker.py:438} INFO - ==================================================
[2025-10-04T09:05:04.554+0000] {docker.py:438} INFO - Hello world - terminate function started!
[2025-10-04T09:05:04.555+0000] {docker.py:438} INFO - Selecting pods with label_selector: app=post-storage-service
[2025-10-04T09:05:04.555+0000] {docker.py:438} INFO - Found 1 pods initially
[2025-10-04T09:05:04.555+0000] {docker.py:438} INFO - Random selection: 1 pods
[2025-10-04T09:05:04.556+0000] {docker.py:438} INFO - Deleting pod: post-storage-service-769cf6947d-qtql8
[2025-10-04T09:05:04.556+0000] {docker.py:438} INFO - Deleted 1 pods: ['post-storage-service-769cf6947d-qtql8']
[2025-10-04T09:05:04.556+0000] {docker.py:438} INFO - ✅ Successfully restarted pods: ['post-storage-service-769cf6947d-qtql8']
[2025-10-04T09:05:04.557+0000] {docker.py:438} INFO - ⏳ Waiting 20 seconds until next restart...
[2025-10-04T09:05:04.557+0000] {docker.py:438} INFO - 📊 Time remaining: 238 seconds
[2025-10-04T09:05:04.557+0000] {docker.py:438} INFO - 
[2025-10-04T09:05:04.558+0000] {docker.py:438} INFO - ==================================================
[2025-10-04T09:05:04.558+0000] {docker.py:438} INFO - 🔄 Restart #5 at 2025-10-04 09:01:40
[2025-10-04T09:05:04.558+0000] {docker.py:438} INFO - ==================================================
[2025-10-04T09:05:04.558+0000] {docker.py:438} INFO - Hello world - terminate function started!
[2025-10-04T09:05:04.559+0000] {docker.py:438} INFO - Selecting pods with label_selector: app=post-storage-service
[2025-10-04T09:05:04.559+0000] {docker.py:438} INFO - Found 2 pods initially
[2025-10-04T09:05:04.559+0000] {docker.py:438} INFO - Random selection: 1 pods
[2025-10-04T09:05:04.560+0000] {docker.py:438} INFO - Deleting pod: post-storage-service-769cf6947d-qtql8
[2025-10-04T09:05:04.560+0000] {docker.py:438} INFO - Deleted 1 pods: ['post-storage-service-769cf6947d-qtql8']
[2025-10-04T09:05:04.560+0000] {docker.py:438} INFO - ✅ Successfully restarted pods: ['post-storage-service-769cf6947d-qtql8']
[2025-10-04T09:05:04.561+0000] {docker.py:438} INFO - ⏳ Waiting 20 seconds until next restart...
[2025-10-04T09:05:04.561+0000] {docker.py:438} INFO - 📊 Time remaining: 218 seconds
[2025-10-04T09:05:04.561+0000] {docker.py:438} INFO - 
[2025-10-04T09:05:04.561+0000] {docker.py:438} INFO - ==================================================
[2025-10-04T09:05:04.561+0000] {docker.py:438} INFO - 🔄 Restart #6 at 2025-10-04 09:02:00
[2025-10-04T09:05:04.562+0000] {docker.py:438} INFO - ==================================================
[2025-10-04T09:05:04.562+0000] {docker.py:438} INFO - Hello world - terminate function started!
[2025-10-04T09:05:04.562+0000] {docker.py:438} INFO - Selecting pods with label_selector: app=post-storage-service
[2025-10-04T09:05:04.562+0000] {docker.py:438} INFO - Found 1 pods initially
[2025-10-04T09:05:04.562+0000] {docker.py:438} INFO - Random selection: 1 pods
[2025-10-04T09:05:04.563+0000] {docker.py:438} INFO - Deleting pod: post-storage-service-769cf6947d-wfsms
[2025-10-04T09:05:04.563+0000] {docker.py:438} INFO - Deleted 1 pods: ['post-storage-service-769cf6947d-wfsms']
[2025-10-04T09:05:04.563+0000] {docker.py:438} INFO - ✅ Successfully restarted pods: ['post-storage-service-769cf6947d-wfsms']
[2025-10-04T09:05:04.563+0000] {docker.py:438} INFO - ⏳ Waiting 20 seconds until next restart...
[2025-10-04T09:05:04.563+0000] {docker.py:438} INFO - 📊 Time remaining: 198 seconds
[2025-10-04T09:05:04.564+0000] {docker.py:438} INFO - 
[2025-10-04T09:05:04.564+0000] {docker.py:438} INFO - ==================================================
[2025-10-04T09:05:04.564+0000] {docker.py:438} INFO - 🔄 Restart #7 at 2025-10-04 09:02:21
[2025-10-04T09:05:04.564+0000] {docker.py:438} INFO - ==================================================
[2025-10-04T09:05:04.565+0000] {docker.py:438} INFO - Hello world - terminate function started!
[2025-10-04T09:05:04.565+0000] {docker.py:438} INFO - Selecting pods with label_selector: app=post-storage-service
[2025-10-04T09:05:04.565+0000] {docker.py:438} INFO - Found 2 pods initially
[2025-10-04T09:05:04.566+0000] {docker.py:438} INFO - Random selection: 1 pods
[2025-10-04T09:05:04.566+0000] {docker.py:438} INFO - Deleting pod: post-storage-service-769cf6947d-wfsms
[2025-10-04T09:05:04.566+0000] {docker.py:438} INFO - Deleted 1 pods: ['post-storage-service-769cf6947d-wfsms']
[2025-10-04T09:05:04.567+0000] {docker.py:438} INFO - ✅ Successfully restarted pods: ['post-storage-service-769cf6947d-wfsms']
[2025-10-04T09:05:04.567+0000] {docker.py:438} INFO - ⏳ Waiting 20 seconds until next restart...
[2025-10-04T09:05:04.567+0000] {docker.py:438} INFO - 📊 Time remaining: 177 seconds
[2025-10-04T09:05:04.568+0000] {docker.py:438} INFO - 
[2025-10-04T09:05:04.568+0000] {docker.py:438} INFO - ==================================================
[2025-10-04T09:05:04.568+0000] {docker.py:438} INFO - 🔄 Restart #8 at 2025-10-04 09:02:41
[2025-10-04T09:05:04.569+0000] {docker.py:438} INFO - ==================================================
[2025-10-04T09:05:04.569+0000] {docker.py:438} INFO - Hello world - terminate function started!
[2025-10-04T09:05:04.569+0000] {docker.py:438} INFO - Selecting pods with label_selector: app=post-storage-service
[2025-10-04T09:05:04.570+0000] {docker.py:438} INFO - Found 1 pods initially
[2025-10-04T09:05:04.570+0000] {docker.py:438} INFO - Random selection: 1 pods
[2025-10-04T09:05:04.570+0000] {docker.py:438} INFO - Deleting pod: post-storage-service-769cf6947d-zxk9j
[2025-10-04T09:05:04.571+0000] {docker.py:438} INFO - Deleted 1 pods: ['post-storage-service-769cf6947d-zxk9j']
[2025-10-04T09:05:04.571+0000] {docker.py:438} INFO - ✅ Successfully restarted pods: ['post-storage-service-769cf6947d-zxk9j']
[2025-10-04T09:05:04.571+0000] {docker.py:438} INFO - ⏳ Waiting 20 seconds until next restart...
[2025-10-04T09:05:04.572+0000] {docker.py:438} INFO - 📊 Time remaining: 157 seconds
[2025-10-04T09:05:04.572+0000] {docker.py:438} INFO - 
[2025-10-04T09:05:04.572+0000] {docker.py:438} INFO - ==================================================
[2025-10-04T09:05:04.573+0000] {docker.py:438} INFO - 🔄 Restart #9 at 2025-10-04 09:03:01
[2025-10-04T09:05:04.573+0000] {docker.py:438} INFO - ==================================================
[2025-10-04T09:05:04.573+0000] {docker.py:438} INFO - Hello world - terminate function started!
[2025-10-04T09:05:04.573+0000] {docker.py:438} INFO - Selecting pods with label_selector: app=post-storage-service
[2025-10-04T09:05:04.574+0000] {docker.py:438} INFO - Found 2 pods initially
[2025-10-04T09:05:04.574+0000] {docker.py:438} INFO - Random selection: 1 pods
[2025-10-04T09:05:04.574+0000] {docker.py:438} INFO - Deleting pod: post-storage-service-769cf6947d-srnnb
[2025-10-04T09:05:04.575+0000] {docker.py:438} INFO - Deleted 1 pods: ['post-storage-service-769cf6947d-srnnb']
[2025-10-04T09:05:04.575+0000] {docker.py:438} INFO - ✅ Successfully restarted pods: ['post-storage-service-769cf6947d-srnnb']
[2025-10-04T09:05:04.575+0000] {docker.py:438} INFO - ⏳ Waiting 20 seconds until next restart...
[2025-10-04T09:05:04.576+0000] {docker.py:438} INFO - 📊 Time remaining: 136 seconds
[2025-10-04T09:05:04.576+0000] {docker.py:438} INFO - 
[2025-10-04T09:05:04.576+0000] {docker.py:438} INFO - ==================================================
[2025-10-04T09:05:04.577+0000] {docker.py:438} INFO - 🔄 Restart #10 at 2025-10-04 09:03:22
[2025-10-04T09:05:04.577+0000] {docker.py:438} INFO - ==================================================
[2025-10-04T09:05:04.577+0000] {docker.py:438} INFO - Hello world - terminate function started!
[2025-10-04T09:05:04.577+0000] {docker.py:438} INFO - Selecting pods with label_selector: app=post-storage-service
[2025-10-04T09:05:04.578+0000] {docker.py:438} INFO - Found 2 pods initially
[2025-10-04T09:05:04.578+0000] {docker.py:438} INFO - Random selection: 1 pods
[2025-10-04T09:05:04.578+0000] {docker.py:438} INFO - Deleting pod: post-storage-service-769cf6947d-srnnb
[2025-10-04T09:05:04.579+0000] {docker.py:438} INFO - Deleted 1 pods: ['post-storage-service-769cf6947d-srnnb']
[2025-10-04T09:05:04.579+0000] {docker.py:438} INFO - ✅ Successfully restarted pods: ['post-storage-service-769cf6947d-srnnb']
[2025-10-04T09:05:04.579+0000] {docker.py:438} INFO - ⏳ Waiting 20 seconds until next restart...
[2025-10-04T09:05:04.579+0000] {docker.py:438} INFO - 📊 Time remaining: 116 seconds
[2025-10-04T09:05:04.579+0000] {docker.py:438} INFO - 
[2025-10-04T09:05:04.579+0000] {docker.py:438} INFO - ==================================================
[2025-10-04T09:05:04.580+0000] {docker.py:438} INFO - 🔄 Restart #11 at 2025-10-04 09:03:42
[2025-10-04T09:05:04.580+0000] {docker.py:438} INFO - ==================================================
[2025-10-04T09:05:04.580+0000] {docker.py:438} INFO - Hello world - terminate function started!
[2025-10-04T09:05:04.580+0000] {docker.py:438} INFO - Selecting pods with label_selector: app=post-storage-service
[2025-10-04T09:05:04.580+0000] {docker.py:438} INFO - Found 1 pods initially
[2025-10-04T09:05:04.581+0000] {docker.py:438} INFO - Random selection: 1 pods
[2025-10-04T09:05:04.581+0000] {docker.py:438} INFO - Deleting pod: post-storage-service-769cf6947d-cx7j7
[2025-10-04T09:05:04.581+0000] {docker.py:438} INFO - Deleted 1 pods: ['post-storage-service-769cf6947d-cx7j7']
[2025-10-04T09:05:04.581+0000] {docker.py:438} INFO - ✅ Successfully restarted pods: ['post-storage-service-769cf6947d-cx7j7']
[2025-10-04T09:05:04.581+0000] {docker.py:438} INFO - ⏳ Waiting 20 seconds until next restart...
[2025-10-04T09:05:04.582+0000] {docker.py:438} INFO - 📊 Time remaining: 96 seconds
[2025-10-04T09:05:04.582+0000] {docker.py:438} INFO - 
[2025-10-04T09:05:04.582+0000] {docker.py:438} INFO - ==================================================
[2025-10-04T09:05:04.582+0000] {docker.py:438} INFO - 🔄 Restart #12 at 2025-10-04 09:04:03
[2025-10-04T09:05:04.582+0000] {docker.py:438} INFO - ==================================================
[2025-10-04T09:05:04.582+0000] {docker.py:438} INFO - Hello world - terminate function started!
[2025-10-04T09:05:04.583+0000] {docker.py:438} INFO - Selecting pods with label_selector: app=post-storage-service
[2025-10-04T09:05:04.583+0000] {docker.py:438} INFO - Found 2 pods initially
[2025-10-04T09:05:04.583+0000] {docker.py:438} INFO - Random selection: 1 pods
[2025-10-04T09:05:04.583+0000] {docker.py:438} INFO - Deleting pod: post-storage-service-769cf6947d-6jwvb
[2025-10-04T09:05:04.583+0000] {docker.py:438} INFO - Deleted 1 pods: ['post-storage-service-769cf6947d-6jwvb']
[2025-10-04T09:05:04.583+0000] {docker.py:438} INFO - ✅ Successfully restarted pods: ['post-storage-service-769cf6947d-6jwvb']
[2025-10-04T09:05:04.584+0000] {docker.py:438} INFO - ⏳ Waiting 20 seconds until next restart...
[2025-10-04T09:05:04.584+0000] {docker.py:438} INFO - 📊 Time remaining: 75 seconds
[2025-10-04T09:05:04.584+0000] {docker.py:438} INFO - 
[2025-10-04T09:05:04.584+0000] {docker.py:438} INFO - ==================================================
[2025-10-04T09:05:04.584+0000] {docker.py:438} INFO - 🔄 Restart #13 at 2025-10-04 09:04:23
[2025-10-04T09:05:04.585+0000] {docker.py:438} INFO - ==================================================
[2025-10-04T09:05:04.585+0000] {docker.py:438} INFO - Hello world - terminate function started!
[2025-10-04T09:05:04.585+0000] {docker.py:438} INFO - Selecting pods with label_selector: app=post-storage-service
[2025-10-04T09:05:04.585+0000] {docker.py:438} INFO - Found 2 pods initially
[2025-10-04T09:05:04.585+0000] {docker.py:438} INFO - Random selection: 1 pods
[2025-10-04T09:05:04.585+0000] {docker.py:438} INFO - Deleting pod: post-storage-service-769cf6947d-sglmm
[2025-10-04T09:05:04.586+0000] {docker.py:438} INFO - Deleted 1 pods: ['post-storage-service-769cf6947d-sglmm']
[2025-10-04T09:05:04.586+0000] {docker.py:438} INFO - ✅ Successfully restarted pods: ['post-storage-service-769cf6947d-sglmm']
[2025-10-04T09:05:04.586+0000] {docker.py:438} INFO - ⏳ Waiting 20 seconds until next restart...
[2025-10-04T09:05:04.586+0000] {docker.py:438} INFO - 📊 Time remaining: 55 seconds
[2025-10-04T09:05:04.587+0000] {docker.py:438} INFO - 
[2025-10-04T09:05:04.587+0000] {docker.py:438} INFO - ==================================================
[2025-10-04T09:05:04.587+0000] {docker.py:438} INFO - 🔄 Restart #14 at 2025-10-04 09:04:44
[2025-10-04T09:05:04.587+0000] {docker.py:438} INFO - ==================================================
[2025-10-04T09:05:04.587+0000] {docker.py:438} INFO - Hello world - terminate function started!
[2025-10-04T09:05:04.587+0000] {docker.py:438} INFO - Selecting pods with label_selector: app=post-storage-service
[2025-10-04T09:05:04.588+0000] {docker.py:438} INFO - Found 2 pods initially
[2025-10-04T09:05:04.588+0000] {docker.py:438} INFO - Random selection: 1 pods
[2025-10-04T09:05:04.588+0000] {docker.py:438} INFO - Deleting pod: post-storage-service-769cf6947d-sglmm
[2025-10-04T09:05:04.589+0000] {docker.py:438} INFO - Deleted 1 pods: ['post-storage-service-769cf6947d-sglmm']
[2025-10-04T09:05:04.589+0000] {docker.py:438} INFO - ✅ Successfully restarted pods: ['post-storage-service-769cf6947d-sglmm']
[2025-10-04T09:05:04.589+0000] {docker.py:438} INFO - ⏳ Waiting 20 seconds until next restart...
[2025-10-04T09:05:04.589+0000] {docker.py:438} INFO - 📊 Time remaining: 34 seconds
[2025-10-04T09:05:04.590+0000] {docker.py:438} INFO - 
[2025-10-04T09:05:04.590+0000] {docker.py:438} INFO - ==================================================
[2025-10-04T09:05:04.590+0000] {docker.py:438} INFO - 🔄 Restart #15 at 2025-10-04 09:05:04
[2025-10-04T09:05:04.591+0000] {docker.py:438} INFO - ==================================================
[2025-10-04T09:05:04.591+0000] {docker.py:438} INFO - Hello world - terminate function started!
[2025-10-04T09:05:04.591+0000] {docker.py:438} INFO - Selecting pods with label_selector: app=post-storage-service
[2025-10-04T09:05:04.858+0000] {docker.py:438} INFO - [32m[2025-10-04 09:05:04 INFO] Let's rollback...
[2025-10-04T09:05:04.859+0000] {docker.py:438} INFO - [32m[2025-10-04 09:05:04 INFO] Rollback: uncordon-all-nodes
[2025-10-04T09:05:04.859+0000] {docker.py:438} INFO - [32m[2025-10-04 09:05:04 INFO] Action: uncordon-all-nodes
[2025-10-04T09:05:05.820+0000] {docker.py:438} INFO - [32m[2025-10-04 09:05:05 INFO] Experiment ended with status: completed
[2025-10-04T09:05:05.821+0000] {docker.py:438} INFO - Found 1 pods initially
[2025-10-04T09:05:05.821+0000] {docker.py:438} INFO - Random selection: 1 pods
[2025-10-04T09:05:05.822+0000] {docker.py:438} INFO - Deleting pod: post-storage-service-769cf6947d-hjrg9
[2025-10-04T09:05:05.822+0000] {docker.py:438} INFO - Deleted 1 pods: ['post-storage-service-769cf6947d-hjrg9']
[2025-10-04T09:05:05.822+0000] {docker.py:438} INFO - ✅ Successfully restarted pods: ['post-storage-service-769cf6947d-hjrg9']
[2025-10-04T09:05:05.823+0000] {docker.py:438} INFO - ⏰ Less than 20 seconds remaining, stopping experiment
[2025-10-04T09:05:05.823+0000] {docker.py:438} INFO - 
[2025-10-04T09:05:05.823+0000] {docker.py:438} INFO - ==================================================
[2025-10-04T09:05:05.824+0000] {docker.py:438} INFO - 🏁 Experiment Completed!
[2025-10-04T09:05:05.824+0000] {docker.py:438} INFO - ==================================================
[2025-10-04T09:05:05.824+0000] {docker.py:438} INFO - 📈 Total restarts performed: 15
[2025-10-04T09:05:05.825+0000] {docker.py:438} INFO - ⏱️  Total duration: 286 seconds
[2025-10-04T09:05:05.825+0000] {docker.py:438} INFO - 📊 Average interval: 19.1 seconds
[2025-10-04T09:05:06.081+0000] {taskinstance.py:340} INFO - ::group::Post task execution logs
[2025-10-04T09:05:06.081+0000] {taskinstance.py:352} INFO - Marking task as SUCCESS. dag_id=Cordon_Uncordon_Node, task_id=apply_cordon_uncordon_node, run_id=scheduled__2025-10-04T06:00:00+00:00, execution_date=20251004T060000, start_date=20251004T090002, end_date=20251004T090506
[2025-10-04T09:05:06.118+0000] {local_task_job_runner.py:266} INFO - Task exited with return code 0
[2025-10-04T09:05:06.131+0000] {taskinstance.py:3900} INFO - 0 downstream tasks scheduled from follow-on schedule check
[2025-10-04T09:05:06.134+0000] {local_task_job_runner.py:245} INFO - ::endgroup::
