[2025-10-04T18:00:02.311+0000] {local_task_job_runner.py:123} INFO - ::group::Pre task execution logs
[2025-10-04T18:00:02.332+0000] {taskinstance.py:2612} INFO - Dependencies all met for dep_context=non-requeueable deps ti=<TaskInstance: Cordon_Uncordon_Node.apply_cordon_uncordon_node scheduled__2025-10-04T15:00:00+00:00 [queued]>
[2025-10-04T18:00:02.345+0000] {taskinstance.py:2612} INFO - Dependencies all met for dep_context=requeueable deps ti=<TaskInstance: Cordon_Uncordon_Node.apply_cordon_uncordon_node scheduled__2025-10-04T15:00:00+00:00 [queued]>
[2025-10-04T18:00:02.346+0000] {taskinstance.py:2865} INFO - Starting attempt 1 of 1
[2025-10-04T18:00:02.373+0000] {taskinstance.py:2888} INFO - Executing <Task(DockerOperator): apply_cordon_uncordon_node> on 2025-10-04 15:00:00+00:00
[2025-10-04T18:00:02.390+0000] {standard_task_runner.py:72} INFO - Started process 884 to run task
[2025-10-04T18:00:02.404+0000] {standard_task_runner.py:104} INFO - Running: ['***', 'tasks', 'run', 'Cordon_Uncordon_Node', 'apply_cordon_uncordon_node', 'scheduled__2025-10-04T15:00:00+00:00', '--job-id', '296', '--raw', '--subdir', 'DAGS_FOLDER/dag_factory.py', '--cfg-path', '/tmp/tmpk05bw41_']
[2025-10-04T18:00:02.406+0000] {standard_task_runner.py:105} INFO - Job 296: Subtask apply_cordon_uncordon_node
[2025-10-04T18:00:02.507+0000] {task_command.py:467} INFO - Running <TaskInstance: Cordon_Uncordon_Node.apply_cordon_uncordon_node scheduled__2025-10-04T15:00:00+00:00 [running]> on host workflow.y2twbfvcjkaujnl2bmtbxunhcb.cx.internal.cloudapp.net
[2025-10-04T18:00:02.685+0000] {taskinstance.py:3131} INFO - Exporting env vars: AIRFLOW_CTX_DAG_OWNER='***' AIRFLOW_CTX_DAG_ID='Cordon_Uncordon_Node' AIRFLOW_CTX_TASK_ID='apply_cordon_uncordon_node' AIRFLOW_CTX_EXECUTION_DATE='2025-10-04T15:00:00+00:00' AIRFLOW_CTX_TRY_NUMBER='1' AIRFLOW_CTX_DAG_RUN_ID='scheduled__2025-10-04T15:00:00+00:00'
[2025-10-04T18:00:02.687+0000] {taskinstance.py:731} INFO - ::endgroup::
[2025-10-04T18:00:02.733+0000] {docker.py:367} INFO - Starting docker container from image ***_chaos:latest
[2025-10-04T18:00:03.230+0000] {docker.py:438} INFO - The container is run as root user. For security, consider using a regular user account.
[2025-10-04T18:00:16.838+0000] {docker.py:438} INFO - 
[2025-10-04T18:00:17.515+0000] {docker.py:438} INFO - [32m[2025-10-04 18:00:17 INFO] Validating the experiment's syntax
[2025-10-04T18:00:17.934+0000] {docker.py:438} INFO - [32m[2025-10-04 18:00:17 INFO] Experiment looks valid
[2025-10-04T18:00:17.935+0000] {docker.py:438} INFO - [32m[2025-10-04 18:00:17 INFO] Running experiment: Cordon-Pod Restart Combined Experiment
[2025-10-04T18:00:17.938+0000] {docker.py:438} INFO - [32m[2025-10-04 18:00:17 INFO] Steady-state strategy: default
[2025-10-04T18:00:17.938+0000] {docker.py:438} INFO - [32m[2025-10-04 18:00:17 INFO] Rollbacks strategy: default
[2025-10-04T18:00:17.939+0000] {docker.py:438} INFO - [32m[2025-10-04 18:00:17 INFO] No steady state hypothesis defined. That's ok, just exploring.
[2025-10-04T18:00:17.939+0000] {docker.py:438} INFO - [32m[2025-10-04 18:00:17 INFO] Playing your experiment's method now...
[2025-10-04T18:00:17.939+0000] {docker.py:438} INFO - [32m[2025-10-04 18:00:17 INFO] Action: cordon-nodes
[2025-10-04T18:00:18.936+0000] {docker.py:438} INFO - [32m[2025-10-04 18:00:18 INFO] Action: continuous-pod-restart-during-cordon
[2025-10-04T18:05:04.974+0000] {docker.py:438} INFO - 🚀 Starting continuous pod restart experiment
[2025-10-04T18:05:04.974+0000] {docker.py:438} INFO - 📅 Interval: 20 seconds
[2025-10-04T18:05:04.974+0000] {docker.py:438} INFO - ⏱️  Duration: 300 seconds
[2025-10-04T18:05:04.975+0000] {docker.py:438} INFO - 🎯 Target: app=post-storage-service
[2025-10-04T18:05:04.975+0000] {docker.py:438} INFO - 📍 Namespace: default
[2025-10-04T18:05:04.975+0000] {docker.py:438} INFO - 
[2025-10-04T18:05:04.975+0000] {docker.py:438} INFO - ==================================================
[2025-10-04T18:05:04.976+0000] {docker.py:438} INFO - 🔄 Restart #1 at 2025-10-04 18:00:18
[2025-10-04T18:05:04.976+0000] {docker.py:438} INFO - ==================================================
[2025-10-04T18:05:04.976+0000] {docker.py:438} INFO - Hello world - terminate function started!
[2025-10-04T18:05:04.976+0000] {docker.py:438} INFO - Selecting pods with label_selector: app=post-storage-service
[2025-10-04T18:05:04.976+0000] {docker.py:438} INFO - Found 1 pods initially
[2025-10-04T18:05:04.977+0000] {docker.py:438} INFO - Random selection: 1 pods
[2025-10-04T18:05:04.977+0000] {docker.py:438} INFO - Deleting pod: post-storage-service-769cf6947d-pvfp9
[2025-10-04T18:05:04.977+0000] {docker.py:438} INFO - Deleted 1 pods: ['post-storage-service-769cf6947d-pvfp9']
[2025-10-04T18:05:04.977+0000] {docker.py:438} INFO - ✅ Successfully restarted pods: ['post-storage-service-769cf6947d-pvfp9']
[2025-10-04T18:05:04.977+0000] {docker.py:438} INFO - ⏳ Waiting 20 seconds until next restart...
[2025-10-04T18:05:04.978+0000] {docker.py:438} INFO - 📊 Time remaining: 300 seconds
[2025-10-04T18:05:04.978+0000] {docker.py:438} INFO - 
[2025-10-04T18:05:04.978+0000] {docker.py:438} INFO - ==================================================
[2025-10-04T18:05:04.978+0000] {docker.py:438} INFO - 🔄 Restart #2 at 2025-10-04 18:00:39
[2025-10-04T18:05:04.979+0000] {docker.py:438} INFO - ==================================================
[2025-10-04T18:05:04.979+0000] {docker.py:438} INFO - Hello world - terminate function started!
[2025-10-04T18:05:04.979+0000] {docker.py:438} INFO - Selecting pods with label_selector: app=post-storage-service
[2025-10-04T18:05:04.979+0000] {docker.py:438} INFO - Found 2 pods initially
[2025-10-04T18:05:04.980+0000] {docker.py:438} INFO - Random selection: 1 pods
[2025-10-04T18:05:04.980+0000] {docker.py:438} INFO - Deleting pod: post-storage-service-769cf6947d-pvfp9
[2025-10-04T18:05:04.980+0000] {docker.py:438} INFO - Deleted 1 pods: ['post-storage-service-769cf6947d-pvfp9']
[2025-10-04T18:05:04.980+0000] {docker.py:438} INFO - ✅ Successfully restarted pods: ['post-storage-service-769cf6947d-pvfp9']
[2025-10-04T18:05:04.981+0000] {docker.py:438} INFO - ⏳ Waiting 20 seconds until next restart...
[2025-10-04T18:05:04.981+0000] {docker.py:438} INFO - 📊 Time remaining: 279 seconds
[2025-10-04T18:05:04.982+0000] {docker.py:438} INFO - 
[2025-10-04T18:05:04.982+0000] {docker.py:438} INFO - ==================================================
[2025-10-04T18:05:04.982+0000] {docker.py:438} INFO - 🔄 Restart #3 at 2025-10-04 18:00:59
[2025-10-04T18:05:04.983+0000] {docker.py:438} INFO - ==================================================
[2025-10-04T18:05:04.983+0000] {docker.py:438} INFO - Hello world - terminate function started!
[2025-10-04T18:05:04.983+0000] {docker.py:438} INFO - Selecting pods with label_selector: app=post-storage-service
[2025-10-04T18:05:04.984+0000] {docker.py:438} INFO - Found 1 pods initially
[2025-10-04T18:05:04.984+0000] {docker.py:438} INFO - Random selection: 1 pods
[2025-10-04T18:05:04.984+0000] {docker.py:438} INFO - Deleting pod: post-storage-service-769cf6947d-4rxd5
[2025-10-04T18:05:04.984+0000] {docker.py:438} INFO - Deleted 1 pods: ['post-storage-service-769cf6947d-4rxd5']
[2025-10-04T18:05:04.985+0000] {docker.py:438} INFO - ✅ Successfully restarted pods: ['post-storage-service-769cf6947d-4rxd5']
[2025-10-04T18:05:04.985+0000] {docker.py:438} INFO - ⏳ Waiting 20 seconds until next restart...
[2025-10-04T18:05:04.985+0000] {docker.py:438} INFO - 📊 Time remaining: 259 seconds
[2025-10-04T18:05:04.986+0000] {docker.py:438} INFO - 
[2025-10-04T18:05:04.986+0000] {docker.py:438} INFO - ==================================================
[2025-10-04T18:05:04.986+0000] {docker.py:438} INFO - 🔄 Restart #4 at 2025-10-04 18:01:20
[2025-10-04T18:05:04.987+0000] {docker.py:438} INFO - ==================================================
[2025-10-04T18:05:04.987+0000] {docker.py:438} INFO - Hello world - terminate function started!
[2025-10-04T18:05:04.987+0000] {docker.py:438} INFO - Selecting pods with label_selector: app=post-storage-service
[2025-10-04T18:05:04.988+0000] {docker.py:438} INFO - Found 2 pods initially
[2025-10-04T18:05:04.988+0000] {docker.py:438} INFO - Random selection: 1 pods
[2025-10-04T18:05:04.988+0000] {docker.py:438} INFO - Deleting pod: post-storage-service-769cf6947d-j54v2
[2025-10-04T18:05:04.988+0000] {docker.py:438} INFO - Deleted 1 pods: ['post-storage-service-769cf6947d-j54v2']
[2025-10-04T18:05:04.989+0000] {docker.py:438} INFO - ✅ Successfully restarted pods: ['post-storage-service-769cf6947d-j54v2']
[2025-10-04T18:05:04.989+0000] {docker.py:438} INFO - ⏳ Waiting 20 seconds until next restart...
[2025-10-04T18:05:04.989+0000] {docker.py:438} INFO - 📊 Time remaining: 238 seconds
[2025-10-04T18:05:04.989+0000] {docker.py:438} INFO - 
[2025-10-04T18:05:04.990+0000] {docker.py:438} INFO - ==================================================
[2025-10-04T18:05:04.990+0000] {docker.py:438} INFO - 🔄 Restart #5 at 2025-10-04 18:01:40
[2025-10-04T18:05:04.990+0000] {docker.py:438} INFO - ==================================================
[2025-10-04T18:05:04.990+0000] {docker.py:438} INFO - Hello world - terminate function started!
[2025-10-04T18:05:04.990+0000] {docker.py:438} INFO - Selecting pods with label_selector: app=post-storage-service
[2025-10-04T18:05:04.991+0000] {docker.py:438} INFO - Found 2 pods initially
[2025-10-04T18:05:04.991+0000] {docker.py:438} INFO - Random selection: 1 pods
[2025-10-04T18:05:04.991+0000] {docker.py:438} INFO - Deleting pod: post-storage-service-769cf6947d-j54v2
[2025-10-04T18:05:04.991+0000] {docker.py:438} INFO - Deleted 1 pods: ['post-storage-service-769cf6947d-j54v2']
[2025-10-04T18:05:04.991+0000] {docker.py:438} INFO - ✅ Successfully restarted pods: ['post-storage-service-769cf6947d-j54v2']
[2025-10-04T18:05:04.991+0000] {docker.py:438} INFO - ⏳ Waiting 20 seconds until next restart...
[2025-10-04T18:05:04.992+0000] {docker.py:438} INFO - 📊 Time remaining: 218 seconds
[2025-10-04T18:05:04.992+0000] {docker.py:438} INFO - 
[2025-10-04T18:05:04.992+0000] {docker.py:438} INFO - ==================================================
[2025-10-04T18:05:04.992+0000] {docker.py:438} INFO - 🔄 Restart #6 at 2025-10-04 18:02:01
[2025-10-04T18:05:04.992+0000] {docker.py:438} INFO - ==================================================
[2025-10-04T18:05:04.993+0000] {docker.py:438} INFO - Hello world - terminate function started!
[2025-10-04T18:05:04.993+0000] {docker.py:438} INFO - Selecting pods with label_selector: app=post-storage-service
[2025-10-04T18:05:04.993+0000] {docker.py:438} INFO - Found 1 pods initially
[2025-10-04T18:05:04.993+0000] {docker.py:438} INFO - Random selection: 1 pods
[2025-10-04T18:05:04.993+0000] {docker.py:438} INFO - Deleting pod: post-storage-service-769cf6947d-8dgk9
[2025-10-04T18:05:04.993+0000] {docker.py:438} INFO - Deleted 1 pods: ['post-storage-service-769cf6947d-8dgk9']
[2025-10-04T18:05:04.994+0000] {docker.py:438} INFO - ✅ Successfully restarted pods: ['post-storage-service-769cf6947d-8dgk9']
[2025-10-04T18:05:04.994+0000] {docker.py:438} INFO - ⏳ Waiting 20 seconds until next restart...
[2025-10-04T18:05:04.994+0000] {docker.py:438} INFO - 📊 Time remaining: 198 seconds
[2025-10-04T18:05:04.994+0000] {docker.py:438} INFO - 
[2025-10-04T18:05:04.994+0000] {docker.py:438} INFO - ==================================================
[2025-10-04T18:05:04.995+0000] {docker.py:438} INFO - 🔄 Restart #7 at 2025-10-04 18:02:21
[2025-10-04T18:05:04.995+0000] {docker.py:438} INFO - ==================================================
[2025-10-04T18:05:04.995+0000] {docker.py:438} INFO - Hello world - terminate function started!
[2025-10-04T18:05:04.995+0000] {docker.py:438} INFO - Selecting pods with label_selector: app=post-storage-service
[2025-10-04T18:05:04.995+0000] {docker.py:438} INFO - Found 2 pods initially
[2025-10-04T18:05:04.995+0000] {docker.py:438} INFO - Random selection: 1 pods
[2025-10-04T18:05:04.996+0000] {docker.py:438} INFO - Deleting pod: post-storage-service-769cf6947d-8dgk9
[2025-10-04T18:05:04.996+0000] {docker.py:438} INFO - Deleted 1 pods: ['post-storage-service-769cf6947d-8dgk9']
[2025-10-04T18:05:04.996+0000] {docker.py:438} INFO - ✅ Successfully restarted pods: ['post-storage-service-769cf6947d-8dgk9']
[2025-10-04T18:05:04.996+0000] {docker.py:438} INFO - ⏳ Waiting 20 seconds until next restart...
[2025-10-04T18:05:04.997+0000] {docker.py:438} INFO - 📊 Time remaining: 177 seconds
[2025-10-04T18:05:04.997+0000] {docker.py:438} INFO - 
[2025-10-04T18:05:04.997+0000] {docker.py:438} INFO - ==================================================
[2025-10-04T18:05:04.997+0000] {docker.py:438} INFO - 🔄 Restart #8 at 2025-10-04 18:02:41
[2025-10-04T18:05:04.997+0000] {docker.py:438} INFO - ==================================================
[2025-10-04T18:05:04.997+0000] {docker.py:438} INFO - Hello world - terminate function started!
[2025-10-04T18:05:04.998+0000] {docker.py:438} INFO - Selecting pods with label_selector: app=post-storage-service
[2025-10-04T18:05:04.998+0000] {docker.py:438} INFO - Found 1 pods initially
[2025-10-04T18:05:04.998+0000] {docker.py:438} INFO - Random selection: 1 pods
[2025-10-04T18:05:04.998+0000] {docker.py:438} INFO - Deleting pod: post-storage-service-769cf6947d-rbtdb
[2025-10-04T18:05:04.998+0000] {docker.py:438} INFO - Deleted 1 pods: ['post-storage-service-769cf6947d-rbtdb']
[2025-10-04T18:05:04.999+0000] {docker.py:438} INFO - ✅ Successfully restarted pods: ['post-storage-service-769cf6947d-rbtdb']
[2025-10-04T18:05:04.999+0000] {docker.py:438} INFO - ⏳ Waiting 20 seconds until next restart...
[2025-10-04T18:05:04.999+0000] {docker.py:438} INFO - 📊 Time remaining: 157 seconds
[2025-10-04T18:05:04.999+0000] {docker.py:438} INFO - 
[2025-10-04T18:05:04.999+0000] {docker.py:438} INFO - ==================================================
[2025-10-04T18:05:04.999+0000] {docker.py:438} INFO - 🔄 Restart #9 at 2025-10-04 18:03:02
[2025-10-04T18:05:05.000+0000] {docker.py:438} INFO - ==================================================
[2025-10-04T18:05:05.000+0000] {docker.py:438} INFO - Hello world - terminate function started!
[2025-10-04T18:05:05.000+0000] {docker.py:438} INFO - Selecting pods with label_selector: app=post-storage-service
[2025-10-04T18:05:05.000+0000] {docker.py:438} INFO - Found 2 pods initially
[2025-10-04T18:05:05.001+0000] {docker.py:438} INFO - Random selection: 1 pods
[2025-10-04T18:05:05.001+0000] {docker.py:438} INFO - Deleting pod: post-storage-service-769cf6947d-p8dhb
[2025-10-04T18:05:05.001+0000] {docker.py:438} INFO - Deleted 1 pods: ['post-storage-service-769cf6947d-p8dhb']
[2025-10-04T18:05:05.001+0000] {docker.py:438} INFO - ✅ Successfully restarted pods: ['post-storage-service-769cf6947d-p8dhb']
[2025-10-04T18:05:05.001+0000] {docker.py:438} INFO - ⏳ Waiting 20 seconds until next restart...
[2025-10-04T18:05:05.002+0000] {docker.py:438} INFO - 📊 Time remaining: 136 seconds
[2025-10-04T18:05:05.002+0000] {docker.py:438} INFO - 
[2025-10-04T18:05:05.002+0000] {docker.py:438} INFO - ==================================================
[2025-10-04T18:05:05.002+0000] {docker.py:438} INFO - 🔄 Restart #10 at 2025-10-04 18:03:22
[2025-10-04T18:05:05.002+0000] {docker.py:438} INFO - ==================================================
[2025-10-04T18:05:05.002+0000] {docker.py:438} INFO - Hello world - terminate function started!
[2025-10-04T18:05:05.003+0000] {docker.py:438} INFO - Selecting pods with label_selector: app=post-storage-service
[2025-10-04T18:05:05.003+0000] {docker.py:438} INFO - Found 2 pods initially
[2025-10-04T18:05:05.003+0000] {docker.py:438} INFO - Random selection: 1 pods
[2025-10-04T18:05:05.003+0000] {docker.py:438} INFO - Deleting pod: post-storage-service-769cf6947d-ldlf4
[2025-10-04T18:05:05.003+0000] {docker.py:438} INFO - Deleted 1 pods: ['post-storage-service-769cf6947d-ldlf4']
[2025-10-04T18:05:05.004+0000] {docker.py:438} INFO - ✅ Successfully restarted pods: ['post-storage-service-769cf6947d-ldlf4']
[2025-10-04T18:05:05.004+0000] {docker.py:438} INFO - ⏳ Waiting 20 seconds until next restart...
[2025-10-04T18:05:05.004+0000] {docker.py:438} INFO - 📊 Time remaining: 116 seconds
[2025-10-04T18:05:05.004+0000] {docker.py:438} INFO - 
[2025-10-04T18:05:05.004+0000] {docker.py:438} INFO - ==================================================
[2025-10-04T18:05:05.005+0000] {docker.py:438} INFO - 🔄 Restart #11 at 2025-10-04 18:03:43
[2025-10-04T18:05:05.005+0000] {docker.py:438} INFO - ==================================================
[2025-10-04T18:05:05.005+0000] {docker.py:438} INFO - Hello world - terminate function started!
[2025-10-04T18:05:05.005+0000] {docker.py:438} INFO - Selecting pods with label_selector: app=post-storage-service
[2025-10-04T18:05:05.005+0000] {docker.py:438} INFO - Found 2 pods initially
[2025-10-04T18:05:05.006+0000] {docker.py:438} INFO - Random selection: 1 pods
[2025-10-04T18:05:05.006+0000] {docker.py:438} INFO - Deleting pod: post-storage-service-769cf6947d-v76wp
[2025-10-04T18:05:05.006+0000] {docker.py:438} INFO - Deleted 1 pods: ['post-storage-service-769cf6947d-v76wp']
[2025-10-04T18:05:05.006+0000] {docker.py:438} INFO - ✅ Successfully restarted pods: ['post-storage-service-769cf6947d-v76wp']
[2025-10-04T18:05:05.006+0000] {docker.py:438} INFO - ⏳ Waiting 20 seconds until next restart...
[2025-10-04T18:05:05.007+0000] {docker.py:438} INFO - 📊 Time remaining: 95 seconds
[2025-10-04T18:05:05.007+0000] {docker.py:438} INFO - 
[2025-10-04T18:05:05.007+0000] {docker.py:438} INFO - ==================================================
[2025-10-04T18:05:05.007+0000] {docker.py:438} INFO - 🔄 Restart #12 at 2025-10-04 18:04:03
[2025-10-04T18:05:05.007+0000] {docker.py:438} INFO - ==================================================
[2025-10-04T18:05:05.008+0000] {docker.py:438} INFO - Hello world - terminate function started!
[2025-10-04T18:05:05.008+0000] {docker.py:438} INFO - Selecting pods with label_selector: app=post-storage-service
[2025-10-04T18:05:05.008+0000] {docker.py:438} INFO - Found 2 pods initially
[2025-10-04T18:05:05.008+0000] {docker.py:438} INFO - Random selection: 1 pods
[2025-10-04T18:05:05.008+0000] {docker.py:438} INFO - Deleting pod: post-storage-service-769cf6947d-v76wp
[2025-10-04T18:05:05.009+0000] {docker.py:438} INFO - Deleted 1 pods: ['post-storage-service-769cf6947d-v76wp']
[2025-10-04T18:05:05.009+0000] {docker.py:438} INFO - ✅ Successfully restarted pods: ['post-storage-service-769cf6947d-v76wp']
[2025-10-04T18:05:05.009+0000] {docker.py:438} INFO - ⏳ Waiting 20 seconds until next restart...
[2025-10-04T18:05:05.009+0000] {docker.py:438} INFO - 📊 Time remaining: 75 seconds
[2025-10-04T18:05:05.009+0000] {docker.py:438} INFO - 
[2025-10-04T18:05:05.010+0000] {docker.py:438} INFO - ==================================================
[2025-10-04T18:05:05.010+0000] {docker.py:438} INFO - 🔄 Restart #13 at 2025-10-04 18:04:24
[2025-10-04T18:05:05.010+0000] {docker.py:438} INFO - ==================================================
[2025-10-04T18:05:05.010+0000] {docker.py:438} INFO - Hello world - terminate function started!
[2025-10-04T18:05:05.010+0000] {docker.py:438} INFO - Selecting pods with label_selector: app=post-storage-service
[2025-10-04T18:05:05.011+0000] {docker.py:438} INFO - Found 1 pods initially
[2025-10-04T18:05:05.011+0000] {docker.py:438} INFO - Random selection: 1 pods
[2025-10-04T18:05:05.011+0000] {docker.py:438} INFO - Deleting pod: post-storage-service-769cf6947d-2zths
[2025-10-04T18:05:05.011+0000] {docker.py:438} INFO - Deleted 1 pods: ['post-storage-service-769cf6947d-2zths']
[2025-10-04T18:05:05.011+0000] {docker.py:438} INFO - ✅ Successfully restarted pods: ['post-storage-service-769cf6947d-2zths']
[2025-10-04T18:05:05.012+0000] {docker.py:438} INFO - ⏳ Waiting 20 seconds until next restart...
[2025-10-04T18:05:05.012+0000] {docker.py:438} INFO - 📊 Time remaining: 54 seconds
[2025-10-04T18:05:05.012+0000] {docker.py:438} INFO - 
[2025-10-04T18:05:05.012+0000] {docker.py:438} INFO - ==================================================
[2025-10-04T18:05:05.012+0000] {docker.py:438} INFO - 🔄 Restart #14 at 2025-10-04 18:04:44
[2025-10-04T18:05:05.013+0000] {docker.py:438} INFO - ==================================================
[2025-10-04T18:05:05.013+0000] {docker.py:438} INFO - Hello world - terminate function started!
[2025-10-04T18:05:05.013+0000] {docker.py:438} INFO - Selecting pods with label_selector: app=post-storage-service
[2025-10-04T18:05:05.013+0000] {docker.py:438} INFO - Found 2 pods initially
[2025-10-04T18:05:05.013+0000] {docker.py:438} INFO - Random selection: 1 pods
[2025-10-04T18:05:05.014+0000] {docker.py:438} INFO - Deleting pod: post-storage-service-769cf6947d-2zths
[2025-10-04T18:05:05.014+0000] {docker.py:438} INFO - Deleted 1 pods: ['post-storage-service-769cf6947d-2zths']
[2025-10-04T18:05:05.014+0000] {docker.py:438} INFO - ✅ Successfully restarted pods: ['post-storage-service-769cf6947d-2zths']
[2025-10-04T18:05:05.014+0000] {docker.py:438} INFO - ⏳ Waiting 20 seconds until next restart...
[2025-10-04T18:05:05.014+0000] {docker.py:438} INFO - 📊 Time remaining: 34 seconds
[2025-10-04T18:05:05.015+0000] {docker.py:438} INFO - 
[2025-10-04T18:05:05.015+0000] {docker.py:438} INFO - ==================================================
[2025-10-04T18:05:05.015+0000] {docker.py:438} INFO - 🔄 Restart #15 at 2025-10-04 18:05:04
[2025-10-04T18:05:05.015+0000] {docker.py:438} INFO - ==================================================
[2025-10-04T18:05:05.015+0000] {docker.py:438} INFO - Hello world - terminate function started!
[2025-10-04T18:05:05.016+0000] {docker.py:438} INFO - Selecting pods with label_selector: app=post-storage-service
[2025-10-04T18:05:05.322+0000] {docker.py:438} INFO - [32m[2025-10-04 18:05:05 INFO] Let's rollback...
[2025-10-04T18:05:05.323+0000] {docker.py:438} INFO - [32m[2025-10-04 18:05:05 INFO] Rollback: uncordon-all-nodes
[2025-10-04T18:05:05.323+0000] {docker.py:438} INFO - [32m[2025-10-04 18:05:05 INFO] Action: uncordon-all-nodes
[2025-10-04T18:05:06.279+0000] {docker.py:438} INFO - [32m[2025-10-04 18:05:06 INFO] Experiment ended with status: completed
[2025-10-04T18:05:06.280+0000] {docker.py:438} INFO - Found 1 pods initially
[2025-10-04T18:05:06.280+0000] {docker.py:438} INFO - Random selection: 1 pods
[2025-10-04T18:05:06.281+0000] {docker.py:438} INFO - Deleting pod: post-storage-service-769cf6947d-whhzw
[2025-10-04T18:05:06.281+0000] {docker.py:438} INFO - Deleted 1 pods: ['post-storage-service-769cf6947d-whhzw']
[2025-10-04T18:05:06.281+0000] {docker.py:438} INFO - ✅ Successfully restarted pods: ['post-storage-service-769cf6947d-whhzw']
[2025-10-04T18:05:06.282+0000] {docker.py:438} INFO - ⏰ Less than 20 seconds remaining, stopping experiment
[2025-10-04T18:05:06.282+0000] {docker.py:438} INFO - 
[2025-10-04T18:05:06.282+0000] {docker.py:438} INFO - ==================================================
[2025-10-04T18:05:06.283+0000] {docker.py:438} INFO - 🏁 Experiment Completed!
[2025-10-04T18:05:06.283+0000] {docker.py:438} INFO - ==================================================
[2025-10-04T18:05:06.283+0000] {docker.py:438} INFO - 📈 Total restarts performed: 15
[2025-10-04T18:05:06.284+0000] {docker.py:438} INFO - ⏱️  Total duration: 286 seconds
[2025-10-04T18:05:06.284+0000] {docker.py:438} INFO - 📊 Average interval: 19.1 seconds
[2025-10-04T18:05:06.580+0000] {taskinstance.py:340} INFO - ::group::Post task execution logs
[2025-10-04T18:05:06.581+0000] {taskinstance.py:352} INFO - Marking task as SUCCESS. dag_id=Cordon_Uncordon_Node, task_id=apply_cordon_uncordon_node, run_id=scheduled__2025-10-04T15:00:00+00:00, execution_date=20251004T150000, start_date=20251004T180002, end_date=20251004T180506
[2025-10-04T18:05:06.612+0000] {local_task_job_runner.py:266} INFO - Task exited with return code 0
[2025-10-04T18:05:06.626+0000] {taskinstance.py:3900} INFO - 0 downstream tasks scheduled from follow-on schedule check
[2025-10-04T18:05:06.628+0000] {local_task_job_runner.py:245} INFO - ::endgroup::
