[2025-10-03T15:00:01.898+0000] {local_task_job_runner.py:123} INFO - ::group::Pre task execution logs
[2025-10-03T15:00:01.934+0000] {taskinstance.py:2612} INFO - Dependencies all met for dep_context=non-requeueable deps ti=<TaskInstance: Cordon_Uncordon_Node.apply_cordon_uncordon_node scheduled__2025-10-03T12:00:00+00:00 [queued]>
[2025-10-03T15:00:01.956+0000] {taskinstance.py:2612} INFO - Dependencies all met for dep_context=requeueable deps ti=<TaskInstance: Cordon_Uncordon_Node.apply_cordon_uncordon_node scheduled__2025-10-03T12:00:00+00:00 [queued]>
[2025-10-03T15:00:01.957+0000] {taskinstance.py:2865} INFO - Starting attempt 1 of 1
[2025-10-03T15:00:01.994+0000] {taskinstance.py:2888} INFO - Executing <Task(DockerOperator): apply_cordon_uncordon_node> on 2025-10-03 12:00:00+00:00
[2025-10-03T15:00:02.012+0000] {standard_task_runner.py:72} INFO - Started process 668 to run task
[2025-10-03T15:00:02.022+0000] {standard_task_runner.py:104} INFO - Running: ['***', 'tasks', 'run', 'Cordon_Uncordon_Node', 'apply_cordon_uncordon_node', 'scheduled__2025-10-03T12:00:00+00:00', '--job-id', '224', '--raw', '--subdir', 'DAGS_FOLDER/dag_factory.py', '--cfg-path', '/tmp/tmp2gjlzmy_']
[2025-10-03T15:00:02.027+0000] {standard_task_runner.py:105} INFO - Job 224: Subtask apply_cordon_uncordon_node
[2025-10-03T15:00:02.138+0000] {task_command.py:467} INFO - Running <TaskInstance: Cordon_Uncordon_Node.apply_cordon_uncordon_node scheduled__2025-10-03T12:00:00+00:00 [running]> on host workflow.y2twbfvcjkaujnl2bmtbxunhcb.cx.internal.cloudapp.net
[2025-10-03T15:00:02.319+0000] {taskinstance.py:3131} INFO - Exporting env vars: AIRFLOW_CTX_DAG_OWNER='***' AIRFLOW_CTX_DAG_ID='Cordon_Uncordon_Node' AIRFLOW_CTX_TASK_ID='apply_cordon_uncordon_node' AIRFLOW_CTX_EXECUTION_DATE='2025-10-03T12:00:00+00:00' AIRFLOW_CTX_TRY_NUMBER='1' AIRFLOW_CTX_DAG_RUN_ID='scheduled__2025-10-03T12:00:00+00:00'
[2025-10-03T15:00:02.320+0000] {taskinstance.py:731} INFO - ::endgroup::
[2025-10-03T15:00:02.397+0000] {docker.py:367} INFO - Starting docker container from image ***_chaos:latest
[2025-10-03T15:00:02.879+0000] {docker.py:438} INFO - The container is run as root user. For security, consider using a regular user account.
[2025-10-03T15:00:16.845+0000] {docker.py:438} INFO - 
[2025-10-03T15:00:17.664+0000] {docker.py:438} INFO - [32m[2025-10-03 15:00:17 INFO] Validating the experiment's syntax
[2025-10-03T15:00:17.951+0000] {docker.py:438} INFO - [32m[2025-10-03 15:00:17 INFO] Experiment looks valid
[2025-10-03T15:00:17.952+0000] {docker.py:438} INFO - [32m[2025-10-03 15:00:17 INFO] Running experiment: Cordon-Pod Restart Combined Experiment
[2025-10-03T15:00:17.954+0000] {docker.py:438} INFO - [32m[2025-10-03 15:00:17 INFO] Steady-state strategy: default
[2025-10-03T15:00:17.955+0000] {docker.py:438} INFO - [32m[2025-10-03 15:00:17 INFO] Rollbacks strategy: default
[2025-10-03T15:00:17.955+0000] {docker.py:438} INFO - [32m[2025-10-03 15:00:17 INFO] No steady state hypothesis defined. That's ok, just exploring.
[2025-10-03T15:00:17.955+0000] {docker.py:438} INFO - [32m[2025-10-03 15:00:17 INFO] Playing your experiment's method now...
[2025-10-03T15:00:17.956+0000] {docker.py:438} INFO - [32m[2025-10-03 15:00:17 INFO] Action: cordon-nodes
[2025-10-03T15:00:18.921+0000] {docker.py:438} INFO - [32m[2025-10-03 15:00:18 INFO] Action: continuous-pod-restart-during-cordon
[2025-10-03T15:05:04.774+0000] {docker.py:438} INFO - 🚀 Starting continuous pod restart experiment
[2025-10-03T15:05:04.775+0000] {docker.py:438} INFO - 📅 Interval: 20 seconds
[2025-10-03T15:05:04.775+0000] {docker.py:438} INFO - ⏱️  Duration: 300 seconds
[2025-10-03T15:05:04.776+0000] {docker.py:438} INFO - 🎯 Target: app=post-storage-service
[2025-10-03T15:05:04.776+0000] {docker.py:438} INFO - 📍 Namespace: default
[2025-10-03T15:05:04.776+0000] {docker.py:438} INFO - 
[2025-10-03T15:05:04.776+0000] {docker.py:438} INFO - ==================================================
[2025-10-03T15:05:04.777+0000] {docker.py:438} INFO - 🔄 Restart #1 at 2025-10-03 15:00:18
[2025-10-03T15:05:04.777+0000] {docker.py:438} INFO - ==================================================
[2025-10-03T15:05:04.778+0000] {docker.py:438} INFO - Hello world - terminate function started!
[2025-10-03T15:05:04.778+0000] {docker.py:438} INFO - Selecting pods with label_selector: app=post-storage-service
[2025-10-03T15:05:04.778+0000] {docker.py:438} INFO - Found 1 pods initially
[2025-10-03T15:05:04.779+0000] {docker.py:438} INFO - Random selection: 1 pods
[2025-10-03T15:05:04.779+0000] {docker.py:438} INFO - Deleting pod: post-storage-service-769cf6947d-ljs6d
[2025-10-03T15:05:04.779+0000] {docker.py:438} INFO - Deleted 1 pods: ['post-storage-service-769cf6947d-ljs6d']
[2025-10-03T15:05:04.779+0000] {docker.py:438} INFO - ✅ Successfully restarted pods: ['post-storage-service-769cf6947d-ljs6d']
[2025-10-03T15:05:04.780+0000] {docker.py:438} INFO - ⏳ Waiting 20 seconds until next restart...
[2025-10-03T15:05:04.780+0000] {docker.py:438} INFO - 📊 Time remaining: 300 seconds
[2025-10-03T15:05:04.780+0000] {docker.py:438} INFO - 
[2025-10-03T15:05:04.780+0000] {docker.py:438} INFO - ==================================================
[2025-10-03T15:05:04.781+0000] {docker.py:438} INFO - 🔄 Restart #2 at 2025-10-03 15:00:39
[2025-10-03T15:05:04.781+0000] {docker.py:438} INFO - ==================================================
[2025-10-03T15:05:04.781+0000] {docker.py:438} INFO - Hello world - terminate function started!
[2025-10-03T15:05:04.782+0000] {docker.py:438} INFO - Selecting pods with label_selector: app=post-storage-service
[2025-10-03T15:05:04.782+0000] {docker.py:438} INFO - Found 2 pods initially
[2025-10-03T15:05:04.782+0000] {docker.py:438} INFO - Random selection: 1 pods
[2025-10-03T15:05:04.782+0000] {docker.py:438} INFO - Deleting pod: post-storage-service-769cf6947d-ljs6d
[2025-10-03T15:05:04.783+0000] {docker.py:438} INFO - Deleted 1 pods: ['post-storage-service-769cf6947d-ljs6d']
[2025-10-03T15:05:04.783+0000] {docker.py:438} INFO - ✅ Successfully restarted pods: ['post-storage-service-769cf6947d-ljs6d']
[2025-10-03T15:05:04.783+0000] {docker.py:438} INFO - ⏳ Waiting 20 seconds until next restart...
[2025-10-03T15:05:04.784+0000] {docker.py:438} INFO - 📊 Time remaining: 279 seconds
[2025-10-03T15:05:04.784+0000] {docker.py:438} INFO - 
[2025-10-03T15:05:04.784+0000] {docker.py:438} INFO - ==================================================
[2025-10-03T15:05:04.785+0000] {docker.py:438} INFO - 🔄 Restart #3 at 2025-10-03 15:00:59
[2025-10-03T15:05:04.785+0000] {docker.py:438} INFO - ==================================================
[2025-10-03T15:05:04.785+0000] {docker.py:438} INFO - Hello world - terminate function started!
[2025-10-03T15:05:04.786+0000] {docker.py:438} INFO - Selecting pods with label_selector: app=post-storage-service
[2025-10-03T15:05:04.786+0000] {docker.py:438} INFO - Found 1 pods initially
[2025-10-03T15:05:04.786+0000] {docker.py:438} INFO - Random selection: 1 pods
[2025-10-03T15:05:04.787+0000] {docker.py:438} INFO - Deleting pod: post-storage-service-769cf6947d-4k4jq
[2025-10-03T15:05:04.787+0000] {docker.py:438} INFO - Deleted 1 pods: ['post-storage-service-769cf6947d-4k4jq']
[2025-10-03T15:05:04.787+0000] {docker.py:438} INFO - ✅ Successfully restarted pods: ['post-storage-service-769cf6947d-4k4jq']
[2025-10-03T15:05:04.787+0000] {docker.py:438} INFO - ⏳ Waiting 20 seconds until next restart...
[2025-10-03T15:05:04.788+0000] {docker.py:438} INFO - 📊 Time remaining: 259 seconds
[2025-10-03T15:05:04.788+0000] {docker.py:438} INFO - 
[2025-10-03T15:05:04.788+0000] {docker.py:438} INFO - ==================================================
[2025-10-03T15:05:04.789+0000] {docker.py:438} INFO - 🔄 Restart #4 at 2025-10-03 15:01:20
[2025-10-03T15:05:04.789+0000] {docker.py:438} INFO - ==================================================
[2025-10-03T15:05:04.789+0000] {docker.py:438} INFO - Hello world - terminate function started!
[2025-10-03T15:05:04.789+0000] {docker.py:438} INFO - Selecting pods with label_selector: app=post-storage-service
[2025-10-03T15:05:04.790+0000] {docker.py:438} INFO - Found 2 pods initially
[2025-10-03T15:05:04.790+0000] {docker.py:438} INFO - Random selection: 1 pods
[2025-10-03T15:05:04.790+0000] {docker.py:438} INFO - Deleting pod: post-storage-service-769cf6947d-4k4jq
[2025-10-03T15:05:04.791+0000] {docker.py:438} INFO - Deleted 1 pods: ['post-storage-service-769cf6947d-4k4jq']
[2025-10-03T15:05:04.791+0000] {docker.py:438} INFO - ✅ Successfully restarted pods: ['post-storage-service-769cf6947d-4k4jq']
[2025-10-03T15:05:04.791+0000] {docker.py:438} INFO - ⏳ Waiting 20 seconds until next restart...
[2025-10-03T15:05:04.791+0000] {docker.py:438} INFO - 📊 Time remaining: 238 seconds
[2025-10-03T15:05:04.791+0000] {docker.py:438} INFO - 
[2025-10-03T15:05:04.792+0000] {docker.py:438} INFO - ==================================================
[2025-10-03T15:05:04.792+0000] {docker.py:438} INFO - 🔄 Restart #5 at 2025-10-03 15:01:40
[2025-10-03T15:05:04.792+0000] {docker.py:438} INFO - ==================================================
[2025-10-03T15:05:04.792+0000] {docker.py:438} INFO - Hello world - terminate function started!
[2025-10-03T15:05:04.792+0000] {docker.py:438} INFO - Selecting pods with label_selector: app=post-storage-service
[2025-10-03T15:05:04.793+0000] {docker.py:438} INFO - Found 1 pods initially
[2025-10-03T15:05:04.793+0000] {docker.py:438} INFO - Random selection: 1 pods
[2025-10-03T15:05:04.793+0000] {docker.py:438} INFO - Deleting pod: post-storage-service-769cf6947d-pztn6
[2025-10-03T15:05:04.793+0000] {docker.py:438} INFO - Deleted 1 pods: ['post-storage-service-769cf6947d-pztn6']
[2025-10-03T15:05:04.793+0000] {docker.py:438} INFO - ✅ Successfully restarted pods: ['post-storage-service-769cf6947d-pztn6']
[2025-10-03T15:05:04.793+0000] {docker.py:438} INFO - ⏳ Waiting 20 seconds until next restart...
[2025-10-03T15:05:04.794+0000] {docker.py:438} INFO - 📊 Time remaining: 218 seconds
[2025-10-03T15:05:04.794+0000] {docker.py:438} INFO - 
[2025-10-03T15:05:04.794+0000] {docker.py:438} INFO - ==================================================
[2025-10-03T15:05:04.794+0000] {docker.py:438} INFO - 🔄 Restart #6 at 2025-10-03 15:02:00
[2025-10-03T15:05:04.794+0000] {docker.py:438} INFO - ==================================================
[2025-10-03T15:05:04.795+0000] {docker.py:438} INFO - Hello world - terminate function started!
[2025-10-03T15:05:04.795+0000] {docker.py:438} INFO - Selecting pods with label_selector: app=post-storage-service
[2025-10-03T15:05:04.795+0000] {docker.py:438} INFO - Found 2 pods initially
[2025-10-03T15:05:04.795+0000] {docker.py:438} INFO - Random selection: 1 pods
[2025-10-03T15:05:04.795+0000] {docker.py:438} INFO - Deleting pod: post-storage-service-769cf6947d-pztn6
[2025-10-03T15:05:04.795+0000] {docker.py:438} INFO - Deleted 1 pods: ['post-storage-service-769cf6947d-pztn6']
[2025-10-03T15:05:04.796+0000] {docker.py:438} INFO - ✅ Successfully restarted pods: ['post-storage-service-769cf6947d-pztn6']
[2025-10-03T15:05:04.796+0000] {docker.py:438} INFO - ⏳ Waiting 20 seconds until next restart...
[2025-10-03T15:05:04.796+0000] {docker.py:438} INFO - 📊 Time remaining: 198 seconds
[2025-10-03T15:05:04.796+0000] {docker.py:438} INFO - 
[2025-10-03T15:05:04.796+0000] {docker.py:438} INFO - ==================================================
[2025-10-03T15:05:04.797+0000] {docker.py:438} INFO - 🔄 Restart #7 at 2025-10-03 15:02:21
[2025-10-03T15:05:04.797+0000] {docker.py:438} INFO - ==================================================
[2025-10-03T15:05:04.797+0000] {docker.py:438} INFO - Hello world - terminate function started!
[2025-10-03T15:05:04.797+0000] {docker.py:438} INFO - Selecting pods with label_selector: app=post-storage-service
[2025-10-03T15:05:04.797+0000] {docker.py:438} INFO - Found 1 pods initially
[2025-10-03T15:05:04.798+0000] {docker.py:438} INFO - Random selection: 1 pods
[2025-10-03T15:05:04.798+0000] {docker.py:438} INFO - Deleting pod: post-storage-service-769cf6947d-wl9gg
[2025-10-03T15:05:04.798+0000] {docker.py:438} INFO - Deleted 1 pods: ['post-storage-service-769cf6947d-wl9gg']
[2025-10-03T15:05:04.798+0000] {docker.py:438} INFO - ✅ Successfully restarted pods: ['post-storage-service-769cf6947d-wl9gg']
[2025-10-03T15:05:04.799+0000] {docker.py:438} INFO - ⏳ Waiting 20 seconds until next restart...
[2025-10-03T15:05:04.799+0000] {docker.py:438} INFO - 📊 Time remaining: 177 seconds
[2025-10-03T15:05:04.799+0000] {docker.py:438} INFO - 
[2025-10-03T15:05:04.800+0000] {docker.py:438} INFO - ==================================================
[2025-10-03T15:05:04.800+0000] {docker.py:438} INFO - 🔄 Restart #8 at 2025-10-03 15:02:41
[2025-10-03T15:05:04.800+0000] {docker.py:438} INFO - ==================================================
[2025-10-03T15:05:04.800+0000] {docker.py:438} INFO - Hello world - terminate function started!
[2025-10-03T15:05:04.801+0000] {docker.py:438} INFO - Selecting pods with label_selector: app=post-storage-service
[2025-10-03T15:05:04.801+0000] {docker.py:438} INFO - Found 2 pods initially
[2025-10-03T15:05:04.801+0000] {docker.py:438} INFO - Random selection: 1 pods
[2025-10-03T15:05:04.802+0000] {docker.py:438} INFO - Deleting pod: post-storage-service-769cf6947d-wl9gg
[2025-10-03T15:05:04.802+0000] {docker.py:438} INFO - Deleted 1 pods: ['post-storage-service-769cf6947d-wl9gg']
[2025-10-03T15:05:04.802+0000] {docker.py:438} INFO - ✅ Successfully restarted pods: ['post-storage-service-769cf6947d-wl9gg']
[2025-10-03T15:05:04.802+0000] {docker.py:438} INFO - ⏳ Waiting 20 seconds until next restart...
[2025-10-03T15:05:04.803+0000] {docker.py:438} INFO - 📊 Time remaining: 157 seconds
[2025-10-03T15:05:04.803+0000] {docker.py:438} INFO - 
[2025-10-03T15:05:04.803+0000] {docker.py:438} INFO - ==================================================
[2025-10-03T15:05:04.803+0000] {docker.py:438} INFO - 🔄 Restart #9 at 2025-10-03 15:03:02
[2025-10-03T15:05:04.803+0000] {docker.py:438} INFO - ==================================================
[2025-10-03T15:05:04.804+0000] {docker.py:438} INFO - Hello world - terminate function started!
[2025-10-03T15:05:04.804+0000] {docker.py:438} INFO - Selecting pods with label_selector: app=post-storage-service
[2025-10-03T15:05:04.804+0000] {docker.py:438} INFO - Found 1 pods initially
[2025-10-03T15:05:04.804+0000] {docker.py:438} INFO - Random selection: 1 pods
[2025-10-03T15:05:04.804+0000] {docker.py:438} INFO - Deleting pod: post-storage-service-769cf6947d-8j9ph
[2025-10-03T15:05:04.805+0000] {docker.py:438} INFO - Deleted 1 pods: ['post-storage-service-769cf6947d-8j9ph']
[2025-10-03T15:05:04.805+0000] {docker.py:438} INFO - ✅ Successfully restarted pods: ['post-storage-service-769cf6947d-8j9ph']
[2025-10-03T15:05:04.805+0000] {docker.py:438} INFO - ⏳ Waiting 20 seconds until next restart...
[2025-10-03T15:05:04.805+0000] {docker.py:438} INFO - 📊 Time remaining: 136 seconds
[2025-10-03T15:05:04.805+0000] {docker.py:438} INFO - 
[2025-10-03T15:05:04.806+0000] {docker.py:438} INFO - ==================================================
[2025-10-03T15:05:04.806+0000] {docker.py:438} INFO - 🔄 Restart #10 at 2025-10-03 15:03:22
[2025-10-03T15:05:04.806+0000] {docker.py:438} INFO - ==================================================
[2025-10-03T15:05:04.806+0000] {docker.py:438} INFO - Hello world - terminate function started!
[2025-10-03T15:05:04.806+0000] {docker.py:438} INFO - Selecting pods with label_selector: app=post-storage-service
[2025-10-03T15:05:04.807+0000] {docker.py:438} INFO - Found 2 pods initially
[2025-10-03T15:05:04.807+0000] {docker.py:438} INFO - Random selection: 1 pods
[2025-10-03T15:05:04.807+0000] {docker.py:438} INFO - Deleting pod: post-storage-service-769cf6947d-8j9ph
[2025-10-03T15:05:04.807+0000] {docker.py:438} INFO - Deleted 1 pods: ['post-storage-service-769cf6947d-8j9ph']
[2025-10-03T15:05:04.807+0000] {docker.py:438} INFO - ✅ Successfully restarted pods: ['post-storage-service-769cf6947d-8j9ph']
[2025-10-03T15:05:04.808+0000] {docker.py:438} INFO - ⏳ Waiting 20 seconds until next restart...
[2025-10-03T15:05:04.808+0000] {docker.py:438} INFO - 📊 Time remaining: 116 seconds
[2025-10-03T15:05:04.808+0000] {docker.py:438} INFO - 
[2025-10-03T15:05:04.808+0000] {docker.py:438} INFO - ==================================================
[2025-10-03T15:05:04.808+0000] {docker.py:438} INFO - 🔄 Restart #11 at 2025-10-03 15:03:43
[2025-10-03T15:05:04.809+0000] {docker.py:438} INFO - ==================================================
[2025-10-03T15:05:04.809+0000] {docker.py:438} INFO - Hello world - terminate function started!
[2025-10-03T15:05:04.809+0000] {docker.py:438} INFO - Selecting pods with label_selector: app=post-storage-service
[2025-10-03T15:05:04.809+0000] {docker.py:438} INFO - Found 1 pods initially
[2025-10-03T15:05:04.809+0000] {docker.py:438} INFO - Random selection: 1 pods
[2025-10-03T15:05:04.809+0000] {docker.py:438} INFO - Deleting pod: post-storage-service-769cf6947d-rn7s8
[2025-10-03T15:05:04.810+0000] {docker.py:438} INFO - Deleted 1 pods: ['post-storage-service-769cf6947d-rn7s8']
[2025-10-03T15:05:04.810+0000] {docker.py:438} INFO - ✅ Successfully restarted pods: ['post-storage-service-769cf6947d-rn7s8']
[2025-10-03T15:05:04.810+0000] {docker.py:438} INFO - ⏳ Waiting 20 seconds until next restart...
[2025-10-03T15:05:04.810+0000] {docker.py:438} INFO - 📊 Time remaining: 95 seconds
[2025-10-03T15:05:04.810+0000] {docker.py:438} INFO - 
[2025-10-03T15:05:04.811+0000] {docker.py:438} INFO - ==================================================
[2025-10-03T15:05:04.811+0000] {docker.py:438} INFO - 🔄 Restart #12 at 2025-10-03 15:04:03
[2025-10-03T15:05:04.811+0000] {docker.py:438} INFO - ==================================================
[2025-10-03T15:05:04.811+0000] {docker.py:438} INFO - Hello world - terminate function started!
[2025-10-03T15:05:04.811+0000] {docker.py:438} INFO - Selecting pods with label_selector: app=post-storage-service
[2025-10-03T15:05:04.812+0000] {docker.py:438} INFO - Found 2 pods initially
[2025-10-03T15:05:04.812+0000] {docker.py:438} INFO - Random selection: 1 pods
[2025-10-03T15:05:04.812+0000] {docker.py:438} INFO - Deleting pod: post-storage-service-769cf6947d-k7ctf
[2025-10-03T15:05:04.812+0000] {docker.py:438} INFO - Deleted 1 pods: ['post-storage-service-769cf6947d-k7ctf']
[2025-10-03T15:05:04.812+0000] {docker.py:438} INFO - ✅ Successfully restarted pods: ['post-storage-service-769cf6947d-k7ctf']
[2025-10-03T15:05:04.813+0000] {docker.py:438} INFO - ⏳ Waiting 20 seconds until next restart...
[2025-10-03T15:05:04.813+0000] {docker.py:438} INFO - 📊 Time remaining: 75 seconds
[2025-10-03T15:05:04.813+0000] {docker.py:438} INFO - 
[2025-10-03T15:05:04.813+0000] {docker.py:438} INFO - ==================================================
[2025-10-03T15:05:04.813+0000] {docker.py:438} INFO - 🔄 Restart #13 at 2025-10-03 15:04:23
[2025-10-03T15:05:04.814+0000] {docker.py:438} INFO - ==================================================
[2025-10-03T15:05:04.814+0000] {docker.py:438} INFO - Hello world - terminate function started!
[2025-10-03T15:05:04.814+0000] {docker.py:438} INFO - Selecting pods with label_selector: app=post-storage-service
[2025-10-03T15:05:04.814+0000] {docker.py:438} INFO - Found 2 pods initially
[2025-10-03T15:05:04.814+0000] {docker.py:438} INFO - Random selection: 1 pods
[2025-10-03T15:05:04.814+0000] {docker.py:438} INFO - Deleting pod: post-storage-service-769cf6947d-j29rg
[2025-10-03T15:05:04.815+0000] {docker.py:438} INFO - Deleted 1 pods: ['post-storage-service-769cf6947d-j29rg']
[2025-10-03T15:05:04.815+0000] {docker.py:438} INFO - ✅ Successfully restarted pods: ['post-storage-service-769cf6947d-j29rg']
[2025-10-03T15:05:04.815+0000] {docker.py:438} INFO - ⏳ Waiting 20 seconds until next restart...
[2025-10-03T15:05:04.815+0000] {docker.py:438} INFO - 📊 Time remaining: 55 seconds
[2025-10-03T15:05:04.815+0000] {docker.py:438} INFO - 
[2025-10-03T15:05:04.816+0000] {docker.py:438} INFO - ==================================================
[2025-10-03T15:05:04.816+0000] {docker.py:438} INFO - 🔄 Restart #14 at 2025-10-03 15:04:44
[2025-10-03T15:05:04.816+0000] {docker.py:438} INFO - ==================================================
[2025-10-03T15:05:04.816+0000] {docker.py:438} INFO - Hello world - terminate function started!
[2025-10-03T15:05:04.816+0000] {docker.py:438} INFO - Selecting pods with label_selector: app=post-storage-service
[2025-10-03T15:05:04.817+0000] {docker.py:438} INFO - Found 2 pods initially
[2025-10-03T15:05:04.817+0000] {docker.py:438} INFO - Random selection: 1 pods
[2025-10-03T15:05:04.817+0000] {docker.py:438} INFO - Deleting pod: post-storage-service-769cf6947d-j29rg
[2025-10-03T15:05:04.817+0000] {docker.py:438} INFO - Deleted 1 pods: ['post-storage-service-769cf6947d-j29rg']
[2025-10-03T15:05:04.817+0000] {docker.py:438} INFO - ✅ Successfully restarted pods: ['post-storage-service-769cf6947d-j29rg']
[2025-10-03T15:05:04.818+0000] {docker.py:438} INFO - ⏳ Waiting 20 seconds until next restart...
[2025-10-03T15:05:04.818+0000] {docker.py:438} INFO - 📊 Time remaining: 34 seconds
[2025-10-03T15:05:04.818+0000] {docker.py:438} INFO - 
[2025-10-03T15:05:04.818+0000] {docker.py:438} INFO - ==================================================
[2025-10-03T15:05:04.818+0000] {docker.py:438} INFO - 🔄 Restart #15 at 2025-10-03 15:05:04
[2025-10-03T15:05:04.819+0000] {docker.py:438} INFO - ==================================================
[2025-10-03T15:05:04.819+0000] {docker.py:438} INFO - Hello world - terminate function started!
[2025-10-03T15:05:04.819+0000] {docker.py:438} INFO - Selecting pods with label_selector: app=post-storage-service
[2025-10-03T15:05:05.139+0000] {docker.py:438} INFO - [32m[2025-10-03 15:05:05 INFO] Let's rollback...
[2025-10-03T15:05:05.140+0000] {docker.py:438} INFO - [32m[2025-10-03 15:05:05 INFO] Rollback: uncordon-all-nodes
[2025-10-03T15:05:05.141+0000] {docker.py:438} INFO - [32m[2025-10-03 15:05:05 INFO] Action: uncordon-all-nodes
[2025-10-03T15:05:06.121+0000] {docker.py:438} INFO - [32m[2025-10-03 15:05:06 INFO] Experiment ended with status: completed
[2025-10-03T15:05:06.122+0000] {docker.py:438} INFO - Found 1 pods initially
[2025-10-03T15:05:06.123+0000] {docker.py:438} INFO - Random selection: 1 pods
[2025-10-03T15:05:06.123+0000] {docker.py:438} INFO - Deleting pod: post-storage-service-769cf6947d-s25xw
[2025-10-03T15:05:06.123+0000] {docker.py:438} INFO - Deleted 1 pods: ['post-storage-service-769cf6947d-s25xw']
[2025-10-03T15:05:06.123+0000] {docker.py:438} INFO - ✅ Successfully restarted pods: ['post-storage-service-769cf6947d-s25xw']
[2025-10-03T15:05:06.124+0000] {docker.py:438} INFO - ⏰ Less than 20 seconds remaining, stopping experiment
[2025-10-03T15:05:06.124+0000] {docker.py:438} INFO - 
[2025-10-03T15:05:06.124+0000] {docker.py:438} INFO - ==================================================
[2025-10-03T15:05:06.125+0000] {docker.py:438} INFO - 🏁 Experiment Completed!
[2025-10-03T15:05:06.125+0000] {docker.py:438} INFO - ==================================================
[2025-10-03T15:05:06.125+0000] {docker.py:438} INFO - 📈 Total restarts performed: 15
[2025-10-03T15:05:06.126+0000] {docker.py:438} INFO - ⏱️  Total duration: 286 seconds
[2025-10-03T15:05:06.126+0000] {docker.py:438} INFO - 📊 Average interval: 19.1 seconds
[2025-10-03T15:05:06.385+0000] {taskinstance.py:340} INFO - ::group::Post task execution logs
[2025-10-03T15:05:06.385+0000] {taskinstance.py:352} INFO - Marking task as SUCCESS. dag_id=Cordon_Uncordon_Node, task_id=apply_cordon_uncordon_node, run_id=scheduled__2025-10-03T12:00:00+00:00, execution_date=20251003T120000, start_date=20251003T150001, end_date=20251003T150506
[2025-10-03T15:05:06.412+0000] {local_task_job_runner.py:266} INFO - Task exited with return code 0
[2025-10-03T15:05:06.425+0000] {taskinstance.py:3900} INFO - 0 downstream tasks scheduled from follow-on schedule check
[2025-10-03T15:05:06.427+0000] {local_task_job_runner.py:245} INFO - ::endgroup::
