[2025-11-04T06:45:01.944+0000] {local_task_job_runner.py:123} INFO - ::group::Pre task execution logs
[2025-11-04T06:45:01.972+0000] {taskinstance.py:2612} INFO - Dependencies all met for dep_context=non-requeueable deps ti=<TaskInstance: Container_Restart.apply_container_restart_docker scheduled__2025-11-04T06:00:00+00:00 [queued]>
[2025-11-04T06:45:01.987+0000] {taskinstance.py:2612} INFO - Dependencies all met for dep_context=requeueable deps ti=<TaskInstance: Container_Restart.apply_container_restart_docker scheduled__2025-11-04T06:00:00+00:00 [queued]>
[2025-11-04T06:45:01.987+0000] {taskinstance.py:2865} INFO - Starting attempt 1 of 1
[2025-11-04T06:45:02.011+0000] {taskinstance.py:2888} INFO - Executing <Task(DockerOperator): apply_container_restart_docker> on 2025-11-04 06:00:00+00:00
[2025-11-04T06:45:02.027+0000] {standard_task_runner.py:72} INFO - Started process 5605 to run task
[2025-11-04T06:45:02.037+0000] {standard_task_runner.py:104} INFO - Running: ['***', 'tasks', 'run', 'Container_Restart', 'apply_container_restart_docker', 'scheduled__2025-11-04T06:00:00+00:00', '--job-id', '13266', '--raw', '--subdir', 'DAGS_FOLDER/dag_factory.py', '--cfg-path', '/tmp/tmphn4f0crt']
[2025-11-04T06:45:02.042+0000] {standard_task_runner.py:105} INFO - Job 13266: Subtask apply_container_restart_docker
[2025-11-04T06:45:02.130+0000] {task_command.py:467} INFO - Running <TaskInstance: Container_Restart.apply_container_restart_docker scheduled__2025-11-04T06:00:00+00:00 [running]> on host workflow.y2twbfvcjkaujnl2bmtbxunhcb.cx.internal.cloudapp.net
[2025-11-04T06:45:02.341+0000] {taskinstance.py:3131} INFO - Exporting env vars: AIRFLOW_CTX_DAG_OWNER='***' AIRFLOW_CTX_DAG_ID='Container_Restart' AIRFLOW_CTX_TASK_ID='apply_container_restart_docker' AIRFLOW_CTX_EXECUTION_DATE='2025-11-04T06:00:00+00:00' AIRFLOW_CTX_TRY_NUMBER='1' AIRFLOW_CTX_DAG_RUN_ID='scheduled__2025-11-04T06:00:00+00:00'
[2025-11-04T06:45:02.345+0000] {taskinstance.py:731} INFO - ::endgroup::
[2025-11-04T06:45:02.419+0000] {docker.py:367} INFO - Starting docker container from image priyanshu01ce/***_chaos:latest
[2025-11-04T06:45:03.338+0000] {docker.py:438} INFO - The container is run as root user. For security, consider using a regular user account.
[2025-11-04T06:45:20.808+0000] {docker.py:438} INFO - 
[2025-11-04T06:45:20.818+0000] {docker.py:438} INFO - total 7280
[2025-11-04T06:45:20.818+0000] {docker.py:438} INFO - drwxr-xr-x 6    1000 1000    4096 Nov  3 08:06 .
[2025-11-04T06:45:20.819+0000] {docker.py:438} INFO - drwxr-xr-x 1 *** root    4096 Sep 26 10:44 ..
[2025-11-04T06:45:20.819+0000] {docker.py:438} INFO - -rw-r--r-- 1    1000 1000    1193 Sep  8 07:02 API_Latency.json
[2025-11-04T06:45:20.820+0000] {docker.py:438} INFO - -rw-r--r-- 1    1000 1000     729 Sep  9 10:30 API_Timeout.json
[2025-11-04T06:45:20.820+0000] {docker.py:438} INFO - -rw-r--r-- 1    1000 1000    1331 Oct  7 18:22 Continuous_Load_Test_Azure.yaml
[2025-11-04T06:45:20.821+0000] {docker.py:438} INFO - -rw-r--r-- 1    1000 1000    1672 Oct 30 07:48 Memory_Stress_Test_Azure.yaml
[2025-11-04T06:45:20.821+0000] {docker.py:438} INFO - -rw-r--r-- 1    1000 1000    1178 Sep 30 18:19 Stress_Test_Azure.yaml
[2025-11-04T06:45:20.822+0000] {docker.py:438} INFO - drwxrwxr-x 2 root    root    4096 Oct 29 06:31 __pycache__
[2025-11-04T06:45:20.822+0000] {docker.py:438} INFO - drwxrwxr-x 5    1000 1000    4096 Oct 21 08:05 chaos_env
[2025-11-04T06:45:20.823+0000] {docker.py:438} INFO - -rw-r--r-- 1    1000 1000    8875 Sep 25 16:54 chaosk6_actions.py
[2025-11-04T06:45:20.823+0000] {docker.py:438} INFO - -rw-rw-r-- 1    1000 1000 6779166 Nov  4 06:42 chaostoolkit.log
[2025-11-04T06:45:20.823+0000] {docker.py:438} INFO - -rw-rw-r-- 1    1000 1000    1421 Oct 23 09:34 check.py
[2025-11-04T06:45:20.827+0000] {docker.py:438} INFO - -rw-r--r-- 1    1000 1000    3213 Sep  9 09:11 combined-sequential.json
[2025-11-04T06:45:20.827+0000] {docker.py:438} INFO - -rwxrwxr-x 1    1000 1000    1489 Oct 27 06:29 complete_chaos_mesh-cleanup.sh
[2025-11-04T06:45:20.828+0000] {docker.py:438} INFO - -rw-r--r-- 1    1000 1000     502 Sep 16 05:31 connection_test_experiment.json
[2025-11-04T06:45:20.828+0000] {docker.py:438} INFO - -rw-rw-r-- 1    1000 1000     692 Oct 24 01:43 container_probe.json
[2025-11-04T06:45:20.829+0000] {docker.py:438} INFO - -rw-rw-r-- 1    1000 1000    2533 Oct 23 09:28 container_probe.yaml
[2025-11-04T06:45:20.829+0000] {docker.py:438} INFO - -rw-r--r-- 1    1000 1000    1420 Sep 24 06:53 container_restart.json
[2025-11-04T06:45:20.829+0000] {docker.py:438} INFO - -rw-r--r-- 1    1000 1000   16452 Sep 26 09:59 container_restart.py
[2025-11-04T06:45:20.832+0000] {docker.py:438} INFO - -rw-r--r-- 1    1000 1000    1751 Nov  3 05:42 container_restart_Azure.yaml
[2025-11-04T06:45:20.832+0000] {docker.py:438} INFO - -rw-r--r-- 1    1000 1000    1409 Sep 18 12:30 continuous_load_test.json
[2025-11-04T06:45:20.833+0000] {docker.py:438} INFO - -rw-r--r-- 1    1000 1000    1637 Sep 25 10:13 cordon-uncordon-node.json
[2025-11-04T06:45:20.833+0000] {docker.py:438} INFO - -rw-r--r-- 1    1000 1000    1637 Sep 25 04:39 cordon_test.json
[2025-11-04T06:45:20.834+0000] {docker.py:438} INFO - -rw-r--r-- 1    1000 1000    1436 Oct 30 12:28 cordon_uncordon_node_Azure.yaml
[2025-11-04T06:45:20.834+0000] {docker.py:438} INFO - -rw-r--r-- 1    1000 1000    1203 Sep 30 06:51 cpu_stress_ng.json
[2025-11-04T06:45:20.834+0000] {docker.py:438} INFO - -rw-r--r-- 1    1000 1000    1760 Oct 21 08:00 db_cleanup.json
[2025-11-04T06:45:20.836+0000] {docker.py:438} INFO - -rw-r--r-- 1    1000 1000    6399 Sep 24 07:40 db_cleanup.py
[2025-11-04T06:45:20.837+0000] {docker.py:438} INFO - -rw-rw-r-- 1    1000 1000    5855 Oct 28 12:27 direct_memory_stress.py
[2025-11-04T06:45:20.837+0000] {docker.py:438} INFO - -rw-r--r-- 1    1000 1000    1663 Nov  4 06:42 journal.json
[2025-11-04T06:45:20.838+0000] {docker.py:438} INFO - -rw-rw-r-- 1 root    root  371150 Nov  4 06:45 k6_continuous_load.log
[2025-11-04T06:45:20.838+0000] {docker.py:438} INFO - -rw-r--r-- 1    1000 1000    3966 Nov  4 05:45 k6_continuous_summary.json
[2025-11-04T06:45:20.841+0000] {docker.py:438} INFO - -rw-r--r-- 1    1000 1000    3433 Sep 25 09:28 k6_summary.json
[2025-11-04T06:45:20.841+0000] {docker.py:438} INFO - -rw-r--r-- 1    1000 1000     989 Sep 30 09:24 kubernetes_actions.json
[2025-11-04T06:45:20.841+0000] {docker.py:438} INFO - -rw-r--r-- 1    1000 1000   10961 Sep 30 09:23 kubernetes_actions.py
[2025-11-04T06:45:20.842+0000] {docker.py:438} INFO - -rw-r--r-- 1    1000 1000     945 Sep 21 16:40 load_test.json
[2025-11-04T06:45:20.842+0000] {docker.py:438} INFO - -rw-r--r-- 1    1000 1000     528 Sep 17 12:13 max_connection_experiment.json
[2025-11-04T06:45:20.844+0000] {docker.py:438} INFO - -rw-r--r-- 1    1000 1000    1227 Sep 13 15:20 memory-stress-rollback.json
[2025-11-04T06:45:20.845+0000] {docker.py:438} INFO - -rw-rw-r-- 1    1000 1000    1066 Oct 30 12:27 memory_stress.json
[2025-11-04T06:45:20.845+0000] {docker.py:438} INFO - -rw-rw-r-- 1    1000 1000    6653 Oct 29 06:18 memory_stress.py
[2025-11-04T06:45:20.845+0000] {docker.py:438} INFO - -rw-r--r-- 1    1000 1000    1421 Sep 29 05:20 mongo_db_container_restart.json
[2025-11-04T06:45:20.848+0000] {docker.py:438} INFO - -rw-r--r-- 1    1000 1000    7586 Sep 18 05:54 mongodb_actions.py
[2025-11-04T06:45:20.848+0000] {docker.py:438} INFO - -rw-r--r-- 1    1000 1000    2136 Sep 18 11:23 mongodb_connection.json
[2025-11-04T06:45:20.849+0000] {docker.py:438} INFO - -rw-r--r-- 1    1000 1000     597 Sep 16 09:17 mongodb_network_latency_experiment.json
[2025-11-04T06:45:20.849+0000] {docker.py:438} INFO - -rw-r--r-- 1    1000 1000    3657 Sep 18 05:42 mongodb_probes.py
[2025-11-04T06:45:20.849+0000] {docker.py:438} INFO - -rw-r--r-- 1    1000 1000    6161 Sep 12 08:04 pod_restart.py
[2025-11-04T06:45:20.850+0000] {docker.py:438} INFO - -rw-r--r-- 1    1000 1000    1497 Sep 30 05:50 redis_config_faults.py
[2025-11-04T06:45:20.850+0000] {docker.py:438} INFO - -rw-r--r-- 1    1000 1000     862 Sep 30 05:50 redis_experiment.json
[2025-11-04T06:45:20.852+0000] {docker.py:438} INFO - -rw-r--r-- 1    1000 1000     945 Sep 18 06:53 redis_load.json
[2025-11-04T06:45:20.852+0000] {docker.py:438} INFO - -rw-r--r-- 1    1000 1000    1641 Oct 30 12:29 redis_memory_stress_Azure.yaml
[2025-11-04T06:45:20.853+0000] {docker.py:438} INFO - -rw-rw-r-- 1    1000 1000    1333 Oct 21 09:39 reinitialize_application.yaml
[2025-11-04T06:45:20.853+0000] {docker.py:438} INFO - -rw-r--r-- 1    1000 1000    1284 Sep 25 10:53 run_load_test_with_cleanup.py
[2025-11-04T06:45:20.854+0000] {docker.py:438} INFO - -rw-rw-r-- 1    1000 1000    1307 Oct 27 10:33 sample_probe.yaml
[2025-11-04T06:45:20.855+0000] {docker.py:438} INFO - drwxr-xr-x 2    1000 1000    4096 Oct 22 06:46 scripts
[2025-11-04T06:45:20.855+0000] {docker.py:438} INFO - -rw-rw-r-- 1    1000 1000     272 Oct 27 08:51 simple-stress-test.yaml
[2025-11-04T06:45:20.856+0000] {docker.py:438} INFO - drwxr-xr-x 4    1000 1000    4096 Sep 30 09:41 socialNetwork
[2025-11-04T06:45:20.856+0000] {docker.py:438} INFO - -rw-r--r-- 1    1000 1000     821 Sep 26 13:20 stress_test.json
[2025-11-04T06:45:20.857+0000] {docker.py:438} INFO - -rw-rw-r-- 1    1000 1000     301 Oct 27 08:46 test-stress-fixed.yaml
[2025-11-04T06:45:20.857+0000] {docker.py:438} INFO - -rw-rw-r-- 1    1000 1000     295 Oct 27 08:49 test_after_fix.yaml
[2025-11-04T06:45:20.857+0000] {docker.py:438} INFO - -rw-r--r-- 1    1000 1000     367 Sep 17 07:24 test_params.json
[2025-11-04T06:45:20.860+0000] {docker.py:438} INFO - Starting continuous container restart experiment...
[2025-11-04T06:45:21.901+0000] {docker.py:438} INFO - [32m[2025-11-04 06:45:21 INFO] Validating the experiment's syntax
[2025-11-04T06:45:22.526+0000] {docker.py:438} INFO - [32m[2025-11-04 06:45:22 INFO] Experiment looks valid
[2025-11-04T06:45:22.529+0000] {docker.py:438} INFO - [32m[2025-11-04 06:45:22 INFO] Running experiment: Continuous Container Restart Experiment
[2025-11-04T06:45:22.531+0000] {docker.py:438} INFO - [32m[2025-11-04 06:45:22 INFO] Steady-state strategy: default
[2025-11-04T06:45:22.532+0000] {docker.py:438} INFO - [32m[2025-11-04 06:45:22 INFO] Rollbacks strategy: default
[2025-11-04T06:45:22.532+0000] {docker.py:438} INFO - [32m[2025-11-04 06:45:22 INFO] No steady state hypothesis defined. That's ok, just exploring.
[2025-11-04T06:45:22.533+0000] {docker.py:438} INFO - [32m[2025-11-04 06:45:22 INFO] Playing your experiment's method now...
[2025-11-04T06:45:22.533+0000] {docker.py:438} INFO - [32m[2025-11-04 06:45:22 INFO] Action: continuous-container-restart
[2025-11-04T06:45:47.401+0000] {docker.py:438} INFO - 🚀 [DEBUG] Entered restart_containers_continuous()
[2025-11-04T06:45:47.402+0000] {docker.py:438} INFO -    Params => label_selector=app=compose-post-service, interval=5, duration=400, ns=default, container_name=compose-post-service
[2025-11-04T06:45:47.402+0000] {docker.py:438} INFO - 
[2025-11-04T06:45:47.402+0000] {docker.py:438} INFO - ============================================================
[2025-11-04T06:45:47.403+0000] {docker.py:438} INFO - 🔄 [DEBUG] Container Restart Cycle #1 at 2025-11-04 06:45:22
[2025-11-04T06:45:47.403+0000] {docker.py:438} INFO - ============================================================
[2025-11-04T06:45:47.404+0000] {docker.py:438} INFO - 🔄 [DEBUG] Entered restart_containers()
[2025-11-04T06:45:47.404+0000] {docker.py:438} INFO -    Params => label_selector=app=compose-post-service, name_pattern=None, qty=2, rand=True, mode=fixed, ns=default, order=alphabetic, container_name=compose-post-service, restart_command=None
[2025-11-04T06:45:47.405+0000] {docker.py:438} INFO - 🔑 [DEBUG] Kubernetes API client created
[2025-11-04T06:45:47.405+0000] {docker.py:438} INFO - 🔍 [DEBUG] Selecting pods now...
[2025-11-04T06:45:47.405+0000] {docker.py:438} INFO - 🔍 [DEBUG] Entered _select_pods()
[2025-11-04T06:45:47.406+0000] {docker.py:438} INFO -    Params => label_selector=app=compose-post-service, name_pattern=None, all=False, rand=True, mode=fixed, qty=2, ns=default, order=alphabetic
[2025-11-04T06:45:47.406+0000] {docker.py:438} INFO -    [DEBUG] Listing pods with label_selector=app=compose-post-service
[2025-11-04T06:45:47.407+0000] {docker.py:438} INFO - 📋 [DEBUG] Found 1 pods initially
[2025-11-04T06:45:47.407+0000] {docker.py:438} INFO - 🎲 [DEBUG] Random selection chosen: 1 pods
[2025-11-04T06:45:47.407+0000] {docker.py:438} INFO - ✅ [DEBUG] Selected pods: ['compose-post-service-785bf77957-f685w']
[2025-11-04T06:45:47.408+0000] {docker.py:438} INFO - 📋 [DEBUG] Pods selected: 1
[2025-11-04T06:45:47.408+0000] {docker.py:438} INFO - 
[2025-11-04T06:45:47.409+0000] {docker.py:438} INFO - 🎯 [DEBUG] Processing pod: compose-post-service-785bf77957-f685w
[2025-11-04T06:45:47.409+0000] {docker.py:438} INFO - 📦 [DEBUG] Using provided container: compose-post-service
[2025-11-04T06:45:47.410+0000] {docker.py:438} INFO - 🔍 [DEBUG] _get_restart_count() called for pod=compose-post-service-785bf77957-f685w, ns=default, container=compose-post-service
[2025-11-04T06:45:47.410+0000] {docker.py:438} INFO -    [DEBUG] Found 1 container_status entries
[2025-11-04T06:45:47.410+0000] {docker.py:438} INFO -    [DEBUG] container: compose-post-service, restart_count: 21
[2025-11-04T06:45:47.411+0000] {docker.py:438} INFO -    ✅ [DEBUG] Matched container compose-post-service, restart_count=21
[2025-11-04T06:45:47.411+0000] {docker.py:438} INFO - 📊 [DEBUG] Restart count before action: 21
[2025-11-04T06:45:47.412+0000] {docker.py:438} INFO - 🔧 [DEBUG] Restart strategies to try: [['sh', '-c', 'kill -INT 1'], ['sh', '-c', 'kill -2 1'], ['sh', '-c', 'kill -TERM 1'], ['sh', '-c', 'kill -9 1']]
[2025-11-04T06:45:47.412+0000] {docker.py:438} INFO - ➡️ [DEBUG] Trying restart strategy #1: sh -c kill -INT 1
[2025-11-04T06:45:47.413+0000] {docker.py:438} INFO -    [DEBUG] Exec stream opened successfully, running command...
[2025-11-04T06:45:47.413+0000] {docker.py:438} INFO -    [DEBUG] run_forever returned/finished
[2025-11-04T06:45:47.413+0000] {docker.py:438} INFO -    📤 [DEBUG] STDOUT (truncated): 
[2025-11-04T06:45:47.414+0000] {docker.py:438} INFO -    📤 [DEBUG] STDERR (truncated): 
[2025-11-04T06:45:47.414+0000] {docker.py:438} INFO -    📤 [DEBUG] CTRL_ERR: {"metadata":{},"status":"Success"}
[2025-11-04T06:45:47.415+0000] {docker.py:438} INFO -    ⏳ [DEBUG] Waiting up to 60s for restart count to increment...
[2025-11-04T06:45:47.415+0000] {docker.py:438} INFO - 🔍 [DEBUG] _get_restart_count() called for pod=compose-post-service-785bf77957-f685w, ns=default, container=compose-post-service
[2025-11-04T06:45:47.416+0000] {docker.py:438} INFO -    [DEBUG] Found 1 container_status entries
[2025-11-04T06:45:47.416+0000] {docker.py:438} INFO -    [DEBUG] container: compose-post-service, restart_count: 21
[2025-11-04T06:45:47.416+0000] {docker.py:438} INFO -    ✅ [DEBUG] Matched container compose-post-service, restart_count=21
[2025-11-04T06:45:47.417+0000] {docker.py:438} INFO -    [DEBUG] Polled restart count: 21 (before was 21)
[2025-11-04T06:45:47.417+0000] {docker.py:438} INFO - 🔍 [DEBUG] _get_restart_count() called for pod=compose-post-service-785bf77957-f685w, ns=default, container=compose-post-service
[2025-11-04T06:45:47.418+0000] {docker.py:438} INFO -    [DEBUG] Found 1 container_status entries
[2025-11-04T06:45:47.418+0000] {docker.py:438} INFO -    [DEBUG] container: compose-post-service, restart_count: 21
[2025-11-04T06:45:47.419+0000] {docker.py:438} INFO -    ✅ [DEBUG] Matched container compose-post-service, restart_count=21
[2025-11-04T06:45:47.419+0000] {docker.py:438} INFO -    [DEBUG] Polled restart count: 21 (before was 21)
[2025-11-04T06:45:47.419+0000] {docker.py:438} INFO - 🔍 [DEBUG] _get_restart_count() called for pod=compose-post-service-785bf77957-f685w, ns=default, container=compose-post-service
[2025-11-04T06:45:47.420+0000] {docker.py:438} INFO -    [DEBUG] Found 1 container_status entries
[2025-11-04T06:45:47.420+0000] {docker.py:438} INFO -    [DEBUG] container: compose-post-service, restart_count: 21
[2025-11-04T06:45:47.421+0000] {docker.py:438} INFO -    ✅ [DEBUG] Matched container compose-post-service, restart_count=21
[2025-11-04T06:45:47.421+0000] {docker.py:438} INFO -    [DEBUG] Polled restart count: 21 (before was 21)
[2025-11-04T06:45:47.421+0000] {docker.py:438} INFO - 🔍 [DEBUG] _get_restart_count() called for pod=compose-post-service-785bf77957-f685w, ns=default, container=compose-post-service
[2025-11-04T06:45:47.422+0000] {docker.py:438} INFO -    [DEBUG] Found 1 container_status entries
[2025-11-04T06:45:47.422+0000] {docker.py:438} INFO -    [DEBUG] container: compose-post-service, restart_count: 21
[2025-11-04T06:45:47.423+0000] {docker.py:438} INFO -    ✅ [DEBUG] Matched container compose-post-service, restart_count=21
[2025-11-04T06:45:47.423+0000] {docker.py:438} INFO -    [DEBUG] Polled restart count: 21 (before was 21)
[2025-11-04T06:45:47.423+0000] {docker.py:438} INFO - 🔍 [DEBUG] _get_restart_count() called for pod=compose-post-service-785bf77957-f685w, ns=default, container=compose-post-service
[2025-11-04T06:45:47.424+0000] {docker.py:438} INFO -    [DEBUG] Found 1 container_status entries
[2025-11-04T06:45:47.424+0000] {docker.py:438} INFO -    [DEBUG] container: compose-post-service, restart_count: 21
[2025-11-04T06:45:47.425+0000] {docker.py:438} INFO -    ✅ [DEBUG] Matched container compose-post-service, restart_count=21
[2025-11-04T06:45:47.425+0000] {docker.py:438} INFO -    [DEBUG] Polled restart count: 21 (before was 21)
[2025-11-04T06:45:47.426+0000] {docker.py:438} INFO - 🔍 [DEBUG] _get_restart_count() called for pod=compose-post-service-785bf77957-f685w, ns=default, container=compose-post-service
[2025-11-04T06:45:47.426+0000] {docker.py:438} INFO -    [DEBUG] Found 1 container_status entries
[2025-11-04T06:45:47.426+0000] {docker.py:438} INFO -    [DEBUG] container: compose-post-service, restart_count: 21
[2025-11-04T06:45:47.427+0000] {docker.py:438} INFO -    ✅ [DEBUG] Matched container compose-post-service, restart_count=21
[2025-11-04T06:45:47.427+0000] {docker.py:438} INFO -    [DEBUG] Polled restart count: 21 (before was 21)
[2025-11-04T06:45:47.428+0000] {docker.py:438} INFO - 🔍 [DEBUG] _get_restart_count() called for pod=compose-post-service-785bf77957-f685w, ns=default, container=compose-post-service
[2025-11-04T06:45:47.428+0000] {docker.py:438} INFO -    [DEBUG] Found 1 container_status entries
[2025-11-04T06:45:47.428+0000] {docker.py:438} INFO -    [DEBUG] container: compose-post-service, restart_count: 21
[2025-11-04T06:45:47.429+0000] {docker.py:438} INFO -    ✅ [DEBUG] Matched container compose-post-service, restart_count=21
[2025-11-04T06:45:47.429+0000] {docker.py:438} INFO -    [DEBUG] Polled restart count: 21 (before was 21)
[2025-11-04T06:45:47.430+0000] {docker.py:438} INFO - 🔍 [DEBUG] _get_restart_count() called for pod=compose-post-service-785bf77957-f685w, ns=default, container=compose-post-service
[2025-11-04T06:45:47.430+0000] {docker.py:438} INFO -    [DEBUG] Found 1 container_status entries
[2025-11-04T06:45:47.431+0000] {docker.py:438} INFO -    [DEBUG] container: compose-post-service, restart_count: 21
[2025-11-04T06:45:47.431+0000] {docker.py:438} INFO -    ✅ [DEBUG] Matched container compose-post-service, restart_count=21
[2025-11-04T06:45:47.432+0000] {docker.py:438} INFO -    [DEBUG] Polled restart count: 21 (before was 21)
[2025-11-04T06:45:47.432+0000] {docker.py:438} INFO - 🔍 [DEBUG] _get_restart_count() called for pod=compose-post-service-785bf77957-f685w, ns=default, container=compose-post-service
[2025-11-04T06:45:47.432+0000] {docker.py:438} INFO -    [DEBUG] Found 1 container_status entries
[2025-11-04T06:45:47.433+0000] {docker.py:438} INFO -    [DEBUG] container: compose-post-service, restart_count: 22
[2025-11-04T06:45:47.433+0000] {docker.py:438} INFO -    ✅ [DEBUG] Matched container compose-post-service, restart_count=22
[2025-11-04T06:45:47.434+0000] {docker.py:438} INFO -    [DEBUG] Polled restart count: 22 (before was 21)
[2025-11-04T06:45:47.434+0000] {docker.py:438} INFO -    ✅ [DEBUG] Restart observed: 21 -> 22
[2025-11-04T06:45:47.435+0000] {docker.py:438} INFO -    🎉 [DEBUG] Restart verified, breaking out of strategies loop
[2025-11-04T06:45:47.435+0000] {docker.py:438} INFO - 🔍 [DEBUG] _get_restart_count() called for pod=compose-post-service-785bf77957-f685w, ns=default, container=compose-post-service
[2025-11-04T06:45:47.436+0000] {docker.py:438} INFO -    [DEBUG] Found 1 container_status entries
[2025-11-04T06:45:47.436+0000] {docker.py:438} INFO -    [DEBUG] container: compose-post-service, restart_count: 22
[2025-11-04T06:45:47.436+0000] {docker.py:438} INFO -    ✅ [DEBUG] Matched container compose-post-service, restart_count=22
[2025-11-04T06:45:47.437+0000] {docker.py:438} INFO - ✅ [DEBUG] Restart recorded for compose-post-service-785bf77957-f685w: 21 -> 22
[2025-11-04T06:45:47.437+0000] {docker.py:438} INFO - 
[2025-11-04T06:45:47.438+0000] {docker.py:438} INFO - 🏁 [DEBUG] restart_containers() finished. Processed 1 pods
[2025-11-04T06:45:47.438+0000] {docker.py:438} INFO -    [DEBUG] restart_containers returned 1 entries
[2025-11-04T06:45:47.439+0000] {docker.py:438} INFO - ✅ [DEBUG] Successfully restarted this cycle: 1
[2025-11-04T06:45:47.439+0000] {docker.py:438} INFO -    📦 [DEBUG] compose-post-service-785bf77957-f685w: restart_verified
[2025-11-04T06:45:47.439+0000] {docker.py:438} INFO - ⏳ [DEBUG] Waiting 5 seconds until next cycle. Time remaining: 382s
[2025-11-04T06:45:47.440+0000] {docker.py:438} INFO - 
[2025-11-04T06:45:47.440+0000] {docker.py:438} INFO - ============================================================
[2025-11-04T06:45:47.441+0000] {docker.py:438} INFO - 🔄 [DEBUG] Container Restart Cycle #2 at 2025-11-04 06:45:45
[2025-11-04T06:45:47.441+0000] {docker.py:438} INFO - ============================================================
[2025-11-04T06:45:47.442+0000] {docker.py:438} INFO - 🔄 [DEBUG] Entered restart_containers()
[2025-11-04T06:45:47.442+0000] {docker.py:438} INFO -    Params => label_selector=app=compose-post-service, name_pattern=None, qty=2, rand=True, mode=fixed, ns=default, order=alphabetic, container_name=compose-post-service, restart_command=None
[2025-11-04T06:45:47.442+0000] {docker.py:438} INFO - 🔑 [DEBUG] Kubernetes API client created
[2025-11-04T06:45:47.443+0000] {docker.py:438} INFO - 🔍 [DEBUG] Selecting pods now...
[2025-11-04T06:45:47.443+0000] {docker.py:438} INFO - 🔍 [DEBUG] Entered _select_pods()
[2025-11-04T06:45:47.444+0000] {docker.py:438} INFO -    Params => label_selector=app=compose-post-service, name_pattern=None, all=False, rand=True, mode=fixed, qty=2, ns=default, order=alphabetic
[2025-11-04T06:45:47.444+0000] {docker.py:438} INFO -    [DEBUG] Listing pods with label_selector=app=compose-post-service
[2025-11-04T06:45:47.444+0000] {docker.py:438} INFO - 📋 [DEBUG] Found 1 pods initially
[2025-11-04T06:45:47.445+0000] {docker.py:438} INFO - 🎲 [DEBUG] Random selection chosen: 1 pods
[2025-11-04T06:45:47.445+0000] {docker.py:438} INFO - ✅ [DEBUG] Selected pods: ['compose-post-service-785bf77957-f685w']
[2025-11-04T06:45:47.446+0000] {docker.py:438} INFO - 📋 [DEBUG] Pods selected: 1
[2025-11-04T06:45:47.446+0000] {docker.py:438} INFO - 
[2025-11-04T06:45:47.447+0000] {docker.py:438} INFO - 🎯 [DEBUG] Processing pod: compose-post-service-785bf77957-f685w
[2025-11-04T06:45:47.447+0000] {docker.py:438} INFO - 📦 [DEBUG] Using provided container: compose-post-service
[2025-11-04T06:45:47.447+0000] {docker.py:438} INFO - 🔍 [DEBUG] _get_restart_count() called for pod=compose-post-service-785bf77957-f685w, ns=default, container=compose-post-service
[2025-11-04T06:45:47.448+0000] {docker.py:438} INFO -    [DEBUG] Found 1 container_status entries
[2025-11-04T06:45:47.448+0000] {docker.py:438} INFO -    [DEBUG] container: compose-post-service, restart_count: 22
[2025-11-04T06:45:47.449+0000] {docker.py:438} INFO -    ✅ [DEBUG] Matched container compose-post-service, restart_count=22
[2025-11-04T06:45:47.449+0000] {docker.py:438} INFO - 📊 [DEBUG] Restart count before action: 22
[2025-11-04T06:45:47.450+0000] {docker.py:438} INFO - 🔧 [DEBUG] Restart strategies to try: [['sh', '-c', 'kill -INT 1'], ['sh', '-c', 'kill -2 1'], ['sh', '-c', 'kill -TERM 1'], ['sh', '-c', 'kill -9 1']]
[2025-11-04T06:45:47.450+0000] {docker.py:438} INFO - ➡️ [DEBUG] Trying restart strategy #1: sh -c kill -INT 1
[2025-11-04T06:45:47.450+0000] {docker.py:438} INFO -    [DEBUG] Exec stream opened successfully, running command...
[2025-11-04T06:45:47.451+0000] {docker.py:438} INFO -    [DEBUG] run_forever returned/finished
[2025-11-04T06:45:47.451+0000] {docker.py:438} INFO -    📤 [DEBUG] STDOUT (truncated): 
[2025-11-04T06:45:47.452+0000] {docker.py:438} INFO -    📤 [DEBUG] STDERR (truncated): 
[2025-11-04T06:45:47.452+0000] {docker.py:438} INFO -    📤 [DEBUG] CTRL_ERR: {"metadata":{},"status":"Success"}
[2025-11-04T06:45:47.452+0000] {docker.py:438} INFO -    ⏳ [DEBUG] Waiting up to 60s for restart count to increment...
[2025-11-04T06:45:47.453+0000] {docker.py:438} INFO - 🔍 [DEBUG] _get_restart_count() called for pod=compose-post-service-785bf77957-f685w, ns=default, container=compose-post-service
[2025-11-04T06:46:23.706+0000] {docker.py:438} INFO - [DEBUG] Found 1 container_status entries
[2025-11-04T06:46:23.706+0000] {docker.py:438} INFO -    [DEBUG] container: compose-post-service, restart_count: 22
[2025-11-04T06:46:23.707+0000] {docker.py:438} INFO -    ✅ [DEBUG] Matched container compose-post-service, restart_count=22
[2025-11-04T06:46:23.707+0000] {docker.py:438} INFO -    [DEBUG] Polled restart count: 22 (before was 22)
[2025-11-04T06:46:23.708+0000] {docker.py:438} INFO - 🔍 [DEBUG] _get_restart_count() called for pod=compose-post-service-785bf77957-f685w, ns=default, container=compose-post-service
[2025-11-04T06:46:23.708+0000] {docker.py:438} INFO -    [DEBUG] Found 1 container_status entries
[2025-11-04T06:46:23.709+0000] {docker.py:438} INFO -    [DEBUG] container: compose-post-service, restart_count: 22
[2025-11-04T06:46:23.709+0000] {docker.py:438} INFO -    ✅ [DEBUG] Matched container compose-post-service, restart_count=22
[2025-11-04T06:46:23.709+0000] {docker.py:438} INFO -    [DEBUG] Polled restart count: 22 (before was 22)
[2025-11-04T06:46:23.710+0000] {docker.py:438} INFO - 🔍 [DEBUG] _get_restart_count() called for pod=compose-post-service-785bf77957-f685w, ns=default, container=compose-post-service
[2025-11-04T06:46:23.710+0000] {docker.py:438} INFO -    [DEBUG] Found 1 container_status entries
[2025-11-04T06:46:23.711+0000] {docker.py:438} INFO -    [DEBUG] container: compose-post-service, restart_count: 22
[2025-11-04T06:46:23.711+0000] {docker.py:438} INFO -    ✅ [DEBUG] Matched container compose-post-service, restart_count=22
[2025-11-04T06:46:23.712+0000] {docker.py:438} INFO -    [DEBUG] Polled restart count: 22 (before was 22)
[2025-11-04T06:46:23.712+0000] {docker.py:438} INFO - 🔍 [DEBUG] _get_restart_count() called for pod=compose-post-service-785bf77957-f685w, ns=default, container=compose-post-service
[2025-11-04T06:46:23.712+0000] {docker.py:438} INFO -    [DEBUG] Found 1 container_status entries
[2025-11-04T06:46:23.713+0000] {docker.py:438} INFO -    [DEBUG] container: compose-post-service, restart_count: 22
[2025-11-04T06:46:23.713+0000] {docker.py:438} INFO -    ✅ [DEBUG] Matched container compose-post-service, restart_count=22
[2025-11-04T06:46:23.714+0000] {docker.py:438} INFO -    [DEBUG] Polled restart count: 22 (before was 22)
[2025-11-04T06:46:23.714+0000] {docker.py:438} INFO - 🔍 [DEBUG] _get_restart_count() called for pod=compose-post-service-785bf77957-f685w, ns=default, container=compose-post-service
[2025-11-04T06:46:23.715+0000] {docker.py:438} INFO -    [DEBUG] Found 1 container_status entries
[2025-11-04T06:46:23.715+0000] {docker.py:438} INFO -    [DEBUG] container: compose-post-service, restart_count: 22
[2025-11-04T06:46:23.715+0000] {docker.py:438} INFO -    ✅ [DEBUG] Matched container compose-post-service, restart_count=22
[2025-11-04T06:46:23.716+0000] {docker.py:438} INFO -    [DEBUG] Polled restart count: 22 (before was 22)
[2025-11-04T06:46:23.716+0000] {docker.py:438} INFO - 🔍 [DEBUG] _get_restart_count() called for pod=compose-post-service-785bf77957-f685w, ns=default, container=compose-post-service
[2025-11-04T06:46:23.717+0000] {docker.py:438} INFO -    [DEBUG] Found 1 container_status entries
[2025-11-04T06:46:23.717+0000] {docker.py:438} INFO -    [DEBUG] container: compose-post-service, restart_count: 22
[2025-11-04T06:46:23.718+0000] {docker.py:438} INFO -    ✅ [DEBUG] Matched container compose-post-service, restart_count=22
[2025-11-04T06:46:23.718+0000] {docker.py:438} INFO -    [DEBUG] Polled restart count: 22 (before was 22)
[2025-11-04T06:46:23.719+0000] {docker.py:438} INFO - 🔍 [DEBUG] _get_restart_count() called for pod=compose-post-service-785bf77957-f685w, ns=default, container=compose-post-service
[2025-11-04T06:46:23.719+0000] {docker.py:438} INFO -    [DEBUG] Found 1 container_status entries
[2025-11-04T06:46:23.719+0000] {docker.py:438} INFO -    [DEBUG] container: compose-post-service, restart_count: 22
[2025-11-04T06:46:23.720+0000] {docker.py:438} INFO -    ✅ [DEBUG] Matched container compose-post-service, restart_count=22
[2025-11-04T06:46:23.720+0000] {docker.py:438} INFO -    [DEBUG] Polled restart count: 22 (before was 22)
[2025-11-04T06:46:23.721+0000] {docker.py:438} INFO - 🔍 [DEBUG] _get_restart_count() called for pod=compose-post-service-785bf77957-f685w, ns=default, container=compose-post-service
[2025-11-04T06:46:23.721+0000] {docker.py:438} INFO -    [DEBUG] Found 1 container_status entries
[2025-11-04T06:46:23.722+0000] {docker.py:438} INFO -    [DEBUG] container: compose-post-service, restart_count: 23
[2025-11-04T06:46:23.722+0000] {docker.py:438} INFO -    ✅ [DEBUG] Matched container compose-post-service, restart_count=23
[2025-11-04T06:46:23.722+0000] {docker.py:438} INFO -    [DEBUG] Polled restart count: 23 (before was 22)
[2025-11-04T06:46:23.723+0000] {docker.py:438} INFO -    ✅ [DEBUG] Restart observed: 22 -> 23
[2025-11-04T06:46:23.723+0000] {docker.py:438} INFO -    🎉 [DEBUG] Restart verified, breaking out of strategies loop
[2025-11-04T06:46:23.724+0000] {docker.py:438} INFO - 🔍 [DEBUG] _get_restart_count() called for pod=compose-post-service-785bf77957-f685w, ns=default, container=compose-post-service
[2025-11-04T06:46:23.724+0000] {docker.py:438} INFO -    [DEBUG] Found 1 container_status entries
[2025-11-04T06:46:23.725+0000] {docker.py:438} INFO -    [DEBUG] container: compose-post-service, restart_count: 23
[2025-11-04T06:46:23.725+0000] {docker.py:438} INFO -    ✅ [DEBUG] Matched container compose-post-service, restart_count=23
[2025-11-04T06:46:23.725+0000] {docker.py:438} INFO - ✅ [DEBUG] Restart recorded for compose-post-service-785bf77957-f685w: 22 -> 23
[2025-11-04T06:46:23.726+0000] {docker.py:438} INFO - 
[2025-11-04T06:46:23.726+0000] {docker.py:438} INFO - 🏁 [DEBUG] restart_containers() finished. Processed 1 pods
[2025-11-04T06:46:23.727+0000] {docker.py:438} INFO -    [DEBUG] restart_containers returned 1 entries
[2025-11-04T06:46:23.727+0000] {docker.py:438} INFO - ✅ [DEBUG] Successfully restarted this cycle: 1
[2025-11-04T06:46:23.728+0000] {docker.py:438} INFO -    📦 [DEBUG] compose-post-service-785bf77957-f685w: restart_verified
[2025-11-04T06:46:23.728+0000] {docker.py:438} INFO - ⏳ [DEBUG] Waiting 5 seconds until next cycle. Time remaining: 360s
[2025-11-04T06:46:23.729+0000] {docker.py:438} INFO - 
[2025-11-04T06:46:23.729+0000] {docker.py:438} INFO - ============================================================
[2025-11-04T06:46:23.729+0000] {docker.py:438} INFO - 🔄 [DEBUG] Container Restart Cycle #3 at 2025-11-04 06:46:07
[2025-11-04T06:46:23.730+0000] {docker.py:438} INFO - ============================================================
[2025-11-04T06:46:23.730+0000] {docker.py:438} INFO - 🔄 [DEBUG] Entered restart_containers()
[2025-11-04T06:46:23.731+0000] {docker.py:438} INFO -    Params => label_selector=app=compose-post-service, name_pattern=None, qty=2, rand=True, mode=fixed, ns=default, order=alphabetic, container_name=compose-post-service, restart_command=None
[2025-11-04T06:46:23.731+0000] {docker.py:438} INFO - 🔑 [DEBUG] Kubernetes API client created
[2025-11-04T06:46:23.732+0000] {docker.py:438} INFO - 🔍 [DEBUG] Selecting pods now...
[2025-11-04T06:46:23.732+0000] {docker.py:438} INFO - 🔍 [DEBUG] Entered _select_pods()
[2025-11-04T06:46:23.732+0000] {docker.py:438} INFO -    Params => label_selector=app=compose-post-service, name_pattern=None, all=False, rand=True, mode=fixed, qty=2, ns=default, order=alphabetic
[2025-11-04T06:46:23.733+0000] {docker.py:438} INFO -    [DEBUG] Listing pods with label_selector=app=compose-post-service
[2025-11-04T06:46:23.733+0000] {docker.py:438} INFO - 📋 [DEBUG] Found 1 pods initially
[2025-11-04T06:46:23.734+0000] {docker.py:438} INFO - 🎲 [DEBUG] Random selection chosen: 1 pods
[2025-11-04T06:46:23.734+0000] {docker.py:438} INFO - ✅ [DEBUG] Selected pods: ['compose-post-service-785bf77957-f685w']
[2025-11-04T06:46:23.735+0000] {docker.py:438} INFO - 📋 [DEBUG] Pods selected: 1
[2025-11-04T06:46:23.735+0000] {docker.py:438} INFO - 
[2025-11-04T06:46:23.736+0000] {docker.py:438} INFO - 🎯 [DEBUG] Processing pod: compose-post-service-785bf77957-f685w
[2025-11-04T06:46:23.736+0000] {docker.py:438} INFO - 📦 [DEBUG] Using provided container: compose-post-service
[2025-11-04T06:46:23.736+0000] {docker.py:438} INFO - 🔍 [DEBUG] _get_restart_count() called for pod=compose-post-service-785bf77957-f685w, ns=default, container=compose-post-service
[2025-11-04T06:46:23.737+0000] {docker.py:438} INFO -    [DEBUG] Found 1 container_status entries
[2025-11-04T06:46:23.737+0000] {docker.py:438} INFO -    [DEBUG] container: compose-post-service, restart_count: 23
[2025-11-04T06:46:23.738+0000] {docker.py:438} INFO -    ✅ [DEBUG] Matched container compose-post-service, restart_count=23
[2025-11-04T06:46:23.738+0000] {docker.py:438} INFO - 📊 [DEBUG] Restart count before action: 23
[2025-11-04T06:46:23.739+0000] {docker.py:438} INFO - 🔧 [DEBUG] Restart strategies to try: [['sh', '-c', 'kill -INT 1'], ['sh', '-c', 'kill -2 1'], ['sh', '-c', 'kill -TERM 1'], ['sh', '-c', 'kill -9 1']]
[2025-11-04T06:46:23.739+0000] {docker.py:438} INFO - ➡️ [DEBUG] Trying restart strategy #1: sh -c kill -INT 1
[2025-11-04T06:46:23.739+0000] {docker.py:438} INFO -    [DEBUG] Exec stream opened successfully, running command...
[2025-11-04T06:46:23.740+0000] {docker.py:438} INFO -    [DEBUG] run_forever returned/finished
[2025-11-04T06:46:23.740+0000] {docker.py:438} INFO -    📤 [DEBUG] STDOUT (truncated): 
[2025-11-04T06:46:23.741+0000] {docker.py:438} INFO -    📤 [DEBUG] STDERR (truncated): 
[2025-11-04T06:46:23.741+0000] {docker.py:438} INFO -    📤 [DEBUG] CTRL_ERR: {"metadata":{},"status":"Success"}
[2025-11-04T06:46:23.742+0000] {docker.py:438} INFO -    ⏳ [DEBUG] Waiting up to 60s for restart count to increment...
[2025-11-04T06:46:23.742+0000] {docker.py:438} INFO - 🔍 [DEBUG] _get_restart_count() called for pod=compose-post-service-785bf77957-f685w, ns=default, container=compose-post-service
[2025-11-04T06:46:23.742+0000] {docker.py:438} INFO -    [DEBUG] Found 1 container_status entries
[2025-11-04T06:46:23.743+0000] {docker.py:438} INFO -    [DEBUG] container: compose-post-service, restart_count: 23
[2025-11-04T06:46:23.743+0000] {docker.py:438} INFO -    ✅ [DEBUG] Matched container compose-post-service, restart_count=23
[2025-11-04T06:46:23.744+0000] {docker.py:438} INFO -    [DEBUG] Polled restart count: 23 (before was 23)
[2025-11-04T06:46:23.744+0000] {docker.py:438} INFO - 🔍 [DEBUG] _get_restart_count() called for pod=compose-post-service-785bf77957-f685w, ns=default, container=compose-post-service
[2025-11-04T06:46:23.745+0000] {docker.py:438} INFO -    [DEBUG] Found 1 container_status entries
[2025-11-04T06:46:23.745+0000] {docker.py:438} INFO -    [DEBUG] container: compose-post-service, restart_count: 23
[2025-11-04T06:46:23.745+0000] {docker.py:438} INFO -    ✅ [DEBUG] Matched container compose-post-service, restart_count=23
[2025-11-04T06:46:23.746+0000] {docker.py:438} INFO -    [DEBUG] Polled restart count: 23 (before was 23)
[2025-11-04T06:46:23.746+0000] {docker.py:438} INFO - 🔍 [DEBUG] _get_restart_count() called for pod=compose-post-service-785bf77957-f685w, ns=default, container=compose-post-service
[2025-11-04T06:46:23.747+0000] {docker.py:438} INFO -    [DEBUG] Found 1 container_status entries
[2025-11-04T06:46:23.747+0000] {docker.py:438} INFO -    [DEBUG] container: compose-post-service, restart_count: 23
[2025-11-04T06:46:23.748+0000] {docker.py:438} INFO -    ✅ [DEBUG] Matched container compose-post-service, restart_count=23
[2025-11-04T06:46:23.748+0000] {docker.py:438} INFO -    [DEBUG] Polled restart count: 23 (before was 23)
[2025-11-04T06:46:23.748+0000] {docker.py:438} INFO - 🔍 [DEBUG] _get_restart_count() called for pod=compose-post-service-785bf77957-f685w, ns=default, container=compose-post-service
[2025-11-04T06:46:23.749+0000] {docker.py:438} INFO -    [DEBUG] Found 1 container_status entries
[2025-11-04T06:46:23.749+0000] {docker.py:438} INFO -    [DEBUG] container: compose-post-service, restart_count: 23
[2025-11-04T06:46:23.750+0000] {docker.py:438} INFO -    ✅ [DEBUG] Matched container compose-post-service, restart_count=23
[2025-11-04T06:46:23.750+0000] {docker.py:438} INFO -    [DEBUG] Polled restart count: 23 (before was 23)
[2025-11-04T06:46:23.751+0000] {docker.py:438} INFO - 🔍 [DEBUG] _get_restart_count() called for pod=compose-post-service-785bf77957-f685w, ns=default, container=compose-post-service
[2025-11-04T06:46:23.751+0000] {docker.py:438} INFO -    [DEBUG] Found 1 container_status entries
[2025-11-04T06:46:23.751+0000] {docker.py:438} INFO -    [DEBUG] container: compose-post-service, restart_count: 23
[2025-11-04T06:46:23.752+0000] {docker.py:438} INFO -    ✅ [DEBUG] Matched container compose-post-service, restart_count=23
[2025-11-04T06:46:23.752+0000] {docker.py:438} INFO -    [DEBUG] Polled restart count: 23 (before was 23)
[2025-11-04T06:46:23.753+0000] {docker.py:438} INFO - 🔍 [DEBUG] _get_restart_count() called for pod=compose-post-service-785bf77957-f685w, ns=default, container=compose-post-service
[2025-11-04T06:46:23.753+0000] {docker.py:438} INFO -    [DEBUG] Found 1 container_status entries
[2025-11-04T06:46:23.753+0000] {docker.py:438} INFO -    [DEBUG] container: compose-post-service, restart_count: 23
[2025-11-04T06:46:23.754+0000] {docker.py:438} INFO -    ✅ [DEBUG] Matched container compose-post-service, restart_count=23
[2025-11-04T06:46:23.754+0000] {docker.py:438} INFO -    [DEBUG] Polled restart count: 23 (before was 23)
[2025-11-04T06:46:23.755+0000] {docker.py:438} INFO - 🔍 [DEBUG] _get_restart_count() called for pod=compose-post-service-785bf77957-f685w, ns=default, container=compose-post-service
[2025-11-04T06:46:23.755+0000] {docker.py:438} INFO -    [DEBUG] Found 1 container_status entries
[2025-11-04T06:46:23.756+0000] {docker.py:438} INFO -    [DEBUG] container: compose-post-service, restart_count: 23
[2025-11-04T06:46:23.756+0000] {docker.py:438} INFO -    ✅ [DEBUG] Matched container compose-post-service, restart_count=23
[2025-11-04T06:46:23.756+0000] {docker.py:438} INFO -    [DEBUG] Polled restart count: 23 (before was 23)
[2025-11-04T06:46:23.757+0000] {docker.py:438} INFO - 🔍 [DEBUG] _get_restart_count() called for pod=compose-post-service-785bf77957-f685w, ns=default, container=compose-post-service
[2025-11-04T06:46:23.757+0000] {docker.py:438} INFO -    [DEBUG] Found 1 container_status entries
[2025-11-04T06:46:23.758+0000] {docker.py:438} INFO -    [DEBUG] container: compose-post-service, restart_count: 23
[2025-11-04T06:47:01.019+0000] {docker.py:438} INFO - ✅ [DEBUG] Matched container compose-post-service, restart_count=23
[2025-11-04T06:47:01.019+0000] {docker.py:438} INFO -    [DEBUG] Polled restart count: 23 (before was 23)
[2025-11-04T06:47:01.020+0000] {docker.py:438} INFO - 🔍 [DEBUG] _get_restart_count() called for pod=compose-post-service-785bf77957-f685w, ns=default, container=compose-post-service
[2025-11-04T06:47:01.020+0000] {docker.py:438} INFO -    [DEBUG] Found 1 container_status entries
[2025-11-04T06:47:01.021+0000] {docker.py:438} INFO -    [DEBUG] container: compose-post-service, restart_count: 23
[2025-11-04T06:47:01.021+0000] {docker.py:438} INFO -    ✅ [DEBUG] Matched container compose-post-service, restart_count=23
[2025-11-04T06:47:01.023+0000] {docker.py:438} INFO -    [DEBUG] Polled restart count: 23 (before was 23)
[2025-11-04T06:47:01.023+0000] {docker.py:438} INFO - 🔍 [DEBUG] _get_restart_count() called for pod=compose-post-service-785bf77957-f685w, ns=default, container=compose-post-service
[2025-11-04T06:47:01.027+0000] {docker.py:438} INFO -    [DEBUG] Found 1 container_status entries
[2025-11-04T06:47:01.027+0000] {docker.py:438} INFO -    [DEBUG] container: compose-post-service, restart_count: 23
[2025-11-04T06:47:01.030+0000] {docker.py:438} INFO -    ✅ [DEBUG] Matched container compose-post-service, restart_count=23
[2025-11-04T06:47:01.030+0000] {docker.py:438} INFO -    [DEBUG] Polled restart count: 23 (before was 23)
[2025-11-04T06:47:01.030+0000] {docker.py:438} INFO - 🔍 [DEBUG] _get_restart_count() called for pod=compose-post-service-785bf77957-f685w, ns=default, container=compose-post-service
[2025-11-04T06:47:01.031+0000] {docker.py:438} INFO -    [DEBUG] Found 1 container_status entries
[2025-11-04T06:47:01.031+0000] {docker.py:438} INFO -    [DEBUG] container: compose-post-service, restart_count: 23
[2025-11-04T06:47:01.032+0000] {docker.py:438} INFO -    ✅ [DEBUG] Matched container compose-post-service, restart_count=23
[2025-11-04T06:47:01.032+0000] {docker.py:438} INFO -    [DEBUG] Polled restart count: 23 (before was 23)
[2025-11-04T06:47:01.037+0000] {docker.py:438} INFO - 🔍 [DEBUG] _get_restart_count() called for pod=compose-post-service-785bf77957-f685w, ns=default, container=compose-post-service
[2025-11-04T06:47:01.037+0000] {docker.py:438} INFO -    [DEBUG] Found 1 container_status entries
[2025-11-04T06:47:01.037+0000] {docker.py:438} INFO -    [DEBUG] container: compose-post-service, restart_count: 23
[2025-11-04T06:47:01.038+0000] {docker.py:438} INFO -    ✅ [DEBUG] Matched container compose-post-service, restart_count=23
[2025-11-04T06:47:01.038+0000] {docker.py:438} INFO -    [DEBUG] Polled restart count: 23 (before was 23)
[2025-11-04T06:47:01.042+0000] {docker.py:438} INFO - 🔍 [DEBUG] _get_restart_count() called for pod=compose-post-service-785bf77957-f685w, ns=default, container=compose-post-service
[2025-11-04T06:47:01.042+0000] {docker.py:438} INFO -    [DEBUG] Found 1 container_status entries
[2025-11-04T06:47:01.043+0000] {docker.py:438} INFO -    [DEBUG] container: compose-post-service, restart_count: 23
[2025-11-04T06:47:01.045+0000] {docker.py:438} INFO -    ✅ [DEBUG] Matched container compose-post-service, restart_count=23
[2025-11-04T06:47:01.045+0000] {docker.py:438} INFO -    [DEBUG] Polled restart count: 23 (before was 23)
[2025-11-04T06:47:01.045+0000] {docker.py:438} INFO - 🔍 [DEBUG] _get_restart_count() called for pod=compose-post-service-785bf77957-f685w, ns=default, container=compose-post-service
[2025-11-04T06:47:01.046+0000] {docker.py:438} INFO -    [DEBUG] Found 1 container_status entries
[2025-11-04T06:47:01.046+0000] {docker.py:438} INFO -    [DEBUG] container: compose-post-service, restart_count: 23
[2025-11-04T06:47:01.050+0000] {docker.py:438} INFO -    ✅ [DEBUG] Matched container compose-post-service, restart_count=23
[2025-11-04T06:47:01.050+0000] {docker.py:438} INFO -    [DEBUG] Polled restart count: 23 (before was 23)
[2025-11-04T06:47:01.051+0000] {docker.py:438} INFO - 🔍 [DEBUG] _get_restart_count() called for pod=compose-post-service-785bf77957-f685w, ns=default, container=compose-post-service
[2025-11-04T06:47:01.051+0000] {docker.py:438} INFO -    [DEBUG] Found 1 container_status entries
[2025-11-04T06:47:01.055+0000] {docker.py:438} INFO -    [DEBUG] container: compose-post-service, restart_count: 23
[2025-11-04T06:47:01.056+0000] {docker.py:438} INFO -    ✅ [DEBUG] Matched container compose-post-service, restart_count=23
[2025-11-04T06:47:01.057+0000] {docker.py:438} INFO -    [DEBUG] Polled restart count: 23 (before was 23)
[2025-11-04T06:47:01.058+0000] {docker.py:438} INFO - 🔍 [DEBUG] _get_restart_count() called for pod=compose-post-service-785bf77957-f685w, ns=default, container=compose-post-service
[2025-11-04T06:47:01.059+0000] {docker.py:438} INFO -    [DEBUG] Found 1 container_status entries
[2025-11-04T06:47:01.059+0000] {docker.py:438} INFO -    [DEBUG] container: compose-post-service, restart_count: 23
[2025-11-04T06:47:01.061+0000] {docker.py:438} INFO -    ✅ [DEBUG] Matched container compose-post-service, restart_count=23
[2025-11-04T06:47:01.062+0000] {docker.py:438} INFO -    [DEBUG] Polled restart count: 23 (before was 23)
[2025-11-04T06:47:01.062+0000] {docker.py:438} INFO - 🔍 [DEBUG] _get_restart_count() called for pod=compose-post-service-785bf77957-f685w, ns=default, container=compose-post-service
[2025-11-04T06:47:01.063+0000] {docker.py:438} INFO -    [DEBUG] Found 1 container_status entries
[2025-11-04T06:47:01.063+0000] {docker.py:438} INFO -    [DEBUG] container: compose-post-service, restart_count: 24
[2025-11-04T06:47:01.066+0000] {docker.py:438} INFO -    ✅ [DEBUG] Matched container compose-post-service, restart_count=24
[2025-11-04T06:47:01.066+0000] {docker.py:438} INFO -    [DEBUG] Polled restart count: 24 (before was 23)
[2025-11-04T06:47:01.067+0000] {docker.py:438} INFO -    ✅ [DEBUG] Restart observed: 23 -> 24
[2025-11-04T06:47:01.069+0000] {docker.py:438} INFO -    🎉 [DEBUG] Restart verified, breaking out of strategies loop
[2025-11-04T06:47:01.069+0000] {docker.py:438} INFO - 🔍 [DEBUG] _get_restart_count() called for pod=compose-post-service-785bf77957-f685w, ns=default, container=compose-post-service
[2025-11-04T06:47:01.069+0000] {docker.py:438} INFO -    [DEBUG] Found 1 container_status entries
[2025-11-04T06:47:01.071+0000] {docker.py:438} INFO -    [DEBUG] container: compose-post-service, restart_count: 24
[2025-11-04T06:47:01.071+0000] {docker.py:438} INFO -    ✅ [DEBUG] Matched container compose-post-service, restart_count=24
[2025-11-04T06:47:01.072+0000] {docker.py:438} INFO - ✅ [DEBUG] Restart recorded for compose-post-service-785bf77957-f685w: 23 -> 24
[2025-11-04T06:47:01.072+0000] {docker.py:438} INFO - 
[2025-11-04T06:47:01.072+0000] {docker.py:438} INFO - 🏁 [DEBUG] restart_containers() finished. Processed 1 pods
[2025-11-04T06:47:01.073+0000] {docker.py:438} INFO -    [DEBUG] restart_containers returned 1 entries
[2025-11-04T06:47:01.073+0000] {docker.py:438} INFO - ✅ [DEBUG] Successfully restarted this cycle: 1
[2025-11-04T06:47:01.074+0000] {docker.py:438} INFO -    📦 [DEBUG] compose-post-service-785bf77957-f685w: restart_verified
[2025-11-04T06:47:01.074+0000] {docker.py:438} INFO - ⏳ [DEBUG] Waiting 5 seconds until next cycle. Time remaining: 320s
[2025-11-04T06:47:01.076+0000] {docker.py:438} INFO - 
[2025-11-04T06:47:01.076+0000] {docker.py:438} INFO - ============================================================
[2025-11-04T06:47:01.077+0000] {docker.py:438} INFO - 🔄 [DEBUG] Container Restart Cycle #4 at 2025-11-04 06:46:47
[2025-11-04T06:47:01.077+0000] {docker.py:438} INFO - ============================================================
[2025-11-04T06:47:01.077+0000] {docker.py:438} INFO - 🔄 [DEBUG] Entered restart_containers()
[2025-11-04T06:47:01.079+0000] {docker.py:438} INFO -    Params => label_selector=app=compose-post-service, name_pattern=None, qty=2, rand=True, mode=fixed, ns=default, order=alphabetic, container_name=compose-post-service, restart_command=None
[2025-11-04T06:47:01.079+0000] {docker.py:438} INFO - 🔑 [DEBUG] Kubernetes API client created
[2025-11-04T06:47:01.080+0000] {docker.py:438} INFO - 🔍 [DEBUG] Selecting pods now...
[2025-11-04T06:47:01.080+0000] {docker.py:438} INFO - 🔍 [DEBUG] Entered _select_pods()
[2025-11-04T06:47:01.083+0000] {docker.py:438} INFO -    Params => label_selector=app=compose-post-service, name_pattern=None, all=False, rand=True, mode=fixed, qty=2, ns=default, order=alphabetic
[2025-11-04T06:47:01.083+0000] {docker.py:438} INFO -    [DEBUG] Listing pods with label_selector=app=compose-post-service
[2025-11-04T06:47:01.083+0000] {docker.py:438} INFO - 📋 [DEBUG] Found 1 pods initially
[2025-11-04T06:47:01.085+0000] {docker.py:438} INFO - 🎲 [DEBUG] Random selection chosen: 1 pods
[2025-11-04T06:47:01.085+0000] {docker.py:438} INFO - ✅ [DEBUG] Selected pods: ['compose-post-service-785bf77957-f685w']
[2025-11-04T06:47:01.086+0000] {docker.py:438} INFO - 📋 [DEBUG] Pods selected: 1
[2025-11-04T06:47:01.086+0000] {docker.py:438} INFO - 
[2025-11-04T06:47:01.086+0000] {docker.py:438} INFO - 🎯 [DEBUG] Processing pod: compose-post-service-785bf77957-f685w
[2025-11-04T06:47:01.087+0000] {docker.py:438} INFO - 📦 [DEBUG] Using provided container: compose-post-service
[2025-11-04T06:47:01.088+0000] {docker.py:438} INFO - 🔍 [DEBUG] _get_restart_count() called for pod=compose-post-service-785bf77957-f685w, ns=default, container=compose-post-service
[2025-11-04T06:47:01.088+0000] {docker.py:438} INFO -    [DEBUG] Found 1 container_status entries
[2025-11-04T06:47:01.089+0000] {docker.py:438} INFO -    [DEBUG] container: compose-post-service, restart_count: 24
[2025-11-04T06:47:01.091+0000] {docker.py:438} INFO -    ✅ [DEBUG] Matched container compose-post-service, restart_count=24
[2025-11-04T06:47:01.091+0000] {docker.py:438} INFO - 📊 [DEBUG] Restart count before action: 24
[2025-11-04T06:47:01.092+0000] {docker.py:438} INFO - 🔧 [DEBUG] Restart strategies to try: [['sh', '-c', 'kill -INT 1'], ['sh', '-c', 'kill -2 1'], ['sh', '-c', 'kill -TERM 1'], ['sh', '-c', 'kill -9 1']]
[2025-11-04T06:47:01.092+0000] {docker.py:438} INFO - ➡️ [DEBUG] Trying restart strategy #1: sh -c kill -INT 1
[2025-11-04T06:47:01.093+0000] {docker.py:438} INFO -    [DEBUG] Exec stream opened successfully, running command...
[2025-11-04T06:47:01.093+0000] {docker.py:438} INFO -    [DEBUG] run_forever returned/finished
[2025-11-04T06:47:01.093+0000] {docker.py:438} INFO -    📤 [DEBUG] STDOUT (truncated): 
[2025-11-04T06:47:01.094+0000] {docker.py:438} INFO -    📤 [DEBUG] STDERR (truncated): 
[2025-11-04T06:47:01.094+0000] {docker.py:438} INFO -    📤 [DEBUG] CTRL_ERR: {"metadata":{},"status":"Success"}
[2025-11-04T06:47:01.095+0000] {docker.py:438} INFO -    ⏳ [DEBUG] Waiting up to 60s for restart count to increment...
[2025-11-04T06:47:01.095+0000] {docker.py:438} INFO - 🔍 [DEBUG] _get_restart_count() called for pod=compose-post-service-785bf77957-f685w, ns=default, container=compose-post-service
[2025-11-04T06:47:01.096+0000] {docker.py:438} INFO -    [DEBUG] Found 1 container_status entries
[2025-11-04T06:47:01.096+0000] {docker.py:438} INFO -    [DEBUG] container: compose-post-service, restart_count: 24
[2025-11-04T06:47:01.096+0000] {docker.py:438} INFO -    ✅ [DEBUG] Matched container compose-post-service, restart_count=24
[2025-11-04T06:47:01.097+0000] {docker.py:438} INFO -    [DEBUG] Polled restart count: 24 (before was 24)
[2025-11-04T06:47:01.097+0000] {docker.py:438} INFO - 🔍 [DEBUG] _get_restart_count() called for pod=compose-post-service-785bf77957-f685w, ns=default, container=compose-post-service
[2025-11-04T06:47:01.098+0000] {docker.py:438} INFO -    [DEBUG] Found 1 container_status entries
[2025-11-04T06:47:01.098+0000] {docker.py:438} INFO -    [DEBUG] container: compose-post-service, restart_count: 24
[2025-11-04T06:47:01.098+0000] {docker.py:438} INFO -    ✅ [DEBUG] Matched container compose-post-service, restart_count=24
[2025-11-04T06:47:01.099+0000] {docker.py:438} INFO -    [DEBUG] Polled restart count: 24 (before was 24)
[2025-11-04T06:47:01.099+0000] {docker.py:438} INFO - 🔍 [DEBUG] _get_restart_count() called for pod=compose-post-service-785bf77957-f685w, ns=default, container=compose-post-service
[2025-11-04T06:47:01.100+0000] {docker.py:438} INFO -    [DEBUG] Found 1 container_status entries
[2025-11-04T06:47:01.100+0000] {docker.py:438} INFO -    [DEBUG] container: compose-post-service, restart_count: 24
[2025-11-04T06:47:01.101+0000] {docker.py:438} INFO -    ✅ [DEBUG] Matched container compose-post-service, restart_count=24
[2025-11-04T06:47:01.101+0000] {docker.py:438} INFO -    [DEBUG] Polled restart count: 24 (before was 24)
[2025-11-04T06:47:01.102+0000] {docker.py:438} INFO - 🔍 [DEBUG] _get_restart_count() called for pod=compose-post-service-785bf77957-f685w, ns=default, container=compose-post-service
[2025-11-04T06:47:01.102+0000] {docker.py:438} INFO -    [DEBUG] Found 1 container_status entries
[2025-11-04T06:47:01.102+0000] {docker.py:438} INFO -    [DEBUG] container: compose-post-service, restart_count: 24
[2025-11-04T06:47:01.103+0000] {docker.py:438} INFO -    ✅ [DEBUG] Matched container compose-post-service, restart_count=24
[2025-11-04T06:47:01.103+0000] {docker.py:438} INFO -    [DEBUG] Polled restart count: 24 (before was 24)
[2025-11-04T06:47:01.104+0000] {docker.py:438} INFO - 🔍 [DEBUG] _get_restart_count() called for pod=compose-post-service-785bf77957-f685w, ns=default, container=compose-post-service
[2025-11-04T06:47:01.104+0000] {docker.py:438} INFO -    [DEBUG] Found 1 container_status entries
[2025-11-04T06:47:01.105+0000] {docker.py:438} INFO -    [DEBUG] container: compose-post-service, restart_count: 24
[2025-11-04T06:47:01.105+0000] {docker.py:438} INFO -    ✅ [DEBUG] Matched container compose-post-service, restart_count=24
[2025-11-04T06:47:01.108+0000] {docker.py:438} INFO -    [DEBUG] Polled restart count: 24 (before was 24)
[2025-11-04T06:47:01.108+0000] {docker.py:438} INFO - 🔍 [DEBUG] _get_restart_count() called for pod=compose-post-service-785bf77957-f685w, ns=default, container=compose-post-service
[2025-11-04T06:47:01.109+0000] {docker.py:438} INFO -    [DEBUG] Found 1 container_status entries
[2025-11-04T06:47:01.109+0000] {docker.py:438} INFO -    [DEBUG] container: compose-post-service, restart_count: 24
[2025-11-04T06:47:01.109+0000] {docker.py:438} INFO -    ✅ [DEBUG] Matched container compose-post-service, restart_count=24
[2025-11-04T06:47:42.047+0000] {docker.py:438} INFO - [DEBUG] Polled restart count: 24 (before was 24)
[2025-11-04T06:47:42.047+0000] {docker.py:438} INFO - 🔍 [DEBUG] _get_restart_count() called for pod=compose-post-service-785bf77957-f685w, ns=default, container=compose-post-service
[2025-11-04T06:47:42.049+0000] {docker.py:438} INFO -    [DEBUG] Found 1 container_status entries
[2025-11-04T06:47:42.050+0000] {docker.py:438} INFO -    [DEBUG] container: compose-post-service, restart_count: 24
[2025-11-04T06:47:42.050+0000] {docker.py:438} INFO -    ✅ [DEBUG] Matched container compose-post-service, restart_count=24
[2025-11-04T06:47:42.051+0000] {docker.py:438} INFO -    [DEBUG] Polled restart count: 24 (before was 24)
[2025-11-04T06:47:42.051+0000] {docker.py:438} INFO - 🔍 [DEBUG] _get_restart_count() called for pod=compose-post-service-785bf77957-f685w, ns=default, container=compose-post-service
[2025-11-04T06:47:42.052+0000] {docker.py:438} INFO -    [DEBUG] Found 1 container_status entries
[2025-11-04T06:47:42.052+0000] {docker.py:438} INFO -    [DEBUG] container: compose-post-service, restart_count: 24
[2025-11-04T06:47:42.052+0000] {docker.py:438} INFO -    ✅ [DEBUG] Matched container compose-post-service, restart_count=24
[2025-11-04T06:47:42.053+0000] {docker.py:438} INFO -    [DEBUG] Polled restart count: 24 (before was 24)
[2025-11-04T06:47:42.054+0000] {docker.py:438} INFO - 🔍 [DEBUG] _get_restart_count() called for pod=compose-post-service-785bf77957-f685w, ns=default, container=compose-post-service
[2025-11-04T06:47:42.054+0000] {docker.py:438} INFO -    [DEBUG] Found 1 container_status entries
[2025-11-04T06:47:42.054+0000] {docker.py:438} INFO -    [DEBUG] container: compose-post-service, restart_count: 24
[2025-11-04T06:47:42.055+0000] {docker.py:438} INFO -    ✅ [DEBUG] Matched container compose-post-service, restart_count=24
[2025-11-04T06:47:42.055+0000] {docker.py:438} INFO -    [DEBUG] Polled restart count: 24 (before was 24)
[2025-11-04T06:47:42.056+0000] {docker.py:438} INFO - 🔍 [DEBUG] _get_restart_count() called for pod=compose-post-service-785bf77957-f685w, ns=default, container=compose-post-service
[2025-11-04T06:47:42.056+0000] {docker.py:438} INFO -    [DEBUG] Found 1 container_status entries
[2025-11-04T06:47:42.057+0000] {docker.py:438} INFO -    [DEBUG] container: compose-post-service, restart_count: 24
[2025-11-04T06:47:42.057+0000] {docker.py:438} INFO -    ✅ [DEBUG] Matched container compose-post-service, restart_count=24
[2025-11-04T06:47:42.057+0000] {docker.py:438} INFO -    [DEBUG] Polled restart count: 24 (before was 24)
[2025-11-04T06:47:42.058+0000] {docker.py:438} INFO - 🔍 [DEBUG] _get_restart_count() called for pod=compose-post-service-785bf77957-f685w, ns=default, container=compose-post-service
[2025-11-04T06:47:42.058+0000] {docker.py:438} INFO -    [DEBUG] Found 1 container_status entries
[2025-11-04T06:47:42.059+0000] {docker.py:438} INFO -    [DEBUG] container: compose-post-service, restart_count: 24
[2025-11-04T06:47:42.059+0000] {docker.py:438} INFO -    ✅ [DEBUG] Matched container compose-post-service, restart_count=24
[2025-11-04T06:47:42.059+0000] {docker.py:438} INFO -    [DEBUG] Polled restart count: 24 (before was 24)
[2025-11-04T06:47:42.060+0000] {docker.py:438} INFO - 🔍 [DEBUG] _get_restart_count() called for pod=compose-post-service-785bf77957-f685w, ns=default, container=compose-post-service
[2025-11-04T06:47:42.060+0000] {docker.py:438} INFO -    [DEBUG] Found 1 container_status entries
[2025-11-04T06:47:42.061+0000] {docker.py:438} INFO -    [DEBUG] container: compose-post-service, restart_count: 24
[2025-11-04T06:47:42.061+0000] {docker.py:438} INFO -    ✅ [DEBUG] Matched container compose-post-service, restart_count=24
[2025-11-04T06:47:42.062+0000] {docker.py:438} INFO -    [DEBUG] Polled restart count: 24 (before was 24)
[2025-11-04T06:47:42.062+0000] {docker.py:438} INFO - 🔍 [DEBUG] _get_restart_count() called for pod=compose-post-service-785bf77957-f685w, ns=default, container=compose-post-service
[2025-11-04T06:47:42.062+0000] {docker.py:438} INFO -    [DEBUG] Found 1 container_status entries
[2025-11-04T06:47:42.063+0000] {docker.py:438} INFO -    [DEBUG] container: compose-post-service, restart_count: 24
[2025-11-04T06:47:42.063+0000] {docker.py:438} INFO -    ✅ [DEBUG] Matched container compose-post-service, restart_count=24
[2025-11-04T06:47:42.064+0000] {docker.py:438} INFO -    [DEBUG] Polled restart count: 24 (before was 24)
[2025-11-04T06:47:42.064+0000] {docker.py:438} INFO - 🔍 [DEBUG] _get_restart_count() called for pod=compose-post-service-785bf77957-f685w, ns=default, container=compose-post-service
[2025-11-04T06:47:42.065+0000] {docker.py:438} INFO -    [DEBUG] Found 1 container_status entries
[2025-11-04T06:47:42.065+0000] {docker.py:438} INFO -    [DEBUG] container: compose-post-service, restart_count: 24
[2025-11-04T06:47:42.066+0000] {docker.py:438} INFO -    ✅ [DEBUG] Matched container compose-post-service, restart_count=24
[2025-11-04T06:47:42.066+0000] {docker.py:438} INFO -    [DEBUG] Polled restart count: 24 (before was 24)
[2025-11-04T06:47:42.067+0000] {docker.py:438} INFO - 🔍 [DEBUG] _get_restart_count() called for pod=compose-post-service-785bf77957-f685w, ns=default, container=compose-post-service
[2025-11-04T06:47:42.067+0000] {docker.py:438} INFO -    [DEBUG] Found 1 container_status entries
[2025-11-04T06:47:42.068+0000] {docker.py:438} INFO -    [DEBUG] container: compose-post-service, restart_count: 24
[2025-11-04T06:47:42.068+0000] {docker.py:438} INFO -    ✅ [DEBUG] Matched container compose-post-service, restart_count=24
[2025-11-04T06:47:42.069+0000] {docker.py:438} INFO -    [DEBUG] Polled restart count: 24 (before was 24)
[2025-11-04T06:47:42.069+0000] {docker.py:438} INFO - 🔍 [DEBUG] _get_restart_count() called for pod=compose-post-service-785bf77957-f685w, ns=default, container=compose-post-service
[2025-11-04T06:47:42.069+0000] {docker.py:438} INFO -    [DEBUG] Found 1 container_status entries
[2025-11-04T06:47:42.070+0000] {docker.py:438} INFO -    [DEBUG] container: compose-post-service, restart_count: 24
[2025-11-04T06:47:42.070+0000] {docker.py:438} INFO -    ✅ [DEBUG] Matched container compose-post-service, restart_count=24
[2025-11-04T06:47:42.071+0000] {docker.py:438} INFO -    [DEBUG] Polled restart count: 24 (before was 24)
[2025-11-04T06:47:42.071+0000] {docker.py:438} INFO - 🔍 [DEBUG] _get_restart_count() called for pod=compose-post-service-785bf77957-f685w, ns=default, container=compose-post-service
[2025-11-04T06:47:42.071+0000] {docker.py:438} INFO -    [DEBUG] Found 1 container_status entries
[2025-11-04T06:47:42.072+0000] {docker.py:438} INFO -    [DEBUG] container: compose-post-service, restart_count: 24
[2025-11-04T06:47:42.072+0000] {docker.py:438} INFO -    ✅ [DEBUG] Matched container compose-post-service, restart_count=24
[2025-11-04T06:47:42.073+0000] {docker.py:438} INFO -    [DEBUG] Polled restart count: 24 (before was 24)
[2025-11-04T06:47:42.073+0000] {docker.py:438} INFO - 🔍 [DEBUG] _get_restart_count() called for pod=compose-post-service-785bf77957-f685w, ns=default, container=compose-post-service
[2025-11-04T06:47:42.074+0000] {docker.py:438} INFO -    [DEBUG] Found 1 container_status entries
[2025-11-04T06:47:42.074+0000] {docker.py:438} INFO -    [DEBUG] container: compose-post-service, restart_count: 24
[2025-11-04T06:47:42.074+0000] {docker.py:438} INFO -    ✅ [DEBUG] Matched container compose-post-service, restart_count=24
[2025-11-04T06:47:42.075+0000] {docker.py:438} INFO -    [DEBUG] Polled restart count: 24 (before was 24)
[2025-11-04T06:47:42.076+0000] {docker.py:438} INFO - 🔍 [DEBUG] _get_restart_count() called for pod=compose-post-service-785bf77957-f685w, ns=default, container=compose-post-service
[2025-11-04T06:47:42.076+0000] {docker.py:438} INFO -    [DEBUG] Found 1 container_status entries
[2025-11-04T06:47:42.077+0000] {docker.py:438} INFO -    [DEBUG] container: compose-post-service, restart_count: 24
[2025-11-04T06:47:42.077+0000] {docker.py:438} INFO -    ✅ [DEBUG] Matched container compose-post-service, restart_count=24
[2025-11-04T06:47:42.078+0000] {docker.py:438} INFO -    [DEBUG] Polled restart count: 24 (before was 24)
[2025-11-04T06:47:42.078+0000] {docker.py:438} INFO - 🔍 [DEBUG] _get_restart_count() called for pod=compose-post-service-785bf77957-f685w, ns=default, container=compose-post-service
[2025-11-04T06:47:42.079+0000] {docker.py:438} INFO -    [DEBUG] Found 1 container_status entries
[2025-11-04T06:47:42.079+0000] {docker.py:438} INFO -    [DEBUG] container: compose-post-service, restart_count: 24
[2025-11-04T06:47:42.080+0000] {docker.py:438} INFO -    ✅ [DEBUG] Matched container compose-post-service, restart_count=24
[2025-11-04T06:47:42.080+0000] {docker.py:438} INFO -    [DEBUG] Polled restart count: 24 (before was 24)
[2025-11-04T06:47:42.081+0000] {docker.py:438} INFO - 🔍 [DEBUG] _get_restart_count() called for pod=compose-post-service-785bf77957-f685w, ns=default, container=compose-post-service
[2025-11-04T06:47:42.081+0000] {docker.py:438} INFO -    [DEBUG] Found 1 container_status entries
[2025-11-04T06:47:42.082+0000] {docker.py:438} INFO -    [DEBUG] container: compose-post-service, restart_count: 24
[2025-11-04T06:47:42.082+0000] {docker.py:438} INFO -    ✅ [DEBUG] Matched container compose-post-service, restart_count=24
[2025-11-04T06:47:42.083+0000] {docker.py:438} INFO -    [DEBUG] Polled restart count: 24 (before was 24)
[2025-11-04T06:47:42.083+0000] {docker.py:438} INFO - 🔍 [DEBUG] _get_restart_count() called for pod=compose-post-service-785bf77957-f685w, ns=default, container=compose-post-service
[2025-11-04T06:47:42.084+0000] {docker.py:438} INFO -    [DEBUG] Found 1 container_status entries
[2025-11-04T06:47:42.085+0000] {docker.py:438} INFO -    [DEBUG] container: compose-post-service, restart_count: 24
[2025-11-04T06:47:42.085+0000] {docker.py:438} INFO -    ✅ [DEBUG] Matched container compose-post-service, restart_count=24
[2025-11-04T06:47:42.086+0000] {docker.py:438} INFO -    [DEBUG] Polled restart count: 24 (before was 24)
[2025-11-04T06:47:42.087+0000] {docker.py:438} INFO - 🔍 [DEBUG] _get_restart_count() called for pod=compose-post-service-785bf77957-f685w, ns=default, container=compose-post-service
[2025-11-04T06:47:42.087+0000] {docker.py:438} INFO -    [DEBUG] Found 1 container_status entries
[2025-11-04T06:47:42.087+0000] {docker.py:438} INFO -    [DEBUG] container: compose-post-service, restart_count: 25
[2025-11-04T06:47:42.089+0000] {docker.py:438} INFO -    ✅ [DEBUG] Matched container compose-post-service, restart_count=25
[2025-11-04T06:47:42.090+0000] {docker.py:438} INFO -    [DEBUG] Polled restart count: 25 (before was 24)
[2025-11-04T06:47:42.090+0000] {docker.py:438} INFO -    ✅ [DEBUG] Restart observed: 24 -> 25
[2025-11-04T06:47:42.090+0000] {docker.py:438} INFO -    🎉 [DEBUG] Restart verified, breaking out of strategies loop
[2025-11-04T06:47:42.091+0000] {docker.py:438} INFO - 🔍 [DEBUG] _get_restart_count() called for pod=compose-post-service-785bf77957-f685w, ns=default, container=compose-post-service
[2025-11-04T06:47:42.091+0000] {docker.py:438} INFO -    [DEBUG] Found 1 container_status entries
[2025-11-04T06:47:42.092+0000] {docker.py:438} INFO -    [DEBUG] container: compose-post-service, restart_count: 25
[2025-11-04T06:47:42.092+0000] {docker.py:438} INFO -    ✅ [DEBUG] Matched container compose-post-service, restart_count=25
[2025-11-04T06:47:42.092+0000] {docker.py:438} INFO - ✅ [DEBUG] Restart recorded for compose-post-service-785bf77957-f685w: 24 -> 25
[2025-11-04T06:47:42.093+0000] {docker.py:438} INFO - 
[2025-11-04T06:47:42.093+0000] {docker.py:438} INFO - 🏁 [DEBUG] restart_containers() finished. Processed 1 pods
[2025-11-04T06:47:42.094+0000] {docker.py:438} INFO -    [DEBUG] restart_containers returned 1 entries
[2025-11-04T06:47:42.094+0000] {docker.py:438} INFO - ✅ [DEBUG] Successfully restarted this cycle: 1
[2025-11-04T06:47:42.094+0000] {docker.py:438} INFO -    📦 [DEBUG] compose-post-service-785bf77957-f685w: restart_verified
[2025-11-04T06:47:42.095+0000] {docker.py:438} INFO - ⏳ [DEBUG] Waiting 5 seconds until next cycle. Time remaining: 266s
[2025-11-04T06:47:42.095+0000] {docker.py:438} INFO - 
[2025-11-04T06:47:42.096+0000] {docker.py:438} INFO - ============================================================
[2025-11-04T06:47:42.096+0000] {docker.py:438} INFO - 🔄 [DEBUG] Container Restart Cycle #5 at 2025-11-04 06:47:41
[2025-11-04T06:47:42.097+0000] {docker.py:438} INFO - ============================================================
[2025-11-04T06:47:42.097+0000] {docker.py:438} INFO - 🔄 [DEBUG] Entered restart_containers()
[2025-11-04T06:47:42.097+0000] {docker.py:438} INFO -    Params => label_selector=app=compose-post-service, name_pattern=None, qty=2, rand=True, mode=fixed, ns=default, order=alphabetic, container_name=compose-post-service, restart_command=None
[2025-11-04T06:47:42.098+0000] {docker.py:438} INFO - 🔑 [DEBUG] Kubernetes API client created
[2025-11-04T06:47:42.098+0000] {docker.py:438} INFO - 🔍 [DEBUG] Selecting pods now...
[2025-11-04T06:47:42.099+0000] {docker.py:438} INFO - 🔍 [DEBUG] Entered _select_pods()
[2025-11-04T06:47:42.099+0000] {docker.py:438} INFO -    Params => label_selector=app=compose-post-service, name_pattern=None, all=False, rand=True, mode=fixed, qty=2, ns=default, order=alphabetic
[2025-11-04T06:47:42.099+0000] {docker.py:438} INFO -    [DEBUG] Listing pods with label_selector=app=compose-post-service
[2025-11-04T06:47:42.100+0000] {docker.py:438} INFO - 📋 [DEBUG] Found 1 pods initially
[2025-11-04T06:47:42.100+0000] {docker.py:438} INFO - 🎲 [DEBUG] Random selection chosen: 1 pods
[2025-11-04T06:47:42.101+0000] {docker.py:438} INFO - ✅ [DEBUG] Selected pods: ['compose-post-service-785bf77957-f685w']
[2025-11-04T06:47:42.101+0000] {docker.py:438} INFO - 📋 [DEBUG] Pods selected: 1
[2025-11-04T06:47:42.102+0000] {docker.py:438} INFO - 
[2025-11-04T06:47:42.102+0000] {docker.py:438} INFO - 🎯 [DEBUG] Processing pod: compose-post-service-785bf77957-f685w
[2025-11-04T06:47:42.102+0000] {docker.py:438} INFO - 📦 [DEBUG] Using provided container: compose-post-service
[2025-11-04T06:47:42.103+0000] {docker.py:438} INFO - 🔍 [DEBUG] _get_restart_count() called for pod=compose-post-service-785bf77957-f685w, ns=default, container=compose-post-service
[2025-11-04T06:47:42.103+0000] {docker.py:438} INFO -    [DEBUG] Found 1 container_status entries
[2025-11-04T06:48:24.309+0000] {docker.py:438} INFO - [DEBUG] container: compose-post-service, restart_count: 25
[2025-11-04T06:48:24.309+0000] {docker.py:438} INFO -    ✅ [DEBUG] Matched container compose-post-service, restart_count=25
[2025-11-04T06:48:24.310+0000] {docker.py:438} INFO - 📊 [DEBUG] Restart count before action: 25
[2025-11-04T06:48:24.311+0000] {docker.py:438} INFO - 🔧 [DEBUG] Restart strategies to try: [['sh', '-c', 'kill -INT 1'], ['sh', '-c', 'kill -2 1'], ['sh', '-c', 'kill -TERM 1'], ['sh', '-c', 'kill -9 1']]
[2025-11-04T06:48:24.311+0000] {docker.py:438} INFO - ➡️ [DEBUG] Trying restart strategy #1: sh -c kill -INT 1
[2025-11-04T06:48:24.311+0000] {docker.py:438} INFO -    [DEBUG] Exec stream opened successfully, running command...
[2025-11-04T06:48:24.312+0000] {docker.py:438} INFO -    [DEBUG] run_forever returned/finished
[2025-11-04T06:48:24.312+0000] {docker.py:438} INFO -    📤 [DEBUG] STDOUT (truncated): 
[2025-11-04T06:48:24.313+0000] {docker.py:438} INFO -    📤 [DEBUG] STDERR (truncated): 
[2025-11-04T06:48:24.313+0000] {docker.py:438} INFO -    📤 [DEBUG] CTRL_ERR: {"metadata":{},"status":"Success"}
[2025-11-04T06:48:24.313+0000] {docker.py:438} INFO -    ⏳ [DEBUG] Waiting up to 60s for restart count to increment...
[2025-11-04T06:48:24.314+0000] {docker.py:438} INFO - 🔍 [DEBUG] _get_restart_count() called for pod=compose-post-service-785bf77957-f685w, ns=default, container=compose-post-service
[2025-11-04T06:48:24.314+0000] {docker.py:438} INFO -    [DEBUG] Found 1 container_status entries
[2025-11-04T06:48:24.315+0000] {docker.py:438} INFO -    [DEBUG] container: compose-post-service, restart_count: 25
[2025-11-04T06:48:24.315+0000] {docker.py:438} INFO -    ✅ [DEBUG] Matched container compose-post-service, restart_count=25
[2025-11-04T06:48:24.316+0000] {docker.py:438} INFO -    [DEBUG] Polled restart count: 25 (before was 25)
[2025-11-04T06:48:24.316+0000] {docker.py:438} INFO - 🔍 [DEBUG] _get_restart_count() called for pod=compose-post-service-785bf77957-f685w, ns=default, container=compose-post-service
[2025-11-04T06:48:24.316+0000] {docker.py:438} INFO -    [DEBUG] Found 1 container_status entries
[2025-11-04T06:48:24.317+0000] {docker.py:438} INFO -    [DEBUG] container: compose-post-service, restart_count: 25
[2025-11-04T06:48:24.317+0000] {docker.py:438} INFO -    ✅ [DEBUG] Matched container compose-post-service, restart_count=25
[2025-11-04T06:48:24.318+0000] {docker.py:438} INFO -    [DEBUG] Polled restart count: 25 (before was 25)
[2025-11-04T06:48:24.318+0000] {docker.py:438} INFO - 🔍 [DEBUG] _get_restart_count() called for pod=compose-post-service-785bf77957-f685w, ns=default, container=compose-post-service
[2025-11-04T06:48:24.318+0000] {docker.py:438} INFO -    [DEBUG] Found 1 container_status entries
[2025-11-04T06:48:24.319+0000] {docker.py:438} INFO -    [DEBUG] container: compose-post-service, restart_count: 25
[2025-11-04T06:48:24.319+0000] {docker.py:438} INFO -    ✅ [DEBUG] Matched container compose-post-service, restart_count=25
[2025-11-04T06:48:24.320+0000] {docker.py:438} INFO -    [DEBUG] Polled restart count: 25 (before was 25)
[2025-11-04T06:48:24.320+0000] {docker.py:438} INFO - 🔍 [DEBUG] _get_restart_count() called for pod=compose-post-service-785bf77957-f685w, ns=default, container=compose-post-service
[2025-11-04T06:48:24.321+0000] {docker.py:438} INFO -    [DEBUG] Found 1 container_status entries
[2025-11-04T06:48:24.321+0000] {docker.py:438} INFO -    [DEBUG] container: compose-post-service, restart_count: 25
[2025-11-04T06:48:24.321+0000] {docker.py:438} INFO -    ✅ [DEBUG] Matched container compose-post-service, restart_count=25
[2025-11-04T06:48:24.322+0000] {docker.py:438} INFO -    [DEBUG] Polled restart count: 25 (before was 25)
[2025-11-04T06:48:24.322+0000] {docker.py:438} INFO - 🔍 [DEBUG] _get_restart_count() called for pod=compose-post-service-785bf77957-f685w, ns=default, container=compose-post-service
[2025-11-04T06:48:24.323+0000] {docker.py:438} INFO -    [DEBUG] Found 1 container_status entries
[2025-11-04T06:48:24.323+0000] {docker.py:438} INFO -    [DEBUG] container: compose-post-service, restart_count: 25
[2025-11-04T06:48:24.324+0000] {docker.py:438} INFO -    ✅ [DEBUG] Matched container compose-post-service, restart_count=25
[2025-11-04T06:48:24.324+0000] {docker.py:438} INFO -    [DEBUG] Polled restart count: 25 (before was 25)
[2025-11-04T06:48:24.324+0000] {docker.py:438} INFO - 🔍 [DEBUG] _get_restart_count() called for pod=compose-post-service-785bf77957-f685w, ns=default, container=compose-post-service
[2025-11-04T06:48:24.325+0000] {docker.py:438} INFO -    [DEBUG] Found 1 container_status entries
[2025-11-04T06:48:24.325+0000] {docker.py:438} INFO -    [DEBUG] container: compose-post-service, restart_count: 25
[2025-11-04T06:48:24.326+0000] {docker.py:438} INFO -    ✅ [DEBUG] Matched container compose-post-service, restart_count=25
[2025-11-04T06:48:24.326+0000] {docker.py:438} INFO -    [DEBUG] Polled restart count: 25 (before was 25)
[2025-11-04T06:48:24.327+0000] {docker.py:438} INFO - 🔍 [DEBUG] _get_restart_count() called for pod=compose-post-service-785bf77957-f685w, ns=default, container=compose-post-service
[2025-11-04T06:48:24.327+0000] {docker.py:438} INFO -    [DEBUG] Found 1 container_status entries
[2025-11-04T06:48:24.327+0000] {docker.py:438} INFO -    [DEBUG] container: compose-post-service, restart_count: 25
[2025-11-04T06:48:24.328+0000] {docker.py:438} INFO -    ✅ [DEBUG] Matched container compose-post-service, restart_count=25
[2025-11-04T06:48:24.328+0000] {docker.py:438} INFO -    [DEBUG] Polled restart count: 25 (before was 25)
[2025-11-04T06:48:24.330+0000] {docker.py:438} INFO - 🔍 [DEBUG] _get_restart_count() called for pod=compose-post-service-785bf77957-f685w, ns=default, container=compose-post-service
[2025-11-04T06:48:24.330+0000] {docker.py:438} INFO -    [DEBUG] Found 1 container_status entries
[2025-11-04T06:48:24.331+0000] {docker.py:438} INFO -    [DEBUG] container: compose-post-service, restart_count: 25
[2025-11-04T06:48:24.332+0000] {docker.py:438} INFO -    ✅ [DEBUG] Matched container compose-post-service, restart_count=25
[2025-11-04T06:48:24.332+0000] {docker.py:438} INFO -    [DEBUG] Polled restart count: 25 (before was 25)
[2025-11-04T06:48:24.333+0000] {docker.py:438} INFO - 🔍 [DEBUG] _get_restart_count() called for pod=compose-post-service-785bf77957-f685w, ns=default, container=compose-post-service
[2025-11-04T06:48:24.333+0000] {docker.py:438} INFO -    [DEBUG] Found 1 container_status entries
[2025-11-04T06:48:24.333+0000] {docker.py:438} INFO -    [DEBUG] container: compose-post-service, restart_count: 25
[2025-11-04T06:48:24.336+0000] {docker.py:438} INFO -    ✅ [DEBUG] Matched container compose-post-service, restart_count=25
[2025-11-04T06:48:24.336+0000] {docker.py:438} INFO -    [DEBUG] Polled restart count: 25 (before was 25)
[2025-11-04T06:48:24.337+0000] {docker.py:438} INFO - 🔍 [DEBUG] _get_restart_count() called for pod=compose-post-service-785bf77957-f685w, ns=default, container=compose-post-service
[2025-11-04T06:48:24.338+0000] {docker.py:438} INFO -    [DEBUG] Found 1 container_status entries
[2025-11-04T06:48:24.338+0000] {docker.py:438} INFO -    [DEBUG] container: compose-post-service, restart_count: 25
[2025-11-04T06:48:24.339+0000] {docker.py:438} INFO -    ✅ [DEBUG] Matched container compose-post-service, restart_count=25
[2025-11-04T06:48:24.340+0000] {docker.py:438} INFO -    [DEBUG] Polled restart count: 25 (before was 25)
[2025-11-04T06:48:24.340+0000] {docker.py:438} INFO - 🔍 [DEBUG] _get_restart_count() called for pod=compose-post-service-785bf77957-f685w, ns=default, container=compose-post-service
[2025-11-04T06:48:24.341+0000] {docker.py:438} INFO -    [DEBUG] Found 1 container_status entries
[2025-11-04T06:48:24.341+0000] {docker.py:438} INFO -    [DEBUG] container: compose-post-service, restart_count: 25
[2025-11-04T06:48:24.341+0000] {docker.py:438} INFO -    ✅ [DEBUG] Matched container compose-post-service, restart_count=25
[2025-11-04T06:48:24.342+0000] {docker.py:438} INFO -    [DEBUG] Polled restart count: 25 (before was 25)
[2025-11-04T06:48:24.342+0000] {docker.py:438} INFO - 🔍 [DEBUG] _get_restart_count() called for pod=compose-post-service-785bf77957-f685w, ns=default, container=compose-post-service
[2025-11-04T06:48:24.343+0000] {docker.py:438} INFO -    [DEBUG] Found 1 container_status entries
[2025-11-04T06:48:24.343+0000] {docker.py:438} INFO -    [DEBUG] container: compose-post-service, restart_count: 25
[2025-11-04T06:48:24.344+0000] {docker.py:438} INFO -    ✅ [DEBUG] Matched container compose-post-service, restart_count=25
[2025-11-04T06:48:24.344+0000] {docker.py:438} INFO -    [DEBUG] Polled restart count: 25 (before was 25)
[2025-11-04T06:48:24.344+0000] {docker.py:438} INFO - 🔍 [DEBUG] _get_restart_count() called for pod=compose-post-service-785bf77957-f685w, ns=default, container=compose-post-service
[2025-11-04T06:48:24.345+0000] {docker.py:438} INFO -    [DEBUG] Found 1 container_status entries
[2025-11-04T06:48:24.345+0000] {docker.py:438} INFO -    [DEBUG] container: compose-post-service, restart_count: 25
[2025-11-04T06:48:24.346+0000] {docker.py:438} INFO -    ✅ [DEBUG] Matched container compose-post-service, restart_count=25
[2025-11-04T06:48:24.346+0000] {docker.py:438} INFO -    [DEBUG] Polled restart count: 25 (before was 25)
[2025-11-04T06:48:24.346+0000] {docker.py:438} INFO - 🔍 [DEBUG] _get_restart_count() called for pod=compose-post-service-785bf77957-f685w, ns=default, container=compose-post-service
[2025-11-04T06:48:24.347+0000] {docker.py:438} INFO -    [DEBUG] Found 1 container_status entries
[2025-11-04T06:48:24.347+0000] {docker.py:438} INFO -    [DEBUG] container: compose-post-service, restart_count: 25
[2025-11-04T06:48:24.348+0000] {docker.py:438} INFO -    ✅ [DEBUG] Matched container compose-post-service, restart_count=25
[2025-11-04T06:48:24.348+0000] {docker.py:438} INFO -    [DEBUG] Polled restart count: 25 (before was 25)
[2025-11-04T06:48:24.348+0000] {docker.py:438} INFO - 🔍 [DEBUG] _get_restart_count() called for pod=compose-post-service-785bf77957-f685w, ns=default, container=compose-post-service
[2025-11-04T06:48:24.349+0000] {docker.py:438} INFO -    [DEBUG] Found 1 container_status entries
[2025-11-04T06:48:24.349+0000] {docker.py:438} INFO -    [DEBUG] container: compose-post-service, restart_count: 25
[2025-11-04T06:48:24.350+0000] {docker.py:438} INFO -    ✅ [DEBUG] Matched container compose-post-service, restart_count=25
[2025-11-04T06:48:24.350+0000] {docker.py:438} INFO -    [DEBUG] Polled restart count: 25 (before was 25)
[2025-11-04T06:48:24.351+0000] {docker.py:438} INFO - 🔍 [DEBUG] _get_restart_count() called for pod=compose-post-service-785bf77957-f685w, ns=default, container=compose-post-service
[2025-11-04T06:48:24.351+0000] {docker.py:438} INFO -    [DEBUG] Found 1 container_status entries
[2025-11-04T06:48:24.351+0000] {docker.py:438} INFO -    [DEBUG] container: compose-post-service, restart_count: 25
[2025-11-04T06:48:24.352+0000] {docker.py:438} INFO -    ✅ [DEBUG] Matched container compose-post-service, restart_count=25
[2025-11-04T06:48:24.352+0000] {docker.py:438} INFO -    [DEBUG] Polled restart count: 25 (before was 25)
[2025-11-04T06:48:24.353+0000] {docker.py:438} INFO - 🔍 [DEBUG] _get_restart_count() called for pod=compose-post-service-785bf77957-f685w, ns=default, container=compose-post-service
[2025-11-04T06:48:24.353+0000] {docker.py:438} INFO -    [DEBUG] Found 1 container_status entries
[2025-11-04T06:48:24.353+0000] {docker.py:438} INFO -    [DEBUG] container: compose-post-service, restart_count: 25
[2025-11-04T06:48:24.354+0000] {docker.py:438} INFO -    ✅ [DEBUG] Matched container compose-post-service, restart_count=25
[2025-11-04T06:48:24.354+0000] {docker.py:438} INFO -    [DEBUG] Polled restart count: 25 (before was 25)
[2025-11-04T06:48:24.355+0000] {docker.py:438} INFO - 🔍 [DEBUG] _get_restart_count() called for pod=compose-post-service-785bf77957-f685w, ns=default, container=compose-post-service
[2025-11-04T06:48:24.355+0000] {docker.py:438} INFO -    [DEBUG] Found 1 container_status entries
[2025-11-04T06:48:24.356+0000] {docker.py:438} INFO -    [DEBUG] container: compose-post-service, restart_count: 25
[2025-11-04T06:48:24.356+0000] {docker.py:438} INFO -    ✅ [DEBUG] Matched container compose-post-service, restart_count=25
[2025-11-04T06:48:24.356+0000] {docker.py:438} INFO -    [DEBUG] Polled restart count: 25 (before was 25)
[2025-11-04T06:48:24.357+0000] {docker.py:438} INFO - 🔍 [DEBUG] _get_restart_count() called for pod=compose-post-service-785bf77957-f685w, ns=default, container=compose-post-service
[2025-11-04T06:48:24.357+0000] {docker.py:438} INFO -    [DEBUG] Found 1 container_status entries
[2025-11-04T06:48:24.358+0000] {docker.py:438} INFO -    [DEBUG] container: compose-post-service, restart_count: 25
[2025-11-04T06:48:24.358+0000] {docker.py:438} INFO -    ✅ [DEBUG] Matched container compose-post-service, restart_count=25
[2025-11-04T06:48:24.358+0000] {docker.py:438} INFO -    [DEBUG] Polled restart count: 25 (before was 25)
[2025-11-04T06:48:24.359+0000] {docker.py:438} INFO - 🔍 [DEBUG] _get_restart_count() called for pod=compose-post-service-785bf77957-f685w, ns=default, container=compose-post-service
[2025-11-04T06:48:24.359+0000] {docker.py:438} INFO -    [DEBUG] Found 1 container_status entries
[2025-11-04T06:48:24.360+0000] {docker.py:438} INFO -    [DEBUG] container: compose-post-service, restart_count: 25
[2025-11-04T06:48:24.360+0000] {docker.py:438} INFO -    ✅ [DEBUG] Matched container compose-post-service, restart_count=25
[2025-11-04T06:48:24.361+0000] {docker.py:438} INFO -    [DEBUG] Polled restart count: 25 (before was 25)
[2025-11-04T06:48:24.361+0000] {docker.py:438} INFO - 🔍 [DEBUG] _get_restart_count() called for pod=compose-post-service-785bf77957-f685w, ns=default, container=compose-post-service
[2025-11-04T06:48:24.362+0000] {docker.py:438} INFO -    [DEBUG] Found 1 container_status entries
[2025-11-04T06:48:24.362+0000] {docker.py:438} INFO -    [DEBUG] container: compose-post-service, restart_count: 25
[2025-11-04T06:48:24.363+0000] {docker.py:438} INFO -    ✅ [DEBUG] Matched container compose-post-service, restart_count=25
[2025-11-04T06:48:51.025+0000] {docker.py:438} INFO - [DEBUG] Polled restart count: 25 (before was 25)
[2025-11-04T06:48:51.025+0000] {docker.py:438} INFO - 🔍 [DEBUG] _get_restart_count() called for pod=compose-post-service-785bf77957-f685w, ns=default, container=compose-post-service
[2025-11-04T06:48:51.026+0000] {docker.py:438} INFO -    [DEBUG] Found 1 container_status entries
[2025-11-04T06:48:51.027+0000] {docker.py:438} INFO -    [DEBUG] container: compose-post-service, restart_count: 25
[2025-11-04T06:48:51.027+0000] {docker.py:438} INFO -    ✅ [DEBUG] Matched container compose-post-service, restart_count=25
[2025-11-04T06:48:51.027+0000] {docker.py:438} INFO -    [DEBUG] Polled restart count: 25 (before was 25)
[2025-11-04T06:48:51.028+0000] {docker.py:438} INFO - 🔍 [DEBUG] _get_restart_count() called for pod=compose-post-service-785bf77957-f685w, ns=default, container=compose-post-service
[2025-11-04T06:48:51.028+0000] {docker.py:438} INFO -    [DEBUG] Found 1 container_status entries
[2025-11-04T06:48:51.029+0000] {docker.py:438} INFO -    [DEBUG] container: compose-post-service, restart_count: 25
[2025-11-04T06:48:51.029+0000] {docker.py:438} INFO -    ✅ [DEBUG] Matched container compose-post-service, restart_count=25
[2025-11-04T06:48:51.030+0000] {docker.py:438} INFO -    [DEBUG] Polled restart count: 25 (before was 25)
[2025-11-04T06:48:51.030+0000] {docker.py:438} INFO - 🔍 [DEBUG] _get_restart_count() called for pod=compose-post-service-785bf77957-f685w, ns=default, container=compose-post-service
[2025-11-04T06:48:51.031+0000] {docker.py:438} INFO -    [DEBUG] Found 1 container_status entries
[2025-11-04T06:48:51.031+0000] {docker.py:438} INFO -    [DEBUG] container: compose-post-service, restart_count: 25
[2025-11-04T06:48:51.031+0000] {docker.py:438} INFO -    ✅ [DEBUG] Matched container compose-post-service, restart_count=25
[2025-11-04T06:48:51.032+0000] {docker.py:438} INFO -    [DEBUG] Polled restart count: 25 (before was 25)
[2025-11-04T06:48:51.032+0000] {docker.py:438} INFO - 🔍 [DEBUG] _get_restart_count() called for pod=compose-post-service-785bf77957-f685w, ns=default, container=compose-post-service
[2025-11-04T06:48:51.033+0000] {docker.py:438} INFO -    [DEBUG] Found 1 container_status entries
[2025-11-04T06:48:51.033+0000] {docker.py:438} INFO -    [DEBUG] container: compose-post-service, restart_count: 25
[2025-11-04T06:48:51.034+0000] {docker.py:438} INFO -    ✅ [DEBUG] Matched container compose-post-service, restart_count=25
[2025-11-04T06:48:51.034+0000] {docker.py:438} INFO -    [DEBUG] Polled restart count: 25 (before was 25)
[2025-11-04T06:48:51.034+0000] {docker.py:438} INFO - 🔍 [DEBUG] _get_restart_count() called for pod=compose-post-service-785bf77957-f685w, ns=default, container=compose-post-service
[2025-11-04T06:48:51.035+0000] {docker.py:438} INFO -    [DEBUG] Found 1 container_status entries
[2025-11-04T06:48:51.035+0000] {docker.py:438} INFO -    [DEBUG] container: compose-post-service, restart_count: 25
[2025-11-04T06:48:51.036+0000] {docker.py:438} INFO -    ✅ [DEBUG] Matched container compose-post-service, restart_count=25
[2025-11-04T06:48:51.036+0000] {docker.py:438} INFO -    [DEBUG] Polled restart count: 25 (before was 25)
[2025-11-04T06:48:51.037+0000] {docker.py:438} INFO - 🔍 [DEBUG] _get_restart_count() called for pod=compose-post-service-785bf77957-f685w, ns=default, container=compose-post-service
[2025-11-04T06:48:51.037+0000] {docker.py:438} INFO -    [DEBUG] Found 1 container_status entries
[2025-11-04T06:48:51.037+0000] {docker.py:438} INFO -    [DEBUG] container: compose-post-service, restart_count: 25
[2025-11-04T06:48:51.038+0000] {docker.py:438} INFO -    ✅ [DEBUG] Matched container compose-post-service, restart_count=25
[2025-11-04T06:48:51.038+0000] {docker.py:438} INFO -    [DEBUG] Polled restart count: 25 (before was 25)
[2025-11-04T06:48:51.039+0000] {docker.py:438} INFO - 🔍 [DEBUG] _get_restart_count() called for pod=compose-post-service-785bf77957-f685w, ns=default, container=compose-post-service
[2025-11-04T06:48:51.039+0000] {docker.py:438} INFO -    [DEBUG] Found 1 container_status entries
[2025-11-04T06:48:51.040+0000] {docker.py:438} INFO -    [DEBUG] container: compose-post-service, restart_count: 25
[2025-11-04T06:48:51.040+0000] {docker.py:438} INFO -    ✅ [DEBUG] Matched container compose-post-service, restart_count=25
[2025-11-04T06:48:51.040+0000] {docker.py:438} INFO -    [DEBUG] Polled restart count: 25 (before was 25)
[2025-11-04T06:48:51.041+0000] {docker.py:438} INFO - 🔍 [DEBUG] _get_restart_count() called for pod=compose-post-service-785bf77957-f685w, ns=default, container=compose-post-service
[2025-11-04T06:48:51.041+0000] {docker.py:438} INFO -    [DEBUG] Found 1 container_status entries
[2025-11-04T06:48:51.042+0000] {docker.py:438} INFO -    [DEBUG] container: compose-post-service, restart_count: 25
[2025-11-04T06:48:51.042+0000] {docker.py:438} INFO -    ✅ [DEBUG] Matched container compose-post-service, restart_count=25
[2025-11-04T06:48:51.043+0000] {docker.py:438} INFO -    [DEBUG] Polled restart count: 25 (before was 25)
[2025-11-04T06:48:51.043+0000] {docker.py:438} INFO -    ⚠️ [DEBUG] This strategy did not result in a restart, going to next strategy if any
[2025-11-04T06:48:51.044+0000] {docker.py:438} INFO - ➡️ [DEBUG] Trying restart strategy #2: sh -c kill -2 1
[2025-11-04T06:48:51.044+0000] {docker.py:438} INFO -    ❌ [DEBUG] Failed to open exec stream for pod compose-post-service-785bf77957-f685w, container compose-post-service: (0)
[2025-11-04T06:48:51.045+0000] {docker.py:438} INFO - Reason: Handshake status 500 Internal Server Error -+-+- {'date': 'Tue, 04 Nov 2025 06:48:43 GMT', 'connection': 'close', 'content-length': '0'} -+-+- b''
[2025-11-04T06:48:51.045+0000] {docker.py:438} INFO - 
[2025-11-04T06:48:51.046+0000] {docker.py:438} INFO - ➡️ [DEBUG] Trying restart strategy #3: sh -c kill -TERM 1
[2025-11-04T06:48:51.046+0000] {docker.py:438} INFO -    ❌ [DEBUG] Failed to open exec stream for pod compose-post-service-785bf77957-f685w, container compose-post-service: (0)
[2025-11-04T06:48:51.047+0000] {docker.py:438} INFO - Reason: Handshake status 500 Internal Server Error -+-+- {'date': 'Tue, 04 Nov 2025 06:48:43 GMT', 'connection': 'close', 'content-length': '0'} -+-+- b''
[2025-11-04T06:48:51.047+0000] {docker.py:438} INFO - 
[2025-11-04T06:48:51.047+0000] {docker.py:438} INFO - ➡️ [DEBUG] Trying restart strategy #4: sh -c kill -9 1
[2025-11-04T06:48:51.048+0000] {docker.py:438} INFO -    ❌ [DEBUG] Failed to open exec stream for pod compose-post-service-785bf77957-f685w, container compose-post-service: (0)
[2025-11-04T06:48:51.048+0000] {docker.py:438} INFO - Reason: Handshake status 500 Internal Server Error -+-+- {'date': 'Tue, 04 Nov 2025 06:48:44 GMT', 'connection': 'close', 'content-length': '0'} -+-+- b''
[2025-11-04T06:48:51.049+0000] {docker.py:438} INFO - 
[2025-11-04T06:48:51.049+0000] {docker.py:438} INFO - ❌ [DEBUG] All strategies exhausted for pod compose-post-service-785bf77957-f685w and no restart observed
[2025-11-04T06:48:51.050+0000] {docker.py:438} INFO - 
[2025-11-04T06:48:51.050+0000] {docker.py:438} INFO - 🏁 [DEBUG] restart_containers() finished. Processed 1 pods
[2025-11-04T06:48:51.050+0000] {docker.py:438} INFO -    [DEBUG] restart_containers returned 1 entries
[2025-11-04T06:48:51.051+0000] {docker.py:438} INFO - ✅ [DEBUG] Successfully restarted this cycle: 0
[2025-11-04T06:48:51.051+0000] {docker.py:438} INFO - ❌ [DEBUG] Failed restarts this cycle: 1
[2025-11-04T06:48:51.082+0000] {docker.py:438} INFO -    - compose-post-service-785bf77957-f685w status=restart_failed details={'pod_name': 'compose-post-service-785bf77957-f685w', 'container_name': 'compose-post-service', 'status': 'restart_failed', 'before_count': 25, 'stdout': '', 'stderr': '', 'ctrl_err': '{"metadata":{},"status":"Success"}'}
[2025-11-04T06:48:51.084+0000] {docker.py:438} INFO - ⏳ [DEBUG] Waiting 5 seconds until next cycle. Time remaining: 198s
[2025-11-04T06:48:51.084+0000] {docker.py:438} INFO - 
[2025-11-04T06:48:51.084+0000] {docker.py:438} INFO - ============================================================
[2025-11-04T06:48:51.085+0000] {docker.py:438} INFO - 🔄 [DEBUG] Container Restart Cycle #6 at 2025-11-04 06:48:49
[2025-11-04T06:48:51.085+0000] {docker.py:438} INFO - ============================================================
[2025-11-04T06:48:51.090+0000] {docker.py:438} INFO - 🔄 [DEBUG] Entered restart_containers()
[2025-11-04T06:48:51.090+0000] {docker.py:438} INFO -    Params => label_selector=app=compose-post-service, name_pattern=None, qty=2, rand=True, mode=fixed, ns=default, order=alphabetic, container_name=compose-post-service, restart_command=None
[2025-11-04T06:48:51.091+0000] {docker.py:438} INFO - 🔑 [DEBUG] Kubernetes API client created
[2025-11-04T06:48:51.091+0000] {docker.py:438} INFO - 🔍 [DEBUG] Selecting pods now...
[2025-11-04T06:48:51.095+0000] {docker.py:438} INFO - 🔍 [DEBUG] Entered _select_pods()
[2025-11-04T06:48:51.096+0000] {docker.py:438} INFO -    Params => label_selector=app=compose-post-service, name_pattern=None, all=False, rand=True, mode=fixed, qty=2, ns=default, order=alphabetic
[2025-11-04T06:48:51.096+0000] {docker.py:438} INFO -    [DEBUG] Listing pods with label_selector=app=compose-post-service
[2025-11-04T06:48:51.097+0000] {docker.py:438} INFO - 📋 [DEBUG] Found 1 pods initially
[2025-11-04T06:48:51.097+0000] {docker.py:438} INFO - 🎲 [DEBUG] Random selection chosen: 1 pods
[2025-11-04T06:48:51.100+0000] {docker.py:438} INFO - ✅ [DEBUG] Selected pods: ['compose-post-service-785bf77957-f685w']
[2025-11-04T06:48:51.100+0000] {docker.py:438} INFO - 📋 [DEBUG] Pods selected: 1
[2025-11-04T06:48:51.101+0000] {docker.py:438} INFO - 
[2025-11-04T06:48:51.101+0000] {docker.py:438} INFO - 🎯 [DEBUG] Processing pod: compose-post-service-785bf77957-f685w
[2025-11-04T06:48:51.101+0000] {docker.py:438} INFO - 📦 [DEBUG] Using provided container: compose-post-service
[2025-11-04T06:48:51.104+0000] {docker.py:438} INFO - 🔍 [DEBUG] _get_restart_count() called for pod=compose-post-service-785bf77957-f685w, ns=default, container=compose-post-service
[2025-11-04T06:48:51.106+0000] {docker.py:438} INFO -    [DEBUG] Found 1 container_status entries
[2025-11-04T06:48:51.106+0000] {docker.py:438} INFO -    [DEBUG] container: compose-post-service, restart_count: 25
[2025-11-04T06:48:51.107+0000] {docker.py:438} INFO -    ✅ [DEBUG] Matched container compose-post-service, restart_count=25
[2025-11-04T06:48:51.107+0000] {docker.py:438} INFO - 📊 [DEBUG] Restart count before action: 25
[2025-11-04T06:48:51.109+0000] {docker.py:438} INFO - 🔧 [DEBUG] Restart strategies to try: [['sh', '-c', 'kill -INT 1'], ['sh', '-c', 'kill -2 1'], ['sh', '-c', 'kill -TERM 1'], ['sh', '-c', 'kill -9 1']]
[2025-11-04T06:48:51.109+0000] {docker.py:438} INFO - ➡️ [DEBUG] Trying restart strategy #1: sh -c kill -INT 1
[2025-11-04T06:48:51.111+0000] {docker.py:438} INFO -    ❌ [DEBUG] Failed to open exec stream for pod compose-post-service-785bf77957-f685w, container compose-post-service: (0)
[2025-11-04T06:48:51.111+0000] {docker.py:438} INFO - Reason: Handshake status 500 Internal Server Error -+-+- {'date': 'Tue, 04 Nov 2025 06:48:49 GMT', 'connection': 'close', 'content-length': '0'} -+-+- b''
[2025-11-04T06:48:51.111+0000] {docker.py:438} INFO - 
[2025-11-04T06:48:51.112+0000] {docker.py:438} INFO - ➡️ [DEBUG] Trying restart strategy #2: sh -c kill -2 1
[2025-11-04T06:48:51.112+0000] {docker.py:438} INFO -    ❌ [DEBUG] Failed to open exec stream for pod compose-post-service-785bf77957-f685w, container compose-post-service: (0)
[2025-11-04T06:48:51.113+0000] {docker.py:438} INFO - Reason: Handshake status 500 Internal Server Error -+-+- {'date': 'Tue, 04 Nov 2025 06:48:50 GMT', 'connection': 'close', 'content-length': '0'} -+-+- b''
[2025-11-04T06:48:51.113+0000] {docker.py:438} INFO - 
[2025-11-04T06:48:51.115+0000] {docker.py:438} INFO - ➡️ [DEBUG] Trying restart strategy #3: sh -c kill -TERM 1
[2025-11-04T06:48:51.115+0000] {docker.py:438} INFO -    ❌ [DEBUG] Failed to open exec stream for pod compose-post-service-785bf77957-f685w, container compose-post-service: (0)
[2025-11-04T06:48:51.115+0000] {docker.py:438} INFO - Reason: Handshake status 500 Internal Server Error -+-+- {'date': 'Tue, 04 Nov 2025 06:48:50 GMT', 'connection': 'close', 'content-length': '0'} -+-+- b''
[2025-11-04T06:48:51.116+0000] {docker.py:438} INFO - 
[2025-11-04T06:48:51.116+0000] {docker.py:438} INFO - ➡️ [DEBUG] Trying restart strategy #4: sh -c kill -9 1
[2025-11-04T06:48:51.118+0000] {docker.py:438} INFO -    ❌ [DEBUG] Failed to open exec stream for pod compose-post-service-785bf77957-f685w, container compose-post-service: (0)
[2025-11-04T06:48:51.118+0000] {docker.py:438} INFO - Reason: Handshake status 500 Internal Server Error -+-+- {'date': 'Tue, 04 Nov 2025 06:48:50 GMT', 'connection': 'close', 'content-length': '0'} -+-+- b''
[2025-11-04T06:48:51.119+0000] {docker.py:438} INFO - 
[2025-11-04T06:48:51.119+0000] {docker.py:438} INFO - ❌ [DEBUG] All strategies exhausted for pod compose-post-service-785bf77957-f685w and no restart observed
[2025-11-04T06:48:51.120+0000] {docker.py:438} INFO - 
[2025-11-04T06:48:51.122+0000] {docker.py:438} INFO - 🏁 [DEBUG] restart_containers() finished. Processed 1 pods
[2025-11-04T06:48:51.122+0000] {docker.py:438} INFO -    [DEBUG] restart_containers returned 1 entries
[2025-11-04T06:48:51.123+0000] {docker.py:438} INFO - ✅ [DEBUG] Successfully restarted this cycle: 0
[2025-11-04T06:48:51.123+0000] {docker.py:438} INFO - ❌ [DEBUG] Failed restarts this cycle: 1
[2025-11-04T06:48:51.123+0000] {docker.py:438} INFO -    - compose-post-service-785bf77957-f685w status=restart_failed details={'pod_name': 'compose-post-service-785bf77957-f685w', 'container_name': 'compose-post-service', 'status': 'restart_failed', 'before_count': 25, 'stdout': None, 'stderr': None, 'ctrl_err': None}
[2025-11-04T06:49:09.580+0000] {local_task_job_runner.py:346} WARNING - State of this instance has been externally set to failed. Terminating instance.
[2025-11-04T06:49:09.581+0000] {local_task_job_runner.py:245} INFO - ::endgroup::
[2025-11-04T06:49:09.584+0000] {process_utils.py:132} INFO - Sending 15 to group 5605. PIDs of all processes in the group: [5605]
[2025-11-04T06:49:09.595+0000] {process_utils.py:87} INFO - Sending the signal 15 to group 5605
[2025-11-04T06:49:09.595+0000] {taskinstance.py:3092} ERROR - Received SIGTERM. Terminating subprocesses.
[2025-11-04T06:49:09.597+0000] {docker.py:533} INFO - Stopping docker container
[2025-11-04T06:49:10.204+0000] {taskinstance.py:340} INFO - ::group::Post task execution logs
[2025-11-04T06:49:10.262+0000] {process_utils.py:80} INFO - Process psutil.Process(pid=5605, status='terminated', exitcode=0, started='06:45:01') (5605) terminated with exit code 0
