[2025-11-04T06:49:13.724+0000] {local_task_job_runner.py:123} INFO - ::group::Pre task execution logs
[2025-11-04T06:49:13.747+0000] {taskinstance.py:2612} INFO - Dependencies all met for dep_context=non-requeueable deps ti=<TaskInstance: Container_Restart.apply_container_restart_docker scheduled__2025-11-04T06:00:00+00:00 [queued]>
[2025-11-04T06:49:13.757+0000] {taskinstance.py:2612} INFO - Dependencies all met for dep_context=requeueable deps ti=<TaskInstance: Container_Restart.apply_container_restart_docker scheduled__2025-11-04T06:00:00+00:00 [queued]>
[2025-11-04T06:49:13.758+0000] {taskinstance.py:2865} INFO - Starting attempt 3 of 3
[2025-11-04T06:49:13.790+0000] {taskinstance.py:2888} INFO - Executing <Task(DockerOperator): apply_container_restart_docker> on 2025-11-04 06:00:00+00:00
[2025-11-04T06:49:13.809+0000] {standard_task_runner.py:72} INFO - Started process 5611 to run task
[2025-11-04T06:49:13.818+0000] {standard_task_runner.py:104} INFO - Running: ['***', 'tasks', 'run', 'Container_Restart', 'apply_container_restart_docker', 'scheduled__2025-11-04T06:00:00+00:00', '--job-id', '13268', '--raw', '--subdir', 'DAGS_FOLDER/dag_factory.py', '--cfg-path', '/tmp/tmpvnnjmv9v']
[2025-11-04T06:49:13.822+0000] {standard_task_runner.py:105} INFO - Job 13268: Subtask apply_container_restart_docker
[2025-11-04T06:49:13.934+0000] {task_command.py:467} INFO - Running <TaskInstance: Container_Restart.apply_container_restart_docker scheduled__2025-11-04T06:00:00+00:00 [running]> on host workflow.y2twbfvcjkaujnl2bmtbxunhcb.cx.internal.cloudapp.net
[2025-11-04T06:49:14.081+0000] {taskinstance.py:3131} INFO - Exporting env vars: AIRFLOW_CTX_DAG_OWNER='***' AIRFLOW_CTX_DAG_ID='Container_Restart' AIRFLOW_CTX_TASK_ID='apply_container_restart_docker' AIRFLOW_CTX_EXECUTION_DATE='2025-11-04T06:00:00+00:00' AIRFLOW_CTX_TRY_NUMBER='3' AIRFLOW_CTX_DAG_RUN_ID='scheduled__2025-11-04T06:00:00+00:00'
[2025-11-04T06:49:14.083+0000] {taskinstance.py:731} INFO - ::endgroup::
[2025-11-04T06:49:14.154+0000] {docker.py:367} INFO - Starting docker container from image priyanshu01ce/***_chaos:latest
[2025-11-04T06:49:14.737+0000] {docker.py:438} INFO - The container is run as root user. For security, consider using a regular user account.
[2025-11-04T06:49:33.541+0000] {docker.py:438} INFO - 
[2025-11-04T06:49:33.551+0000] {docker.py:438} INFO - total 7288
[2025-11-04T06:49:33.552+0000] {docker.py:438} INFO - drwxr-xr-x 6    1000 1000    4096 Nov  3 08:06 .
[2025-11-04T06:49:33.552+0000] {docker.py:438} INFO - drwxr-xr-x 1 *** root    4096 Sep 26 10:44 ..
[2025-11-04T06:49:33.553+0000] {docker.py:438} INFO - -rw-r--r-- 1    1000 1000    1193 Sep  8 07:02 API_Latency.json
[2025-11-04T06:49:33.553+0000] {docker.py:438} INFO - -rw-r--r-- 1    1000 1000     729 Sep  9 10:30 API_Timeout.json
[2025-11-04T06:49:33.554+0000] {docker.py:438} INFO - -rw-r--r-- 1    1000 1000    1331 Oct  7 18:22 Continuous_Load_Test_Azure.yaml
[2025-11-04T06:49:33.554+0000] {docker.py:438} INFO - -rw-r--r-- 1    1000 1000    1672 Oct 30 07:48 Memory_Stress_Test_Azure.yaml
[2025-11-04T06:49:33.555+0000] {docker.py:438} INFO - -rw-r--r-- 1    1000 1000    1178 Sep 30 18:19 Stress_Test_Azure.yaml
[2025-11-04T06:49:33.555+0000] {docker.py:438} INFO - drwxrwxr-x 2 root    root    4096 Oct 29 06:31 __pycache__
[2025-11-04T06:49:33.555+0000] {docker.py:438} INFO - drwxrwxr-x 5    1000 1000    4096 Oct 21 08:05 chaos_env
[2025-11-04T06:49:33.556+0000] {docker.py:438} INFO - -rw-r--r-- 1    1000 1000    8875 Sep 25 16:54 chaosk6_actions.py
[2025-11-04T06:49:33.556+0000] {docker.py:438} INFO - -rw-rw-r-- 1    1000 1000 6784018 Nov  4 06:49 chaostoolkit.log
[2025-11-04T06:49:33.557+0000] {docker.py:438} INFO - -rw-rw-r-- 1    1000 1000    1421 Oct 23 09:34 check.py
[2025-11-04T06:49:33.557+0000] {docker.py:438} INFO - -rw-r--r-- 1    1000 1000    3213 Sep  9 09:11 combined-sequential.json
[2025-11-04T06:49:33.557+0000] {docker.py:438} INFO - -rwxrwxr-x 1    1000 1000    1489 Oct 27 06:29 complete_chaos_mesh-cleanup.sh
[2025-11-04T06:49:33.558+0000] {docker.py:438} INFO - -rw-r--r-- 1    1000 1000     502 Sep 16 05:31 connection_test_experiment.json
[2025-11-04T06:49:33.558+0000] {docker.py:438} INFO - -rw-rw-r-- 1    1000 1000     692 Oct 24 01:43 container_probe.json
[2025-11-04T06:49:33.559+0000] {docker.py:438} INFO - -rw-rw-r-- 1    1000 1000    2533 Oct 23 09:28 container_probe.yaml
[2025-11-04T06:49:33.559+0000] {docker.py:438} INFO - -rw-r--r-- 1    1000 1000    1420 Sep 24 06:53 container_restart.json
[2025-11-04T06:49:33.560+0000] {docker.py:438} INFO - -rw-r--r-- 1    1000 1000   16452 Sep 26 09:59 container_restart.py
[2025-11-04T06:49:33.560+0000] {docker.py:438} INFO - -rw-r--r-- 1    1000 1000    1751 Nov  3 05:42 container_restart_Azure.yaml
[2025-11-04T06:49:33.561+0000] {docker.py:438} INFO - -rw-r--r-- 1    1000 1000    1409 Sep 18 12:30 continuous_load_test.json
[2025-11-04T06:49:33.562+0000] {docker.py:438} INFO - -rw-r--r-- 1    1000 1000    1637 Sep 25 10:13 cordon-uncordon-node.json
[2025-11-04T06:49:33.562+0000] {docker.py:438} INFO - -rw-r--r-- 1    1000 1000    1637 Sep 25 04:39 cordon_test.json
[2025-11-04T06:49:33.562+0000] {docker.py:438} INFO - -rw-r--r-- 1    1000 1000    1436 Oct 30 12:28 cordon_uncordon_node_Azure.yaml
[2025-11-04T06:49:33.564+0000] {docker.py:438} INFO - -rw-r--r-- 1    1000 1000    1203 Sep 30 06:51 cpu_stress_ng.json
[2025-11-04T06:49:33.564+0000] {docker.py:438} INFO - -rw-r--r-- 1    1000 1000    1760 Oct 21 08:00 db_cleanup.json
[2025-11-04T06:49:33.565+0000] {docker.py:438} INFO - -rw-r--r-- 1    1000 1000    6399 Sep 24 07:40 db_cleanup.py
[2025-11-04T06:49:33.565+0000] {docker.py:438} INFO - -rw-rw-r-- 1    1000 1000    5855 Oct 28 12:27 direct_memory_stress.py
[2025-11-04T06:49:33.570+0000] {docker.py:438} INFO - -rw-r--r-- 1    1000 1000    3217 Nov  4 06:45 journal.json
[2025-11-04T06:49:33.570+0000] {docker.py:438} INFO - -rw-rw-r-- 1 root    root  373568 Nov  4 06:45 k6_continuous_load.log
[2025-11-04T06:49:33.570+0000] {docker.py:438} INFO - -rw-r--r-- 1    1000 1000    3941 Nov  4 06:45 k6_continuous_summary.json
[2025-11-04T06:49:33.571+0000] {docker.py:438} INFO - -rw-r--r-- 1    1000 1000    3433 Sep 25 09:28 k6_summary.json
[2025-11-04T06:49:33.571+0000] {docker.py:438} INFO - -rw-r--r-- 1    1000 1000     989 Sep 30 09:24 kubernetes_actions.json
[2025-11-04T06:49:33.576+0000] {docker.py:438} INFO - -rw-r--r-- 1    1000 1000   10961 Sep 30 09:23 kubernetes_actions.py
[2025-11-04T06:49:33.576+0000] {docker.py:438} INFO - -rw-r--r-- 1    1000 1000     945 Sep 21 16:40 load_test.json
[2025-11-04T06:49:33.577+0000] {docker.py:438} INFO - -rw-r--r-- 1    1000 1000     528 Sep 17 12:13 max_connection_experiment.json
[2025-11-04T06:49:33.577+0000] {docker.py:438} INFO - -rw-r--r-- 1    1000 1000    1227 Sep 13 15:20 memory-stress-rollback.json
[2025-11-04T06:49:33.577+0000] {docker.py:438} INFO - -rw-rw-r-- 1    1000 1000    1066 Oct 30 12:27 memory_stress.json
[2025-11-04T06:49:33.578+0000] {docker.py:438} INFO - -rw-rw-r-- 1    1000 1000    6653 Oct 29 06:18 memory_stress.py
[2025-11-04T06:49:33.578+0000] {docker.py:438} INFO - -rw-r--r-- 1    1000 1000    1421 Sep 29 05:20 mongo_db_container_restart.json
[2025-11-04T06:49:33.579+0000] {docker.py:438} INFO - -rw-r--r-- 1    1000 1000    7586 Sep 18 05:54 mongodb_actions.py
[2025-11-04T06:49:33.579+0000] {docker.py:438} INFO - -rw-r--r-- 1    1000 1000    2136 Sep 18 11:23 mongodb_connection.json
[2025-11-04T06:49:33.579+0000] {docker.py:438} INFO - -rw-r--r-- 1    1000 1000     597 Sep 16 09:17 mongodb_network_latency_experiment.json
[2025-11-04T06:49:33.582+0000] {docker.py:438} INFO - -rw-r--r-- 1    1000 1000    3657 Sep 18 05:42 mongodb_probes.py
[2025-11-04T06:49:33.582+0000] {docker.py:438} INFO - -rw-r--r-- 1    1000 1000    6161 Sep 12 08:04 pod_restart.py
[2025-11-04T06:49:33.583+0000] {docker.py:438} INFO - -rw-r--r-- 1    1000 1000    1497 Sep 30 05:50 redis_config_faults.py
[2025-11-04T06:49:33.583+0000] {docker.py:438} INFO - -rw-r--r-- 1    1000 1000     862 Sep 30 05:50 redis_experiment.json
[2025-11-04T06:49:33.583+0000] {docker.py:438} INFO - -rw-r--r-- 1    1000 1000     945 Sep 18 06:53 redis_load.json
[2025-11-04T06:49:33.586+0000] {docker.py:438} INFO - -rw-r--r-- 1    1000 1000    1641 Oct 30 12:29 redis_memory_stress_Azure.yaml
[2025-11-04T06:49:33.586+0000] {docker.py:438} INFO - -rw-rw-r-- 1    1000 1000    1333 Oct 21 09:39 reinitialize_application.yaml
[2025-11-04T06:49:33.587+0000] {docker.py:438} INFO - -rw-r--r-- 1    1000 1000    1284 Sep 25 10:53 run_load_test_with_cleanup.py
[2025-11-04T06:49:33.587+0000] {docker.py:438} INFO - -rw-rw-r-- 1    1000 1000    1307 Oct 27 10:33 sample_probe.yaml
[2025-11-04T06:49:33.587+0000] {docker.py:438} INFO - drwxr-xr-x 2    1000 1000    4096 Oct 22 06:46 scripts
[2025-11-04T06:49:33.590+0000] {docker.py:438} INFO - -rw-rw-r-- 1    1000 1000     272 Oct 27 08:51 simple-stress-test.yaml
[2025-11-04T06:49:33.590+0000] {docker.py:438} INFO - drwxr-xr-x 4    1000 1000    4096 Sep 30 09:41 socialNetwork
[2025-11-04T06:49:33.590+0000] {docker.py:438} INFO - -rw-r--r-- 1    1000 1000     821 Sep 26 13:20 stress_test.json
[2025-11-04T06:49:33.591+0000] {docker.py:438} INFO - -rw-rw-r-- 1    1000 1000     301 Oct 27 08:46 test-stress-fixed.yaml
[2025-11-04T06:49:33.591+0000] {docker.py:438} INFO - -rw-rw-r-- 1    1000 1000     295 Oct 27 08:49 test_after_fix.yaml
[2025-11-04T06:49:33.592+0000] {docker.py:438} INFO - -rw-r--r-- 1    1000 1000     367 Sep 17 07:24 test_params.json
[2025-11-04T06:49:33.595+0000] {docker.py:438} INFO - Starting continuous container restart experiment...
[2025-11-04T06:49:34.037+0000] {local_task_job_runner.py:346} WARNING - State of this instance has been externally set to failed. Terminating instance.
[2025-11-04T06:49:34.038+0000] {local_task_job_runner.py:245} INFO - ::endgroup::
[2025-11-04T06:49:34.043+0000] {process_utils.py:132} INFO - Sending 15 to group 5611. PIDs of all processes in the group: [5611]
[2025-11-04T06:49:34.044+0000] {process_utils.py:87} INFO - Sending the signal 15 to group 5611
[2025-11-04T06:49:34.045+0000] {taskinstance.py:3092} ERROR - Received SIGTERM. Terminating subprocesses.
[2025-11-04T06:49:34.045+0000] {docker.py:533} INFO - Stopping docker container
[2025-11-04T06:49:34.941+0000] {taskinstance.py:340} INFO - ::group::Post task execution logs
[2025-11-04T06:49:34.990+0000] {process_utils.py:80} INFO - Process psutil.Process(pid=5611, status='terminated', exitcode=0, started='06:49:13') (5611) terminated with exit code 0
