[2025-11-13T15:26:39.960+0000] {local_task_job_runner.py:123} INFO - ::group::Pre task execution logs
[2025-11-13T15:26:39.987+0000] {taskinstance.py:2612} INFO - Dependencies all met for dep_context=non-requeueable deps ti=<TaskInstance: Cordon_Uncordon_Node.apply_cordon_uncordon_node manual__2025-11-13T15:26:37.537896+00:00 [queued]>
[2025-11-13T15:26:40.001+0000] {taskinstance.py:2612} INFO - Dependencies all met for dep_context=requeueable deps ti=<TaskInstance: Cordon_Uncordon_Node.apply_cordon_uncordon_node manual__2025-11-13T15:26:37.537896+00:00 [queued]>
[2025-11-13T15:26:40.002+0000] {taskinstance.py:2865} INFO - Starting attempt 1 of 1
[2025-11-13T15:26:40.027+0000] {taskinstance.py:2888} INFO - Executing <Task(DockerOperator): apply_cordon_uncordon_node> on 2025-11-13 15:26:37.537896+00:00
[2025-11-13T15:26:40.043+0000] {standard_task_runner.py:72} INFO - Started process 133 to run task
[2025-11-13T15:26:40.055+0000] {standard_task_runner.py:104} INFO - Running: ['***', 'tasks', 'run', 'Cordon_Uncordon_Node', 'apply_cordon_uncordon_node', 'manual__2025-11-13T15:26:37.537896+00:00', '--job-id', '14930', '--raw', '--subdir', 'DAGS_FOLDER/dag_factory.py', '--cfg-path', '/tmp/tmpzdfrmmgp']
[2025-11-13T15:26:40.066+0000] {standard_task_runner.py:105} INFO - Job 14930: Subtask apply_cordon_uncordon_node
[2025-11-13T15:26:40.158+0000] {task_command.py:467} INFO - Running <TaskInstance: Cordon_Uncordon_Node.apply_cordon_uncordon_node manual__2025-11-13T15:26:37.537896+00:00 [running]> on host workflow.y2twbfvcjkaujnl2bmtbxunhcb.cx.internal.cloudapp.net
[2025-11-13T15:26:40.394+0000] {taskinstance.py:3131} INFO - Exporting env vars: AIRFLOW_CTX_DAG_OWNER='***' AIRFLOW_CTX_DAG_ID='Cordon_Uncordon_Node' AIRFLOW_CTX_TASK_ID='apply_cordon_uncordon_node' AIRFLOW_CTX_EXECUTION_DATE='2025-11-13T15:26:37.537896+00:00' AIRFLOW_CTX_TRY_NUMBER='1' AIRFLOW_CTX_DAG_RUN_ID='manual__2025-11-13T15:26:37.537896+00:00'
[2025-11-13T15:26:40.395+0000] {taskinstance.py:731} INFO - ::endgroup::
[2025-11-13T15:26:40.607+0000] {docker.py:367} INFO - Starting docker container from image ***_chaos:latest
[2025-11-13T15:26:41.554+0000] {docker.py:438} INFO - The container is run as root user. For security, consider using a regular user account.
[2025-11-13T15:28:42.637+0000] {job.py:239} ERROR - Job heartbeat failed with error
Traceback (most recent call last):
  File "/home/airflow/.local/lib/python3.11/site-packages/sqlalchemy/engine/base.py", line 1910, in _execute_context
    self.dialect.do_execute(
  File "/home/airflow/.local/lib/python3.11/site-packages/sqlalchemy/engine/default.py", line 736, in do_execute
    cursor.execute(statement, parameters)
psycopg2.OperationalError: server closed the connection unexpectedly
	This probably means the server terminated abnormally
	before or while processing the request.


The above exception was the direct cause of the following exception:

Traceback (most recent call last):
  File "/home/airflow/.local/lib/python3.11/site-packages/airflow/jobs/job.py", line 233, in heartbeat
    heartbeat_callback(session)
  File "/home/airflow/.local/lib/python3.11/site-packages/airflow/utils/session.py", line 94, in wrapper
    return func(*args, **kwargs)
           ^^^^^^^^^^^^^^^^^^^^^
  File "/home/airflow/.local/lib/python3.11/site-packages/airflow/jobs/local_task_job_runner.py", line 284, in heartbeat_callback
    self.task_instance.refresh_from_db()
  File "/home/airflow/.local/lib/python3.11/site-packages/airflow/utils/session.py", line 97, in wrapper
    return func(*args, session=session, **kwargs)
           ^^^^^^^^^^^^^^^^^^^^^^^^^^^^^^^^^^^^^^
  File "/home/airflow/.local/lib/python3.11/site-packages/airflow/models/taskinstance.py", line 2358, in refresh_from_db
    _refresh_from_db(task_instance=self, session=session, lock_for_update=lock_for_update)
  File "/home/airflow/.local/lib/python3.11/site-packages/airflow/models/taskinstance.py", line 872, in _refresh_from_db
    ti = TaskInstance.get_task_instance(
         ^^^^^^^^^^^^^^^^^^^^^^^^^^^^^^^
  File "/home/airflow/.local/lib/python3.11/site-packages/airflow/api_internal/internal_api_call.py", line 139, in wrapper
    return func(*args, **kwargs)
           ^^^^^^^^^^^^^^^^^^^^^
  File "/home/airflow/.local/lib/python3.11/site-packages/airflow/utils/session.py", line 94, in wrapper
    return func(*args, **kwargs)
           ^^^^^^^^^^^^^^^^^^^^^
  File "/home/airflow/.local/lib/python3.11/site-packages/airflow/models/taskinstance.py", line 2344, in get_task_instance
    return query.one_or_none()
           ^^^^^^^^^^^^^^^^^^^
  File "/home/airflow/.local/lib/python3.11/site-packages/sqlalchemy/orm/query.py", line 2850, in one_or_none
    return self._iter().one_or_none()
           ^^^^^^^^^^^^
  File "/home/airflow/.local/lib/python3.11/site-packages/sqlalchemy/orm/query.py", line 2916, in _iter
    result = self.session.execute(
             ^^^^^^^^^^^^^^^^^^^^^
  File "/home/airflow/.local/lib/python3.11/site-packages/sqlalchemy/orm/session.py", line 1717, in execute
    result = conn._execute_20(statement, params or {}, execution_options)
             ^^^^^^^^^^^^^^^^^^^^^^^^^^^^^^^^^^^^^^^^^^^^^^^^^^^^^^^^^^^^
  File "/home/airflow/.local/lib/python3.11/site-packages/sqlalchemy/engine/base.py", line 1710, in _execute_20
    return meth(self, args_10style, kwargs_10style, execution_options)
           ^^^^^^^^^^^^^^^^^^^^^^^^^^^^^^^^^^^^^^^^^^^^^^^^^^^^^^^^^^^
  File "/home/airflow/.local/lib/python3.11/site-packages/sqlalchemy/sql/elements.py", line 334, in _execute_on_connection
    return connection._execute_clauseelement(
           ^^^^^^^^^^^^^^^^^^^^^^^^^^^^^^^^^^
  File "/home/airflow/.local/lib/python3.11/site-packages/sqlalchemy/engine/base.py", line 1577, in _execute_clauseelement
    ret = self._execute_context(
          ^^^^^^^^^^^^^^^^^^^^^^
  File "/home/airflow/.local/lib/python3.11/site-packages/sqlalchemy/engine/base.py", line 1953, in _execute_context
    self._handle_dbapi_exception(
  File "/home/airflow/.local/lib/python3.11/site-packages/sqlalchemy/engine/base.py", line 2134, in _handle_dbapi_exception
    util.raise_(
  File "/home/airflow/.local/lib/python3.11/site-packages/sqlalchemy/util/compat.py", line 211, in raise_
    raise exception
  File "/home/airflow/.local/lib/python3.11/site-packages/sqlalchemy/engine/base.py", line 1910, in _execute_context
    self.dialect.do_execute(
  File "/home/airflow/.local/lib/python3.11/site-packages/sqlalchemy/engine/default.py", line 736, in do_execute
    cursor.execute(statement, parameters)
sqlalchemy.exc.OperationalError: (psycopg2.OperationalError) server closed the connection unexpectedly
	This probably means the server terminated abnormally
	before or while processing the request.

[SQL: SELECT task_instance.task_display_name AS task_instance_task_display_name, task_instance.task_id AS task_instance_task_id, task_instance.dag_id AS task_instance_dag_id, task_instance.run_id AS task_instance_run_id, task_instance.map_index AS task_instance_map_index, task_instance.start_date AS task_instance_start_date, task_instance.end_date AS task_instance_end_date, task_instance.duration AS task_instance_duration, task_instance.state AS task_instance_state, task_instance.try_number AS task_instance_try_number, task_instance.max_tries AS task_instance_max_tries, task_instance.hostname AS task_instance_hostname, task_instance.unixname AS task_instance_unixname, task_instance.job_id AS task_instance_job_id, task_instance.pool AS task_instance_pool, task_instance.pool_slots AS task_instance_pool_slots, task_instance.queue AS task_instance_queue, task_instance.priority_weight AS task_instance_priority_weight, task_instance.operator AS task_instance_operator, task_instance.custom_operator_name AS task_instance_custom_operator_name, task_instance.queued_dttm AS task_instance_queued_dttm, task_instance.queued_by_job_id AS task_instance_queued_by_job_id, task_instance.pid AS task_instance_pid, task_instance.executor AS task_instance_executor, task_instance.executor_config AS task_instance_executor_config, task_instance.updated_at AS task_instance_updated_at, task_instance.rendered_map_index AS task_instance_rendered_map_index, task_instance.external_executor_id AS task_instance_external_executor_id, task_instance.trigger_id AS task_instance_trigger_id, task_instance.trigger_timeout AS task_instance_trigger_timeout, task_instance.next_method AS task_instance_next_method, task_instance.next_kwargs AS task_instance_next_kwargs 
FROM task_instance 
WHERE task_instance.dag_id = %(dag_id_1)s AND task_instance.run_id = %(run_id_1)s AND task_instance.task_id = %(task_id_1)s AND task_instance.map_index = %(map_index_1)s]
[parameters: {'dag_id_1': 'Cordon_Uncordon_Node', 'run_id_1': 'manual__2025-11-13T15:26:37.537896+00:00', 'task_id_1': 'apply_cordon_uncordon_node', 'map_index_1': -1}]
(Background on this error at: https://sqlalche.me/e/14/e3q8)
[2025-11-13T15:28:42.920+0000] {job.py:254} ERROR - Job heartbeat failed with error. Scheduler is in unhealthy state
[2025-11-13T15:28:47.982+0000] {job.py:229} INFO - Heartbeat recovered after 105.97 seconds
[2025-11-13T15:28:50.846+0000] {docker.py:438} INFO - 
[2025-11-13T15:28:52.659+0000] {docker.py:438} INFO - [32m[2025-11-13 15:28:52 INFO] Validating the experiment's syntax
[2025-11-13T15:28:54.173+0000] {docker.py:438} INFO - [32m[2025-11-13 15:28:54 INFO] Experiment looks valid
[2025-11-13T15:28:54.175+0000] {docker.py:438} INFO - [32m[2025-11-13 15:28:54 INFO] Running experiment: Cordon-Pod Restart Combined Experiment
[2025-11-13T15:28:54.182+0000] {docker.py:438} INFO - [32m[2025-11-13 15:28:54 INFO] Steady-state strategy: default
[2025-11-13T15:28:54.186+0000] {docker.py:438} INFO - [32m[2025-11-13 15:28:54 INFO] Rollbacks strategy: default
[2025-11-13T15:28:54.186+0000] {docker.py:438} INFO - [32m[2025-11-13 15:28:54 INFO] No steady state hypothesis defined. That's ok, just exploring.
[2025-11-13T15:28:54.187+0000] {docker.py:438} INFO - [32m[2025-11-13 15:28:54 INFO] Playing your experiment's method now...
[2025-11-13T15:28:54.187+0000] {docker.py:438} INFO - [32m[2025-11-13 15:28:54 INFO] Action: cordon-nodes
[2025-11-13T15:28:55.558+0000] {docker.py:438} INFO - [32m[2025-11-13 15:28:55 INFO] Action: continuous-pod-restart-during-cordon
[2025-11-13T15:33:42.371+0000] {docker.py:438} INFO - 🚀 Starting continuous pod restart experiment
[2025-11-13T15:33:42.392+0000] {docker.py:438} INFO - 📅 Interval: 20 seconds
[2025-11-13T15:33:42.392+0000] {docker.py:438} INFO - ⏱️  Duration: 300 seconds
[2025-11-13T15:33:42.393+0000] {docker.py:438} INFO - 🎯 Target: app=post-storage-service
[2025-11-13T15:33:42.393+0000] {docker.py:438} INFO - 📍 Namespace: default
[2025-11-13T15:33:42.394+0000] {docker.py:438} INFO - 
[2025-11-13T15:33:42.394+0000] {docker.py:438} INFO - ==================================================
[2025-11-13T15:33:42.394+0000] {docker.py:438} INFO - 🔄 Restart #1 at 2025-11-13 15:28:55
[2025-11-13T15:33:42.395+0000] {docker.py:438} INFO - ==================================================
[2025-11-13T15:33:42.395+0000] {docker.py:438} INFO - Hello world - terminate function started!
[2025-11-13T15:33:42.395+0000] {docker.py:438} INFO - Selecting pods with label_selector: app=post-storage-service
[2025-11-13T15:33:42.396+0000] {docker.py:438} INFO - Found 1 pods initially
[2025-11-13T15:33:42.396+0000] {docker.py:438} INFO - Random selection: 1 pods
[2025-11-13T15:33:42.397+0000] {docker.py:438} INFO - Deleting pod: post-storage-service-6797587775-6k2n2
[2025-11-13T15:33:42.397+0000] {docker.py:438} INFO - Deleted 1 pods: ['post-storage-service-6797587775-6k2n2']
[2025-11-13T15:33:42.397+0000] {docker.py:438} INFO - ✅ Successfully restarted pods: ['post-storage-service-6797587775-6k2n2']
[2025-11-13T15:33:42.398+0000] {docker.py:438} INFO - ⏳ Waiting 20 seconds until next restart...
[2025-11-13T15:33:42.398+0000] {docker.py:438} INFO - 📊 Time remaining: 300 seconds
[2025-11-13T15:33:42.399+0000] {docker.py:438} INFO - 
[2025-11-13T15:33:42.399+0000] {docker.py:438} INFO - ==================================================
[2025-11-13T15:33:42.399+0000] {docker.py:438} INFO - 🔄 Restart #2 at 2025-11-13 15:29:15
[2025-11-13T15:33:42.402+0000] {docker.py:438} INFO - ==================================================
[2025-11-13T15:33:42.402+0000] {docker.py:438} INFO - Hello world - terminate function started!
[2025-11-13T15:33:42.404+0000] {docker.py:438} INFO - Selecting pods with label_selector: app=post-storage-service
[2025-11-13T15:33:42.404+0000] {docker.py:438} INFO - Found 2 pods initially
[2025-11-13T15:33:42.404+0000] {docker.py:438} INFO - Random selection: 1 pods
[2025-11-13T15:33:42.405+0000] {docker.py:438} INFO - Deleting pod: post-storage-service-6797587775-6k2n2
[2025-11-13T15:33:42.406+0000] {docker.py:438} INFO - Deleted 1 pods: ['post-storage-service-6797587775-6k2n2']
[2025-11-13T15:33:42.407+0000] {docker.py:438} INFO - ✅ Successfully restarted pods: ['post-storage-service-6797587775-6k2n2']
[2025-11-13T15:33:42.408+0000] {docker.py:438} INFO - ⏳ Waiting 20 seconds until next restart...
[2025-11-13T15:33:42.408+0000] {docker.py:438} INFO - 📊 Time remaining: 279 seconds
[2025-11-13T15:33:42.408+0000] {docker.py:438} INFO - 
[2025-11-13T15:33:42.410+0000] {docker.py:438} INFO - ==================================================
[2025-11-13T15:33:42.411+0000] {docker.py:438} INFO - 🔄 Restart #3 at 2025-11-13 15:29:36
[2025-11-13T15:33:42.412+0000] {docker.py:438} INFO - ==================================================
[2025-11-13T15:33:42.412+0000] {docker.py:438} INFO - Hello world - terminate function started!
[2025-11-13T15:33:42.415+0000] {docker.py:438} INFO - Selecting pods with label_selector: app=post-storage-service
[2025-11-13T15:33:42.416+0000] {docker.py:438} INFO - Found 1 pods initially
[2025-11-13T15:33:42.416+0000] {docker.py:438} INFO - Random selection: 1 pods
[2025-11-13T15:33:42.417+0000] {docker.py:438} INFO - Deleting pod: post-storage-service-6797587775-z7kxb
[2025-11-13T15:33:42.418+0000] {docker.py:438} INFO - Deleted 1 pods: ['post-storage-service-6797587775-z7kxb']
[2025-11-13T15:33:42.418+0000] {docker.py:438} INFO - ✅ Successfully restarted pods: ['post-storage-service-6797587775-z7kxb']
[2025-11-13T15:33:42.419+0000] {docker.py:438} INFO - ⏳ Waiting 20 seconds until next restart...
[2025-11-13T15:33:42.420+0000] {docker.py:438} INFO - 📊 Time remaining: 259 seconds
[2025-11-13T15:33:42.420+0000] {docker.py:438} INFO - 
[2025-11-13T15:33:42.420+0000] {docker.py:438} INFO - ==================================================
[2025-11-13T15:33:42.421+0000] {docker.py:438} INFO - 🔄 Restart #4 at 2025-11-13 15:29:56
[2025-11-13T15:33:42.421+0000] {docker.py:438} INFO - ==================================================
[2025-11-13T15:33:42.421+0000] {docker.py:438} INFO - Hello world - terminate function started!
[2025-11-13T15:33:42.423+0000] {docker.py:438} INFO - Selecting pods with label_selector: app=post-storage-service
[2025-11-13T15:33:42.423+0000] {docker.py:438} INFO - Found 2 pods initially
[2025-11-13T15:33:42.424+0000] {docker.py:438} INFO - Random selection: 1 pods
[2025-11-13T15:33:42.424+0000] {docker.py:438} INFO - Deleting pod: post-storage-service-6797587775-z7kxb
[2025-11-13T15:33:42.426+0000] {docker.py:438} INFO - Deleted 1 pods: ['post-storage-service-6797587775-z7kxb']
[2025-11-13T15:33:42.427+0000] {docker.py:438} INFO - ✅ Successfully restarted pods: ['post-storage-service-6797587775-z7kxb']
[2025-11-13T15:33:42.427+0000] {docker.py:438} INFO - ⏳ Waiting 20 seconds until next restart...
[2025-11-13T15:33:42.430+0000] {docker.py:438} INFO - 📊 Time remaining: 238 seconds
[2025-11-13T15:33:42.430+0000] {docker.py:438} INFO - 
[2025-11-13T15:33:42.430+0000] {docker.py:438} INFO - ==================================================
[2025-11-13T15:33:42.431+0000] {docker.py:438} INFO - 🔄 Restart #5 at 2025-11-13 15:30:17
[2025-11-13T15:33:42.431+0000] {docker.py:438} INFO - ==================================================
[2025-11-13T15:33:42.431+0000] {docker.py:438} INFO - Hello world - terminate function started!
[2025-11-13T15:33:42.435+0000] {docker.py:438} INFO - Selecting pods with label_selector: app=post-storage-service
[2025-11-13T15:33:42.436+0000] {docker.py:438} INFO - Found 1 pods initially
[2025-11-13T15:33:42.436+0000] {docker.py:438} INFO - Random selection: 1 pods
[2025-11-13T15:33:42.436+0000] {docker.py:438} INFO - Deleting pod: post-storage-service-6797587775-gnx9c
[2025-11-13T15:33:42.437+0000] {docker.py:438} INFO - Deleted 1 pods: ['post-storage-service-6797587775-gnx9c']
[2025-11-13T15:33:42.437+0000] {docker.py:438} INFO - ✅ Successfully restarted pods: ['post-storage-service-6797587775-gnx9c']
[2025-11-13T15:33:42.440+0000] {docker.py:438} INFO - ⏳ Waiting 20 seconds until next restart...
[2025-11-13T15:33:42.440+0000] {docker.py:438} INFO - 📊 Time remaining: 218 seconds
[2025-11-13T15:33:42.441+0000] {docker.py:438} INFO - 
[2025-11-13T15:33:42.442+0000] {docker.py:438} INFO - ==================================================
[2025-11-13T15:33:42.442+0000] {docker.py:438} INFO - 🔄 Restart #6 at 2025-11-13 15:30:37
[2025-11-13T15:33:42.442+0000] {docker.py:438} INFO - ==================================================
[2025-11-13T15:33:42.443+0000] {docker.py:438} INFO - Hello world - terminate function started!
[2025-11-13T15:33:42.443+0000] {docker.py:438} INFO - Selecting pods with label_selector: app=post-storage-service
[2025-11-13T15:33:42.444+0000] {docker.py:438} INFO - Found 2 pods initially
[2025-11-13T15:33:42.446+0000] {docker.py:438} INFO - Random selection: 1 pods
[2025-11-13T15:33:42.446+0000] {docker.py:438} INFO - Deleting pod: post-storage-service-6797587775-fz29r
[2025-11-13T15:33:42.446+0000] {docker.py:438} INFO - Deleted 1 pods: ['post-storage-service-6797587775-fz29r']
[2025-11-13T15:33:42.447+0000] {docker.py:438} INFO - ✅ Successfully restarted pods: ['post-storage-service-6797587775-fz29r']
[2025-11-13T15:33:42.447+0000] {docker.py:438} INFO - ⏳ Waiting 20 seconds until next restart...
[2025-11-13T15:33:42.447+0000] {docker.py:438} INFO - 📊 Time remaining: 197 seconds
[2025-11-13T15:33:42.448+0000] {docker.py:438} INFO - 
[2025-11-13T15:33:42.448+0000] {docker.py:438} INFO - ==================================================
[2025-11-13T15:33:42.449+0000] {docker.py:438} INFO - 🔄 Restart #7 at 2025-11-13 15:30:58
[2025-11-13T15:33:42.449+0000] {docker.py:438} INFO - ==================================================
[2025-11-13T15:33:42.450+0000] {docker.py:438} INFO - Hello world - terminate function started!
[2025-11-13T15:33:42.450+0000] {docker.py:438} INFO - Selecting pods with label_selector: app=post-storage-service
[2025-11-13T15:33:42.451+0000] {docker.py:438} INFO - Found 2 pods initially
[2025-11-13T15:33:42.452+0000] {docker.py:438} INFO - Random selection: 1 pods
[2025-11-13T15:33:42.453+0000] {docker.py:438} INFO - Deleting pod: post-storage-service-6797587775-9lv6s
[2025-11-13T15:33:42.453+0000] {docker.py:438} INFO - Deleted 1 pods: ['post-storage-service-6797587775-9lv6s']
[2025-11-13T15:33:42.454+0000] {docker.py:438} INFO - ✅ Successfully restarted pods: ['post-storage-service-6797587775-9lv6s']
[2025-11-13T15:33:42.454+0000] {docker.py:438} INFO - ⏳ Waiting 20 seconds until next restart...
[2025-11-13T15:33:42.454+0000] {docker.py:438} INFO - 📊 Time remaining: 177 seconds
[2025-11-13T15:33:42.455+0000] {docker.py:438} INFO - 
[2025-11-13T15:33:42.455+0000] {docker.py:438} INFO - ==================================================
[2025-11-13T15:33:42.456+0000] {docker.py:438} INFO - 🔄 Restart #8 at 2025-11-13 15:31:18
[2025-11-13T15:33:42.456+0000] {docker.py:438} INFO - ==================================================
[2025-11-13T15:33:42.457+0000] {docker.py:438} INFO - Hello world - terminate function started!
[2025-11-13T15:33:42.457+0000] {docker.py:438} INFO - Selecting pods with label_selector: app=post-storage-service
[2025-11-13T15:33:42.457+0000] {docker.py:438} INFO - Found 2 pods initially
[2025-11-13T15:33:42.458+0000] {docker.py:438} INFO - Random selection: 1 pods
[2025-11-13T15:33:42.458+0000] {docker.py:438} INFO - Deleting pod: post-storage-service-6797587775-9lv6s
[2025-11-13T15:33:42.459+0000] {docker.py:438} INFO - Deleted 1 pods: ['post-storage-service-6797587775-9lv6s']
[2025-11-13T15:33:42.459+0000] {docker.py:438} INFO - ✅ Successfully restarted pods: ['post-storage-service-6797587775-9lv6s']
[2025-11-13T15:33:42.460+0000] {docker.py:438} INFO - ⏳ Waiting 20 seconds until next restart...
[2025-11-13T15:33:42.460+0000] {docker.py:438} INFO - 📊 Time remaining: 156 seconds
[2025-11-13T15:33:42.461+0000] {docker.py:438} INFO - 
[2025-11-13T15:33:42.461+0000] {docker.py:438} INFO - ==================================================
[2025-11-13T15:33:42.462+0000] {docker.py:438} INFO - 🔄 Restart #9 at 2025-11-13 15:31:39
[2025-11-13T15:33:42.462+0000] {docker.py:438} INFO - ==================================================
[2025-11-13T15:33:42.462+0000] {docker.py:438} INFO - Hello world - terminate function started!
[2025-11-13T15:33:42.463+0000] {docker.py:438} INFO - Selecting pods with label_selector: app=post-storage-service
[2025-11-13T15:33:42.463+0000] {docker.py:438} INFO - Found 1 pods initially
[2025-11-13T15:33:42.464+0000] {docker.py:438} INFO - Random selection: 1 pods
[2025-11-13T15:33:42.464+0000] {docker.py:438} INFO - Deleting pod: post-storage-service-6797587775-nnhrt
[2025-11-13T15:33:42.464+0000] {docker.py:438} INFO - Deleted 1 pods: ['post-storage-service-6797587775-nnhrt']
[2025-11-13T15:33:42.465+0000] {docker.py:438} INFO - ✅ Successfully restarted pods: ['post-storage-service-6797587775-nnhrt']
[2025-11-13T15:33:42.465+0000] {docker.py:438} INFO - ⏳ Waiting 20 seconds until next restart...
[2025-11-13T15:33:42.466+0000] {docker.py:438} INFO - 📊 Time remaining: 136 seconds
[2025-11-13T15:33:42.466+0000] {docker.py:438} INFO - 
[2025-11-13T15:33:42.466+0000] {docker.py:438} INFO - ==================================================
[2025-11-13T15:33:42.467+0000] {docker.py:438} INFO - 🔄 Restart #10 at 2025-11-13 15:31:59
[2025-11-13T15:33:42.467+0000] {docker.py:438} INFO - ==================================================
[2025-11-13T15:33:42.468+0000] {docker.py:438} INFO - Hello world - terminate function started!
[2025-11-13T15:33:42.468+0000] {docker.py:438} INFO - Selecting pods with label_selector: app=post-storage-service
[2025-11-13T15:33:42.468+0000] {docker.py:438} INFO - Found 2 pods initially
[2025-11-13T15:33:42.469+0000] {docker.py:438} INFO - Random selection: 1 pods
[2025-11-13T15:33:42.469+0000] {docker.py:438} INFO - Deleting pod: post-storage-service-6797587775-vs7bs
[2025-11-13T15:33:42.470+0000] {docker.py:438} INFO - Deleted 1 pods: ['post-storage-service-6797587775-vs7bs']
[2025-11-13T15:33:42.470+0000] {docker.py:438} INFO - ✅ Successfully restarted pods: ['post-storage-service-6797587775-vs7bs']
[2025-11-13T15:33:42.471+0000] {docker.py:438} INFO - ⏳ Waiting 20 seconds until next restart...
[2025-11-13T15:33:42.471+0000] {docker.py:438} INFO - 📊 Time remaining: 115 seconds
[2025-11-13T15:33:42.472+0000] {docker.py:438} INFO - 
[2025-11-13T15:33:42.472+0000] {docker.py:438} INFO - ==================================================
[2025-11-13T15:33:42.472+0000] {docker.py:438} INFO - 🔄 Restart #11 at 2025-11-13 15:32:20
[2025-11-13T15:33:42.473+0000] {docker.py:438} INFO - ==================================================
[2025-11-13T15:33:42.473+0000] {docker.py:438} INFO - Hello world - terminate function started!
[2025-11-13T15:33:42.474+0000] {docker.py:438} INFO - Selecting pods with label_selector: app=post-storage-service
[2025-11-13T15:33:42.474+0000] {docker.py:438} INFO - Found 2 pods initially
[2025-11-13T15:33:42.475+0000] {docker.py:438} INFO - Random selection: 1 pods
[2025-11-13T15:33:42.475+0000] {docker.py:438} INFO - Deleting pod: post-storage-service-6797587775-vs7bs
[2025-11-13T15:33:42.475+0000] {docker.py:438} INFO - Deleted 1 pods: ['post-storage-service-6797587775-vs7bs']
[2025-11-13T15:33:42.476+0000] {docker.py:438} INFO - ✅ Successfully restarted pods: ['post-storage-service-6797587775-vs7bs']
[2025-11-13T15:33:42.476+0000] {docker.py:438} INFO - ⏳ Waiting 20 seconds until next restart...
[2025-11-13T15:33:42.477+0000] {docker.py:438} INFO - 📊 Time remaining: 95 seconds
[2025-11-13T15:33:42.477+0000] {docker.py:438} INFO - 
[2025-11-13T15:33:42.478+0000] {docker.py:438} INFO - ==================================================
[2025-11-13T15:33:42.478+0000] {docker.py:438} INFO - 🔄 Restart #12 at 2025-11-13 15:32:40
[2025-11-13T15:33:42.478+0000] {docker.py:438} INFO - ==================================================
[2025-11-13T15:33:42.479+0000] {docker.py:438} INFO - Hello world - terminate function started!
[2025-11-13T15:33:42.479+0000] {docker.py:438} INFO - Selecting pods with label_selector: app=post-storage-service
[2025-11-13T15:33:42.480+0000] {docker.py:438} INFO - Found 1 pods initially
[2025-11-13T15:33:42.480+0000] {docker.py:438} INFO - Random selection: 1 pods
[2025-11-13T15:33:42.480+0000] {docker.py:438} INFO - Deleting pod: post-storage-service-6797587775-4cf7d
[2025-11-13T15:33:42.481+0000] {docker.py:438} INFO - Deleted 1 pods: ['post-storage-service-6797587775-4cf7d']
[2025-11-13T15:33:42.481+0000] {docker.py:438} INFO - ✅ Successfully restarted pods: ['post-storage-service-6797587775-4cf7d']
[2025-11-13T15:33:42.482+0000] {docker.py:438} INFO - ⏳ Waiting 20 seconds until next restart...
[2025-11-13T15:33:42.482+0000] {docker.py:438} INFO - 📊 Time remaining: 74 seconds
[2025-11-13T15:33:42.482+0000] {docker.py:438} INFO - 
[2025-11-13T15:33:42.483+0000] {docker.py:438} INFO - ==================================================
[2025-11-13T15:33:42.483+0000] {docker.py:438} INFO - 🔄 Restart #13 at 2025-11-13 15:33:01
[2025-11-13T15:33:42.484+0000] {docker.py:438} INFO - ==================================================
[2025-11-13T15:33:42.484+0000] {docker.py:438} INFO - Hello world - terminate function started!
[2025-11-13T15:33:42.485+0000] {docker.py:438} INFO - Selecting pods with label_selector: app=post-storage-service
[2025-11-13T15:33:42.485+0000] {docker.py:438} INFO - Found 2 pods initially
[2025-11-13T15:33:42.486+0000] {docker.py:438} INFO - Random selection: 1 pods
[2025-11-13T15:33:42.486+0000] {docker.py:438} INFO - Deleting pod: post-storage-service-6797587775-4cf7d
[2025-11-13T15:33:42.486+0000] {docker.py:438} INFO - Deleted 1 pods: ['post-storage-service-6797587775-4cf7d']
[2025-11-13T15:33:42.487+0000] {docker.py:438} INFO - ✅ Successfully restarted pods: ['post-storage-service-6797587775-4cf7d']
[2025-11-13T15:33:42.487+0000] {docker.py:438} INFO - ⏳ Waiting 20 seconds until next restart...
[2025-11-13T15:33:42.488+0000] {docker.py:438} INFO - 📊 Time remaining: 54 seconds
[2025-11-13T15:33:42.488+0000] {docker.py:438} INFO - 
[2025-11-13T15:33:42.488+0000] {docker.py:438} INFO - ==================================================
[2025-11-13T15:33:42.489+0000] {docker.py:438} INFO - 🔄 Restart #14 at 2025-11-13 15:33:21
[2025-11-13T15:33:42.489+0000] {docker.py:438} INFO - ==================================================
[2025-11-13T15:33:42.490+0000] {docker.py:438} INFO - Hello world - terminate function started!
[2025-11-13T15:33:42.490+0000] {docker.py:438} INFO - Selecting pods with label_selector: app=post-storage-service
[2025-11-13T15:33:42.491+0000] {docker.py:438} INFO - Found 1 pods initially
[2025-11-13T15:33:42.491+0000] {docker.py:438} INFO - Random selection: 1 pods
[2025-11-13T15:33:42.491+0000] {docker.py:438} INFO - Deleting pod: post-storage-service-6797587775-6jrxr
[2025-11-13T15:33:42.492+0000] {docker.py:438} INFO - Deleted 1 pods: ['post-storage-service-6797587775-6jrxr']
[2025-11-13T15:33:42.492+0000] {docker.py:438} INFO - ✅ Successfully restarted pods: ['post-storage-service-6797587775-6jrxr']
[2025-11-13T15:33:42.493+0000] {docker.py:438} INFO - ⏳ Waiting 20 seconds until next restart...
[2025-11-13T15:33:42.493+0000] {docker.py:438} INFO - 📊 Time remaining: 33 seconds
[2025-11-13T15:33:42.494+0000] {docker.py:438} INFO - 
[2025-11-13T15:33:42.494+0000] {docker.py:438} INFO - ==================================================
[2025-11-13T15:33:42.494+0000] {docker.py:438} INFO - 🔄 Restart #15 at 2025-11-13 15:33:42
[2025-11-13T15:33:42.495+0000] {docker.py:438} INFO - ==================================================
[2025-11-13T15:33:42.495+0000] {docker.py:438} INFO - Hello world - terminate function started!
[2025-11-13T15:33:42.496+0000] {docker.py:438} INFO - Selecting pods with label_selector: app=post-storage-service
[2025-11-13T15:33:42.787+0000] {docker.py:438} INFO - [32m[2025-11-13 15:33:42 INFO] Let's rollback...
[2025-11-13T15:33:42.790+0000] {docker.py:438} INFO - [32m[2025-11-13 15:33:42 INFO] Rollback: uncordon-all-nodes
[2025-11-13T15:33:42.791+0000] {docker.py:438} INFO - [32m[2025-11-13 15:33:42 INFO] Action: uncordon-all-nodes
[2025-11-13T15:33:43.885+0000] {docker.py:438} INFO - [32m[2025-11-13 15:33:43 INFO] Experiment ended with status: completed
[2025-11-13T15:33:43.887+0000] {docker.py:438} INFO - Found 2 pods initially
[2025-11-13T15:33:43.888+0000] {docker.py:438} INFO - Random selection: 1 pods
[2025-11-13T15:33:43.888+0000] {docker.py:438} INFO - Deleting pod: post-storage-service-6797587775-6jrxr
[2025-11-13T15:33:43.889+0000] {docker.py:438} INFO - Deleted 1 pods: ['post-storage-service-6797587775-6jrxr']
[2025-11-13T15:33:43.891+0000] {docker.py:438} INFO - ✅ Successfully restarted pods: ['post-storage-service-6797587775-6jrxr']
[2025-11-13T15:33:43.892+0000] {docker.py:438} INFO - ⏰ Less than 20 seconds remaining, stopping experiment
[2025-11-13T15:33:43.892+0000] {docker.py:438} INFO - 
[2025-11-13T15:33:43.893+0000] {docker.py:438} INFO - ==================================================
[2025-11-13T15:33:43.893+0000] {docker.py:438} INFO - 🏁 Experiment Completed!
[2025-11-13T15:33:43.894+0000] {docker.py:438} INFO - ==================================================
[2025-11-13T15:33:43.894+0000] {docker.py:438} INFO - 📈 Total restarts performed: 15
[2025-11-13T15:33:43.897+0000] {docker.py:438} INFO - ⏱️  Total duration: 287 seconds
[2025-11-13T15:33:43.897+0000] {docker.py:438} INFO - 📊 Average interval: 19.1 seconds
[2025-11-13T15:33:44.936+0000] {taskinstance.py:340} INFO - ::group::Post task execution logs
[2025-11-13T15:33:44.938+0000] {taskinstance.py:352} INFO - Marking task as SUCCESS. dag_id=Cordon_Uncordon_Node, task_id=apply_cordon_uncordon_node, run_id=manual__2025-11-13T15:26:37.537896+00:00, execution_date=20251113T152637, start_date=20251113T152639, end_date=20251113T153344
[2025-11-13T15:33:45.033+0000] {local_task_job_runner.py:266} INFO - Task exited with return code 0
[2025-11-13T15:33:45.068+0000] {taskinstance.py:3900} INFO - 0 downstream tasks scheduled from follow-on schedule check
[2025-11-13T15:33:45.072+0000] {local_task_job_runner.py:245} INFO - ::endgroup::
