[2025-10-31T02:24:24.161+0000] {local_task_job_runner.py:123} INFO - ::group::Pre task execution logs
[2025-10-31T02:24:24.187+0000] {taskinstance.py:2612} INFO - Dependencies all met for dep_context=non-requeueable deps ti=<TaskInstance: Reinitialize_Application.apply_container_restart_docker manual__2025-10-31T02:24:22.403888+00:00 [queued]>
[2025-10-31T02:24:24.199+0000] {taskinstance.py:2612} INFO - Dependencies all met for dep_context=requeueable deps ti=<TaskInstance: Reinitialize_Application.apply_container_restart_docker manual__2025-10-31T02:24:22.403888+00:00 [queued]>
[2025-10-31T02:24:24.200+0000] {taskinstance.py:2865} INFO - Starting attempt 1 of 1
[2025-10-31T02:24:24.231+0000] {taskinstance.py:2888} INFO - Executing <Task(DockerOperator): apply_container_restart_docker> on 2025-10-31 02:24:22.403888+00:00
[2025-10-31T02:24:24.245+0000] {standard_task_runner.py:72} INFO - Started process 4345 to run task
[2025-10-31T02:24:24.256+0000] {standard_task_runner.py:104} INFO - Running: ['***', 'tasks', 'run', 'Reinitialize_Application', 'apply_container_restart_docker', 'manual__2025-10-31T02:24:22.403888+00:00', '--job-id', '12069', '--raw', '--subdir', 'DAGS_FOLDER/dag_factory.py', '--cfg-path', '/tmp/tmpzw_c03bn']
[2025-10-31T02:24:24.258+0000] {standard_task_runner.py:105} INFO - Job 12069: Subtask apply_container_restart_docker
[2025-10-31T02:24:24.341+0000] {task_command.py:467} INFO - Running <TaskInstance: Reinitialize_Application.apply_container_restart_docker manual__2025-10-31T02:24:22.403888+00:00 [running]> on host workflow.y2twbfvcjkaujnl2bmtbxunhcb.cx.internal.cloudapp.net
[2025-10-31T02:24:24.498+0000] {taskinstance.py:3131} INFO - Exporting env vars: AIRFLOW_CTX_DAG_OWNER='***' AIRFLOW_CTX_DAG_ID='Reinitialize_Application' AIRFLOW_CTX_TASK_ID='apply_container_restart_docker' AIRFLOW_CTX_EXECUTION_DATE='2025-10-31T02:24:22.403888+00:00' AIRFLOW_CTX_TRY_NUMBER='1' AIRFLOW_CTX_DAG_RUN_ID='manual__2025-10-31T02:24:22.403888+00:00'
[2025-10-31T02:24:24.499+0000] {taskinstance.py:731} INFO - ::endgroup::
[2025-10-31T02:24:24.564+0000] {docker.py:367} INFO - Starting docker container from image priyanshu01ce/***_chaos:latest
[2025-10-31T02:24:25.249+0000] {docker.py:438} INFO - The container is run as root user. For security, consider using a regular user account.
[2025-10-31T02:24:43.387+0000] {docker.py:438} INFO - 
[2025-10-31T02:24:43.398+0000] {docker.py:438} INFO - total 3888
[2025-10-31T02:24:43.399+0000] {docker.py:438} INFO - drwxr-xr-x 6    1000 1000    4096 Oct 30 12:29 .
[2025-10-31T02:24:43.399+0000] {docker.py:438} INFO - drwxr-xr-x 1 *** root    4096 Sep 26 10:44 ..
[2025-10-31T02:24:43.400+0000] {docker.py:438} INFO - -rw-r--r-- 1    1000 1000    1193 Sep  8 07:02 API_Latency.json
[2025-10-31T02:24:43.400+0000] {docker.py:438} INFO - -rw-r--r-- 1    1000 1000     729 Sep  9 10:30 API_Timeout.json
[2025-10-31T02:24:43.401+0000] {docker.py:438} INFO - -rw-r--r-- 1    1000 1000    1331 Oct  7 18:22 Continuous_Load_Test_Azure.yaml
[2025-10-31T02:24:43.401+0000] {docker.py:438} INFO - -rw-r--r-- 1    1000 1000    1672 Oct 30 07:48 Memory_Stress_Test_Azure.yaml
[2025-10-31T02:24:43.401+0000] {docker.py:438} INFO - -rw-r--r-- 1    1000 1000    1178 Sep 30 18:19 Stress_Test_Azure.yaml
[2025-10-31T02:24:43.402+0000] {docker.py:438} INFO - drwxrwxr-x 2 root    root    4096 Oct 29 06:31 __pycache__
[2025-10-31T02:24:43.402+0000] {docker.py:438} INFO - drwxrwxr-x 5    1000 1000    4096 Oct 21 08:05 chaos_env
[2025-10-31T02:24:43.403+0000] {docker.py:438} INFO - -rw-r--r-- 1    1000 1000    8875 Sep 25 16:54 chaosk6_actions.py
[2025-10-31T02:24:43.403+0000] {docker.py:438} INFO - -rw-rw-r-- 1    1000 1000 3301388 Oct 31 02:13 chaostoolkit.log
[2025-10-31T02:24:43.403+0000] {docker.py:438} INFO - -rw-rw-r-- 1    1000 1000    1421 Oct 23 09:34 check.py
[2025-10-31T02:24:43.404+0000] {docker.py:438} INFO - -rw-r--r-- 1    1000 1000    3213 Sep  9 09:11 combined-sequential.json
[2025-10-31T02:24:43.405+0000] {docker.py:438} INFO - -rwxrwxr-x 1    1000 1000    1489 Oct 27 06:29 complete_chaos_mesh-cleanup.sh
[2025-10-31T02:24:43.406+0000] {docker.py:438} INFO - -rw-r--r-- 1    1000 1000     502 Sep 16 05:31 connection_test_experiment.json
[2025-10-31T02:24:43.406+0000] {docker.py:438} INFO - -rw-rw-r-- 1    1000 1000     692 Oct 24 01:43 container_probe.json
[2025-10-31T02:24:43.406+0000] {docker.py:438} INFO - -rw-rw-r-- 1    1000 1000    2533 Oct 23 09:28 container_probe.yaml
[2025-10-31T02:24:43.408+0000] {docker.py:438} INFO - -rw-r--r-- 1    1000 1000    1420 Sep 24 06:53 container_restart.json
[2025-10-31T02:24:43.408+0000] {docker.py:438} INFO - -rw-r--r-- 1    1000 1000   16452 Sep 26 09:59 container_restart.py
[2025-10-31T02:24:43.408+0000] {docker.py:438} INFO - -rw-r--r-- 1    1000 1000    1751 Oct 30 08:18 container_restart_Azure.yaml
[2025-10-31T02:24:43.409+0000] {docker.py:438} INFO - -rw-r--r-- 1    1000 1000    1409 Sep 18 12:30 continuous_load_test.json
[2025-10-31T02:24:43.409+0000] {docker.py:438} INFO - -rw-r--r-- 1    1000 1000    1637 Sep 25 10:13 cordon-uncordon-node.json
[2025-10-31T02:24:43.411+0000] {docker.py:438} INFO - -rw-r--r-- 1    1000 1000    1637 Sep 25 04:39 cordon_test.json
[2025-10-31T02:24:43.411+0000] {docker.py:438} INFO - -rw-r--r-- 1    1000 1000    1436 Oct 30 12:28 cordon_uncordon_node_Azure.yaml
[2025-10-31T02:24:43.411+0000] {docker.py:438} INFO - -rw-r--r-- 1    1000 1000    1203 Sep 30 06:51 cpu_stress_ng.json
[2025-10-31T02:24:43.412+0000] {docker.py:438} INFO - -rw-r--r-- 1    1000 1000    1760 Oct 21 08:00 db_cleanup.json
[2025-10-31T02:24:43.412+0000] {docker.py:438} INFO - -rw-r--r-- 1    1000 1000    6399 Sep 24 07:40 db_cleanup.py
[2025-10-31T02:24:43.414+0000] {docker.py:438} INFO - -rw-rw-r-- 1    1000 1000    5855 Oct 28 12:27 direct_memory_stress.py
[2025-10-31T02:24:43.414+0000] {docker.py:438} INFO - -rw-r--r-- 1    1000 1000    2487 Oct 31 02:13 journal.json
[2025-10-31T02:24:43.414+0000] {docker.py:438} INFO - -rw-rw-r-- 1 root    root  374554 Oct 31 02:09 k6_continuous_load.log
[2025-10-31T02:24:43.415+0000] {docker.py:438} INFO - -rw-r--r-- 1    1000 1000    3926 Oct 31 02:09 k6_continuous_summary.json
[2025-10-31T02:24:43.415+0000] {docker.py:438} INFO - -rw-r--r-- 1    1000 1000    3433 Sep 25 09:28 k6_summary.json
[2025-10-31T02:24:43.417+0000] {docker.py:438} INFO - -rw-r--r-- 1    1000 1000     989 Sep 30 09:24 kubernetes_actions.json
[2025-10-31T02:24:43.417+0000] {docker.py:438} INFO - -rw-r--r-- 1    1000 1000   10961 Sep 30 09:23 kubernetes_actions.py
[2025-10-31T02:24:43.417+0000] {docker.py:438} INFO - -rw-r--r-- 1    1000 1000     945 Sep 21 16:40 load_test.json
[2025-10-31T02:24:43.418+0000] {docker.py:438} INFO - -rw-r--r-- 1    1000 1000     528 Sep 17 12:13 max_connection_experiment.json
[2025-10-31T02:24:43.418+0000] {docker.py:438} INFO - -rw-r--r-- 1    1000 1000    1227 Sep 13 15:20 memory-stress-rollback.json
[2025-10-31T02:24:43.419+0000] {docker.py:438} INFO - -rw-rw-r-- 1    1000 1000    1066 Oct 30 12:27 memory_stress.json
[2025-10-31T02:24:43.419+0000] {docker.py:438} INFO - -rw-rw-r-- 1    1000 1000    6653 Oct 29 06:18 memory_stress.py
[2025-10-31T02:24:43.419+0000] {docker.py:438} INFO - -rw-r--r-- 1    1000 1000    1421 Sep 29 05:20 mongo_db_container_restart.json
[2025-10-31T02:24:43.420+0000] {docker.py:438} INFO - -rw-r--r-- 1    1000 1000    7586 Sep 18 05:54 mongodb_actions.py
[2025-10-31T02:24:43.420+0000] {docker.py:438} INFO - -rw-r--r-- 1    1000 1000    2136 Sep 18 11:23 mongodb_connection.json
[2025-10-31T02:24:43.423+0000] {docker.py:438} INFO - -rw-r--r-- 1    1000 1000     597 Sep 16 09:17 mongodb_network_latency_experiment.json
[2025-10-31T02:24:43.423+0000] {docker.py:438} INFO - -rw-r--r-- 1    1000 1000    3657 Sep 18 05:42 mongodb_probes.py
[2025-10-31T02:24:43.423+0000] {docker.py:438} INFO - -rw-r--r-- 1    1000 1000    6161 Sep 12 08:04 pod_restart.py
[2025-10-31T02:24:43.424+0000] {docker.py:438} INFO - -rw-r--r-- 1    1000 1000    1497 Sep 30 05:50 redis_config_faults.py
[2025-10-31T02:24:43.424+0000] {docker.py:438} INFO - -rw-r--r-- 1    1000 1000     862 Sep 30 05:50 redis_experiment.json
[2025-10-31T02:24:43.425+0000] {docker.py:438} INFO - -rw-r--r-- 1    1000 1000     945 Sep 18 06:53 redis_load.json
[2025-10-31T02:24:43.425+0000] {docker.py:438} INFO - -rw-r--r-- 1    1000 1000    1641 Oct 30 12:29 redis_memory_stress_Azure.yaml
[2025-10-31T02:24:43.425+0000] {docker.py:438} INFO - -rw-rw-r-- 1    1000 1000    1333 Oct 21 09:39 reinitialize_application.yaml
[2025-10-31T02:24:43.426+0000] {docker.py:438} INFO - -rw-r--r-- 1    1000 1000    1284 Sep 25 10:53 run_load_test_with_cleanup.py
[2025-10-31T02:24:43.426+0000] {docker.py:438} INFO - -rw-rw-r-- 1    1000 1000    1307 Oct 27 10:33 sample_probe.yaml
[2025-10-31T02:24:43.426+0000] {docker.py:438} INFO - drwxr-xr-x 2    1000 1000    4096 Oct 22 06:46 scripts
[2025-10-31T02:24:43.428+0000] {docker.py:438} INFO - -rw-rw-r-- 1    1000 1000     272 Oct 27 08:51 simple-stress-test.yaml
[2025-10-31T02:24:43.428+0000] {docker.py:438} INFO - drwxr-xr-x 4    1000 1000    4096 Sep 30 09:41 socialNetwork
[2025-10-31T02:24:43.429+0000] {docker.py:438} INFO - -rw-r--r-- 1    1000 1000     821 Sep 26 13:20 stress_test.json
[2025-10-31T02:24:43.429+0000] {docker.py:438} INFO - -rw-rw-r-- 1    1000 1000     301 Oct 27 08:46 test-stress-fixed.yaml
[2025-10-31T02:24:43.430+0000] {docker.py:438} INFO - -rw-rw-r-- 1    1000 1000     295 Oct 27 08:49 test_after_fix.yaml
[2025-10-31T02:24:43.430+0000] {docker.py:438} INFO - -rw-r--r-- 1    1000 1000     367 Sep 17 07:24 test_params.json
[2025-10-31T02:24:43.430+0000] {docker.py:438} INFO - Starting Reinitializing the Social Networking Application...
[2025-10-31T02:24:44.397+0000] {docker.py:438} INFO - [32m[2025-10-31 02:24:44 INFO] Validating the experiment's syntax
[2025-10-31T02:24:44.907+0000] {docker.py:438} INFO - [32m[2025-10-31 02:24:44 INFO] Experiment looks valid
[2025-10-31T02:24:44.909+0000] {docker.py:438} INFO - [32m[2025-10-31 02:24:44 INFO] Running experiment: Simple Social Network Reset
[2025-10-31T02:24:44.914+0000] {docker.py:438} INFO - [32m[2025-10-31 02:24:44 INFO] Steady-state strategy: default
[2025-10-31T02:24:44.915+0000] {docker.py:438} INFO - [32m[2025-10-31 02:24:44 INFO] Rollbacks strategy: default
[2025-10-31T02:24:44.916+0000] {docker.py:438} INFO - [32m[2025-10-31 02:24:44 INFO] No steady state hypothesis defined. That's ok, just exploring.
[2025-10-31T02:24:44.917+0000] {docker.py:438} INFO - [32m[2025-10-31 02:24:44 INFO] Playing your experiment's method now...
[2025-10-31T02:24:44.918+0000] {docker.py:438} INFO - [32m[2025-10-31 02:24:44 INFO] Action: complete-reset-and-reinit
[2025-10-31T02:24:44.919+0000] {docker.py:438} INFO - INFO:kubernetes_actions:Starting complete reset and reinitialization...
[2025-10-31T02:24:44.919+0000] {docker.py:438} INFO - INFO:kubernetes_actions:Starting full social network reset...
[2025-10-31T02:24:44.928+0000] {docker.py:438} INFO - INFO:kubernetes_actions:Clearing Redis data...
[2025-10-31T02:24:44.971+0000] {docker.py:438} INFO - INFO:kubernetes_actions:Loaded local Kubernetes config
[2025-10-31T02:24:45.001+0000] {docker.py:438} INFO - INFO:kubernetes_actions:Loaded local Kubernetes config
[2025-10-31T02:24:45.326+0000] {docker.py:438} INFO - INFO:kubernetes_actions:Found running pod: social-graph-redis-64bd79b48b-gpwdg for deployment: social-graph-redis
[2025-10-31T02:24:45.328+0000] {docker.py:438} INFO - INFO:kubernetes_actions:Executing command in pod social-graph-redis-64bd79b48b-gpwdg, container social-graph-redis: redis-cli FLUSHALL
[2025-10-31T02:24:46.761+0000] {docker.py:438} INFO - INFO:kubernetes_actions:Command executed successfully. Output: OK
[2025-10-31T02:24:46.880+0000] {docker.py:438} INFO - INFO:kubernetes_actions:Loaded local Kubernetes config
[2025-10-31T02:24:46.939+0000] {docker.py:438} INFO - INFO:kubernetes_actions:Loaded local Kubernetes config
[2025-10-31T02:24:47.296+0000] {docker.py:438} INFO - INFO:kubernetes_actions:Found running pod: home-timeline-redis-744dd9998f-xqjsk for deployment: home-timeline-redis
[2025-10-31T02:24:47.298+0000] {docker.py:438} INFO - INFO:kubernetes_actions:Executing command in pod home-timeline-redis-744dd9998f-xqjsk, container home-timeline-redis: redis-cli FLUSHALL
[2025-10-31T02:24:49.045+0000] {docker.py:438} INFO - INFO:kubernetes_actions:Command executed successfully. Output: OK
[2025-10-31T02:24:49.112+0000] {docker.py:438} INFO - INFO:kubernetes_actions:Loaded local Kubernetes config
[2025-10-31T02:24:49.137+0000] {docker.py:438} INFO - INFO:kubernetes_actions:Loaded local Kubernetes config
[2025-10-31T02:24:49.439+0000] {docker.py:438} INFO - INFO:kubernetes_actions:Found running pod: user-timeline-redis-7b8f6ff4fb-5s87m for deployment: user-timeline-redis
[2025-10-31T02:24:49.441+0000] {docker.py:438} INFO - INFO:kubernetes_actions:Executing command in pod user-timeline-redis-7b8f6ff4fb-5s87m, container user-timeline-redis: redis-cli FLUSHALL
[2025-10-31T02:24:50.806+0000] {docker.py:438} INFO - INFO:kubernetes_actions:Command executed successfully. Output: OK
[2025-10-31T02:24:50.808+0000] {docker.py:438} INFO - 
[2025-10-31T02:24:50.809+0000] {docker.py:438} INFO - INFO:kubernetes_actions:Clearing Memcached data...
[2025-10-31T02:24:50.827+0000] {docker.py:438} INFO - INFO:kubernetes_actions:Loaded local Kubernetes config
[2025-10-31T02:24:50.845+0000] {docker.py:438} INFO - INFO:kubernetes_actions:Loaded local Kubernetes config
[2025-10-31T02:24:51.138+0000] {docker.py:438} INFO - INFO:kubernetes_actions:Found running pod: post-storage-memcached-67c6cc65cc-j4jdz for deployment: post-storage-memcached
[2025-10-31T02:24:51.139+0000] {docker.py:438} INFO - INFO:kubernetes_actions:Executing command in pod post-storage-memcached-67c6cc65cc-j4jdz, container post-storage-memcached: sh -c echo 'flush_all' | nc localhost 11211
[2025-10-31T02:24:52.585+0000] {docker.py:438} INFO - INFO:kubernetes_actions:Command executed successfully. Output: sh: 1: nc: not found
[2025-10-31T02:24:52.626+0000] {docker.py:438} INFO - INFO:kubernetes_actions:Loaded local Kubernetes config
[2025-10-31T02:24:52.647+0000] {docker.py:438} INFO - INFO:kubernetes_actions:Loaded local Kubernetes config
[2025-10-31T02:24:52.969+0000] {docker.py:438} INFO - INFO:kubernetes_actions:Found running pod: user-memcached-56f89988c-nxdzl for deployment: user-memcached
[2025-10-31T02:24:52.970+0000] {docker.py:438} INFO - INFO:kubernetes_actions:Executing command in pod user-memcached-56f89988c-nxdzl, container user-memcached: sh -c echo 'flush_all' | nc localhost 11211
[2025-10-31T02:24:54.444+0000] {docker.py:438} INFO - INFO:kubernetes_actions:Command executed successfully. Output: sh: 1: nc: not found
[2025-10-31T02:24:54.445+0000] {docker.py:438} INFO - 
[2025-10-31T02:24:54.445+0000] {docker.py:438} INFO - INFO:kubernetes_actions:Dropping MongoDB databases...
[2025-10-31T02:24:54.462+0000] {docker.py:438} INFO - INFO:kubernetes_actions:Loaded local Kubernetes config
[2025-10-31T02:24:54.479+0000] {docker.py:438} INFO - INFO:kubernetes_actions:Loaded local Kubernetes config
[2025-10-31T02:24:54.844+0000] {docker.py:438} INFO - INFO:kubernetes_actions:Found running pod: post-storage-mongodb-7f7657964c-b2fld for deployment: post-storage-mongodb
[2025-10-31T02:24:54.846+0000] {docker.py:438} INFO - INFO:kubernetes_actions:Executing command in pod post-storage-mongodb-7f7657964c-b2fld, container post-storage-mongodb: mongo --eval db.getSiblingDB('post').dropDatabase()
[2025-10-31T02:24:56.496+0000] {docker.py:438} INFO - INFO:kubernetes_actions:Command executed successfully. Output: MongoDB shell version v4.4.6
[2025-10-31T02:24:56.497+0000] {docker.py:438} INFO - connecting to: mongodb://127.0.0.1:27017/?compressors=disabled&gssapiServiceName=mongodb
[2025-10-31T02:24:56.497+0000] {docker.py:438} INFO - Implicit session: session { "id" : UUID("9af1619b-93ec-4b04-8392-b08f6c1d0232") }
[2025-10-31T02:24:56.498+0000] {docker.py:438} INFO - MongoDB server version: 4.4.6
[2025-10-31T02:24:56.498+0000] {docker.py:438} INFO - { "dropped" : "post", "ok" : 1 }
[2025-10-31T02:24:56.514+0000] {docker.py:438} INFO - INFO:kubernetes_actions:Loaded local Kubernetes config
[2025-10-31T02:24:56.533+0000] {docker.py:438} INFO - INFO:kubernetes_actions:Loaded local Kubernetes config
[2025-10-31T02:24:56.927+0000] {docker.py:438} INFO - INFO:kubernetes_actions:Found running pod: post-storage-mongodb-7f7657964c-b2fld for deployment: post-storage-mongodb
[2025-10-31T02:24:56.929+0000] {docker.py:438} INFO - INFO:kubernetes_actions:Executing command in pod post-storage-mongodb-7f7657964c-b2fld, container post-storage-mongodb: mongo --eval db.getSiblingDB('READ__ME_TO_RECOVER_YOUR_DATA').dropDatabase()
[2025-10-31T02:24:58.500+0000] {docker.py:438} INFO - INFO:kubernetes_actions:Command executed successfully. Output: MongoDB shell version v4.4.6
[2025-10-31T02:24:58.501+0000] {docker.py:438} INFO - connecting to: mongodb://127.0.0.1:27017/?compressors=disabled&gssapiServiceName=mongodb
[2025-10-31T02:24:58.501+0000] {docker.py:438} INFO - Implicit session: session { "id" : UUID("0d7c3510-5e3a-4252-bb9d-00b46651533c") }
[2025-10-31T02:24:58.502+0000] {docker.py:438} INFO - MongoDB server version: 4.4.6
[2025-10-31T02:24:58.504+0000] {docker.py:438} INFO - { "ok" : 1 }
[2025-10-31T02:24:58.519+0000] {docker.py:438} INFO - INFO:kubernetes_actions:Loaded local Kubernetes config
[2025-10-31T02:24:58.537+0000] {docker.py:438} INFO - INFO:kubernetes_actions:Loaded local Kubernetes config
[2025-10-31T02:24:58.799+0000] {docker.py:438} INFO - INFO:kubernetes_actions:Found running pod: user-mongodb-f95b7d968-tqlld for deployment: user-mongodb
[2025-10-31T02:24:58.800+0000] {docker.py:438} INFO - INFO:kubernetes_actions:Executing command in pod user-mongodb-f95b7d968-tqlld, container user-mongodb: mongo --eval db.getSiblingDB('user').dropDatabase()
[2025-10-31T02:25:00.436+0000] {docker.py:438} INFO - INFO:kubernetes_actions:Command executed successfully. Output: MongoDB shell version v4.4.6
[2025-10-31T02:25:00.437+0000] {docker.py:438} INFO - connecting to: mongodb://127.0.0.1:27017/?compressors=disabled&gssapiServiceName=mongodb
[2025-10-31T02:25:00.438+0000] {docker.py:438} INFO - Implicit session: session { "id" : UUID("a59371a3-60aa-430c-b415-a9fbe9d12479") }
[2025-10-31T02:25:00.438+0000] {docker.py:438} INFO - MongoDB server version: 4.4.6
[2025-10-31T02:25:00.439+0000] {docker.py:438} INFO - { "dropped" : "user", "ok" : 1 }
[2025-10-31T02:25:00.456+0000] {docker.py:438} INFO - INFO:kubernetes_actions:Loaded local Kubernetes config
[2025-10-31T02:25:00.474+0000] {docker.py:438} INFO - INFO:kubernetes_actions:Loaded local Kubernetes config
[2025-10-31T02:25:00.759+0000] {docker.py:438} INFO - INFO:kubernetes_actions:Found running pod: user-mongodb-f95b7d968-tqlld for deployment: user-mongodb
[2025-10-31T02:25:00.761+0000] {docker.py:438} INFO - INFO:kubernetes_actions:Executing command in pod user-mongodb-f95b7d968-tqlld, container user-mongodb: mongo --eval db.getSiblingDB('READ__ME_TO_RECOVER_YOUR_DATA').dropDatabase()
[2025-10-31T02:25:02.341+0000] {docker.py:438} INFO - INFO:kubernetes_actions:Command executed successfully. Output: MongoDB shell version v4.4.6
[2025-10-31T02:25:02.341+0000] {docker.py:438} INFO - connecting to: mongodb://127.0.0.1:27017/?compressors=disabled&gssapiServiceName=mongodb
[2025-10-31T02:25:02.343+0000] {docker.py:438} INFO - Implicit session: session { "id" : UUID("b5a04220-fe52-4566-b061-0b789619dbd1") }
[2025-10-31T02:25:02.343+0000] {docker.py:438} INFO - MongoDB server version: 4.4.6
[2025-10-31T02:25:02.345+0000] {docker.py:438} INFO - { "ok" : 1 }
[2025-10-31T02:25:02.361+0000] {docker.py:438} INFO - INFO:kubernetes_actions:Loaded local Kubernetes config
[2025-10-31T02:25:02.379+0000] {docker.py:438} INFO - INFO:kubernetes_actions:Loaded local Kubernetes config
[2025-10-31T02:25:02.656+0000] {docker.py:438} INFO - INFO:kubernetes_actions:Found running pod: social-graph-mongodb-77fd77d9f4-jj4vn for deployment: social-graph-mongodb
[2025-10-31T02:25:02.657+0000] {docker.py:438} INFO - INFO:kubernetes_actions:Executing command in pod social-graph-mongodb-77fd77d9f4-jj4vn, container social-graph-mongodb: mongo --eval db.getSiblingDB('social-graph').dropDatabase()
[2025-10-31T02:25:04.242+0000] {docker.py:438} INFO - INFO:kubernetes_actions:Command executed successfully. Output: MongoDB shell version v4.4.6
[2025-10-31T02:25:04.243+0000] {docker.py:438} INFO - connecting to: mongodb://127.0.0.1:27017/?compressors=disabled&gssapiServiceName=mongodb
[2025-10-31T02:25:04.243+0000] {docker.py:438} INFO - Implicit session: session { "id" : UUID("6a6d9f85-5367-4239-947a-596c25eac4c7") }
[2025-10-31T02:25:04.245+0000] {docker.py:438} INFO - MongoDB server version: 4.4.6
[2025-10-31T02:25:04.245+0000] {docker.py:438} INFO - { "dropped" : "social-graph", "ok" : 1 }
[2025-10-31T02:25:04.282+0000] {docker.py:438} INFO - INFO:kubernetes_actions:Loaded local Kubernetes config
[2025-10-31T02:25:04.314+0000] {docker.py:438} INFO - INFO:kubernetes_actions:Loaded local Kubernetes config
[2025-10-31T02:25:04.602+0000] {docker.py:438} INFO - INFO:kubernetes_actions:Found running pod: social-graph-mongodb-77fd77d9f4-jj4vn for deployment: social-graph-mongodb
[2025-10-31T02:25:04.604+0000] {docker.py:438} INFO - INFO:kubernetes_actions:Executing command in pod social-graph-mongodb-77fd77d9f4-jj4vn, container social-graph-mongodb: mongo --eval db.getSiblingDB('READ__ME_TO_RECOVER_YOUR_DATA').dropDatabase()
[2025-10-31T02:25:06.151+0000] {docker.py:438} INFO - INFO:kubernetes_actions:Command executed successfully. Output: MongoDB shell version v4.4.6
[2025-10-31T02:25:06.152+0000] {docker.py:438} INFO - connecting to: mongodb://127.0.0.1:27017/?compressors=disabled&gssapiServiceName=mongodb
[2025-10-31T02:25:06.152+0000] {docker.py:438} INFO - Implicit session: session { "id" : UUID("526ad767-9116-4364-a2c8-faf90bc2ff76") }
[2025-10-31T02:25:06.155+0000] {docker.py:438} INFO - MongoDB server version: 4.4.6
[2025-10-31T02:25:06.155+0000] {docker.py:438} INFO - { "ok" : 1 }
[2025-10-31T02:25:06.198+0000] {docker.py:438} INFO - INFO:kubernetes_actions:Loaded local Kubernetes config
[2025-10-31T02:25:06.217+0000] {docker.py:438} INFO - INFO:kubernetes_actions:Loaded local Kubernetes config
[2025-10-31T02:25:06.527+0000] {docker.py:438} INFO - INFO:kubernetes_actions:Found running pod: user-timeline-mongodb-6ff9797bfc-lz2wj for deployment: user-timeline-mongodb
[2025-10-31T02:25:06.534+0000] {docker.py:438} INFO - INFO:kubernetes_actions:Executing command in pod user-timeline-mongodb-6ff9797bfc-lz2wj, container user-timeline-mongodb: mongo --eval db.getSiblingDB('user-timeline').dropDatabase()
[2025-10-31T02:25:09.025+0000] {docker.py:438} INFO - INFO:kubernetes_actions:Command executed successfully. Output: MongoDB shell version v4.4.6
[2025-10-31T02:25:09.025+0000] {docker.py:438} INFO - connecting to: mongodb://127.0.0.1:27017/?compressors=disabled&gssapiServiceName=mongodb
[2025-10-31T02:25:09.026+0000] {docker.py:438} INFO - Implicit session: session { "id" : UUID("f9bac094-c314-47fb-a593-ceb3f754c95f") }
[2025-10-31T02:25:09.026+0000] {docker.py:438} INFO - MongoDB server version: 4.4.6
[2025-10-31T02:25:09.028+0000] {docker.py:438} INFO - { "ok" : 1 }
[2025-10-31T02:25:09.069+0000] {docker.py:438} INFO - INFO:kubernetes_actions:Loaded local Kubernetes config
[2025-10-31T02:25:09.093+0000] {docker.py:438} INFO - INFO:kubernetes_actions:Loaded local Kubernetes config
[2025-10-31T02:25:09.451+0000] {docker.py:438} INFO - INFO:kubernetes_actions:Found running pod: user-timeline-mongodb-6ff9797bfc-lz2wj for deployment: user-timeline-mongodb
[2025-10-31T02:25:09.453+0000] {docker.py:438} INFO - INFO:kubernetes_actions:Executing command in pod user-timeline-mongodb-6ff9797bfc-lz2wj, container user-timeline-mongodb: mongo --eval db.getSiblingDB('READ__ME_TO_RECOVER_YOUR_DATA').dropDatabase()
[2025-10-31T02:25:11.694+0000] {docker.py:438} INFO - INFO:kubernetes_actions:Command executed successfully. Output: MongoDB shell version v4.4.6
[2025-10-31T02:25:11.695+0000] {docker.py:438} INFO - connecting to: mongodb://127.0.0.1:27017/?compressors=disabled&gssapiServiceName=mongodb
[2025-10-31T02:25:11.696+0000] {docker.py:438} INFO - Implicit session: session { "id" : UUID("4f4e7918-7029-4301-b3d7-152d94b4c7ba") }
[2025-10-31T02:25:11.696+0000] {docker.py:438} INFO - MongoDB server version: 4.4.6
[2025-10-31T02:25:11.697+0000] {docker.py:438} INFO - { "ok" : 1 }
[2025-10-31T02:25:11.697+0000] {docker.py:438} INFO - 
[2025-10-31T02:25:11.697+0000] {docker.py:438} INFO - INFO:kubernetes_actions:Full social network reset completed
[2025-10-31T02:25:16.718+0000] {docker.py:438} INFO - INFO:kubernetes_actions:Loaded local Kubernetes config
[2025-10-31T02:25:16.721+0000] {docker.py:438} INFO - INFO:kubernetes_actions:Restarting deployment: social-graph-service
[2025-10-31T02:25:17.130+0000] {docker.py:438} INFO - INFO:kubernetes_actions:✅ Successfully restarted social-graph-service
[2025-10-31T02:25:17.131+0000] {docker.py:438} INFO - INFO:kubernetes_actions:Restarting deployment: user-service
[2025-10-31T02:25:17.391+0000] {docker.py:438} INFO - INFO:kubernetes_actions:✅ Successfully restarted user-service
[2025-10-31T02:25:17.392+0000] {docker.py:438} INFO - INFO:kubernetes_actions:Restarting deployment: post-storage-service
[2025-10-31T02:25:17.651+0000] {docker.py:438} INFO - INFO:kubernetes_actions:✅ Successfully restarted post-storage-service
[2025-10-31T02:25:17.655+0000] {docker.py:438} INFO - INFO:kubernetes_actions:Restarting deployment: compose-post-service
[2025-10-31T02:25:17.867+0000] {docker.py:438} INFO - INFO:kubernetes_actions:✅ Successfully restarted compose-post-service
[2025-10-31T02:25:17.868+0000] {docker.py:438} INFO - INFO:kubernetes_actions:Restarting deployment: home-timeline-service
[2025-10-31T02:25:18.076+0000] {docker.py:438} INFO - INFO:kubernetes_actions:✅ Successfully restarted home-timeline-service
[2025-10-31T02:25:18.077+0000] {docker.py:438} INFO - INFO:kubernetes_actions:Restarting deployment: user-timeline-service
[2025-10-31T02:25:18.281+0000] {docker.py:438} INFO - INFO:kubernetes_actions:✅ Successfully restarted user-timeline-service
[2025-10-31T02:25:18.282+0000] {docker.py:438} INFO - INFO:kubernetes_actions:Restarting deployment: nginx-thrift
[2025-10-31T02:25:18.623+0000] {docker.py:438} INFO - INFO:kubernetes_actions:✅ Successfully restarted nginx-thrift
[2025-10-31T02:25:18.625+0000] {docker.py:438} INFO - INFO:kubernetes_actions:Restarting deployment: text-service
[2025-10-31T02:25:18.852+0000] {docker.py:438} INFO - INFO:kubernetes_actions:✅ Successfully restarted text-service
[2025-10-31T02:25:18.853+0000] {docker.py:438} INFO - INFO:kubernetes_actions:Restarting deployment: unique-id-service
[2025-10-31T02:25:19.332+0000] {docker.py:438} INFO - INFO:kubernetes_actions:✅ Successfully restarted unique-id-service
[2025-10-31T02:25:19.333+0000] {docker.py:438} INFO - INFO:kubernetes_actions:Restarting deployment: user-mention-service
[2025-10-31T02:25:19.833+0000] {docker.py:438} INFO - INFO:kubernetes_actions:✅ Successfully restarted user-mention-service
[2025-10-31T02:25:19.834+0000] {docker.py:438} INFO - INFO:kubernetes_actions:Waiting 90 seconds for services to restart...
[2025-10-31T02:26:49.835+0000] {docker.py:438} INFO - INFO:kubernetes_actions:Reinitializing social network data...
[2025-10-31T02:32:59.311+0000] {docker.py:438} INFO - INFO:kubernetes_actions:Social network reinitialization completed successfully
[2025-10-31T02:32:59.313+0000] {docker.py:438} INFO - [32m[2025-10-31 02:32:59 INFO] Let's rollback...
[2025-10-31T02:32:59.313+0000] {docker.py:438} INFO - [32m[2025-10-31 02:32:59 INFO] No declared rollbacks, let's move on.
[2025-10-31T02:32:59.313+0000] {docker.py:438} INFO - [32m[2025-10-31 02:32:59 INFO] Experiment ended with status: completed
[2025-10-31T02:32:59.425+0000] {docker.py:438} INFO - Reinitialized Social Networking APplication successfully
[2025-10-31T02:32:59.651+0000] {taskinstance.py:340} INFO - ::group::Post task execution logs
[2025-10-31T02:32:59.652+0000] {taskinstance.py:352} INFO - Marking task as SUCCESS. dag_id=Reinitialize_Application, task_id=apply_container_restart_docker, run_id=manual__2025-10-31T02:24:22.403888+00:00, execution_date=20251031T022422, start_date=20251031T022424, end_date=20251031T023259
[2025-10-31T02:32:59.708+0000] {local_task_job_runner.py:266} INFO - Task exited with return code 0
[2025-10-31T02:32:59.724+0000] {taskinstance.py:3900} INFO - 0 downstream tasks scheduled from follow-on schedule check
[2025-10-31T02:32:59.728+0000] {local_task_job_runner.py:245} INFO - ::endgroup::
