[2025-10-12T06:00:02.882+0000] {local_task_job_runner.py:123} INFO - ::group::Pre task execution logs
[2025-10-12T06:00:02.930+0000] {taskinstance.py:2612} INFO - Dependencies all met for dep_context=non-requeueable deps ti=<TaskInstance: Cordon_Uncordon_Node.apply_cordon_uncordon_node scheduled__2025-10-12T03:00:00+00:00 [queued]>
[2025-10-12T06:00:02.953+0000] {taskinstance.py:2612} INFO - Dependencies all met for dep_context=requeueable deps ti=<TaskInstance: Cordon_Uncordon_Node.apply_cordon_uncordon_node scheduled__2025-10-12T03:00:00+00:00 [queued]>
[2025-10-12T06:00:02.954+0000] {taskinstance.py:2865} INFO - Starting attempt 1 of 1
[2025-10-12T06:00:03.009+0000] {taskinstance.py:2888} INFO - Executing <Task(DockerOperator): apply_cordon_uncordon_node> on 2025-10-12 03:00:00+00:00
[2025-10-12T06:00:03.048+0000] {standard_task_runner.py:72} INFO - Started process 501 to run task
[2025-10-12T06:00:03.083+0000] {standard_task_runner.py:104} INFO - Running: ['***', 'tasks', 'run', 'Cordon_Uncordon_Node', 'apply_cordon_uncordon_node', 'scheduled__2025-10-12T03:00:00+00:00', '--job-id', '7843', '--raw', '--subdir', 'DAGS_FOLDER/dag_factory.py', '--cfg-path', '/tmp/tmphw4h0np9']
[2025-10-12T06:00:03.084+0000] {standard_task_runner.py:105} INFO - Job 7843: Subtask apply_cordon_uncordon_node
[2025-10-12T06:00:03.237+0000] {task_command.py:467} INFO - Running <TaskInstance: Cordon_Uncordon_Node.apply_cordon_uncordon_node scheduled__2025-10-12T03:00:00+00:00 [running]> on host workflow.y2twbfvcjkaujnl2bmtbxunhcb.cx.internal.cloudapp.net
[2025-10-12T06:00:03.543+0000] {taskinstance.py:3131} INFO - Exporting env vars: AIRFLOW_CTX_DAG_OWNER='***' AIRFLOW_CTX_DAG_ID='Cordon_Uncordon_Node' AIRFLOW_CTX_TASK_ID='apply_cordon_uncordon_node' AIRFLOW_CTX_EXECUTION_DATE='2025-10-12T03:00:00+00:00' AIRFLOW_CTX_TRY_NUMBER='1' AIRFLOW_CTX_DAG_RUN_ID='scheduled__2025-10-12T03:00:00+00:00'
[2025-10-12T06:00:03.546+0000] {taskinstance.py:731} INFO - ::endgroup::
[2025-10-12T06:00:03.660+0000] {docker.py:367} INFO - Starting docker container from image ***_chaos:latest
[2025-10-12T06:00:04.400+0000] {docker.py:438} INFO - The container is run as root user. For security, consider using a regular user account.
[2025-10-12T06:00:25.359+0000] {docker.py:438} INFO - 
[2025-10-12T06:00:26.477+0000] {docker.py:438} INFO - [32m[2025-10-12 06:00:26 INFO] Validating the experiment's syntax
[2025-10-12T06:00:26.981+0000] {docker.py:438} INFO - [32m[2025-10-12 06:00:26 INFO] Experiment looks valid
[2025-10-12T06:00:26.981+0000] {docker.py:438} INFO - [32m[2025-10-12 06:00:26 INFO] Running experiment: Cordon-Pod Restart Combined Experiment
[2025-10-12T06:00:27.032+0000] {docker.py:438} INFO - [32m[2025-10-12 06:00:27 INFO] Steady-state strategy: default
[2025-10-12T06:00:27.033+0000] {docker.py:438} INFO - [32m[2025-10-12 06:00:27 INFO] Rollbacks strategy: default
[2025-10-12T06:00:27.033+0000] {docker.py:438} INFO - [32m[2025-10-12 06:00:27 INFO] No steady state hypothesis defined. That's ok, just exploring.
[2025-10-12T06:00:27.036+0000] {docker.py:438} INFO - [32m[2025-10-12 06:00:27 INFO] Playing your experiment's method now...
[2025-10-12T06:00:27.036+0000] {docker.py:438} INFO - [32m[2025-10-12 06:00:27 INFO] Action: cordon-nodes
[2025-10-12T06:00:28.032+0000] {docker.py:438} INFO - [32m[2025-10-12 06:00:28 INFO] Action: continuous-pod-restart-during-cordon
[2025-10-12T06:05:13.061+0000] {docker.py:438} INFO - 🚀 Starting continuous pod restart experiment
[2025-10-12T06:05:13.061+0000] {docker.py:438} INFO - 📅 Interval: 20 seconds
[2025-10-12T06:05:13.062+0000] {docker.py:438} INFO - ⏱️  Duration: 300 seconds
[2025-10-12T06:05:13.062+0000] {docker.py:438} INFO - 🎯 Target: app=post-storage-service
[2025-10-12T06:05:13.062+0000] {docker.py:438} INFO - 📍 Namespace: default
[2025-10-12T06:05:13.062+0000] {docker.py:438} INFO - 
[2025-10-12T06:05:13.063+0000] {docker.py:438} INFO - ==================================================
[2025-10-12T06:05:13.063+0000] {docker.py:438} INFO - 🔄 Restart #1 at 2025-10-12 06:00:28
[2025-10-12T06:05:13.063+0000] {docker.py:438} INFO - ==================================================
[2025-10-12T06:05:13.064+0000] {docker.py:438} INFO - Hello world - terminate function started!
[2025-10-12T06:05:13.064+0000] {docker.py:438} INFO - Selecting pods with label_selector: app=post-storage-service
[2025-10-12T06:05:13.064+0000] {docker.py:438} INFO - Found 1 pods initially
[2025-10-12T06:05:13.064+0000] {docker.py:438} INFO - Random selection: 1 pods
[2025-10-12T06:05:13.065+0000] {docker.py:438} INFO - Deleting pod: post-storage-service-6cbbf5f9fb-jpxwx
[2025-10-12T06:05:13.065+0000] {docker.py:438} INFO - Deleted 1 pods: ['post-storage-service-6cbbf5f9fb-jpxwx']
[2025-10-12T06:05:13.065+0000] {docker.py:438} INFO - ✅ Successfully restarted pods: ['post-storage-service-6cbbf5f9fb-jpxwx']
[2025-10-12T06:05:13.065+0000] {docker.py:438} INFO - ⏳ Waiting 20 seconds until next restart...
[2025-10-12T06:05:13.066+0000] {docker.py:438} INFO - 📊 Time remaining: 300 seconds
[2025-10-12T06:05:13.066+0000] {docker.py:438} INFO - 
[2025-10-12T06:05:13.066+0000] {docker.py:438} INFO - ==================================================
[2025-10-12T06:05:13.066+0000] {docker.py:438} INFO - 🔄 Restart #2 at 2025-10-12 06:00:48
[2025-10-12T06:05:13.067+0000] {docker.py:438} INFO - ==================================================
[2025-10-12T06:05:13.067+0000] {docker.py:438} INFO - Hello world - terminate function started!
[2025-10-12T06:05:13.067+0000] {docker.py:438} INFO - Selecting pods with label_selector: app=post-storage-service
[2025-10-12T06:05:13.067+0000] {docker.py:438} INFO - Found 1 pods initially
[2025-10-12T06:05:13.068+0000] {docker.py:438} INFO - Random selection: 1 pods
[2025-10-12T06:05:13.068+0000] {docker.py:438} INFO - Deleting pod: post-storage-service-6cbbf5f9fb-hcv5s
[2025-10-12T06:05:13.068+0000] {docker.py:438} INFO - Deleted 1 pods: ['post-storage-service-6cbbf5f9fb-hcv5s']
[2025-10-12T06:05:13.068+0000] {docker.py:438} INFO - ✅ Successfully restarted pods: ['post-storage-service-6cbbf5f9fb-hcv5s']
[2025-10-12T06:05:13.068+0000] {docker.py:438} INFO - ⏳ Waiting 20 seconds until next restart...
[2025-10-12T06:05:13.069+0000] {docker.py:438} INFO - 📊 Time remaining: 279 seconds
[2025-10-12T06:05:13.069+0000] {docker.py:438} INFO - 
[2025-10-12T06:05:13.069+0000] {docker.py:438} INFO - ==================================================
[2025-10-12T06:05:13.069+0000] {docker.py:438} INFO - 🔄 Restart #3 at 2025-10-12 06:01:08
[2025-10-12T06:05:13.070+0000] {docker.py:438} INFO - ==================================================
[2025-10-12T06:05:13.070+0000] {docker.py:438} INFO - Hello world - terminate function started!
[2025-10-12T06:05:13.070+0000] {docker.py:438} INFO - Selecting pods with label_selector: app=post-storage-service
[2025-10-12T06:05:13.070+0000] {docker.py:438} INFO - Found 1 pods initially
[2025-10-12T06:05:13.070+0000] {docker.py:438} INFO - Random selection: 1 pods
[2025-10-12T06:05:13.071+0000] {docker.py:438} INFO - Deleting pod: post-storage-service-6cbbf5f9fb-zjs87
[2025-10-12T06:05:13.071+0000] {docker.py:438} INFO - Deleted 1 pods: ['post-storage-service-6cbbf5f9fb-zjs87']
[2025-10-12T06:05:13.071+0000] {docker.py:438} INFO - ✅ Successfully restarted pods: ['post-storage-service-6cbbf5f9fb-zjs87']
[2025-10-12T06:05:13.071+0000] {docker.py:438} INFO - ⏳ Waiting 20 seconds until next restart...
[2025-10-12T06:05:13.072+0000] {docker.py:438} INFO - 📊 Time remaining: 259 seconds
[2025-10-12T06:05:13.072+0000] {docker.py:438} INFO - 
[2025-10-12T06:05:13.072+0000] {docker.py:438} INFO - ==================================================
[2025-10-12T06:05:13.072+0000] {docker.py:438} INFO - 🔄 Restart #4 at 2025-10-12 06:01:29
[2025-10-12T06:05:13.072+0000] {docker.py:438} INFO - ==================================================
[2025-10-12T06:05:13.073+0000] {docker.py:438} INFO - Hello world - terminate function started!
[2025-10-12T06:05:13.073+0000] {docker.py:438} INFO - Selecting pods with label_selector: app=post-storage-service
[2025-10-12T06:05:13.073+0000] {docker.py:438} INFO - Found 1 pods initially
[2025-10-12T06:05:13.073+0000] {docker.py:438} INFO - Random selection: 1 pods
[2025-10-12T06:05:13.074+0000] {docker.py:438} INFO - Deleting pod: post-storage-service-6cbbf5f9fb-5wtf4
[2025-10-12T06:05:13.074+0000] {docker.py:438} INFO - Deleted 1 pods: ['post-storage-service-6cbbf5f9fb-5wtf4']
[2025-10-12T06:05:13.074+0000] {docker.py:438} INFO - ✅ Successfully restarted pods: ['post-storage-service-6cbbf5f9fb-5wtf4']
[2025-10-12T06:05:13.074+0000] {docker.py:438} INFO - ⏳ Waiting 20 seconds until next restart...
[2025-10-12T06:05:13.074+0000] {docker.py:438} INFO - 📊 Time remaining: 239 seconds
[2025-10-12T06:05:13.075+0000] {docker.py:438} INFO - 
[2025-10-12T06:05:13.075+0000] {docker.py:438} INFO - ==================================================
[2025-10-12T06:05:13.075+0000] {docker.py:438} INFO - 🔄 Restart #5 at 2025-10-12 06:01:49
[2025-10-12T06:05:13.075+0000] {docker.py:438} INFO - ==================================================
[2025-10-12T06:05:13.076+0000] {docker.py:438} INFO - Hello world - terminate function started!
[2025-10-12T06:05:13.076+0000] {docker.py:438} INFO - Selecting pods with label_selector: app=post-storage-service
[2025-10-12T06:05:13.076+0000] {docker.py:438} INFO - Found 1 pods initially
[2025-10-12T06:05:13.076+0000] {docker.py:438} INFO - Random selection: 1 pods
[2025-10-12T06:05:13.076+0000] {docker.py:438} INFO - Deleting pod: post-storage-service-6cbbf5f9fb-kvm9b
[2025-10-12T06:05:13.077+0000] {docker.py:438} INFO - Deleted 1 pods: ['post-storage-service-6cbbf5f9fb-kvm9b']
[2025-10-12T06:05:13.077+0000] {docker.py:438} INFO - ✅ Successfully restarted pods: ['post-storage-service-6cbbf5f9fb-kvm9b']
[2025-10-12T06:05:13.077+0000] {docker.py:438} INFO - ⏳ Waiting 20 seconds until next restart...
[2025-10-12T06:05:13.077+0000] {docker.py:438} INFO - 📊 Time remaining: 218 seconds
[2025-10-12T06:05:13.077+0000] {docker.py:438} INFO - 
[2025-10-12T06:05:13.078+0000] {docker.py:438} INFO - ==================================================
[2025-10-12T06:05:13.078+0000] {docker.py:438} INFO - 🔄 Restart #6 at 2025-10-12 06:02:09
[2025-10-12T06:05:13.078+0000] {docker.py:438} INFO - ==================================================
[2025-10-12T06:05:13.078+0000] {docker.py:438} INFO - Hello world - terminate function started!
[2025-10-12T06:05:13.079+0000] {docker.py:438} INFO - Selecting pods with label_selector: app=post-storage-service
[2025-10-12T06:05:13.079+0000] {docker.py:438} INFO - Found 1 pods initially
[2025-10-12T06:05:13.079+0000] {docker.py:438} INFO - Random selection: 1 pods
[2025-10-12T06:05:13.079+0000] {docker.py:438} INFO - Deleting pod: post-storage-service-6cbbf5f9fb-hlkvh
[2025-10-12T06:05:13.079+0000] {docker.py:438} INFO - Deleted 1 pods: ['post-storage-service-6cbbf5f9fb-hlkvh']
[2025-10-12T06:05:13.080+0000] {docker.py:438} INFO - ✅ Successfully restarted pods: ['post-storage-service-6cbbf5f9fb-hlkvh']
[2025-10-12T06:05:13.080+0000] {docker.py:438} INFO - ⏳ Waiting 20 seconds until next restart...
[2025-10-12T06:05:13.080+0000] {docker.py:438} INFO - 📊 Time remaining: 198 seconds
[2025-10-12T06:05:13.080+0000] {docker.py:438} INFO - 
[2025-10-12T06:05:13.080+0000] {docker.py:438} INFO - ==================================================
[2025-10-12T06:05:13.081+0000] {docker.py:438} INFO - 🔄 Restart #7 at 2025-10-12 06:02:30
[2025-10-12T06:05:13.081+0000] {docker.py:438} INFO - ==================================================
[2025-10-12T06:05:13.081+0000] {docker.py:438} INFO - Hello world - terminate function started!
[2025-10-12T06:05:13.081+0000] {docker.py:438} INFO - Selecting pods with label_selector: app=post-storage-service
[2025-10-12T06:05:13.082+0000] {docker.py:438} INFO - Found 1 pods initially
[2025-10-12T06:05:13.082+0000] {docker.py:438} INFO - Random selection: 1 pods
[2025-10-12T06:05:13.082+0000] {docker.py:438} INFO - Deleting pod: post-storage-service-6cbbf5f9fb-88v92
[2025-10-12T06:05:13.082+0000] {docker.py:438} INFO - Deleted 1 pods: ['post-storage-service-6cbbf5f9fb-88v92']
[2025-10-12T06:05:13.082+0000] {docker.py:438} INFO - ✅ Successfully restarted pods: ['post-storage-service-6cbbf5f9fb-88v92']
[2025-10-12T06:05:13.083+0000] {docker.py:438} INFO - ⏳ Waiting 20 seconds until next restart...
[2025-10-12T06:05:13.083+0000] {docker.py:438} INFO - 📊 Time remaining: 177 seconds
[2025-10-12T06:05:13.083+0000] {docker.py:438} INFO - 
[2025-10-12T06:05:13.083+0000] {docker.py:438} INFO - ==================================================
[2025-10-12T06:05:13.084+0000] {docker.py:438} INFO - 🔄 Restart #8 at 2025-10-12 06:02:50
[2025-10-12T06:05:13.084+0000] {docker.py:438} INFO - ==================================================
[2025-10-12T06:05:13.084+0000] {docker.py:438} INFO - Hello world - terminate function started!
[2025-10-12T06:05:13.084+0000] {docker.py:438} INFO - Selecting pods with label_selector: app=post-storage-service
[2025-10-12T06:05:13.085+0000] {docker.py:438} INFO - Found 1 pods initially
[2025-10-12T06:05:13.085+0000] {docker.py:438} INFO - Random selection: 1 pods
[2025-10-12T06:05:13.085+0000] {docker.py:438} INFO - Deleting pod: post-storage-service-6cbbf5f9fb-s7mhv
[2025-10-12T06:05:13.085+0000] {docker.py:438} INFO - Deleted 1 pods: ['post-storage-service-6cbbf5f9fb-s7mhv']
[2025-10-12T06:05:13.085+0000] {docker.py:438} INFO - ✅ Successfully restarted pods: ['post-storage-service-6cbbf5f9fb-s7mhv']
[2025-10-12T06:05:13.086+0000] {docker.py:438} INFO - ⏳ Waiting 20 seconds until next restart...
[2025-10-12T06:05:13.086+0000] {docker.py:438} INFO - 📊 Time remaining: 157 seconds
[2025-10-12T06:05:13.086+0000] {docker.py:438} INFO - 
[2025-10-12T06:05:13.086+0000] {docker.py:438} INFO - ==================================================
[2025-10-12T06:05:13.086+0000] {docker.py:438} INFO - 🔄 Restart #9 at 2025-10-12 06:03:10
[2025-10-12T06:05:13.087+0000] {docker.py:438} INFO - ==================================================
[2025-10-12T06:05:13.087+0000] {docker.py:438} INFO - Hello world - terminate function started!
[2025-10-12T06:05:13.087+0000] {docker.py:438} INFO - Selecting pods with label_selector: app=post-storage-service
[2025-10-12T06:05:13.087+0000] {docker.py:438} INFO - Found 1 pods initially
[2025-10-12T06:05:13.088+0000] {docker.py:438} INFO - Random selection: 1 pods
[2025-10-12T06:05:13.088+0000] {docker.py:438} INFO - Deleting pod: post-storage-service-6cbbf5f9fb-2lhjs
[2025-10-12T06:05:13.088+0000] {docker.py:438} INFO - Deleted 1 pods: ['post-storage-service-6cbbf5f9fb-2lhjs']
[2025-10-12T06:05:13.088+0000] {docker.py:438} INFO - ✅ Successfully restarted pods: ['post-storage-service-6cbbf5f9fb-2lhjs']
[2025-10-12T06:05:13.088+0000] {docker.py:438} INFO - ⏳ Waiting 20 seconds until next restart...
[2025-10-12T06:05:13.089+0000] {docker.py:438} INFO - 📊 Time remaining: 137 seconds
[2025-10-12T06:05:13.089+0000] {docker.py:438} INFO - 
[2025-10-12T06:05:13.089+0000] {docker.py:438} INFO - ==================================================
[2025-10-12T06:05:13.089+0000] {docker.py:438} INFO - 🔄 Restart #10 at 2025-10-12 06:03:31
[2025-10-12T06:05:13.090+0000] {docker.py:438} INFO - ==================================================
[2025-10-12T06:05:13.090+0000] {docker.py:438} INFO - Hello world - terminate function started!
[2025-10-12T06:05:13.090+0000] {docker.py:438} INFO - Selecting pods with label_selector: app=post-storage-service
[2025-10-12T06:05:13.090+0000] {docker.py:438} INFO - Found 1 pods initially
[2025-10-12T06:05:13.090+0000] {docker.py:438} INFO - Random selection: 1 pods
[2025-10-12T06:05:13.091+0000] {docker.py:438} INFO - Deleting pod: post-storage-service-6cbbf5f9fb-49x9b
[2025-10-12T06:05:13.091+0000] {docker.py:438} INFO - Deleted 1 pods: ['post-storage-service-6cbbf5f9fb-49x9b']
[2025-10-12T06:05:13.091+0000] {docker.py:438} INFO - ✅ Successfully restarted pods: ['post-storage-service-6cbbf5f9fb-49x9b']
[2025-10-12T06:05:13.091+0000] {docker.py:438} INFO - ⏳ Waiting 20 seconds until next restart...
[2025-10-12T06:05:13.092+0000] {docker.py:438} INFO - 📊 Time remaining: 116 seconds
[2025-10-12T06:05:13.092+0000] {docker.py:438} INFO - 
[2025-10-12T06:05:13.092+0000] {docker.py:438} INFO - ==================================================
[2025-10-12T06:05:13.092+0000] {docker.py:438} INFO - 🔄 Restart #11 at 2025-10-12 06:03:51
[2025-10-12T06:05:13.093+0000] {docker.py:438} INFO - ==================================================
[2025-10-12T06:05:13.093+0000] {docker.py:438} INFO - Hello world - terminate function started!
[2025-10-12T06:05:13.093+0000] {docker.py:438} INFO - Selecting pods with label_selector: app=post-storage-service
[2025-10-12T06:05:13.093+0000] {docker.py:438} INFO - Found 1 pods initially
[2025-10-12T06:05:13.094+0000] {docker.py:438} INFO - Random selection: 1 pods
[2025-10-12T06:05:13.094+0000] {docker.py:438} INFO - Deleting pod: post-storage-service-6cbbf5f9fb-l6x6w
[2025-10-12T06:05:13.094+0000] {docker.py:438} INFO - Deleted 1 pods: ['post-storage-service-6cbbf5f9fb-l6x6w']
[2025-10-12T06:05:13.094+0000] {docker.py:438} INFO - ✅ Successfully restarted pods: ['post-storage-service-6cbbf5f9fb-l6x6w']
[2025-10-12T06:05:13.094+0000] {docker.py:438} INFO - ⏳ Waiting 20 seconds until next restart...
[2025-10-12T06:05:13.095+0000] {docker.py:438} INFO - 📊 Time remaining: 96 seconds
[2025-10-12T06:05:13.095+0000] {docker.py:438} INFO - 
[2025-10-12T06:05:13.095+0000] {docker.py:438} INFO - ==================================================
[2025-10-12T06:05:13.095+0000] {docker.py:438} INFO - 🔄 Restart #12 at 2025-10-12 06:04:11
[2025-10-12T06:05:13.095+0000] {docker.py:438} INFO - ==================================================
[2025-10-12T06:05:13.096+0000] {docker.py:438} INFO - Hello world - terminate function started!
[2025-10-12T06:05:13.096+0000] {docker.py:438} INFO - Selecting pods with label_selector: app=post-storage-service
[2025-10-12T06:05:13.096+0000] {docker.py:438} INFO - Found 1 pods initially
[2025-10-12T06:05:13.096+0000] {docker.py:438} INFO - Random selection: 1 pods
[2025-10-12T06:05:13.097+0000] {docker.py:438} INFO - Deleting pod: post-storage-service-6cbbf5f9fb-mvhn2
[2025-10-12T06:05:13.097+0000] {docker.py:438} INFO - Deleted 1 pods: ['post-storage-service-6cbbf5f9fb-mvhn2']
[2025-10-12T06:05:13.097+0000] {docker.py:438} INFO - ✅ Successfully restarted pods: ['post-storage-service-6cbbf5f9fb-mvhn2']
[2025-10-12T06:05:13.097+0000] {docker.py:438} INFO - ⏳ Waiting 20 seconds until next restart...
[2025-10-12T06:05:13.097+0000] {docker.py:438} INFO - 📊 Time remaining: 76 seconds
[2025-10-12T06:05:13.098+0000] {docker.py:438} INFO - 
[2025-10-12T06:05:13.098+0000] {docker.py:438} INFO - ==================================================
[2025-10-12T06:05:13.098+0000] {docker.py:438} INFO - 🔄 Restart #13 at 2025-10-12 06:04:32
[2025-10-12T06:05:13.098+0000] {docker.py:438} INFO - ==================================================
[2025-10-12T06:05:13.098+0000] {docker.py:438} INFO - Hello world - terminate function started!
[2025-10-12T06:05:13.099+0000] {docker.py:438} INFO - Selecting pods with label_selector: app=post-storage-service
[2025-10-12T06:05:13.099+0000] {docker.py:438} INFO - Found 1 pods initially
[2025-10-12T06:05:13.099+0000] {docker.py:438} INFO - Random selection: 1 pods
[2025-10-12T06:05:13.099+0000] {docker.py:438} INFO - Deleting pod: post-storage-service-6cbbf5f9fb-q6x7r
[2025-10-12T06:05:13.100+0000] {docker.py:438} INFO - Deleted 1 pods: ['post-storage-service-6cbbf5f9fb-q6x7r']
[2025-10-12T06:05:13.100+0000] {docker.py:438} INFO - ✅ Successfully restarted pods: ['post-storage-service-6cbbf5f9fb-q6x7r']
[2025-10-12T06:05:13.100+0000] {docker.py:438} INFO - ⏳ Waiting 20 seconds until next restart...
[2025-10-12T06:05:13.100+0000] {docker.py:438} INFO - 📊 Time remaining: 55 seconds
[2025-10-12T06:05:13.101+0000] {docker.py:438} INFO - 
[2025-10-12T06:05:13.101+0000] {docker.py:438} INFO - ==================================================
[2025-10-12T06:05:13.101+0000] {docker.py:438} INFO - 🔄 Restart #14 at 2025-10-12 06:04:52
[2025-10-12T06:05:13.101+0000] {docker.py:438} INFO - ==================================================
[2025-10-12T06:05:13.101+0000] {docker.py:438} INFO - Hello world - terminate function started!
[2025-10-12T06:05:13.102+0000] {docker.py:438} INFO - Selecting pods with label_selector: app=post-storage-service
[2025-10-12T06:05:13.102+0000] {docker.py:438} INFO - Found 1 pods initially
[2025-10-12T06:05:13.102+0000] {docker.py:438} INFO - Random selection: 1 pods
[2025-10-12T06:05:13.102+0000] {docker.py:438} INFO - Deleting pod: post-storage-service-6cbbf5f9fb-z2zrz
[2025-10-12T06:05:13.103+0000] {docker.py:438} INFO - Deleted 1 pods: ['post-storage-service-6cbbf5f9fb-z2zrz']
[2025-10-12T06:05:13.103+0000] {docker.py:438} INFO - ✅ Successfully restarted pods: ['post-storage-service-6cbbf5f9fb-z2zrz']
[2025-10-12T06:05:13.103+0000] {docker.py:438} INFO - ⏳ Waiting 20 seconds until next restart...
[2025-10-12T06:05:13.103+0000] {docker.py:438} INFO - 📊 Time remaining: 35 seconds
[2025-10-12T06:05:13.103+0000] {docker.py:438} INFO - 
[2025-10-12T06:05:13.104+0000] {docker.py:438} INFO - ==================================================
[2025-10-12T06:05:13.104+0000] {docker.py:438} INFO - 🔄 Restart #15 at 2025-10-12 06:05:13
[2025-10-12T06:05:13.104+0000] {docker.py:438} INFO - ==================================================
[2025-10-12T06:05:13.104+0000] {docker.py:438} INFO - Hello world - terminate function started!
[2025-10-12T06:05:13.104+0000] {docker.py:438} INFO - Selecting pods with label_selector: app=post-storage-service
[2025-10-12T06:05:13.431+0000] {docker.py:438} INFO - [32m[2025-10-12 06:05:13 INFO] Let's rollback...
[2025-10-12T06:05:13.432+0000] {docker.py:438} INFO - [32m[2025-10-12 06:05:13 INFO] Rollback: uncordon-all-nodes
[2025-10-12T06:05:13.433+0000] {docker.py:438} INFO - [32m[2025-10-12 06:05:13 INFO] Action: uncordon-all-nodes
[2025-10-12T06:05:14.386+0000] {docker.py:438} INFO - [32m[2025-10-12 06:05:14 INFO] Experiment ended with status: completed
[2025-10-12T06:05:14.387+0000] {docker.py:438} INFO - Found 1 pods initially
[2025-10-12T06:05:14.388+0000] {docker.py:438} INFO - Random selection: 1 pods
[2025-10-12T06:05:14.388+0000] {docker.py:438} INFO - Deleting pod: post-storage-service-6cbbf5f9fb-v7zq2
[2025-10-12T06:05:14.388+0000] {docker.py:438} INFO - Deleted 1 pods: ['post-storage-service-6cbbf5f9fb-v7zq2']
[2025-10-12T06:05:14.389+0000] {docker.py:438} INFO - ✅ Successfully restarted pods: ['post-storage-service-6cbbf5f9fb-v7zq2']
[2025-10-12T06:05:14.389+0000] {docker.py:438} INFO - ⏰ Less than 20 seconds remaining, stopping experiment
[2025-10-12T06:05:14.390+0000] {docker.py:438} INFO - 
[2025-10-12T06:05:14.390+0000] {docker.py:438} INFO - ==================================================
[2025-10-12T06:05:14.391+0000] {docker.py:438} INFO - 🏁 Experiment Completed!
[2025-10-12T06:05:14.391+0000] {docker.py:438} INFO - ==================================================
[2025-10-12T06:05:14.391+0000] {docker.py:438} INFO - 📈 Total restarts performed: 15
[2025-10-12T06:05:14.392+0000] {docker.py:438} INFO - ⏱️  Total duration: 285 seconds
[2025-10-12T06:05:14.392+0000] {docker.py:438} INFO - 📊 Average interval: 19.0 seconds
[2025-10-12T06:05:14.779+0000] {taskinstance.py:340} INFO - ::group::Post task execution logs
[2025-10-12T06:05:14.779+0000] {taskinstance.py:352} INFO - Marking task as SUCCESS. dag_id=Cordon_Uncordon_Node, task_id=apply_cordon_uncordon_node, run_id=scheduled__2025-10-12T03:00:00+00:00, execution_date=20251012T030000, start_date=20251012T060002, end_date=20251012T060514
[2025-10-12T06:05:14.816+0000] {local_task_job_runner.py:266} INFO - Task exited with return code 0
[2025-10-12T06:05:14.834+0000] {taskinstance.py:3900} INFO - 0 downstream tasks scheduled from follow-on schedule check
[2025-10-12T06:05:14.839+0000] {local_task_job_runner.py:245} INFO - ::endgroup::
