[2025-11-11T16:13:34.567+0000] {local_task_job_runner.py:123} INFO - ::group::Pre task execution logs
[2025-11-11T16:13:34.583+0000] {taskinstance.py:2612} INFO - Dependencies all met for dep_context=non-requeueable deps ti=<TaskInstance: Cordon_Uncordon_Node.apply_cordon_uncordon_node manual__2025-11-11T16:13:33.474122+00:00 [queued]>
[2025-11-11T16:13:34.591+0000] {taskinstance.py:2612} INFO - Dependencies all met for dep_context=requeueable deps ti=<TaskInstance: Cordon_Uncordon_Node.apply_cordon_uncordon_node manual__2025-11-11T16:13:33.474122+00:00 [queued]>
[2025-11-11T16:13:34.592+0000] {taskinstance.py:2865} INFO - Starting attempt 1 of 1
[2025-11-11T16:13:34.611+0000] {taskinstance.py:2888} INFO - Executing <Task(DockerOperator): apply_cordon_uncordon_node> on 2025-11-11 16:13:33.474122+00:00
[2025-11-11T16:13:34.619+0000] {standard_task_runner.py:72} INFO - Started process 115 to run task
[2025-11-11T16:13:34.627+0000] {standard_task_runner.py:104} INFO - Running: ['***', 'tasks', 'run', 'Cordon_Uncordon_Node', 'apply_cordon_uncordon_node', 'manual__2025-11-11T16:13:33.474122+00:00', '--job-id', '14557', '--raw', '--subdir', 'DAGS_FOLDER/dag_factory.py', '--cfg-path', '/tmp/tmpqfefpoiy']
[2025-11-11T16:13:34.628+0000] {standard_task_runner.py:105} INFO - Job 14557: Subtask apply_cordon_uncordon_node
[2025-11-11T16:13:34.687+0000] {task_command.py:467} INFO - Running <TaskInstance: Cordon_Uncordon_Node.apply_cordon_uncordon_node manual__2025-11-11T16:13:33.474122+00:00 [running]> on host workflow.y2twbfvcjkaujnl2bmtbxunhcb.cx.internal.cloudapp.net
[2025-11-11T16:13:34.791+0000] {taskinstance.py:3131} INFO - Exporting env vars: AIRFLOW_CTX_DAG_OWNER='***' AIRFLOW_CTX_DAG_ID='Cordon_Uncordon_Node' AIRFLOW_CTX_TASK_ID='apply_cordon_uncordon_node' AIRFLOW_CTX_EXECUTION_DATE='2025-11-11T16:13:33.474122+00:00' AIRFLOW_CTX_TRY_NUMBER='1' AIRFLOW_CTX_DAG_RUN_ID='manual__2025-11-11T16:13:33.474122+00:00'
[2025-11-11T16:13:34.792+0000] {taskinstance.py:731} INFO - ::endgroup::
[2025-11-11T16:13:34.834+0000] {docker.py:367} INFO - Starting docker container from image ***_chaos:latest
[2025-11-11T16:13:35.265+0000] {docker.py:438} INFO - The container is run as root user. For security, consider using a regular user account.
[2025-11-11T16:13:44.554+0000] {docker.py:438} INFO - 
[2025-11-11T16:13:44.985+0000] {docker.py:438} INFO - [32m[2025-11-11 16:13:44 INFO] Validating the experiment's syntax
[2025-11-11T16:13:45.277+0000] {docker.py:438} INFO - [32m[2025-11-11 16:13:45 INFO] Experiment looks valid
[2025-11-11T16:13:45.278+0000] {docker.py:438} INFO - [32m[2025-11-11 16:13:45 INFO] Running experiment: Cordon-Pod Restart Combined Experiment
[2025-11-11T16:13:45.282+0000] {docker.py:438} INFO - [32m[2025-11-11 16:13:45 INFO] Steady-state strategy: default
[2025-11-11T16:13:45.283+0000] {docker.py:438} INFO - [32m[2025-11-11 16:13:45 INFO] Rollbacks strategy: default
[2025-11-11T16:13:45.284+0000] {docker.py:438} INFO - [32m[2025-11-11 16:13:45 INFO] No steady state hypothesis defined. That's ok, just exploring.
[2025-11-11T16:13:45.285+0000] {docker.py:438} INFO - [32m[2025-11-11 16:13:45 INFO] Playing your experiment's method now...
[2025-11-11T16:13:45.285+0000] {docker.py:438} INFO - [32m[2025-11-11 16:13:45 INFO] Action: cordon-nodes
[2025-11-11T16:13:46.311+0000] {docker.py:438} INFO - [32m[2025-11-11 16:13:46 INFO] Action: continuous-pod-restart-during-cordon
[2025-11-11T16:18:32.715+0000] {docker.py:438} INFO - 🚀 Starting continuous pod restart experiment
[2025-11-11T16:18:32.716+0000] {docker.py:438} INFO - 📅 Interval: 20 seconds
[2025-11-11T16:18:32.717+0000] {docker.py:438} INFO - ⏱️  Duration: 300 seconds
[2025-11-11T16:18:32.717+0000] {docker.py:438} INFO - 🎯 Target: app=post-storage-service
[2025-11-11T16:18:32.718+0000] {docker.py:438} INFO - 📍 Namespace: default
[2025-11-11T16:18:32.718+0000] {docker.py:438} INFO - 
[2025-11-11T16:18:32.718+0000] {docker.py:438} INFO - ==================================================
[2025-11-11T16:18:32.719+0000] {docker.py:438} INFO - 🔄 Restart #1 at 2025-11-11 16:13:46
[2025-11-11T16:18:32.720+0000] {docker.py:438} INFO - ==================================================
[2025-11-11T16:18:32.721+0000] {docker.py:438} INFO - Hello world - terminate function started!
[2025-11-11T16:18:32.721+0000] {docker.py:438} INFO - Selecting pods with label_selector: app=post-storage-service
[2025-11-11T16:18:32.722+0000] {docker.py:438} INFO - Found 1 pods initially
[2025-11-11T16:18:32.722+0000] {docker.py:438} INFO - Random selection: 1 pods
[2025-11-11T16:18:32.723+0000] {docker.py:438} INFO - Deleting pod: post-storage-service-594b6c7bf-l7wc5
[2025-11-11T16:18:32.723+0000] {docker.py:438} INFO - Deleted 1 pods: ['post-storage-service-594b6c7bf-l7wc5']
[2025-11-11T16:18:32.724+0000] {docker.py:438} INFO - ✅ Successfully restarted pods: ['post-storage-service-594b6c7bf-l7wc5']
[2025-11-11T16:18:32.724+0000] {docker.py:438} INFO - ⏳ Waiting 20 seconds until next restart...
[2025-11-11T16:18:32.724+0000] {docker.py:438} INFO - 📊 Time remaining: 300 seconds
[2025-11-11T16:18:32.725+0000] {docker.py:438} INFO - 
[2025-11-11T16:18:32.725+0000] {docker.py:438} INFO - ==================================================
[2025-11-11T16:18:32.725+0000] {docker.py:438} INFO - 🔄 Restart #2 at 2025-11-11 16:14:06
[2025-11-11T16:18:32.726+0000] {docker.py:438} INFO - ==================================================
[2025-11-11T16:18:32.726+0000] {docker.py:438} INFO - Hello world - terminate function started!
[2025-11-11T16:18:32.727+0000] {docker.py:438} INFO - Selecting pods with label_selector: app=post-storage-service
[2025-11-11T16:18:32.727+0000] {docker.py:438} INFO - Found 2 pods initially
[2025-11-11T16:18:32.728+0000] {docker.py:438} INFO - Random selection: 1 pods
[2025-11-11T16:18:32.728+0000] {docker.py:438} INFO - Deleting pod: post-storage-service-594b6c7bf-kgdqh
[2025-11-11T16:18:32.728+0000] {docker.py:438} INFO - Deleted 1 pods: ['post-storage-service-594b6c7bf-kgdqh']
[2025-11-11T16:18:32.729+0000] {docker.py:438} INFO - ✅ Successfully restarted pods: ['post-storage-service-594b6c7bf-kgdqh']
[2025-11-11T16:18:32.729+0000] {docker.py:438} INFO - ⏳ Waiting 20 seconds until next restart...
[2025-11-11T16:18:32.730+0000] {docker.py:438} INFO - 📊 Time remaining: 279 seconds
[2025-11-11T16:18:32.730+0000] {docker.py:438} INFO - 
[2025-11-11T16:18:32.731+0000] {docker.py:438} INFO - ==================================================
[2025-11-11T16:18:32.731+0000] {docker.py:438} INFO - 🔄 Restart #3 at 2025-11-11 16:14:27
[2025-11-11T16:18:32.732+0000] {docker.py:438} INFO - ==================================================
[2025-11-11T16:18:32.732+0000] {docker.py:438} INFO - Hello world - terminate function started!
[2025-11-11T16:18:32.733+0000] {docker.py:438} INFO - Selecting pods with label_selector: app=post-storage-service
[2025-11-11T16:18:32.733+0000] {docker.py:438} INFO - Found 2 pods initially
[2025-11-11T16:18:32.733+0000] {docker.py:438} INFO - Random selection: 1 pods
[2025-11-11T16:18:32.734+0000] {docker.py:438} INFO - Deleting pod: post-storage-service-594b6c7bf-lp66l
[2025-11-11T16:18:32.734+0000] {docker.py:438} INFO - Deleted 1 pods: ['post-storage-service-594b6c7bf-lp66l']
[2025-11-11T16:18:32.735+0000] {docker.py:438} INFO - ✅ Successfully restarted pods: ['post-storage-service-594b6c7bf-lp66l']
[2025-11-11T16:18:32.735+0000] {docker.py:438} INFO - ⏳ Waiting 20 seconds until next restart...
[2025-11-11T16:18:32.736+0000] {docker.py:438} INFO - 📊 Time remaining: 259 seconds
[2025-11-11T16:18:32.736+0000] {docker.py:438} INFO - 
[2025-11-11T16:18:32.736+0000] {docker.py:438} INFO - ==================================================
[2025-11-11T16:18:32.737+0000] {docker.py:438} INFO - 🔄 Restart #4 at 2025-11-11 16:14:47
[2025-11-11T16:18:32.737+0000] {docker.py:438} INFO - ==================================================
[2025-11-11T16:18:32.737+0000] {docker.py:438} INFO - Hello world - terminate function started!
[2025-11-11T16:18:32.738+0000] {docker.py:438} INFO - Selecting pods with label_selector: app=post-storage-service
[2025-11-11T16:18:32.738+0000] {docker.py:438} INFO - Found 2 pods initially
[2025-11-11T16:18:32.738+0000] {docker.py:438} INFO - Random selection: 1 pods
[2025-11-11T16:18:32.739+0000] {docker.py:438} INFO - Deleting pod: post-storage-service-594b6c7bf-ct8mr
[2025-11-11T16:18:32.739+0000] {docker.py:438} INFO - Deleted 1 pods: ['post-storage-service-594b6c7bf-ct8mr']
[2025-11-11T16:18:32.739+0000] {docker.py:438} INFO - ✅ Successfully restarted pods: ['post-storage-service-594b6c7bf-ct8mr']
[2025-11-11T16:18:32.739+0000] {docker.py:438} INFO - ⏳ Waiting 20 seconds until next restart...
[2025-11-11T16:18:32.740+0000] {docker.py:438} INFO - 📊 Time remaining: 238 seconds
[2025-11-11T16:18:32.740+0000] {docker.py:438} INFO - 
[2025-11-11T16:18:32.740+0000] {docker.py:438} INFO - ==================================================
[2025-11-11T16:18:32.741+0000] {docker.py:438} INFO - 🔄 Restart #5 at 2025-11-11 16:15:08
[2025-11-11T16:18:32.741+0000] {docker.py:438} INFO - ==================================================
[2025-11-11T16:18:32.741+0000] {docker.py:438} INFO - Hello world - terminate function started!
[2025-11-11T16:18:32.741+0000] {docker.py:438} INFO - Selecting pods with label_selector: app=post-storage-service
[2025-11-11T16:18:32.742+0000] {docker.py:438} INFO - Found 2 pods initially
[2025-11-11T16:18:32.742+0000] {docker.py:438} INFO - Random selection: 1 pods
[2025-11-11T16:18:32.743+0000] {docker.py:438} INFO - Deleting pod: post-storage-service-594b6c7bf-92fng
[2025-11-11T16:18:32.743+0000] {docker.py:438} INFO - Deleted 1 pods: ['post-storage-service-594b6c7bf-92fng']
[2025-11-11T16:18:32.743+0000] {docker.py:438} INFO - ✅ Successfully restarted pods: ['post-storage-service-594b6c7bf-92fng']
[2025-11-11T16:18:32.744+0000] {docker.py:438} INFO - ⏳ Waiting 20 seconds until next restart...
[2025-11-11T16:18:32.744+0000] {docker.py:438} INFO - 📊 Time remaining: 218 seconds
[2025-11-11T16:18:32.745+0000] {docker.py:438} INFO - 
[2025-11-11T16:18:32.745+0000] {docker.py:438} INFO - ==================================================
[2025-11-11T16:18:32.746+0000] {docker.py:438} INFO - 🔄 Restart #6 at 2025-11-11 16:15:28
[2025-11-11T16:18:32.746+0000] {docker.py:438} INFO - ==================================================
[2025-11-11T16:18:32.747+0000] {docker.py:438} INFO - Hello world - terminate function started!
[2025-11-11T16:18:32.747+0000] {docker.py:438} INFO - Selecting pods with label_selector: app=post-storage-service
[2025-11-11T16:18:32.748+0000] {docker.py:438} INFO - Found 2 pods initially
[2025-11-11T16:18:32.748+0000] {docker.py:438} INFO - Random selection: 1 pods
[2025-11-11T16:18:32.749+0000] {docker.py:438} INFO - Deleting pod: post-storage-service-594b6c7bf-vzrz4
[2025-11-11T16:18:32.749+0000] {docker.py:438} INFO - Deleted 1 pods: ['post-storage-service-594b6c7bf-vzrz4']
[2025-11-11T16:18:32.750+0000] {docker.py:438} INFO - ✅ Successfully restarted pods: ['post-storage-service-594b6c7bf-vzrz4']
[2025-11-11T16:18:32.750+0000] {docker.py:438} INFO - ⏳ Waiting 20 seconds until next restart...
[2025-11-11T16:18:32.750+0000] {docker.py:438} INFO - 📊 Time remaining: 197 seconds
[2025-11-11T16:18:32.751+0000] {docker.py:438} INFO - 
[2025-11-11T16:18:32.751+0000] {docker.py:438} INFO - ==================================================
[2025-11-11T16:18:32.752+0000] {docker.py:438} INFO - 🔄 Restart #7 at 2025-11-11 16:15:49
[2025-11-11T16:18:32.752+0000] {docker.py:438} INFO - ==================================================
[2025-11-11T16:18:32.753+0000] {docker.py:438} INFO - Hello world - terminate function started!
[2025-11-11T16:18:32.753+0000] {docker.py:438} INFO - Selecting pods with label_selector: app=post-storage-service
[2025-11-11T16:18:32.754+0000] {docker.py:438} INFO - Found 2 pods initially
[2025-11-11T16:18:32.754+0000] {docker.py:438} INFO - Random selection: 1 pods
[2025-11-11T16:18:32.755+0000] {docker.py:438} INFO - Deleting pod: post-storage-service-594b6c7bf-vzrz4
[2025-11-11T16:18:32.755+0000] {docker.py:438} INFO - Deleted 1 pods: ['post-storage-service-594b6c7bf-vzrz4']
[2025-11-11T16:18:32.755+0000] {docker.py:438} INFO - ✅ Successfully restarted pods: ['post-storage-service-594b6c7bf-vzrz4']
[2025-11-11T16:18:32.756+0000] {docker.py:438} INFO - ⏳ Waiting 20 seconds until next restart...
[2025-11-11T16:18:32.756+0000] {docker.py:438} INFO - 📊 Time remaining: 177 seconds
[2025-11-11T16:18:32.757+0000] {docker.py:438} INFO - 
[2025-11-11T16:18:32.757+0000] {docker.py:438} INFO - ==================================================
[2025-11-11T16:18:32.757+0000] {docker.py:438} INFO - 🔄 Restart #8 at 2025-11-11 16:16:09
[2025-11-11T16:18:32.758+0000] {docker.py:438} INFO - ==================================================
[2025-11-11T16:18:32.758+0000] {docker.py:438} INFO - Hello world - terminate function started!
[2025-11-11T16:18:32.758+0000] {docker.py:438} INFO - Selecting pods with label_selector: app=post-storage-service
[2025-11-11T16:18:32.759+0000] {docker.py:438} INFO - Found 1 pods initially
[2025-11-11T16:18:32.760+0000] {docker.py:438} INFO - Random selection: 1 pods
[2025-11-11T16:18:32.761+0000] {docker.py:438} INFO - Deleting pod: post-storage-service-594b6c7bf-j97bl
[2025-11-11T16:18:32.761+0000] {docker.py:438} INFO - Deleted 1 pods: ['post-storage-service-594b6c7bf-j97bl']
[2025-11-11T16:18:32.762+0000] {docker.py:438} INFO - ✅ Successfully restarted pods: ['post-storage-service-594b6c7bf-j97bl']
[2025-11-11T16:18:32.762+0000] {docker.py:438} INFO - ⏳ Waiting 20 seconds until next restart...
[2025-11-11T16:18:32.762+0000] {docker.py:438} INFO - 📊 Time remaining: 156 seconds
[2025-11-11T16:18:32.763+0000] {docker.py:438} INFO - 
[2025-11-11T16:18:32.763+0000] {docker.py:438} INFO - ==================================================
[2025-11-11T16:18:32.763+0000] {docker.py:438} INFO - 🔄 Restart #9 at 2025-11-11 16:16:29
[2025-11-11T16:18:32.764+0000] {docker.py:438} INFO - ==================================================
[2025-11-11T16:18:32.764+0000] {docker.py:438} INFO - Hello world - terminate function started!
[2025-11-11T16:18:32.764+0000] {docker.py:438} INFO - Selecting pods with label_selector: app=post-storage-service
[2025-11-11T16:18:32.764+0000] {docker.py:438} INFO - Found 2 pods initially
[2025-11-11T16:18:32.765+0000] {docker.py:438} INFO - Random selection: 1 pods
[2025-11-11T16:18:32.765+0000] {docker.py:438} INFO - Deleting pod: post-storage-service-594b6c7bf-j97bl
[2025-11-11T16:18:32.766+0000] {docker.py:438} INFO - Deleted 1 pods: ['post-storage-service-594b6c7bf-j97bl']
[2025-11-11T16:18:32.766+0000] {docker.py:438} INFO - ✅ Successfully restarted pods: ['post-storage-service-594b6c7bf-j97bl']
[2025-11-11T16:18:32.767+0000] {docker.py:438} INFO - ⏳ Waiting 20 seconds until next restart...
[2025-11-11T16:18:32.767+0000] {docker.py:438} INFO - 📊 Time remaining: 136 seconds
[2025-11-11T16:18:32.767+0000] {docker.py:438} INFO - 
[2025-11-11T16:18:32.768+0000] {docker.py:438} INFO - ==================================================
[2025-11-11T16:18:32.768+0000] {docker.py:438} INFO - 🔄 Restart #10 at 2025-11-11 16:16:50
[2025-11-11T16:18:32.769+0000] {docker.py:438} INFO - ==================================================
[2025-11-11T16:18:32.769+0000] {docker.py:438} INFO - Hello world - terminate function started!
[2025-11-11T16:18:32.770+0000] {docker.py:438} INFO - Selecting pods with label_selector: app=post-storage-service
[2025-11-11T16:18:32.770+0000] {docker.py:438} INFO - Found 1 pods initially
[2025-11-11T16:18:32.770+0000] {docker.py:438} INFO - Random selection: 1 pods
[2025-11-11T16:18:32.771+0000] {docker.py:438} INFO - Deleting pod: post-storage-service-594b6c7bf-9b4jl
[2025-11-11T16:18:32.771+0000] {docker.py:438} INFO - Deleted 1 pods: ['post-storage-service-594b6c7bf-9b4jl']
[2025-11-11T16:18:32.771+0000] {docker.py:438} INFO - ✅ Successfully restarted pods: ['post-storage-service-594b6c7bf-9b4jl']
[2025-11-11T16:18:32.771+0000] {docker.py:438} INFO - ⏳ Waiting 20 seconds until next restart...
[2025-11-11T16:18:32.772+0000] {docker.py:438} INFO - 📊 Time remaining: 116 seconds
[2025-11-11T16:18:32.772+0000] {docker.py:438} INFO - 
[2025-11-11T16:18:32.772+0000] {docker.py:438} INFO - ==================================================
[2025-11-11T16:18:32.773+0000] {docker.py:438} INFO - 🔄 Restart #11 at 2025-11-11 16:17:10
[2025-11-11T16:18:32.773+0000] {docker.py:438} INFO - ==================================================
[2025-11-11T16:18:32.773+0000] {docker.py:438} INFO - Hello world - terminate function started!
[2025-11-11T16:18:32.773+0000] {docker.py:438} INFO - Selecting pods with label_selector: app=post-storage-service
[2025-11-11T16:18:32.774+0000] {docker.py:438} INFO - Found 2 pods initially
[2025-11-11T16:18:32.774+0000] {docker.py:438} INFO - Random selection: 1 pods
[2025-11-11T16:18:32.774+0000] {docker.py:438} INFO - Deleting pod: post-storage-service-594b6c7bf-rq66z
[2025-11-11T16:18:32.774+0000] {docker.py:438} INFO - Deleted 1 pods: ['post-storage-service-594b6c7bf-rq66z']
[2025-11-11T16:18:32.775+0000] {docker.py:438} INFO - ✅ Successfully restarted pods: ['post-storage-service-594b6c7bf-rq66z']
[2025-11-11T16:18:32.775+0000] {docker.py:438} INFO - ⏳ Waiting 20 seconds until next restart...
[2025-11-11T16:18:32.775+0000] {docker.py:438} INFO - 📊 Time remaining: 95 seconds
[2025-11-11T16:18:32.775+0000] {docker.py:438} INFO - 
[2025-11-11T16:18:32.776+0000] {docker.py:438} INFO - ==================================================
[2025-11-11T16:18:32.776+0000] {docker.py:438} INFO - 🔄 Restart #12 at 2025-11-11 16:17:31
[2025-11-11T16:18:32.776+0000] {docker.py:438} INFO - ==================================================
[2025-11-11T16:18:32.777+0000] {docker.py:438} INFO - Hello world - terminate function started!
[2025-11-11T16:18:32.777+0000] {docker.py:438} INFO - Selecting pods with label_selector: app=post-storage-service
[2025-11-11T16:18:32.777+0000] {docker.py:438} INFO - Found 2 pods initially
[2025-11-11T16:18:32.777+0000] {docker.py:438} INFO - Random selection: 1 pods
[2025-11-11T16:18:32.778+0000] {docker.py:438} INFO - Deleting pod: post-storage-service-594b6c7bf-rq66z
[2025-11-11T16:18:32.778+0000] {docker.py:438} INFO - Deleted 1 pods: ['post-storage-service-594b6c7bf-rq66z']
[2025-11-11T16:18:32.778+0000] {docker.py:438} INFO - ✅ Successfully restarted pods: ['post-storage-service-594b6c7bf-rq66z']
[2025-11-11T16:18:32.778+0000] {docker.py:438} INFO - ⏳ Waiting 20 seconds until next restart...
[2025-11-11T16:18:32.779+0000] {docker.py:438} INFO - 📊 Time remaining: 75 seconds
[2025-11-11T16:18:32.779+0000] {docker.py:438} INFO - 
[2025-11-11T16:18:32.779+0000] {docker.py:438} INFO - ==================================================
[2025-11-11T16:18:32.779+0000] {docker.py:438} INFO - 🔄 Restart #13 at 2025-11-11 16:17:51
[2025-11-11T16:18:32.780+0000] {docker.py:438} INFO - ==================================================
[2025-11-11T16:18:32.780+0000] {docker.py:438} INFO - Hello world - terminate function started!
[2025-11-11T16:18:32.780+0000] {docker.py:438} INFO - Selecting pods with label_selector: app=post-storage-service
[2025-11-11T16:18:32.781+0000] {docker.py:438} INFO - Found 1 pods initially
[2025-11-11T16:18:32.781+0000] {docker.py:438} INFO - Random selection: 1 pods
[2025-11-11T16:18:32.781+0000] {docker.py:438} INFO - Deleting pod: post-storage-service-594b6c7bf-tx6xh
[2025-11-11T16:18:32.781+0000] {docker.py:438} INFO - Deleted 1 pods: ['post-storage-service-594b6c7bf-tx6xh']
[2025-11-11T16:18:32.781+0000] {docker.py:438} INFO - ✅ Successfully restarted pods: ['post-storage-service-594b6c7bf-tx6xh']
[2025-11-11T16:18:32.782+0000] {docker.py:438} INFO - ⏳ Waiting 20 seconds until next restart...
[2025-11-11T16:18:32.782+0000] {docker.py:438} INFO - 📊 Time remaining: 54 seconds
[2025-11-11T16:18:32.782+0000] {docker.py:438} INFO - 
[2025-11-11T16:18:32.783+0000] {docker.py:438} INFO - ==================================================
[2025-11-11T16:18:32.783+0000] {docker.py:438} INFO - 🔄 Restart #14 at 2025-11-11 16:18:11
[2025-11-11T16:18:32.783+0000] {docker.py:438} INFO - ==================================================
[2025-11-11T16:18:32.784+0000] {docker.py:438} INFO - Hello world - terminate function started!
[2025-11-11T16:18:32.784+0000] {docker.py:438} INFO - Selecting pods with label_selector: app=post-storage-service
[2025-11-11T16:18:32.784+0000] {docker.py:438} INFO - Found 2 pods initially
[2025-11-11T16:18:32.784+0000] {docker.py:438} INFO - Random selection: 1 pods
[2025-11-11T16:18:32.785+0000] {docker.py:438} INFO - Deleting pod: post-storage-service-594b6c7bf-tx6xh
[2025-11-11T16:18:32.785+0000] {docker.py:438} INFO - Deleted 1 pods: ['post-storage-service-594b6c7bf-tx6xh']
[2025-11-11T16:18:32.785+0000] {docker.py:438} INFO - ✅ Successfully restarted pods: ['post-storage-service-594b6c7bf-tx6xh']
[2025-11-11T16:18:32.785+0000] {docker.py:438} INFO - ⏳ Waiting 20 seconds until next restart...
[2025-11-11T16:18:32.786+0000] {docker.py:438} INFO - 📊 Time remaining: 34 seconds
[2025-11-11T16:18:32.786+0000] {docker.py:438} INFO - 
[2025-11-11T16:18:32.786+0000] {docker.py:438} INFO - ==================================================
[2025-11-11T16:18:32.787+0000] {docker.py:438} INFO - 🔄 Restart #15 at 2025-11-11 16:18:32
[2025-11-11T16:18:32.787+0000] {docker.py:438} INFO - ==================================================
[2025-11-11T16:18:32.787+0000] {docker.py:438} INFO - Hello world - terminate function started!
[2025-11-11T16:18:32.787+0000] {docker.py:438} INFO - Selecting pods with label_selector: app=post-storage-service
[2025-11-11T16:18:32.788+0000] {docker.py:438} INFO - Found 1 pods initially
[2025-11-11T16:18:32.788+0000] {docker.py:438} INFO - Random selection: 1 pods
[2025-11-11T16:18:32.843+0000] {docker.py:438} INFO - [32m[2025-11-11 16:18:32 INFO] Let's rollback...
[2025-11-11T16:18:32.844+0000] {docker.py:438} INFO - [32m[2025-11-11 16:18:32 INFO] Rollback: uncordon-all-nodes
[2025-11-11T16:18:32.845+0000] {docker.py:438} INFO - [32m[2025-11-11 16:18:32 INFO] Action: uncordon-all-nodes
[2025-11-11T16:18:33.903+0000] {docker.py:438} INFO - [32m[2025-11-11 16:18:33 INFO] Experiment ended with status: completed
[2025-11-11T16:18:33.905+0000] {docker.py:438} INFO - Deleting pod: post-storage-service-594b6c7bf-xjnlv
[2025-11-11T16:18:33.905+0000] {docker.py:438} INFO - Deleted 1 pods: ['post-storage-service-594b6c7bf-xjnlv']
[2025-11-11T16:18:33.906+0000] {docker.py:438} INFO - ✅ Successfully restarted pods: ['post-storage-service-594b6c7bf-xjnlv']
[2025-11-11T16:18:33.906+0000] {docker.py:438} INFO - ⏰ Less than 20 seconds remaining, stopping experiment
[2025-11-11T16:18:33.906+0000] {docker.py:438} INFO - 
[2025-11-11T16:18:33.907+0000] {docker.py:438} INFO - ==================================================
[2025-11-11T16:18:33.907+0000] {docker.py:438} INFO - 🏁 Experiment Completed!
[2025-11-11T16:18:33.908+0000] {docker.py:438} INFO - ==================================================
[2025-11-11T16:18:33.908+0000] {docker.py:438} INFO - 📈 Total restarts performed: 15
[2025-11-11T16:18:33.908+0000] {docker.py:438} INFO - ⏱️  Total duration: 287 seconds
[2025-11-11T16:18:33.909+0000] {docker.py:438} INFO - 📊 Average interval: 19.1 seconds
[2025-11-11T16:18:34.428+0000] {taskinstance.py:340} INFO - ::group::Post task execution logs
[2025-11-11T16:18:34.429+0000] {taskinstance.py:352} INFO - Marking task as SUCCESS. dag_id=Cordon_Uncordon_Node, task_id=apply_cordon_uncordon_node, run_id=manual__2025-11-11T16:13:33.474122+00:00, execution_date=20251111T161333, start_date=20251111T161334, end_date=20251111T161834
[2025-11-11T16:18:34.480+0000] {local_task_job_runner.py:266} INFO - Task exited with return code 0
[2025-11-11T16:18:34.498+0000] {taskinstance.py:3900} INFO - 0 downstream tasks scheduled from follow-on schedule check
[2025-11-11T16:18:34.501+0000] {local_task_job_runner.py:245} INFO - ::endgroup::
