[2025-10-21T09:40:54.619+0000] {local_task_job_runner.py:123} INFO - ::group::Pre task execution logs
[2025-10-21T09:40:54.647+0000] {taskinstance.py:2612} INFO - Dependencies all met for dep_context=non-requeueable deps ti=<TaskInstance: Reinitialize_Application.apply_container_restart_docker scheduled__2025-01-10T00:00:00+00:00 [queued]>
[2025-10-21T09:40:54.680+0000] {taskinstance.py:2612} INFO - Dependencies all met for dep_context=requeueable deps ti=<TaskInstance: Reinitialize_Application.apply_container_restart_docker scheduled__2025-01-10T00:00:00+00:00 [queued]>
[2025-10-21T09:40:54.681+0000] {taskinstance.py:2865} INFO - Starting attempt 1 of 1
[2025-10-21T09:40:54.728+0000] {taskinstance.py:2888} INFO - Executing <Task(DockerOperator): apply_container_restart_docker> on 2025-01-10 00:00:00+00:00
[2025-10-21T09:40:54.753+0000] {standard_task_runner.py:72} INFO - Started process 3044 to run task
[2025-10-21T09:40:54.767+0000] {standard_task_runner.py:104} INFO - Running: ['***', 'tasks', 'run', 'Reinitialize_Application', 'apply_container_restart_docker', 'scheduled__2025-01-10T00:00:00+00:00', '--job-id', '10111', '--raw', '--subdir', 'DAGS_FOLDER/dag_factory.py', '--cfg-path', '/tmp/tmpvz82i0jx']
[2025-10-21T09:40:54.776+0000] {standard_task_runner.py:105} INFO - Job 10111: Subtask apply_container_restart_docker
[2025-10-21T09:40:54.948+0000] {task_command.py:467} INFO - Running <TaskInstance: Reinitialize_Application.apply_container_restart_docker scheduled__2025-01-10T00:00:00+00:00 [running]> on host workflow.y2twbfvcjkaujnl2bmtbxunhcb.cx.internal.cloudapp.net
[2025-10-21T09:40:55.240+0000] {taskinstance.py:3131} INFO - Exporting env vars: AIRFLOW_CTX_DAG_OWNER='***' AIRFLOW_CTX_DAG_ID='Reinitialize_Application' AIRFLOW_CTX_TASK_ID='apply_container_restart_docker' AIRFLOW_CTX_EXECUTION_DATE='2025-01-10T00:00:00+00:00' AIRFLOW_CTX_TRY_NUMBER='1' AIRFLOW_CTX_DAG_RUN_ID='scheduled__2025-01-10T00:00:00+00:00'
[2025-10-21T09:40:55.242+0000] {taskinstance.py:731} INFO - ::endgroup::
[2025-10-21T09:40:55.349+0000] {docker.py:367} INFO - Starting docker container from image priyanshu01ce/***_chaos:latest
[2025-10-21T09:40:56.036+0000] {docker.py:438} INFO - The container is run as root user. For security, consider using a regular user account.
[2025-10-21T09:41:13.683+0000] {docker.py:438} INFO - 
[2025-10-21T09:41:13.701+0000] {docker.py:438} INFO - total 596
[2025-10-21T09:41:13.701+0000] {docker.py:438} INFO - drwxr-xr-x 6    1000 1000   4096 Oct 21 09:39 .
[2025-10-21T09:41:13.702+0000] {docker.py:438} INFO - drwxr-xr-x 1 *** root   4096 Sep 26 10:44 ..
[2025-10-21T09:41:13.702+0000] {docker.py:438} INFO - -rw-r--r-- 1    1000 1000   1193 Sep  8 07:02 API_Latency.json
[2025-10-21T09:41:13.705+0000] {docker.py:438} INFO - -rw-r--r-- 1    1000 1000    729 Sep  9 10:30 API_Timeout.json
[2025-10-21T09:41:13.705+0000] {docker.py:438} INFO - -rw-r--r-- 1    1000 1000   1243 Sep 30 18:21 CPU_Stress_Test_Azure.yaml
[2025-10-21T09:41:13.706+0000] {docker.py:438} INFO - -rw-r--r-- 1    1000 1000   1331 Oct  7 18:22 Continuous_Load_Test_Azure.yaml
[2025-10-21T09:41:13.706+0000] {docker.py:438} INFO - -rw-r--r-- 1    1000 1000   1233 Sep 30 18:18 Load_Test_Azure.yaml
[2025-10-21T09:41:13.706+0000] {docker.py:438} INFO - -rw-r--r-- 1    1000 1000   1266 Oct 10 06:39 Memory_Stress_Test_Azure.yaml
[2025-10-21T09:41:13.709+0000] {docker.py:438} INFO - -rw-r--r-- 1    1000 1000   1178 Sep 30 18:19 Stress_Test_Azure.yaml
[2025-10-21T09:41:13.709+0000] {docker.py:438} INFO - drwxrwxr-x 2 root    root   4096 Oct 21 07:32 __pycache__
[2025-10-21T09:41:13.711+0000] {docker.py:438} INFO - drwxrwxr-x 5    1000 1000   4096 Oct 21 08:05 chaos_env
[2025-10-21T09:41:13.711+0000] {docker.py:438} INFO - -rw-r--r-- 1    1000 1000   8875 Sep 25 16:54 chaosk6_actions.py
[2025-10-21T09:41:13.712+0000] {docker.py:438} INFO - -rw-rw-r-- 1    1000 1000  38910 Oct 21 09:39 chaostoolkit.log
[2025-10-21T09:41:13.714+0000] {docker.py:438} INFO - -rw-r--r-- 1    1000 1000   3213 Sep  9 09:11 combined-sequential.json
[2025-10-21T09:41:13.714+0000] {docker.py:438} INFO - -rw-r--r-- 1    1000 1000    502 Sep 16 05:31 connection_test_experiment.json
[2025-10-21T09:41:13.715+0000] {docker.py:438} INFO - -rw-r--r-- 1    1000 1000   1420 Sep 24 06:53 container_restart.json
[2025-10-21T09:41:13.715+0000] {docker.py:438} INFO - -rw-r--r-- 1    1000 1000  16452 Sep 26 09:59 container_restart.py
[2025-10-21T09:41:13.718+0000] {docker.py:438} INFO - -rw-r--r-- 1    1000 1000   1313 Oct  9 06:32 container_restart_Azure.yaml
[2025-10-21T09:41:13.718+0000] {docker.py:438} INFO - -rw-r--r-- 1    1000 1000   1409 Sep 18 12:30 continuous_load_test.json
[2025-10-21T09:41:13.718+0000] {docker.py:438} INFO - -rw-r--r-- 1    1000 1000   1637 Sep 25 10:13 cordon-uncordon-node.json
[2025-10-21T09:41:13.719+0000] {docker.py:438} INFO - -rw-r--r-- 1    1000 1000   1637 Sep 25 04:39 cordon_test.json
[2025-10-21T09:41:13.719+0000] {docker.py:438} INFO - -rw-r--r-- 1    1000 1000   1034 Sep 30 18:27 cordon_uncordon_node_Azure.yaml
[2025-10-21T09:41:13.721+0000] {docker.py:438} INFO - -rw-r--r-- 1    1000 1000   1203 Sep 30 06:51 cpu_stress_ng.json
[2025-10-21T09:41:13.721+0000] {docker.py:438} INFO - -rw-r--r-- 1    1000 1000   1760 Oct 21 08:00 db_cleanup.json
[2025-10-21T09:41:13.722+0000] {docker.py:438} INFO - -rw-r--r-- 1    1000 1000   6399 Sep 24 07:40 db_cleanup.py
[2025-10-21T09:41:13.722+0000] {docker.py:438} INFO - -rw-r--r-- 1    1000 1000   1124 Oct 21 07:06 db_cleanup_docker_Azure.yaml
[2025-10-21T09:41:13.722+0000] {docker.py:438} INFO - -rw-r--r-- 1    1000 1000   5257 Oct 21 09:22 journal.json
[2025-10-21T09:41:13.724+0000] {docker.py:438} INFO - -rw-rw-r-- 1 root    root 294669 Oct 21 09:39 k6_continuous_load.log
[2025-10-21T09:41:13.724+0000] {docker.py:438} INFO - -rw-r--r-- 1    1000 1000   3905 Oct 21 08:32 k6_continuous_summary.json
[2025-10-21T09:41:13.725+0000] {docker.py:438} INFO - -rw-r--r-- 1    1000 1000   3433 Sep 25 09:28 k6_summary.json
[2025-10-21T09:41:13.725+0000] {docker.py:438} INFO - -rw-r--r-- 1    1000 1000    989 Sep 30 09:24 kubernetes_actions.json
[2025-10-21T09:41:13.725+0000] {docker.py:438} INFO - -rw-r--r-- 1    1000 1000  10961 Sep 30 09:23 kubernetes_actions.py
[2025-10-21T09:41:13.728+0000] {docker.py:438} INFO - -rw-r--r-- 1    1000 1000    945 Sep 21 16:40 load_test.json
[2025-10-21T09:41:13.728+0000] {docker.py:438} INFO - -rw-r--r-- 1    1000 1000    528 Sep 17 12:13 max_connection_experiment.json
[2025-10-21T09:41:13.731+0000] {docker.py:438} INFO - -rw-r--r-- 1    1000 1000   1227 Sep 13 15:20 memory-stress-rollback.json
[2025-10-21T09:41:13.731+0000] {docker.py:438} INFO - -rw-rw-r-- 1    1000 1000    982 Oct 10 06:38 memory_stress.json
[2025-10-21T09:41:13.731+0000] {docker.py:438} INFO - -rw-rw-r-- 1    1000 1000   4581 Oct 10 06:38 memory_stress.py
[2025-10-21T09:41:13.732+0000] {docker.py:438} INFO - -rw-r--r-- 1    1000 1000   1421 Sep 29 05:20 mongo_db_container_restart.json
[2025-10-21T09:41:13.732+0000] {docker.py:438} INFO - -rw-r--r-- 1    1000 1000   7586 Sep 18 05:54 mongodb_actions.py
[2025-10-21T09:41:13.733+0000] {docker.py:438} INFO - -rw-r--r-- 1    1000 1000   2136 Sep 18 11:23 mongodb_connection.json
[2025-10-21T09:41:13.733+0000] {docker.py:438} INFO - -rw-r--r-- 1    1000 1000    597 Sep 16 09:17 mongodb_network_latency_experiment.json
[2025-10-21T09:41:13.733+0000] {docker.py:438} INFO - -rw-r--r-- 1    1000 1000   3657 Sep 18 05:42 mongodb_probes.py
[2025-10-21T09:41:13.736+0000] {docker.py:438} INFO - -rw-r--r-- 1    1000 1000   6161 Sep 12 08:04 pod_restart.py
[2025-10-21T09:41:13.736+0000] {docker.py:438} INFO - -rw-r--r-- 1    1000 1000   1497 Sep 30 05:50 redis_config_faults.py
[2025-10-21T09:41:13.737+0000] {docker.py:438} INFO - -rw-r--r-- 1    1000 1000    862 Sep 30 05:50 redis_experiment.json
[2025-10-21T09:41:13.737+0000] {docker.py:438} INFO - -rw-r--r-- 1    1000 1000    945 Sep 18 06:53 redis_load.json
[2025-10-21T09:41:13.737+0000] {docker.py:438} INFO - -rw-r--r-- 1    1000 1000   1306 Oct  9 16:34 redis_memory_stress_Azure.yaml
[2025-10-21T09:41:13.741+0000] {docker.py:438} INFO - -rw-rw-r-- 1    1000 1000   1333 Oct 21 09:39 reinitialize_application.yaml
[2025-10-21T09:41:13.741+0000] {docker.py:438} INFO - -rw-r--r-- 1    1000 1000   1284 Sep 25 10:53 run_load_test_with_cleanup.py
[2025-10-21T09:41:13.742+0000] {docker.py:438} INFO - drwxr-xr-x 2    1000 1000   4096 Oct  8 01:13 scripts
[2025-10-21T09:41:13.742+0000] {docker.py:438} INFO - drwxr-xr-x 4    1000 1000   4096 Sep 30 09:41 socialNetwork
[2025-10-21T09:41:13.742+0000] {docker.py:438} INFO - -rw-r--r-- 1    1000 1000    821 Sep 26 13:20 stress_test.json
[2025-10-21T09:41:13.744+0000] {docker.py:438} INFO - -rw-r--r-- 1    1000 1000    367 Sep 17 07:24 test_params.json
[2025-10-21T09:41:13.745+0000] {docker.py:438} INFO - Starting Reinitializing the Social Networking Application...
[2025-10-21T09:41:14.558+0000] {docker.py:438} INFO - [32m[2025-10-21 09:41:14 INFO] Validating the experiment's syntax
[2025-10-21T09:41:15.221+0000] {docker.py:438} INFO - [32m[2025-10-21 09:41:15 INFO] Experiment looks valid
[2025-10-21T09:41:15.224+0000] {docker.py:438} INFO - [32m[2025-10-21 09:41:15 INFO] Running experiment: Simple Social Network Reset
[2025-10-21T09:41:15.226+0000] {docker.py:438} INFO - [32m[2025-10-21 09:41:15 INFO] Steady-state strategy: default
[2025-10-21T09:41:15.227+0000] {docker.py:438} INFO - [32m[2025-10-21 09:41:15 INFO] Rollbacks strategy: default
[2025-10-21T09:41:15.227+0000] {docker.py:438} INFO - [32m[2025-10-21 09:41:15 INFO] No steady state hypothesis defined. That's ok, just exploring.
[2025-10-21T09:41:15.228+0000] {docker.py:438} INFO - [32m[2025-10-21 09:41:15 INFO] Playing your experiment's method now...
[2025-10-21T09:41:15.228+0000] {docker.py:438} INFO - [32m[2025-10-21 09:41:15 INFO] Action: complete-reset-and-reinit
[2025-10-21T09:41:15.229+0000] {docker.py:438} INFO - INFO:kubernetes_actions:Starting complete reset and reinitialization...
[2025-10-21T09:41:15.229+0000] {docker.py:438} INFO - INFO:kubernetes_actions:Starting full social network reset...
[2025-10-21T09:41:15.232+0000] {docker.py:438} INFO - INFO:kubernetes_actions:Clearing Redis data...
[2025-10-21T09:41:15.256+0000] {docker.py:438} INFO - INFO:kubernetes_actions:Loaded local Kubernetes config
[2025-10-21T09:41:15.276+0000] {docker.py:438} INFO - INFO:kubernetes_actions:Loaded local Kubernetes config
[2025-10-21T09:41:15.649+0000] {docker.py:438} INFO - INFO:kubernetes_actions:Found running pod: social-graph-redis-64bd79b48b-872bt for deployment: social-graph-redis
[2025-10-21T09:41:15.650+0000] {docker.py:438} INFO - INFO:kubernetes_actions:Executing command in pod social-graph-redis-64bd79b48b-872bt, container social-graph-redis: redis-cli FLUSHALL
[2025-10-21T09:41:17.006+0000] {docker.py:438} INFO - INFO:kubernetes_actions:Command executed successfully. Output: OK
[2025-10-21T09:41:17.059+0000] {docker.py:438} INFO - INFO:kubernetes_actions:Loaded local Kubernetes config
[2025-10-21T09:41:17.085+0000] {docker.py:438} INFO - INFO:kubernetes_actions:Loaded local Kubernetes config
[2025-10-21T09:41:17.415+0000] {docker.py:438} INFO - INFO:kubernetes_actions:Found running pod: home-timeline-redis-744dd9998f-pjkn8 for deployment: home-timeline-redis
[2025-10-21T09:41:17.416+0000] {docker.py:438} INFO - INFO:kubernetes_actions:Executing command in pod home-timeline-redis-744dd9998f-pjkn8, container home-timeline-redis: redis-cli FLUSHALL
[2025-10-21T09:41:18.899+0000] {docker.py:438} INFO - INFO:kubernetes_actions:Command executed successfully. Output: OK
[2025-10-21T09:41:18.944+0000] {docker.py:438} INFO - INFO:kubernetes_actions:Loaded local Kubernetes config
[2025-10-21T09:41:18.964+0000] {docker.py:438} INFO - INFO:kubernetes_actions:Loaded local Kubernetes config
[2025-10-21T09:41:19.283+0000] {docker.py:438} INFO - INFO:kubernetes_actions:Found running pod: user-timeline-redis-7b8f6ff4fb-nnwvw for deployment: user-timeline-redis
[2025-10-21T09:41:19.284+0000] {docker.py:438} INFO - INFO:kubernetes_actions:Executing command in pod user-timeline-redis-7b8f6ff4fb-nnwvw, container user-timeline-redis: redis-cli FLUSHALL
[2025-10-21T09:41:22.147+0000] {docker.py:438} INFO - INFO:kubernetes_actions:Command executed successfully. Output: OK
[2025-10-21T09:41:22.147+0000] {docker.py:438} INFO - 
[2025-10-21T09:41:22.148+0000] {docker.py:438} INFO - INFO:kubernetes_actions:Clearing Memcached data...
[2025-10-21T09:41:22.170+0000] {docker.py:438} INFO - INFO:kubernetes_actions:Loaded local Kubernetes config
[2025-10-21T09:41:22.188+0000] {docker.py:438} INFO - INFO:kubernetes_actions:Loaded local Kubernetes config
[2025-10-21T09:41:22.539+0000] {docker.py:438} INFO - INFO:kubernetes_actions:Found running pod: post-storage-memcached-67c6cc65cc-kzdlc for deployment: post-storage-memcached
[2025-10-21T09:41:22.541+0000] {docker.py:438} INFO - INFO:kubernetes_actions:Executing command in pod post-storage-memcached-67c6cc65cc-kzdlc, container post-storage-memcached: sh -c echo 'flush_all' | nc localhost 11211
[2025-10-21T09:41:23.902+0000] {docker.py:438} INFO - INFO:kubernetes_actions:Command executed successfully. Output: sh: 1: nc: not found
[2025-10-21T09:41:23.918+0000] {docker.py:438} INFO - INFO:kubernetes_actions:Loaded local Kubernetes config
[2025-10-21T09:41:23.942+0000] {docker.py:438} INFO - INFO:kubernetes_actions:Loaded local Kubernetes config
[2025-10-21T09:41:24.380+0000] {docker.py:438} INFO - INFO:kubernetes_actions:Found running pod: user-memcached-56f89988c-68wlh for deployment: user-memcached
[2025-10-21T09:41:24.382+0000] {docker.py:438} INFO - INFO:kubernetes_actions:Executing command in pod user-memcached-56f89988c-68wlh, container user-memcached: sh -c echo 'flush_all' | nc localhost 11211
[2025-10-21T09:41:25.741+0000] {docker.py:438} INFO - INFO:kubernetes_actions:Command executed successfully. Output: sh: 1: nc: not found
[2025-10-21T09:41:25.744+0000] {docker.py:438} INFO - INFO:kubernetes_actions:Dropping MongoDB databases...
[2025-10-21T09:41:25.760+0000] {docker.py:438} INFO - INFO:kubernetes_actions:Loaded local Kubernetes config
[2025-10-21T09:41:25.778+0000] {docker.py:438} INFO - INFO:kubernetes_actions:Loaded local Kubernetes config
[2025-10-21T09:41:26.124+0000] {docker.py:438} INFO - INFO:kubernetes_actions:Found running pod: post-storage-mongodb-7f7657964c-qvfvs for deployment: post-storage-mongodb
[2025-10-21T09:41:26.125+0000] {docker.py:438} INFO - INFO:kubernetes_actions:Executing command in pod post-storage-mongodb-7f7657964c-qvfvs, container post-storage-mongodb: mongo --eval db.getSiblingDB('post').dropDatabase()
[2025-10-21T09:41:27.699+0000] {docker.py:438} INFO - INFO:kubernetes_actions:Command executed successfully. Output: MongoDB shell version v4.4.6
[2025-10-21T09:41:27.700+0000] {docker.py:438} INFO - connecting to: mongodb://127.0.0.1:27017/?compressors=disabled&gssapiServiceName=mongodb
[2025-10-21T09:41:27.700+0000] {docker.py:438} INFO - Implicit session: session { "id" : UUID("e7d956c0-8104-41d7-9544-ad3412e8b94a") }
[2025-10-21T09:41:27.701+0000] {docker.py:438} INFO - MongoDB server version: 4.4.6
[2025-10-21T09:41:27.701+0000] {docker.py:438} INFO - { "dropped" : "post", "ok" : 1 }
[2025-10-21T09:41:27.721+0000] {docker.py:438} INFO - INFO:kubernetes_actions:Loaded local Kubernetes config
[2025-10-21T09:41:27.739+0000] {docker.py:438} INFO - INFO:kubernetes_actions:Loaded local Kubernetes config
[2025-10-21T09:41:28.049+0000] {docker.py:438} INFO - INFO:kubernetes_actions:Found running pod: post-storage-mongodb-7f7657964c-qvfvs for deployment: post-storage-mongodb
[2025-10-21T09:41:28.050+0000] {docker.py:438} INFO - INFO:kubernetes_actions:Executing command in pod post-storage-mongodb-7f7657964c-qvfvs, container post-storage-mongodb: mongo --eval db.getSiblingDB('READ__ME_TO_RECOVER_YOUR_DATA').dropDatabase()
[2025-10-21T09:41:29.615+0000] {docker.py:438} INFO - INFO:kubernetes_actions:Command executed successfully. Output: MongoDB shell version v4.4.6
[2025-10-21T09:41:29.616+0000] {docker.py:438} INFO - connecting to: mongodb://127.0.0.1:27017/?compressors=disabled&gssapiServiceName=mongodb
[2025-10-21T09:41:29.616+0000] {docker.py:438} INFO - Implicit session: session { "id" : UUID("a0abaccb-aa65-4bbd-8872-793693deccae") }
[2025-10-21T09:41:29.617+0000] {docker.py:438} INFO - MongoDB server version: 4.4.6
[2025-10-21T09:41:29.617+0000] {docker.py:438} INFO - { "dropped" : "READ__ME_TO_RECOVER_YOUR_DATA", "ok" : 1 }
[2025-10-21T09:41:29.634+0000] {docker.py:438} INFO - INFO:kubernetes_actions:Loaded local Kubernetes config
[2025-10-21T09:41:29.651+0000] {docker.py:438} INFO - INFO:kubernetes_actions:Loaded local Kubernetes config
[2025-10-21T09:41:30.059+0000] {docker.py:438} INFO - INFO:kubernetes_actions:Found running pod: user-mongodb-f95b7d968-bhjcd for deployment: user-mongodb
[2025-10-21T09:41:30.060+0000] {docker.py:438} INFO - INFO:kubernetes_actions:Executing command in pod user-mongodb-f95b7d968-bhjcd, container user-mongodb: mongo --eval db.getSiblingDB('user').dropDatabase()
[2025-10-21T09:41:31.607+0000] {docker.py:438} INFO - INFO:kubernetes_actions:Command executed successfully. Output: MongoDB shell version v4.4.6
[2025-10-21T09:41:31.608+0000] {docker.py:438} INFO - connecting to: mongodb://127.0.0.1:27017/?compressors=disabled&gssapiServiceName=mongodb
[2025-10-21T09:41:31.608+0000] {docker.py:438} INFO - Implicit session: session { "id" : UUID("22e00faa-d5e8-4fa3-a4a2-48cf6e186fea") }
[2025-10-21T09:41:31.611+0000] {docker.py:438} INFO - MongoDB server version: 4.4.6
[2025-10-21T09:41:31.611+0000] {docker.py:438} INFO - { "dropped" : "user", "ok" : 1 }
[2025-10-21T09:41:31.626+0000] {docker.py:438} INFO - INFO:kubernetes_actions:Loaded local Kubernetes config
[2025-10-21T09:41:31.643+0000] {docker.py:438} INFO - INFO:kubernetes_actions:Loaded local Kubernetes config
[2025-10-21T09:41:32.069+0000] {docker.py:438} INFO - INFO:kubernetes_actions:Found running pod: user-mongodb-f95b7d968-bhjcd for deployment: user-mongodb
[2025-10-21T09:41:32.074+0000] {docker.py:438} INFO - INFO:kubernetes_actions:Executing command in pod user-mongodb-f95b7d968-bhjcd, container user-mongodb: mongo --eval db.getSiblingDB('READ__ME_TO_RECOVER_YOUR_DATA').dropDatabase()
[2025-10-21T09:41:33.709+0000] {docker.py:438} INFO - INFO:kubernetes_actions:Command executed successfully. Output: MongoDB shell version v4.4.6
[2025-10-21T09:41:33.710+0000] {docker.py:438} INFO - connecting to: mongodb://127.0.0.1:27017/?compressors=disabled&gssapiServiceName=mongodb
[2025-10-21T09:41:33.710+0000] {docker.py:438} INFO - Implicit session: session { "id" : UUID("02d7a4ad-44a8-4b98-8ac6-957e45c895aa") }
[2025-10-21T09:41:33.711+0000] {docker.py:438} INFO - MongoDB server version: 4.4.6
[2025-10-21T09:41:33.711+0000] {docker.py:438} INFO - { "ok" : 1 }
[2025-10-21T09:41:33.727+0000] {docker.py:438} INFO - INFO:kubernetes_actions:Loaded local Kubernetes config
[2025-10-21T09:41:33.746+0000] {docker.py:438} INFO - INFO:kubernetes_actions:Loaded local Kubernetes config
[2025-10-21T09:41:34.024+0000] {docker.py:438} INFO - INFO:kubernetes_actions:Found running pod: social-graph-mongodb-77fd77d9f4-ckft8 for deployment: social-graph-mongodb
[2025-10-21T09:41:34.025+0000] {docker.py:438} INFO - INFO:kubernetes_actions:Executing command in pod social-graph-mongodb-77fd77d9f4-ckft8, container social-graph-mongodb: mongo --eval db.getSiblingDB('social-graph').dropDatabase()
[2025-10-21T09:41:35.516+0000] {docker.py:438} INFO - INFO:kubernetes_actions:Command executed successfully. Output: MongoDB shell version v4.4.6
[2025-10-21T09:41:35.517+0000] {docker.py:438} INFO - connecting to: mongodb://127.0.0.1:27017/?compressors=disabled&gssapiServiceName=mongodb
[2025-10-21T09:41:35.517+0000] {docker.py:438} INFO - Implicit session: session { "id" : UUID("c867ae32-6ea2-4fbc-b020-de758eb399be") }
[2025-10-21T09:41:35.518+0000] {docker.py:438} INFO - MongoDB server version: 4.4.6
[2025-10-21T09:41:35.518+0000] {docker.py:438} INFO - { "dropped" : "social-graph", "ok" : 1 }
[2025-10-21T09:41:35.538+0000] {docker.py:438} INFO - INFO:kubernetes_actions:Loaded local Kubernetes config
[2025-10-21T09:41:35.569+0000] {docker.py:438} INFO - INFO:kubernetes_actions:Loaded local Kubernetes config
[2025-10-21T09:41:35.851+0000] {docker.py:438} INFO - INFO:kubernetes_actions:Found running pod: social-graph-mongodb-77fd77d9f4-ckft8 for deployment: social-graph-mongodb
[2025-10-21T09:41:35.853+0000] {docker.py:438} INFO - INFO:kubernetes_actions:Executing command in pod social-graph-mongodb-77fd77d9f4-ckft8, container social-graph-mongodb: mongo --eval db.getSiblingDB('READ__ME_TO_RECOVER_YOUR_DATA').dropDatabase()
[2025-10-21T09:41:37.409+0000] {docker.py:438} INFO - INFO:kubernetes_actions:Command executed successfully. Output: MongoDB shell version v4.4.6
[2025-10-21T09:41:37.410+0000] {docker.py:438} INFO - connecting to: mongodb://127.0.0.1:27017/?compressors=disabled&gssapiServiceName=mongodb
[2025-10-21T09:41:37.410+0000] {docker.py:438} INFO - Implicit session: session { "id" : UUID("624c5314-805f-466e-a43b-671378169fb2") }
[2025-10-21T09:41:37.411+0000] {docker.py:438} INFO - MongoDB server version: 4.4.6
[2025-10-21T09:41:37.411+0000] {docker.py:438} INFO - { "ok" : 1 }
[2025-10-21T09:41:37.428+0000] {docker.py:438} INFO - INFO:kubernetes_actions:Loaded local Kubernetes config
[2025-10-21T09:41:37.462+0000] {docker.py:438} INFO - INFO:kubernetes_actions:Loaded local Kubernetes config
[2025-10-21T09:41:37.833+0000] {docker.py:438} INFO - INFO:kubernetes_actions:Found running pod: user-timeline-mongodb-67d99cb56c-b4f47 for deployment: user-timeline-mongodb
[2025-10-21T09:41:37.836+0000] {docker.py:438} INFO - INFO:kubernetes_actions:Executing command in pod user-timeline-mongodb-67d99cb56c-b4f47, container user-timeline-mongodb: mongo --eval db.getSiblingDB('user-timeline').dropDatabase()
[2025-10-21T09:41:38.169+0000] {docker.py:438} INFO - ERROR:kubernetes_actions:Failed to execute command: (0)
[2025-10-21T09:41:38.170+0000] {docker.py:438} INFO - Reason: Handshake status 500 Internal Server Error -+-+- {'date': 'Tue, 21 Oct 2025 09:41:38 GMT', 'connection': 'close', 'content-length': '0'} -+-+- b''
[2025-10-21T09:41:38.195+0000] {docker.py:438} INFO - INFO:kubernetes_actions:Loaded local Kubernetes config
[2025-10-21T09:41:38.213+0000] {docker.py:438} INFO - INFO:kubernetes_actions:Loaded local Kubernetes config
[2025-10-21T09:41:38.607+0000] {docker.py:438} INFO - INFO:kubernetes_actions:Found running pod: user-timeline-mongodb-67d99cb56c-b4f47 for deployment: user-timeline-mongodb
[2025-10-21T09:41:38.615+0000] {docker.py:438} INFO - INFO:kubernetes_actions:Executing command in pod user-timeline-mongodb-67d99cb56c-b4f47, container user-timeline-mongodb: mongo --eval db.getSiblingDB('READ__ME_TO_RECOVER_YOUR_DATA').dropDatabase()
[2025-10-21T09:41:38.943+0000] {docker.py:438} INFO - ERROR:kubernetes_actions:Failed to execute command: (0)
[2025-10-21T09:41:38.944+0000] {docker.py:438} INFO - Reason: Handshake status 500 Internal Server Error -+-+- {'date': 'Tue, 21 Oct 2025 09:41:38 GMT', 'connection': 'close', 'content-length': '0'} -+-+- b''
[2025-10-21T09:41:38.944+0000] {docker.py:438} INFO - 
[2025-10-21T09:41:38.945+0000] {docker.py:438} INFO - INFO:kubernetes_actions:Full social network reset completed
[2025-10-21T09:41:43.960+0000] {docker.py:438} INFO - INFO:kubernetes_actions:Loaded local Kubernetes config
[2025-10-21T09:41:43.962+0000] {docker.py:438} INFO - INFO:kubernetes_actions:Restarting deployment: social-graph-service
[2025-10-21T09:41:44.356+0000] {docker.py:438} INFO - INFO:kubernetes_actions:✅ Successfully restarted social-graph-service
[2025-10-21T09:41:44.357+0000] {docker.py:438} INFO - INFO:kubernetes_actions:Restarting deployment: user-service
[2025-10-21T09:41:44.551+0000] {docker.py:438} INFO - INFO:kubernetes_actions:✅ Successfully restarted user-service
[2025-10-21T09:41:44.553+0000] {docker.py:438} INFO - INFO:kubernetes_actions:Restarting deployment: post-storage-service
[2025-10-21T09:41:44.732+0000] {docker.py:438} INFO - INFO:kubernetes_actions:✅ Successfully restarted post-storage-service
[2025-10-21T09:41:44.733+0000] {docker.py:438} INFO - INFO:kubernetes_actions:Restarting deployment: compose-post-service
[2025-10-21T09:41:44.909+0000] {docker.py:438} INFO - INFO:kubernetes_actions:✅ Successfully restarted compose-post-service
[2025-10-21T09:41:44.910+0000] {docker.py:438} INFO - INFO:kubernetes_actions:Restarting deployment: home-timeline-service
[2025-10-21T09:41:45.092+0000] {docker.py:438} INFO - INFO:kubernetes_actions:✅ Successfully restarted home-timeline-service
[2025-10-21T09:41:45.094+0000] {docker.py:438} INFO - INFO:kubernetes_actions:Restarting deployment: user-timeline-service
[2025-10-21T09:41:45.277+0000] {docker.py:438} INFO - INFO:kubernetes_actions:✅ Successfully restarted user-timeline-service
[2025-10-21T09:41:45.278+0000] {docker.py:438} INFO - INFO:kubernetes_actions:Restarting deployment: nginx-thrift
[2025-10-21T09:41:45.520+0000] {docker.py:438} INFO - INFO:kubernetes_actions:✅ Successfully restarted nginx-thrift
[2025-10-21T09:41:45.528+0000] {docker.py:438} INFO - INFO:kubernetes_actions:Restarting deployment: text-service
[2025-10-21T09:41:45.718+0000] {docker.py:438} INFO - INFO:kubernetes_actions:✅ Successfully restarted text-service
[2025-10-21T09:41:45.720+0000] {docker.py:438} INFO - INFO:kubernetes_actions:Restarting deployment: unique-id-service
[2025-10-21T09:41:45.905+0000] {docker.py:438} INFO - INFO:kubernetes_actions:✅ Successfully restarted unique-id-service
[2025-10-21T09:41:45.906+0000] {docker.py:438} INFO - INFO:kubernetes_actions:Restarting deployment: user-mention-service
[2025-10-21T09:41:46.122+0000] {docker.py:438} INFO - INFO:kubernetes_actions:✅ Successfully restarted user-mention-service
[2025-10-21T09:41:46.123+0000] {docker.py:438} INFO - INFO:kubernetes_actions:Waiting 90 seconds for services to restart...
[2025-10-21T09:43:16.126+0000] {docker.py:438} INFO - INFO:kubernetes_actions:Reinitializing social network data...
[2025-10-21T09:51:19.372+0000] {docker.py:438} INFO - INFO:kubernetes_actions:Social network reinitialization completed successfully
[2025-10-21T09:51:19.375+0000] {docker.py:438} INFO - [32m[2025-10-21 09:51:19 INFO] Let's rollback...
[2025-10-21T09:51:19.376+0000] {docker.py:438} INFO - [32m[2025-10-21 09:51:19 INFO] No declared rollbacks, let's move on.
[2025-10-21T09:51:19.377+0000] {docker.py:438} INFO - [32m[2025-10-21 09:51:19 INFO] Experiment ended with status: completed
[2025-10-21T09:51:19.724+0000] {docker.py:438} INFO - Reinitialized Social Networking APplication successfully
[2025-10-21T09:51:20.079+0000] {taskinstance.py:340} INFO - ::group::Post task execution logs
[2025-10-21T09:51:20.080+0000] {taskinstance.py:352} INFO - Marking task as SUCCESS. dag_id=Reinitialize_Application, task_id=apply_container_restart_docker, run_id=scheduled__2025-01-10T00:00:00+00:00, execution_date=20250110T000000, start_date=20251021T094054, end_date=20251021T095120
[2025-10-21T09:51:20.160+0000] {local_task_job_runner.py:266} INFO - Task exited with return code 0
[2025-10-21T09:51:20.187+0000] {local_task_job_runner.py:245} INFO - ::endgroup::
