[2025-10-22T06:51:38.801+0000] {local_task_job_runner.py:123} INFO - ::group::Pre task execution logs
[2025-10-22T06:51:38.849+0000] {taskinstance.py:2612} INFO - Dependencies all met for dep_context=non-requeueable deps ti=<TaskInstance: Cordon_Uncordon_Node.apply_cordon_uncordon_node manual__2025-10-22T06:51:36.099441+00:00 [queued]>
[2025-10-22T06:51:38.872+0000] {taskinstance.py:2612} INFO - Dependencies all met for dep_context=requeueable deps ti=<TaskInstance: Cordon_Uncordon_Node.apply_cordon_uncordon_node manual__2025-10-22T06:51:36.099441+00:00 [queued]>
[2025-10-22T06:51:38.872+0000] {taskinstance.py:2865} INFO - Starting attempt 1 of 1
[2025-10-22T06:51:38.917+0000] {taskinstance.py:2888} INFO - Executing <Task(DockerOperator): apply_cordon_uncordon_node> on 2025-10-22 06:51:36.099441+00:00
[2025-10-22T06:51:38.947+0000] {standard_task_runner.py:72} INFO - Started process 3289 to run task
[2025-10-22T06:51:38.974+0000] {standard_task_runner.py:104} INFO - Running: ['***', 'tasks', 'run', 'Cordon_Uncordon_Node', 'apply_cordon_uncordon_node', 'manual__2025-10-22T06:51:36.099441+00:00', '--job-id', '10324', '--raw', '--subdir', 'DAGS_FOLDER/dag_factory.py', '--cfg-path', '/tmp/tmpd3ksp63z']
[2025-10-22T06:51:38.976+0000] {standard_task_runner.py:105} INFO - Job 10324: Subtask apply_cordon_uncordon_node
[2025-10-22T06:51:39.076+0000] {task_command.py:467} INFO - Running <TaskInstance: Cordon_Uncordon_Node.apply_cordon_uncordon_node manual__2025-10-22T06:51:36.099441+00:00 [running]> on host workflow.y2twbfvcjkaujnl2bmtbxunhcb.cx.internal.cloudapp.net
[2025-10-22T06:51:39.239+0000] {taskinstance.py:3131} INFO - Exporting env vars: AIRFLOW_CTX_DAG_OWNER='***' AIRFLOW_CTX_DAG_ID='Cordon_Uncordon_Node' AIRFLOW_CTX_TASK_ID='apply_cordon_uncordon_node' AIRFLOW_CTX_EXECUTION_DATE='2025-10-22T06:51:36.099441+00:00' AIRFLOW_CTX_TRY_NUMBER='1' AIRFLOW_CTX_DAG_RUN_ID='manual__2025-10-22T06:51:36.099441+00:00'
[2025-10-22T06:51:39.242+0000] {taskinstance.py:731} INFO - ::endgroup::
[2025-10-22T06:51:39.323+0000] {docker.py:367} INFO - Starting docker container from image ***_chaos:latest
[2025-10-22T06:51:40.013+0000] {docker.py:438} INFO - The container is run as root user. For security, consider using a regular user account.
[2025-10-22T06:52:12.569+0000] {docker.py:438} INFO - 
[2025-10-22T06:52:14.203+0000] {docker.py:438} INFO - [32m[2025-10-22 06:52:14 INFO] Validating the experiment's syntax
[2025-10-22T06:52:15.576+0000] {docker.py:438} INFO - [32m[2025-10-22 06:52:15 INFO] Experiment looks valid
[2025-10-22T06:52:15.578+0000] {docker.py:438} INFO - [32m[2025-10-22 06:52:15 INFO] Running experiment: Cordon-Pod Restart Combined Experiment
[2025-10-22T06:52:15.583+0000] {docker.py:438} INFO - [32m[2025-10-22 06:52:15 INFO] Steady-state strategy: default
[2025-10-22T06:52:15.584+0000] {docker.py:438} INFO - [32m[2025-10-22 06:52:15 INFO] Rollbacks strategy: default
[2025-10-22T06:52:15.585+0000] {docker.py:438} INFO - [32m[2025-10-22 06:52:15 INFO] No steady state hypothesis defined. That's ok, just exploring.
[2025-10-22T06:52:15.586+0000] {docker.py:438} INFO - [32m[2025-10-22 06:52:15 INFO] Playing your experiment's method now...
[2025-10-22T06:52:15.587+0000] {docker.py:438} INFO - [32m[2025-10-22 06:52:15 INFO] Action: cordon-nodes
[2025-10-22T06:52:17.014+0000] {docker.py:438} INFO - [32m[2025-10-22 06:52:17 INFO] Action: continuous-pod-restart-during-cordon
[2025-10-22T06:57:03.844+0000] {docker.py:438} INFO - 🚀 Starting continuous pod restart experiment
[2025-10-22T06:57:03.845+0000] {docker.py:438} INFO - 📅 Interval: 20 seconds
[2025-10-22T06:57:03.845+0000] {docker.py:438} INFO - ⏱️  Duration: 300 seconds
[2025-10-22T06:57:03.845+0000] {docker.py:438} INFO - 🎯 Target: app=post-storage-service
[2025-10-22T06:57:03.846+0000] {docker.py:438} INFO - 📍 Namespace: default
[2025-10-22T06:57:03.846+0000] {docker.py:438} INFO - 
[2025-10-22T06:57:03.847+0000] {docker.py:438} INFO - ==================================================
[2025-10-22T06:57:03.847+0000] {docker.py:438} INFO - 🔄 Restart #1 at 2025-10-22 06:52:17
[2025-10-22T06:57:03.847+0000] {docker.py:438} INFO - ==================================================
[2025-10-22T06:57:03.848+0000] {docker.py:438} INFO - Hello world - terminate function started!
[2025-10-22T06:57:03.848+0000] {docker.py:438} INFO - Selecting pods with label_selector: app=post-storage-service
[2025-10-22T06:57:03.849+0000] {docker.py:438} INFO - Found 2 pods initially
[2025-10-22T06:57:03.849+0000] {docker.py:438} INFO - Random selection: 1 pods
[2025-10-22T06:57:03.851+0000] {docker.py:438} INFO - Deleting pod: post-storage-service-7985448bc7-gdmrr
[2025-10-22T06:57:03.851+0000] {docker.py:438} INFO - Deleted 1 pods: ['post-storage-service-7985448bc7-gdmrr']
[2025-10-22T06:57:03.851+0000] {docker.py:438} INFO - ✅ Successfully restarted pods: ['post-storage-service-7985448bc7-gdmrr']
[2025-10-22T06:57:03.852+0000] {docker.py:438} INFO - ⏳ Waiting 20 seconds until next restart...
[2025-10-22T06:57:03.853+0000] {docker.py:438} INFO - 📊 Time remaining: 300 seconds
[2025-10-22T06:57:03.853+0000] {docker.py:438} INFO - 
[2025-10-22T06:57:03.853+0000] {docker.py:438} INFO - ==================================================
[2025-10-22T06:57:03.853+0000] {docker.py:438} INFO - 🔄 Restart #2 at 2025-10-22 06:52:37
[2025-10-22T06:57:03.854+0000] {docker.py:438} INFO - ==================================================
[2025-10-22T06:57:03.854+0000] {docker.py:438} INFO - Hello world - terminate function started!
[2025-10-22T06:57:03.855+0000] {docker.py:438} INFO - Selecting pods with label_selector: app=post-storage-service
[2025-10-22T06:57:03.855+0000] {docker.py:438} INFO - Found 4 pods initially
[2025-10-22T06:57:03.855+0000] {docker.py:438} INFO - Random selection: 1 pods
[2025-10-22T06:57:03.856+0000] {docker.py:438} INFO - Deleting pod: post-storage-service-7985448bc7-vx29r
[2025-10-22T06:57:03.856+0000] {docker.py:438} INFO - Deleted 1 pods: ['post-storage-service-7985448bc7-vx29r']
[2025-10-22T06:57:03.857+0000] {docker.py:438} INFO - ✅ Successfully restarted pods: ['post-storage-service-7985448bc7-vx29r']
[2025-10-22T06:57:03.857+0000] {docker.py:438} INFO - ⏳ Waiting 20 seconds until next restart...
[2025-10-22T06:57:03.857+0000] {docker.py:438} INFO - 📊 Time remaining: 279 seconds
[2025-10-22T06:57:03.858+0000] {docker.py:438} INFO - 
[2025-10-22T06:57:03.858+0000] {docker.py:438} INFO - ==================================================
[2025-10-22T06:57:03.859+0000] {docker.py:438} INFO - 🔄 Restart #3 at 2025-10-22 06:52:58
[2025-10-22T06:57:03.860+0000] {docker.py:438} INFO - ==================================================
[2025-10-22T06:57:03.860+0000] {docker.py:438} INFO - Hello world - terminate function started!
[2025-10-22T06:57:03.860+0000] {docker.py:438} INFO - Selecting pods with label_selector: app=post-storage-service
[2025-10-22T06:57:03.861+0000] {docker.py:438} INFO - Found 3 pods initially
[2025-10-22T06:57:03.861+0000] {docker.py:438} INFO - Random selection: 1 pods
[2025-10-22T06:57:03.861+0000] {docker.py:438} INFO - Deleting pod: post-storage-service-7985448bc7-j4x82
[2025-10-22T06:57:03.862+0000] {docker.py:438} INFO - Deleted 1 pods: ['post-storage-service-7985448bc7-j4x82']
[2025-10-22T06:57:03.862+0000] {docker.py:438} INFO - ✅ Successfully restarted pods: ['post-storage-service-7985448bc7-j4x82']
[2025-10-22T06:57:03.863+0000] {docker.py:438} INFO - ⏳ Waiting 20 seconds until next restart...
[2025-10-22T06:57:03.863+0000] {docker.py:438} INFO - 📊 Time remaining: 259 seconds
[2025-10-22T06:57:03.863+0000] {docker.py:438} INFO - 
[2025-10-22T06:57:03.864+0000] {docker.py:438} INFO - ==================================================
[2025-10-22T06:57:03.864+0000] {docker.py:438} INFO - 🔄 Restart #4 at 2025-10-22 06:53:18
[2025-10-22T06:57:03.865+0000] {docker.py:438} INFO - ==================================================
[2025-10-22T06:57:03.865+0000] {docker.py:438} INFO - Hello world - terminate function started!
[2025-10-22T06:57:03.865+0000] {docker.py:438} INFO - Selecting pods with label_selector: app=post-storage-service
[2025-10-22T06:57:03.866+0000] {docker.py:438} INFO - Found 3 pods initially
[2025-10-22T06:57:03.866+0000] {docker.py:438} INFO - Random selection: 1 pods
[2025-10-22T06:57:03.866+0000] {docker.py:438} INFO - Deleting pod: post-storage-service-7985448bc7-j4x82
[2025-10-22T06:57:03.867+0000] {docker.py:438} INFO - Deleted 1 pods: ['post-storage-service-7985448bc7-j4x82']
[2025-10-22T06:57:03.867+0000] {docker.py:438} INFO - ✅ Successfully restarted pods: ['post-storage-service-7985448bc7-j4x82']
[2025-10-22T06:57:03.867+0000] {docker.py:438} INFO - ⏳ Waiting 20 seconds until next restart...
[2025-10-22T06:57:03.867+0000] {docker.py:438} INFO - 📊 Time remaining: 238 seconds
[2025-10-22T06:57:03.868+0000] {docker.py:438} INFO - 
[2025-10-22T06:57:03.868+0000] {docker.py:438} INFO - ==================================================
[2025-10-22T06:57:03.869+0000] {docker.py:438} INFO - 🔄 Restart #5 at 2025-10-22 06:53:38
[2025-10-22T06:57:03.869+0000] {docker.py:438} INFO - ==================================================
[2025-10-22T06:57:03.869+0000] {docker.py:438} INFO - Hello world - terminate function started!
[2025-10-22T06:57:03.870+0000] {docker.py:438} INFO - Selecting pods with label_selector: app=post-storage-service
[2025-10-22T06:57:03.870+0000] {docker.py:438} INFO - Found 2 pods initially
[2025-10-22T06:57:03.870+0000] {docker.py:438} INFO - Random selection: 1 pods
[2025-10-22T06:57:03.871+0000] {docker.py:438} INFO - Deleting pod: post-storage-service-7985448bc7-lxhhc
[2025-10-22T06:57:03.871+0000] {docker.py:438} INFO - Deleted 1 pods: ['post-storage-service-7985448bc7-lxhhc']
[2025-10-22T06:57:03.872+0000] {docker.py:438} INFO - ✅ Successfully restarted pods: ['post-storage-service-7985448bc7-lxhhc']
[2025-10-22T06:57:03.872+0000] {docker.py:438} INFO - ⏳ Waiting 20 seconds until next restart...
[2025-10-22T06:57:03.872+0000] {docker.py:438} INFO - 📊 Time remaining: 218 seconds
[2025-10-22T06:57:03.873+0000] {docker.py:438} INFO - 
[2025-10-22T06:57:03.873+0000] {docker.py:438} INFO - ==================================================
[2025-10-22T06:57:03.873+0000] {docker.py:438} INFO - 🔄 Restart #6 at 2025-10-22 06:53:59
[2025-10-22T06:57:03.874+0000] {docker.py:438} INFO - ==================================================
[2025-10-22T06:57:03.874+0000] {docker.py:438} INFO - Hello world - terminate function started!
[2025-10-22T06:57:03.875+0000] {docker.py:438} INFO - Selecting pods with label_selector: app=post-storage-service
[2025-10-22T06:57:03.875+0000] {docker.py:438} INFO - Found 4 pods initially
[2025-10-22T06:57:03.877+0000] {docker.py:438} INFO - Random selection: 1 pods
[2025-10-22T06:57:03.877+0000] {docker.py:438} INFO - Deleting pod: post-storage-service-7985448bc7-8glx6
[2025-10-22T06:57:03.877+0000] {docker.py:438} INFO - Deleted 1 pods: ['post-storage-service-7985448bc7-8glx6']
[2025-10-22T06:57:03.879+0000] {docker.py:438} INFO - ✅ Successfully restarted pods: ['post-storage-service-7985448bc7-8glx6']
[2025-10-22T06:57:03.879+0000] {docker.py:438} INFO - ⏳ Waiting 20 seconds until next restart...
[2025-10-22T06:57:03.880+0000] {docker.py:438} INFO - 📊 Time remaining: 197 seconds
[2025-10-22T06:57:03.881+0000] {docker.py:438} INFO - 
[2025-10-22T06:57:03.881+0000] {docker.py:438} INFO - ==================================================
[2025-10-22T06:57:03.881+0000] {docker.py:438} INFO - 🔄 Restart #7 at 2025-10-22 06:54:19
[2025-10-22T06:57:03.882+0000] {docker.py:438} INFO - ==================================================
[2025-10-22T06:57:03.882+0000] {docker.py:438} INFO - Hello world - terminate function started!
[2025-10-22T06:57:03.882+0000] {docker.py:438} INFO - Selecting pods with label_selector: app=post-storage-service
[2025-10-22T06:57:03.883+0000] {docker.py:438} INFO - Found 2 pods initially
[2025-10-22T06:57:03.883+0000] {docker.py:438} INFO - Random selection: 1 pods
[2025-10-22T06:57:03.884+0000] {docker.py:438} INFO - Deleting pod: post-storage-service-7985448bc7-pc82t
[2025-10-22T06:57:03.884+0000] {docker.py:438} INFO - Deleted 1 pods: ['post-storage-service-7985448bc7-pc82t']
[2025-10-22T06:57:03.884+0000] {docker.py:438} INFO - ✅ Successfully restarted pods: ['post-storage-service-7985448bc7-pc82t']
[2025-10-22T06:57:03.885+0000] {docker.py:438} INFO - ⏳ Waiting 20 seconds until next restart...
[2025-10-22T06:57:03.885+0000] {docker.py:438} INFO - 📊 Time remaining: 177 seconds
[2025-10-22T06:57:03.885+0000] {docker.py:438} INFO - 
[2025-10-22T06:57:03.886+0000] {docker.py:438} INFO - ==================================================
[2025-10-22T06:57:03.886+0000] {docker.py:438} INFO - 🔄 Restart #8 at 2025-10-22 06:54:40
[2025-10-22T06:57:03.887+0000] {docker.py:438} INFO - ==================================================
[2025-10-22T06:57:03.887+0000] {docker.py:438} INFO - Hello world - terminate function started!
[2025-10-22T06:57:03.887+0000] {docker.py:438} INFO - Selecting pods with label_selector: app=post-storage-service
[2025-10-22T06:57:03.888+0000] {docker.py:438} INFO - Found 2 pods initially
[2025-10-22T06:57:03.888+0000] {docker.py:438} INFO - Random selection: 1 pods
[2025-10-22T06:57:03.888+0000] {docker.py:438} INFO - Deleting pod: post-storage-service-7985448bc7-h7pxw
[2025-10-22T06:57:03.889+0000] {docker.py:438} INFO - Deleted 1 pods: ['post-storage-service-7985448bc7-h7pxw']
[2025-10-22T06:57:03.889+0000] {docker.py:438} INFO - ✅ Successfully restarted pods: ['post-storage-service-7985448bc7-h7pxw']
[2025-10-22T06:57:03.890+0000] {docker.py:438} INFO - ⏳ Waiting 20 seconds until next restart...
[2025-10-22T06:57:03.890+0000] {docker.py:438} INFO - 📊 Time remaining: 156 seconds
[2025-10-22T06:57:03.890+0000] {docker.py:438} INFO - 
[2025-10-22T06:57:03.891+0000] {docker.py:438} INFO - ==================================================
[2025-10-22T06:57:03.891+0000] {docker.py:438} INFO - 🔄 Restart #9 at 2025-10-22 06:55:00
[2025-10-22T06:57:03.892+0000] {docker.py:438} INFO - ==================================================
[2025-10-22T06:57:03.892+0000] {docker.py:438} INFO - Hello world - terminate function started!
[2025-10-22T06:57:03.892+0000] {docker.py:438} INFO - Selecting pods with label_selector: app=post-storage-service
[2025-10-22T06:57:03.893+0000] {docker.py:438} INFO - Found 4 pods initially
[2025-10-22T06:57:03.893+0000] {docker.py:438} INFO - Random selection: 1 pods
[2025-10-22T06:57:03.893+0000] {docker.py:438} INFO - Deleting pod: post-storage-service-7985448bc7-h7pxw
[2025-10-22T06:57:03.894+0000] {docker.py:438} INFO - Deleted 1 pods: ['post-storage-service-7985448bc7-h7pxw']
[2025-10-22T06:57:03.894+0000] {docker.py:438} INFO - ✅ Successfully restarted pods: ['post-storage-service-7985448bc7-h7pxw']
[2025-10-22T06:57:03.895+0000] {docker.py:438} INFO - ⏳ Waiting 20 seconds until next restart...
[2025-10-22T06:57:03.895+0000] {docker.py:438} INFO - 📊 Time remaining: 136 seconds
[2025-10-22T06:57:03.895+0000] {docker.py:438} INFO - 
[2025-10-22T06:57:03.896+0000] {docker.py:438} INFO - ==================================================
[2025-10-22T06:57:03.896+0000] {docker.py:438} INFO - 🔄 Restart #10 at 2025-10-22 06:55:21
[2025-10-22T06:57:03.897+0000] {docker.py:438} INFO - ==================================================
[2025-10-22T06:57:03.897+0000] {docker.py:438} INFO - Hello world - terminate function started!
[2025-10-22T06:57:03.897+0000] {docker.py:438} INFO - Selecting pods with label_selector: app=post-storage-service
[2025-10-22T06:57:03.898+0000] {docker.py:438} INFO - Found 2 pods initially
[2025-10-22T06:57:03.898+0000] {docker.py:438} INFO - Random selection: 1 pods
[2025-10-22T06:57:03.899+0000] {docker.py:438} INFO - Deleting pod: post-storage-service-7985448bc7-8fqw8
[2025-10-22T06:57:03.899+0000] {docker.py:438} INFO - Deleted 1 pods: ['post-storage-service-7985448bc7-8fqw8']
[2025-10-22T06:57:03.899+0000] {docker.py:438} INFO - ✅ Successfully restarted pods: ['post-storage-service-7985448bc7-8fqw8']
[2025-10-22T06:57:03.900+0000] {docker.py:438} INFO - ⏳ Waiting 20 seconds until next restart...
[2025-10-22T06:57:03.900+0000] {docker.py:438} INFO - 📊 Time remaining: 115 seconds
[2025-10-22T06:57:03.901+0000] {docker.py:438} INFO - 
[2025-10-22T06:57:03.901+0000] {docker.py:438} INFO - ==================================================
[2025-10-22T06:57:03.901+0000] {docker.py:438} INFO - 🔄 Restart #11 at 2025-10-22 06:55:41
[2025-10-22T06:57:03.902+0000] {docker.py:438} INFO - ==================================================
[2025-10-22T06:57:03.902+0000] {docker.py:438} INFO - Hello world - terminate function started!
[2025-10-22T06:57:03.903+0000] {docker.py:438} INFO - Selecting pods with label_selector: app=post-storage-service
[2025-10-22T06:57:03.903+0000] {docker.py:438} INFO - Found 2 pods initially
[2025-10-22T06:57:03.903+0000] {docker.py:438} INFO - Random selection: 1 pods
[2025-10-22T06:57:03.904+0000] {docker.py:438} INFO - Deleting pod: post-storage-service-7985448bc7-59ck4
[2025-10-22T06:57:03.904+0000] {docker.py:438} INFO - Deleted 1 pods: ['post-storage-service-7985448bc7-59ck4']
[2025-10-22T06:57:03.904+0000] {docker.py:438} INFO - ✅ Successfully restarted pods: ['post-storage-service-7985448bc7-59ck4']
[2025-10-22T06:57:03.905+0000] {docker.py:438} INFO - ⏳ Waiting 20 seconds until next restart...
[2025-10-22T06:57:03.905+0000] {docker.py:438} INFO - 📊 Time remaining: 95 seconds
[2025-10-22T06:57:03.906+0000] {docker.py:438} INFO - 
[2025-10-22T06:57:03.906+0000] {docker.py:438} INFO - ==================================================
[2025-10-22T06:57:03.906+0000] {docker.py:438} INFO - 🔄 Restart #12 at 2025-10-22 06:56:02
[2025-10-22T06:57:03.907+0000] {docker.py:438} INFO - ==================================================
[2025-10-22T06:57:03.907+0000] {docker.py:438} INFO - Hello world - terminate function started!
[2025-10-22T06:57:03.907+0000] {docker.py:438} INFO - Selecting pods with label_selector: app=post-storage-service
[2025-10-22T06:57:03.908+0000] {docker.py:438} INFO - Found 2 pods initially
[2025-10-22T06:57:03.908+0000] {docker.py:438} INFO - Random selection: 1 pods
[2025-10-22T06:57:03.909+0000] {docker.py:438} INFO - Deleting pod: post-storage-service-7985448bc7-hpzg6
[2025-10-22T06:57:03.909+0000] {docker.py:438} INFO - Deleted 1 pods: ['post-storage-service-7985448bc7-hpzg6']
[2025-10-22T06:57:03.909+0000] {docker.py:438} INFO - ✅ Successfully restarted pods: ['post-storage-service-7985448bc7-hpzg6']
[2025-10-22T06:57:03.910+0000] {docker.py:438} INFO - ⏳ Waiting 20 seconds until next restart...
[2025-10-22T06:57:03.910+0000] {docker.py:438} INFO - 📊 Time remaining: 74 seconds
[2025-10-22T06:57:03.911+0000] {docker.py:438} INFO - 
[2025-10-22T06:57:03.911+0000] {docker.py:438} INFO - ==================================================
[2025-10-22T06:57:03.911+0000] {docker.py:438} INFO - 🔄 Restart #13 at 2025-10-22 06:56:22
[2025-10-22T06:57:03.912+0000] {docker.py:438} INFO - ==================================================
[2025-10-22T06:57:03.912+0000] {docker.py:438} INFO - Hello world - terminate function started!
[2025-10-22T06:57:03.912+0000] {docker.py:438} INFO - Selecting pods with label_selector: app=post-storage-service
[2025-10-22T06:57:03.913+0000] {docker.py:438} INFO - Found 2 pods initially
[2025-10-22T06:57:03.913+0000] {docker.py:438} INFO - Random selection: 1 pods
[2025-10-22T06:57:03.914+0000] {docker.py:438} INFO - Deleting pod: post-storage-service-7985448bc7-2xg8f
[2025-10-22T06:57:03.914+0000] {docker.py:438} INFO - Deleted 1 pods: ['post-storage-service-7985448bc7-2xg8f']
[2025-10-22T06:57:03.914+0000] {docker.py:438} INFO - ✅ Successfully restarted pods: ['post-storage-service-7985448bc7-2xg8f']
[2025-10-22T06:57:03.915+0000] {docker.py:438} INFO - ⏳ Waiting 20 seconds until next restart...
[2025-10-22T06:57:03.915+0000] {docker.py:438} INFO - 📊 Time remaining: 54 seconds
[2025-10-22T06:57:03.915+0000] {docker.py:438} INFO - 
[2025-10-22T06:57:03.916+0000] {docker.py:438} INFO - ==================================================
[2025-10-22T06:57:03.916+0000] {docker.py:438} INFO - 🔄 Restart #14 at 2025-10-22 06:56:43
[2025-10-22T06:57:03.917+0000] {docker.py:438} INFO - ==================================================
[2025-10-22T06:57:03.917+0000] {docker.py:438} INFO - Hello world - terminate function started!
[2025-10-22T06:57:03.917+0000] {docker.py:438} INFO - Selecting pods with label_selector: app=post-storage-service
[2025-10-22T06:57:03.918+0000] {docker.py:438} INFO - Found 2 pods initially
[2025-10-22T06:57:03.918+0000] {docker.py:438} INFO - Random selection: 1 pods
[2025-10-22T06:57:03.918+0000] {docker.py:438} INFO - Deleting pod: post-storage-service-7985448bc7-2xg8f
[2025-10-22T06:57:03.919+0000] {docker.py:438} INFO - Deleted 1 pods: ['post-storage-service-7985448bc7-2xg8f']
[2025-10-22T06:57:03.919+0000] {docker.py:438} INFO - ✅ Successfully restarted pods: ['post-storage-service-7985448bc7-2xg8f']
[2025-10-22T06:57:03.920+0000] {docker.py:438} INFO - ⏳ Waiting 20 seconds until next restart...
[2025-10-22T06:57:03.920+0000] {docker.py:438} INFO - 📊 Time remaining: 33 seconds
[2025-10-22T06:57:03.920+0000] {docker.py:438} INFO - 
[2025-10-22T06:57:03.921+0000] {docker.py:438} INFO - ==================================================
[2025-10-22T06:57:03.921+0000] {docker.py:438} INFO - 🔄 Restart #15 at 2025-10-22 06:57:03
[2025-10-22T06:57:03.921+0000] {docker.py:438} INFO - ==================================================
[2025-10-22T06:57:03.922+0000] {docker.py:438} INFO - Hello world - terminate function started!
[2025-10-22T06:57:03.922+0000] {docker.py:438} INFO - Selecting pods with label_selector: app=post-storage-service
[2025-10-22T06:57:04.354+0000] {docker.py:438} INFO - [32m[2025-10-22 06:57:04 INFO] Let's rollback...
[2025-10-22T06:57:04.355+0000] {docker.py:438} INFO - [32m[2025-10-22 06:57:04 INFO] Rollback: uncordon-all-nodes
[2025-10-22T06:57:04.355+0000] {docker.py:438} INFO - [32m[2025-10-22 06:57:04 INFO] Action: uncordon-all-nodes
[2025-10-22T06:57:05.384+0000] {docker.py:438} INFO - [32m[2025-10-22 06:57:05 INFO] Experiment ended with status: completed
[2025-10-22T06:57:05.385+0000] {docker.py:438} INFO - Found 2 pods initially
[2025-10-22T06:57:05.385+0000] {docker.py:438} INFO - Random selection: 1 pods
[2025-10-22T06:57:05.385+0000] {docker.py:438} INFO - Deleting pod: post-storage-service-7985448bc7-bgp2p
[2025-10-22T06:57:05.389+0000] {docker.py:438} INFO - Deleted 1 pods: ['post-storage-service-7985448bc7-bgp2p']
[2025-10-22T06:57:05.389+0000] {docker.py:438} INFO - ✅ Successfully restarted pods: ['post-storage-service-7985448bc7-bgp2p']
[2025-10-22T06:57:05.390+0000] {docker.py:438} INFO - ⏰ Less than 20 seconds remaining, stopping experiment
[2025-10-22T06:57:05.390+0000] {docker.py:438} INFO - 
[2025-10-22T06:57:05.390+0000] {docker.py:438} INFO - ==================================================
[2025-10-22T06:57:05.394+0000] {docker.py:438} INFO - 🏁 Experiment Completed!
[2025-10-22T06:57:05.394+0000] {docker.py:438} INFO - ==================================================
[2025-10-22T06:57:05.395+0000] {docker.py:438} INFO - 📈 Total restarts performed: 15
[2025-10-22T06:57:05.395+0000] {docker.py:438} INFO - ⏱️  Total duration: 287 seconds
[2025-10-22T06:57:05.395+0000] {docker.py:438} INFO - 📊 Average interval: 19.2 seconds
[2025-10-22T06:57:06.148+0000] {taskinstance.py:340} INFO - ::group::Post task execution logs
[2025-10-22T06:57:06.149+0000] {taskinstance.py:352} INFO - Marking task as SUCCESS. dag_id=Cordon_Uncordon_Node, task_id=apply_cordon_uncordon_node, run_id=manual__2025-10-22T06:51:36.099441+00:00, execution_date=20251022T065136, start_date=20251022T065138, end_date=20251022T065706
[2025-10-22T06:57:06.204+0000] {local_task_job_runner.py:266} INFO - Task exited with return code 0
[2025-10-22T06:57:06.248+0000] {taskinstance.py:3900} INFO - 0 downstream tasks scheduled from follow-on schedule check
[2025-10-22T06:57:06.252+0000] {local_task_job_runner.py:245} INFO - ::endgroup::
