[2025-10-12T09:00:02.785+0000] {local_task_job_runner.py:123} INFO - ::group::Pre task execution logs
[2025-10-12T09:00:02.849+0000] {taskinstance.py:2612} INFO - Dependencies all met for dep_context=non-requeueable deps ti=<TaskInstance: Cordon_Uncordon_Node.apply_cordon_uncordon_node scheduled__2025-10-12T06:00:00+00:00 [queued]>
[2025-10-12T09:00:02.873+0000] {taskinstance.py:2612} INFO - Dependencies all met for dep_context=requeueable deps ti=<TaskInstance: Cordon_Uncordon_Node.apply_cordon_uncordon_node scheduled__2025-10-12T06:00:00+00:00 [queued]>
[2025-10-12T09:00:02.873+0000] {taskinstance.py:2865} INFO - Starting attempt 1 of 1
[2025-10-12T09:00:02.926+0000] {taskinstance.py:2888} INFO - Executing <Task(DockerOperator): apply_cordon_uncordon_node> on 2025-10-12 06:00:00+00:00
[2025-10-12T09:00:02.950+0000] {standard_task_runner.py:72} INFO - Started process 553 to run task
[2025-10-12T09:00:02.971+0000] {standard_task_runner.py:104} INFO - Running: ['***', 'tasks', 'run', 'Cordon_Uncordon_Node', 'apply_cordon_uncordon_node', 'scheduled__2025-10-12T06:00:00+00:00', '--job-id', '7859', '--raw', '--subdir', 'DAGS_FOLDER/dag_factory.py', '--cfg-path', '/tmp/tmpu5swhpxy']
[2025-10-12T09:00:02.975+0000] {standard_task_runner.py:105} INFO - Job 7859: Subtask apply_cordon_uncordon_node
[2025-10-12T09:00:03.095+0000] {task_command.py:467} INFO - Running <TaskInstance: Cordon_Uncordon_Node.apply_cordon_uncordon_node scheduled__2025-10-12T06:00:00+00:00 [running]> on host workflow.y2twbfvcjkaujnl2bmtbxunhcb.cx.internal.cloudapp.net
[2025-10-12T09:00:03.348+0000] {taskinstance.py:3131} INFO - Exporting env vars: AIRFLOW_CTX_DAG_OWNER='***' AIRFLOW_CTX_DAG_ID='Cordon_Uncordon_Node' AIRFLOW_CTX_TASK_ID='apply_cordon_uncordon_node' AIRFLOW_CTX_EXECUTION_DATE='2025-10-12T06:00:00+00:00' AIRFLOW_CTX_TRY_NUMBER='1' AIRFLOW_CTX_DAG_RUN_ID='scheduled__2025-10-12T06:00:00+00:00'
[2025-10-12T09:00:03.355+0000] {taskinstance.py:731} INFO - ::endgroup::
[2025-10-12T09:00:03.472+0000] {docker.py:367} INFO - Starting docker container from image ***_chaos:latest
[2025-10-12T09:00:04.270+0000] {docker.py:438} INFO - The container is run as root user. For security, consider using a regular user account.
[2025-10-12T09:00:25.540+0000] {docker.py:438} INFO - 
[2025-10-12T09:00:26.372+0000] {docker.py:438} INFO - [32m[2025-10-12 09:00:26 INFO] Validating the experiment's syntax
[2025-10-12T09:00:26.860+0000] {docker.py:438} INFO - [32m[2025-10-12 09:00:26 INFO] Experiment looks valid
[2025-10-12T09:00:26.861+0000] {docker.py:438} INFO - [32m[2025-10-12 09:00:26 INFO] Running experiment: Cordon-Pod Restart Combined Experiment
[2025-10-12T09:00:26.864+0000] {docker.py:438} INFO - [32m[2025-10-12 09:00:26 INFO] Steady-state strategy: default
[2025-10-12T09:00:26.864+0000] {docker.py:438} INFO - [32m[2025-10-12 09:00:26 INFO] Rollbacks strategy: default
[2025-10-12T09:00:26.865+0000] {docker.py:438} INFO - [32m[2025-10-12 09:00:26 INFO] No steady state hypothesis defined. That's ok, just exploring.
[2025-10-12T09:00:26.865+0000] {docker.py:438} INFO - [32m[2025-10-12 09:00:26 INFO] Playing your experiment's method now...
[2025-10-12T09:00:26.866+0000] {docker.py:438} INFO - [32m[2025-10-12 09:00:26 INFO] Action: cordon-nodes
[2025-10-12T09:00:27.870+0000] {docker.py:438} INFO - [32m[2025-10-12 09:00:27 INFO] Action: continuous-pod-restart-during-cordon
[2025-10-12T09:05:12.923+0000] {docker.py:438} INFO - 🚀 Starting continuous pod restart experiment
[2025-10-12T09:05:12.924+0000] {docker.py:438} INFO - 📅 Interval: 20 seconds
[2025-10-12T09:05:12.924+0000] {docker.py:438} INFO - ⏱️  Duration: 300 seconds
[2025-10-12T09:05:12.924+0000] {docker.py:438} INFO - 🎯 Target: app=post-storage-service
[2025-10-12T09:05:12.924+0000] {docker.py:438} INFO - 📍 Namespace: default
[2025-10-12T09:05:12.925+0000] {docker.py:438} INFO - 
[2025-10-12T09:05:12.925+0000] {docker.py:438} INFO - ==================================================
[2025-10-12T09:05:12.925+0000] {docker.py:438} INFO - 🔄 Restart #1 at 2025-10-12 09:00:27
[2025-10-12T09:05:12.926+0000] {docker.py:438} INFO - ==================================================
[2025-10-12T09:05:12.926+0000] {docker.py:438} INFO - Hello world - terminate function started!
[2025-10-12T09:05:12.926+0000] {docker.py:438} INFO - Selecting pods with label_selector: app=post-storage-service
[2025-10-12T09:05:12.926+0000] {docker.py:438} INFO - Found 1 pods initially
[2025-10-12T09:05:12.927+0000] {docker.py:438} INFO - Random selection: 1 pods
[2025-10-12T09:05:12.927+0000] {docker.py:438} INFO - Deleting pod: post-storage-service-6cbbf5f9fb-fmr92
[2025-10-12T09:05:12.927+0000] {docker.py:438} INFO - Deleted 1 pods: ['post-storage-service-6cbbf5f9fb-fmr92']
[2025-10-12T09:05:12.927+0000] {docker.py:438} INFO - ✅ Successfully restarted pods: ['post-storage-service-6cbbf5f9fb-fmr92']
[2025-10-12T09:05:12.928+0000] {docker.py:438} INFO - ⏳ Waiting 20 seconds until next restart...
[2025-10-12T09:05:12.928+0000] {docker.py:438} INFO - 📊 Time remaining: 300 seconds
[2025-10-12T09:05:12.928+0000] {docker.py:438} INFO - 
[2025-10-12T09:05:12.928+0000] {docker.py:438} INFO - ==================================================
[2025-10-12T09:05:12.928+0000] {docker.py:438} INFO - 🔄 Restart #2 at 2025-10-12 09:00:48
[2025-10-12T09:05:12.929+0000] {docker.py:438} INFO - ==================================================
[2025-10-12T09:05:12.929+0000] {docker.py:438} INFO - Hello world - terminate function started!
[2025-10-12T09:05:12.929+0000] {docker.py:438} INFO - Selecting pods with label_selector: app=post-storage-service
[2025-10-12T09:05:12.929+0000] {docker.py:438} INFO - Found 1 pods initially
[2025-10-12T09:05:12.930+0000] {docker.py:438} INFO - Random selection: 1 pods
[2025-10-12T09:05:12.930+0000] {docker.py:438} INFO - Deleting pod: post-storage-service-6cbbf5f9fb-d8d2x
[2025-10-12T09:05:12.930+0000] {docker.py:438} INFO - Deleted 1 pods: ['post-storage-service-6cbbf5f9fb-d8d2x']
[2025-10-12T09:05:12.930+0000] {docker.py:438} INFO - ✅ Successfully restarted pods: ['post-storage-service-6cbbf5f9fb-d8d2x']
[2025-10-12T09:05:12.930+0000] {docker.py:438} INFO - ⏳ Waiting 20 seconds until next restart...
[2025-10-12T09:05:12.931+0000] {docker.py:438} INFO - 📊 Time remaining: 279 seconds
[2025-10-12T09:05:12.931+0000] {docker.py:438} INFO - 
[2025-10-12T09:05:12.931+0000] {docker.py:438} INFO - ==================================================
[2025-10-12T09:05:12.931+0000] {docker.py:438} INFO - 🔄 Restart #3 at 2025-10-12 09:01:08
[2025-10-12T09:05:12.932+0000] {docker.py:438} INFO - ==================================================
[2025-10-12T09:05:12.932+0000] {docker.py:438} INFO - Hello world - terminate function started!
[2025-10-12T09:05:12.932+0000] {docker.py:438} INFO - Selecting pods with label_selector: app=post-storage-service
[2025-10-12T09:05:12.933+0000] {docker.py:438} INFO - Found 1 pods initially
[2025-10-12T09:05:12.933+0000] {docker.py:438} INFO - Random selection: 1 pods
[2025-10-12T09:05:12.933+0000] {docker.py:438} INFO - Deleting pod: post-storage-service-6cbbf5f9fb-sw4j6
[2025-10-12T09:05:12.933+0000] {docker.py:438} INFO - Deleted 1 pods: ['post-storage-service-6cbbf5f9fb-sw4j6']
[2025-10-12T09:05:12.933+0000] {docker.py:438} INFO - ✅ Successfully restarted pods: ['post-storage-service-6cbbf5f9fb-sw4j6']
[2025-10-12T09:05:12.934+0000] {docker.py:438} INFO - ⏳ Waiting 20 seconds until next restart...
[2025-10-12T09:05:12.934+0000] {docker.py:438} INFO - 📊 Time remaining: 259 seconds
[2025-10-12T09:05:12.934+0000] {docker.py:438} INFO - 
[2025-10-12T09:05:12.934+0000] {docker.py:438} INFO - ==================================================
[2025-10-12T09:05:12.935+0000] {docker.py:438} INFO - 🔄 Restart #4 at 2025-10-12 09:01:29
[2025-10-12T09:05:12.935+0000] {docker.py:438} INFO - ==================================================
[2025-10-12T09:05:12.935+0000] {docker.py:438} INFO - Hello world - terminate function started!
[2025-10-12T09:05:12.935+0000] {docker.py:438} INFO - Selecting pods with label_selector: app=post-storage-service
[2025-10-12T09:05:12.936+0000] {docker.py:438} INFO - Found 1 pods initially
[2025-10-12T09:05:12.936+0000] {docker.py:438} INFO - Random selection: 1 pods
[2025-10-12T09:05:12.936+0000] {docker.py:438} INFO - Deleting pod: post-storage-service-6cbbf5f9fb-xgbjd
[2025-10-12T09:05:12.936+0000] {docker.py:438} INFO - Deleted 1 pods: ['post-storage-service-6cbbf5f9fb-xgbjd']
[2025-10-12T09:05:12.936+0000] {docker.py:438} INFO - ✅ Successfully restarted pods: ['post-storage-service-6cbbf5f9fb-xgbjd']
[2025-10-12T09:05:12.937+0000] {docker.py:438} INFO - ⏳ Waiting 20 seconds until next restart...
[2025-10-12T09:05:12.937+0000] {docker.py:438} INFO - 📊 Time remaining: 238 seconds
[2025-10-12T09:05:12.937+0000] {docker.py:438} INFO - 
[2025-10-12T09:05:12.937+0000] {docker.py:438} INFO - ==================================================
[2025-10-12T09:05:12.938+0000] {docker.py:438} INFO - 🔄 Restart #5 at 2025-10-12 09:01:49
[2025-10-12T09:05:12.938+0000] {docker.py:438} INFO - ==================================================
[2025-10-12T09:05:12.938+0000] {docker.py:438} INFO - Hello world - terminate function started!
[2025-10-12T09:05:12.938+0000] {docker.py:438} INFO - Selecting pods with label_selector: app=post-storage-service
[2025-10-12T09:05:12.939+0000] {docker.py:438} INFO - Found 1 pods initially
[2025-10-12T09:05:12.939+0000] {docker.py:438} INFO - Random selection: 1 pods
[2025-10-12T09:05:12.939+0000] {docker.py:438} INFO - Deleting pod: post-storage-service-6cbbf5f9fb-7k9g2
[2025-10-12T09:05:12.939+0000] {docker.py:438} INFO - Deleted 1 pods: ['post-storage-service-6cbbf5f9fb-7k9g2']
[2025-10-12T09:05:12.939+0000] {docker.py:438} INFO - ✅ Successfully restarted pods: ['post-storage-service-6cbbf5f9fb-7k9g2']
[2025-10-12T09:05:12.940+0000] {docker.py:438} INFO - ⏳ Waiting 20 seconds until next restart...
[2025-10-12T09:05:12.940+0000] {docker.py:438} INFO - 📊 Time remaining: 218 seconds
[2025-10-12T09:05:12.940+0000] {docker.py:438} INFO - 
[2025-10-12T09:05:12.940+0000] {docker.py:438} INFO - ==================================================
[2025-10-12T09:05:12.941+0000] {docker.py:438} INFO - 🔄 Restart #6 at 2025-10-12 09:02:09
[2025-10-12T09:05:12.941+0000] {docker.py:438} INFO - ==================================================
[2025-10-12T09:05:12.941+0000] {docker.py:438} INFO - Hello world - terminate function started!
[2025-10-12T09:05:12.941+0000] {docker.py:438} INFO - Selecting pods with label_selector: app=post-storage-service
[2025-10-12T09:05:12.941+0000] {docker.py:438} INFO - Found 1 pods initially
[2025-10-12T09:05:12.942+0000] {docker.py:438} INFO - Random selection: 1 pods
[2025-10-12T09:05:12.942+0000] {docker.py:438} INFO - Deleting pod: post-storage-service-6cbbf5f9fb-pvhkl
[2025-10-12T09:05:12.942+0000] {docker.py:438} INFO - Deleted 1 pods: ['post-storage-service-6cbbf5f9fb-pvhkl']
[2025-10-12T09:05:12.942+0000] {docker.py:438} INFO - ✅ Successfully restarted pods: ['post-storage-service-6cbbf5f9fb-pvhkl']
[2025-10-12T09:05:12.942+0000] {docker.py:438} INFO - ⏳ Waiting 20 seconds until next restart...
[2025-10-12T09:05:12.943+0000] {docker.py:438} INFO - 📊 Time remaining: 198 seconds
[2025-10-12T09:05:12.943+0000] {docker.py:438} INFO - 
[2025-10-12T09:05:12.943+0000] {docker.py:438} INFO - ==================================================
[2025-10-12T09:05:12.943+0000] {docker.py:438} INFO - 🔄 Restart #7 at 2025-10-12 09:02:30
[2025-10-12T09:05:12.943+0000] {docker.py:438} INFO - ==================================================
[2025-10-12T09:05:12.944+0000] {docker.py:438} INFO - Hello world - terminate function started!
[2025-10-12T09:05:12.944+0000] {docker.py:438} INFO - Selecting pods with label_selector: app=post-storage-service
[2025-10-12T09:05:12.944+0000] {docker.py:438} INFO - Found 1 pods initially
[2025-10-12T09:05:12.944+0000] {docker.py:438} INFO - Random selection: 1 pods
[2025-10-12T09:05:12.945+0000] {docker.py:438} INFO - Deleting pod: post-storage-service-6cbbf5f9fb-4bfmm
[2025-10-12T09:05:12.945+0000] {docker.py:438} INFO - Deleted 1 pods: ['post-storage-service-6cbbf5f9fb-4bfmm']
[2025-10-12T09:05:12.945+0000] {docker.py:438} INFO - ✅ Successfully restarted pods: ['post-storage-service-6cbbf5f9fb-4bfmm']
[2025-10-12T09:05:12.945+0000] {docker.py:438} INFO - ⏳ Waiting 20 seconds until next restart...
[2025-10-12T09:05:12.945+0000] {docker.py:438} INFO - 📊 Time remaining: 177 seconds
[2025-10-12T09:05:12.946+0000] {docker.py:438} INFO - 
[2025-10-12T09:05:12.946+0000] {docker.py:438} INFO - ==================================================
[2025-10-12T09:05:12.946+0000] {docker.py:438} INFO - 🔄 Restart #8 at 2025-10-12 09:02:50
[2025-10-12T09:05:12.946+0000] {docker.py:438} INFO - ==================================================
[2025-10-12T09:05:12.947+0000] {docker.py:438} INFO - Hello world - terminate function started!
[2025-10-12T09:05:12.947+0000] {docker.py:438} INFO - Selecting pods with label_selector: app=post-storage-service
[2025-10-12T09:05:12.947+0000] {docker.py:438} INFO - Found 1 pods initially
[2025-10-12T09:05:12.947+0000] {docker.py:438} INFO - Random selection: 1 pods
[2025-10-12T09:05:12.948+0000] {docker.py:438} INFO - Deleting pod: post-storage-service-6cbbf5f9fb-jrzr7
[2025-10-12T09:05:12.948+0000] {docker.py:438} INFO - Deleted 1 pods: ['post-storage-service-6cbbf5f9fb-jrzr7']
[2025-10-12T09:05:12.948+0000] {docker.py:438} INFO - ✅ Successfully restarted pods: ['post-storage-service-6cbbf5f9fb-jrzr7']
[2025-10-12T09:05:12.948+0000] {docker.py:438} INFO - ⏳ Waiting 20 seconds until next restart...
[2025-10-12T09:05:12.948+0000] {docker.py:438} INFO - 📊 Time remaining: 157 seconds
[2025-10-12T09:05:12.949+0000] {docker.py:438} INFO - 
[2025-10-12T09:05:12.949+0000] {docker.py:438} INFO - ==================================================
[2025-10-12T09:05:12.949+0000] {docker.py:438} INFO - 🔄 Restart #9 at 2025-10-12 09:03:10
[2025-10-12T09:05:12.949+0000] {docker.py:438} INFO - ==================================================
[2025-10-12T09:05:12.950+0000] {docker.py:438} INFO - Hello world - terminate function started!
[2025-10-12T09:05:12.950+0000] {docker.py:438} INFO - Selecting pods with label_selector: app=post-storage-service
[2025-10-12T09:05:12.950+0000] {docker.py:438} INFO - Found 1 pods initially
[2025-10-12T09:05:12.950+0000] {docker.py:438} INFO - Random selection: 1 pods
[2025-10-12T09:05:12.951+0000] {docker.py:438} INFO - Deleting pod: post-storage-service-6cbbf5f9fb-6s5pw
[2025-10-12T09:05:12.951+0000] {docker.py:438} INFO - Deleted 1 pods: ['post-storage-service-6cbbf5f9fb-6s5pw']
[2025-10-12T09:05:12.951+0000] {docker.py:438} INFO - ✅ Successfully restarted pods: ['post-storage-service-6cbbf5f9fb-6s5pw']
[2025-10-12T09:05:12.951+0000] {docker.py:438} INFO - ⏳ Waiting 20 seconds until next restart...
[2025-10-12T09:05:12.951+0000] {docker.py:438} INFO - 📊 Time remaining: 137 seconds
[2025-10-12T09:05:12.952+0000] {docker.py:438} INFO - 
[2025-10-12T09:05:12.952+0000] {docker.py:438} INFO - ==================================================
[2025-10-12T09:05:12.952+0000] {docker.py:438} INFO - 🔄 Restart #10 at 2025-10-12 09:03:31
[2025-10-12T09:05:12.952+0000] {docker.py:438} INFO - ==================================================
[2025-10-12T09:05:12.953+0000] {docker.py:438} INFO - Hello world - terminate function started!
[2025-10-12T09:05:12.953+0000] {docker.py:438} INFO - Selecting pods with label_selector: app=post-storage-service
[2025-10-12T09:05:12.953+0000] {docker.py:438} INFO - Found 1 pods initially
[2025-10-12T09:05:12.953+0000] {docker.py:438} INFO - Random selection: 1 pods
[2025-10-12T09:05:12.953+0000] {docker.py:438} INFO - Deleting pod: post-storage-service-6cbbf5f9fb-wjrg7
[2025-10-12T09:05:12.954+0000] {docker.py:438} INFO - Deleted 1 pods: ['post-storage-service-6cbbf5f9fb-wjrg7']
[2025-10-12T09:05:12.954+0000] {docker.py:438} INFO - ✅ Successfully restarted pods: ['post-storage-service-6cbbf5f9fb-wjrg7']
[2025-10-12T09:05:12.954+0000] {docker.py:438} INFO - ⏳ Waiting 20 seconds until next restart...
[2025-10-12T09:05:12.954+0000] {docker.py:438} INFO - 📊 Time remaining: 116 seconds
[2025-10-12T09:05:12.954+0000] {docker.py:438} INFO - 
[2025-10-12T09:05:12.955+0000] {docker.py:438} INFO - ==================================================
[2025-10-12T09:05:12.955+0000] {docker.py:438} INFO - 🔄 Restart #11 at 2025-10-12 09:03:51
[2025-10-12T09:05:12.955+0000] {docker.py:438} INFO - ==================================================
[2025-10-12T09:05:12.955+0000] {docker.py:438} INFO - Hello world - terminate function started!
[2025-10-12T09:05:12.956+0000] {docker.py:438} INFO - Selecting pods with label_selector: app=post-storage-service
[2025-10-12T09:05:12.956+0000] {docker.py:438} INFO - Found 1 pods initially
[2025-10-12T09:05:12.956+0000] {docker.py:438} INFO - Random selection: 1 pods
[2025-10-12T09:05:12.956+0000] {docker.py:438} INFO - Deleting pod: post-storage-service-6cbbf5f9fb-dfzhx
[2025-10-12T09:05:12.957+0000] {docker.py:438} INFO - Deleted 1 pods: ['post-storage-service-6cbbf5f9fb-dfzhx']
[2025-10-12T09:05:12.957+0000] {docker.py:438} INFO - ✅ Successfully restarted pods: ['post-storage-service-6cbbf5f9fb-dfzhx']
[2025-10-12T09:05:12.957+0000] {docker.py:438} INFO - ⏳ Waiting 20 seconds until next restart...
[2025-10-12T09:05:12.957+0000] {docker.py:438} INFO - 📊 Time remaining: 96 seconds
[2025-10-12T09:05:12.957+0000] {docker.py:438} INFO - 
[2025-10-12T09:05:12.958+0000] {docker.py:438} INFO - ==================================================
[2025-10-12T09:05:12.958+0000] {docker.py:438} INFO - 🔄 Restart #12 at 2025-10-12 09:04:11
[2025-10-12T09:05:12.958+0000] {docker.py:438} INFO - ==================================================
[2025-10-12T09:05:12.958+0000] {docker.py:438} INFO - Hello world - terminate function started!
[2025-10-12T09:05:12.958+0000] {docker.py:438} INFO - Selecting pods with label_selector: app=post-storage-service
[2025-10-12T09:05:12.959+0000] {docker.py:438} INFO - Found 1 pods initially
[2025-10-12T09:05:12.959+0000] {docker.py:438} INFO - Random selection: 1 pods
[2025-10-12T09:05:12.959+0000] {docker.py:438} INFO - Deleting pod: post-storage-service-6cbbf5f9fb-wjwzx
[2025-10-12T09:05:12.959+0000] {docker.py:438} INFO - Deleted 1 pods: ['post-storage-service-6cbbf5f9fb-wjwzx']
[2025-10-12T09:05:12.960+0000] {docker.py:438} INFO - ✅ Successfully restarted pods: ['post-storage-service-6cbbf5f9fb-wjwzx']
[2025-10-12T09:05:12.960+0000] {docker.py:438} INFO - ⏳ Waiting 20 seconds until next restart...
[2025-10-12T09:05:12.960+0000] {docker.py:438} INFO - 📊 Time remaining: 76 seconds
[2025-10-12T09:05:12.960+0000] {docker.py:438} INFO - 
[2025-10-12T09:05:12.961+0000] {docker.py:438} INFO - ==================================================
[2025-10-12T09:05:12.961+0000] {docker.py:438} INFO - 🔄 Restart #13 at 2025-10-12 09:04:32
[2025-10-12T09:05:12.961+0000] {docker.py:438} INFO - ==================================================
[2025-10-12T09:05:12.961+0000] {docker.py:438} INFO - Hello world - terminate function started!
[2025-10-12T09:05:12.961+0000] {docker.py:438} INFO - Selecting pods with label_selector: app=post-storage-service
[2025-10-12T09:05:12.962+0000] {docker.py:438} INFO - Found 1 pods initially
[2025-10-12T09:05:12.962+0000] {docker.py:438} INFO - Random selection: 1 pods
[2025-10-12T09:05:12.962+0000] {docker.py:438} INFO - Deleting pod: post-storage-service-6cbbf5f9fb-6l8vh
[2025-10-12T09:05:12.962+0000] {docker.py:438} INFO - Deleted 1 pods: ['post-storage-service-6cbbf5f9fb-6l8vh']
[2025-10-12T09:05:12.963+0000] {docker.py:438} INFO - ✅ Successfully restarted pods: ['post-storage-service-6cbbf5f9fb-6l8vh']
[2025-10-12T09:05:12.963+0000] {docker.py:438} INFO - ⏳ Waiting 20 seconds until next restart...
[2025-10-12T09:05:12.963+0000] {docker.py:438} INFO - 📊 Time remaining: 55 seconds
[2025-10-12T09:05:12.963+0000] {docker.py:438} INFO - 
[2025-10-12T09:05:12.963+0000] {docker.py:438} INFO - ==================================================
[2025-10-12T09:05:12.964+0000] {docker.py:438} INFO - 🔄 Restart #14 at 2025-10-12 09:04:52
[2025-10-12T09:05:12.964+0000] {docker.py:438} INFO - ==================================================
[2025-10-12T09:05:12.964+0000] {docker.py:438} INFO - Hello world - terminate function started!
[2025-10-12T09:05:12.964+0000] {docker.py:438} INFO - Selecting pods with label_selector: app=post-storage-service
[2025-10-12T09:05:12.965+0000] {docker.py:438} INFO - Found 1 pods initially
[2025-10-12T09:05:12.965+0000] {docker.py:438} INFO - Random selection: 1 pods
[2025-10-12T09:05:12.965+0000] {docker.py:438} INFO - Deleting pod: post-storage-service-6cbbf5f9fb-ttn9z
[2025-10-12T09:05:12.965+0000] {docker.py:438} INFO - Deleted 1 pods: ['post-storage-service-6cbbf5f9fb-ttn9z']
[2025-10-12T09:05:12.965+0000] {docker.py:438} INFO - ✅ Successfully restarted pods: ['post-storage-service-6cbbf5f9fb-ttn9z']
[2025-10-12T09:05:12.966+0000] {docker.py:438} INFO - ⏳ Waiting 20 seconds until next restart...
[2025-10-12T09:05:12.966+0000] {docker.py:438} INFO - 📊 Time remaining: 35 seconds
[2025-10-12T09:05:12.966+0000] {docker.py:438} INFO - 
[2025-10-12T09:05:12.966+0000] {docker.py:438} INFO - ==================================================
[2025-10-12T09:05:12.966+0000] {docker.py:438} INFO - 🔄 Restart #15 at 2025-10-12 09:05:12
[2025-10-12T09:05:12.967+0000] {docker.py:438} INFO - ==================================================
[2025-10-12T09:05:12.967+0000] {docker.py:438} INFO - Hello world - terminate function started!
[2025-10-12T09:05:12.967+0000] {docker.py:438} INFO - Selecting pods with label_selector: app=post-storage-service
[2025-10-12T09:05:13.275+0000] {docker.py:438} INFO - [32m[2025-10-12 09:05:13 INFO] Let's rollback...
[2025-10-12T09:05:13.276+0000] {docker.py:438} INFO - [32m[2025-10-12 09:05:13 INFO] Rollback: uncordon-all-nodes
[2025-10-12T09:05:13.277+0000] {docker.py:438} INFO - [32m[2025-10-12 09:05:13 INFO] Action: uncordon-all-nodes
[2025-10-12T09:05:14.310+0000] {docker.py:438} INFO - [32m[2025-10-12 09:05:14 INFO] Experiment ended with status: completed
[2025-10-12T09:05:14.311+0000] {docker.py:438} INFO - Found 1 pods initially
[2025-10-12T09:05:14.311+0000] {docker.py:438} INFO - Random selection: 1 pods
[2025-10-12T09:05:14.312+0000] {docker.py:438} INFO - Deleting pod: post-storage-service-6cbbf5f9fb-p48rc
[2025-10-12T09:05:14.312+0000] {docker.py:438} INFO - Deleted 1 pods: ['post-storage-service-6cbbf5f9fb-p48rc']
[2025-10-12T09:05:14.313+0000] {docker.py:438} INFO - ✅ Successfully restarted pods: ['post-storage-service-6cbbf5f9fb-p48rc']
[2025-10-12T09:05:14.313+0000] {docker.py:438} INFO - ⏰ Less than 20 seconds remaining, stopping experiment
[2025-10-12T09:05:14.313+0000] {docker.py:438} INFO - 
[2025-10-12T09:05:14.314+0000] {docker.py:438} INFO - ==================================================
[2025-10-12T09:05:14.314+0000] {docker.py:438} INFO - 🏁 Experiment Completed!
[2025-10-12T09:05:14.315+0000] {docker.py:438} INFO - ==================================================
[2025-10-12T09:05:14.315+0000] {docker.py:438} INFO - 📈 Total restarts performed: 15
[2025-10-12T09:05:14.315+0000] {docker.py:438} INFO - ⏱️  Total duration: 285 seconds
[2025-10-12T09:05:14.316+0000] {docker.py:438} INFO - 📊 Average interval: 19.0 seconds
[2025-10-12T09:05:14.704+0000] {taskinstance.py:340} INFO - ::group::Post task execution logs
[2025-10-12T09:05:14.705+0000] {taskinstance.py:352} INFO - Marking task as SUCCESS. dag_id=Cordon_Uncordon_Node, task_id=apply_cordon_uncordon_node, run_id=scheduled__2025-10-12T06:00:00+00:00, execution_date=20251012T060000, start_date=20251012T090002, end_date=20251012T090514
[2025-10-12T09:05:14.736+0000] {local_task_job_runner.py:266} INFO - Task exited with return code 0
[2025-10-12T09:05:14.756+0000] {taskinstance.py:3900} INFO - 0 downstream tasks scheduled from follow-on schedule check
[2025-10-12T09:05:14.759+0000] {local_task_job_runner.py:245} INFO - ::endgroup::
