[2025-11-05T07:47:44.084+0000] {local_task_job_runner.py:123} INFO - ::group::Pre task execution logs
[2025-11-05T07:47:44.114+0000] {taskinstance.py:2612} INFO - Dependencies all met for dep_context=non-requeueable deps ti=<TaskInstance: Container_Restart.apply_container_restart_docker manual__2025-11-05T07:46:20.027569+00:00 [queued]>
[2025-11-05T07:47:44.126+0000] {taskinstance.py:2612} INFO - Dependencies all met for dep_context=requeueable deps ti=<TaskInstance: Container_Restart.apply_container_restart_docker manual__2025-11-05T07:46:20.027569+00:00 [queued]>
[2025-11-05T07:47:44.127+0000] {taskinstance.py:2865} INFO - Starting attempt 3 of 3
[2025-11-05T07:47:44.152+0000] {taskinstance.py:2888} INFO - Executing <Task(DockerOperator): apply_container_restart_docker> on 2025-11-05 07:46:20.027569+00:00
[2025-11-05T07:47:44.167+0000] {standard_task_runner.py:72} INFO - Started process 5932 to run task
[2025-11-05T07:47:44.178+0000] {standard_task_runner.py:104} INFO - Running: ['***', 'tasks', 'run', 'Container_Restart', 'apply_container_restart_docker', 'manual__2025-11-05T07:46:20.027569+00:00', '--job-id', '13699', '--raw', '--subdir', 'DAGS_FOLDER/dag_factory.py', '--cfg-path', '/tmp/tmp4l75h6m8']
[2025-11-05T07:47:44.183+0000] {standard_task_runner.py:105} INFO - Job 13699: Subtask apply_container_restart_docker
[2025-11-05T07:47:44.270+0000] {task_command.py:467} INFO - Running <TaskInstance: Container_Restart.apply_container_restart_docker manual__2025-11-05T07:46:20.027569+00:00 [running]> on host workflow.y2twbfvcjkaujnl2bmtbxunhcb.cx.internal.cloudapp.net
[2025-11-05T07:47:44.430+0000] {taskinstance.py:3131} INFO - Exporting env vars: AIRFLOW_CTX_DAG_OWNER='***' AIRFLOW_CTX_DAG_ID='Container_Restart' AIRFLOW_CTX_TASK_ID='apply_container_restart_docker' AIRFLOW_CTX_EXECUTION_DATE='2025-11-05T07:46:20.027569+00:00' AIRFLOW_CTX_TRY_NUMBER='3' AIRFLOW_CTX_DAG_RUN_ID='manual__2025-11-05T07:46:20.027569+00:00'
[2025-11-05T07:47:44.434+0000] {taskinstance.py:731} INFO - ::endgroup::
[2025-11-05T07:47:44.495+0000] {docker.py:367} INFO - Starting docker container from image priyanshu01ce/***_chaos:latest
[2025-11-05T07:47:45.212+0000] {docker.py:438} INFO - The container is run as root user. For security, consider using a regular user account.
[2025-11-05T07:48:02.404+0000] {docker.py:438} INFO - 
[2025-11-05T07:48:02.421+0000] {docker.py:438} INFO - total 7868
[2025-11-05T07:48:02.421+0000] {docker.py:438} INFO - drwxr-xr-x 6    1000 1000    4096 Nov  3 08:06 .
[2025-11-05T07:48:02.422+0000] {docker.py:438} INFO - drwxr-xr-x 1 *** root    4096 Sep 26 10:44 ..
[2025-11-05T07:48:02.422+0000] {docker.py:438} INFO - -rw-r--r-- 1    1000 1000    1193 Sep  8 07:02 API_Latency.json
[2025-11-05T07:48:02.423+0000] {docker.py:438} INFO - -rw-r--r-- 1    1000 1000     729 Sep  9 10:30 API_Timeout.json
[2025-11-05T07:48:02.423+0000] {docker.py:438} INFO - -rw-r--r-- 1    1000 1000    1331 Oct  7 18:22 Continuous_Load_Test_Azure.yaml
[2025-11-05T07:48:02.423+0000] {docker.py:438} INFO - -rw-r--r-- 1    1000 1000    1672 Oct 30 07:48 Memory_Stress_Test_Azure.yaml
[2025-11-05T07:48:02.424+0000] {docker.py:438} INFO - -rw-r--r-- 1    1000 1000    1178 Sep 30 18:19 Stress_Test_Azure.yaml
[2025-11-05T07:48:02.424+0000] {docker.py:438} INFO - drwxrwxr-x 2 root    root    4096 Oct 29 06:31 __pycache__
[2025-11-05T07:48:02.425+0000] {docker.py:438} INFO - drwxrwxr-x 5    1000 1000    4096 Oct 21 08:05 chaos_env
[2025-11-05T07:48:02.425+0000] {docker.py:438} INFO - -rw-r--r-- 1    1000 1000    8875 Sep 25 16:54 chaosk6_actions.py
[2025-11-05T07:48:02.426+0000] {docker.py:438} INFO - -rw-rw-r-- 1    1000 1000 7380048 Nov  5 07:47 chaostoolkit.log
[2025-11-05T07:48:02.426+0000] {docker.py:438} INFO - -rw-rw-r-- 1    1000 1000    1421 Oct 23 09:34 check.py
[2025-11-05T07:48:02.426+0000] {docker.py:438} INFO - -rw-r--r-- 1    1000 1000    3213 Sep  9 09:11 combined-sequential.json
[2025-11-05T07:48:02.429+0000] {docker.py:438} INFO - -rwxrwxr-x 1    1000 1000    1489 Oct 27 06:29 complete_chaos_mesh-cleanup.sh
[2025-11-05T07:48:02.429+0000] {docker.py:438} INFO - -rw-r--r-- 1    1000 1000     502 Sep 16 05:31 connection_test_experiment.json
[2025-11-05T07:48:02.429+0000] {docker.py:438} INFO - -rw-rw-r-- 1    1000 1000     692 Oct 24 01:43 container_probe.json
[2025-11-05T07:48:02.430+0000] {docker.py:438} INFO - -rw-rw-r-- 1    1000 1000    2533 Oct 23 09:28 container_probe.yaml
[2025-11-05T07:48:02.430+0000] {docker.py:438} INFO - -rw-r--r-- 1    1000 1000    1420 Sep 24 06:53 container_restart.json
[2025-11-05T07:48:02.431+0000] {docker.py:438} INFO - -rw-r--r-- 1    1000 1000   16452 Sep 26 09:59 container_restart.py
[2025-11-05T07:48:02.431+0000] {docker.py:438} INFO - -rw-r--r-- 1    1000 1000    1751 Nov  3 05:42 container_restart_Azure.yaml
[2025-11-05T07:48:02.431+0000] {docker.py:438} INFO - -rw-r--r-- 1    1000 1000    1409 Sep 18 12:30 continuous_load_test.json
[2025-11-05T07:48:02.433+0000] {docker.py:438} INFO - -rw-r--r-- 1    1000 1000    1637 Sep 25 10:13 cordon-uncordon-node.json
[2025-11-05T07:48:02.433+0000] {docker.py:438} INFO - -rw-r--r-- 1    1000 1000    1637 Sep 25 04:39 cordon_test.json
[2025-11-05T07:48:02.434+0000] {docker.py:438} INFO - -rw-r--r-- 1    1000 1000    1436 Oct 30 12:28 cordon_uncordon_node_Azure.yaml
[2025-11-05T07:48:02.434+0000] {docker.py:438} INFO - -rw-r--r-- 1    1000 1000    1203 Sep 30 06:51 cpu_stress_ng.json
[2025-11-05T07:48:02.436+0000] {docker.py:438} INFO - -rw-r--r-- 1    1000 1000    1760 Oct 21 08:00 db_cleanup.json
[2025-11-05T07:48:02.436+0000] {docker.py:438} INFO - -rw-r--r-- 1    1000 1000    6399 Sep 24 07:40 db_cleanup.py
[2025-11-05T07:48:02.436+0000] {docker.py:438} INFO - -rw-rw-r-- 1    1000 1000    5855 Oct 28 12:27 direct_memory_stress.py
[2025-11-05T07:48:02.437+0000] {docker.py:438} INFO - -rw-r--r-- 1    1000 1000    3216 Nov  5 07:45 journal.json
[2025-11-05T07:48:02.438+0000] {docker.py:438} INFO - -rw-rw-r-- 1 root    root  374053 Nov  5 07:45 k6_continuous_load.log
[2025-11-05T07:48:02.438+0000] {docker.py:438} INFO - -rw-r--r-- 1    1000 1000    3950 Nov  5 07:45 k6_continuous_summary.json
[2025-11-05T07:48:02.438+0000] {docker.py:438} INFO - -rw-r--r-- 1    1000 1000    3433 Sep 25 09:28 k6_summary.json
[2025-11-05T07:48:02.441+0000] {docker.py:438} INFO - -rw-r--r-- 1    1000 1000     989 Sep 30 09:24 kubernetes_actions.json
[2025-11-05T07:48:02.441+0000] {docker.py:438} INFO - -rw-r--r-- 1    1000 1000   10961 Sep 30 09:23 kubernetes_actions.py
[2025-11-05T07:48:02.442+0000] {docker.py:438} INFO - -rw-r--r-- 1    1000 1000     945 Sep 21 16:40 load_test.json
[2025-11-05T07:48:02.442+0000] {docker.py:438} INFO - -rw-r--r-- 1    1000 1000     528 Sep 17 12:13 max_connection_experiment.json
[2025-11-05T07:48:02.442+0000] {docker.py:438} INFO - -rw-r--r-- 1    1000 1000    1227 Sep 13 15:20 memory-stress-rollback.json
[2025-11-05T07:48:02.445+0000] {docker.py:438} INFO - -rw-rw-r-- 1    1000 1000    1066 Oct 30 12:27 memory_stress.json
[2025-11-05T07:48:02.445+0000] {docker.py:438} INFO - -rw-rw-r-- 1    1000 1000    6653 Oct 29 06:18 memory_stress.py
[2025-11-05T07:48:02.446+0000] {docker.py:438} INFO - -rw-r--r-- 1    1000 1000    1421 Sep 29 05:20 mongo_db_container_restart.json
[2025-11-05T07:48:02.446+0000] {docker.py:438} INFO - -rw-r--r-- 1    1000 1000    7586 Sep 18 05:54 mongodb_actions.py
[2025-11-05T07:48:02.446+0000] {docker.py:438} INFO - -rw-r--r-- 1    1000 1000    2136 Sep 18 11:23 mongodb_connection.json
[2025-11-05T07:48:02.450+0000] {docker.py:438} INFO - -rw-r--r-- 1    1000 1000     597 Sep 16 09:17 mongodb_network_latency_experiment.json
[2025-11-05T07:48:02.450+0000] {docker.py:438} INFO - -rw-r--r-- 1    1000 1000    3657 Sep 18 05:42 mongodb_probes.py
[2025-11-05T07:48:02.451+0000] {docker.py:438} INFO - -rw-r--r-- 1    1000 1000    6161 Sep 12 08:04 pod_restart.py
[2025-11-05T07:48:02.451+0000] {docker.py:438} INFO - -rw-r--r-- 1    1000 1000    1497 Sep 30 05:50 redis_config_faults.py
[2025-11-05T07:48:02.454+0000] {docker.py:438} INFO - -rw-r--r-- 1    1000 1000     862 Sep 30 05:50 redis_experiment.json
[2025-11-05T07:48:02.454+0000] {docker.py:438} INFO - -rw-r--r-- 1    1000 1000     945 Sep 18 06:53 redis_load.json
[2025-11-05T07:48:02.454+0000] {docker.py:438} INFO - -rw-r--r-- 1    1000 1000    1641 Oct 30 12:29 redis_memory_stress_Azure.yaml
[2025-11-05T07:48:02.455+0000] {docker.py:438} INFO - -rw-rw-r-- 1    1000 1000    1333 Oct 21 09:39 reinitialize_application.yaml
[2025-11-05T07:48:02.455+0000] {docker.py:438} INFO - -rw-r--r-- 1    1000 1000    1284 Sep 25 10:53 run_load_test_with_cleanup.py
[2025-11-05T07:48:02.457+0000] {docker.py:438} INFO - -rw-rw-r-- 1    1000 1000    1307 Oct 27 10:33 sample_probe.yaml
[2025-11-05T07:48:02.457+0000] {docker.py:438} INFO - drwxr-xr-x 2    1000 1000    4096 Oct 22 06:46 scripts
[2025-11-05T07:48:02.458+0000] {docker.py:438} INFO - -rw-rw-r-- 1    1000 1000     272 Oct 27 08:51 simple-stress-test.yaml
[2025-11-05T07:48:02.458+0000] {docker.py:438} INFO - drwxr-xr-x 4    1000 1000    4096 Sep 30 09:41 socialNetwork
[2025-11-05T07:48:02.458+0000] {docker.py:438} INFO - -rw-r--r-- 1    1000 1000     821 Sep 26 13:20 stress_test.json
[2025-11-05T07:48:02.461+0000] {docker.py:438} INFO - -rw-rw-r-- 1    1000 1000     301 Oct 27 08:46 test-stress-fixed.yaml
[2025-11-05T07:48:02.461+0000] {docker.py:438} INFO - -rw-rw-r-- 1    1000 1000     295 Oct 27 08:49 test_after_fix.yaml
[2025-11-05T07:48:02.461+0000] {docker.py:438} INFO - -rw-r--r-- 1    1000 1000     367 Sep 17 07:24 test_params.json
[2025-11-05T07:48:02.462+0000] {docker.py:438} INFO - Starting continuous container restart experiment...
[2025-11-05T07:48:03.162+0000] {docker.py:438} INFO - [32m[2025-11-05 07:48:03 INFO] Validating the experiment's syntax
[2025-11-05T07:48:03.802+0000] {docker.py:438} INFO - [32m[2025-11-05 07:48:03 INFO] Experiment looks valid
[2025-11-05T07:48:03.803+0000] {docker.py:438} INFO - [32m[2025-11-05 07:48:03 INFO] Running experiment: Continuous Container Restart Experiment
[2025-11-05T07:48:03.807+0000] {docker.py:438} INFO - [32m[2025-11-05 07:48:03 INFO] Steady-state strategy: default
[2025-11-05T07:48:03.808+0000] {docker.py:438} INFO - [32m[2025-11-05 07:48:03 INFO] Rollbacks strategy: default
[2025-11-05T07:48:03.808+0000] {docker.py:438} INFO - [32m[2025-11-05 07:48:03 INFO] No steady state hypothesis defined. That's ok, just exploring.
[2025-11-05T07:48:03.809+0000] {docker.py:438} INFO - [32m[2025-11-05 07:48:03 INFO] Playing your experiment's method now...
[2025-11-05T07:48:03.809+0000] {docker.py:438} INFO - [32m[2025-11-05 07:48:03 INFO] Action: continuous-container-restart
[2025-11-05T07:48:17.766+0000] {docker.py:438} INFO - 🚀 [DEBUG] Entered restart_containers_continuous()
[2025-11-05T07:48:17.767+0000] {docker.py:438} INFO -    Params => label_selector=app=compose-post-service, interval=5, duration=400, ns=default, container_name=compose-post-service
[2025-11-05T07:48:17.768+0000] {docker.py:438} INFO - 
[2025-11-05T07:48:17.768+0000] {docker.py:438} INFO - ============================================================
[2025-11-05T07:48:17.768+0000] {docker.py:438} INFO - 🔄 [DEBUG] Container Restart Cycle #1 at 2025-11-05 07:48:03
[2025-11-05T07:48:17.769+0000] {docker.py:438} INFO - ============================================================
[2025-11-05T07:48:17.769+0000] {docker.py:438} INFO - 🔄 [DEBUG] Entered restart_containers()
[2025-11-05T07:48:17.770+0000] {docker.py:438} INFO -    Params => label_selector=app=compose-post-service, name_pattern=None, qty=2, rand=True, mode=fixed, ns=default, order=alphabetic, container_name=compose-post-service, restart_command=None
[2025-11-05T07:48:17.770+0000] {docker.py:438} INFO - 🔑 [DEBUG] Kubernetes API client created
[2025-11-05T07:48:17.771+0000] {docker.py:438} INFO - 🔍 [DEBUG] Selecting pods now...
[2025-11-05T07:48:17.771+0000] {docker.py:438} INFO - 🔍 [DEBUG] Entered _select_pods()
[2025-11-05T07:48:17.771+0000] {docker.py:438} INFO -    Params => label_selector=app=compose-post-service, name_pattern=None, all=False, rand=True, mode=fixed, qty=2, ns=default, order=alphabetic
[2025-11-05T07:48:17.772+0000] {docker.py:438} INFO -    [DEBUG] Listing pods with label_selector=app=compose-post-service
[2025-11-05T07:48:17.772+0000] {docker.py:438} INFO - 📋 [DEBUG] Found 1 pods initially
[2025-11-05T07:48:17.773+0000] {docker.py:438} INFO - 🎲 [DEBUG] Random selection chosen: 1 pods
[2025-11-05T07:48:17.773+0000] {docker.py:438} INFO - ✅ [DEBUG] Selected pods: ['compose-post-service-5cbc68898b-6wtmw']
[2025-11-05T07:48:17.774+0000] {docker.py:438} INFO - 📋 [DEBUG] Pods selected: 1
[2025-11-05T07:48:17.774+0000] {docker.py:438} INFO - 
[2025-11-05T07:48:17.775+0000] {docker.py:438} INFO - 🎯 [DEBUG] Processing pod: compose-post-service-5cbc68898b-6wtmw
[2025-11-05T07:48:17.775+0000] {docker.py:438} INFO - 📦 [DEBUG] Using provided container: compose-post-service
[2025-11-05T07:48:17.775+0000] {docker.py:438} INFO - 🔍 [DEBUG] _get_restart_count() called for pod=compose-post-service-5cbc68898b-6wtmw, ns=default, container=compose-post-service
[2025-11-05T07:48:17.776+0000] {docker.py:438} INFO -    [DEBUG] Found 1 container_status entries
[2025-11-05T07:48:17.776+0000] {docker.py:438} INFO -    [DEBUG] container: compose-post-service, restart_count: 193
[2025-11-05T07:48:17.777+0000] {docker.py:438} INFO -    ✅ [DEBUG] Matched container compose-post-service, restart_count=193
[2025-11-05T07:48:17.777+0000] {docker.py:438} INFO - 📊 [DEBUG] Restart count before action: 193
[2025-11-05T07:48:17.778+0000] {docker.py:438} INFO - 🔧 [DEBUG] Restart strategies to try: [['sh', '-c', 'kill -INT 1'], ['sh', '-c', 'kill -2 1'], ['sh', '-c', 'kill -TERM 1'], ['sh', '-c', 'kill -9 1']]
[2025-11-05T07:48:17.778+0000] {docker.py:438} INFO - ➡️ [DEBUG] Trying restart strategy #1: sh -c kill -INT 1
[2025-11-05T07:48:17.779+0000] {docker.py:438} INFO -    ❌ [DEBUG] Failed to open exec stream for pod compose-post-service-5cbc68898b-6wtmw, container compose-post-service: (0)
[2025-11-05T07:48:17.779+0000] {docker.py:438} INFO - Reason: Handshake status 500 Internal Server Error -+-+- {'date': 'Wed, 05 Nov 2025 07:48:04 GMT', 'connection': 'close', 'content-length': '0'} -+-+- b''
[2025-11-05T07:48:17.779+0000] {docker.py:438} INFO - 
[2025-11-05T07:48:17.780+0000] {docker.py:438} INFO - ➡️ [DEBUG] Trying restart strategy #2: sh -c kill -2 1
[2025-11-05T07:48:17.780+0000] {docker.py:438} INFO -    ❌ [DEBUG] Failed to open exec stream for pod compose-post-service-5cbc68898b-6wtmw, container compose-post-service: (0)
[2025-11-05T07:48:17.781+0000] {docker.py:438} INFO - Reason: Handshake status 500 Internal Server Error -+-+- {'date': 'Wed, 05 Nov 2025 07:48:04 GMT', 'connection': 'close', 'content-length': '0'} -+-+- b''
[2025-11-05T07:48:17.781+0000] {docker.py:438} INFO - 
[2025-11-05T07:48:17.781+0000] {docker.py:438} INFO - ➡️ [DEBUG] Trying restart strategy #3: sh -c kill -TERM 1
[2025-11-05T07:48:17.782+0000] {docker.py:438} INFO -    ❌ [DEBUG] Failed to open exec stream for pod compose-post-service-5cbc68898b-6wtmw, container compose-post-service: (0)
[2025-11-05T07:48:17.782+0000] {docker.py:438} INFO - Reason: Handshake status 500 Internal Server Error -+-+- {'date': 'Wed, 05 Nov 2025 07:48:05 GMT', 'connection': 'close', 'content-length': '0'} -+-+- b''
[2025-11-05T07:48:17.783+0000] {docker.py:438} INFO - 
[2025-11-05T07:48:17.783+0000] {docker.py:438} INFO - ➡️ [DEBUG] Trying restart strategy #4: sh -c kill -9 1
[2025-11-05T07:48:17.784+0000] {docker.py:438} INFO -    ❌ [DEBUG] Failed to open exec stream for pod compose-post-service-5cbc68898b-6wtmw, container compose-post-service: (0)
[2025-11-05T07:48:17.784+0000] {docker.py:438} INFO - Reason: Handshake status 500 Internal Server Error -+-+- {'date': 'Wed, 05 Nov 2025 07:48:05 GMT', 'connection': 'close', 'content-length': '0'} -+-+- b''
[2025-11-05T07:48:17.784+0000] {docker.py:438} INFO - 
[2025-11-05T07:48:17.785+0000] {docker.py:438} INFO - ❌ [DEBUG] All strategies exhausted for pod compose-post-service-5cbc68898b-6wtmw and no restart observed
[2025-11-05T07:48:17.785+0000] {docker.py:438} INFO - 
[2025-11-05T07:48:17.787+0000] {docker.py:438} INFO - 🏁 [DEBUG] restart_containers() finished. Processed 1 pods
[2025-11-05T07:48:17.787+0000] {docker.py:438} INFO -    [DEBUG] restart_containers returned 1 entries
[2025-11-05T07:48:17.789+0000] {docker.py:438} INFO - ✅ [DEBUG] Successfully restarted this cycle: 0
[2025-11-05T07:48:17.789+0000] {docker.py:438} INFO - ❌ [DEBUG] Failed restarts this cycle: 1
[2025-11-05T07:48:17.789+0000] {docker.py:438} INFO -    - compose-post-service-5cbc68898b-6wtmw status=restart_failed details={'pod_name': 'compose-post-service-5cbc68898b-6wtmw', 'container_name': 'compose-post-service', 'status': 'restart_failed', 'before_count': 193, 'stdout': None, 'stderr': None, 'ctrl_err': None}
[2025-11-05T07:48:17.791+0000] {docker.py:438} INFO - ⏳ [DEBUG] Waiting 5 seconds until next cycle. Time remaining: 398s
[2025-11-05T07:48:17.791+0000] {docker.py:438} INFO - 
[2025-11-05T07:48:17.792+0000] {docker.py:438} INFO - ============================================================
[2025-11-05T07:48:17.792+0000] {docker.py:438} INFO - 🔄 [DEBUG] Container Restart Cycle #2 at 2025-11-05 07:48:10
[2025-11-05T07:48:17.792+0000] {docker.py:438} INFO - ============================================================
[2025-11-05T07:48:17.794+0000] {docker.py:438} INFO - 🔄 [DEBUG] Entered restart_containers()
[2025-11-05T07:48:17.794+0000] {docker.py:438} INFO -    Params => label_selector=app=compose-post-service, name_pattern=None, qty=2, rand=True, mode=fixed, ns=default, order=alphabetic, container_name=compose-post-service, restart_command=None
[2025-11-05T07:48:17.795+0000] {docker.py:438} INFO - 🔑 [DEBUG] Kubernetes API client created
[2025-11-05T07:48:17.796+0000] {docker.py:438} INFO - 🔍 [DEBUG] Selecting pods now...
[2025-11-05T07:48:17.796+0000] {docker.py:438} INFO - 🔍 [DEBUG] Entered _select_pods()
[2025-11-05T07:48:17.798+0000] {docker.py:438} INFO -    Params => label_selector=app=compose-post-service, name_pattern=None, all=False, rand=True, mode=fixed, qty=2, ns=default, order=alphabetic
[2025-11-05T07:48:17.798+0000] {docker.py:438} INFO -    [DEBUG] Listing pods with label_selector=app=compose-post-service
[2025-11-05T07:48:17.800+0000] {docker.py:438} INFO - 📋 [DEBUG] Found 1 pods initially
[2025-11-05T07:48:17.800+0000] {docker.py:438} INFO - 🎲 [DEBUG] Random selection chosen: 1 pods
[2025-11-05T07:48:17.802+0000] {docker.py:438} INFO - ✅ [DEBUG] Selected pods: ['compose-post-service-5cbc68898b-6wtmw']
[2025-11-05T07:48:17.802+0000] {docker.py:438} INFO - 📋 [DEBUG] Pods selected: 1
[2025-11-05T07:48:17.803+0000] {docker.py:438} INFO - 
[2025-11-05T07:48:17.803+0000] {docker.py:438} INFO - 🎯 [DEBUG] Processing pod: compose-post-service-5cbc68898b-6wtmw
[2025-11-05T07:48:17.804+0000] {docker.py:438} INFO - 📦 [DEBUG] Using provided container: compose-post-service
[2025-11-05T07:48:17.804+0000] {docker.py:438} INFO - 🔍 [DEBUG] _get_restart_count() called for pod=compose-post-service-5cbc68898b-6wtmw, ns=default, container=compose-post-service
[2025-11-05T07:48:17.805+0000] {docker.py:438} INFO -    [DEBUG] Found 1 container_status entries
[2025-11-05T07:48:17.805+0000] {docker.py:438} INFO -    [DEBUG] container: compose-post-service, restart_count: 193
[2025-11-05T07:48:17.806+0000] {docker.py:438} INFO -    ✅ [DEBUG] Matched container compose-post-service, restart_count=193
[2025-11-05T07:48:17.806+0000] {docker.py:438} INFO - 📊 [DEBUG] Restart count before action: 193
[2025-11-05T07:48:17.807+0000] {docker.py:438} INFO - 🔧 [DEBUG] Restart strategies to try: [['sh', '-c', 'kill -INT 1'], ['sh', '-c', 'kill -2 1'], ['sh', '-c', 'kill -TERM 1'], ['sh', '-c', 'kill -9 1']]
[2025-11-05T07:48:17.807+0000] {docker.py:438} INFO - ➡️ [DEBUG] Trying restart strategy #1: sh -c kill -INT 1
[2025-11-05T07:48:17.808+0000] {docker.py:438} INFO -    ❌ [DEBUG] Failed to open exec stream for pod compose-post-service-5cbc68898b-6wtmw, container compose-post-service: (0)
[2025-11-05T07:48:17.808+0000] {docker.py:438} INFO - Reason: Handshake status 500 Internal Server Error -+-+- {'date': 'Wed, 05 Nov 2025 07:48:11 GMT', 'connection': 'close', 'content-length': '0'} -+-+- b''
[2025-11-05T07:48:17.808+0000] {docker.py:438} INFO - 
[2025-11-05T07:48:17.809+0000] {docker.py:438} INFO - ➡️ [DEBUG] Trying restart strategy #2: sh -c kill -2 1
[2025-11-05T07:48:17.809+0000] {docker.py:438} INFO -    ❌ [DEBUG] Failed to open exec stream for pod compose-post-service-5cbc68898b-6wtmw, container compose-post-service: (0)
[2025-11-05T07:48:17.810+0000] {docker.py:438} INFO - Reason: Handshake status 500 Internal Server Error -+-+- {'date': 'Wed, 05 Nov 2025 07:48:11 GMT', 'connection': 'close', 'content-length': '0'} -+-+- b''
[2025-11-05T07:48:17.810+0000] {docker.py:438} INFO - 
[2025-11-05T07:48:17.811+0000] {docker.py:438} INFO - ➡️ [DEBUG] Trying restart strategy #3: sh -c kill -TERM 1
[2025-11-05T07:48:17.811+0000] {docker.py:438} INFO -    ❌ [DEBUG] Failed to open exec stream for pod compose-post-service-5cbc68898b-6wtmw, container compose-post-service: (0)
[2025-11-05T07:48:17.812+0000] {docker.py:438} INFO - Reason: Handshake status 500 Internal Server Error -+-+- {'date': 'Wed, 05 Nov 2025 07:48:12 GMT', 'connection': 'close', 'content-length': '0'} -+-+- b''
[2025-11-05T07:48:17.812+0000] {docker.py:438} INFO - 
[2025-11-05T07:48:17.812+0000] {docker.py:438} INFO - ➡️ [DEBUG] Trying restart strategy #4: sh -c kill -9 1
[2025-11-05T07:48:17.813+0000] {docker.py:438} INFO -    ❌ [DEBUG] Failed to open exec stream for pod compose-post-service-5cbc68898b-6wtmw, container compose-post-service: (0)
[2025-11-05T07:48:17.813+0000] {docker.py:438} INFO - Reason: Handshake status 500 Internal Server Error -+-+- {'date': 'Wed, 05 Nov 2025 07:48:12 GMT', 'connection': 'close', 'content-length': '0'} -+-+- b''
[2025-11-05T07:48:17.814+0000] {docker.py:438} INFO - 
[2025-11-05T07:48:17.814+0000] {docker.py:438} INFO - ❌ [DEBUG] All strategies exhausted for pod compose-post-service-5cbc68898b-6wtmw and no restart observed
[2025-11-05T07:48:17.814+0000] {docker.py:438} INFO - 
[2025-11-05T07:48:17.815+0000] {docker.py:438} INFO - 🏁 [DEBUG] restart_containers() finished. Processed 1 pods
[2025-11-05T07:48:17.815+0000] {docker.py:438} INFO -    [DEBUG] restart_containers returned 1 entries
[2025-11-05T07:48:17.816+0000] {docker.py:438} INFO - ✅ [DEBUG] Successfully restarted this cycle: 0
[2025-11-05T07:48:17.816+0000] {docker.py:438} INFO - ❌ [DEBUG] Failed restarts this cycle: 1
[2025-11-05T07:48:17.817+0000] {docker.py:438} INFO -    - compose-post-service-5cbc68898b-6wtmw status=restart_failed details={'pod_name': 'compose-post-service-5cbc68898b-6wtmw', 'container_name': 'compose-post-service', 'status': 'restart_failed', 'before_count': 193, 'stdout': None, 'stderr': None, 'ctrl_err': None}
[2025-11-05T07:48:17.817+0000] {docker.py:438} INFO - ⏳ [DEBUG] Waiting 5 seconds until next cycle. Time remaining: 391s
[2025-11-05T07:48:17.817+0000] {docker.py:438} INFO - 
[2025-11-05T07:48:17.818+0000] {docker.py:438} INFO - ============================================================
[2025-11-05T07:48:17.818+0000] {docker.py:438} INFO - 🔄 [DEBUG] Container Restart Cycle #3 at 2025-11-05 07:48:17
[2025-11-05T07:48:17.819+0000] {docker.py:438} INFO - ============================================================
[2025-11-05T07:48:17.819+0000] {docker.py:438} INFO - 🔄 [DEBUG] Entered restart_containers()
[2025-11-05T07:48:17.820+0000] {docker.py:438} INFO -    Params => label_selector=app=compose-post-service, name_pattern=None, qty=2, rand=True, mode=fixed, ns=default, order=alphabetic, container_name=compose-post-service, restart_command=None
[2025-11-05T07:48:17.820+0000] {docker.py:438} INFO - 🔑 [DEBUG] Kubernetes API client created
[2025-11-05T07:48:17.820+0000] {docker.py:438} INFO - 🔍 [DEBUG] Selecting pods now...
[2025-11-05T07:48:17.821+0000] {docker.py:438} INFO - 🔍 [DEBUG] Entered _select_pods()
[2025-11-05T07:48:17.821+0000] {docker.py:438} INFO -    Params => label_selector=app=compose-post-service, name_pattern=None, all=False, rand=True, mode=fixed, qty=2, ns=default, order=alphabetic
[2025-11-05T07:48:17.822+0000] {docker.py:438} INFO -    [DEBUG] Listing pods with label_selector=app=compose-post-service
[2025-11-05T07:48:17.822+0000] {docker.py:438} INFO - 📋 [DEBUG] Found 1 pods initially
[2025-11-05T07:48:17.822+0000] {docker.py:438} INFO - 🎲 [DEBUG] Random selection chosen: 1 pods
[2025-11-05T07:48:17.823+0000] {docker.py:438} INFO - ✅ [DEBUG] Selected pods: ['compose-post-service-5cbc68898b-6wtmw']
[2025-11-05T07:48:31.854+0000] {docker.py:438} INFO - 📋 [DEBUG] Pods selected: 1
[2025-11-05T07:48:31.854+0000] {docker.py:438} INFO - 
[2025-11-05T07:48:31.856+0000] {docker.py:438} INFO - 🎯 [DEBUG] Processing pod: compose-post-service-5cbc68898b-6wtmw
[2025-11-05T07:48:31.858+0000] {docker.py:438} INFO - 📦 [DEBUG] Using provided container: compose-post-service
[2025-11-05T07:48:31.858+0000] {docker.py:438} INFO - 🔍 [DEBUG] _get_restart_count() called for pod=compose-post-service-5cbc68898b-6wtmw, ns=default, container=compose-post-service
[2025-11-05T07:48:31.861+0000] {docker.py:438} INFO -    [DEBUG] Found 1 container_status entries
[2025-11-05T07:48:31.862+0000] {docker.py:438} INFO -    [DEBUG] container: compose-post-service, restart_count: 193
[2025-11-05T07:48:31.864+0000] {docker.py:438} INFO -    ✅ [DEBUG] Matched container compose-post-service, restart_count=193
[2025-11-05T07:48:31.864+0000] {docker.py:438} INFO - 📊 [DEBUG] Restart count before action: 193
[2025-11-05T07:48:31.865+0000] {docker.py:438} INFO - 🔧 [DEBUG] Restart strategies to try: [['sh', '-c', 'kill -INT 1'], ['sh', '-c', 'kill -2 1'], ['sh', '-c', 'kill -TERM 1'], ['sh', '-c', 'kill -9 1']]
[2025-11-05T07:48:31.865+0000] {docker.py:438} INFO - ➡️ [DEBUG] Trying restart strategy #1: sh -c kill -INT 1
[2025-11-05T07:48:31.865+0000] {docker.py:438} INFO -    ❌ [DEBUG] Failed to open exec stream for pod compose-post-service-5cbc68898b-6wtmw, container compose-post-service: (0)
[2025-11-05T07:48:31.866+0000] {docker.py:438} INFO - Reason: Handshake status 500 Internal Server Error -+-+- {'date': 'Wed, 05 Nov 2025 07:48:18 GMT', 'connection': 'close', 'content-length': '0'} -+-+- b''
[2025-11-05T07:48:31.866+0000] {docker.py:438} INFO - 
[2025-11-05T07:48:31.867+0000] {docker.py:438} INFO - ➡️ [DEBUG] Trying restart strategy #2: sh -c kill -2 1
[2025-11-05T07:48:31.867+0000] {docker.py:438} INFO -    ❌ [DEBUG] Failed to open exec stream for pod compose-post-service-5cbc68898b-6wtmw, container compose-post-service: (0)
[2025-11-05T07:48:31.869+0000] {docker.py:438} INFO - Reason: Handshake status 500 Internal Server Error -+-+- {'date': 'Wed, 05 Nov 2025 07:48:18 GMT', 'connection': 'close', 'content-length': '0'} -+-+- b''
[2025-11-05T07:48:31.869+0000] {docker.py:438} INFO - 
[2025-11-05T07:48:31.870+0000] {docker.py:438} INFO - ➡️ [DEBUG] Trying restart strategy #3: sh -c kill -TERM 1
[2025-11-05T07:48:31.870+0000] {docker.py:438} INFO -    ❌ [DEBUG] Failed to open exec stream for pod compose-post-service-5cbc68898b-6wtmw, container compose-post-service: (0)
[2025-11-05T07:48:31.872+0000] {docker.py:438} INFO - Reason: Handshake status 500 Internal Server Error -+-+- {'date': 'Wed, 05 Nov 2025 07:48:18 GMT', 'connection': 'close', 'content-length': '0'} -+-+- b''
[2025-11-05T07:48:31.872+0000] {docker.py:438} INFO - 
[2025-11-05T07:48:31.873+0000] {docker.py:438} INFO - ➡️ [DEBUG] Trying restart strategy #4: sh -c kill -9 1
[2025-11-05T07:48:31.873+0000] {docker.py:438} INFO -    ❌ [DEBUG] Failed to open exec stream for pod compose-post-service-5cbc68898b-6wtmw, container compose-post-service: (0)
[2025-11-05T07:48:31.875+0000] {docker.py:438} INFO - Reason: Handshake status 500 Internal Server Error -+-+- {'date': 'Wed, 05 Nov 2025 07:48:19 GMT', 'connection': 'close', 'content-length': '0'} -+-+- b''
[2025-11-05T07:48:31.875+0000] {docker.py:438} INFO - 
[2025-11-05T07:48:31.877+0000] {docker.py:438} INFO - ❌ [DEBUG] All strategies exhausted for pod compose-post-service-5cbc68898b-6wtmw and no restart observed
[2025-11-05T07:48:31.877+0000] {docker.py:438} INFO - 
[2025-11-05T07:48:31.878+0000] {docker.py:438} INFO - 🏁 [DEBUG] restart_containers() finished. Processed 1 pods
[2025-11-05T07:48:31.878+0000] {docker.py:438} INFO -    [DEBUG] restart_containers returned 1 entries
[2025-11-05T07:48:31.878+0000] {docker.py:438} INFO - ✅ [DEBUG] Successfully restarted this cycle: 0
[2025-11-05T07:48:31.879+0000] {docker.py:438} INFO - ❌ [DEBUG] Failed restarts this cycle: 1
[2025-11-05T07:48:31.879+0000] {docker.py:438} INFO -    - compose-post-service-5cbc68898b-6wtmw status=restart_failed details={'pod_name': 'compose-post-service-5cbc68898b-6wtmw', 'container_name': 'compose-post-service', 'status': 'restart_failed', 'before_count': 193, 'stdout': None, 'stderr': None, 'ctrl_err': None}
[2025-11-05T07:48:31.881+0000] {docker.py:438} INFO - ⏳ [DEBUG] Waiting 5 seconds until next cycle. Time remaining: 385s
[2025-11-05T07:48:31.882+0000] {docker.py:438} INFO - 
[2025-11-05T07:48:31.882+0000] {docker.py:438} INFO - ============================================================
[2025-11-05T07:48:31.883+0000] {docker.py:438} INFO - 🔄 [DEBUG] Container Restart Cycle #4 at 2025-11-05 07:48:24
[2025-11-05T07:48:31.884+0000] {docker.py:438} INFO - ============================================================
[2025-11-05T07:48:31.884+0000] {docker.py:438} INFO - 🔄 [DEBUG] Entered restart_containers()
[2025-11-05T07:48:31.884+0000] {docker.py:438} INFO -    Params => label_selector=app=compose-post-service, name_pattern=None, qty=2, rand=True, mode=fixed, ns=default, order=alphabetic, container_name=compose-post-service, restart_command=None
[2025-11-05T07:48:31.885+0000] {docker.py:438} INFO - 🔑 [DEBUG] Kubernetes API client created
[2025-11-05T07:48:31.886+0000] {docker.py:438} INFO - 🔍 [DEBUG] Selecting pods now...
[2025-11-05T07:48:31.886+0000] {docker.py:438} INFO - 🔍 [DEBUG] Entered _select_pods()
[2025-11-05T07:48:31.887+0000] {docker.py:438} INFO -    Params => label_selector=app=compose-post-service, name_pattern=None, all=False, rand=True, mode=fixed, qty=2, ns=default, order=alphabetic
[2025-11-05T07:48:31.887+0000] {docker.py:438} INFO -    [DEBUG] Listing pods with label_selector=app=compose-post-service
[2025-11-05T07:48:31.887+0000] {docker.py:438} INFO - 📋 [DEBUG] Found 1 pods initially
[2025-11-05T07:48:31.888+0000] {docker.py:438} INFO - 🎲 [DEBUG] Random selection chosen: 1 pods
[2025-11-05T07:48:31.888+0000] {docker.py:438} INFO - ✅ [DEBUG] Selected pods: ['compose-post-service-5cbc68898b-6wtmw']
[2025-11-05T07:48:31.889+0000] {docker.py:438} INFO - 📋 [DEBUG] Pods selected: 1
[2025-11-05T07:48:31.889+0000] {docker.py:438} INFO - 
[2025-11-05T07:48:31.890+0000] {docker.py:438} INFO - 🎯 [DEBUG] Processing pod: compose-post-service-5cbc68898b-6wtmw
[2025-11-05T07:48:31.890+0000] {docker.py:438} INFO - 📦 [DEBUG] Using provided container: compose-post-service
[2025-11-05T07:48:31.890+0000] {docker.py:438} INFO - 🔍 [DEBUG] _get_restart_count() called for pod=compose-post-service-5cbc68898b-6wtmw, ns=default, container=compose-post-service
[2025-11-05T07:48:31.891+0000] {docker.py:438} INFO -    [DEBUG] Found 1 container_status entries
[2025-11-05T07:48:31.891+0000] {docker.py:438} INFO -    [DEBUG] container: compose-post-service, restart_count: 193
[2025-11-05T07:48:31.892+0000] {docker.py:438} INFO -    ✅ [DEBUG] Matched container compose-post-service, restart_count=193
[2025-11-05T07:48:31.892+0000] {docker.py:438} INFO - 📊 [DEBUG] Restart count before action: 193
[2025-11-05T07:48:31.893+0000] {docker.py:438} INFO - 🔧 [DEBUG] Restart strategies to try: [['sh', '-c', 'kill -INT 1'], ['sh', '-c', 'kill -2 1'], ['sh', '-c', 'kill -TERM 1'], ['sh', '-c', 'kill -9 1']]
[2025-11-05T07:48:31.893+0000] {docker.py:438} INFO - ➡️ [DEBUG] Trying restart strategy #1: sh -c kill -INT 1
[2025-11-05T07:48:31.893+0000] {docker.py:438} INFO -    ❌ [DEBUG] Failed to open exec stream for pod compose-post-service-5cbc68898b-6wtmw, container compose-post-service: (0)
[2025-11-05T07:48:31.894+0000] {docker.py:438} INFO - Reason: Handshake status 500 Internal Server Error -+-+- {'date': 'Wed, 05 Nov 2025 07:48:24 GMT', 'connection': 'close', 'content-length': '0'} -+-+- b''
[2025-11-05T07:48:31.894+0000] {docker.py:438} INFO - 
[2025-11-05T07:48:31.895+0000] {docker.py:438} INFO - ➡️ [DEBUG] Trying restart strategy #2: sh -c kill -2 1
[2025-11-05T07:48:31.895+0000] {docker.py:438} INFO -    ❌ [DEBUG] Failed to open exec stream for pod compose-post-service-5cbc68898b-6wtmw, container compose-post-service: (0)
[2025-11-05T07:48:31.896+0000] {docker.py:438} INFO - Reason: Handshake status 500 Internal Server Error -+-+- {'date': 'Wed, 05 Nov 2025 07:48:25 GMT', 'connection': 'close', 'content-length': '0'} -+-+- b''
[2025-11-05T07:48:31.896+0000] {docker.py:438} INFO - 
[2025-11-05T07:48:31.896+0000] {docker.py:438} INFO - ➡️ [DEBUG] Trying restart strategy #3: sh -c kill -TERM 1
[2025-11-05T07:48:31.897+0000] {docker.py:438} INFO -    ❌ [DEBUG] Failed to open exec stream for pod compose-post-service-5cbc68898b-6wtmw, container compose-post-service: (0)
[2025-11-05T07:48:31.897+0000] {docker.py:438} INFO - Reason: Handshake status 500 Internal Server Error -+-+- {'date': 'Wed, 05 Nov 2025 07:48:25 GMT', 'connection': 'close', 'content-length': '0'} -+-+- b''
[2025-11-05T07:48:31.898+0000] {docker.py:438} INFO - 
[2025-11-05T07:48:31.898+0000] {docker.py:438} INFO - ➡️ [DEBUG] Trying restart strategy #4: sh -c kill -9 1
[2025-11-05T07:48:31.899+0000] {docker.py:438} INFO -    ❌ [DEBUG] Failed to open exec stream for pod compose-post-service-5cbc68898b-6wtmw, container compose-post-service: (0)
[2025-11-05T07:48:31.899+0000] {docker.py:438} INFO - Reason: Handshake status 500 Internal Server Error -+-+- {'date': 'Wed, 05 Nov 2025 07:48:26 GMT', 'connection': 'close', 'content-length': '0'} -+-+- b''
[2025-11-05T07:48:31.899+0000] {docker.py:438} INFO - 
[2025-11-05T07:48:31.900+0000] {docker.py:438} INFO - ❌ [DEBUG] All strategies exhausted for pod compose-post-service-5cbc68898b-6wtmw and no restart observed
[2025-11-05T07:48:31.900+0000] {docker.py:438} INFO - 
[2025-11-05T07:48:31.901+0000] {docker.py:438} INFO - 🏁 [DEBUG] restart_containers() finished. Processed 1 pods
[2025-11-05T07:48:31.901+0000] {docker.py:438} INFO -    [DEBUG] restart_containers returned 1 entries
[2025-11-05T07:48:31.902+0000] {docker.py:438} INFO - ✅ [DEBUG] Successfully restarted this cycle: 0
[2025-11-05T07:48:31.902+0000] {docker.py:438} INFO - ❌ [DEBUG] Failed restarts this cycle: 1
[2025-11-05T07:48:31.903+0000] {docker.py:438} INFO -    - compose-post-service-5cbc68898b-6wtmw status=restart_failed details={'pod_name': 'compose-post-service-5cbc68898b-6wtmw', 'container_name': 'compose-post-service', 'status': 'restart_failed', 'before_count': 193, 'stdout': None, 'stderr': None, 'ctrl_err': None}
[2025-11-05T07:48:31.903+0000] {docker.py:438} INFO - ⏳ [DEBUG] Waiting 5 seconds until next cycle. Time remaining: 378s
[2025-11-05T07:48:31.903+0000] {docker.py:438} INFO - 
[2025-11-05T07:48:31.904+0000] {docker.py:438} INFO - ============================================================
[2025-11-05T07:48:31.904+0000] {docker.py:438} INFO - 🔄 [DEBUG] Container Restart Cycle #5 at 2025-11-05 07:48:31
[2025-11-05T07:48:31.905+0000] {docker.py:438} INFO - ============================================================
[2025-11-05T07:48:31.905+0000] {docker.py:438} INFO - 🔄 [DEBUG] Entered restart_containers()
[2025-11-05T07:48:31.905+0000] {docker.py:438} INFO -    Params => label_selector=app=compose-post-service, name_pattern=None, qty=2, rand=True, mode=fixed, ns=default, order=alphabetic, container_name=compose-post-service, restart_command=None
[2025-11-05T07:48:31.906+0000] {docker.py:438} INFO - 🔑 [DEBUG] Kubernetes API client created
[2025-11-05T07:48:31.906+0000] {docker.py:438} INFO - 🔍 [DEBUG] Selecting pods now...
[2025-11-05T07:48:31.907+0000] {docker.py:438} INFO - 🔍 [DEBUG] Entered _select_pods()
[2025-11-05T07:48:31.907+0000] {docker.py:438} INFO -    Params => label_selector=app=compose-post-service, name_pattern=None, all=False, rand=True, mode=fixed, qty=2, ns=default, order=alphabetic
[2025-11-05T07:48:31.908+0000] {docker.py:438} INFO -    [DEBUG] Listing pods with label_selector=app=compose-post-service
[2025-11-05T07:48:31.908+0000] {docker.py:438} INFO - 📋 [DEBUG] Found 1 pods initially
[2025-11-05T07:48:31.908+0000] {docker.py:438} INFO - 🎲 [DEBUG] Random selection chosen: 1 pods
[2025-11-05T07:48:31.909+0000] {docker.py:438} INFO - ✅ [DEBUG] Selected pods: ['compose-post-service-5cbc68898b-6wtmw']
[2025-11-05T07:48:31.909+0000] {docker.py:438} INFO - 📋 [DEBUG] Pods selected: 1
[2025-11-05T07:48:31.910+0000] {docker.py:438} INFO - 
[2025-11-05T07:48:31.910+0000] {docker.py:438} INFO - 🎯 [DEBUG] Processing pod: compose-post-service-5cbc68898b-6wtmw
[2025-11-05T07:48:31.910+0000] {docker.py:438} INFO - 📦 [DEBUG] Using provided container: compose-post-service
[2025-11-05T07:48:31.911+0000] {docker.py:438} INFO - 🔍 [DEBUG] _get_restart_count() called for pod=compose-post-service-5cbc68898b-6wtmw, ns=default, container=compose-post-service
[2025-11-05T07:48:31.911+0000] {docker.py:438} INFO -    [DEBUG] Found 1 container_status entries
[2025-11-05T07:48:31.912+0000] {docker.py:438} INFO -    [DEBUG] container: compose-post-service, restart_count: 193
[2025-11-05T07:48:31.912+0000] {docker.py:438} INFO -    ✅ [DEBUG] Matched container compose-post-service, restart_count=193
[2025-11-05T07:48:31.913+0000] {docker.py:438} INFO - 📊 [DEBUG] Restart count before action: 193
[2025-11-05T07:48:31.913+0000] {docker.py:438} INFO - 🔧 [DEBUG] Restart strategies to try: [['sh', '-c', 'kill -INT 1'], ['sh', '-c', 'kill -2 1'], ['sh', '-c', 'kill -TERM 1'], ['sh', '-c', 'kill -9 1']]
[2025-11-05T07:48:31.914+0000] {docker.py:438} INFO - ➡️ [DEBUG] Trying restart strategy #1: sh -c kill -INT 1
[2025-11-05T07:48:31.914+0000] {docker.py:438} INFO -    ❌ [DEBUG] Failed to open exec stream for pod compose-post-service-5cbc68898b-6wtmw, container compose-post-service: (0)
[2025-11-05T07:48:31.914+0000] {docker.py:438} INFO - Reason: Handshake status 500 Internal Server Error -+-+- {'date': 'Wed, 05 Nov 2025 07:48:31 GMT', 'connection': 'close', 'content-length': '0'} -+-+- b''
[2025-11-05T07:48:31.915+0000] {docker.py:438} INFO - 
[2025-11-05T07:48:31.915+0000] {docker.py:438} INFO - ➡️ [DEBUG] Trying restart strategy #2: sh -c kill -2 1
[2025-11-05T07:48:34.834+0000] {local_task_job_runner.py:346} WARNING - State of this instance has been externally set to failed. Terminating instance.
[2025-11-05T07:48:34.834+0000] {local_task_job_runner.py:245} INFO - ::endgroup::
[2025-11-05T07:48:34.836+0000] {process_utils.py:132} INFO - Sending 15 to group 5932. PIDs of all processes in the group: [5932]
[2025-11-05T07:48:34.837+0000] {process_utils.py:87} INFO - Sending the signal 15 to group 5932
[2025-11-05T07:48:34.837+0000] {taskinstance.py:3092} ERROR - Received SIGTERM. Terminating subprocesses.
[2025-11-05T07:48:34.838+0000] {docker.py:533} INFO - Stopping docker container
[2025-11-05T07:48:35.248+0000] {taskinstance.py:340} INFO - ::group::Post task execution logs
[2025-11-05T07:48:35.299+0000] {process_utils.py:80} INFO - Process psutil.Process(pid=5932, status='terminated', exitcode=0, started='07:47:44') (5932) terminated with exit code 0
