[2025-11-05T07:47:13.700+0000] {local_task_job_runner.py:123} INFO - ::group::Pre task execution logs
[2025-11-05T07:47:13.729+0000] {taskinstance.py:2612} INFO - Dependencies all met for dep_context=non-requeueable deps ti=<TaskInstance: Container_Restart.apply_container_restart_docker manual__2025-11-05T07:46:20.027569+00:00 [queued]>
[2025-11-05T07:47:13.740+0000] {taskinstance.py:2612} INFO - Dependencies all met for dep_context=requeueable deps ti=<TaskInstance: Container_Restart.apply_container_restart_docker manual__2025-11-05T07:46:20.027569+00:00 [queued]>
[2025-11-05T07:47:13.741+0000] {taskinstance.py:2865} INFO - Starting attempt 2 of 2
[2025-11-05T07:47:13.779+0000] {taskinstance.py:2888} INFO - Executing <Task(DockerOperator): apply_container_restart_docker> on 2025-11-05 07:46:20.027569+00:00
[2025-11-05T07:47:13.793+0000] {standard_task_runner.py:72} INFO - Started process 5929 to run task
[2025-11-05T07:47:13.805+0000] {standard_task_runner.py:104} INFO - Running: ['***', 'tasks', 'run', 'Container_Restart', 'apply_container_restart_docker', 'manual__2025-11-05T07:46:20.027569+00:00', '--job-id', '13698', '--raw', '--subdir', 'DAGS_FOLDER/dag_factory.py', '--cfg-path', '/tmp/tmptbrmwp27']
[2025-11-05T07:47:13.807+0000] {standard_task_runner.py:105} INFO - Job 13698: Subtask apply_container_restart_docker
[2025-11-05T07:47:13.935+0000] {task_command.py:467} INFO - Running <TaskInstance: Container_Restart.apply_container_restart_docker manual__2025-11-05T07:46:20.027569+00:00 [running]> on host workflow.y2twbfvcjkaujnl2bmtbxunhcb.cx.internal.cloudapp.net
[2025-11-05T07:47:14.105+0000] {taskinstance.py:3131} INFO - Exporting env vars: AIRFLOW_CTX_DAG_OWNER='***' AIRFLOW_CTX_DAG_ID='Container_Restart' AIRFLOW_CTX_TASK_ID='apply_container_restart_docker' AIRFLOW_CTX_EXECUTION_DATE='2025-11-05T07:46:20.027569+00:00' AIRFLOW_CTX_TRY_NUMBER='2' AIRFLOW_CTX_DAG_RUN_ID='manual__2025-11-05T07:46:20.027569+00:00'
[2025-11-05T07:47:14.108+0000] {taskinstance.py:731} INFO - ::endgroup::
[2025-11-05T07:47:14.182+0000] {docker.py:367} INFO - Starting docker container from image priyanshu01ce/***_chaos:latest
[2025-11-05T07:47:14.840+0000] {docker.py:438} INFO - The container is run as root user. For security, consider using a regular user account.
[2025-11-05T07:47:29.080+0000] {local_task_job_runner.py:346} WARNING - State of this instance has been externally set to failed. Terminating instance.
[2025-11-05T07:47:29.082+0000] {local_task_job_runner.py:245} INFO - ::endgroup::
[2025-11-05T07:47:29.087+0000] {process_utils.py:132} INFO - Sending 15 to group 5929. PIDs of all processes in the group: [5929]
[2025-11-05T07:47:29.087+0000] {process_utils.py:87} INFO - Sending the signal 15 to group 5929
[2025-11-05T07:47:29.088+0000] {taskinstance.py:3092} ERROR - Received SIGTERM. Terminating subprocesses.
[2025-11-05T07:47:29.090+0000] {docker.py:533} INFO - Stopping docker container
[2025-11-05T07:47:29.826+0000] {taskinstance.py:340} INFO - ::group::Post task execution logs
[2025-11-05T07:47:29.873+0000] {process_utils.py:80} INFO - Process psutil.Process(pid=5929, status='terminated', exitcode=0, started='07:47:13') (5929) terminated with exit code 0
