[2025-10-01T11:54:27.574+0000] {local_task_job_runner.py:123} INFO - ::group::Pre task execution logs
[2025-10-01T11:54:27.586+0000] {taskinstance.py:2612} INFO - Dependencies all met for dep_context=non-requeueable deps ti=<TaskInstance: Cordon_Uncordon_Node.apply_cordon_uncordon_node manual__2025-10-01T11:54:26.175808+00:00 [queued]>
[2025-10-01T11:54:27.594+0000] {taskinstance.py:2612} INFO - Dependencies all met for dep_context=requeueable deps ti=<TaskInstance: Cordon_Uncordon_Node.apply_cordon_uncordon_node manual__2025-10-01T11:54:26.175808+00:00 [queued]>
[2025-10-01T11:54:27.594+0000] {taskinstance.py:2865} INFO - Starting attempt 1 of 1
[2025-10-01T11:54:27.607+0000] {taskinstance.py:2888} INFO - Executing <Task(DockerOperator): apply_cordon_uncordon_node> on 2025-10-01 11:54:26.175808+00:00
[2025-10-01T11:54:27.613+0000] {standard_task_runner.py:72} INFO - Started process 263 to run task
[2025-10-01T11:54:27.617+0000] {standard_task_runner.py:104} INFO - Running: ['***', 'tasks', 'run', 'Cordon_Uncordon_Node', 'apply_cordon_uncordon_node', 'manual__2025-10-01T11:54:26.175808+00:00', '--job-id', '89', '--raw', '--subdir', 'DAGS_FOLDER/dag_factory.py', '--cfg-path', '/tmp/tmpue6ny8w8']
[2025-10-01T11:54:27.618+0000] {standard_task_runner.py:105} INFO - Job 89: Subtask apply_cordon_uncordon_node
[2025-10-01T11:54:27.658+0000] {task_command.py:467} INFO - Running <TaskInstance: Cordon_Uncordon_Node.apply_cordon_uncordon_node manual__2025-10-01T11:54:26.175808+00:00 [running]> on host workflow.y2twbfvcjkaujnl2bmtbxunhcb.cx.internal.cloudapp.net
[2025-10-01T11:54:27.740+0000] {taskinstance.py:3131} INFO - Exporting env vars: AIRFLOW_CTX_DAG_OWNER='***' AIRFLOW_CTX_DAG_ID='Cordon_Uncordon_Node' AIRFLOW_CTX_TASK_ID='apply_cordon_uncordon_node' AIRFLOW_CTX_EXECUTION_DATE='2025-10-01T11:54:26.175808+00:00' AIRFLOW_CTX_TRY_NUMBER='1' AIRFLOW_CTX_DAG_RUN_ID='manual__2025-10-01T11:54:26.175808+00:00'
[2025-10-01T11:54:27.741+0000] {taskinstance.py:731} INFO - ::endgroup::
[2025-10-01T11:54:27.774+0000] {docker.py:367} INFO - Starting docker container from image ***_chaos:latest
[2025-10-01T11:54:28.096+0000] {docker.py:438} INFO - The container is run as root user. For security, consider using a regular user account.
[2025-10-01T11:54:36.646+0000] {docker.py:438} INFO - 
[2025-10-01T11:54:37.089+0000] {docker.py:438} INFO - [32m[2025-10-01 11:54:37 INFO] Validating the experiment's syntax
[2025-10-01T11:54:37.351+0000] {docker.py:438} INFO - [32m[2025-10-01 11:54:37 INFO] Experiment looks valid
[2025-10-01T11:54:37.351+0000] {docker.py:438} INFO - [32m[2025-10-01 11:54:37 INFO] Running experiment: Cordon-Pod Restart Combined Experiment
[2025-10-01T11:54:37.355+0000] {docker.py:438} INFO - [32m[2025-10-01 11:54:37 INFO] Steady-state strategy: default
[2025-10-01T11:54:37.355+0000] {docker.py:438} INFO - [32m[2025-10-01 11:54:37 INFO] Rollbacks strategy: default
[2025-10-01T11:54:37.356+0000] {docker.py:438} INFO - [32m[2025-10-01 11:54:37 INFO] No steady state hypothesis defined. That's ok, just exploring.
[2025-10-01T11:54:37.356+0000] {docker.py:438} INFO - [32m[2025-10-01 11:54:37 INFO] Playing your experiment's method now...
[2025-10-01T11:54:37.357+0000] {docker.py:438} INFO - [32m[2025-10-01 11:54:37 INFO] Action: cordon-nodes
[2025-10-01T11:54:38.427+0000] {docker.py:438} INFO - [32m[2025-10-01 11:54:38 INFO] Action: continuous-pod-restart-during-cordon
[2025-10-01T11:59:23.813+0000] {docker.py:438} INFO - 🚀 Starting continuous pod restart experiment
[2025-10-01T11:59:23.813+0000] {docker.py:438} INFO - 📅 Interval: 20 seconds
[2025-10-01T11:59:23.814+0000] {docker.py:438} INFO - ⏱️  Duration: 300 seconds
[2025-10-01T11:59:23.814+0000] {docker.py:438} INFO - 🎯 Target: app=post-storage-service
[2025-10-01T11:59:23.814+0000] {docker.py:438} INFO - 📍 Namespace: default
[2025-10-01T11:59:23.815+0000] {docker.py:438} INFO - 
[2025-10-01T11:59:23.815+0000] {docker.py:438} INFO - ==================================================
[2025-10-01T11:59:23.816+0000] {docker.py:438} INFO - 🔄 Restart #1 at 2025-10-01 11:54:38
[2025-10-01T11:59:23.816+0000] {docker.py:438} INFO - ==================================================
[2025-10-01T11:59:23.816+0000] {docker.py:438} INFO - Hello world - terminate function started!
[2025-10-01T11:59:23.817+0000] {docker.py:438} INFO - Selecting pods with label_selector: app=post-storage-service
[2025-10-01T11:59:23.817+0000] {docker.py:438} INFO - Found 1 pods initially
[2025-10-01T11:59:23.817+0000] {docker.py:438} INFO - Random selection: 1 pods
[2025-10-01T11:59:23.817+0000] {docker.py:438} INFO - Deleting pod: post-storage-service-769cf6947d-2jtm9
[2025-10-01T11:59:23.818+0000] {docker.py:438} INFO - Deleted 1 pods: ['post-storage-service-769cf6947d-2jtm9']
[2025-10-01T11:59:23.818+0000] {docker.py:438} INFO - ✅ Successfully restarted pods: ['post-storage-service-769cf6947d-2jtm9']
[2025-10-01T11:59:23.818+0000] {docker.py:438} INFO - ⏳ Waiting 20 seconds until next restart...
[2025-10-01T11:59:23.818+0000] {docker.py:438} INFO - 📊 Time remaining: 300 seconds
[2025-10-01T11:59:23.818+0000] {docker.py:438} INFO - 
[2025-10-01T11:59:23.819+0000] {docker.py:438} INFO - ==================================================
[2025-10-01T11:59:23.819+0000] {docker.py:438} INFO - 🔄 Restart #2 at 2025-10-01 11:54:58
[2025-10-01T11:59:23.819+0000] {docker.py:438} INFO - ==================================================
[2025-10-01T11:59:23.819+0000] {docker.py:438} INFO - Hello world - terminate function started!
[2025-10-01T11:59:23.819+0000] {docker.py:438} INFO - Selecting pods with label_selector: app=post-storage-service
[2025-10-01T11:59:23.820+0000] {docker.py:438} INFO - Found 2 pods initially
[2025-10-01T11:59:23.820+0000] {docker.py:438} INFO - Random selection: 1 pods
[2025-10-01T11:59:23.820+0000] {docker.py:438} INFO - Deleting pod: post-storage-service-769cf6947d-sxml2
[2025-10-01T11:59:23.821+0000] {docker.py:438} INFO - Deleted 1 pods: ['post-storage-service-769cf6947d-sxml2']
[2025-10-01T11:59:23.821+0000] {docker.py:438} INFO - ✅ Successfully restarted pods: ['post-storage-service-769cf6947d-sxml2']
[2025-10-01T11:59:23.821+0000] {docker.py:438} INFO - ⏳ Waiting 20 seconds until next restart...
[2025-10-01T11:59:23.822+0000] {docker.py:438} INFO - 📊 Time remaining: 279 seconds
[2025-10-01T11:59:23.822+0000] {docker.py:438} INFO - 
[2025-10-01T11:59:23.822+0000] {docker.py:438} INFO - ==================================================
[2025-10-01T11:59:23.822+0000] {docker.py:438} INFO - 🔄 Restart #3 at 2025-10-01 11:55:19
[2025-10-01T11:59:23.823+0000] {docker.py:438} INFO - ==================================================
[2025-10-01T11:59:23.823+0000] {docker.py:438} INFO - Hello world - terminate function started!
[2025-10-01T11:59:23.823+0000] {docker.py:438} INFO - Selecting pods with label_selector: app=post-storage-service
[2025-10-01T11:59:23.824+0000] {docker.py:438} INFO - Found 1 pods initially
[2025-10-01T11:59:23.824+0000] {docker.py:438} INFO - Random selection: 1 pods
[2025-10-01T11:59:23.825+0000] {docker.py:438} INFO - Deleting pod: post-storage-service-769cf6947d-vp9g5
[2025-10-01T11:59:23.825+0000] {docker.py:438} INFO - Deleted 1 pods: ['post-storage-service-769cf6947d-vp9g5']
[2025-10-01T11:59:23.825+0000] {docker.py:438} INFO - ✅ Successfully restarted pods: ['post-storage-service-769cf6947d-vp9g5']
[2025-10-01T11:59:23.826+0000] {docker.py:438} INFO - ⏳ Waiting 20 seconds until next restart...
[2025-10-01T11:59:23.826+0000] {docker.py:438} INFO - 📊 Time remaining: 259 seconds
[2025-10-01T11:59:23.826+0000] {docker.py:438} INFO - 
[2025-10-01T11:59:23.827+0000] {docker.py:438} INFO - ==================================================
[2025-10-01T11:59:23.827+0000] {docker.py:438} INFO - 🔄 Restart #4 at 2025-10-01 11:55:39
[2025-10-01T11:59:23.827+0000] {docker.py:438} INFO - ==================================================
[2025-10-01T11:59:23.828+0000] {docker.py:438} INFO - Hello world - terminate function started!
[2025-10-01T11:59:23.828+0000] {docker.py:438} INFO - Selecting pods with label_selector: app=post-storage-service
[2025-10-01T11:59:23.828+0000] {docker.py:438} INFO - Found 1 pods initially
[2025-10-01T11:59:23.829+0000] {docker.py:438} INFO - Random selection: 1 pods
[2025-10-01T11:59:23.829+0000] {docker.py:438} INFO - Deleting pod: post-storage-service-769cf6947d-9t74z
[2025-10-01T11:59:23.829+0000] {docker.py:438} INFO - Deleted 1 pods: ['post-storage-service-769cf6947d-9t74z']
[2025-10-01T11:59:23.830+0000] {docker.py:438} INFO - ✅ Successfully restarted pods: ['post-storage-service-769cf6947d-9t74z']
[2025-10-01T11:59:23.830+0000] {docker.py:438} INFO - ⏳ Waiting 20 seconds until next restart...
[2025-10-01T11:59:23.830+0000] {docker.py:438} INFO - 📊 Time remaining: 238 seconds
[2025-10-01T11:59:23.831+0000] {docker.py:438} INFO - 
[2025-10-01T11:59:23.831+0000] {docker.py:438} INFO - ==================================================
[2025-10-01T11:59:23.831+0000] {docker.py:438} INFO - 🔄 Restart #5 at 2025-10-01 11:55:59
[2025-10-01T11:59:23.832+0000] {docker.py:438} INFO - ==================================================
[2025-10-01T11:59:23.832+0000] {docker.py:438} INFO - Hello world - terminate function started!
[2025-10-01T11:59:23.832+0000] {docker.py:438} INFO - Selecting pods with label_selector: app=post-storage-service
[2025-10-01T11:59:23.833+0000] {docker.py:438} INFO - Found 1 pods initially
[2025-10-01T11:59:23.833+0000] {docker.py:438} INFO - Random selection: 1 pods
[2025-10-01T11:59:23.833+0000] {docker.py:438} INFO - Deleting pod: post-storage-service-769cf6947d-t9xbm
[2025-10-01T11:59:23.834+0000] {docker.py:438} INFO - Deleted 1 pods: ['post-storage-service-769cf6947d-t9xbm']
[2025-10-01T11:59:23.834+0000] {docker.py:438} INFO - ✅ Successfully restarted pods: ['post-storage-service-769cf6947d-t9xbm']
[2025-10-01T11:59:23.834+0000] {docker.py:438} INFO - ⏳ Waiting 20 seconds until next restart...
[2025-10-01T11:59:23.835+0000] {docker.py:438} INFO - 📊 Time remaining: 218 seconds
[2025-10-01T11:59:23.835+0000] {docker.py:438} INFO - 
[2025-10-01T11:59:23.835+0000] {docker.py:438} INFO - ==================================================
[2025-10-01T11:59:23.836+0000] {docker.py:438} INFO - 🔄 Restart #6 at 2025-10-01 11:56:20
[2025-10-01T11:59:23.836+0000] {docker.py:438} INFO - ==================================================
[2025-10-01T11:59:23.836+0000] {docker.py:438} INFO - Hello world - terminate function started!
[2025-10-01T11:59:23.837+0000] {docker.py:438} INFO - Selecting pods with label_selector: app=post-storage-service
[2025-10-01T11:59:23.837+0000] {docker.py:438} INFO - Found 1 pods initially
[2025-10-01T11:59:23.837+0000] {docker.py:438} INFO - Random selection: 1 pods
[2025-10-01T11:59:23.838+0000] {docker.py:438} INFO - Deleting pod: post-storage-service-769cf6947d-2mswt
[2025-10-01T11:59:23.838+0000] {docker.py:438} INFO - Deleted 1 pods: ['post-storage-service-769cf6947d-2mswt']
[2025-10-01T11:59:23.838+0000] {docker.py:438} INFO - ✅ Successfully restarted pods: ['post-storage-service-769cf6947d-2mswt']
[2025-10-01T11:59:23.838+0000] {docker.py:438} INFO - ⏳ Waiting 20 seconds until next restart...
[2025-10-01T11:59:23.839+0000] {docker.py:438} INFO - 📊 Time remaining: 198 seconds
[2025-10-01T11:59:23.839+0000] {docker.py:438} INFO - 
[2025-10-01T11:59:23.839+0000] {docker.py:438} INFO - ==================================================
[2025-10-01T11:59:23.840+0000] {docker.py:438} INFO - 🔄 Restart #7 at 2025-10-01 11:56:40
[2025-10-01T11:59:23.840+0000] {docker.py:438} INFO - ==================================================
[2025-10-01T11:59:23.840+0000] {docker.py:438} INFO - Hello world - terminate function started!
[2025-10-01T11:59:23.841+0000] {docker.py:438} INFO - Selecting pods with label_selector: app=post-storage-service
[2025-10-01T11:59:23.841+0000] {docker.py:438} INFO - Found 1 pods initially
[2025-10-01T11:59:23.842+0000] {docker.py:438} INFO - Random selection: 1 pods
[2025-10-01T11:59:23.843+0000] {docker.py:438} INFO - Deleting pod: post-storage-service-769cf6947d-tj9tm
[2025-10-01T11:59:23.843+0000] {docker.py:438} INFO - Deleted 1 pods: ['post-storage-service-769cf6947d-tj9tm']
[2025-10-01T11:59:23.843+0000] {docker.py:438} INFO - ✅ Successfully restarted pods: ['post-storage-service-769cf6947d-tj9tm']
[2025-10-01T11:59:23.844+0000] {docker.py:438} INFO - ⏳ Waiting 20 seconds until next restart...
[2025-10-01T11:59:23.844+0000] {docker.py:438} INFO - 📊 Time remaining: 177 seconds
[2025-10-01T11:59:23.844+0000] {docker.py:438} INFO - 
[2025-10-01T11:59:23.845+0000] {docker.py:438} INFO - ==================================================
[2025-10-01T11:59:23.846+0000] {docker.py:438} INFO - 🔄 Restart #8 at 2025-10-01 11:57:01
[2025-10-01T11:59:23.846+0000] {docker.py:438} INFO - ==================================================
[2025-10-01T11:59:23.846+0000] {docker.py:438} INFO - Hello world - terminate function started!
[2025-10-01T11:59:23.846+0000] {docker.py:438} INFO - Selecting pods with label_selector: app=post-storage-service
[2025-10-01T11:59:23.847+0000] {docker.py:438} INFO - Found 1 pods initially
[2025-10-01T11:59:23.847+0000] {docker.py:438} INFO - Random selection: 1 pods
[2025-10-01T11:59:23.850+0000] {docker.py:438} INFO - Deleting pod: post-storage-service-769cf6947d-4l6wg
[2025-10-01T11:59:23.850+0000] {docker.py:438} INFO - Deleted 1 pods: ['post-storage-service-769cf6947d-4l6wg']
[2025-10-01T11:59:23.851+0000] {docker.py:438} INFO - ✅ Successfully restarted pods: ['post-storage-service-769cf6947d-4l6wg']
[2025-10-01T11:59:23.852+0000] {docker.py:438} INFO - ⏳ Waiting 20 seconds until next restart...
[2025-10-01T11:59:23.852+0000] {docker.py:438} INFO - 📊 Time remaining: 157 seconds
[2025-10-01T11:59:23.853+0000] {docker.py:438} INFO - 
[2025-10-01T11:59:23.854+0000] {docker.py:438} INFO - ==================================================
[2025-10-01T11:59:23.854+0000] {docker.py:438} INFO - 🔄 Restart #9 at 2025-10-01 11:57:21
[2025-10-01T11:59:23.854+0000] {docker.py:438} INFO - ==================================================
[2025-10-01T11:59:23.855+0000] {docker.py:438} INFO - Hello world - terminate function started!
[2025-10-01T11:59:23.855+0000] {docker.py:438} INFO - Selecting pods with label_selector: app=post-storage-service
[2025-10-01T11:59:23.857+0000] {docker.py:438} INFO - Found 1 pods initially
[2025-10-01T11:59:23.857+0000] {docker.py:438} INFO - Random selection: 1 pods
[2025-10-01T11:59:23.858+0000] {docker.py:438} INFO - Deleting pod: post-storage-service-769cf6947d-hcslm
[2025-10-01T11:59:23.858+0000] {docker.py:438} INFO - Deleted 1 pods: ['post-storage-service-769cf6947d-hcslm']
[2025-10-01T11:59:23.859+0000] {docker.py:438} INFO - ✅ Successfully restarted pods: ['post-storage-service-769cf6947d-hcslm']
[2025-10-01T11:59:23.859+0000] {docker.py:438} INFO - ⏳ Waiting 20 seconds until next restart...
[2025-10-01T11:59:23.859+0000] {docker.py:438} INFO - 📊 Time remaining: 137 seconds
[2025-10-01T11:59:23.860+0000] {docker.py:438} INFO - 
[2025-10-01T11:59:23.860+0000] {docker.py:438} INFO - ==================================================
[2025-10-01T11:59:23.861+0000] {docker.py:438} INFO - 🔄 Restart #10 at 2025-10-01 11:57:41
[2025-10-01T11:59:23.861+0000] {docker.py:438} INFO - ==================================================
[2025-10-01T11:59:23.862+0000] {docker.py:438} INFO - Hello world - terminate function started!
[2025-10-01T11:59:23.862+0000] {docker.py:438} INFO - Selecting pods with label_selector: app=post-storage-service
[2025-10-01T11:59:23.863+0000] {docker.py:438} INFO - Found 1 pods initially
[2025-10-01T11:59:23.864+0000] {docker.py:438} INFO - Random selection: 1 pods
[2025-10-01T11:59:23.864+0000] {docker.py:438} INFO - Deleting pod: post-storage-service-769cf6947d-5h2s6
[2025-10-01T11:59:23.864+0000] {docker.py:438} INFO - Deleted 1 pods: ['post-storage-service-769cf6947d-5h2s6']
[2025-10-01T11:59:23.865+0000] {docker.py:438} INFO - ✅ Successfully restarted pods: ['post-storage-service-769cf6947d-5h2s6']
[2025-10-01T11:59:23.865+0000] {docker.py:438} INFO - ⏳ Waiting 20 seconds until next restart...
[2025-10-01T11:59:23.865+0000] {docker.py:438} INFO - 📊 Time remaining: 116 seconds
[2025-10-01T11:59:23.865+0000] {docker.py:438} INFO - 
[2025-10-01T11:59:23.866+0000] {docker.py:438} INFO - ==================================================
[2025-10-01T11:59:23.866+0000] {docker.py:438} INFO - 🔄 Restart #11 at 2025-10-01 11:58:02
[2025-10-01T11:59:23.866+0000] {docker.py:438} INFO - ==================================================
[2025-10-01T11:59:23.866+0000] {docker.py:438} INFO - Hello world - terminate function started!
[2025-10-01T11:59:23.866+0000] {docker.py:438} INFO - Selecting pods with label_selector: app=post-storage-service
[2025-10-01T11:59:23.867+0000] {docker.py:438} INFO - Found 1 pods initially
[2025-10-01T11:59:23.867+0000] {docker.py:438} INFO - Random selection: 1 pods
[2025-10-01T11:59:23.867+0000] {docker.py:438} INFO - Deleting pod: post-storage-service-769cf6947d-wzzrz
[2025-10-01T11:59:23.868+0000] {docker.py:438} INFO - Deleted 1 pods: ['post-storage-service-769cf6947d-wzzrz']
[2025-10-01T11:59:23.868+0000] {docker.py:438} INFO - ✅ Successfully restarted pods: ['post-storage-service-769cf6947d-wzzrz']
[2025-10-01T11:59:23.868+0000] {docker.py:438} INFO - ⏳ Waiting 20 seconds until next restart...
[2025-10-01T11:59:23.869+0000] {docker.py:438} INFO - 📊 Time remaining: 96 seconds
[2025-10-01T11:59:23.869+0000] {docker.py:438} INFO - 
[2025-10-01T11:59:23.869+0000] {docker.py:438} INFO - ==================================================
[2025-10-01T11:59:23.870+0000] {docker.py:438} INFO - 🔄 Restart #12 at 2025-10-01 11:58:22
[2025-10-01T11:59:23.870+0000] {docker.py:438} INFO - ==================================================
[2025-10-01T11:59:23.870+0000] {docker.py:438} INFO - Hello world - terminate function started!
[2025-10-01T11:59:23.871+0000] {docker.py:438} INFO - Selecting pods with label_selector: app=post-storage-service
[2025-10-01T11:59:23.872+0000] {docker.py:438} INFO - Found 1 pods initially
[2025-10-01T11:59:23.873+0000] {docker.py:438} INFO - Random selection: 1 pods
[2025-10-01T11:59:23.873+0000] {docker.py:438} INFO - Deleting pod: post-storage-service-769cf6947d-n8x5g
[2025-10-01T11:59:23.874+0000] {docker.py:438} INFO - Deleted 1 pods: ['post-storage-service-769cf6947d-n8x5g']
[2025-10-01T11:59:23.875+0000] {docker.py:438} INFO - ✅ Successfully restarted pods: ['post-storage-service-769cf6947d-n8x5g']
[2025-10-01T11:59:23.875+0000] {docker.py:438} INFO - ⏳ Waiting 20 seconds until next restart...
[2025-10-01T11:59:23.876+0000] {docker.py:438} INFO - 📊 Time remaining: 75 seconds
[2025-10-01T11:59:23.876+0000] {docker.py:438} INFO - 
[2025-10-01T11:59:23.876+0000] {docker.py:438} INFO - ==================================================
[2025-10-01T11:59:23.877+0000] {docker.py:438} INFO - 🔄 Restart #13 at 2025-10-01 11:58:43
[2025-10-01T11:59:23.877+0000] {docker.py:438} INFO - ==================================================
[2025-10-01T11:59:23.877+0000] {docker.py:438} INFO - Hello world - terminate function started!
[2025-10-01T11:59:23.878+0000] {docker.py:438} INFO - Selecting pods with label_selector: app=post-storage-service
[2025-10-01T11:59:23.878+0000] {docker.py:438} INFO - Found 1 pods initially
[2025-10-01T11:59:23.878+0000] {docker.py:438} INFO - Random selection: 1 pods
[2025-10-01T11:59:23.879+0000] {docker.py:438} INFO - Deleting pod: post-storage-service-769cf6947d-gflm2
[2025-10-01T11:59:23.879+0000] {docker.py:438} INFO - Deleted 1 pods: ['post-storage-service-769cf6947d-gflm2']
[2025-10-01T11:59:23.879+0000] {docker.py:438} INFO - ✅ Successfully restarted pods: ['post-storage-service-769cf6947d-gflm2']
[2025-10-01T11:59:23.879+0000] {docker.py:438} INFO - ⏳ Waiting 20 seconds until next restart...
[2025-10-01T11:59:23.880+0000] {docker.py:438} INFO - 📊 Time remaining: 55 seconds
[2025-10-01T11:59:23.880+0000] {docker.py:438} INFO - 
[2025-10-01T11:59:23.880+0000] {docker.py:438} INFO - ==================================================
[2025-10-01T11:59:23.880+0000] {docker.py:438} INFO - 🔄 Restart #14 at 2025-10-01 11:59:03
[2025-10-01T11:59:23.880+0000] {docker.py:438} INFO - ==================================================
[2025-10-01T11:59:23.881+0000] {docker.py:438} INFO - Hello world - terminate function started!
[2025-10-01T11:59:23.881+0000] {docker.py:438} INFO - Selecting pods with label_selector: app=post-storage-service
[2025-10-01T11:59:23.881+0000] {docker.py:438} INFO - Found 1 pods initially
[2025-10-01T11:59:23.882+0000] {docker.py:438} INFO - Random selection: 1 pods
[2025-10-01T11:59:23.882+0000] {docker.py:438} INFO - Deleting pod: post-storage-service-769cf6947d-9rgvh
[2025-10-01T11:59:23.883+0000] {docker.py:438} INFO - Deleted 1 pods: ['post-storage-service-769cf6947d-9rgvh']
[2025-10-01T11:59:23.883+0000] {docker.py:438} INFO - ✅ Successfully restarted pods: ['post-storage-service-769cf6947d-9rgvh']
[2025-10-01T11:59:23.884+0000] {docker.py:438} INFO - ⏳ Waiting 20 seconds until next restart...
[2025-10-01T11:59:23.884+0000] {docker.py:438} INFO - 📊 Time remaining: 35 seconds
[2025-10-01T11:59:23.884+0000] {docker.py:438} INFO - 
[2025-10-01T11:59:23.884+0000] {docker.py:438} INFO - ==================================================
[2025-10-01T11:59:23.884+0000] {docker.py:438} INFO - 🔄 Restart #15 at 2025-10-01 11:59:23
[2025-10-01T11:59:23.885+0000] {docker.py:438} INFO - ==================================================
[2025-10-01T11:59:23.885+0000] {docker.py:438} INFO - Hello world - terminate function started!
[2025-10-01T11:59:23.885+0000] {docker.py:438} INFO - Selecting pods with label_selector: app=post-storage-service
[2025-10-01T11:59:24.185+0000] {docker.py:438} INFO - [32m[2025-10-01 11:59:24 INFO] Let's rollback...
[2025-10-01T11:59:24.186+0000] {docker.py:438} INFO - [32m[2025-10-01 11:59:24 INFO] Rollback: uncordon-all-nodes
[2025-10-01T11:59:24.187+0000] {docker.py:438} INFO - [32m[2025-10-01 11:59:24 INFO] Action: uncordon-all-nodes
[2025-10-01T11:59:25.171+0000] {docker.py:438} INFO - [32m[2025-10-01 11:59:25 INFO] Experiment ended with status: completed
[2025-10-01T11:59:25.173+0000] {docker.py:438} INFO - Found 1 pods initially
[2025-10-01T11:59:25.173+0000] {docker.py:438} INFO - Random selection: 1 pods
[2025-10-01T11:59:25.173+0000] {docker.py:438} INFO - Deleting pod: post-storage-service-769cf6947d-z57sw
[2025-10-01T11:59:25.174+0000] {docker.py:438} INFO - Deleted 1 pods: ['post-storage-service-769cf6947d-z57sw']
[2025-10-01T11:59:25.174+0000] {docker.py:438} INFO - ✅ Successfully restarted pods: ['post-storage-service-769cf6947d-z57sw']
[2025-10-01T11:59:25.174+0000] {docker.py:438} INFO - ⏰ Less than 20 seconds remaining, stopping experiment
[2025-10-01T11:59:25.175+0000] {docker.py:438} INFO - 
[2025-10-01T11:59:25.175+0000] {docker.py:438} INFO - ==================================================
[2025-10-01T11:59:25.175+0000] {docker.py:438} INFO - 🏁 Experiment Completed!
[2025-10-01T11:59:25.176+0000] {docker.py:438} INFO - ==================================================
[2025-10-01T11:59:25.176+0000] {docker.py:438} INFO - 📈 Total restarts performed: 15
[2025-10-01T11:59:25.176+0000] {docker.py:438} INFO - ⏱️  Total duration: 286 seconds
[2025-10-01T11:59:25.177+0000] {docker.py:438} INFO - 📊 Average interval: 19.1 seconds
[2025-10-01T11:59:25.436+0000] {taskinstance.py:340} INFO - ::group::Post task execution logs
[2025-10-01T11:59:25.436+0000] {taskinstance.py:352} INFO - Marking task as SUCCESS. dag_id=Cordon_Uncordon_Node, task_id=apply_cordon_uncordon_node, run_id=manual__2025-10-01T11:54:26.175808+00:00, execution_date=20251001T115426, start_date=20251001T115427, end_date=20251001T115925
[2025-10-01T11:59:25.469+0000] {local_task_job_runner.py:266} INFO - Task exited with return code 0
[2025-10-01T11:59:25.484+0000] {taskinstance.py:3900} INFO - 0 downstream tasks scheduled from follow-on schedule check
[2025-10-01T11:59:25.486+0000] {local_task_job_runner.py:245} INFO - ::endgroup::
