[2025-10-21T07:36:10.424+0000] {local_task_job_runner.py:123} INFO - ::group::Pre task execution logs
[2025-10-21T07:36:10.458+0000] {taskinstance.py:2612} INFO - Dependencies all met for dep_context=non-requeueable deps ti=<TaskInstance: DB_Cleanup.run_db_cleanup_docker manual__2025-10-21T07:36:08.566242+00:00 [queued]>
[2025-10-21T07:36:10.476+0000] {taskinstance.py:2612} INFO - Dependencies all met for dep_context=requeueable deps ti=<TaskInstance: DB_Cleanup.run_db_cleanup_docker manual__2025-10-21T07:36:08.566242+00:00 [queued]>
[2025-10-21T07:36:10.477+0000] {taskinstance.py:2865} INFO - Starting attempt 1 of 2
[2025-10-21T07:36:10.510+0000] {taskinstance.py:2888} INFO - Executing <Task(DockerOperator): run_db_cleanup_docker> on 2025-10-21 07:36:08.566242+00:00
[2025-10-21T07:36:10.523+0000] {standard_task_runner.py:72} INFO - Started process 3004 to run task
[2025-10-21T07:36:10.533+0000] {standard_task_runner.py:104} INFO - Running: ['***', 'tasks', 'run', 'DB_Cleanup', 'run_db_cleanup_docker', 'manual__2025-10-21T07:36:08.566242+00:00', '--job-id', '10067', '--raw', '--subdir', 'DAGS_FOLDER/dag_factory.py', '--cfg-path', '/tmp/tmpzn9iqsuo']
[2025-10-21T07:36:10.536+0000] {standard_task_runner.py:105} INFO - Job 10067: Subtask run_db_cleanup_docker
[2025-10-21T07:36:10.637+0000] {task_command.py:467} INFO - Running <TaskInstance: DB_Cleanup.run_db_cleanup_docker manual__2025-10-21T07:36:08.566242+00:00 [running]> on host workflow.y2twbfvcjkaujnl2bmtbxunhcb.cx.internal.cloudapp.net
[2025-10-21T07:36:10.809+0000] {taskinstance.py:3131} INFO - Exporting env vars: AIRFLOW_CTX_DAG_OWNER='***' AIRFLOW_CTX_DAG_ID='DB_Cleanup' AIRFLOW_CTX_TASK_ID='run_db_cleanup_docker' AIRFLOW_CTX_EXECUTION_DATE='2025-10-21T07:36:08.566242+00:00' AIRFLOW_CTX_TRY_NUMBER='1' AIRFLOW_CTX_DAG_RUN_ID='manual__2025-10-21T07:36:08.566242+00:00'
[2025-10-21T07:36:10.813+0000] {taskinstance.py:731} INFO - ::endgroup::
[2025-10-21T07:36:10.876+0000] {docker.py:367} INFO - Starting docker container from image priyanshu01ce/***_chaos:latest
[2025-10-21T07:36:11.503+0000] {docker.py:438} INFO - The container is run as root user. For security, consider using a regular user account.
[2025-10-21T07:36:29.582+0000] {docker.py:438} INFO - 
[2025-10-21T07:36:29.588+0000] {docker.py:438} INFO - Starting database cleanup check...
[2025-10-21T07:36:30.469+0000] {docker.py:438} INFO - [32m[2025-10-21 07:36:30 INFO] Validating the experiment's syntax
[2025-10-21T07:36:30.705+0000] {docker.py:438} INFO - [32m[2025-10-21 07:36:30 INFO] Experiment looks valid
[2025-10-21T07:36:30.707+0000] {docker.py:438} INFO - [32m[2025-10-21 07:36:30 INFO] Running experiment: Database Cleanup Experiment
[2025-10-21T07:36:30.712+0000] {docker.py:438} INFO - [32m[2025-10-21 07:36:30 INFO] Steady-state strategy: default
[2025-10-21T07:36:30.713+0000] {docker.py:438} INFO - [32m[2025-10-21 07:36:30 INFO] Rollbacks strategy: default
[2025-10-21T07:36:30.714+0000] {docker.py:438} INFO - [32m[2025-10-21 07:36:30 INFO] No steady state hypothesis defined. That's ok, just exploring.
[2025-10-21T07:36:30.715+0000] {docker.py:438} INFO - [32m[2025-10-21 07:36:30 INFO] Playing your experiment's method now...
[2025-10-21T07:36:30.716+0000] {docker.py:438} INFO - [32m[2025-10-21 07:36:30 INFO] Probe: Check current database size
[2025-10-21T07:36:35.730+0000] {docker.py:438} INFO - [31m[2025-10-21 07:36:35 ERROR] Failed to count posts: No servers found yet, Timeout: 5.0s, Topology Description: <TopologyDescription id: 68f737fee3884fe09c2f9ae7, topology_type: Unknown, servers: [<ServerDescription ('172.179.55.194', 27017) server_type: Unknown, rtt: None>]>
[2025-10-21T07:36:35.731+0000] {docker.py:438} INFO - [32m[2025-10-21 07:36:35 INFO] Action: Auto cleanup if records exceed threshold
[2025-10-21T07:36:35.731+0000] {docker.py:438} INFO - [32m[2025-10-21 07:36:35 INFO] 🔍 Starting auto-cleanup check...
[2025-10-21T07:36:35.732+0000] {docker.py:438} INFO - [32m[2025-10-21 07:36:35 INFO] 📋 Database: 172.179.55.194:27017/post.post
[2025-10-21T07:36:35.732+0000] {docker.py:438} INFO - [32m[2025-10-21 07:36:35 INFO] 📊 Threshold: 10000, Keep count: 10000
[2025-10-21T07:36:40.739+0000] {docker.py:438} INFO - [31m[2025-10-21 07:36:40 ERROR] Failed to count posts: No servers found yet, Timeout: 5.0s, Topology Description: <TopologyDescription id: 68f73803e3884fe09c2f9ae8, topology_type: Unknown, servers: [<ServerDescription ('172.179.55.194', 27017) server_type: Unknown, rtt: None>]>
[2025-10-21T07:36:40.740+0000] {docker.py:438} INFO - [31m[2025-10-21 07:36:40 ERROR] ❌ Failed to count posts, cannot proceed with cleanup
[2025-10-21T07:36:40.740+0000] {docker.py:438} INFO - [32m[2025-10-21 07:36:40 INFO] Probe: Verify final database size
[2025-10-21T07:36:45.748+0000] {docker.py:438} INFO - [31m[2025-10-21 07:36:45 ERROR] Failed to count posts: No servers found yet, Timeout: 5.0s, Topology Description: <TopologyDescription id: 68f73808e3884fe09c2f9ae9, topology_type: Unknown, servers: [<ServerDescription ('172.179.55.194', 27017) server_type: Unknown, rtt: None>]>
[2025-10-21T07:36:45.749+0000] {docker.py:438} INFO - [32m[2025-10-21 07:36:45 INFO] Let's rollback...
[2025-10-21T07:36:45.749+0000] {docker.py:438} INFO - [32m[2025-10-21 07:36:45 INFO] Rollback: Final verification after cleanup
[2025-10-21T07:36:45.750+0000] {docker.py:438} INFO - [32m[2025-10-21 07:36:45 INFO] Probe: Final verification after cleanup
[2025-10-21T07:36:50.768+0000] {docker.py:438} INFO - [31m[2025-10-21 07:36:50 ERROR] Failed to count posts: No servers found yet, Timeout: 5.0s, Topology Description: <TopologyDescription id: 68f7380de3884fe09c2f9aea, topology_type: Unknown, servers: [<ServerDescription ('172.179.55.194', 27017) server_type: Unknown, rtt: None>]>
[2025-10-21T07:36:50.769+0000] {docker.py:438} INFO - [32m[2025-10-21 07:36:50 INFO] Experiment ended with status: completed
[2025-10-21T07:36:53.958+0000] {docker.py:438} INFO - Database cleanup completed successfully
[2025-10-21T07:36:54.268+0000] {taskinstance.py:340} INFO - ::group::Post task execution logs
[2025-10-21T07:36:54.268+0000] {taskinstance.py:352} INFO - Marking task as SUCCESS. dag_id=DB_Cleanup, task_id=run_db_cleanup_docker, run_id=manual__2025-10-21T07:36:08.566242+00:00, execution_date=20251021T073608, start_date=20251021T073610, end_date=20251021T073654
[2025-10-21T07:36:54.323+0000] {local_task_job_runner.py:266} INFO - Task exited with return code 0
[2025-10-21T07:36:54.363+0000] {taskinstance.py:3900} INFO - 0 downstream tasks scheduled from follow-on schedule check
[2025-10-21T07:36:54.365+0000] {local_task_job_runner.py:245} INFO - ::endgroup::
