[2025-10-07T06:00:02.500+0000] {local_task_job_runner.py:123} INFO - ::group::Pre task execution logs
[2025-10-07T06:00:02.553+0000] {taskinstance.py:2612} INFO - Dependencies all met for dep_context=non-requeueable deps ti=<TaskInstance: Cordon_Uncordon_Node.apply_cordon_uncordon_node scheduled__2025-10-07T03:00:00+00:00 [queued]>
[2025-10-07T06:00:02.572+0000] {taskinstance.py:2612} INFO - Dependencies all met for dep_context=requeueable deps ti=<TaskInstance: Cordon_Uncordon_Node.apply_cordon_uncordon_node scheduled__2025-10-07T03:00:00+00:00 [queued]>
[2025-10-07T06:00:02.572+0000] {taskinstance.py:2865} INFO - Starting attempt 1 of 1
[2025-10-07T06:00:02.594+0000] {taskinstance.py:2888} INFO - Executing <Task(DockerOperator): apply_cordon_uncordon_node> on 2025-10-07 03:00:00+00:00
[2025-10-07T06:00:02.606+0000] {standard_task_runner.py:72} INFO - Started process 1456 to run task
[2025-10-07T06:00:02.620+0000] {standard_task_runner.py:104} INFO - Running: ['***', 'tasks', 'run', 'Cordon_Uncordon_Node', 'apply_cordon_uncordon_node', 'scheduled__2025-10-07T03:00:00+00:00', '--job-id', '486', '--raw', '--subdir', 'DAGS_FOLDER/dag_factory.py', '--cfg-path', '/tmp/tmpnepkjnff']
[2025-10-07T06:00:02.621+0000] {standard_task_runner.py:105} INFO - Job 486: Subtask apply_cordon_uncordon_node
[2025-10-07T06:00:02.725+0000] {task_command.py:467} INFO - Running <TaskInstance: Cordon_Uncordon_Node.apply_cordon_uncordon_node scheduled__2025-10-07T03:00:00+00:00 [running]> on host workflow.y2twbfvcjkaujnl2bmtbxunhcb.cx.internal.cloudapp.net
[2025-10-07T06:00:03.030+0000] {taskinstance.py:3131} INFO - Exporting env vars: AIRFLOW_CTX_DAG_OWNER='***' AIRFLOW_CTX_DAG_ID='Cordon_Uncordon_Node' AIRFLOW_CTX_TASK_ID='apply_cordon_uncordon_node' AIRFLOW_CTX_EXECUTION_DATE='2025-10-07T03:00:00+00:00' AIRFLOW_CTX_TRY_NUMBER='1' AIRFLOW_CTX_DAG_RUN_ID='scheduled__2025-10-07T03:00:00+00:00'
[2025-10-07T06:00:03.032+0000] {taskinstance.py:731} INFO - ::endgroup::
[2025-10-07T06:00:03.098+0000] {docker.py:367} INFO - Starting docker container from image ***_chaos:latest
[2025-10-07T06:00:03.635+0000] {docker.py:438} INFO - The container is run as root user. For security, consider using a regular user account.
[2025-10-07T06:00:17.801+0000] {docker.py:438} INFO - 
[2025-10-07T06:00:18.688+0000] {docker.py:438} INFO - [32m[2025-10-07 06:00:18 INFO] Validating the experiment's syntax
[2025-10-07T06:00:19.181+0000] {docker.py:438} INFO - [32m[2025-10-07 06:00:19 INFO] Experiment looks valid
[2025-10-07T06:00:19.183+0000] {docker.py:438} INFO - [32m[2025-10-07 06:00:19 INFO] Running experiment: Cordon-Pod Restart Combined Experiment
[2025-10-07T06:00:19.187+0000] {docker.py:438} INFO - [32m[2025-10-07 06:00:19 INFO] Steady-state strategy: default
[2025-10-07T06:00:19.187+0000] {docker.py:438} INFO - [32m[2025-10-07 06:00:19 INFO] Rollbacks strategy: default
[2025-10-07T06:00:19.188+0000] {docker.py:438} INFO - [32m[2025-10-07 06:00:19 INFO] No steady state hypothesis defined. That's ok, just exploring.
[2025-10-07T06:00:19.189+0000] {docker.py:438} INFO - [32m[2025-10-07 06:00:19 INFO] Playing your experiment's method now...
[2025-10-07T06:00:19.189+0000] {docker.py:438} INFO - [32m[2025-10-07 06:00:19 INFO] Action: cordon-nodes
[2025-10-07T06:00:20.361+0000] {docker.py:438} INFO - [32m[2025-10-07 06:00:20 INFO] Action: continuous-pod-restart-during-cordon
[2025-10-07T06:05:07.247+0000] {docker.py:438} INFO - 🚀 Starting continuous pod restart experiment
[2025-10-07T06:05:07.248+0000] {docker.py:438} INFO - 📅 Interval: 20 seconds
[2025-10-07T06:05:07.248+0000] {docker.py:438} INFO - ⏱️  Duration: 300 seconds
[2025-10-07T06:05:07.249+0000] {docker.py:438} INFO - 🎯 Target: app=post-storage-service
[2025-10-07T06:05:07.249+0000] {docker.py:438} INFO - 📍 Namespace: default
[2025-10-07T06:05:07.249+0000] {docker.py:438} INFO - 
[2025-10-07T06:05:07.249+0000] {docker.py:438} INFO - ==================================================
[2025-10-07T06:05:07.250+0000] {docker.py:438} INFO - 🔄 Restart #1 at 2025-10-07 06:00:20
[2025-10-07T06:05:07.250+0000] {docker.py:438} INFO - ==================================================
[2025-10-07T06:05:07.250+0000] {docker.py:438} INFO - Hello world - terminate function started!
[2025-10-07T06:05:07.250+0000] {docker.py:438} INFO - Selecting pods with label_selector: app=post-storage-service
[2025-10-07T06:05:07.251+0000] {docker.py:438} INFO - Found 1 pods initially
[2025-10-07T06:05:07.251+0000] {docker.py:438} INFO - Random selection: 1 pods
[2025-10-07T06:05:07.251+0000] {docker.py:438} INFO - Deleting pod: post-storage-service-769cf6947d-smwml
[2025-10-07T06:05:07.251+0000] {docker.py:438} INFO - Deleted 1 pods: ['post-storage-service-769cf6947d-smwml']
[2025-10-07T06:05:07.251+0000] {docker.py:438} INFO - ✅ Successfully restarted pods: ['post-storage-service-769cf6947d-smwml']
[2025-10-07T06:05:07.252+0000] {docker.py:438} INFO - ⏳ Waiting 20 seconds until next restart...
[2025-10-07T06:05:07.252+0000] {docker.py:438} INFO - 📊 Time remaining: 300 seconds
[2025-10-07T06:05:07.252+0000] {docker.py:438} INFO - 
[2025-10-07T06:05:07.252+0000] {docker.py:438} INFO - ==================================================
[2025-10-07T06:05:07.252+0000] {docker.py:438} INFO - 🔄 Restart #2 at 2025-10-07 06:00:40
[2025-10-07T06:05:07.253+0000] {docker.py:438} INFO - ==================================================
[2025-10-07T06:05:07.253+0000] {docker.py:438} INFO - Hello world - terminate function started!
[2025-10-07T06:05:07.253+0000] {docker.py:438} INFO - Selecting pods with label_selector: app=post-storage-service
[2025-10-07T06:05:07.253+0000] {docker.py:438} INFO - Found 2 pods initially
[2025-10-07T06:05:07.253+0000] {docker.py:438} INFO - Random selection: 1 pods
[2025-10-07T06:05:07.254+0000] {docker.py:438} INFO - Deleting pod: post-storage-service-769cf6947d-znww6
[2025-10-07T06:05:07.254+0000] {docker.py:438} INFO - Deleted 1 pods: ['post-storage-service-769cf6947d-znww6']
[2025-10-07T06:05:07.254+0000] {docker.py:438} INFO - ✅ Successfully restarted pods: ['post-storage-service-769cf6947d-znww6']
[2025-10-07T06:05:07.254+0000] {docker.py:438} INFO - ⏳ Waiting 20 seconds until next restart...
[2025-10-07T06:05:07.254+0000] {docker.py:438} INFO - 📊 Time remaining: 279 seconds
[2025-10-07T06:05:07.255+0000] {docker.py:438} INFO - 
[2025-10-07T06:05:07.255+0000] {docker.py:438} INFO - ==================================================
[2025-10-07T06:05:07.255+0000] {docker.py:438} INFO - 🔄 Restart #3 at 2025-10-07 06:01:01
[2025-10-07T06:05:07.255+0000] {docker.py:438} INFO - ==================================================
[2025-10-07T06:05:07.255+0000] {docker.py:438} INFO - Hello world - terminate function started!
[2025-10-07T06:05:07.256+0000] {docker.py:438} INFO - Selecting pods with label_selector: app=post-storage-service
[2025-10-07T06:05:07.256+0000] {docker.py:438} INFO - Found 2 pods initially
[2025-10-07T06:05:07.256+0000] {docker.py:438} INFO - Random selection: 1 pods
[2025-10-07T06:05:07.256+0000] {docker.py:438} INFO - Deleting pod: post-storage-service-769cf6947d-znww6
[2025-10-07T06:05:07.256+0000] {docker.py:438} INFO - Deleted 1 pods: ['post-storage-service-769cf6947d-znww6']
[2025-10-07T06:05:07.257+0000] {docker.py:438} INFO - ✅ Successfully restarted pods: ['post-storage-service-769cf6947d-znww6']
[2025-10-07T06:05:07.257+0000] {docker.py:438} INFO - ⏳ Waiting 20 seconds until next restart...
[2025-10-07T06:05:07.257+0000] {docker.py:438} INFO - 📊 Time remaining: 259 seconds
[2025-10-07T06:05:07.257+0000] {docker.py:438} INFO - 
[2025-10-07T06:05:07.257+0000] {docker.py:438} INFO - ==================================================
[2025-10-07T06:05:07.258+0000] {docker.py:438} INFO - 🔄 Restart #4 at 2025-10-07 06:01:21
[2025-10-07T06:05:07.258+0000] {docker.py:438} INFO - ==================================================
[2025-10-07T06:05:07.258+0000] {docker.py:438} INFO - Hello world - terminate function started!
[2025-10-07T06:05:07.258+0000] {docker.py:438} INFO - Selecting pods with label_selector: app=post-storage-service
[2025-10-07T06:05:07.258+0000] {docker.py:438} INFO - Found 1 pods initially
[2025-10-07T06:05:07.259+0000] {docker.py:438} INFO - Random selection: 1 pods
[2025-10-07T06:05:07.259+0000] {docker.py:438} INFO - Deleting pod: post-storage-service-769cf6947d-gs86l
[2025-10-07T06:05:07.259+0000] {docker.py:438} INFO - Deleted 1 pods: ['post-storage-service-769cf6947d-gs86l']
[2025-10-07T06:05:07.259+0000] {docker.py:438} INFO - ✅ Successfully restarted pods: ['post-storage-service-769cf6947d-gs86l']
[2025-10-07T06:05:07.259+0000] {docker.py:438} INFO - ⏳ Waiting 20 seconds until next restart...
[2025-10-07T06:05:07.260+0000] {docker.py:438} INFO - 📊 Time remaining: 238 seconds
[2025-10-07T06:05:07.260+0000] {docker.py:438} INFO - 
[2025-10-07T06:05:07.260+0000] {docker.py:438} INFO - ==================================================
[2025-10-07T06:05:07.261+0000] {docker.py:438} INFO - 🔄 Restart #5 at 2025-10-07 06:01:42
[2025-10-07T06:05:07.261+0000] {docker.py:438} INFO - ==================================================
[2025-10-07T06:05:07.261+0000] {docker.py:438} INFO - Hello world - terminate function started!
[2025-10-07T06:05:07.262+0000] {docker.py:438} INFO - Selecting pods with label_selector: app=post-storage-service
[2025-10-07T06:05:07.262+0000] {docker.py:438} INFO - Found 2 pods initially
[2025-10-07T06:05:07.262+0000] {docker.py:438} INFO - Random selection: 1 pods
[2025-10-07T06:05:07.263+0000] {docker.py:438} INFO - Deleting pod: post-storage-service-769cf6947d-gnrf4
[2025-10-07T06:05:07.263+0000] {docker.py:438} INFO - Deleted 1 pods: ['post-storage-service-769cf6947d-gnrf4']
[2025-10-07T06:05:07.263+0000] {docker.py:438} INFO - ✅ Successfully restarted pods: ['post-storage-service-769cf6947d-gnrf4']
[2025-10-07T06:05:07.263+0000] {docker.py:438} INFO - ⏳ Waiting 20 seconds until next restart...
[2025-10-07T06:05:07.264+0000] {docker.py:438} INFO - 📊 Time remaining: 218 seconds
[2025-10-07T06:05:07.264+0000] {docker.py:438} INFO - 
[2025-10-07T06:05:07.264+0000] {docker.py:438} INFO - ==================================================
[2025-10-07T06:05:07.265+0000] {docker.py:438} INFO - 🔄 Restart #6 at 2025-10-07 06:02:02
[2025-10-07T06:05:07.265+0000] {docker.py:438} INFO - ==================================================
[2025-10-07T06:05:07.265+0000] {docker.py:438} INFO - Hello world - terminate function started!
[2025-10-07T06:05:07.266+0000] {docker.py:438} INFO - Selecting pods with label_selector: app=post-storage-service
[2025-10-07T06:05:07.266+0000] {docker.py:438} INFO - Found 2 pods initially
[2025-10-07T06:05:07.266+0000] {docker.py:438} INFO - Random selection: 1 pods
[2025-10-07T06:05:07.266+0000] {docker.py:438} INFO - Deleting pod: post-storage-service-769cf6947d-pjmcj
[2025-10-07T06:05:07.267+0000] {docker.py:438} INFO - Deleted 1 pods: ['post-storage-service-769cf6947d-pjmcj']
[2025-10-07T06:05:07.267+0000] {docker.py:438} INFO - ✅ Successfully restarted pods: ['post-storage-service-769cf6947d-pjmcj']
[2025-10-07T06:05:07.268+0000] {docker.py:438} INFO - ⏳ Waiting 20 seconds until next restart...
[2025-10-07T06:05:07.268+0000] {docker.py:438} INFO - 📊 Time remaining: 197 seconds
[2025-10-07T06:05:07.268+0000] {docker.py:438} INFO - 
[2025-10-07T06:05:07.269+0000] {docker.py:438} INFO - ==================================================
[2025-10-07T06:05:07.269+0000] {docker.py:438} INFO - 🔄 Restart #7 at 2025-10-07 06:02:23
[2025-10-07T06:05:07.269+0000] {docker.py:438} INFO - ==================================================
[2025-10-07T06:05:07.269+0000] {docker.py:438} INFO - Hello world - terminate function started!
[2025-10-07T06:05:07.270+0000] {docker.py:438} INFO - Selecting pods with label_selector: app=post-storage-service
[2025-10-07T06:05:07.270+0000] {docker.py:438} INFO - Found 2 pods initially
[2025-10-07T06:05:07.270+0000] {docker.py:438} INFO - Random selection: 1 pods
[2025-10-07T06:05:07.270+0000] {docker.py:438} INFO - Deleting pod: post-storage-service-769cf6947d-pjmcj
[2025-10-07T06:05:07.270+0000] {docker.py:438} INFO - Deleted 1 pods: ['post-storage-service-769cf6947d-pjmcj']
[2025-10-07T06:05:07.270+0000] {docker.py:438} INFO - ✅ Successfully restarted pods: ['post-storage-service-769cf6947d-pjmcj']
[2025-10-07T06:05:07.271+0000] {docker.py:438} INFO - ⏳ Waiting 20 seconds until next restart...
[2025-10-07T06:05:07.271+0000] {docker.py:438} INFO - 📊 Time remaining: 177 seconds
[2025-10-07T06:05:07.271+0000] {docker.py:438} INFO - 
[2025-10-07T06:05:07.271+0000] {docker.py:438} INFO - ==================================================
[2025-10-07T06:05:07.271+0000] {docker.py:438} INFO - 🔄 Restart #8 at 2025-10-07 06:02:43
[2025-10-07T06:05:07.272+0000] {docker.py:438} INFO - ==================================================
[2025-10-07T06:05:07.272+0000] {docker.py:438} INFO - Hello world - terminate function started!
[2025-10-07T06:05:07.272+0000] {docker.py:438} INFO - Selecting pods with label_selector: app=post-storage-service
[2025-10-07T06:05:07.272+0000] {docker.py:438} INFO - Found 1 pods initially
[2025-10-07T06:05:07.272+0000] {docker.py:438} INFO - Random selection: 1 pods
[2025-10-07T06:05:07.272+0000] {docker.py:438} INFO - Deleting pod: post-storage-service-769cf6947d-2lwmr
[2025-10-07T06:05:07.273+0000] {docker.py:438} INFO - Deleted 1 pods: ['post-storage-service-769cf6947d-2lwmr']
[2025-10-07T06:05:07.273+0000] {docker.py:438} INFO - ✅ Successfully restarted pods: ['post-storage-service-769cf6947d-2lwmr']
[2025-10-07T06:05:07.273+0000] {docker.py:438} INFO - ⏳ Waiting 20 seconds until next restart...
[2025-10-07T06:05:07.273+0000] {docker.py:438} INFO - 📊 Time remaining: 156 seconds
[2025-10-07T06:05:07.273+0000] {docker.py:438} INFO - 
[2025-10-07T06:05:07.274+0000] {docker.py:438} INFO - ==================================================
[2025-10-07T06:05:07.274+0000] {docker.py:438} INFO - 🔄 Restart #9 at 2025-10-07 06:03:04
[2025-10-07T06:05:07.274+0000] {docker.py:438} INFO - ==================================================
[2025-10-07T06:05:07.274+0000] {docker.py:438} INFO - Hello world - terminate function started!
[2025-10-07T06:05:07.274+0000] {docker.py:438} INFO - Selecting pods with label_selector: app=post-storage-service
[2025-10-07T06:05:07.275+0000] {docker.py:438} INFO - Found 2 pods initially
[2025-10-07T06:05:07.275+0000] {docker.py:438} INFO - Random selection: 1 pods
[2025-10-07T06:05:07.275+0000] {docker.py:438} INFO - Deleting pod: post-storage-service-769cf6947d-jsm29
[2025-10-07T06:05:07.276+0000] {docker.py:438} INFO - Deleted 1 pods: ['post-storage-service-769cf6947d-jsm29']
[2025-10-07T06:05:07.276+0000] {docker.py:438} INFO - ✅ Successfully restarted pods: ['post-storage-service-769cf6947d-jsm29']
[2025-10-07T06:05:07.276+0000] {docker.py:438} INFO - ⏳ Waiting 20 seconds until next restart...
[2025-10-07T06:05:07.276+0000] {docker.py:438} INFO - 📊 Time remaining: 136 seconds
[2025-10-07T06:05:07.277+0000] {docker.py:438} INFO - 
[2025-10-07T06:05:07.277+0000] {docker.py:438} INFO - ==================================================
[2025-10-07T06:05:07.277+0000] {docker.py:438} INFO - 🔄 Restart #10 at 2025-10-07 06:03:24
[2025-10-07T06:05:07.277+0000] {docker.py:438} INFO - ==================================================
[2025-10-07T06:05:07.278+0000] {docker.py:438} INFO - Hello world - terminate function started!
[2025-10-07T06:05:07.278+0000] {docker.py:438} INFO - Selecting pods with label_selector: app=post-storage-service
[2025-10-07T06:05:07.278+0000] {docker.py:438} INFO - Found 2 pods initially
[2025-10-07T06:05:07.278+0000] {docker.py:438} INFO - Random selection: 1 pods
[2025-10-07T06:05:07.279+0000] {docker.py:438} INFO - Deleting pod: post-storage-service-769cf6947d-j6qfs
[2025-10-07T06:05:07.279+0000] {docker.py:438} INFO - Deleted 1 pods: ['post-storage-service-769cf6947d-j6qfs']
[2025-10-07T06:05:07.279+0000] {docker.py:438} INFO - ✅ Successfully restarted pods: ['post-storage-service-769cf6947d-j6qfs']
[2025-10-07T06:05:07.279+0000] {docker.py:438} INFO - ⏳ Waiting 20 seconds until next restart...
[2025-10-07T06:05:07.280+0000] {docker.py:438} INFO - 📊 Time remaining: 115 seconds
[2025-10-07T06:05:07.280+0000] {docker.py:438} INFO - 
[2025-10-07T06:05:07.280+0000] {docker.py:438} INFO - ==================================================
[2025-10-07T06:05:07.281+0000] {docker.py:438} INFO - 🔄 Restart #11 at 2025-10-07 06:03:45
[2025-10-07T06:05:07.281+0000] {docker.py:438} INFO - ==================================================
[2025-10-07T06:05:07.281+0000] {docker.py:438} INFO - Hello world - terminate function started!
[2025-10-07T06:05:07.281+0000] {docker.py:438} INFO - Selecting pods with label_selector: app=post-storage-service
[2025-10-07T06:05:07.281+0000] {docker.py:438} INFO - Found 2 pods initially
[2025-10-07T06:05:07.282+0000] {docker.py:438} INFO - Random selection: 1 pods
[2025-10-07T06:05:07.282+0000] {docker.py:438} INFO - Deleting pod: post-storage-service-769cf6947d-j6qfs
[2025-10-07T06:05:07.282+0000] {docker.py:438} INFO - Deleted 1 pods: ['post-storage-service-769cf6947d-j6qfs']
[2025-10-07T06:05:07.282+0000] {docker.py:438} INFO - ✅ Successfully restarted pods: ['post-storage-service-769cf6947d-j6qfs']
[2025-10-07T06:05:07.282+0000] {docker.py:438} INFO - ⏳ Waiting 20 seconds until next restart...
[2025-10-07T06:05:07.282+0000] {docker.py:438} INFO - 📊 Time remaining: 94 seconds
[2025-10-07T06:05:07.283+0000] {docker.py:438} INFO - 
[2025-10-07T06:05:07.283+0000] {docker.py:438} INFO - ==================================================
[2025-10-07T06:05:07.283+0000] {docker.py:438} INFO - 🔄 Restart #12 at 2025-10-07 06:04:05
[2025-10-07T06:05:07.283+0000] {docker.py:438} INFO - ==================================================
[2025-10-07T06:05:07.283+0000] {docker.py:438} INFO - Hello world - terminate function started!
[2025-10-07T06:05:07.284+0000] {docker.py:438} INFO - Selecting pods with label_selector: app=post-storage-service
[2025-10-07T06:05:07.284+0000] {docker.py:438} INFO - Found 1 pods initially
[2025-10-07T06:05:07.284+0000] {docker.py:438} INFO - Random selection: 1 pods
[2025-10-07T06:05:07.284+0000] {docker.py:438} INFO - Deleting pod: post-storage-service-769cf6947d-g28gk
[2025-10-07T06:05:07.284+0000] {docker.py:438} INFO - Deleted 1 pods: ['post-storage-service-769cf6947d-g28gk']
[2025-10-07T06:05:07.284+0000] {docker.py:438} INFO - ✅ Successfully restarted pods: ['post-storage-service-769cf6947d-g28gk']
[2025-10-07T06:05:07.285+0000] {docker.py:438} INFO - ⏳ Waiting 20 seconds until next restart...
[2025-10-07T06:05:07.285+0000] {docker.py:438} INFO - 📊 Time remaining: 74 seconds
[2025-10-07T06:05:07.285+0000] {docker.py:438} INFO - 
[2025-10-07T06:05:07.285+0000] {docker.py:438} INFO - ==================================================
[2025-10-07T06:05:07.285+0000] {docker.py:438} INFO - 🔄 Restart #13 at 2025-10-07 06:04:26
[2025-10-07T06:05:07.286+0000] {docker.py:438} INFO - ==================================================
[2025-10-07T06:05:07.286+0000] {docker.py:438} INFO - Hello world - terminate function started!
[2025-10-07T06:05:07.286+0000] {docker.py:438} INFO - Selecting pods with label_selector: app=post-storage-service
[2025-10-07T06:05:07.286+0000] {docker.py:438} INFO - Found 2 pods initially
[2025-10-07T06:05:07.286+0000] {docker.py:438} INFO - Random selection: 1 pods
[2025-10-07T06:05:07.287+0000] {docker.py:438} INFO - Deleting pod: post-storage-service-769cf6947d-m49gs
[2025-10-07T06:05:07.287+0000] {docker.py:438} INFO - Deleted 1 pods: ['post-storage-service-769cf6947d-m49gs']
[2025-10-07T06:05:07.287+0000] {docker.py:438} INFO - ✅ Successfully restarted pods: ['post-storage-service-769cf6947d-m49gs']
[2025-10-07T06:05:07.287+0000] {docker.py:438} INFO - ⏳ Waiting 20 seconds until next restart...
[2025-10-07T06:05:07.287+0000] {docker.py:438} INFO - 📊 Time remaining: 54 seconds
[2025-10-07T06:05:07.287+0000] {docker.py:438} INFO - 
[2025-10-07T06:05:07.288+0000] {docker.py:438} INFO - ==================================================
[2025-10-07T06:05:07.288+0000] {docker.py:438} INFO - 🔄 Restart #14 at 2025-10-07 06:04:46
[2025-10-07T06:05:07.288+0000] {docker.py:438} INFO - ==================================================
[2025-10-07T06:05:07.288+0000] {docker.py:438} INFO - Hello world - terminate function started!
[2025-10-07T06:05:07.288+0000] {docker.py:438} INFO - Selecting pods with label_selector: app=post-storage-service
[2025-10-07T06:05:07.288+0000] {docker.py:438} INFO - Found 2 pods initially
[2025-10-07T06:05:07.289+0000] {docker.py:438} INFO - Random selection: 1 pods
[2025-10-07T06:05:07.289+0000] {docker.py:438} INFO - Deleting pod: post-storage-service-769cf6947d-m49gs
[2025-10-07T06:05:07.289+0000] {docker.py:438} INFO - Deleted 1 pods: ['post-storage-service-769cf6947d-m49gs']
[2025-10-07T06:05:07.289+0000] {docker.py:438} INFO - ✅ Successfully restarted pods: ['post-storage-service-769cf6947d-m49gs']
[2025-10-07T06:05:07.289+0000] {docker.py:438} INFO - ⏳ Waiting 20 seconds until next restart...
[2025-10-07T06:05:07.290+0000] {docker.py:438} INFO - 📊 Time remaining: 33 seconds
[2025-10-07T06:05:07.290+0000] {docker.py:438} INFO - 
[2025-10-07T06:05:07.290+0000] {docker.py:438} INFO - ==================================================
[2025-10-07T06:05:07.290+0000] {docker.py:438} INFO - 🔄 Restart #15 at 2025-10-07 06:05:07
[2025-10-07T06:05:07.290+0000] {docker.py:438} INFO - ==================================================
[2025-10-07T06:05:07.291+0000] {docker.py:438} INFO - Hello world - terminate function started!
[2025-10-07T06:05:07.291+0000] {docker.py:438} INFO - Selecting pods with label_selector: app=post-storage-service
[2025-10-07T06:05:07.670+0000] {docker.py:438} INFO - [32m[2025-10-07 06:05:07 INFO] Let's rollback...
[2025-10-07T06:05:07.670+0000] {docker.py:438} INFO - [32m[2025-10-07 06:05:07 INFO] Rollback: uncordon-all-nodes
[2025-10-07T06:05:07.671+0000] {docker.py:438} INFO - [32m[2025-10-07 06:05:07 INFO] Action: uncordon-all-nodes
[2025-10-07T06:05:08.756+0000] {docker.py:438} INFO - [32m[2025-10-07 06:05:08 INFO] Experiment ended with status: completed
[2025-10-07T06:05:08.758+0000] {docker.py:438} INFO - Found 1 pods initially
[2025-10-07T06:05:08.758+0000] {docker.py:438} INFO - Random selection: 1 pods
[2025-10-07T06:05:08.759+0000] {docker.py:438} INFO - Deleting pod: post-storage-service-769cf6947d-fp87c
[2025-10-07T06:05:08.759+0000] {docker.py:438} INFO - Deleted 1 pods: ['post-storage-service-769cf6947d-fp87c']
[2025-10-07T06:05:08.759+0000] {docker.py:438} INFO - ✅ Successfully restarted pods: ['post-storage-service-769cf6947d-fp87c']
[2025-10-07T06:05:08.760+0000] {docker.py:438} INFO - ⏰ Less than 20 seconds remaining, stopping experiment
[2025-10-07T06:05:08.760+0000] {docker.py:438} INFO - 
[2025-10-07T06:05:08.760+0000] {docker.py:438} INFO - ==================================================
[2025-10-07T06:05:08.761+0000] {docker.py:438} INFO - 🏁 Experiment Completed!
[2025-10-07T06:05:08.761+0000] {docker.py:438} INFO - ==================================================
[2025-10-07T06:05:08.761+0000] {docker.py:438} INFO - 📈 Total restarts performed: 15
[2025-10-07T06:05:08.762+0000] {docker.py:438} INFO - ⏱️  Total duration: 287 seconds
[2025-10-07T06:05:08.762+0000] {docker.py:438} INFO - 📊 Average interval: 19.2 seconds
[2025-10-07T06:05:09.106+0000] {taskinstance.py:340} INFO - ::group::Post task execution logs
[2025-10-07T06:05:09.107+0000] {taskinstance.py:352} INFO - Marking task as SUCCESS. dag_id=Cordon_Uncordon_Node, task_id=apply_cordon_uncordon_node, run_id=scheduled__2025-10-07T03:00:00+00:00, execution_date=20251007T030000, start_date=20251007T060002, end_date=20251007T060509
[2025-10-07T06:05:09.151+0000] {local_task_job_runner.py:266} INFO - Task exited with return code 0
[2025-10-07T06:05:09.169+0000] {taskinstance.py:3900} INFO - 0 downstream tasks scheduled from follow-on schedule check
[2025-10-07T06:05:09.171+0000] {local_task_job_runner.py:245} INFO - ::endgroup::
