[2025-11-11T06:14:44.050+0000] {local_task_job_runner.py:123} INFO - ::group::Pre task execution logs
[2025-11-11T06:14:44.077+0000] {taskinstance.py:2612} INFO - Dependencies all met for dep_context=non-requeueable deps ti=<TaskInstance: Reinitialize_Application.apply_container_restart_docker manual__2025-11-11T06:14:41.710014+00:00 [queued]>
[2025-11-11T06:14:44.089+0000] {taskinstance.py:2612} INFO - Dependencies all met for dep_context=requeueable deps ti=<TaskInstance: Reinitialize_Application.apply_container_restart_docker manual__2025-11-11T06:14:41.710014+00:00 [queued]>
[2025-11-11T06:14:44.090+0000] {taskinstance.py:2865} INFO - Starting attempt 1 of 1
[2025-11-11T06:14:44.117+0000] {taskinstance.py:2888} INFO - Executing <Task(DockerOperator): apply_container_restart_docker> on 2025-11-11 06:14:41.710014+00:00
[2025-11-11T06:14:44.132+0000] {standard_task_runner.py:72} INFO - Started process 131 to run task
[2025-11-11T06:14:44.143+0000] {standard_task_runner.py:104} INFO - Running: ['***', 'tasks', 'run', 'Reinitialize_Application', 'apply_container_restart_docker', 'manual__2025-11-11T06:14:41.710014+00:00', '--job-id', '14424', '--raw', '--subdir', 'DAGS_FOLDER/dag_factory.py', '--cfg-path', '/tmp/tmp658ofxij']
[2025-11-11T06:14:44.145+0000] {standard_task_runner.py:105} INFO - Job 14424: Subtask apply_container_restart_docker
[2025-11-11T06:14:44.236+0000] {task_command.py:467} INFO - Running <TaskInstance: Reinitialize_Application.apply_container_restart_docker manual__2025-11-11T06:14:41.710014+00:00 [running]> on host workflow.y2twbfvcjkaujnl2bmtbxunhcb.cx.internal.cloudapp.net
[2025-11-11T06:14:44.498+0000] {taskinstance.py:3131} INFO - Exporting env vars: AIRFLOW_CTX_DAG_OWNER='***' AIRFLOW_CTX_DAG_ID='Reinitialize_Application' AIRFLOW_CTX_TASK_ID='apply_container_restart_docker' AIRFLOW_CTX_EXECUTION_DATE='2025-11-11T06:14:41.710014+00:00' AIRFLOW_CTX_TRY_NUMBER='1' AIRFLOW_CTX_DAG_RUN_ID='manual__2025-11-11T06:14:41.710014+00:00'
[2025-11-11T06:14:44.504+0000] {taskinstance.py:731} INFO - ::endgroup::
[2025-11-11T06:14:44.570+0000] {docker.py:367} INFO - Starting docker container from image priyanshu01ce/***_chaos:latest
[2025-11-11T06:14:45.523+0000] {docker.py:438} INFO - The container is run as root user. For security, consider using a regular user account.
[2025-11-11T06:15:05.969+0000] {docker.py:438} INFO - 
[2025-11-11T06:15:05.986+0000] {docker.py:438} INFO - total 9704
[2025-11-11T06:15:05.987+0000] {docker.py:438} INFO - drwxr-xr-x 6    1000 1000    4096 Nov  3 08:06 .
[2025-11-11T06:15:05.987+0000] {docker.py:438} INFO - drwxr-xr-x 1 *** root    4096 Sep 26 10:44 ..
[2025-11-11T06:15:05.990+0000] {docker.py:438} INFO - -rw-r--r-- 1    1000 1000    1193 Sep  8 07:02 API_Latency.json
[2025-11-11T06:15:05.991+0000] {docker.py:438} INFO - -rw-r--r-- 1    1000 1000     729 Sep  9 10:30 API_Timeout.json
[2025-11-11T06:15:05.991+0000] {docker.py:438} INFO - -rw-r--r-- 1    1000 1000    1331 Oct  7 18:22 Continuous_Load_Test_Azure.yaml
[2025-11-11T06:15:05.993+0000] {docker.py:438} INFO - -rw-r--r-- 1    1000 1000    1672 Oct 30 07:48 Memory_Stress_Test_Azure.yaml
[2025-11-11T06:15:05.994+0000] {docker.py:438} INFO - -rw-r--r-- 1    1000 1000    1178 Sep 30 18:19 Stress_Test_Azure.yaml
[2025-11-11T06:15:05.994+0000] {docker.py:438} INFO - drwxrwxr-x 2 root    root    4096 Oct 29 06:31 __pycache__
[2025-11-11T06:15:05.995+0000] {docker.py:438} INFO - drwxrwxr-x 5    1000 1000    4096 Oct 21 08:05 chaos_env
[2025-11-11T06:15:05.998+0000] {docker.py:438} INFO - -rw-r--r-- 1    1000 1000    8875 Sep 25 16:54 chaosk6_actions.py
[2025-11-11T06:15:05.998+0000] {docker.py:438} INFO - -rw-rw-r-- 1    1000 1000 9257383 Nov 10 23:36 chaostoolkit.log
[2025-11-11T06:15:05.999+0000] {docker.py:438} INFO - -rw-rw-r-- 1    1000 1000    1421 Oct 23 09:34 check.py
[2025-11-11T06:15:05.999+0000] {docker.py:438} INFO - -rw-r--r-- 1    1000 1000    3213 Sep  9 09:11 combined-sequential.json
[2025-11-11T06:15:05.999+0000] {docker.py:438} INFO - -rwxrwxr-x 1    1000 1000    1489 Oct 27 06:29 complete_chaos_mesh-cleanup.sh
[2025-11-11T06:15:06.001+0000] {docker.py:438} INFO - -rw-r--r-- 1    1000 1000     502 Sep 16 05:31 connection_test_experiment.json
[2025-11-11T06:15:06.003+0000] {docker.py:438} INFO - -rw-rw-r-- 1    1000 1000     692 Oct 24 01:43 container_probe.json
[2025-11-11T06:15:06.003+0000] {docker.py:438} INFO - -rw-rw-r-- 1    1000 1000    2533 Oct 23 09:28 container_probe.yaml
[2025-11-11T06:15:06.004+0000] {docker.py:438} INFO - -rw-r--r-- 1    1000 1000    1420 Sep 24 06:53 container_restart.json
[2025-11-11T06:15:06.005+0000] {docker.py:438} INFO - -rw-r--r-- 1    1000 1000   16452 Sep 26 09:59 container_restart.py
[2025-11-11T06:15:06.005+0000] {docker.py:438} INFO - -rw-r--r-- 1    1000 1000    1751 Nov  3 05:42 container_restart_Azure.yaml
[2025-11-11T06:15:06.007+0000] {docker.py:438} INFO - -rw-r--r-- 1    1000 1000    1409 Sep 18 12:30 continuous_load_test.json
[2025-11-11T06:15:06.007+0000] {docker.py:438} INFO - -rw-r--r-- 1    1000 1000    1637 Sep 25 10:13 cordon-uncordon-node.json
[2025-11-11T06:15:06.008+0000] {docker.py:438} INFO - -rw-r--r-- 1    1000 1000    1637 Sep 25 04:39 cordon_test.json
[2025-11-11T06:15:06.008+0000] {docker.py:438} INFO - -rw-r--r-- 1    1000 1000    1436 Oct 30 12:28 cordon_uncordon_node_Azure.yaml
[2025-11-11T06:15:06.011+0000] {docker.py:438} INFO - -rw-r--r-- 1    1000 1000    1203 Sep 30 06:51 cpu_stress_ng.json
[2025-11-11T06:15:06.011+0000] {docker.py:438} INFO - -rw-r--r-- 1    1000 1000    1760 Oct 21 08:00 db_cleanup.json
[2025-11-11T06:15:06.012+0000] {docker.py:438} INFO - -rw-r--r-- 1    1000 1000    6399 Sep 24 07:40 db_cleanup.py
[2025-11-11T06:15:06.012+0000] {docker.py:438} INFO - -rw-rw-r-- 1    1000 1000    5855 Oct 28 12:27 direct_memory_stress.py
[2025-11-11T06:15:06.012+0000] {docker.py:438} INFO - -rw-r--r-- 1    1000 1000    3217 Nov 10 23:36 journal.json
[2025-11-11T06:15:06.015+0000] {docker.py:438} INFO - -rw-rw-r-- 1 root    root  374488 Nov 10 23:36 k6_continuous_load.log
[2025-11-11T06:15:06.015+0000] {docker.py:438} INFO - -rw-r--r-- 1    1000 1000    3970 Nov 10 23:36 k6_continuous_summary.json
[2025-11-11T06:15:06.016+0000] {docker.py:438} INFO - -rw-r--r-- 1    1000 1000    3433 Sep 25 09:28 k6_summary.json
[2025-11-11T06:15:06.016+0000] {docker.py:438} INFO - -rw-r--r-- 1    1000 1000     989 Sep 30 09:24 kubernetes_actions.json
[2025-11-11T06:15:06.019+0000] {docker.py:438} INFO - -rw-r--r-- 1    1000 1000   10961 Sep 30 09:23 kubernetes_actions.py
[2025-11-11T06:15:06.020+0000] {docker.py:438} INFO - -rw-r--r-- 1    1000 1000     945 Sep 21 16:40 load_test.json
[2025-11-11T06:15:06.020+0000] {docker.py:438} INFO - -rw-r--r-- 1    1000 1000     528 Sep 17 12:13 max_connection_experiment.json
[2025-11-11T06:15:06.020+0000] {docker.py:438} INFO - -rw-r--r-- 1    1000 1000    1227 Sep 13 15:20 memory-stress-rollback.json
[2025-11-11T06:15:06.022+0000] {docker.py:438} INFO - -rw-rw-r-- 1    1000 1000    1066 Oct 30 12:27 memory_stress.json
[2025-11-11T06:15:06.023+0000] {docker.py:438} INFO - -rw-rw-r-- 1    1000 1000    6653 Oct 29 06:18 memory_stress.py
[2025-11-11T06:15:06.023+0000] {docker.py:438} INFO - -rw-r--r-- 1    1000 1000    1421 Sep 29 05:20 mongo_db_container_restart.json
[2025-11-11T06:15:06.023+0000] {docker.py:438} INFO - -rw-r--r-- 1    1000 1000    7586 Sep 18 05:54 mongodb_actions.py
[2025-11-11T06:15:06.026+0000] {docker.py:438} INFO - -rw-r--r-- 1    1000 1000    2136 Sep 18 11:23 mongodb_connection.json
[2025-11-11T06:15:06.026+0000] {docker.py:438} INFO - -rw-r--r-- 1    1000 1000     597 Sep 16 09:17 mongodb_network_latency_experiment.json
[2025-11-11T06:15:06.027+0000] {docker.py:438} INFO - -rw-r--r-- 1    1000 1000    3657 Sep 18 05:42 mongodb_probes.py
[2025-11-11T06:15:06.027+0000] {docker.py:438} INFO - -rw-r--r-- 1    1000 1000    6161 Sep 12 08:04 pod_restart.py
[2025-11-11T06:15:06.028+0000] {docker.py:438} INFO - -rw-r--r-- 1    1000 1000    1497 Sep 30 05:50 redis_config_faults.py
[2025-11-11T06:15:06.031+0000] {docker.py:438} INFO - -rw-r--r-- 1    1000 1000     862 Sep 30 05:50 redis_experiment.json
[2025-11-11T06:15:06.031+0000] {docker.py:438} INFO - -rw-r--r-- 1    1000 1000     945 Sep 18 06:53 redis_load.json
[2025-11-11T06:15:06.032+0000] {docker.py:438} INFO - -rw-r--r-- 1    1000 1000    1641 Oct 30 12:29 redis_memory_stress_Azure.yaml
[2025-11-11T06:15:06.032+0000] {docker.py:438} INFO - -rw-rw-r-- 1    1000 1000    1333 Oct 21 09:39 reinitialize_application.yaml
[2025-11-11T06:15:06.033+0000] {docker.py:438} INFO - -rw-r--r-- 1    1000 1000    1284 Sep 25 10:53 run_load_test_with_cleanup.py
[2025-11-11T06:15:06.034+0000] {docker.py:438} INFO - -rw-rw-r-- 1    1000 1000    1307 Oct 27 10:33 sample_probe.yaml
[2025-11-11T06:15:06.034+0000] {docker.py:438} INFO - drwxr-xr-x 2    1000 1000    4096 Oct 22 06:46 scripts
[2025-11-11T06:15:06.035+0000] {docker.py:438} INFO - -rw-rw-r-- 1    1000 1000     272 Oct 27 08:51 simple-stress-test.yaml
[2025-11-11T06:15:06.035+0000] {docker.py:438} INFO - drwxr-xr-x 4    1000 1000    4096 Sep 30 09:41 socialNetwork
[2025-11-11T06:15:06.035+0000] {docker.py:438} INFO - -rw-r--r-- 1    1000 1000     821 Sep 26 13:20 stress_test.json
[2025-11-11T06:15:06.039+0000] {docker.py:438} INFO - -rw-rw-r-- 1    1000 1000     301 Oct 27 08:46 test-stress-fixed.yaml
[2025-11-11T06:15:06.039+0000] {docker.py:438} INFO - -rw-rw-r-- 1    1000 1000     295 Oct 27 08:49 test_after_fix.yaml
[2025-11-11T06:15:06.040+0000] {docker.py:438} INFO - -rw-r--r-- 1    1000 1000     367 Sep 17 07:24 test_params.json
[2025-11-11T06:15:06.041+0000] {docker.py:438} INFO - Starting Reinitializing the Social Networking Application...
[2025-11-11T06:15:06.978+0000] {docker.py:438} INFO - [32m[2025-11-11 06:15:06 INFO] Validating the experiment's syntax
[2025-11-11T06:15:07.539+0000] {docker.py:438} INFO - [32m[2025-11-11 06:15:07 INFO] Experiment looks valid
[2025-11-11T06:15:07.541+0000] {docker.py:438} INFO - [32m[2025-11-11 06:15:07 INFO] Running experiment: Simple Social Network Reset
[2025-11-11T06:15:07.545+0000] {docker.py:438} INFO - [32m[2025-11-11 06:15:07 INFO] Steady-state strategy: default
[2025-11-11T06:15:07.546+0000] {docker.py:438} INFO - [32m[2025-11-11 06:15:07 INFO] Rollbacks strategy: default
[2025-11-11T06:15:07.547+0000] {docker.py:438} INFO - [32m[2025-11-11 06:15:07 INFO] No steady state hypothesis defined. That's ok, just exploring.
[2025-11-11T06:15:07.548+0000] {docker.py:438} INFO - [32m[2025-11-11 06:15:07 INFO] Playing your experiment's method now...
[2025-11-11T06:15:07.549+0000] {docker.py:438} INFO - [32m[2025-11-11 06:15:07 INFO] Action: complete-reset-and-reinit
[2025-11-11T06:15:07.550+0000] {docker.py:438} INFO - INFO:kubernetes_actions:Starting complete reset and reinitialization...
[2025-11-11T06:15:07.551+0000] {docker.py:438} INFO - INFO:kubernetes_actions:Starting full social network reset...
[2025-11-11T06:15:07.553+0000] {docker.py:438} INFO - INFO:kubernetes_actions:Clearing Redis data...
[2025-11-11T06:15:07.588+0000] {docker.py:438} INFO - INFO:kubernetes_actions:Loaded local Kubernetes config
[2025-11-11T06:15:07.605+0000] {docker.py:438} INFO - INFO:kubernetes_actions:Loaded local Kubernetes config
[2025-11-11T06:15:07.931+0000] {docker.py:438} INFO - INFO:kubernetes_actions:Found running pod: social-graph-redis-64bd79b48b-gpwdg for deployment: social-graph-redis
[2025-11-11T06:15:07.934+0000] {docker.py:438} INFO - INFO:kubernetes_actions:Executing command in pod social-graph-redis-64bd79b48b-gpwdg, container social-graph-redis: redis-cli FLUSHALL
[2025-11-11T06:15:09.352+0000] {docker.py:438} INFO - INFO:kubernetes_actions:Command executed successfully. Output: OK
[2025-11-11T06:15:09.371+0000] {docker.py:438} INFO - INFO:kubernetes_actions:Loaded local Kubernetes config
[2025-11-11T06:15:09.388+0000] {docker.py:438} INFO - INFO:kubernetes_actions:Loaded local Kubernetes config
[2025-11-11T06:15:09.721+0000] {docker.py:438} INFO - INFO:kubernetes_actions:Found running pod: home-timeline-redis-744dd9998f-xqjsk for deployment: home-timeline-redis
[2025-11-11T06:15:09.721+0000] {docker.py:438} INFO - INFO:kubernetes_actions:Executing command in pod home-timeline-redis-744dd9998f-xqjsk, container home-timeline-redis: redis-cli FLUSHALL
[2025-11-11T06:15:11.062+0000] {docker.py:438} INFO - INFO:kubernetes_actions:Command executed successfully. Output: OK
[2025-11-11T06:15:11.096+0000] {docker.py:438} INFO - INFO:kubernetes_actions:Loaded local Kubernetes config
[2025-11-11T06:15:11.131+0000] {docker.py:438} INFO - INFO:kubernetes_actions:Loaded local Kubernetes config
[2025-11-11T06:15:11.409+0000] {docker.py:438} INFO - INFO:kubernetes_actions:Found running pod: user-timeline-redis-7b8f6ff4fb-5s87m for deployment: user-timeline-redis
[2025-11-11T06:15:11.413+0000] {docker.py:438} INFO - INFO:kubernetes_actions:Executing command in pod user-timeline-redis-7b8f6ff4fb-5s87m, container user-timeline-redis: redis-cli FLUSHALL
[2025-11-11T06:15:12.791+0000] {docker.py:438} INFO - INFO:kubernetes_actions:Command executed successfully. Output: OK
[2025-11-11T06:15:12.792+0000] {docker.py:438} INFO - 
[2025-11-11T06:15:12.792+0000] {docker.py:438} INFO - INFO:kubernetes_actions:Clearing Memcached data...
[2025-11-11T06:15:12.810+0000] {docker.py:438} INFO - INFO:kubernetes_actions:Loaded local Kubernetes config
[2025-11-11T06:15:12.828+0000] {docker.py:438} INFO - INFO:kubernetes_actions:Loaded local Kubernetes config
[2025-11-11T06:15:13.084+0000] {docker.py:438} INFO - INFO:kubernetes_actions:Found running pod: post-storage-memcached-67c6cc65cc-j4jdz for deployment: post-storage-memcached
[2025-11-11T06:15:13.087+0000] {docker.py:438} INFO - INFO:kubernetes_actions:Executing command in pod post-storage-memcached-67c6cc65cc-j4jdz, container post-storage-memcached: sh -c echo 'flush_all' | nc localhost 11211
[2025-11-11T06:15:14.495+0000] {docker.py:438} INFO - INFO:kubernetes_actions:Command executed successfully. Output: sh: 1: nc: not found
[2025-11-11T06:15:14.511+0000] {docker.py:438} INFO - INFO:kubernetes_actions:Loaded local Kubernetes config
[2025-11-11T06:15:14.529+0000] {docker.py:438} INFO - INFO:kubernetes_actions:Loaded local Kubernetes config
[2025-11-11T06:15:14.824+0000] {docker.py:438} INFO - INFO:kubernetes_actions:Found running pod: user-memcached-56f89988c-nxdzl for deployment: user-memcached
[2025-11-11T06:15:14.827+0000] {docker.py:438} INFO - INFO:kubernetes_actions:Executing command in pod user-memcached-56f89988c-nxdzl, container user-memcached: sh -c echo 'flush_all' | nc localhost 11211
[2025-11-11T06:15:16.273+0000] {docker.py:438} INFO - INFO:kubernetes_actions:Command executed successfully. Output: sh: 1: nc: not found
[2025-11-11T06:15:16.274+0000] {docker.py:438} INFO - 
[2025-11-11T06:15:16.274+0000] {docker.py:438} INFO - INFO:kubernetes_actions:Dropping MongoDB databases...
[2025-11-11T06:15:16.293+0000] {docker.py:438} INFO - INFO:kubernetes_actions:Loaded local Kubernetes config
[2025-11-11T06:15:16.315+0000] {docker.py:438} INFO - INFO:kubernetes_actions:Loaded local Kubernetes config
[2025-11-11T06:15:16.638+0000] {docker.py:438} INFO - INFO:kubernetes_actions:Found running pod: post-storage-mongodb-7f7657964c-b2fld for deployment: post-storage-mongodb
[2025-11-11T06:15:16.639+0000] {docker.py:438} INFO - INFO:kubernetes_actions:Executing command in pod post-storage-mongodb-7f7657964c-b2fld, container post-storage-mongodb: mongo --eval db.getSiblingDB('post').dropDatabase()
[2025-11-11T06:15:18.506+0000] {docker.py:438} INFO - INFO:kubernetes_actions:Command executed successfully. Output: MongoDB shell version v4.4.6
[2025-11-11T06:15:18.508+0000] {docker.py:438} INFO - connecting to: mongodb://127.0.0.1:27017/?compressors=disabled&gssapiServiceName=mongodb
[2025-11-11T06:15:18.508+0000] {docker.py:438} INFO - Implicit session: session { "id" : UUID("48830dbb-f01a-4934-b7f1-2e592f66ed84") }
[2025-11-11T06:15:18.510+0000] {docker.py:438} INFO - MongoDB server version: 4.4.6
[2025-11-11T06:15:18.510+0000] {docker.py:438} INFO - { "dropped" : "post", "ok" : 1 }
[2025-11-11T06:15:18.526+0000] {docker.py:438} INFO - INFO:kubernetes_actions:Loaded local Kubernetes config
[2025-11-11T06:15:18.543+0000] {docker.py:438} INFO - INFO:kubernetes_actions:Loaded local Kubernetes config
[2025-11-11T06:15:18.864+0000] {docker.py:438} INFO - INFO:kubernetes_actions:Found running pod: post-storage-mongodb-7f7657964c-b2fld for deployment: post-storage-mongodb
[2025-11-11T06:15:18.865+0000] {docker.py:438} INFO - INFO:kubernetes_actions:Executing command in pod post-storage-mongodb-7f7657964c-b2fld, container post-storage-mongodb: mongo --eval db.getSiblingDB('READ__ME_TO_RECOVER_YOUR_DATA').dropDatabase()
[2025-11-11T06:15:20.631+0000] {docker.py:438} INFO - INFO:kubernetes_actions:Command executed successfully. Output: MongoDB shell version v4.4.6
[2025-11-11T06:15:20.632+0000] {docker.py:438} INFO - connecting to: mongodb://127.0.0.1:27017/?compressors=disabled&gssapiServiceName=mongodb
[2025-11-11T06:15:20.632+0000] {docker.py:438} INFO - Implicit session: session { "id" : UUID("a77d67f1-4c63-404b-b19f-f6367c42fc1d") }
[2025-11-11T06:15:20.635+0000] {docker.py:438} INFO - MongoDB server version: 4.4.6
[2025-11-11T06:15:20.635+0000] {docker.py:438} INFO - { "ok" : 1 }
[2025-11-11T06:15:20.650+0000] {docker.py:438} INFO - INFO:kubernetes_actions:Loaded local Kubernetes config
[2025-11-11T06:15:20.667+0000] {docker.py:438} INFO - INFO:kubernetes_actions:Loaded local Kubernetes config
[2025-11-11T06:15:20.931+0000] {docker.py:438} INFO - INFO:kubernetes_actions:Found running pod: user-mongodb-f95b7d968-tqlld for deployment: user-mongodb
[2025-11-11T06:15:20.935+0000] {docker.py:438} INFO - INFO:kubernetes_actions:Executing command in pod user-mongodb-f95b7d968-tqlld, container user-mongodb: mongo --eval db.getSiblingDB('user').dropDatabase()
[2025-11-11T06:15:22.454+0000] {docker.py:438} INFO - INFO:kubernetes_actions:Command executed successfully. Output: MongoDB shell version v4.4.6
[2025-11-11T06:15:22.457+0000] {docker.py:438} INFO - connecting to: mongodb://127.0.0.1:27017/?compressors=disabled&gssapiServiceName=mongodb
[2025-11-11T06:15:22.457+0000] {docker.py:438} INFO - Implicit session: session { "id" : UUID("7402880d-d4c6-41af-8da2-4edcee422799") }
[2025-11-11T06:15:22.458+0000] {docker.py:438} INFO - MongoDB server version: 4.4.6
[2025-11-11T06:15:22.458+0000] {docker.py:438} INFO - { "dropped" : "user", "ok" : 1 }
[2025-11-11T06:15:22.477+0000] {docker.py:438} INFO - INFO:kubernetes_actions:Loaded local Kubernetes config
[2025-11-11T06:15:22.494+0000] {docker.py:438} INFO - INFO:kubernetes_actions:Loaded local Kubernetes config
[2025-11-11T06:15:22.772+0000] {docker.py:438} INFO - INFO:kubernetes_actions:Found running pod: user-mongodb-f95b7d968-tqlld for deployment: user-mongodb
[2025-11-11T06:15:22.773+0000] {docker.py:438} INFO - INFO:kubernetes_actions:Executing command in pod user-mongodb-f95b7d968-tqlld, container user-mongodb: mongo --eval db.getSiblingDB('READ__ME_TO_RECOVER_YOUR_DATA').dropDatabase()
[2025-11-11T06:15:24.252+0000] {docker.py:438} INFO - INFO:kubernetes_actions:Command executed successfully. Output: MongoDB shell version v4.4.6
[2025-11-11T06:15:24.252+0000] {docker.py:438} INFO - connecting to: mongodb://127.0.0.1:27017/?compressors=disabled&gssapiServiceName=mongodb
[2025-11-11T06:15:24.253+0000] {docker.py:438} INFO - Implicit session: session { "id" : UUID("c7b78007-df2c-4a53-bf2e-670203e314b3") }
[2025-11-11T06:15:24.253+0000] {docker.py:438} INFO - MongoDB server version: 4.4.6
[2025-11-11T06:15:24.258+0000] {docker.py:438} INFO - { "ok" : 1 }
[2025-11-11T06:15:24.277+0000] {docker.py:438} INFO - INFO:kubernetes_actions:Loaded local Kubernetes config
[2025-11-11T06:15:24.301+0000] {docker.py:438} INFO - INFO:kubernetes_actions:Loaded local Kubernetes config
[2025-11-11T06:15:24.555+0000] {docker.py:438} INFO - INFO:kubernetes_actions:Found running pod: social-graph-mongodb-77fd77d9f4-jj4vn for deployment: social-graph-mongodb
[2025-11-11T06:15:24.557+0000] {docker.py:438} INFO - INFO:kubernetes_actions:Executing command in pod social-graph-mongodb-77fd77d9f4-jj4vn, container social-graph-mongodb: mongo --eval db.getSiblingDB('social-graph').dropDatabase()
[2025-11-11T06:15:26.138+0000] {docker.py:438} INFO - INFO:kubernetes_actions:Command executed successfully. Output: MongoDB shell version v4.4.6
[2025-11-11T06:15:26.139+0000] {docker.py:438} INFO - connecting to: mongodb://127.0.0.1:27017/?compressors=disabled&gssapiServiceName=mongodb
[2025-11-11T06:15:26.139+0000] {docker.py:438} INFO - Implicit session: session { "id" : UUID("127b4585-6383-4b4a-958f-972200d344b1") }
[2025-11-11T06:15:26.142+0000] {docker.py:438} INFO - MongoDB server version: 4.4.6
[2025-11-11T06:15:26.142+0000] {docker.py:438} INFO - { "dropped" : "social-graph", "ok" : 1 }
[2025-11-11T06:15:26.157+0000] {docker.py:438} INFO - INFO:kubernetes_actions:Loaded local Kubernetes config
[2025-11-11T06:15:26.174+0000] {docker.py:438} INFO - INFO:kubernetes_actions:Loaded local Kubernetes config
[2025-11-11T06:15:26.449+0000] {docker.py:438} INFO - INFO:kubernetes_actions:Found running pod: social-graph-mongodb-77fd77d9f4-jj4vn for deployment: social-graph-mongodb
[2025-11-11T06:15:26.451+0000] {docker.py:438} INFO - INFO:kubernetes_actions:Executing command in pod social-graph-mongodb-77fd77d9f4-jj4vn, container social-graph-mongodb: mongo --eval db.getSiblingDB('READ__ME_TO_RECOVER_YOUR_DATA').dropDatabase()
[2025-11-11T06:15:27.953+0000] {docker.py:438} INFO - INFO:kubernetes_actions:Command executed successfully. Output: MongoDB shell version v4.4.6
[2025-11-11T06:15:27.953+0000] {docker.py:438} INFO - connecting to: mongodb://127.0.0.1:27017/?compressors=disabled&gssapiServiceName=mongodb
[2025-11-11T06:15:27.955+0000] {docker.py:438} INFO - Implicit session: session { "id" : UUID("284e5b3f-93a6-4088-8406-f9e5b92c85b5") }
[2025-11-11T06:15:27.955+0000] {docker.py:438} INFO - MongoDB server version: 4.4.6
[2025-11-11T06:15:27.957+0000] {docker.py:438} INFO - { "ok" : 1 }
[2025-11-11T06:15:28.030+0000] {docker.py:438} INFO - INFO:kubernetes_actions:Loaded local Kubernetes config
[2025-11-11T06:15:28.047+0000] {docker.py:438} INFO - INFO:kubernetes_actions:Loaded local Kubernetes config
[2025-11-11T06:15:28.370+0000] {docker.py:438} INFO - INFO:kubernetes_actions:Found running pod: user-timeline-mongodb-6ff9797bfc-lz2wj for deployment: user-timeline-mongodb
[2025-11-11T06:15:28.371+0000] {docker.py:438} INFO - INFO:kubernetes_actions:Executing command in pod user-timeline-mongodb-6ff9797bfc-lz2wj, container user-timeline-mongodb: mongo --eval db.getSiblingDB('user-timeline').dropDatabase()
[2025-11-11T06:15:30.494+0000] {docker.py:438} INFO - INFO:kubernetes_actions:Command executed successfully. Output: MongoDB shell version v4.4.6
[2025-11-11T06:15:30.497+0000] {docker.py:438} INFO - connecting to: mongodb://127.0.0.1:27017/?compressors=disabled&gssapiServiceName=mongodb
[2025-11-11T06:15:30.497+0000] {docker.py:438} INFO - Implicit session: session { "id" : UUID("336dc4a1-2f77-4877-a767-253139b33963") }
[2025-11-11T06:15:30.499+0000] {docker.py:438} INFO - MongoDB server version: 4.4.6
[2025-11-11T06:15:30.499+0000] {docker.py:438} INFO - { "ok" : 1 }
[2025-11-11T06:15:30.513+0000] {docker.py:438} INFO - INFO:kubernetes_actions:Loaded local Kubernetes config
[2025-11-11T06:15:30.530+0000] {docker.py:438} INFO - INFO:kubernetes_actions:Loaded local Kubernetes config
[2025-11-11T06:15:30.778+0000] {docker.py:438} INFO - INFO:kubernetes_actions:Found running pod: user-timeline-mongodb-6ff9797bfc-lz2wj for deployment: user-timeline-mongodb
[2025-11-11T06:15:30.782+0000] {docker.py:438} INFO - INFO:kubernetes_actions:Executing command in pod user-timeline-mongodb-6ff9797bfc-lz2wj, container user-timeline-mongodb: mongo --eval db.getSiblingDB('READ__ME_TO_RECOVER_YOUR_DATA').dropDatabase()
[2025-11-11T06:15:32.973+0000] {docker.py:438} INFO - INFO:kubernetes_actions:Command executed successfully. Output: MongoDB shell version v4.4.6
[2025-11-11T06:15:32.973+0000] {docker.py:438} INFO - connecting to: mongodb://127.0.0.1:27017/?compressors=disabled&gssapiServiceName=mongodb
[2025-11-11T06:15:32.974+0000] {docker.py:438} INFO - Implicit session: session { "id" : UUID("2b7bc2cd-40c0-415f-9f90-bcafc7fa48e9") }
[2025-11-11T06:15:32.975+0000] {docker.py:438} INFO - MongoDB server version: 4.4.6
[2025-11-11T06:15:32.975+0000] {docker.py:438} INFO - { "ok" : 1 }
[2025-11-11T06:15:32.975+0000] {docker.py:438} INFO - 
[2025-11-11T06:15:32.976+0000] {docker.py:438} INFO - INFO:kubernetes_actions:Full social network reset completed
[2025-11-11T06:15:37.990+0000] {docker.py:438} INFO - INFO:kubernetes_actions:Loaded local Kubernetes config
[2025-11-11T06:15:37.992+0000] {docker.py:438} INFO - INFO:kubernetes_actions:Restarting deployment: social-graph-service
[2025-11-11T06:15:38.410+0000] {docker.py:438} INFO - INFO:kubernetes_actions:✅ Successfully restarted social-graph-service
[2025-11-11T06:15:38.413+0000] {docker.py:438} INFO - INFO:kubernetes_actions:Restarting deployment: user-service
[2025-11-11T06:15:38.610+0000] {docker.py:438} INFO - INFO:kubernetes_actions:✅ Successfully restarted user-service
[2025-11-11T06:15:38.612+0000] {docker.py:438} INFO - INFO:kubernetes_actions:Restarting deployment: post-storage-service
[2025-11-11T06:15:38.820+0000] {docker.py:438} INFO - INFO:kubernetes_actions:✅ Successfully restarted post-storage-service
[2025-11-11T06:15:38.821+0000] {docker.py:438} INFO - INFO:kubernetes_actions:Restarting deployment: compose-post-service
[2025-11-11T06:15:39.017+0000] {docker.py:438} INFO - INFO:kubernetes_actions:✅ Successfully restarted compose-post-service
[2025-11-11T06:15:39.019+0000] {docker.py:438} INFO - INFO:kubernetes_actions:Restarting deployment: home-timeline-service
[2025-11-11T06:15:39.218+0000] {docker.py:438} INFO - INFO:kubernetes_actions:✅ Successfully restarted home-timeline-service
[2025-11-11T06:15:39.219+0000] {docker.py:438} INFO - INFO:kubernetes_actions:Restarting deployment: user-timeline-service
[2025-11-11T06:15:39.424+0000] {docker.py:438} INFO - INFO:kubernetes_actions:✅ Successfully restarted user-timeline-service
[2025-11-11T06:15:39.425+0000] {docker.py:438} INFO - INFO:kubernetes_actions:Restarting deployment: nginx-thrift
[2025-11-11T06:15:39.718+0000] {docker.py:438} INFO - INFO:kubernetes_actions:✅ Successfully restarted nginx-thrift
[2025-11-11T06:15:39.719+0000] {docker.py:438} INFO - INFO:kubernetes_actions:Restarting deployment: text-service
[2025-11-11T06:15:39.911+0000] {docker.py:438} INFO - INFO:kubernetes_actions:✅ Successfully restarted text-service
[2025-11-11T06:15:39.912+0000] {docker.py:438} INFO - INFO:kubernetes_actions:Restarting deployment: unique-id-service
[2025-11-11T06:15:40.114+0000] {docker.py:438} INFO - INFO:kubernetes_actions:✅ Successfully restarted unique-id-service
[2025-11-11T06:15:40.116+0000] {docker.py:438} INFO - INFO:kubernetes_actions:Restarting deployment: user-mention-service
[2025-11-11T06:15:40.307+0000] {docker.py:438} INFO - INFO:kubernetes_actions:✅ Successfully restarted user-mention-service
[2025-11-11T06:15:40.308+0000] {docker.py:438} INFO - INFO:kubernetes_actions:Waiting 90 seconds for services to restart...
[2025-11-11T06:17:10.309+0000] {docker.py:438} INFO - INFO:kubernetes_actions:Reinitializing social network data...
[2025-11-11T06:24:25.997+0000] {docker.py:438} INFO - INFO:kubernetes_actions:Social network reinitialization completed successfully
[2025-11-11T06:24:26.001+0000] {docker.py:438} INFO - [32m[2025-11-11 06:24:26 INFO] Let's rollback...
[2025-11-11T06:24:26.002+0000] {docker.py:438} INFO - [32m[2025-11-11 06:24:26 INFO] No declared rollbacks, let's move on.
[2025-11-11T06:24:26.004+0000] {docker.py:438} INFO - [32m[2025-11-11 06:24:26 INFO] Experiment ended with status: completed
[2025-11-11T06:24:26.214+0000] {docker.py:438} INFO - Reinitialized Social Networking APplication successfully
[2025-11-11T06:24:26.678+0000] {taskinstance.py:340} INFO - ::group::Post task execution logs
[2025-11-11T06:24:26.679+0000] {taskinstance.py:352} INFO - Marking task as SUCCESS. dag_id=Reinitialize_Application, task_id=apply_container_restart_docker, run_id=manual__2025-11-11T06:14:41.710014+00:00, execution_date=20251111T061441, start_date=20251111T061444, end_date=20251111T062426
[2025-11-11T06:24:26.735+0000] {local_task_job_runner.py:266} INFO - Task exited with return code 0
[2025-11-11T06:24:26.760+0000] {taskinstance.py:3900} INFO - 0 downstream tasks scheduled from follow-on schedule check
[2025-11-11T06:24:26.764+0000] {local_task_job_runner.py:245} INFO - ::endgroup::
