[2025-10-12T15:00:03.312+0000] {local_task_job_runner.py:123} INFO - ::group::Pre task execution logs
[2025-10-12T15:00:03.359+0000] {taskinstance.py:2612} INFO - Dependencies all met for dep_context=non-requeueable deps ti=<TaskInstance: Cordon_Uncordon_Node.apply_cordon_uncordon_node scheduled__2025-10-12T12:00:00+00:00 [queued]>
[2025-10-12T15:00:03.383+0000] {taskinstance.py:2612} INFO - Dependencies all met for dep_context=requeueable deps ti=<TaskInstance: Cordon_Uncordon_Node.apply_cordon_uncordon_node scheduled__2025-10-12T12:00:00+00:00 [queued]>
[2025-10-12T15:00:03.383+0000] {taskinstance.py:2865} INFO - Starting attempt 1 of 1
[2025-10-12T15:00:03.434+0000] {taskinstance.py:2888} INFO - Executing <Task(DockerOperator): apply_cordon_uncordon_node> on 2025-10-12 12:00:00+00:00
[2025-10-12T15:00:03.458+0000] {standard_task_runner.py:72} INFO - Started process 671 to run task
[2025-10-12T15:00:03.476+0000] {standard_task_runner.py:104} INFO - Running: ['***', 'tasks', 'run', 'Cordon_Uncordon_Node', 'apply_cordon_uncordon_node', 'scheduled__2025-10-12T12:00:00+00:00', '--job-id', '7900', '--raw', '--subdir', 'DAGS_FOLDER/dag_factory.py', '--cfg-path', '/tmp/tmpjcufzmwg']
[2025-10-12T15:00:03.480+0000] {standard_task_runner.py:105} INFO - Job 7900: Subtask apply_cordon_uncordon_node
[2025-10-12T15:00:03.626+0000] {task_command.py:467} INFO - Running <TaskInstance: Cordon_Uncordon_Node.apply_cordon_uncordon_node scheduled__2025-10-12T12:00:00+00:00 [running]> on host workflow.y2twbfvcjkaujnl2bmtbxunhcb.cx.internal.cloudapp.net
[2025-10-12T15:00:03.973+0000] {taskinstance.py:3131} INFO - Exporting env vars: AIRFLOW_CTX_DAG_OWNER='***' AIRFLOW_CTX_DAG_ID='Cordon_Uncordon_Node' AIRFLOW_CTX_TASK_ID='apply_cordon_uncordon_node' AIRFLOW_CTX_EXECUTION_DATE='2025-10-12T12:00:00+00:00' AIRFLOW_CTX_TRY_NUMBER='1' AIRFLOW_CTX_DAG_RUN_ID='scheduled__2025-10-12T12:00:00+00:00'
[2025-10-12T15:00:03.978+0000] {taskinstance.py:731} INFO - ::endgroup::
[2025-10-12T15:00:04.098+0000] {docker.py:367} INFO - Starting docker container from image ***_chaos:latest
[2025-10-12T15:00:04.851+0000] {docker.py:438} INFO - The container is run as root user. For security, consider using a regular user account.
[2025-10-12T15:00:25.830+0000] {docker.py:438} INFO - 
[2025-10-12T15:00:26.885+0000] {docker.py:438} INFO - [32m[2025-10-12 15:00:26 INFO] Validating the experiment's syntax
[2025-10-12T15:00:27.289+0000] {docker.py:438} INFO - [32m[2025-10-12 15:00:27 INFO] Experiment looks valid
[2025-10-12T15:00:27.290+0000] {docker.py:438} INFO - [32m[2025-10-12 15:00:27 INFO] Running experiment: Cordon-Pod Restart Combined Experiment
[2025-10-12T15:00:27.292+0000] {docker.py:438} INFO - [32m[2025-10-12 15:00:27 INFO] Steady-state strategy: default
[2025-10-12T15:00:27.293+0000] {docker.py:438} INFO - [32m[2025-10-12 15:00:27 INFO] Rollbacks strategy: default
[2025-10-12T15:00:27.293+0000] {docker.py:438} INFO - [32m[2025-10-12 15:00:27 INFO] No steady state hypothesis defined. That's ok, just exploring.
[2025-10-12T15:00:27.294+0000] {docker.py:438} INFO - [32m[2025-10-12 15:00:27 INFO] Playing your experiment's method now...
[2025-10-12T15:00:27.294+0000] {docker.py:438} INFO - [32m[2025-10-12 15:00:27 INFO] Action: cordon-nodes
[2025-10-12T15:00:28.296+0000] {docker.py:438} INFO - [32m[2025-10-12 15:00:28 INFO] Action: continuous-pod-restart-during-cordon
[2025-10-12T15:05:13.250+0000] {docker.py:438} INFO - 🚀 Starting continuous pod restart experiment
[2025-10-12T15:05:13.250+0000] {docker.py:438} INFO - 📅 Interval: 20 seconds
[2025-10-12T15:05:13.251+0000] {docker.py:438} INFO - ⏱️  Duration: 300 seconds
[2025-10-12T15:05:13.251+0000] {docker.py:438} INFO - 🎯 Target: app=post-storage-service
[2025-10-12T15:05:13.251+0000] {docker.py:438} INFO - 📍 Namespace: default
[2025-10-12T15:05:13.252+0000] {docker.py:438} INFO - 
[2025-10-12T15:05:13.252+0000] {docker.py:438} INFO - ==================================================
[2025-10-12T15:05:13.253+0000] {docker.py:438} INFO - 🔄 Restart #1 at 2025-10-12 15:00:28
[2025-10-12T15:05:13.253+0000] {docker.py:438} INFO - ==================================================
[2025-10-12T15:05:13.253+0000] {docker.py:438} INFO - Hello world - terminate function started!
[2025-10-12T15:05:13.254+0000] {docker.py:438} INFO - Selecting pods with label_selector: app=post-storage-service
[2025-10-12T15:05:13.254+0000] {docker.py:438} INFO - Found 1 pods initially
[2025-10-12T15:05:13.255+0000] {docker.py:438} INFO - Random selection: 1 pods
[2025-10-12T15:05:13.255+0000] {docker.py:438} INFO - Deleting pod: post-storage-service-6cbbf5f9fb-5pnrs
[2025-10-12T15:05:13.256+0000] {docker.py:438} INFO - Deleted 1 pods: ['post-storage-service-6cbbf5f9fb-5pnrs']
[2025-10-12T15:05:13.256+0000] {docker.py:438} INFO - ✅ Successfully restarted pods: ['post-storage-service-6cbbf5f9fb-5pnrs']
[2025-10-12T15:05:13.256+0000] {docker.py:438} INFO - ⏳ Waiting 20 seconds until next restart...
[2025-10-12T15:05:13.257+0000] {docker.py:438} INFO - 📊 Time remaining: 300 seconds
[2025-10-12T15:05:13.257+0000] {docker.py:438} INFO - 
[2025-10-12T15:05:13.257+0000] {docker.py:438} INFO - ==================================================
[2025-10-12T15:05:13.257+0000] {docker.py:438} INFO - 🔄 Restart #2 at 2025-10-12 15:00:48
[2025-10-12T15:05:13.258+0000] {docker.py:438} INFO - ==================================================
[2025-10-12T15:05:13.258+0000] {docker.py:438} INFO - Hello world - terminate function started!
[2025-10-12T15:05:13.258+0000] {docker.py:438} INFO - Selecting pods with label_selector: app=post-storage-service
[2025-10-12T15:05:13.258+0000] {docker.py:438} INFO - Found 1 pods initially
[2025-10-12T15:05:13.258+0000] {docker.py:438} INFO - Random selection: 1 pods
[2025-10-12T15:05:13.259+0000] {docker.py:438} INFO - Deleting pod: post-storage-service-6cbbf5f9fb-lmch8
[2025-10-12T15:05:13.259+0000] {docker.py:438} INFO - Deleted 1 pods: ['post-storage-service-6cbbf5f9fb-lmch8']
[2025-10-12T15:05:13.259+0000] {docker.py:438} INFO - ✅ Successfully restarted pods: ['post-storage-service-6cbbf5f9fb-lmch8']
[2025-10-12T15:05:13.259+0000] {docker.py:438} INFO - ⏳ Waiting 20 seconds until next restart...
[2025-10-12T15:05:13.260+0000] {docker.py:438} INFO - 📊 Time remaining: 279 seconds
[2025-10-12T15:05:13.260+0000] {docker.py:438} INFO - 
[2025-10-12T15:05:13.260+0000] {docker.py:438} INFO - ==================================================
[2025-10-12T15:05:13.260+0000] {docker.py:438} INFO - 🔄 Restart #3 at 2025-10-12 15:01:09
[2025-10-12T15:05:13.261+0000] {docker.py:438} INFO - ==================================================
[2025-10-12T15:05:13.261+0000] {docker.py:438} INFO - Hello world - terminate function started!
[2025-10-12T15:05:13.261+0000] {docker.py:438} INFO - Selecting pods with label_selector: app=post-storage-service
[2025-10-12T15:05:13.261+0000] {docker.py:438} INFO - Found 1 pods initially
[2025-10-12T15:05:13.261+0000] {docker.py:438} INFO - Random selection: 1 pods
[2025-10-12T15:05:13.262+0000] {docker.py:438} INFO - Deleting pod: post-storage-service-6cbbf5f9fb-f9v4k
[2025-10-12T15:05:13.262+0000] {docker.py:438} INFO - Deleted 1 pods: ['post-storage-service-6cbbf5f9fb-f9v4k']
[2025-10-12T15:05:13.262+0000] {docker.py:438} INFO - ✅ Successfully restarted pods: ['post-storage-service-6cbbf5f9fb-f9v4k']
[2025-10-12T15:05:13.263+0000] {docker.py:438} INFO - ⏳ Waiting 20 seconds until next restart...
[2025-10-12T15:05:13.263+0000] {docker.py:438} INFO - 📊 Time remaining: 259 seconds
[2025-10-12T15:05:13.263+0000] {docker.py:438} INFO - 
[2025-10-12T15:05:13.263+0000] {docker.py:438} INFO - ==================================================
[2025-10-12T15:05:13.263+0000] {docker.py:438} INFO - 🔄 Restart #4 at 2025-10-12 15:01:29
[2025-10-12T15:05:13.264+0000] {docker.py:438} INFO - ==================================================
[2025-10-12T15:05:13.264+0000] {docker.py:438} INFO - Hello world - terminate function started!
[2025-10-12T15:05:13.264+0000] {docker.py:438} INFO - Selecting pods with label_selector: app=post-storage-service
[2025-10-12T15:05:13.265+0000] {docker.py:438} INFO - Found 1 pods initially
[2025-10-12T15:05:13.265+0000] {docker.py:438} INFO - Random selection: 1 pods
[2025-10-12T15:05:13.266+0000] {docker.py:438} INFO - Deleting pod: post-storage-service-6cbbf5f9fb-64r46
[2025-10-12T15:05:13.266+0000] {docker.py:438} INFO - Deleted 1 pods: ['post-storage-service-6cbbf5f9fb-64r46']
[2025-10-12T15:05:13.266+0000] {docker.py:438} INFO - ✅ Successfully restarted pods: ['post-storage-service-6cbbf5f9fb-64r46']
[2025-10-12T15:05:13.267+0000] {docker.py:438} INFO - ⏳ Waiting 20 seconds until next restart...
[2025-10-12T15:05:13.267+0000] {docker.py:438} INFO - 📊 Time remaining: 239 seconds
[2025-10-12T15:05:13.268+0000] {docker.py:438} INFO - 
[2025-10-12T15:05:13.268+0000] {docker.py:438} INFO - ==================================================
[2025-10-12T15:05:13.268+0000] {docker.py:438} INFO - 🔄 Restart #5 at 2025-10-12 15:01:49
[2025-10-12T15:05:13.269+0000] {docker.py:438} INFO - ==================================================
[2025-10-12T15:05:13.269+0000] {docker.py:438} INFO - Hello world - terminate function started!
[2025-10-12T15:05:13.270+0000] {docker.py:438} INFO - Selecting pods with label_selector: app=post-storage-service
[2025-10-12T15:05:13.270+0000] {docker.py:438} INFO - Found 1 pods initially
[2025-10-12T15:05:13.270+0000] {docker.py:438} INFO - Random selection: 1 pods
[2025-10-12T15:05:13.271+0000] {docker.py:438} INFO - Deleting pod: post-storage-service-6cbbf5f9fb-w95vr
[2025-10-12T15:05:13.271+0000] {docker.py:438} INFO - Deleted 1 pods: ['post-storage-service-6cbbf5f9fb-w95vr']
[2025-10-12T15:05:13.272+0000] {docker.py:438} INFO - ✅ Successfully restarted pods: ['post-storage-service-6cbbf5f9fb-w95vr']
[2025-10-12T15:05:13.272+0000] {docker.py:438} INFO - ⏳ Waiting 20 seconds until next restart...
[2025-10-12T15:05:13.272+0000] {docker.py:438} INFO - 📊 Time remaining: 218 seconds
[2025-10-12T15:05:13.273+0000] {docker.py:438} INFO - 
[2025-10-12T15:05:13.273+0000] {docker.py:438} INFO - ==================================================
[2025-10-12T15:05:13.273+0000] {docker.py:438} INFO - 🔄 Restart #6 at 2025-10-12 15:02:10
[2025-10-12T15:05:13.274+0000] {docker.py:438} INFO - ==================================================
[2025-10-12T15:05:13.274+0000] {docker.py:438} INFO - Hello world - terminate function started!
[2025-10-12T15:05:13.274+0000] {docker.py:438} INFO - Selecting pods with label_selector: app=post-storage-service
[2025-10-12T15:05:13.275+0000] {docker.py:438} INFO - Found 1 pods initially
[2025-10-12T15:05:13.275+0000] {docker.py:438} INFO - Random selection: 1 pods
[2025-10-12T15:05:13.276+0000] {docker.py:438} INFO - Deleting pod: post-storage-service-6cbbf5f9fb-7chmm
[2025-10-12T15:05:13.276+0000] {docker.py:438} INFO - Deleted 1 pods: ['post-storage-service-6cbbf5f9fb-7chmm']
[2025-10-12T15:05:13.277+0000] {docker.py:438} INFO - ✅ Successfully restarted pods: ['post-storage-service-6cbbf5f9fb-7chmm']
[2025-10-12T15:05:13.277+0000] {docker.py:438} INFO - ⏳ Waiting 20 seconds until next restart...
[2025-10-12T15:05:13.277+0000] {docker.py:438} INFO - 📊 Time remaining: 198 seconds
[2025-10-12T15:05:13.278+0000] {docker.py:438} INFO - 
[2025-10-12T15:05:13.278+0000] {docker.py:438} INFO - ==================================================
[2025-10-12T15:05:13.278+0000] {docker.py:438} INFO - 🔄 Restart #7 at 2025-10-12 15:02:30
[2025-10-12T15:05:13.278+0000] {docker.py:438} INFO - ==================================================
[2025-10-12T15:05:13.279+0000] {docker.py:438} INFO - Hello world - terminate function started!
[2025-10-12T15:05:13.279+0000] {docker.py:438} INFO - Selecting pods with label_selector: app=post-storage-service
[2025-10-12T15:05:13.279+0000] {docker.py:438} INFO - Found 1 pods initially
[2025-10-12T15:05:13.279+0000] {docker.py:438} INFO - Random selection: 1 pods
[2025-10-12T15:05:13.280+0000] {docker.py:438} INFO - Deleting pod: post-storage-service-6cbbf5f9fb-vll9k
[2025-10-12T15:05:13.280+0000] {docker.py:438} INFO - Deleted 1 pods: ['post-storage-service-6cbbf5f9fb-vll9k']
[2025-10-12T15:05:13.280+0000] {docker.py:438} INFO - ✅ Successfully restarted pods: ['post-storage-service-6cbbf5f9fb-vll9k']
[2025-10-12T15:05:13.280+0000] {docker.py:438} INFO - ⏳ Waiting 20 seconds until next restart...
[2025-10-12T15:05:13.280+0000] {docker.py:438} INFO - 📊 Time remaining: 177 seconds
[2025-10-12T15:05:13.281+0000] {docker.py:438} INFO - 
[2025-10-12T15:05:13.281+0000] {docker.py:438} INFO - ==================================================
[2025-10-12T15:05:13.281+0000] {docker.py:438} INFO - 🔄 Restart #8 at 2025-10-12 15:02:50
[2025-10-12T15:05:13.282+0000] {docker.py:438} INFO - ==================================================
[2025-10-12T15:05:13.282+0000] {docker.py:438} INFO - Hello world - terminate function started!
[2025-10-12T15:05:13.282+0000] {docker.py:438} INFO - Selecting pods with label_selector: app=post-storage-service
[2025-10-12T15:05:13.282+0000] {docker.py:438} INFO - Found 1 pods initially
[2025-10-12T15:05:13.283+0000] {docker.py:438} INFO - Random selection: 1 pods
[2025-10-12T15:05:13.283+0000] {docker.py:438} INFO - Deleting pod: post-storage-service-6cbbf5f9fb-85z57
[2025-10-12T15:05:13.284+0000] {docker.py:438} INFO - Deleted 1 pods: ['post-storage-service-6cbbf5f9fb-85z57']
[2025-10-12T15:05:13.284+0000] {docker.py:438} INFO - ✅ Successfully restarted pods: ['post-storage-service-6cbbf5f9fb-85z57']
[2025-10-12T15:05:13.284+0000] {docker.py:438} INFO - ⏳ Waiting 20 seconds until next restart...
[2025-10-12T15:05:13.285+0000] {docker.py:438} INFO - 📊 Time remaining: 157 seconds
[2025-10-12T15:05:13.285+0000] {docker.py:438} INFO - 
[2025-10-12T15:05:13.285+0000] {docker.py:438} INFO - ==================================================
[2025-10-12T15:05:13.285+0000] {docker.py:438} INFO - 🔄 Restart #9 at 2025-10-12 15:03:11
[2025-10-12T15:05:13.286+0000] {docker.py:438} INFO - ==================================================
[2025-10-12T15:05:13.286+0000] {docker.py:438} INFO - Hello world - terminate function started!
[2025-10-12T15:05:13.286+0000] {docker.py:438} INFO - Selecting pods with label_selector: app=post-storage-service
[2025-10-12T15:05:13.286+0000] {docker.py:438} INFO - Found 1 pods initially
[2025-10-12T15:05:13.286+0000] {docker.py:438} INFO - Random selection: 1 pods
[2025-10-12T15:05:13.287+0000] {docker.py:438} INFO - Deleting pod: post-storage-service-6cbbf5f9fb-p8mwq
[2025-10-12T15:05:13.287+0000] {docker.py:438} INFO - Deleted 1 pods: ['post-storage-service-6cbbf5f9fb-p8mwq']
[2025-10-12T15:05:13.287+0000] {docker.py:438} INFO - ✅ Successfully restarted pods: ['post-storage-service-6cbbf5f9fb-p8mwq']
[2025-10-12T15:05:13.287+0000] {docker.py:438} INFO - ⏳ Waiting 20 seconds until next restart...
[2025-10-12T15:05:13.288+0000] {docker.py:438} INFO - 📊 Time remaining: 137 seconds
[2025-10-12T15:05:13.288+0000] {docker.py:438} INFO - 
[2025-10-12T15:05:13.288+0000] {docker.py:438} INFO - ==================================================
[2025-10-12T15:05:13.288+0000] {docker.py:438} INFO - 🔄 Restart #10 at 2025-10-12 15:03:31
[2025-10-12T15:05:13.289+0000] {docker.py:438} INFO - ==================================================
[2025-10-12T15:05:13.289+0000] {docker.py:438} INFO - Hello world - terminate function started!
[2025-10-12T15:05:13.289+0000] {docker.py:438} INFO - Selecting pods with label_selector: app=post-storage-service
[2025-10-12T15:05:13.289+0000] {docker.py:438} INFO - Found 1 pods initially
[2025-10-12T15:05:13.289+0000] {docker.py:438} INFO - Random selection: 1 pods
[2025-10-12T15:05:13.290+0000] {docker.py:438} INFO - Deleting pod: post-storage-service-6cbbf5f9fb-f24v9
[2025-10-12T15:05:13.290+0000] {docker.py:438} INFO - Deleted 1 pods: ['post-storage-service-6cbbf5f9fb-f24v9']
[2025-10-12T15:05:13.290+0000] {docker.py:438} INFO - ✅ Successfully restarted pods: ['post-storage-service-6cbbf5f9fb-f24v9']
[2025-10-12T15:05:13.290+0000] {docker.py:438} INFO - ⏳ Waiting 20 seconds until next restart...
[2025-10-12T15:05:13.291+0000] {docker.py:438} INFO - 📊 Time remaining: 116 seconds
[2025-10-12T15:05:13.291+0000] {docker.py:438} INFO - 
[2025-10-12T15:05:13.291+0000] {docker.py:438} INFO - ==================================================
[2025-10-12T15:05:13.291+0000] {docker.py:438} INFO - 🔄 Restart #11 at 2025-10-12 15:03:51
[2025-10-12T15:05:13.291+0000] {docker.py:438} INFO - ==================================================
[2025-10-12T15:05:13.292+0000] {docker.py:438} INFO - Hello world - terminate function started!
[2025-10-12T15:05:13.292+0000] {docker.py:438} INFO - Selecting pods with label_selector: app=post-storage-service
[2025-10-12T15:05:13.292+0000] {docker.py:438} INFO - Found 1 pods initially
[2025-10-12T15:05:13.292+0000] {docker.py:438} INFO - Random selection: 1 pods
[2025-10-12T15:05:13.293+0000] {docker.py:438} INFO - Deleting pod: post-storage-service-6cbbf5f9fb-r5mb8
[2025-10-12T15:05:13.293+0000] {docker.py:438} INFO - Deleted 1 pods: ['post-storage-service-6cbbf5f9fb-r5mb8']
[2025-10-12T15:05:13.293+0000] {docker.py:438} INFO - ✅ Successfully restarted pods: ['post-storage-service-6cbbf5f9fb-r5mb8']
[2025-10-12T15:05:13.293+0000] {docker.py:438} INFO - ⏳ Waiting 20 seconds until next restart...
[2025-10-12T15:05:13.294+0000] {docker.py:438} INFO - 📊 Time remaining: 96 seconds
[2025-10-12T15:05:13.294+0000] {docker.py:438} INFO - 
[2025-10-12T15:05:13.294+0000] {docker.py:438} INFO - ==================================================
[2025-10-12T15:05:13.294+0000] {docker.py:438} INFO - 🔄 Restart #12 at 2025-10-12 15:04:12
[2025-10-12T15:05:13.295+0000] {docker.py:438} INFO - ==================================================
[2025-10-12T15:05:13.295+0000] {docker.py:438} INFO - Hello world - terminate function started!
[2025-10-12T15:05:13.295+0000] {docker.py:438} INFO - Selecting pods with label_selector: app=post-storage-service
[2025-10-12T15:05:13.295+0000] {docker.py:438} INFO - Found 1 pods initially
[2025-10-12T15:05:13.295+0000] {docker.py:438} INFO - Random selection: 1 pods
[2025-10-12T15:05:13.296+0000] {docker.py:438} INFO - Deleting pod: post-storage-service-6cbbf5f9fb-xjr2n
[2025-10-12T15:05:13.296+0000] {docker.py:438} INFO - Deleted 1 pods: ['post-storage-service-6cbbf5f9fb-xjr2n']
[2025-10-12T15:05:13.296+0000] {docker.py:438} INFO - ✅ Successfully restarted pods: ['post-storage-service-6cbbf5f9fb-xjr2n']
[2025-10-12T15:05:13.296+0000] {docker.py:438} INFO - ⏳ Waiting 20 seconds until next restart...
[2025-10-12T15:05:13.297+0000] {docker.py:438} INFO - 📊 Time remaining: 76 seconds
[2025-10-12T15:05:13.297+0000] {docker.py:438} INFO - 
[2025-10-12T15:05:13.297+0000] {docker.py:438} INFO - ==================================================
[2025-10-12T15:05:13.297+0000] {docker.py:438} INFO - 🔄 Restart #13 at 2025-10-12 15:04:32
[2025-10-12T15:05:13.298+0000] {docker.py:438} INFO - ==================================================
[2025-10-12T15:05:13.298+0000] {docker.py:438} INFO - Hello world - terminate function started!
[2025-10-12T15:05:13.298+0000] {docker.py:438} INFO - Selecting pods with label_selector: app=post-storage-service
[2025-10-12T15:05:13.298+0000] {docker.py:438} INFO - Found 1 pods initially
[2025-10-12T15:05:13.298+0000] {docker.py:438} INFO - Random selection: 1 pods
[2025-10-12T15:05:13.299+0000] {docker.py:438} INFO - Deleting pod: post-storage-service-6cbbf5f9fb-vpbfb
[2025-10-12T15:05:13.299+0000] {docker.py:438} INFO - Deleted 1 pods: ['post-storage-service-6cbbf5f9fb-vpbfb']
[2025-10-12T15:05:13.299+0000] {docker.py:438} INFO - ✅ Successfully restarted pods: ['post-storage-service-6cbbf5f9fb-vpbfb']
[2025-10-12T15:05:13.299+0000] {docker.py:438} INFO - ⏳ Waiting 20 seconds until next restart...
[2025-10-12T15:05:13.300+0000] {docker.py:438} INFO - 📊 Time remaining: 55 seconds
[2025-10-12T15:05:13.300+0000] {docker.py:438} INFO - 
[2025-10-12T15:05:13.300+0000] {docker.py:438} INFO - ==================================================
[2025-10-12T15:05:13.300+0000] {docker.py:438} INFO - 🔄 Restart #14 at 2025-10-12 15:04:52
[2025-10-12T15:05:13.301+0000] {docker.py:438} INFO - ==================================================
[2025-10-12T15:05:13.301+0000] {docker.py:438} INFO - Hello world - terminate function started!
[2025-10-12T15:05:13.301+0000] {docker.py:438} INFO - Selecting pods with label_selector: app=post-storage-service
[2025-10-12T15:05:13.301+0000] {docker.py:438} INFO - Found 1 pods initially
[2025-10-12T15:05:13.302+0000] {docker.py:438} INFO - Random selection: 1 pods
[2025-10-12T15:05:13.302+0000] {docker.py:438} INFO - Deleting pod: post-storage-service-6cbbf5f9fb-2cwd6
[2025-10-12T15:05:13.302+0000] {docker.py:438} INFO - Deleted 1 pods: ['post-storage-service-6cbbf5f9fb-2cwd6']
[2025-10-12T15:05:13.302+0000] {docker.py:438} INFO - ✅ Successfully restarted pods: ['post-storage-service-6cbbf5f9fb-2cwd6']
[2025-10-12T15:05:13.302+0000] {docker.py:438} INFO - ⏳ Waiting 20 seconds until next restart...
[2025-10-12T15:05:13.303+0000] {docker.py:438} INFO - 📊 Time remaining: 35 seconds
[2025-10-12T15:05:13.303+0000] {docker.py:438} INFO - 
[2025-10-12T15:05:13.303+0000] {docker.py:438} INFO - ==================================================
[2025-10-12T15:05:13.303+0000] {docker.py:438} INFO - 🔄 Restart #15 at 2025-10-12 15:05:13
[2025-10-12T15:05:13.304+0000] {docker.py:438} INFO - ==================================================
[2025-10-12T15:05:13.304+0000] {docker.py:438} INFO - Hello world - terminate function started!
[2025-10-12T15:05:13.304+0000] {docker.py:438} INFO - Selecting pods with label_selector: app=post-storage-service
[2025-10-12T15:05:13.631+0000] {docker.py:438} INFO - [32m[2025-10-12 15:05:13 INFO] Let's rollback...
[2025-10-12T15:05:13.632+0000] {docker.py:438} INFO - [32m[2025-10-12 15:05:13 INFO] Rollback: uncordon-all-nodes
[2025-10-12T15:05:13.632+0000] {docker.py:438} INFO - [32m[2025-10-12 15:05:13 INFO] Action: uncordon-all-nodes
[2025-10-12T15:05:14.594+0000] {docker.py:438} INFO - [32m[2025-10-12 15:05:14 INFO] Experiment ended with status: completed
[2025-10-12T15:05:14.595+0000] {docker.py:438} INFO - Found 1 pods initially
[2025-10-12T15:05:14.595+0000] {docker.py:438} INFO - Random selection: 1 pods
[2025-10-12T15:05:14.596+0000] {docker.py:438} INFO - Deleting pod: post-storage-service-6cbbf5f9fb-r7vjh
[2025-10-12T15:05:14.596+0000] {docker.py:438} INFO - Deleted 1 pods: ['post-storage-service-6cbbf5f9fb-r7vjh']
[2025-10-12T15:05:14.597+0000] {docker.py:438} INFO - ✅ Successfully restarted pods: ['post-storage-service-6cbbf5f9fb-r7vjh']
[2025-10-12T15:05:14.597+0000] {docker.py:438} INFO - ⏰ Less than 20 seconds remaining, stopping experiment
[2025-10-12T15:05:14.597+0000] {docker.py:438} INFO - 
[2025-10-12T15:05:14.598+0000] {docker.py:438} INFO - ==================================================
[2025-10-12T15:05:14.598+0000] {docker.py:438} INFO - 🏁 Experiment Completed!
[2025-10-12T15:05:14.599+0000] {docker.py:438} INFO - ==================================================
[2025-10-12T15:05:14.599+0000] {docker.py:438} INFO - 📈 Total restarts performed: 15
[2025-10-12T15:05:14.599+0000] {docker.py:438} INFO - ⏱️  Total duration: 285 seconds
[2025-10-12T15:05:14.600+0000] {docker.py:438} INFO - 📊 Average interval: 19.0 seconds
[2025-10-12T15:05:14.970+0000] {taskinstance.py:340} INFO - ::group::Post task execution logs
[2025-10-12T15:05:14.970+0000] {taskinstance.py:352} INFO - Marking task as SUCCESS. dag_id=Cordon_Uncordon_Node, task_id=apply_cordon_uncordon_node, run_id=scheduled__2025-10-12T12:00:00+00:00, execution_date=20251012T120000, start_date=20251012T150003, end_date=20251012T150514
[2025-10-12T15:05:15.002+0000] {local_task_job_runner.py:266} INFO - Task exited with return code 0
[2025-10-12T15:05:15.025+0000] {taskinstance.py:3900} INFO - 0 downstream tasks scheduled from follow-on schedule check
[2025-10-12T15:05:15.033+0000] {local_task_job_runner.py:245} INFO - ::endgroup::
