[2025-10-11T12:00:02.521+0000] {local_task_job_runner.py:123} INFO - ::group::Pre task execution logs
[2025-10-11T12:00:02.586+0000] {taskinstance.py:2612} INFO - Dependencies all met for dep_context=non-requeueable deps ti=<TaskInstance: Cordon_Uncordon_Node.apply_cordon_uncordon_node scheduled__2025-10-11T09:00:00+00:00 [queued]>
[2025-10-11T12:00:02.622+0000] {taskinstance.py:2612} INFO - Dependencies all met for dep_context=requeueable deps ti=<TaskInstance: Cordon_Uncordon_Node.apply_cordon_uncordon_node scheduled__2025-10-11T09:00:00+00:00 [queued]>
[2025-10-11T12:00:02.622+0000] {taskinstance.py:2865} INFO - Starting attempt 1 of 1
[2025-10-11T12:00:02.671+0000] {taskinstance.py:2888} INFO - Executing <Task(DockerOperator): apply_cordon_uncordon_node> on 2025-10-11 09:00:00+00:00
[2025-10-11T12:00:02.696+0000] {standard_task_runner.py:72} INFO - Started process 149 to run task
[2025-10-11T12:00:02.708+0000] {standard_task_runner.py:104} INFO - Running: ['***', 'tasks', 'run', 'Cordon_Uncordon_Node', 'apply_cordon_uncordon_node', 'scheduled__2025-10-11T09:00:00+00:00', '--job-id', '7721', '--raw', '--subdir', 'DAGS_FOLDER/dag_factory.py', '--cfg-path', '/tmp/tmppbtlayzn']
[2025-10-11T12:00:02.711+0000] {standard_task_runner.py:105} INFO - Job 7721: Subtask apply_cordon_uncordon_node
[2025-10-11T12:00:02.871+0000] {task_command.py:467} INFO - Running <TaskInstance: Cordon_Uncordon_Node.apply_cordon_uncordon_node scheduled__2025-10-11T09:00:00+00:00 [running]> on host workflow.y2twbfvcjkaujnl2bmtbxunhcb.cx.internal.cloudapp.net
[2025-10-11T12:00:03.245+0000] {taskinstance.py:3131} INFO - Exporting env vars: AIRFLOW_CTX_DAG_OWNER='***' AIRFLOW_CTX_DAG_ID='Cordon_Uncordon_Node' AIRFLOW_CTX_TASK_ID='apply_cordon_uncordon_node' AIRFLOW_CTX_EXECUTION_DATE='2025-10-11T09:00:00+00:00' AIRFLOW_CTX_TRY_NUMBER='1' AIRFLOW_CTX_DAG_RUN_ID='scheduled__2025-10-11T09:00:00+00:00'
[2025-10-11T12:00:03.252+0000] {taskinstance.py:731} INFO - ::endgroup::
[2025-10-11T12:00:03.382+0000] {docker.py:367} INFO - Starting docker container from image ***_chaos:latest
[2025-10-11T12:00:04.150+0000] {docker.py:438} INFO - The container is run as root user. For security, consider using a regular user account.
[2025-10-11T12:00:24.781+0000] {docker.py:438} INFO - 
[2025-10-11T12:00:26.428+0000] {docker.py:438} INFO - [32m[2025-10-11 12:00:26 INFO] Validating the experiment's syntax
[2025-10-11T12:00:26.803+0000] {docker.py:438} INFO - [32m[2025-10-11 12:00:26 INFO] Experiment looks valid
[2025-10-11T12:00:26.804+0000] {docker.py:438} INFO - [32m[2025-10-11 12:00:26 INFO] Running experiment: Cordon-Pod Restart Combined Experiment
[2025-10-11T12:00:26.804+0000] {docker.py:438} INFO - [32m[2025-10-11 12:00:26 INFO] Steady-state strategy: default
[2025-10-11T12:00:26.805+0000] {docker.py:438} INFO - [32m[2025-10-11 12:00:26 INFO] Rollbacks strategy: default
[2025-10-11T12:00:26.805+0000] {docker.py:438} INFO - [32m[2025-10-11 12:00:26 INFO] No steady state hypothesis defined. That's ok, just exploring.
[2025-10-11T12:00:26.808+0000] {docker.py:438} INFO - [32m[2025-10-11 12:00:26 INFO] Playing your experiment's method now...
[2025-10-11T12:00:26.808+0000] {docker.py:438} INFO - [32m[2025-10-11 12:00:26 INFO] Action: cordon-nodes
[2025-10-11T12:00:27.879+0000] {docker.py:438} INFO - [32m[2025-10-11 12:00:27 INFO] Action: continuous-pod-restart-during-cordon
[2025-10-11T12:05:13.012+0000] {docker.py:438} INFO - 🚀 Starting continuous pod restart experiment
[2025-10-11T12:05:13.013+0000] {docker.py:438} INFO - 📅 Interval: 20 seconds
[2025-10-11T12:05:13.013+0000] {docker.py:438} INFO - ⏱️  Duration: 300 seconds
[2025-10-11T12:05:13.014+0000] {docker.py:438} INFO - 🎯 Target: app=post-storage-service
[2025-10-11T12:05:13.014+0000] {docker.py:438} INFO - 📍 Namespace: default
[2025-10-11T12:05:13.014+0000] {docker.py:438} INFO - 
[2025-10-11T12:05:13.014+0000] {docker.py:438} INFO - ==================================================
[2025-10-11T12:05:13.015+0000] {docker.py:438} INFO - 🔄 Restart #1 at 2025-10-11 12:00:27
[2025-10-11T12:05:13.015+0000] {docker.py:438} INFO - ==================================================
[2025-10-11T12:05:13.015+0000] {docker.py:438} INFO - Hello world - terminate function started!
[2025-10-11T12:05:13.016+0000] {docker.py:438} INFO - Selecting pods with label_selector: app=post-storage-service
[2025-10-11T12:05:13.016+0000] {docker.py:438} INFO - Found 1 pods initially
[2025-10-11T12:05:13.016+0000] {docker.py:438} INFO - Random selection: 1 pods
[2025-10-11T12:05:13.016+0000] {docker.py:438} INFO - Deleting pod: post-storage-service-6cbbf5f9fb-fpphw
[2025-10-11T12:05:13.017+0000] {docker.py:438} INFO - Deleted 1 pods: ['post-storage-service-6cbbf5f9fb-fpphw']
[2025-10-11T12:05:13.017+0000] {docker.py:438} INFO - ✅ Successfully restarted pods: ['post-storage-service-6cbbf5f9fb-fpphw']
[2025-10-11T12:05:13.017+0000] {docker.py:438} INFO - ⏳ Waiting 20 seconds until next restart...
[2025-10-11T12:05:13.017+0000] {docker.py:438} INFO - 📊 Time remaining: 300 seconds
[2025-10-11T12:05:13.018+0000] {docker.py:438} INFO - 
[2025-10-11T12:05:13.018+0000] {docker.py:438} INFO - ==================================================
[2025-10-11T12:05:13.018+0000] {docker.py:438} INFO - 🔄 Restart #2 at 2025-10-11 12:00:48
[2025-10-11T12:05:13.018+0000] {docker.py:438} INFO - ==================================================
[2025-10-11T12:05:13.019+0000] {docker.py:438} INFO - Hello world - terminate function started!
[2025-10-11T12:05:13.019+0000] {docker.py:438} INFO - Selecting pods with label_selector: app=post-storage-service
[2025-10-11T12:05:13.019+0000] {docker.py:438} INFO - Found 1 pods initially
[2025-10-11T12:05:13.019+0000] {docker.py:438} INFO - Random selection: 1 pods
[2025-10-11T12:05:13.020+0000] {docker.py:438} INFO - Deleting pod: post-storage-service-6cbbf5f9fb-8r9br
[2025-10-11T12:05:13.020+0000] {docker.py:438} INFO - Deleted 1 pods: ['post-storage-service-6cbbf5f9fb-8r9br']
[2025-10-11T12:05:13.020+0000] {docker.py:438} INFO - ✅ Successfully restarted pods: ['post-storage-service-6cbbf5f9fb-8r9br']
[2025-10-11T12:05:13.020+0000] {docker.py:438} INFO - ⏳ Waiting 20 seconds until next restart...
[2025-10-11T12:05:13.021+0000] {docker.py:438} INFO - 📊 Time remaining: 279 seconds
[2025-10-11T12:05:13.021+0000] {docker.py:438} INFO - 
[2025-10-11T12:05:13.021+0000] {docker.py:438} INFO - ==================================================
[2025-10-11T12:05:13.021+0000] {docker.py:438} INFO - 🔄 Restart #3 at 2025-10-11 12:01:08
[2025-10-11T12:05:13.022+0000] {docker.py:438} INFO - ==================================================
[2025-10-11T12:05:13.022+0000] {docker.py:438} INFO - Hello world - terminate function started!
[2025-10-11T12:05:13.022+0000] {docker.py:438} INFO - Selecting pods with label_selector: app=post-storage-service
[2025-10-11T12:05:13.022+0000] {docker.py:438} INFO - Found 1 pods initially
[2025-10-11T12:05:13.023+0000] {docker.py:438} INFO - Random selection: 1 pods
[2025-10-11T12:05:13.023+0000] {docker.py:438} INFO - Deleting pod: post-storage-service-6cbbf5f9fb-8jbnj
[2025-10-11T12:05:13.023+0000] {docker.py:438} INFO - Deleted 1 pods: ['post-storage-service-6cbbf5f9fb-8jbnj']
[2025-10-11T12:05:13.023+0000] {docker.py:438} INFO - ✅ Successfully restarted pods: ['post-storage-service-6cbbf5f9fb-8jbnj']
[2025-10-11T12:05:13.024+0000] {docker.py:438} INFO - ⏳ Waiting 20 seconds until next restart...
[2025-10-11T12:05:13.024+0000] {docker.py:438} INFO - 📊 Time remaining: 259 seconds
[2025-10-11T12:05:13.024+0000] {docker.py:438} INFO - 
[2025-10-11T12:05:13.024+0000] {docker.py:438} INFO - ==================================================
[2025-10-11T12:05:13.025+0000] {docker.py:438} INFO - 🔄 Restart #4 at 2025-10-11 12:01:29
[2025-10-11T12:05:13.025+0000] {docker.py:438} INFO - ==================================================
[2025-10-11T12:05:13.025+0000] {docker.py:438} INFO - Hello world - terminate function started!
[2025-10-11T12:05:13.025+0000] {docker.py:438} INFO - Selecting pods with label_selector: app=post-storage-service
[2025-10-11T12:05:13.025+0000] {docker.py:438} INFO - Found 1 pods initially
[2025-10-11T12:05:13.026+0000] {docker.py:438} INFO - Random selection: 1 pods
[2025-10-11T12:05:13.026+0000] {docker.py:438} INFO - Deleting pod: post-storage-service-6cbbf5f9fb-n9mhm
[2025-10-11T12:05:13.026+0000] {docker.py:438} INFO - Deleted 1 pods: ['post-storage-service-6cbbf5f9fb-n9mhm']
[2025-10-11T12:05:13.026+0000] {docker.py:438} INFO - ✅ Successfully restarted pods: ['post-storage-service-6cbbf5f9fb-n9mhm']
[2025-10-11T12:05:13.027+0000] {docker.py:438} INFO - ⏳ Waiting 20 seconds until next restart...
[2025-10-11T12:05:13.027+0000] {docker.py:438} INFO - 📊 Time remaining: 238 seconds
[2025-10-11T12:05:13.027+0000] {docker.py:438} INFO - 
[2025-10-11T12:05:13.027+0000] {docker.py:438} INFO - ==================================================
[2025-10-11T12:05:13.028+0000] {docker.py:438} INFO - 🔄 Restart #5 at 2025-10-11 12:01:49
[2025-10-11T12:05:13.028+0000] {docker.py:438} INFO - ==================================================
[2025-10-11T12:05:13.028+0000] {docker.py:438} INFO - Hello world - terminate function started!
[2025-10-11T12:05:13.029+0000] {docker.py:438} INFO - Selecting pods with label_selector: app=post-storage-service
[2025-10-11T12:05:13.029+0000] {docker.py:438} INFO - Found 1 pods initially
[2025-10-11T12:05:13.030+0000] {docker.py:438} INFO - Random selection: 1 pods
[2025-10-11T12:05:13.030+0000] {docker.py:438} INFO - Deleting pod: post-storage-service-6cbbf5f9fb-kfd5w
[2025-10-11T12:05:13.031+0000] {docker.py:438} INFO - Deleted 1 pods: ['post-storage-service-6cbbf5f9fb-kfd5w']
[2025-10-11T12:05:13.031+0000] {docker.py:438} INFO - ✅ Successfully restarted pods: ['post-storage-service-6cbbf5f9fb-kfd5w']
[2025-10-11T12:05:13.031+0000] {docker.py:438} INFO - ⏳ Waiting 20 seconds until next restart...
[2025-10-11T12:05:13.032+0000] {docker.py:438} INFO - 📊 Time remaining: 218 seconds
[2025-10-11T12:05:13.032+0000] {docker.py:438} INFO - 
[2025-10-11T12:05:13.032+0000] {docker.py:438} INFO - ==================================================
[2025-10-11T12:05:13.033+0000] {docker.py:438} INFO - 🔄 Restart #6 at 2025-10-11 12:02:09
[2025-10-11T12:05:13.033+0000] {docker.py:438} INFO - ==================================================
[2025-10-11T12:05:13.033+0000] {docker.py:438} INFO - Hello world - terminate function started!
[2025-10-11T12:05:13.033+0000] {docker.py:438} INFO - Selecting pods with label_selector: app=post-storage-service
[2025-10-11T12:05:13.033+0000] {docker.py:438} INFO - Found 1 pods initially
[2025-10-11T12:05:13.034+0000] {docker.py:438} INFO - Random selection: 1 pods
[2025-10-11T12:05:13.034+0000] {docker.py:438} INFO - Deleting pod: post-storage-service-6cbbf5f9fb-gxphq
[2025-10-11T12:05:13.034+0000] {docker.py:438} INFO - Deleted 1 pods: ['post-storage-service-6cbbf5f9fb-gxphq']
[2025-10-11T12:05:13.034+0000] {docker.py:438} INFO - ✅ Successfully restarted pods: ['post-storage-service-6cbbf5f9fb-gxphq']
[2025-10-11T12:05:13.035+0000] {docker.py:438} INFO - ⏳ Waiting 20 seconds until next restart...
[2025-10-11T12:05:13.035+0000] {docker.py:438} INFO - 📊 Time remaining: 198 seconds
[2025-10-11T12:05:13.035+0000] {docker.py:438} INFO - 
[2025-10-11T12:05:13.035+0000] {docker.py:438} INFO - ==================================================
[2025-10-11T12:05:13.035+0000] {docker.py:438} INFO - 🔄 Restart #7 at 2025-10-11 12:02:30
[2025-10-11T12:05:13.036+0000] {docker.py:438} INFO - ==================================================
[2025-10-11T12:05:13.036+0000] {docker.py:438} INFO - Hello world - terminate function started!
[2025-10-11T12:05:13.036+0000] {docker.py:438} INFO - Selecting pods with label_selector: app=post-storage-service
[2025-10-11T12:05:13.036+0000] {docker.py:438} INFO - Found 1 pods initially
[2025-10-11T12:05:13.037+0000] {docker.py:438} INFO - Random selection: 1 pods
[2025-10-11T12:05:13.037+0000] {docker.py:438} INFO - Deleting pod: post-storage-service-6cbbf5f9fb-62nrg
[2025-10-11T12:05:13.037+0000] {docker.py:438} INFO - Deleted 1 pods: ['post-storage-service-6cbbf5f9fb-62nrg']
[2025-10-11T12:05:13.037+0000] {docker.py:438} INFO - ✅ Successfully restarted pods: ['post-storage-service-6cbbf5f9fb-62nrg']
[2025-10-11T12:05:13.037+0000] {docker.py:438} INFO - ⏳ Waiting 20 seconds until next restart...
[2025-10-11T12:05:13.038+0000] {docker.py:438} INFO - 📊 Time remaining: 177 seconds
[2025-10-11T12:05:13.038+0000] {docker.py:438} INFO - 
[2025-10-11T12:05:13.038+0000] {docker.py:438} INFO - ==================================================
[2025-10-11T12:05:13.038+0000] {docker.py:438} INFO - 🔄 Restart #8 at 2025-10-11 12:02:50
[2025-10-11T12:05:13.039+0000] {docker.py:438} INFO - ==================================================
[2025-10-11T12:05:13.039+0000] {docker.py:438} INFO - Hello world - terminate function started!
[2025-10-11T12:05:13.039+0000] {docker.py:438} INFO - Selecting pods with label_selector: app=post-storage-service
[2025-10-11T12:05:13.039+0000] {docker.py:438} INFO - Found 1 pods initially
[2025-10-11T12:05:13.039+0000] {docker.py:438} INFO - Random selection: 1 pods
[2025-10-11T12:05:13.040+0000] {docker.py:438} INFO - Deleting pod: post-storage-service-6cbbf5f9fb-pnt87
[2025-10-11T12:05:13.040+0000] {docker.py:438} INFO - Deleted 1 pods: ['post-storage-service-6cbbf5f9fb-pnt87']
[2025-10-11T12:05:13.040+0000] {docker.py:438} INFO - ✅ Successfully restarted pods: ['post-storage-service-6cbbf5f9fb-pnt87']
[2025-10-11T12:05:13.040+0000] {docker.py:438} INFO - ⏳ Waiting 20 seconds until next restart...
[2025-10-11T12:05:13.041+0000] {docker.py:438} INFO - 📊 Time remaining: 157 seconds
[2025-10-11T12:05:13.041+0000] {docker.py:438} INFO - 
[2025-10-11T12:05:13.041+0000] {docker.py:438} INFO - ==================================================
[2025-10-11T12:05:13.041+0000] {docker.py:438} INFO - 🔄 Restart #9 at 2025-10-11 12:03:10
[2025-10-11T12:05:13.041+0000] {docker.py:438} INFO - ==================================================
[2025-10-11T12:05:13.042+0000] {docker.py:438} INFO - Hello world - terminate function started!
[2025-10-11T12:05:13.042+0000] {docker.py:438} INFO - Selecting pods with label_selector: app=post-storage-service
[2025-10-11T12:05:13.042+0000] {docker.py:438} INFO - Found 1 pods initially
[2025-10-11T12:05:13.042+0000] {docker.py:438} INFO - Random selection: 1 pods
[2025-10-11T12:05:13.043+0000] {docker.py:438} INFO - Deleting pod: post-storage-service-6cbbf5f9fb-42bkh
[2025-10-11T12:05:13.043+0000] {docker.py:438} INFO - Deleted 1 pods: ['post-storage-service-6cbbf5f9fb-42bkh']
[2025-10-11T12:05:13.043+0000] {docker.py:438} INFO - ✅ Successfully restarted pods: ['post-storage-service-6cbbf5f9fb-42bkh']
[2025-10-11T12:05:13.043+0000] {docker.py:438} INFO - ⏳ Waiting 20 seconds until next restart...
[2025-10-11T12:05:13.043+0000] {docker.py:438} INFO - 📊 Time remaining: 137 seconds
[2025-10-11T12:05:13.044+0000] {docker.py:438} INFO - 
[2025-10-11T12:05:13.044+0000] {docker.py:438} INFO - ==================================================
[2025-10-11T12:05:13.044+0000] {docker.py:438} INFO - 🔄 Restart #10 at 2025-10-11 12:03:31
[2025-10-11T12:05:13.044+0000] {docker.py:438} INFO - ==================================================
[2025-10-11T12:05:13.045+0000] {docker.py:438} INFO - Hello world - terminate function started!
[2025-10-11T12:05:13.045+0000] {docker.py:438} INFO - Selecting pods with label_selector: app=post-storage-service
[2025-10-11T12:05:13.045+0000] {docker.py:438} INFO - Found 1 pods initially
[2025-10-11T12:05:13.045+0000] {docker.py:438} INFO - Random selection: 1 pods
[2025-10-11T12:05:13.045+0000] {docker.py:438} INFO - Deleting pod: post-storage-service-6cbbf5f9fb-c56jx
[2025-10-11T12:05:13.046+0000] {docker.py:438} INFO - Deleted 1 pods: ['post-storage-service-6cbbf5f9fb-c56jx']
[2025-10-11T12:05:13.046+0000] {docker.py:438} INFO - ✅ Successfully restarted pods: ['post-storage-service-6cbbf5f9fb-c56jx']
[2025-10-11T12:05:13.046+0000] {docker.py:438} INFO - ⏳ Waiting 20 seconds until next restart...
[2025-10-11T12:05:13.046+0000] {docker.py:438} INFO - 📊 Time remaining: 116 seconds
[2025-10-11T12:05:13.047+0000] {docker.py:438} INFO - 
[2025-10-11T12:05:13.047+0000] {docker.py:438} INFO - ==================================================
[2025-10-11T12:05:13.047+0000] {docker.py:438} INFO - 🔄 Restart #11 at 2025-10-11 12:03:51
[2025-10-11T12:05:13.047+0000] {docker.py:438} INFO - ==================================================
[2025-10-11T12:05:13.047+0000] {docker.py:438} INFO - Hello world - terminate function started!
[2025-10-11T12:05:13.048+0000] {docker.py:438} INFO - Selecting pods with label_selector: app=post-storage-service
[2025-10-11T12:05:13.048+0000] {docker.py:438} INFO - Found 1 pods initially
[2025-10-11T12:05:13.048+0000] {docker.py:438} INFO - Random selection: 1 pods
[2025-10-11T12:05:13.048+0000] {docker.py:438} INFO - Deleting pod: post-storage-service-6cbbf5f9fb-nxrq2
[2025-10-11T12:05:13.049+0000] {docker.py:438} INFO - Deleted 1 pods: ['post-storage-service-6cbbf5f9fb-nxrq2']
[2025-10-11T12:05:13.049+0000] {docker.py:438} INFO - ✅ Successfully restarted pods: ['post-storage-service-6cbbf5f9fb-nxrq2']
[2025-10-11T12:05:13.049+0000] {docker.py:438} INFO - ⏳ Waiting 20 seconds until next restart...
[2025-10-11T12:05:13.049+0000] {docker.py:438} INFO - 📊 Time remaining: 96 seconds
[2025-10-11T12:05:13.049+0000] {docker.py:438} INFO - 
[2025-10-11T12:05:13.050+0000] {docker.py:438} INFO - ==================================================
[2025-10-11T12:05:13.050+0000] {docker.py:438} INFO - 🔄 Restart #12 at 2025-10-11 12:04:11
[2025-10-11T12:05:13.050+0000] {docker.py:438} INFO - ==================================================
[2025-10-11T12:05:13.050+0000] {docker.py:438} INFO - Hello world - terminate function started!
[2025-10-11T12:05:13.050+0000] {docker.py:438} INFO - Selecting pods with label_selector: app=post-storage-service
[2025-10-11T12:05:13.051+0000] {docker.py:438} INFO - Found 1 pods initially
[2025-10-11T12:05:13.051+0000] {docker.py:438} INFO - Random selection: 1 pods
[2025-10-11T12:05:13.051+0000] {docker.py:438} INFO - Deleting pod: post-storage-service-6cbbf5f9fb-4qqjb
[2025-10-11T12:05:13.051+0000] {docker.py:438} INFO - Deleted 1 pods: ['post-storage-service-6cbbf5f9fb-4qqjb']
[2025-10-11T12:05:13.052+0000] {docker.py:438} INFO - ✅ Successfully restarted pods: ['post-storage-service-6cbbf5f9fb-4qqjb']
[2025-10-11T12:05:13.052+0000] {docker.py:438} INFO - ⏳ Waiting 20 seconds until next restart...
[2025-10-11T12:05:13.052+0000] {docker.py:438} INFO - 📊 Time remaining: 76 seconds
[2025-10-11T12:05:13.052+0000] {docker.py:438} INFO - 
[2025-10-11T12:05:13.053+0000] {docker.py:438} INFO - ==================================================
[2025-10-11T12:05:13.053+0000] {docker.py:438} INFO - 🔄 Restart #13 at 2025-10-11 12:04:32
[2025-10-11T12:05:13.053+0000] {docker.py:438} INFO - ==================================================
[2025-10-11T12:05:13.053+0000] {docker.py:438} INFO - Hello world - terminate function started!
[2025-10-11T12:05:13.054+0000] {docker.py:438} INFO - Selecting pods with label_selector: app=post-storage-service
[2025-10-11T12:05:13.054+0000] {docker.py:438} INFO - Found 1 pods initially
[2025-10-11T12:05:13.054+0000] {docker.py:438} INFO - Random selection: 1 pods
[2025-10-11T12:05:13.054+0000] {docker.py:438} INFO - Deleting pod: post-storage-service-6cbbf5f9fb-2mdww
[2025-10-11T12:05:13.054+0000] {docker.py:438} INFO - Deleted 1 pods: ['post-storage-service-6cbbf5f9fb-2mdww']
[2025-10-11T12:05:13.055+0000] {docker.py:438} INFO - ✅ Successfully restarted pods: ['post-storage-service-6cbbf5f9fb-2mdww']
[2025-10-11T12:05:13.055+0000] {docker.py:438} INFO - ⏳ Waiting 20 seconds until next restart...
[2025-10-11T12:05:13.055+0000] {docker.py:438} INFO - 📊 Time remaining: 55 seconds
[2025-10-11T12:05:13.055+0000] {docker.py:438} INFO - 
[2025-10-11T12:05:13.055+0000] {docker.py:438} INFO - ==================================================
[2025-10-11T12:05:13.056+0000] {docker.py:438} INFO - 🔄 Restart #14 at 2025-10-11 12:04:52
[2025-10-11T12:05:13.056+0000] {docker.py:438} INFO - ==================================================
[2025-10-11T12:05:13.056+0000] {docker.py:438} INFO - Hello world - terminate function started!
[2025-10-11T12:05:13.056+0000] {docker.py:438} INFO - Selecting pods with label_selector: app=post-storage-service
[2025-10-11T12:05:13.057+0000] {docker.py:438} INFO - Found 1 pods initially
[2025-10-11T12:05:13.057+0000] {docker.py:438} INFO - Random selection: 1 pods
[2025-10-11T12:05:13.057+0000] {docker.py:438} INFO - Deleting pod: post-storage-service-6cbbf5f9fb-tpp6n
[2025-10-11T12:05:13.057+0000] {docker.py:438} INFO - Deleted 1 pods: ['post-storage-service-6cbbf5f9fb-tpp6n']
[2025-10-11T12:05:13.057+0000] {docker.py:438} INFO - ✅ Successfully restarted pods: ['post-storage-service-6cbbf5f9fb-tpp6n']
[2025-10-11T12:05:13.058+0000] {docker.py:438} INFO - ⏳ Waiting 20 seconds until next restart...
[2025-10-11T12:05:13.058+0000] {docker.py:438} INFO - 📊 Time remaining: 35 seconds
[2025-10-11T12:05:13.058+0000] {docker.py:438} INFO - 
[2025-10-11T12:05:13.058+0000] {docker.py:438} INFO - ==================================================
[2025-10-11T12:05:13.059+0000] {docker.py:438} INFO - 🔄 Restart #15 at 2025-10-11 12:05:13
[2025-10-11T12:05:13.059+0000] {docker.py:438} INFO - ==================================================
[2025-10-11T12:05:13.059+0000] {docker.py:438} INFO - Hello world - terminate function started!
[2025-10-11T12:05:13.059+0000] {docker.py:438} INFO - Selecting pods with label_selector: app=post-storage-service
[2025-10-11T12:05:13.333+0000] {docker.py:438} INFO - [32m[2025-10-11 12:05:13 INFO] Let's rollback...
[2025-10-11T12:05:13.334+0000] {docker.py:438} INFO - [32m[2025-10-11 12:05:13 INFO] Rollback: uncordon-all-nodes
[2025-10-11T12:05:13.335+0000] {docker.py:438} INFO - [32m[2025-10-11 12:05:13 INFO] Action: uncordon-all-nodes
[2025-10-11T12:05:14.316+0000] {docker.py:438} INFO - [32m[2025-10-11 12:05:14 INFO] Experiment ended with status: completed
[2025-10-11T12:05:14.317+0000] {docker.py:438} INFO - Found 1 pods initially
[2025-10-11T12:05:14.318+0000] {docker.py:438} INFO - Random selection: 1 pods
[2025-10-11T12:05:14.318+0000] {docker.py:438} INFO - Deleting pod: post-storage-service-6cbbf5f9fb-2c8qd
[2025-10-11T12:05:14.318+0000] {docker.py:438} INFO - Deleted 1 pods: ['post-storage-service-6cbbf5f9fb-2c8qd']
[2025-10-11T12:05:14.319+0000] {docker.py:438} INFO - ✅ Successfully restarted pods: ['post-storage-service-6cbbf5f9fb-2c8qd']
[2025-10-11T12:05:14.319+0000] {docker.py:438} INFO - ⏰ Less than 20 seconds remaining, stopping experiment
[2025-10-11T12:05:14.320+0000] {docker.py:438} INFO - 
[2025-10-11T12:05:14.320+0000] {docker.py:438} INFO - ==================================================
[2025-10-11T12:05:14.320+0000] {docker.py:438} INFO - 🏁 Experiment Completed!
[2025-10-11T12:05:14.321+0000] {docker.py:438} INFO - ==================================================
[2025-10-11T12:05:14.321+0000] {docker.py:438} INFO - 📈 Total restarts performed: 15
[2025-10-11T12:05:14.321+0000] {docker.py:438} INFO - ⏱️  Total duration: 285 seconds
[2025-10-11T12:05:14.322+0000] {docker.py:438} INFO - 📊 Average interval: 19.0 seconds
[2025-10-11T12:05:14.685+0000] {taskinstance.py:340} INFO - ::group::Post task execution logs
[2025-10-11T12:05:14.686+0000] {taskinstance.py:352} INFO - Marking task as SUCCESS. dag_id=Cordon_Uncordon_Node, task_id=apply_cordon_uncordon_node, run_id=scheduled__2025-10-11T09:00:00+00:00, execution_date=20251011T090000, start_date=20251011T120002, end_date=20251011T120514
[2025-10-11T12:05:14.739+0000] {local_task_job_runner.py:266} INFO - Task exited with return code 0
[2025-10-11T12:05:14.756+0000] {taskinstance.py:3900} INFO - 0 downstream tasks scheduled from follow-on schedule check
[2025-10-11T12:05:14.759+0000] {local_task_job_runner.py:245} INFO - ::endgroup::
