[2025-10-01T11:41:42.124+0000] {local_task_job_runner.py:123} INFO - ::group::Pre task execution logs
[2025-10-01T11:41:42.138+0000] {taskinstance.py:2612} INFO - Dependencies all met for dep_context=non-requeueable deps ti=<TaskInstance: Cordon_Uncordon_Node.apply_cordon_uncordon_node manual__2025-10-01T11:41:41.110199+00:00 [queued]>
[2025-10-01T11:41:42.145+0000] {taskinstance.py:2612} INFO - Dependencies all met for dep_context=requeueable deps ti=<TaskInstance: Cordon_Uncordon_Node.apply_cordon_uncordon_node manual__2025-10-01T11:41:41.110199+00:00 [queued]>
[2025-10-01T11:41:42.145+0000] {taskinstance.py:2865} INFO - Starting attempt 1 of 1
[2025-10-01T11:41:42.158+0000] {taskinstance.py:2888} INFO - Executing <Task(DockerOperator): apply_cordon_uncordon_node> on 2025-10-01 11:41:41.110199+00:00
[2025-10-01T11:41:42.164+0000] {standard_task_runner.py:72} INFO - Started process 257 to run task
[2025-10-01T11:41:42.169+0000] {standard_task_runner.py:104} INFO - Running: ['***', 'tasks', 'run', 'Cordon_Uncordon_Node', 'apply_cordon_uncordon_node', 'manual__2025-10-01T11:41:41.110199+00:00', '--job-id', '87', '--raw', '--subdir', 'DAGS_FOLDER/dag_factory.py', '--cfg-path', '/tmp/tmpdafnbcck']
[2025-10-01T11:41:42.170+0000] {standard_task_runner.py:105} INFO - Job 87: Subtask apply_cordon_uncordon_node
[2025-10-01T11:41:42.213+0000] {task_command.py:467} INFO - Running <TaskInstance: Cordon_Uncordon_Node.apply_cordon_uncordon_node manual__2025-10-01T11:41:41.110199+00:00 [running]> on host workflow.y2twbfvcjkaujnl2bmtbxunhcb.cx.internal.cloudapp.net
[2025-10-01T11:41:42.295+0000] {taskinstance.py:3131} INFO - Exporting env vars: AIRFLOW_CTX_DAG_OWNER='***' AIRFLOW_CTX_DAG_ID='Cordon_Uncordon_Node' AIRFLOW_CTX_TASK_ID='apply_cordon_uncordon_node' AIRFLOW_CTX_EXECUTION_DATE='2025-10-01T11:41:41.110199+00:00' AIRFLOW_CTX_TRY_NUMBER='1' AIRFLOW_CTX_DAG_RUN_ID='manual__2025-10-01T11:41:41.110199+00:00'
[2025-10-01T11:41:42.296+0000] {taskinstance.py:731} INFO - ::endgroup::
[2025-10-01T11:41:42.344+0000] {docker.py:367} INFO - Starting docker container from image ***_chaos:latest
[2025-10-01T11:41:42.654+0000] {docker.py:438} INFO - The container is run as root user. For security, consider using a regular user account.
[2025-10-01T11:41:51.302+0000] {docker.py:438} INFO - 
[2025-10-01T11:41:51.981+0000] {docker.py:438} INFO - [32m[2025-10-01 11:41:51 INFO] Validating the experiment's syntax
[2025-10-01T11:41:52.233+0000] {docker.py:438} INFO - [32m[2025-10-01 11:41:52 INFO] Experiment looks valid
[2025-10-01T11:41:52.234+0000] {docker.py:438} INFO - [32m[2025-10-01 11:41:52 INFO] Running experiment: Cordon-Pod Restart Combined Experiment
[2025-10-01T11:41:52.236+0000] {docker.py:438} INFO - [32m[2025-10-01 11:41:52 INFO] Steady-state strategy: default
[2025-10-01T11:41:52.237+0000] {docker.py:438} INFO - [32m[2025-10-01 11:41:52 INFO] Rollbacks strategy: default
[2025-10-01T11:41:52.237+0000] {docker.py:438} INFO - [32m[2025-10-01 11:41:52 INFO] No steady state hypothesis defined. That's ok, just exploring.
[2025-10-01T11:41:52.237+0000] {docker.py:438} INFO - [32m[2025-10-01 11:41:52 INFO] Playing your experiment's method now...
[2025-10-01T11:41:52.238+0000] {docker.py:438} INFO - [32m[2025-10-01 11:41:52 INFO] Action: cordon-nodes
[2025-10-01T11:41:53.233+0000] {docker.py:438} INFO - [32m[2025-10-01 11:41:53 INFO] Action: continuous-pod-restart-during-cordon
[2025-10-01T11:46:38.750+0000] {docker.py:438} INFO - 🚀 Starting continuous pod restart experiment
[2025-10-01T11:46:38.750+0000] {docker.py:438} INFO - 📅 Interval: 20 seconds
[2025-10-01T11:46:38.750+0000] {docker.py:438} INFO - ⏱️  Duration: 300 seconds
[2025-10-01T11:46:38.751+0000] {docker.py:438} INFO - 🎯 Target: app=post-storage-service
[2025-10-01T11:46:38.751+0000] {docker.py:438} INFO - 📍 Namespace: default
[2025-10-01T11:46:38.751+0000] {docker.py:438} INFO - 
[2025-10-01T11:46:38.751+0000] {docker.py:438} INFO - ==================================================
[2025-10-01T11:46:38.752+0000] {docker.py:438} INFO - 🔄 Restart #1 at 2025-10-01 11:41:53
[2025-10-01T11:46:38.752+0000] {docker.py:438} INFO - ==================================================
[2025-10-01T11:46:38.752+0000] {docker.py:438} INFO - Hello world - terminate function started!
[2025-10-01T11:46:38.752+0000] {docker.py:438} INFO - Selecting pods with label_selector: app=post-storage-service
[2025-10-01T11:46:38.753+0000] {docker.py:438} INFO - Found 1 pods initially
[2025-10-01T11:46:38.753+0000] {docker.py:438} INFO - Random selection: 1 pods
[2025-10-01T11:46:38.753+0000] {docker.py:438} INFO - Deleting pod: post-storage-service-769cf6947d-mfhvp
[2025-10-01T11:46:38.753+0000] {docker.py:438} INFO - Deleted 1 pods: ['post-storage-service-769cf6947d-mfhvp']
[2025-10-01T11:46:38.753+0000] {docker.py:438} INFO - ✅ Successfully restarted pods: ['post-storage-service-769cf6947d-mfhvp']
[2025-10-01T11:46:38.754+0000] {docker.py:438} INFO - ⏳ Waiting 20 seconds until next restart...
[2025-10-01T11:46:38.754+0000] {docker.py:438} INFO - 📊 Time remaining: 300 seconds
[2025-10-01T11:46:38.754+0000] {docker.py:438} INFO - 
[2025-10-01T11:46:38.754+0000] {docker.py:438} INFO - ==================================================
[2025-10-01T11:46:38.755+0000] {docker.py:438} INFO - 🔄 Restart #2 at 2025-10-01 11:42:13
[2025-10-01T11:46:38.755+0000] {docker.py:438} INFO - ==================================================
[2025-10-01T11:46:38.755+0000] {docker.py:438} INFO - Hello world - terminate function started!
[2025-10-01T11:46:38.755+0000] {docker.py:438} INFO - Selecting pods with label_selector: app=post-storage-service
[2025-10-01T11:46:38.756+0000] {docker.py:438} INFO - Found 2 pods initially
[2025-10-01T11:46:38.756+0000] {docker.py:438} INFO - Random selection: 1 pods
[2025-10-01T11:46:38.756+0000] {docker.py:438} INFO - Deleting pod: post-storage-service-769cf6947d-mfhvp
[2025-10-01T11:46:38.757+0000] {docker.py:438} INFO - Deleted 1 pods: ['post-storage-service-769cf6947d-mfhvp']
[2025-10-01T11:46:38.757+0000] {docker.py:438} INFO - ✅ Successfully restarted pods: ['post-storage-service-769cf6947d-mfhvp']
[2025-10-01T11:46:38.757+0000] {docker.py:438} INFO - ⏳ Waiting 20 seconds until next restart...
[2025-10-01T11:46:38.757+0000] {docker.py:438} INFO - 📊 Time remaining: 279 seconds
[2025-10-01T11:46:38.757+0000] {docker.py:438} INFO - 
[2025-10-01T11:46:38.758+0000] {docker.py:438} INFO - ==================================================
[2025-10-01T11:46:38.758+0000] {docker.py:438} INFO - 🔄 Restart #3 at 2025-10-01 11:42:34
[2025-10-01T11:46:38.758+0000] {docker.py:438} INFO - ==================================================
[2025-10-01T11:46:38.758+0000] {docker.py:438} INFO - Hello world - terminate function started!
[2025-10-01T11:46:38.758+0000] {docker.py:438} INFO - Selecting pods with label_selector: app=post-storage-service
[2025-10-01T11:46:38.759+0000] {docker.py:438} INFO - Found 1 pods initially
[2025-10-01T11:46:38.759+0000] {docker.py:438} INFO - Random selection: 1 pods
[2025-10-01T11:46:38.759+0000] {docker.py:438} INFO - Deleting pod: post-storage-service-769cf6947d-8s7zz
[2025-10-01T11:46:38.759+0000] {docker.py:438} INFO - Deleted 1 pods: ['post-storage-service-769cf6947d-8s7zz']
[2025-10-01T11:46:38.760+0000] {docker.py:438} INFO - ✅ Successfully restarted pods: ['post-storage-service-769cf6947d-8s7zz']
[2025-10-01T11:46:38.760+0000] {docker.py:438} INFO - ⏳ Waiting 20 seconds until next restart...
[2025-10-01T11:46:38.760+0000] {docker.py:438} INFO - 📊 Time remaining: 259 seconds
[2025-10-01T11:46:38.760+0000] {docker.py:438} INFO - 
[2025-10-01T11:46:38.760+0000] {docker.py:438} INFO - ==================================================
[2025-10-01T11:46:38.761+0000] {docker.py:438} INFO - 🔄 Restart #4 at 2025-10-01 11:42:54
[2025-10-01T11:46:38.761+0000] {docker.py:438} INFO - ==================================================
[2025-10-01T11:46:38.761+0000] {docker.py:438} INFO - Hello world - terminate function started!
[2025-10-01T11:46:38.761+0000] {docker.py:438} INFO - Selecting pods with label_selector: app=post-storage-service
[2025-10-01T11:46:38.761+0000] {docker.py:438} INFO - Found 1 pods initially
[2025-10-01T11:46:38.762+0000] {docker.py:438} INFO - Random selection: 1 pods
[2025-10-01T11:46:38.762+0000] {docker.py:438} INFO - Deleting pod: post-storage-service-769cf6947d-cnq9l
[2025-10-01T11:46:38.762+0000] {docker.py:438} INFO - Deleted 1 pods: ['post-storage-service-769cf6947d-cnq9l']
[2025-10-01T11:46:38.762+0000] {docker.py:438} INFO - ✅ Successfully restarted pods: ['post-storage-service-769cf6947d-cnq9l']
[2025-10-01T11:46:38.762+0000] {docker.py:438} INFO - ⏳ Waiting 20 seconds until next restart...
[2025-10-01T11:46:38.763+0000] {docker.py:438} INFO - 📊 Time remaining: 238 seconds
[2025-10-01T11:46:38.763+0000] {docker.py:438} INFO - 
[2025-10-01T11:46:38.763+0000] {docker.py:438} INFO - ==================================================
[2025-10-01T11:46:38.763+0000] {docker.py:438} INFO - 🔄 Restart #5 at 2025-10-01 11:43:14
[2025-10-01T11:46:38.763+0000] {docker.py:438} INFO - ==================================================
[2025-10-01T11:46:38.764+0000] {docker.py:438} INFO - Hello world - terminate function started!
[2025-10-01T11:46:38.764+0000] {docker.py:438} INFO - Selecting pods with label_selector: app=post-storage-service
[2025-10-01T11:46:38.764+0000] {docker.py:438} INFO - Found 1 pods initially
[2025-10-01T11:46:38.764+0000] {docker.py:438} INFO - Random selection: 1 pods
[2025-10-01T11:46:38.764+0000] {docker.py:438} INFO - Deleting pod: post-storage-service-769cf6947d-wzbl6
[2025-10-01T11:46:38.765+0000] {docker.py:438} INFO - Deleted 1 pods: ['post-storage-service-769cf6947d-wzbl6']
[2025-10-01T11:46:38.765+0000] {docker.py:438} INFO - ✅ Successfully restarted pods: ['post-storage-service-769cf6947d-wzbl6']
[2025-10-01T11:46:38.765+0000] {docker.py:438} INFO - ⏳ Waiting 20 seconds until next restart...
[2025-10-01T11:46:38.765+0000] {docker.py:438} INFO - 📊 Time remaining: 218 seconds
[2025-10-01T11:46:38.766+0000] {docker.py:438} INFO - 
[2025-10-01T11:46:38.766+0000] {docker.py:438} INFO - ==================================================
[2025-10-01T11:46:38.766+0000] {docker.py:438} INFO - 🔄 Restart #6 at 2025-10-01 11:43:35
[2025-10-01T11:46:38.766+0000] {docker.py:438} INFO - ==================================================
[2025-10-01T11:46:38.766+0000] {docker.py:438} INFO - Hello world - terminate function started!
[2025-10-01T11:46:38.767+0000] {docker.py:438} INFO - Selecting pods with label_selector: app=post-storage-service
[2025-10-01T11:46:38.767+0000] {docker.py:438} INFO - Found 1 pods initially
[2025-10-01T11:46:38.767+0000] {docker.py:438} INFO - Random selection: 1 pods
[2025-10-01T11:46:38.767+0000] {docker.py:438} INFO - Deleting pod: post-storage-service-769cf6947d-79w7v
[2025-10-01T11:46:38.768+0000] {docker.py:438} INFO - Deleted 1 pods: ['post-storage-service-769cf6947d-79w7v']
[2025-10-01T11:46:38.768+0000] {docker.py:438} INFO - ✅ Successfully restarted pods: ['post-storage-service-769cf6947d-79w7v']
[2025-10-01T11:46:38.768+0000] {docker.py:438} INFO - ⏳ Waiting 20 seconds until next restart...
[2025-10-01T11:46:38.768+0000] {docker.py:438} INFO - 📊 Time remaining: 198 seconds
[2025-10-01T11:46:38.768+0000] {docker.py:438} INFO - 
[2025-10-01T11:46:38.768+0000] {docker.py:438} INFO - ==================================================
[2025-10-01T11:46:38.769+0000] {docker.py:438} INFO - 🔄 Restart #7 at 2025-10-01 11:43:55
[2025-10-01T11:46:38.769+0000] {docker.py:438} INFO - ==================================================
[2025-10-01T11:46:38.769+0000] {docker.py:438} INFO - Hello world - terminate function started!
[2025-10-01T11:46:38.769+0000] {docker.py:438} INFO - Selecting pods with label_selector: app=post-storage-service
[2025-10-01T11:46:38.769+0000] {docker.py:438} INFO - Found 1 pods initially
[2025-10-01T11:46:38.770+0000] {docker.py:438} INFO - Random selection: 1 pods
[2025-10-01T11:46:38.770+0000] {docker.py:438} INFO - Deleting pod: post-storage-service-769cf6947d-vgmk8
[2025-10-01T11:46:38.770+0000] {docker.py:438} INFO - Deleted 1 pods: ['post-storage-service-769cf6947d-vgmk8']
[2025-10-01T11:46:38.770+0000] {docker.py:438} INFO - ✅ Successfully restarted pods: ['post-storage-service-769cf6947d-vgmk8']
[2025-10-01T11:46:38.770+0000] {docker.py:438} INFO - ⏳ Waiting 20 seconds until next restart...
[2025-10-01T11:46:38.771+0000] {docker.py:438} INFO - 📊 Time remaining: 177 seconds
[2025-10-01T11:46:38.771+0000] {docker.py:438} INFO - 
[2025-10-01T11:46:38.771+0000] {docker.py:438} INFO - ==================================================
[2025-10-01T11:46:38.771+0000] {docker.py:438} INFO - 🔄 Restart #8 at 2025-10-01 11:44:16
[2025-10-01T11:46:38.771+0000] {docker.py:438} INFO - ==================================================
[2025-10-01T11:46:38.772+0000] {docker.py:438} INFO - Hello world - terminate function started!
[2025-10-01T11:46:38.772+0000] {docker.py:438} INFO - Selecting pods with label_selector: app=post-storage-service
[2025-10-01T11:46:38.772+0000] {docker.py:438} INFO - Found 1 pods initially
[2025-10-01T11:46:38.772+0000] {docker.py:438} INFO - Random selection: 1 pods
[2025-10-01T11:46:38.772+0000] {docker.py:438} INFO - Deleting pod: post-storage-service-769cf6947d-6kl94
[2025-10-01T11:46:38.773+0000] {docker.py:438} INFO - Deleted 1 pods: ['post-storage-service-769cf6947d-6kl94']
[2025-10-01T11:46:38.773+0000] {docker.py:438} INFO - ✅ Successfully restarted pods: ['post-storage-service-769cf6947d-6kl94']
[2025-10-01T11:46:38.773+0000] {docker.py:438} INFO - ⏳ Waiting 20 seconds until next restart...
[2025-10-01T11:46:38.773+0000] {docker.py:438} INFO - 📊 Time remaining: 157 seconds
[2025-10-01T11:46:38.773+0000] {docker.py:438} INFO - 
[2025-10-01T11:46:38.773+0000] {docker.py:438} INFO - ==================================================
[2025-10-01T11:46:38.774+0000] {docker.py:438} INFO - 🔄 Restart #9 at 2025-10-01 11:44:36
[2025-10-01T11:46:38.774+0000] {docker.py:438} INFO - ==================================================
[2025-10-01T11:46:38.774+0000] {docker.py:438} INFO - Hello world - terminate function started!
[2025-10-01T11:46:38.774+0000] {docker.py:438} INFO - Selecting pods with label_selector: app=post-storage-service
[2025-10-01T11:46:38.774+0000] {docker.py:438} INFO - Found 1 pods initially
[2025-10-01T11:46:38.775+0000] {docker.py:438} INFO - Random selection: 1 pods
[2025-10-01T11:46:38.775+0000] {docker.py:438} INFO - Deleting pod: post-storage-service-769cf6947d-t6qsj
[2025-10-01T11:46:38.775+0000] {docker.py:438} INFO - Deleted 1 pods: ['post-storage-service-769cf6947d-t6qsj']
[2025-10-01T11:46:38.775+0000] {docker.py:438} INFO - ✅ Successfully restarted pods: ['post-storage-service-769cf6947d-t6qsj']
[2025-10-01T11:46:38.775+0000] {docker.py:438} INFO - ⏳ Waiting 20 seconds until next restart...
[2025-10-01T11:46:38.776+0000] {docker.py:438} INFO - 📊 Time remaining: 136 seconds
[2025-10-01T11:46:38.776+0000] {docker.py:438} INFO - 
[2025-10-01T11:46:38.776+0000] {docker.py:438} INFO - ==================================================
[2025-10-01T11:46:38.776+0000] {docker.py:438} INFO - 🔄 Restart #10 at 2025-10-01 11:44:56
[2025-10-01T11:46:38.776+0000] {docker.py:438} INFO - ==================================================
[2025-10-01T11:46:38.776+0000] {docker.py:438} INFO - Hello world - terminate function started!
[2025-10-01T11:46:38.777+0000] {docker.py:438} INFO - Selecting pods with label_selector: app=post-storage-service
[2025-10-01T11:46:38.777+0000] {docker.py:438} INFO - Found 1 pods initially
[2025-10-01T11:46:38.777+0000] {docker.py:438} INFO - Random selection: 1 pods
[2025-10-01T11:46:38.777+0000] {docker.py:438} INFO - Deleting pod: post-storage-service-769cf6947d-qmdk4
[2025-10-01T11:46:38.777+0000] {docker.py:438} INFO - Deleted 1 pods: ['post-storage-service-769cf6947d-qmdk4']
[2025-10-01T11:46:38.778+0000] {docker.py:438} INFO - ✅ Successfully restarted pods: ['post-storage-service-769cf6947d-qmdk4']
[2025-10-01T11:46:38.778+0000] {docker.py:438} INFO - ⏳ Waiting 20 seconds until next restart...
[2025-10-01T11:46:38.778+0000] {docker.py:438} INFO - 📊 Time remaining: 116 seconds
[2025-10-01T11:46:38.778+0000] {docker.py:438} INFO - 
[2025-10-01T11:46:38.778+0000] {docker.py:438} INFO - ==================================================
[2025-10-01T11:46:38.779+0000] {docker.py:438} INFO - 🔄 Restart #11 at 2025-10-01 11:45:17
[2025-10-01T11:46:38.779+0000] {docker.py:438} INFO - ==================================================
[2025-10-01T11:46:38.779+0000] {docker.py:438} INFO - Hello world - terminate function started!
[2025-10-01T11:46:38.779+0000] {docker.py:438} INFO - Selecting pods with label_selector: app=post-storage-service
[2025-10-01T11:46:38.779+0000] {docker.py:438} INFO - Found 1 pods initially
[2025-10-01T11:46:38.779+0000] {docker.py:438} INFO - Random selection: 1 pods
[2025-10-01T11:46:38.780+0000] {docker.py:438} INFO - Deleting pod: post-storage-service-769cf6947d-s6xsr
[2025-10-01T11:46:38.780+0000] {docker.py:438} INFO - Deleted 1 pods: ['post-storage-service-769cf6947d-s6xsr']
[2025-10-01T11:46:38.780+0000] {docker.py:438} INFO - ✅ Successfully restarted pods: ['post-storage-service-769cf6947d-s6xsr']
[2025-10-01T11:46:38.780+0000] {docker.py:438} INFO - ⏳ Waiting 20 seconds until next restart...
[2025-10-01T11:46:38.780+0000] {docker.py:438} INFO - 📊 Time remaining: 96 seconds
[2025-10-01T11:46:38.781+0000] {docker.py:438} INFO - 
[2025-10-01T11:46:38.781+0000] {docker.py:438} INFO - ==================================================
[2025-10-01T11:46:38.781+0000] {docker.py:438} INFO - 🔄 Restart #12 at 2025-10-01 11:45:37
[2025-10-01T11:46:38.781+0000] {docker.py:438} INFO - ==================================================
[2025-10-01T11:46:38.781+0000] {docker.py:438} INFO - Hello world - terminate function started!
[2025-10-01T11:46:38.781+0000] {docker.py:438} INFO - Selecting pods with label_selector: app=post-storage-service
[2025-10-01T11:46:38.782+0000] {docker.py:438} INFO - Found 1 pods initially
[2025-10-01T11:46:38.782+0000] {docker.py:438} INFO - Random selection: 1 pods
[2025-10-01T11:46:38.782+0000] {docker.py:438} INFO - Deleting pod: post-storage-service-769cf6947d-vspwj
[2025-10-01T11:46:38.782+0000] {docker.py:438} INFO - Deleted 1 pods: ['post-storage-service-769cf6947d-vspwj']
[2025-10-01T11:46:38.782+0000] {docker.py:438} INFO - ✅ Successfully restarted pods: ['post-storage-service-769cf6947d-vspwj']
[2025-10-01T11:46:38.783+0000] {docker.py:438} INFO - ⏳ Waiting 20 seconds until next restart...
[2025-10-01T11:46:38.783+0000] {docker.py:438} INFO - 📊 Time remaining: 75 seconds
[2025-10-01T11:46:38.783+0000] {docker.py:438} INFO - 
[2025-10-01T11:46:38.783+0000] {docker.py:438} INFO - ==================================================
[2025-10-01T11:46:38.783+0000] {docker.py:438} INFO - 🔄 Restart #13 at 2025-10-01 11:45:57
[2025-10-01T11:46:38.783+0000] {docker.py:438} INFO - ==================================================
[2025-10-01T11:46:38.784+0000] {docker.py:438} INFO - Hello world - terminate function started!
[2025-10-01T11:46:38.784+0000] {docker.py:438} INFO - Selecting pods with label_selector: app=post-storage-service
[2025-10-01T11:46:38.784+0000] {docker.py:438} INFO - Found 1 pods initially
[2025-10-01T11:46:38.784+0000] {docker.py:438} INFO - Random selection: 1 pods
[2025-10-01T11:46:38.784+0000] {docker.py:438} INFO - Deleting pod: post-storage-service-769cf6947d-gmh4c
[2025-10-01T11:46:38.785+0000] {docker.py:438} INFO - Deleted 1 pods: ['post-storage-service-769cf6947d-gmh4c']
[2025-10-01T11:46:38.785+0000] {docker.py:438} INFO - ✅ Successfully restarted pods: ['post-storage-service-769cf6947d-gmh4c']
[2025-10-01T11:46:38.785+0000] {docker.py:438} INFO - ⏳ Waiting 20 seconds until next restart...
[2025-10-01T11:46:38.785+0000] {docker.py:438} INFO - 📊 Time remaining: 55 seconds
[2025-10-01T11:46:38.785+0000] {docker.py:438} INFO - 
[2025-10-01T11:46:38.785+0000] {docker.py:438} INFO - ==================================================
[2025-10-01T11:46:38.786+0000] {docker.py:438} INFO - 🔄 Restart #14 at 2025-10-01 11:46:18
[2025-10-01T11:46:38.786+0000] {docker.py:438} INFO - ==================================================
[2025-10-01T11:46:38.786+0000] {docker.py:438} INFO - Hello world - terminate function started!
[2025-10-01T11:46:38.786+0000] {docker.py:438} INFO - Selecting pods with label_selector: app=post-storage-service
[2025-10-01T11:46:38.787+0000] {docker.py:438} INFO - Found 1 pods initially
[2025-10-01T11:46:38.787+0000] {docker.py:438} INFO - Random selection: 1 pods
[2025-10-01T11:46:38.787+0000] {docker.py:438} INFO - Deleting pod: post-storage-service-769cf6947d-v2kgz
[2025-10-01T11:46:38.787+0000] {docker.py:438} INFO - Deleted 1 pods: ['post-storage-service-769cf6947d-v2kgz']
[2025-10-01T11:46:38.787+0000] {docker.py:438} INFO - ✅ Successfully restarted pods: ['post-storage-service-769cf6947d-v2kgz']
[2025-10-01T11:46:38.788+0000] {docker.py:438} INFO - ⏳ Waiting 20 seconds until next restart...
[2025-10-01T11:46:38.788+0000] {docker.py:438} INFO - 📊 Time remaining: 34 seconds
[2025-10-01T11:46:38.788+0000] {docker.py:438} INFO - 
[2025-10-01T11:46:38.788+0000] {docker.py:438} INFO - ==================================================
[2025-10-01T11:46:38.788+0000] {docker.py:438} INFO - 🔄 Restart #15 at 2025-10-01 11:46:38
[2025-10-01T11:46:38.789+0000] {docker.py:438} INFO - ==================================================
[2025-10-01T11:46:38.789+0000] {docker.py:438} INFO - Hello world - terminate function started!
[2025-10-01T11:46:38.789+0000] {docker.py:438} INFO - Selecting pods with label_selector: app=post-storage-service
[2025-10-01T11:46:39.140+0000] {docker.py:438} INFO - [32m[2025-10-01 11:46:39 INFO] Let's rollback...
[2025-10-01T11:46:39.141+0000] {docker.py:438} INFO - [32m[2025-10-01 11:46:39 INFO] Rollback: uncordon-all-nodes
[2025-10-01T11:46:39.141+0000] {docker.py:438} INFO - [32m[2025-10-01 11:46:39 INFO] Action: uncordon-all-nodes
[2025-10-01T11:46:40.169+0000] {docker.py:438} INFO - [32m[2025-10-01 11:46:40 INFO] Experiment ended with status: completed
[2025-10-01T11:46:40.170+0000] {docker.py:438} INFO - Found 1 pods initially
[2025-10-01T11:46:40.171+0000] {docker.py:438} INFO - Random selection: 1 pods
[2025-10-01T11:46:40.171+0000] {docker.py:438} INFO - Deleting pod: post-storage-service-769cf6947d-pjdnv
[2025-10-01T11:46:40.172+0000] {docker.py:438} INFO - Deleted 1 pods: ['post-storage-service-769cf6947d-pjdnv']
[2025-10-01T11:46:40.172+0000] {docker.py:438} INFO - ✅ Successfully restarted pods: ['post-storage-service-769cf6947d-pjdnv']
[2025-10-01T11:46:40.172+0000] {docker.py:438} INFO - ⏰ Less than 20 seconds remaining, stopping experiment
[2025-10-01T11:46:40.173+0000] {docker.py:438} INFO - 
[2025-10-01T11:46:40.173+0000] {docker.py:438} INFO - ==================================================
[2025-10-01T11:46:40.173+0000] {docker.py:438} INFO - 🏁 Experiment Completed!
[2025-10-01T11:46:40.174+0000] {docker.py:438} INFO - ==================================================
[2025-10-01T11:46:40.174+0000] {docker.py:438} INFO - 📈 Total restarts performed: 15
[2025-10-01T11:46:40.174+0000] {docker.py:438} INFO - ⏱️  Total duration: 286 seconds
[2025-10-01T11:46:40.174+0000] {docker.py:438} INFO - 📊 Average interval: 19.1 seconds
[2025-10-01T11:46:40.430+0000] {taskinstance.py:340} INFO - ::group::Post task execution logs
[2025-10-01T11:46:40.431+0000] {taskinstance.py:352} INFO - Marking task as SUCCESS. dag_id=Cordon_Uncordon_Node, task_id=apply_cordon_uncordon_node, run_id=manual__2025-10-01T11:41:41.110199+00:00, execution_date=20251001T114141, start_date=20251001T114142, end_date=20251001T114640
[2025-10-01T11:46:40.457+0000] {local_task_job_runner.py:266} INFO - Task exited with return code 0
[2025-10-01T11:46:40.472+0000] {taskinstance.py:3900} INFO - 0 downstream tasks scheduled from follow-on schedule check
[2025-10-01T11:46:40.475+0000] {local_task_job_runner.py:245} INFO - ::endgroup::
