[2025-11-13T11:37:21.229+0000] {local_task_job_runner.py:123} INFO - ::group::Pre task execution logs
[2025-11-13T11:37:21.255+0000] {taskinstance.py:2612} INFO - Dependencies all met for dep_context=non-requeueable deps ti=<TaskInstance: Reinitialize_Application.apply_container_restart_docker manual__2025-11-13T11:37:18.731833+00:00 [queued]>
[2025-11-13T11:37:21.268+0000] {taskinstance.py:2612} INFO - Dependencies all met for dep_context=requeueable deps ti=<TaskInstance: Reinitialize_Application.apply_container_restart_docker manual__2025-11-13T11:37:18.731833+00:00 [queued]>
[2025-11-13T11:37:21.268+0000] {taskinstance.py:2865} INFO - Starting attempt 1 of 1
[2025-11-13T11:37:21.331+0000] {taskinstance.py:2888} INFO - Executing <Task(DockerOperator): apply_container_restart_docker> on 2025-11-13 11:37:18.731833+00:00
[2025-11-13T11:37:21.364+0000] {standard_task_runner.py:72} INFO - Started process 100 to run task
[2025-11-13T11:37:21.375+0000] {standard_task_runner.py:104} INFO - Running: ['***', 'tasks', 'run', 'Reinitialize_Application', 'apply_container_restart_docker', 'manual__2025-11-13T11:37:18.731833+00:00', '--job-id', '14825', '--raw', '--subdir', 'DAGS_FOLDER/dag_factory.py', '--cfg-path', '/tmp/tmp3yyktxgg']
[2025-11-13T11:37:21.380+0000] {standard_task_runner.py:105} INFO - Job 14825: Subtask apply_container_restart_docker
[2025-11-13T11:37:21.489+0000] {task_command.py:467} INFO - Running <TaskInstance: Reinitialize_Application.apply_container_restart_docker manual__2025-11-13T11:37:18.731833+00:00 [running]> on host workflow.y2twbfvcjkaujnl2bmtbxunhcb.cx.internal.cloudapp.net
[2025-11-13T11:37:21.715+0000] {taskinstance.py:3131} INFO - Exporting env vars: AIRFLOW_CTX_DAG_OWNER='***' AIRFLOW_CTX_DAG_ID='Reinitialize_Application' AIRFLOW_CTX_TASK_ID='apply_container_restart_docker' AIRFLOW_CTX_EXECUTION_DATE='2025-11-13T11:37:18.731833+00:00' AIRFLOW_CTX_TRY_NUMBER='1' AIRFLOW_CTX_DAG_RUN_ID='manual__2025-11-13T11:37:18.731833+00:00'
[2025-11-13T11:37:21.721+0000] {taskinstance.py:731} INFO - ::endgroup::
[2025-11-13T11:37:21.809+0000] {docker.py:367} INFO - Starting docker container from image priyanshu01ce/***_chaos:latest
[2025-11-13T11:37:22.538+0000] {docker.py:438} INFO - The container is run as root user. For security, consider using a regular user account.
[2025-11-13T11:37:39.448+0000] {docker.py:438} INFO - 
[2025-11-13T11:37:39.476+0000] {docker.py:438} INFO - total 10372
[2025-11-13T11:37:39.477+0000] {docker.py:438} INFO - drwxr-xr-x 6    1000 1000     4096 Nov 11 11:35 .
[2025-11-13T11:37:39.478+0000] {docker.py:438} INFO - drwxr-xr-x 1 *** root     4096 Sep 26 10:44 ..
[2025-11-13T11:37:39.479+0000] {docker.py:438} INFO - -rw-r--r-- 1    1000 1000     1193 Sep  8 07:02 API_Latency.json
[2025-11-13T11:37:39.479+0000] {docker.py:438} INFO - -rw-r--r-- 1    1000 1000      729 Sep  9 10:30 API_Timeout.json
[2025-11-13T11:37:39.482+0000] {docker.py:438} INFO - -rw-r--r-- 1    1000 1000     1331 Oct  7 18:22 Continuous_Load_Test_Azure.yaml
[2025-11-13T11:37:39.482+0000] {docker.py:438} INFO - -rw-r--r-- 1    1000 1000     1665 Nov 11 09:21 Memory_Stress_Test_Azure.yaml
[2025-11-13T11:37:39.483+0000] {docker.py:438} INFO - -rw-r--r-- 1    1000 1000     1178 Sep 30 18:19 Stress_Test_Azure.yaml
[2025-11-13T11:37:39.483+0000] {docker.py:438} INFO - drwxrwxr-x 2 root    root     4096 Oct 29 06:31 __pycache__
[2025-11-13T11:37:39.485+0000] {docker.py:438} INFO - drwxrwxr-x 5    1000 1000     4096 Oct 21 08:05 chaos_env
[2025-11-13T11:37:39.486+0000] {docker.py:438} INFO - -rw-r--r-- 1    1000 1000     8875 Sep 25 16:54 chaosk6_actions.py
[2025-11-13T11:37:39.486+0000] {docker.py:438} INFO - -rw-rw-r-- 1    1000 1000 10082574 Nov 13 11:23 chaostoolkit.log
[2025-11-13T11:37:39.488+0000] {docker.py:438} INFO - -rw-rw-r-- 1    1000 1000     1421 Oct 23 09:34 check.py
[2025-11-13T11:37:39.488+0000] {docker.py:438} INFO - -rw-r--r-- 1    1000 1000     3213 Sep  9 09:11 combined-sequential.json
[2025-11-13T11:37:39.490+0000] {docker.py:438} INFO - -rwxrwxr-x 1    1000 1000     1489 Oct 27 06:29 complete_chaos_mesh-cleanup.sh
[2025-11-13T11:37:39.490+0000] {docker.py:438} INFO - -rw-r--r-- 1    1000 1000      502 Sep 16 05:31 connection_test_experiment.json
[2025-11-13T11:37:39.491+0000] {docker.py:438} INFO - -rw-rw-r-- 1    1000 1000      692 Oct 24 01:43 container_probe.json
[2025-11-13T11:37:39.491+0000] {docker.py:438} INFO - -rw-rw-r-- 1    1000 1000     2533 Oct 23 09:28 container_probe.yaml
[2025-11-13T11:37:39.493+0000] {docker.py:438} INFO - -rw-r--r-- 1    1000 1000     1420 Sep 24 06:53 container_restart.json
[2025-11-13T11:37:39.494+0000] {docker.py:438} INFO - -rw-r--r-- 1    1000 1000    16452 Sep 26 09:59 container_restart.py
[2025-11-13T11:37:39.495+0000] {docker.py:438} INFO - -rw-r--r-- 1    1000 1000     1744 Nov 11 09:15 container_restart_Azure.yaml
[2025-11-13T11:37:39.496+0000] {docker.py:438} INFO - -rw-r--r-- 1    1000 1000     1409 Sep 18 12:30 continuous_load_test.json
[2025-11-13T11:37:39.496+0000] {docker.py:438} INFO - -rw-r--r-- 1    1000 1000     1637 Sep 25 10:13 cordon-uncordon-node.json
[2025-11-13T11:37:39.497+0000] {docker.py:438} INFO - -rw-r--r-- 1    1000 1000     1637 Sep 25 04:39 cordon_test.json
[2025-11-13T11:37:39.499+0000] {docker.py:438} INFO - -rw-r--r-- 1    1000 1000     1430 Nov 11 09:16 cordon_uncordon_node_Azure.yaml
[2025-11-13T11:37:39.499+0000] {docker.py:438} INFO - -rw-r--r-- 1    1000 1000     1203 Sep 30 06:51 cpu_stress_ng.json
[2025-11-13T11:37:39.500+0000] {docker.py:438} INFO - -rw-r--r-- 1    1000 1000     1760 Oct 21 08:00 db_cleanup.json
[2025-11-13T11:37:39.501+0000] {docker.py:438} INFO - -rw-r--r-- 1    1000 1000     6399 Sep 24 07:40 db_cleanup.py
[2025-11-13T11:37:39.502+0000] {docker.py:438} INFO - -rw-rw-r-- 1    1000 1000     5855 Oct 28 12:27 direct_memory_stress.py
[2025-11-13T11:37:39.502+0000] {docker.py:438} INFO - -rw-r--r-- 1    1000 1000     3294 Nov 13 11:23 journal.json
[2025-11-13T11:37:39.504+0000] {docker.py:438} INFO - -rw-rw-r-- 1    1000 1000        0 Nov 11 11:31 json
[2025-11-13T11:37:39.505+0000] {docker.py:438} INFO - -rw-rw-r-- 1 root    root   234624 Nov 13 11:37 k6_continuous_load.log
[2025-11-13T11:37:39.507+0000] {docker.py:438} INFO - -rw-r--r-- 1    1000 1000     3893 Nov 13 10:00 k6_continuous_summary.json
[2025-11-13T11:37:39.507+0000] {docker.py:438} INFO - -rw-r--r-- 1    1000 1000     3433 Sep 25 09:28 k6_summary.json
[2025-11-13T11:37:39.508+0000] {docker.py:438} INFO - -rw-r--r-- 1    1000 1000      989 Sep 30 09:24 kubernetes_actions.json
[2025-11-13T11:37:39.508+0000] {docker.py:438} INFO - -rw-r--r-- 1    1000 1000    10961 Sep 30 09:23 kubernetes_actions.py
[2025-11-13T11:37:39.509+0000] {docker.py:438} INFO - -rw-r--r-- 1    1000 1000      945 Sep 21 16:40 load_test.json
[2025-11-13T11:37:39.509+0000] {docker.py:438} INFO - -rw-r--r-- 1    1000 1000      528 Sep 17 12:13 max_connection_experiment.json
[2025-11-13T11:37:39.512+0000] {docker.py:438} INFO - -rw-r--r-- 1    1000 1000     1227 Sep 13 15:20 memory-stress-rollback.json
[2025-11-13T11:37:39.512+0000] {docker.py:438} INFO - -rw-rw-r-- 1    1000 1000     1066 Oct 30 12:27 memory_stress.json
[2025-11-13T11:37:39.512+0000] {docker.py:438} INFO - -rw-rw-r-- 1    1000 1000     6653 Oct 29 06:18 memory_stress.py
[2025-11-13T11:37:39.513+0000] {docker.py:438} INFO - -rw-r--r-- 1    1000 1000     1421 Sep 29 05:20 mongo_db_container_restart.json
[2025-11-13T11:37:39.513+0000] {docker.py:438} INFO - -rw-r--r-- 1    1000 1000     7586 Sep 18 05:54 mongodb_actions.py
[2025-11-13T11:37:39.516+0000] {docker.py:438} INFO - -rw-r--r-- 1    1000 1000     2136 Sep 18 11:23 mongodb_connection.json
[2025-11-13T11:37:39.516+0000] {docker.py:438} INFO - -rw-r--r-- 1    1000 1000      597 Sep 16 09:17 mongodb_network_latency_experiment.json
[2025-11-13T11:37:39.517+0000] {docker.py:438} INFO - -rw-r--r-- 1    1000 1000     3657 Sep 18 05:42 mongodb_probes.py
[2025-11-13T11:37:39.518+0000] {docker.py:438} INFO - -rw-r--r-- 1    1000 1000     6161 Sep 12 08:04 pod_restart.py
[2025-11-13T11:37:39.519+0000] {docker.py:438} INFO - -rw-r--r-- 1    1000 1000     1497 Sep 30 05:50 redis_config_faults.py
[2025-11-13T11:37:39.520+0000] {docker.py:438} INFO - -rw-r--r-- 1    1000 1000      862 Sep 30 05:50 redis_experiment.json
[2025-11-13T11:37:39.520+0000] {docker.py:438} INFO - -rw-r--r-- 1    1000 1000      945 Sep 18 06:53 redis_load.json
[2025-11-13T11:37:39.521+0000] {docker.py:438} INFO - -rw-r--r-- 1    1000 1000     1634 Nov 11 09:16 redis_memory_stress_Azure.yaml
[2025-11-13T11:37:39.521+0000] {docker.py:438} INFO - -rw-rw-r-- 1    1000 1000     1333 Oct 21 09:39 reinitialize_application.yaml
[2025-11-13T11:37:39.524+0000] {docker.py:438} INFO - -rw-r--r-- 1    1000 1000     1284 Sep 25 10:53 run_load_test_with_cleanup.py
[2025-11-13T11:37:39.525+0000] {docker.py:438} INFO - -rw-rw-r-- 1    1000 1000     1307 Oct 27 10:33 sample_probe.yaml
[2025-11-13T11:37:39.525+0000] {docker.py:438} INFO - drwxr-xr-x 2    1000 1000     4096 Oct 22 06:46 scripts
[2025-11-13T11:37:39.526+0000] {docker.py:438} INFO - -rw-rw-r-- 1    1000 1000      272 Oct 27 08:51 simple-stress-test.yaml
[2025-11-13T11:37:39.527+0000] {docker.py:438} INFO - drwxr-xr-x 4    1000 1000     4096 Sep 30 09:41 socialNetwork
[2025-11-13T11:37:39.527+0000] {docker.py:438} INFO - -rw-r--r-- 1    1000 1000      821 Sep 26 13:20 stress_test.json
[2025-11-13T11:37:39.529+0000] {docker.py:438} INFO - -rw-rw-r-- 1    1000 1000      301 Oct 27 08:46 test-stress-fixed.yaml
[2025-11-13T11:37:39.530+0000] {docker.py:438} INFO - -rw-rw-r-- 1    1000 1000      295 Oct 27 08:49 test_after_fix.yaml
[2025-11-13T11:37:39.531+0000] {docker.py:438} INFO - -rw-r--r-- 1    1000
[2025-11-13T11:37:39.532+0000] {docker.py:438} INFO - 1000      367 Sep 17 07:24 test_params.json
[2025-11-13T11:37:39.534+0000] {docker.py:438} INFO - Starting Reinitializing the Social Networking Application...
[2025-11-13T11:37:40.476+0000] {docker.py:438} INFO - [32m[2025-11-13 11:37:40 INFO] Validating the experiment's syntax
[2025-11-13T11:37:41.300+0000] {docker.py:438} INFO - [32m[2025-11-13 11:37:41 INFO] Experiment looks valid
[2025-11-13T11:37:41.302+0000] {docker.py:438} INFO - [32m[2025-11-13 11:37:41 INFO] Running experiment: Simple Social Network Reset
[2025-11-13T11:37:41.309+0000] {docker.py:438} INFO - [32m[2025-11-13 11:37:41 INFO] Steady-state strategy: default
[2025-11-13T11:37:41.310+0000] {docker.py:438} INFO - [32m[2025-11-13 11:37:41 INFO] Rollbacks strategy: default
[2025-11-13T11:37:41.311+0000] {docker.py:438} INFO - [32m[2025-11-13 11:37:41 INFO] No steady state hypothesis defined. That's ok, just exploring.
[2025-11-13T11:37:41.312+0000] {docker.py:438} INFO - [32m[2025-11-13 11:37:41 INFO] Playing your experiment's method now...
[2025-11-13T11:37:41.313+0000] {docker.py:438} INFO - [32m[2025-11-13 11:37:41 INFO] Action: complete-reset-and-reinit
[2025-11-13T11:37:41.314+0000] {docker.py:438} INFO - INFO:kubernetes_actions:Starting complete reset and reinitialization...
[2025-11-13T11:37:41.315+0000] {docker.py:438} INFO - INFO:kubernetes_actions:Starting full social network reset...
[2025-11-13T11:37:41.316+0000] {docker.py:438} INFO - INFO:kubernetes_actions:Clearing Redis data...
[2025-11-13T11:37:41.352+0000] {docker.py:438} INFO - INFO:kubernetes_actions:Loaded local Kubernetes config
[2025-11-13T11:37:41.374+0000] {docker.py:438} INFO - INFO:kubernetes_actions:Loaded local Kubernetes config
[2025-11-13T11:37:41.631+0000] {docker.py:438} INFO - INFO:kubernetes_actions:Found running pod: social-graph-redis-64bd79b48b-gpwdg for deployment: social-graph-redis
[2025-11-13T11:37:41.636+0000] {docker.py:438} INFO - INFO:kubernetes_actions:Executing command in pod social-graph-redis-64bd79b48b-gpwdg, container social-graph-redis: redis-cli FLUSHALL
[2025-11-13T11:37:43.076+0000] {docker.py:438} INFO - INFO:kubernetes_actions:Command executed successfully. Output: OK
[2025-11-13T11:37:43.099+0000] {docker.py:438} INFO - INFO:kubernetes_actions:Loaded local Kubernetes config
[2025-11-13T11:37:43.121+0000] {docker.py:438} INFO - INFO:kubernetes_actions:Loaded local Kubernetes config
[2025-11-13T11:37:43.452+0000] {docker.py:438} INFO - INFO:kubernetes_actions:Found running pod: home-timeline-redis-744dd9998f-xqjsk for deployment: home-timeline-redis
[2025-11-13T11:37:43.454+0000] {docker.py:438} INFO - INFO:kubernetes_actions:Executing command in pod home-timeline-redis-744dd9998f-xqjsk, container home-timeline-redis: redis-cli FLUSHALL
[2025-11-13T11:37:45.244+0000] {docker.py:438} INFO - INFO:kubernetes_actions:Command executed successfully. Output: OK
[2025-11-13T11:37:45.273+0000] {docker.py:438} INFO - INFO:kubernetes_actions:Loaded local Kubernetes config
[2025-11-13T11:37:45.322+0000] {docker.py:438} INFO - INFO:kubernetes_actions:Loaded local Kubernetes config
[2025-11-13T11:37:45.611+0000] {docker.py:438} INFO - INFO:kubernetes_actions:Found running pod: user-timeline-redis-7b8f6ff4fb-5s87m for deployment: user-timeline-redis
[2025-11-13T11:37:45.613+0000] {docker.py:438} INFO - INFO:kubernetes_actions:Executing command in pod user-timeline-redis-7b8f6ff4fb-5s87m, container user-timeline-redis: redis-cli FLUSHALL
[2025-11-13T11:37:46.968+0000] {docker.py:438} INFO - INFO:kubernetes_actions:Command executed successfully. Output: OK
[2025-11-13T11:37:46.969+0000] {docker.py:438} INFO - 
[2025-11-13T11:37:46.969+0000] {docker.py:438} INFO - INFO:kubernetes_actions:Clearing Memcached data...
[2025-11-13T11:37:46.990+0000] {docker.py:438} INFO - INFO:kubernetes_actions:Loaded local Kubernetes config
[2025-11-13T11:37:47.013+0000] {docker.py:438} INFO - INFO:kubernetes_actions:Loaded local Kubernetes config
[2025-11-13T11:37:47.332+0000] {docker.py:438} INFO - INFO:kubernetes_actions:Found running pod: post-storage-memcached-67c6cc65cc-j4jdz for deployment: post-storage-memcached
[2025-11-13T11:37:47.334+0000] {docker.py:438} INFO - INFO:kubernetes_actions:Executing command in pod post-storage-memcached-67c6cc65cc-j4jdz, container post-storage-memcached: sh -c echo 'flush_all' | nc localhost 11211
[2025-11-13T11:37:48.685+0000] {docker.py:438} INFO - INFO:kubernetes_actions:Command executed successfully. Output: sh: 1: nc: not found
[2025-11-13T11:37:48.706+0000] {docker.py:438} INFO - INFO:kubernetes_actions:Loaded local Kubernetes config
[2025-11-13T11:37:48.729+0000] {docker.py:438} INFO - INFO:kubernetes_actions:Loaded local Kubernetes config
[2025-11-13T11:37:48.982+0000] {docker.py:438} INFO - INFO:kubernetes_actions:Found running pod: user-memcached-56f89988c-kswck for deployment: user-memcached
[2025-11-13T11:37:48.983+0000] {docker.py:438} INFO - INFO:kubernetes_actions:Executing command in pod user-memcached-56f89988c-kswck, container user-memcached: sh -c echo 'flush_all' | nc localhost 11211
[2025-11-13T11:37:50.404+0000] {docker.py:438} INFO - INFO:kubernetes_actions:Command executed successfully. Output: sh: 1: nc: not found
[2025-11-13T11:37:50.405+0000] {docker.py:438} INFO - 
[2025-11-13T11:37:50.405+0000] {docker.py:438} INFO - INFO:kubernetes_actions:Dropping MongoDB databases...
[2025-11-13T11:37:50.435+0000] {docker.py:438} INFO - INFO:kubernetes_actions:Loaded local Kubernetes config
[2025-11-13T11:37:50.466+0000] {docker.py:438} INFO - INFO:kubernetes_actions:Loaded local Kubernetes config
[2025-11-13T11:37:50.744+0000] {docker.py:438} INFO - INFO:kubernetes_actions:Found running pod: post-storage-mongodb-7f7657964c-b2fld for deployment: post-storage-mongodb
[2025-11-13T11:37:50.746+0000] {docker.py:438} INFO - INFO:kubernetes_actions:Executing command in pod post-storage-mongodb-7f7657964c-b2fld, container post-storage-mongodb: mongo --eval db.getSiblingDB('post').dropDatabase()
[2025-11-13T11:37:52.558+0000] {docker.py:438} INFO - INFO:kubernetes_actions:Command executed successfully. Output: MongoDB shell version v4.4.6
[2025-11-13T11:37:52.559+0000] {docker.py:438} INFO - connecting to: mongodb://127.0.0.1:27017/?compressors=disabled&gssapiServiceName=mongodb
[2025-11-13T11:37:52.559+0000] {docker.py:438} INFO - Implicit session: session { "id" : UUID("afae5047-416c-4ff7-9db8-ebe11a90c2e6") }
[2025-11-13T11:37:52.566+0000] {docker.py:438} INFO - MongoDB server version: 4.4.6
[2025-11-13T11:37:52.566+0000] {docker.py:438} INFO - { "dropped" : "post", "ok" : 1 }
[2025-11-13T11:37:52.567+0000] {docker.py:438} INFO - 
[2025-11-13T11:37:52.567+0000] {docker.py:438} INFO - INFO:kubernetes_actions:Loaded local Kubernetes config
[2025-11-13T11:37:52.570+0000] {docker.py:438} INFO - INFO:kubernetes_actions:Loaded local Kubernetes config
[2025-11-13T11:37:52.897+0000] {docker.py:438} INFO - INFO:kubernetes_actions:Found running pod: post-storage-mongodb-7f7657964c-b2fld for deployment: post-storage-mongodb
[2025-11-13T11:37:52.898+0000] {docker.py:438} INFO - INFO:kubernetes_actions:Executing command in pod post-storage-mongodb-7f7657964c-b2fld, container post-storage-mongodb: mongo --eval db.getSiblingDB('READ__ME_TO_RECOVER_YOUR_DATA').dropDatabase()
[2025-11-13T11:37:54.420+0000] {docker.py:438} INFO - INFO:kubernetes_actions:Command executed successfully. Output: MongoDB shell version v4.4.6
[2025-11-13T11:37:54.423+0000] {docker.py:438} INFO - connecting to: mongodb://127.0.0.1:27017/?compressors=disabled&gssapiServiceName=mongodb
[2025-11-13T11:37:54.423+0000] {docker.py:438} INFO - Implicit session: session { "id" : UUID("b9707a0e-707a-498e-ad84-2d39428b45bd") }
[2025-11-13T11:37:54.424+0000] {docker.py:438} INFO - MongoDB server version: 4.4.6
[2025-11-13T11:37:54.426+0000] {docker.py:438} INFO - { "ok" : 1 }
[2025-11-13T11:37:54.443+0000] {docker.py:438} INFO - INFO:kubernetes_actions:Loaded local Kubernetes config
[2025-11-13T11:37:54.465+0000] {docker.py:438} INFO - INFO:kubernetes_actions:Loaded local Kubernetes config
[2025-11-13T11:37:54.777+0000] {docker.py:438} INFO - INFO:kubernetes_actions:Found running pod: user-mongodb-f95b7d968-tqlld for deployment: user-mongodb
[2025-11-13T11:37:54.779+0000] {docker.py:438} INFO - INFO:kubernetes_actions:Executing command in pod user-mongodb-f95b7d968-tqlld, container user-mongodb: mongo --eval db.getSiblingDB('user').dropDatabase()
[2025-11-13T11:37:56.434+0000] {docker.py:438} INFO - INFO:kubernetes_actions:Command executed successfully. Output: MongoDB shell version v4.4.6
[2025-11-13T11:37:56.436+0000] {docker.py:438} INFO - connecting to: mongodb://127.0.0.1:27017/?compressors=disabled&gssapiServiceName=mongodb
[2025-11-13T11:37:56.436+0000] {docker.py:438} INFO - Implicit session: session { "id" : UUID("71fe34ab-5213-4b67-b75d-e74aa8e60793") }
[2025-11-13T11:37:56.440+0000] {docker.py:438} INFO - MongoDB server version: 4.4.6
[2025-11-13T11:37:56.440+0000] {docker.py:438} INFO - { "dropped" : "user", "ok" : 1 }
[2025-11-13T11:37:56.476+0000] {docker.py:438} INFO - INFO:kubernetes_actions:Loaded local Kubernetes config
[2025-11-13T11:37:56.517+0000] {docker.py:438} INFO - INFO:kubernetes_actions:Loaded local Kubernetes config
[2025-11-13T11:37:56.856+0000] {docker.py:438} INFO - INFO:kubernetes_actions:Found running pod: user-mongodb-f95b7d968-tqlld for deployment: user-mongodb
[2025-11-13T11:37:56.860+0000] {docker.py:438} INFO - INFO:kubernetes_actions:Executing command in pod user-mongodb-f95b7d968-tqlld, container user-mongodb: mongo --eval db.getSiblingDB('READ__ME_TO_RECOVER_YOUR_DATA').dropDatabase()
[2025-11-13T11:37:58.446+0000] {docker.py:438} INFO - INFO:kubernetes_actions:Command executed successfully. Output: MongoDB shell version v4.4.6
[2025-11-13T11:37:58.447+0000] {docker.py:438} INFO - connecting to: mongodb://127.0.0.1:27017/?compressors=disabled&gssapiServiceName=mongodb
[2025-11-13T11:37:58.447+0000] {docker.py:438} INFO - Implicit session: session { "id" : UUID("10a95f3f-955c-47d8-bc47-43d4e1f766d7") }
[2025-11-13T11:37:58.450+0000] {docker.py:438} INFO - MongoDB server version: 4.4.6
[2025-11-13T11:37:58.450+0000] {docker.py:438} INFO - { "ok" : 1 }
[2025-11-13T11:37:58.469+0000] {docker.py:438} INFO - INFO:kubernetes_actions:Loaded local Kubernetes config
[2025-11-13T11:37:58.491+0000] {docker.py:438} INFO - INFO:kubernetes_actions:Loaded local Kubernetes config
[2025-11-13T11:37:58.745+0000] {docker.py:438} INFO - INFO:kubernetes_actions:Found running pod: social-graph-mongodb-77fd77d9f4-jj4vn for deployment: social-graph-mongodb
[2025-11-13T11:37:58.747+0000] {docker.py:438} INFO - INFO:kubernetes_actions:Executing command in pod social-graph-mongodb-77fd77d9f4-jj4vn, container social-graph-mongodb: mongo --eval db.getSiblingDB('social-graph').dropDatabase()
[2025-11-13T11:38:00.247+0000] {docker.py:438} INFO - INFO:kubernetes_actions:Command executed successfully. Output: MongoDB shell version v4.4.6
[2025-11-13T11:38:00.248+0000] {docker.py:438} INFO - connecting to: mongodb://127.0.0.1:27017/?compressors=disabled&gssapiServiceName=mongodb
[2025-11-13T11:38:00.252+0000] {docker.py:438} INFO - Implicit session: session { "id" : UUID("a12fd67d-f65e-43b3-8520-6911b5e9c602") }
[2025-11-13T11:38:00.252+0000] {docker.py:438} INFO - MongoDB server version: 4.4.6
[2025-11-13T11:38:00.253+0000] {docker.py:438} INFO - { "dropped" : "social-graph", "ok" : 1 }
[2025-11-13T11:38:00.271+0000] {docker.py:438} INFO - INFO:kubernetes_actions:Loaded local Kubernetes config
[2025-11-13T11:38:00.293+0000] {docker.py:438} INFO - INFO:kubernetes_actions:Loaded local Kubernetes config
[2025-11-13T11:38:00.576+0000] {docker.py:438} INFO - INFO:kubernetes_actions:Found running pod: social-graph-mongodb-77fd77d9f4-jj4vn for deployment: social-graph-mongodb
[2025-11-13T11:38:00.577+0000] {docker.py:438} INFO - INFO:kubernetes_actions:Executing command in pod social-graph-mongodb-77fd77d9f4-jj4vn, container social-graph-mongodb: mongo --eval db.getSiblingDB('READ__ME_TO_RECOVER_YOUR_DATA').dropDatabase()
[2025-11-13T11:38:02.240+0000] {docker.py:438} INFO - INFO:kubernetes_actions:Command executed successfully. Output: MongoDB shell version v4.4.6
[2025-11-13T11:38:02.241+0000] {docker.py:438} INFO - connecting to: mongodb://127.0.0.1:27017/?compressors=disabled&gssapiServiceName=mongodb
[2025-11-13T11:38:02.243+0000] {docker.py:438} INFO - Implicit session: session { "id" : UUID("86765b1b-2b3d-4a36-ba6c-7614869e2dce") }
[2025-11-13T11:38:02.243+0000] {docker.py:438} INFO - MongoDB server version: 4.4.6
[2025-11-13T11:38:02.245+0000] {docker.py:438} INFO - { "ok" : 1 }
[2025-11-13T11:38:02.270+0000] {docker.py:438} INFO - INFO:kubernetes_actions:Loaded local Kubernetes config
[2025-11-13T11:38:02.294+0000] {docker.py:438} INFO - INFO:kubernetes_actions:Loaded local Kubernetes config
[2025-11-13T11:38:02.641+0000] {docker.py:438} INFO - INFO:kubernetes_actions:Found running pod: user-timeline-mongodb-6ff9797bfc-bnf8b for deployment: user-timeline-mongodb
[2025-11-13T11:38:02.643+0000] {docker.py:438} INFO - INFO:kubernetes_actions:Executing command in pod user-timeline-mongodb-6ff9797bfc-bnf8b, container user-timeline-mongodb: mongo --eval db.getSiblingDB('user-timeline').dropDatabase()
[2025-11-13T11:38:07.363+0000] {docker.py:438} INFO - INFO:kubernetes_actions:Command executed successfully. Output: MongoDB shell version v4.4.6
[2025-11-13T11:38:07.366+0000] {docker.py:438} INFO - connecting to: mongodb://127.0.0.1:27017/?compressors=disabled&gssapiServiceName=mongodb
[2025-11-13T11:38:07.366+0000] {docker.py:438} INFO - Implicit session: session { "id" : UUID("c02e7da8-48bd-459d-bd9e-a6e844c1aaea") }
[2025-11-13T11:38:07.367+0000] {docker.py:438} INFO - MongoDB server version: 4.4.6
[2025-11-13T11:38:07.367+0000] {docker.py:438} INFO - { "dropped" : "user-timeline", "ok" : 1 }
[2025-11-13T11:38:07.385+0000] {docker.py:438} INFO - INFO:kubernetes_actions:Loaded local Kubernetes config
[2025-11-13T11:38:07.407+0000] {docker.py:438} INFO - INFO:kubernetes_actions:Loaded local Kubernetes config
[2025-11-13T11:38:07.760+0000] {docker.py:438} INFO - INFO:kubernetes_actions:Found running pod: user-timeline-mongodb-6ff9797bfc-bnf8b for deployment: user-timeline-mongodb
[2025-11-13T11:38:07.760+0000] {docker.py:438} INFO - INFO:kubernetes_actions:Executing command in pod user-timeline-mongodb-6ff9797bfc-bnf8b, container user-timeline-mongodb: mongo --eval db.getSiblingDB('READ__ME_TO_RECOVER_YOUR_DATA').dropDatabase()
[2025-11-13T11:38:09.813+0000] {docker.py:438} INFO - INFO:kubernetes_actions:Command executed successfully. Output: MongoDB shell version v4.4.6
[2025-11-13T11:38:09.813+0000] {docker.py:438} INFO - connecting to: mongodb://127.0.0.1:27017/?compressors=disabled&gssapiServiceName=mongodb
[2025-11-13T11:38:09.814+0000] {docker.py:438} INFO - Implicit session: session { "id" : UUID("0a3be6db-0a75-4244-a648-56101ea835a5") }
[2025-11-13T11:38:09.815+0000] {docker.py:438} INFO - MongoDB server version: 4.4.6
[2025-11-13T11:38:09.815+0000] {docker.py:438} INFO - { "ok" : 1 }
[2025-11-13T11:38:09.815+0000] {docker.py:438} INFO - 
[2025-11-13T11:38:09.816+0000] {docker.py:438} INFO - INFO:kubernetes_actions:Full social network reset completed
[2025-11-13T11:38:14.808+0000] {docker.py:438} INFO - INFO:kubernetes_actions:Loaded local Kubernetes config
[2025-11-13T11:38:14.810+0000] {docker.py:438} INFO - INFO:kubernetes_actions:Restarting deployment: social-graph-service
[2025-11-13T11:38:15.161+0000] {docker.py:438} INFO - INFO:kubernetes_actions:✅ Successfully restarted social-graph-service
[2025-11-13T11:38:15.163+0000] {docker.py:438} INFO - INFO:kubernetes_actions:Restarting deployment: user-service
[2025-11-13T11:38:15.367+0000] {docker.py:438} INFO - INFO:kubernetes_actions:✅ Successfully restarted user-service
[2025-11-13T11:38:15.370+0000] {docker.py:438} INFO - INFO:kubernetes_actions:Restarting deployment: post-storage-service
[2025-11-13T11:38:15.555+0000] {docker.py:438} INFO - INFO:kubernetes_actions:✅ Successfully restarted post-storage-service
[2025-11-13T11:38:15.557+0000] {docker.py:438} INFO - INFO:kubernetes_actions:Restarting deployment: compose-post-service
[2025-11-13T11:38:15.746+0000] {docker.py:438} INFO - INFO:kubernetes_actions:✅ Successfully restarted compose-post-service
[2025-11-13T11:38:15.749+0000] {docker.py:438} INFO - INFO:kubernetes_actions:Restarting deployment: home-timeline-service
[2025-11-13T11:38:15.937+0000] {docker.py:438} INFO - INFO:kubernetes_actions:✅ Successfully restarted home-timeline-service
[2025-11-13T11:38:15.937+0000] {docker.py:438} INFO - INFO:kubernetes_actions:Restarting deployment: user-timeline-service
[2025-11-13T11:38:16.118+0000] {docker.py:438} INFO - INFO:kubernetes_actions:✅ Successfully restarted user-timeline-service
[2025-11-13T11:38:16.119+0000] {docker.py:438} INFO - INFO:kubernetes_actions:Restarting deployment: nginx-thrift
[2025-11-13T11:38:16.400+0000] {docker.py:438} INFO - INFO:kubernetes_actions:✅ Successfully restarted nginx-thrift
[2025-11-13T11:38:16.400+0000] {docker.py:438} INFO - INFO:kubernetes_actions:Restarting deployment: text-service
[2025-11-13T11:38:16.642+0000] {docker.py:438} INFO - INFO:kubernetes_actions:✅ Successfully restarted text-service
[2025-11-13T11:38:16.643+0000] {docker.py:438} INFO - INFO:kubernetes_actions:Restarting deployment: unique-id-service
[2025-11-13T11:38:16.915+0000] {docker.py:438} INFO - INFO:kubernetes_actions:✅ Successfully restarted unique-id-service
[2025-11-13T11:38:16.917+0000] {docker.py:438} INFO - INFO:kubernetes_actions:Restarting deployment: user-mention-service
[2025-11-13T11:38:17.139+0000] {docker.py:438} INFO - INFO:kubernetes_actions:✅ Successfully restarted user-mention-service
[2025-11-13T11:38:17.140+0000] {docker.py:438} INFO - INFO:kubernetes_actions:Waiting 90 seconds for services to restart...
[2025-11-13T11:39:47.142+0000] {docker.py:438} INFO - INFO:kubernetes_actions:Reinitializing social network data...
[2025-11-13T12:01:35.883+0000] {docker.py:438} INFO - INFO:kubernetes_actions:Social network reinitialization completed successfully
[2025-11-13T12:01:35.885+0000] {docker.py:438} INFO - [32m[2025-11-13 12:01:35 INFO] Let's rollback...
[2025-11-13T12:01:35.886+0000] {docker.py:438} INFO - [32m[2025-11-13 12:01:35 INFO] No declared rollbacks, let's move on.
[2025-11-13T12:01:35.887+0000] {docker.py:438} INFO - [32m[2025-11-13 12:01:35 INFO] Experiment ended with status: completed
[2025-11-13T12:01:36.083+0000] {docker.py:438} INFO - Reinitialized Social Networking APplication successfully
[2025-11-13T12:01:36.771+0000] {taskinstance.py:340} INFO - ::group::Post task execution logs
[2025-11-13T12:01:36.772+0000] {taskinstance.py:352} INFO - Marking task as SUCCESS. dag_id=Reinitialize_Application, task_id=apply_container_restart_docker, run_id=manual__2025-11-13T11:37:18.731833+00:00, execution_date=20251113T113718, start_date=20251113T113721, end_date=20251113T120136
[2025-11-13T12:01:36.842+0000] {local_task_job_runner.py:266} INFO - Task exited with return code 0
[2025-11-13T12:01:36.888+0000] {taskinstance.py:3900} INFO - 0 downstream tasks scheduled from follow-on schedule check
[2025-11-13T12:01:36.893+0000] {local_task_job_runner.py:245} INFO - ::endgroup::
