[2025-11-05T08:33:56.371+0000] {local_task_job_runner.py:123} INFO - ::group::Pre task execution logs
[2025-11-05T08:33:56.404+0000] {taskinstance.py:2612} INFO - Dependencies all met for dep_context=non-requeueable deps ti=<TaskInstance: Reinitialize_Application.apply_container_restart_docker manual__2025-11-05T08:33:54.411282+00:00 [queued]>
[2025-11-05T08:33:56.421+0000] {taskinstance.py:2612} INFO - Dependencies all met for dep_context=requeueable deps ti=<TaskInstance: Reinitialize_Application.apply_container_restart_docker manual__2025-11-05T08:33:54.411282+00:00 [queued]>
[2025-11-05T08:33:56.421+0000] {taskinstance.py:2865} INFO - Starting attempt 1 of 1
[2025-11-05T08:33:56.447+0000] {taskinstance.py:2888} INFO - Executing <Task(DockerOperator): apply_container_restart_docker> on 2025-11-05 08:33:54.411282+00:00
[2025-11-05T08:33:56.463+0000] {standard_task_runner.py:72} INFO - Started process 5959 to run task
[2025-11-05T08:33:56.474+0000] {standard_task_runner.py:104} INFO - Running: ['***', 'tasks', 'run', 'Reinitialize_Application', 'apply_container_restart_docker', 'manual__2025-11-05T08:33:54.411282+00:00', '--job-id', '13803', '--raw', '--subdir', 'DAGS_FOLDER/dag_factory.py', '--cfg-path', '/tmp/tmphxj5bob9']
[2025-11-05T08:33:56.478+0000] {standard_task_runner.py:105} INFO - Job 13803: Subtask apply_container_restart_docker
[2025-11-05T08:33:56.577+0000] {task_command.py:467} INFO - Running <TaskInstance: Reinitialize_Application.apply_container_restart_docker manual__2025-11-05T08:33:54.411282+00:00 [running]> on host workflow.y2twbfvcjkaujnl2bmtbxunhcb.cx.internal.cloudapp.net
[2025-11-05T08:33:56.746+0000] {taskinstance.py:3131} INFO - Exporting env vars: AIRFLOW_CTX_DAG_OWNER='***' AIRFLOW_CTX_DAG_ID='Reinitialize_Application' AIRFLOW_CTX_TASK_ID='apply_container_restart_docker' AIRFLOW_CTX_EXECUTION_DATE='2025-11-05T08:33:54.411282+00:00' AIRFLOW_CTX_TRY_NUMBER='1' AIRFLOW_CTX_DAG_RUN_ID='manual__2025-11-05T08:33:54.411282+00:00'
[2025-11-05T08:33:56.752+0000] {taskinstance.py:731} INFO - ::endgroup::
[2025-11-05T08:33:56.815+0000] {docker.py:367} INFO - Starting docker container from image priyanshu01ce/***_chaos:latest
[2025-11-05T08:33:57.504+0000] {docker.py:438} INFO - The container is run as root user. For security, consider using a regular user account.
[2025-11-05T08:34:16.021+0000] {docker.py:438} INFO - 
[2025-11-05T08:34:16.031+0000] {docker.py:438} INFO - total 7840
[2025-11-05T08:34:16.032+0000] {docker.py:438} INFO - drwxr-xr-x 6    1000 1000    4096 Nov  3 08:06 .
[2025-11-05T08:34:16.032+0000] {docker.py:438} INFO - drwxr-xr-x 1 *** root    4096 Sep 26 10:44 ..
[2025-11-05T08:34:16.033+0000] {docker.py:438} INFO - -rw-r--r-- 1    1000 1000    1193 Sep  8 07:02 API_Latency.json
[2025-11-05T08:34:16.034+0000] {docker.py:438} INFO - -rw-r--r-- 1    1000 1000     729 Sep  9 10:30 API_Timeout.json
[2025-11-05T08:34:16.035+0000] {docker.py:438} INFO - -rw-r--r-- 1    1000 1000    1331 Oct  7 18:22 Continuous_Load_Test_Azure.yaml
[2025-11-05T08:34:16.035+0000] {docker.py:438} INFO - -rw-r--r-- 1    1000 1000    1672 Oct 30 07:48 Memory_Stress_Test_Azure.yaml
[2025-11-05T08:34:16.037+0000] {docker.py:438} INFO - -rw-r--r-- 1    1000 1000    1178 Sep 30 18:19 Stress_Test_Azure.yaml
[2025-11-05T08:34:16.037+0000] {docker.py:438} INFO - drwxrwxr-x 2 root    root    4096 Oct 29 06:31 __pycache__
[2025-11-05T08:34:16.038+0000] {docker.py:438} INFO - drwxrwxr-x 5    1000 1000    4096 Oct 21 08:05 chaos_env
[2025-11-05T08:34:16.038+0000] {docker.py:438} INFO - -rw-r--r-- 1    1000 1000    8875 Sep 25 16:54 chaosk6_actions.py
[2025-11-05T08:34:16.038+0000] {docker.py:438} INFO - -rw-rw-r-- 1    1000 1000 7413279 Nov  5 08:33 chaostoolkit.log
[2025-11-05T08:34:16.041+0000] {docker.py:438} INFO - -rw-rw-r-- 1    1000 1000    1421 Oct 23 09:34 check.py
[2025-11-05T08:34:16.041+0000] {docker.py:438} INFO - -rw-r--r-- 1    1000 1000    3213 Sep  9 09:11 combined-sequential.json
[2025-11-05T08:34:16.042+0000] {docker.py:438} INFO - -rwxrwxr-x 1    1000 1000    1489 Oct 27 06:29 complete_chaos_mesh-cleanup.sh
[2025-11-05T08:34:16.042+0000] {docker.py:438} INFO - -rw-r--r-- 1    1000 1000     502 Sep 16 05:31 connection_test_experiment.json
[2025-11-05T08:34:16.042+0000] {docker.py:438} INFO - -rw-rw-r-- 1    1000 1000     692 Oct 24 01:43 container_probe.json
[2025-11-05T08:34:16.043+0000] {docker.py:438} INFO - -rw-rw-r-- 1    1000 1000    2533 Oct 23 09:28 container_probe.yaml
[2025-11-05T08:34:16.043+0000] {docker.py:438} INFO - -rw-r--r-- 1    1000 1000    1420 Sep 24 06:53 container_restart.json
[2025-11-05T08:34:16.044+0000] {docker.py:438} INFO - -rw-r--r-- 1    1000 1000   16452 Sep 26 09:59 container_restart.py
[2025-11-05T08:34:16.044+0000] {docker.py:438} INFO - -rw-r--r-- 1    1000 1000    1751 Nov  3 05:42 container_restart_Azure.yaml
[2025-11-05T08:34:16.045+0000] {docker.py:438} INFO - -rw-r--r-- 1    1000 1000    1409 Sep 18 12:30 continuous_load_test.json
[2025-11-05T08:34:16.047+0000] {docker.py:438} INFO - -rw-r--r-- 1    1000 1000    1637 Sep 25 10:13 cordon-uncordon-node.json
[2025-11-05T08:34:16.047+0000] {docker.py:438} INFO - -rw-r--r-- 1    1000 1000    1637 Sep 25 04:39 cordon_test.json
[2025-11-05T08:34:16.048+0000] {docker.py:438} INFO - -rw-r--r-- 1    1000 1000    1436 Oct 30 12:28 cordon_uncordon_node_Azure.yaml
[2025-11-05T08:34:16.048+0000] {docker.py:438} INFO - -rw-r--r-- 1    1000 1000    1203 Sep 30 06:51 cpu_stress_ng.json
[2025-11-05T08:34:16.048+0000] {docker.py:438} INFO - -rw-r--r-- 1    1000 1000    1760 Oct 21 08:00 db_cleanup.json
[2025-11-05T08:34:16.049+0000] {docker.py:438} INFO - -rw-r--r-- 1    1000 1000    6399 Sep 24 07:40 db_cleanup.py
[2025-11-05T08:34:16.049+0000] {docker.py:438} INFO - -rw-rw-r-- 1    1000 1000    5855 Oct 28 12:27 direct_memory_stress.py
[2025-11-05T08:34:16.050+0000] {docker.py:438} INFO - -rw-r--r-- 1    1000 1000    3293 Nov  5 08:12 journal.json
[2025-11-05T08:34:16.050+0000] {docker.py:438} INFO - -rw-rw-r-- 1 root    root  314579 Nov  5 08:33 k6_continuous_load.log
[2025-11-05T08:34:16.050+0000] {docker.py:438} INFO - -rw-r--r-- 1    1000 1000    3950 Nov  5 07:45 k6_continuous_summary.json
[2025-11-05T08:34:16.053+0000] {docker.py:438} INFO - -rw-r--r-- 1    1000 1000    3433 Sep 25 09:28 k6_summary.json
[2025-11-05T08:34:16.053+0000] {docker.py:438} INFO - -rw-r--r-- 1    1000 1000     989 Sep 30 09:24 kubernetes_actions.json
[2025-11-05T08:34:16.054+0000] {docker.py:438} INFO - -rw-r--r-- 1    1000 1000   10961 Sep 30 09:23 kubernetes_actions.py
[2025-11-05T08:34:16.054+0000] {docker.py:438} INFO - -rw-r--r-- 1    1000 1000     945 Sep 21 16:40 load_test.json
[2025-11-05T08:34:16.055+0000] {docker.py:438} INFO - -rw-r--r-- 1    1000 1000     528 Sep 17 12:13 max_connection_experiment.json
[2025-11-05T08:34:16.055+0000] {docker.py:438} INFO - -rw-r--r-- 1    1000 1000    1227 Sep 13 15:20 memory-stress-rollback.json
[2025-11-05T08:34:16.055+0000] {docker.py:438} INFO - -rw-rw-r-- 1    1000 1000    1066 Oct 30 12:27 memory_stress.json
[2025-11-05T08:34:16.056+0000] {docker.py:438} INFO - -rw-rw-r-- 1    1000 1000    6653 Oct 29 06:18 memory_stress.py
[2025-11-05T08:34:16.056+0000] {docker.py:438} INFO - -rw-r--r-- 1    1000 1000    1421 Sep 29 05:20 mongo_db_container_restart.json
[2025-11-05T08:34:16.057+0000] {docker.py:438} INFO - -rw-r--r-- 1    1000 1000    7586 Sep 18 05:54 mongodb_actions.py
[2025-11-05T08:34:16.057+0000] {docker.py:438} INFO - -rw-r--r-- 1    1000 1000    2136 Sep 18 11:23 mongodb_connection.json
[2025-11-05T08:34:16.058+0000] {docker.py:438} INFO - -rw-r--r-- 1    1000 1000     597 Sep 16 09:17 mongodb_network_latency_experiment.json
[2025-11-05T08:34:16.059+0000] {docker.py:438} INFO - -rw-r--r-- 1    1000 1000    3657 Sep 18 05:42 mongodb_probes.py
[2025-11-05T08:34:16.059+0000] {docker.py:438} INFO - -rw-r--r-- 1    1000 1000    6161 Sep 12 08:04 pod_restart.py
[2025-11-05T08:34:16.060+0000] {docker.py:438} INFO - -rw-r--r-- 1    1000 1000    1497 Sep 30 05:50 redis_config_faults.py
[2025-11-05T08:34:16.060+0000] {docker.py:438} INFO - -rw-r--r-- 1    1000 1000     862 Sep 30 05:50 redis_experiment.json
[2025-11-05T08:34:16.062+0000] {docker.py:438} INFO - -rw-r--r-- 1    1000 1000     945 Sep 18 06:53 redis_load.json
[2025-11-05T08:34:16.062+0000] {docker.py:438} INFO - -rw-r--r-- 1    1000 1000    1641 Oct 30 12:29 redis_memory_stress_Azure.yaml
[2025-11-05T08:34:16.062+0000] {docker.py:438} INFO - -rw-rw-r-- 1    1000 1000    1333 Oct 21 09:39 reinitialize_application.yaml
[2025-11-05T08:34:16.063+0000] {docker.py:438} INFO - -rw-r--r-- 1    1000 1000    1284 Sep 25 10:53 run_load_test_with_cleanup.py
[2025-11-05T08:34:16.065+0000] {docker.py:438} INFO - -rw-rw-r-- 1    1000 1000    1307 Oct 27 10:33 sample_probe.yaml
[2025-11-05T08:34:16.065+0000] {docker.py:438} INFO - drwxr-xr-x 2    1000 1000    4096 Oct 22 06:46 scripts
[2025-11-05T08:34:16.066+0000] {docker.py:438} INFO - -rw-rw-r-- 1    1000 1000     272 Oct 27 08:51 simple-stress-test.yaml
[2025-11-05T08:34:16.066+0000] {docker.py:438} INFO - drwxr-xr-x 4    1000 1000    4096 Sep 30 09:41 socialNetwork
[2025-11-05T08:34:16.070+0000] {docker.py:438} INFO - -rw-r--r-- 1    1000 1000     821 Sep 26 13:20 stress_test.json
[2025-11-05T08:34:16.070+0000] {docker.py:438} INFO - -rw-rw-r-- 1    1000 1000     301 Oct 27 08:46 test-stress-fixed.yaml
[2025-11-05T08:34:16.071+0000] {docker.py:438} INFO - -rw-rw-r-- 1    1000 1000     295 Oct 27 08:49 test_after_fix.yaml
[2025-11-05T08:34:16.071+0000] {docker.py:438} INFO - -rw-r--r-- 1    1000 1000     367 Sep 17 07:24 test_params.json
[2025-11-05T08:34:16.074+0000] {docker.py:438} INFO - Starting Reinitializing the Social Networking Application...
[2025-11-05T08:34:16.895+0000] {docker.py:438} INFO - [32m[2025-11-05 08:34:16 INFO] Validating the experiment's syntax
[2025-11-05T08:34:17.519+0000] {docker.py:438} INFO - [32m[2025-11-05 08:34:17 INFO] Experiment looks valid
[2025-11-05T08:34:17.522+0000] {docker.py:438} INFO - [32m[2025-11-05 08:34:17 INFO] Running experiment: Simple Social Network Reset
[2025-11-05T08:34:17.527+0000] {docker.py:438} INFO - [32m[2025-11-05 08:34:17 INFO] Steady-state strategy: default
[2025-11-05T08:34:17.528+0000] {docker.py:438} INFO - [32m[2025-11-05 08:34:17 INFO] Rollbacks strategy: default
[2025-11-05T08:34:17.529+0000] {docker.py:438} INFO - [32m[2025-11-05 08:34:17 INFO] No steady state hypothesis defined. That's ok, just exploring.
[2025-11-05T08:34:17.530+0000] {docker.py:438} INFO - [32m[2025-11-05 08:34:17 INFO] Playing your experiment's method now...
[2025-11-05T08:34:17.531+0000] {docker.py:438} INFO - [32m[2025-11-05 08:34:17 INFO] Action: complete-reset-and-reinit
[2025-11-05T08:34:17.532+0000] {docker.py:438} INFO - INFO:kubernetes_actions:Starting complete reset and reinitialization...
[2025-11-05T08:34:17.533+0000] {docker.py:438} INFO - INFO:kubernetes_actions:Starting full social network reset...
[2025-11-05T08:34:17.534+0000] {docker.py:438} INFO - INFO:kubernetes_actions:Clearing Redis data...
[2025-11-05T08:34:17.583+0000] {docker.py:438} INFO - INFO:kubernetes_actions:Loaded local Kubernetes config
[2025-11-05T08:34:17.603+0000] {docker.py:438} INFO - INFO:kubernetes_actions:Loaded local Kubernetes config
[2025-11-05T08:34:17.896+0000] {docker.py:438} INFO - INFO:kubernetes_actions:Found running pod: social-graph-redis-64bd79b48b-gpwdg for deployment: social-graph-redis
[2025-11-05T08:34:17.898+0000] {docker.py:438} INFO - INFO:kubernetes_actions:Executing command in pod social-graph-redis-64bd79b48b-gpwdg, container social-graph-redis: redis-cli FLUSHALL
[2025-11-05T08:34:19.501+0000] {docker.py:438} INFO - INFO:kubernetes_actions:Command executed successfully. Output: OK
[2025-11-05T08:34:19.502+0000] {docker.py:438} INFO - 
[2025-11-05T08:34:19.502+0000] {docker.py:438} INFO - INFO:kubernetes_actions:Loaded local Kubernetes config
[2025-11-05T08:34:19.530+0000] {docker.py:438} INFO - INFO:kubernetes_actions:Loaded local Kubernetes config
[2025-11-05T08:34:19.883+0000] {docker.py:438} INFO - INFO:kubernetes_actions:Found running pod: home-timeline-redis-744dd9998f-xqjsk for deployment: home-timeline-redis
[2025-11-05T08:34:19.884+0000] {docker.py:438} INFO - INFO:kubernetes_actions:Executing command in pod home-timeline-redis-744dd9998f-xqjsk, container home-timeline-redis: redis-cli FLUSHALL
[2025-11-05T08:34:21.291+0000] {docker.py:438} INFO - INFO:kubernetes_actions:Command executed successfully. Output: OK
[2025-11-05T08:34:21.308+0000] {docker.py:438} INFO - INFO:kubernetes_actions:Loaded local Kubernetes config
[2025-11-05T08:34:21.325+0000] {docker.py:438} INFO - INFO:kubernetes_actions:Loaded local Kubernetes config
[2025-11-05T08:34:21.598+0000] {docker.py:438} INFO - INFO:kubernetes_actions:Found running pod: user-timeline-redis-7b8f6ff4fb-5s87m for deployment: user-timeline-redis
[2025-11-05T08:34:21.599+0000] {docker.py:438} INFO - INFO:kubernetes_actions:Executing command in pod user-timeline-redis-7b8f6ff4fb-5s87m, container user-timeline-redis: redis-cli FLUSHALL
[2025-11-05T08:34:23.245+0000] {docker.py:438} INFO - INFO:kubernetes_actions:Command executed successfully. Output: OK
[2025-11-05T08:34:23.246+0000] {docker.py:438} INFO - 
[2025-11-05T08:34:23.247+0000] {docker.py:438} INFO - INFO:kubernetes_actions:Clearing Memcached data...
[2025-11-05T08:34:23.306+0000] {docker.py:438} INFO - INFO:kubernetes_actions:Loaded local Kubernetes config
[2025-11-05T08:34:23.360+0000] {docker.py:438} INFO - INFO:kubernetes_actions:Loaded local Kubernetes config
[2025-11-05T08:34:23.875+0000] {docker.py:438} INFO - INFO:kubernetes_actions:Found running pod: post-storage-memcached-67c6cc65cc-j4jdz for deployment: post-storage-memcached
[2025-11-05T08:34:23.876+0000] {docker.py:438} INFO - INFO:kubernetes_actions:Executing command in pod post-storage-memcached-67c6cc65cc-j4jdz, container post-storage-memcached: sh -c echo 'flush_all' | nc localhost 11211
[2025-11-05T08:34:25.338+0000] {docker.py:438} INFO - INFO:kubernetes_actions:Command executed successfully. Output: sh: 1: nc: not found
[2025-11-05T08:34:25.355+0000] {docker.py:438} INFO - INFO:kubernetes_actions:Loaded local Kubernetes config
[2025-11-05T08:34:25.373+0000] {docker.py:438} INFO - INFO:kubernetes_actions:Loaded local Kubernetes config
[2025-11-05T08:34:25.634+0000] {docker.py:438} INFO - INFO:kubernetes_actions:Found running pod: user-memcached-56f89988c-nxdzl for deployment: user-memcached
[2025-11-05T08:34:25.636+0000] {docker.py:438} INFO - INFO:kubernetes_actions:Executing command in pod user-memcached-56f89988c-nxdzl, container user-memcached: sh -c echo 'flush_all' | nc localhost 11211
[2025-11-05T08:34:27.136+0000] {docker.py:438} INFO - INFO:kubernetes_actions:Command executed successfully. Output: sh: 1: nc: not found
[2025-11-05T08:34:27.137+0000] {docker.py:438} INFO - 
[2025-11-05T08:34:27.137+0000] {docker.py:438} INFO - INFO:kubernetes_actions:Dropping MongoDB databases...
[2025-11-05T08:34:27.176+0000] {docker.py:438} INFO - INFO:kubernetes_actions:Loaded local Kubernetes config
[2025-11-05T08:34:27.195+0000] {docker.py:438} INFO - INFO:kubernetes_actions:Loaded local Kubernetes config
[2025-11-05T08:34:27.552+0000] {docker.py:438} INFO - INFO:kubernetes_actions:Found running pod: post-storage-mongodb-7f7657964c-b2fld for deployment: post-storage-mongodb
[2025-11-05T08:34:27.553+0000] {docker.py:438} INFO - INFO:kubernetes_actions:Executing command in pod post-storage-mongodb-7f7657964c-b2fld, container post-storage-mongodb: mongo --eval db.getSiblingDB('post').dropDatabase()
[2025-11-05T08:34:29.110+0000] {docker.py:438} INFO - INFO:kubernetes_actions:Command executed successfully. Output: MongoDB shell version v4.4.6
[2025-11-05T08:34:29.111+0000] {docker.py:438} INFO - connecting to: mongodb://127.0.0.1:27017/?compressors=disabled&gssapiServiceName=mongodb
[2025-11-05T08:34:29.111+0000] {docker.py:438} INFO - Implicit session: session { "id" : UUID("5c4c5adf-b0d7-4ced-8af8-d10eaa207d70") }
[2025-11-05T08:34:29.112+0000] {docker.py:438} INFO - MongoDB server version: 4.4.6
[2025-11-05T08:34:29.112+0000] {docker.py:438} INFO - { "dropped" : "post", "ok" : 1 }
[2025-11-05T08:34:29.129+0000] {docker.py:438} INFO - INFO:kubernetes_actions:Loaded local Kubernetes config
[2025-11-05T08:34:29.146+0000] {docker.py:438} INFO - INFO:kubernetes_actions:Loaded local Kubernetes config
[2025-11-05T08:34:29.569+0000] {docker.py:438} INFO - INFO:kubernetes_actions:Found running pod: post-storage-mongodb-7f7657964c-b2fld for deployment: post-storage-mongodb
[2025-11-05T08:34:29.571+0000] {docker.py:438} INFO - INFO:kubernetes_actions:Executing command in pod post-storage-mongodb-7f7657964c-b2fld, container post-storage-mongodb: mongo --eval db.getSiblingDB('READ__ME_TO_RECOVER_YOUR_DATA').dropDatabase()
[2025-11-05T08:34:31.218+0000] {docker.py:438} INFO - INFO:kubernetes_actions:Command executed successfully. Output: MongoDB shell version v4.4.6
[2025-11-05T08:34:31.219+0000] {docker.py:438} INFO - connecting to: mongodb://127.0.0.1:27017/?compressors=disabled&gssapiServiceName=mongodb
[2025-11-05T08:34:31.219+0000] {docker.py:438} INFO - Implicit session: session { "id" : UUID("e2a4dba1-7d0b-44d2-aec9-fed8256e2fe3") }
[2025-11-05T08:34:31.222+0000] {docker.py:438} INFO - MongoDB server version: 4.4.6
[2025-11-05T08:34:31.222+0000] {docker.py:438} INFO - { "ok" : 1 }
[2025-11-05T08:34:31.243+0000] {docker.py:438} INFO - INFO:kubernetes_actions:Loaded local Kubernetes config
[2025-11-05T08:34:31.275+0000] {docker.py:438} INFO - INFO:kubernetes_actions:Loaded local Kubernetes config
[2025-11-05T08:34:31.558+0000] {docker.py:438} INFO - INFO:kubernetes_actions:Found running pod: user-mongodb-f95b7d968-tqlld for deployment: user-mongodb
[2025-11-05T08:34:31.560+0000] {docker.py:438} INFO - INFO:kubernetes_actions:Executing command in pod user-mongodb-f95b7d968-tqlld, container user-mongodb: mongo --eval db.getSiblingDB('user').dropDatabase()
[2025-11-05T08:34:33.256+0000] {docker.py:438} INFO - INFO:kubernetes_actions:Command executed successfully. Output: MongoDB shell version v4.4.6
[2025-11-05T08:34:33.257+0000] {docker.py:438} INFO - connecting to: mongodb://127.0.0.1:27017/?compressors=disabled&gssapiServiceName=mongodb
[2025-11-05T08:34:33.257+0000] {docker.py:438} INFO - Implicit session: session { "id" : UUID("53426e81-882b-4b83-9453-e640bfc1f4d5") }
[2025-11-05T08:34:33.258+0000] {docker.py:438} INFO - MongoDB server version: 4.4.6
[2025-11-05T08:34:33.258+0000] {docker.py:438} INFO - { "dropped" : "user", "ok" : 1 }
[2025-11-05T08:34:33.275+0000] {docker.py:438} INFO - INFO:kubernetes_actions:Loaded local Kubernetes config
[2025-11-05T08:34:33.300+0000] {docker.py:438} INFO - INFO:kubernetes_actions:Loaded local Kubernetes config
[2025-11-05T08:34:33.583+0000] {docker.py:438} INFO - INFO:kubernetes_actions:Found running pod: user-mongodb-f95b7d968-tqlld for deployment: user-mongodb
[2025-11-05T08:34:33.584+0000] {docker.py:438} INFO - INFO:kubernetes_actions:Executing command in pod user-mongodb-f95b7d968-tqlld, container user-mongodb: mongo --eval db.getSiblingDB('READ__ME_TO_RECOVER_YOUR_DATA').dropDatabase()
[2025-11-05T08:34:35.152+0000] {docker.py:438} INFO - INFO:kubernetes_actions:Command executed successfully. Output: MongoDB shell version v4.4.6
[2025-11-05T08:34:35.153+0000] {docker.py:438} INFO - connecting to: mongodb://127.0.0.1:27017/?compressors=disabled&gssapiServiceName=mongodb
[2025-11-05T08:34:35.154+0000] {docker.py:438} INFO - Implicit session: session { "id" : UUID("112a0c42-0b6f-435f-866f-a6fde7a7617d") }
[2025-11-05T08:34:35.154+0000] {docker.py:438} INFO - MongoDB server version: 4.4.6
[2025-11-05T08:34:35.154+0000] {docker.py:438} INFO - { "ok" : 1 }
[2025-11-05T08:34:35.174+0000] {docker.py:438} INFO - INFO:kubernetes_actions:Loaded local Kubernetes config
[2025-11-05T08:34:35.191+0000] {docker.py:438} INFO - INFO:kubernetes_actions:Loaded local Kubernetes config
[2025-11-05T08:34:35.474+0000] {docker.py:438} INFO - INFO:kubernetes_actions:Found running pod: social-graph-mongodb-77fd77d9f4-jj4vn for deployment: social-graph-mongodb
[2025-11-05T08:34:35.474+0000] {docker.py:438} INFO - INFO:kubernetes_actions:Executing command in pod social-graph-mongodb-77fd77d9f4-jj4vn, container social-graph-mongodb: mongo --eval db.getSiblingDB('social-graph').dropDatabase()
[2025-11-05T08:34:37.051+0000] {docker.py:438} INFO - INFO:kubernetes_actions:Command executed successfully. Output: MongoDB shell version v4.4.6
[2025-11-05T08:34:37.052+0000] {docker.py:438} INFO - connecting to: mongodb://127.0.0.1:27017/?compressors=disabled&gssapiServiceName=mongodb
[2025-11-05T08:34:37.052+0000] {docker.py:438} INFO - Implicit session: session { "id" : UUID("5807143c-68df-4095-9700-7fee78047f66") }
[2025-11-05T08:34:37.053+0000] {docker.py:438} INFO - MongoDB server version: 4.4.6
[2025-11-05T08:34:37.053+0000] {docker.py:438} INFO - { "dropped" : "social-graph", "ok" : 1 }
[2025-11-05T08:34:37.071+0000] {docker.py:438} INFO - INFO:kubernetes_actions:Loaded local Kubernetes config
[2025-11-05T08:34:37.091+0000] {docker.py:438} INFO - INFO:kubernetes_actions:Loaded local Kubernetes config
[2025-11-05T08:34:37.348+0000] {docker.py:438} INFO - INFO:kubernetes_actions:Found running pod: social-graph-mongodb-77fd77d9f4-jj4vn for deployment: social-graph-mongodb
[2025-11-05T08:34:37.350+0000] {docker.py:438} INFO - INFO:kubernetes_actions:Executing command in pod social-graph-mongodb-77fd77d9f4-jj4vn, container social-graph-mongodb: mongo --eval db.getSiblingDB('READ__ME_TO_RECOVER_YOUR_DATA').dropDatabase()
[2025-11-05T08:34:38.850+0000] {docker.py:438} INFO - INFO:kubernetes_actions:Command executed successfully. Output: MongoDB shell version v4.4.6
[2025-11-05T08:34:38.850+0000] {docker.py:438} INFO - connecting to: mongodb://127.0.0.1:27017/?compressors=disabled&gssapiServiceName=mongodb
[2025-11-05T08:34:38.851+0000] {docker.py:438} INFO - Implicit session: session { "id" : UUID("0852cadb-f51a-4afb-b0dc-857fd59eb2c3") }
[2025-11-05T08:34:38.851+0000] {docker.py:438} INFO - MongoDB server version: 4.4.6
[2025-11-05T08:34:38.857+0000] {docker.py:438} INFO - { "ok" : 1 }
[2025-11-05T08:34:38.909+0000] {docker.py:438} INFO - INFO:kubernetes_actions:Loaded local Kubernetes config
[2025-11-05T08:34:38.937+0000] {docker.py:438} INFO - INFO:kubernetes_actions:Loaded local Kubernetes config
[2025-11-05T08:34:39.192+0000] {docker.py:438} INFO - INFO:kubernetes_actions:Found running pod: user-timeline-mongodb-6ff9797bfc-lz2wj for deployment: user-timeline-mongodb
[2025-11-05T08:34:39.195+0000] {docker.py:438} INFO - INFO:kubernetes_actions:Executing command in pod user-timeline-mongodb-6ff9797bfc-lz2wj, container user-timeline-mongodb: mongo --eval db.getSiblingDB('user-timeline').dropDatabase()
[2025-11-05T08:34:41.586+0000] {docker.py:438} INFO - INFO:kubernetes_actions:Command executed successfully. Output: MongoDB shell version v4.4.6
[2025-11-05T08:34:41.587+0000] {docker.py:438} INFO - connecting to: mongodb://127.0.0.1:27017/?compressors=disabled&gssapiServiceName=mongodb
[2025-11-05T08:34:41.587+0000] {docker.py:438} INFO - Implicit session: session { "id" : UUID("ae39b9cd-e378-4da7-9649-4809e32eaf9b") }
[2025-11-05T08:34:41.588+0000] {docker.py:438} INFO - MongoDB server version: 4.4.6
[2025-11-05T08:34:41.589+0000] {docker.py:438} INFO - { "dropped" : "user-timeline", "ok" : 1 }
[2025-11-05T08:34:41.606+0000] {docker.py:438} INFO - INFO:kubernetes_actions:Loaded local Kubernetes config
[2025-11-05T08:34:41.623+0000] {docker.py:438} INFO - INFO:kubernetes_actions:Loaded local Kubernetes config
[2025-11-05T08:34:41.907+0000] {docker.py:438} INFO - INFO:kubernetes_actions:Found running pod: user-timeline-mongodb-6ff9797bfc-lz2wj for deployment: user-timeline-mongodb
[2025-11-05T08:34:41.908+0000] {docker.py:438} INFO - INFO:kubernetes_actions:Executing command in pod user-timeline-mongodb-6ff9797bfc-lz2wj, container user-timeline-mongodb: mongo --eval db.getSiblingDB('READ__ME_TO_RECOVER_YOUR_DATA').dropDatabase()
[2025-11-05T08:34:43.997+0000] {docker.py:438} INFO - INFO:kubernetes_actions:Command executed successfully. Output: MongoDB shell version v4.4.6
[2025-11-05T08:34:43.997+0000] {docker.py:438} INFO - connecting to: mongodb://127.0.0.1:27017/?compressors=disabled&gssapiServiceName=mongodb
[2025-11-05T08:34:43.998+0000] {docker.py:438} INFO - Implicit session: session { "id" : UUID("8cad61b3-a02e-40e9-bcd5-763048070bbe") }
[2025-11-05T08:34:43.998+0000] {docker.py:438} INFO - MongoDB server version: 4.4.6
[2025-11-05T08:34:43.999+0000] {docker.py:438} INFO - { "ok" : 1 }
[2025-11-05T08:34:43.999+0000] {docker.py:438} INFO - INFO:kubernetes_actions:Full social network reset completed
[2025-11-05T08:34:49.015+0000] {docker.py:438} INFO - INFO:kubernetes_actions:Loaded local Kubernetes config
[2025-11-05T08:34:49.016+0000] {docker.py:438} INFO - INFO:kubernetes_actions:Restarting deployment: social-graph-service
[2025-11-05T08:34:49.546+0000] {docker.py:438} INFO - INFO:kubernetes_actions:✅ Successfully restarted social-graph-service
[2025-11-05T08:34:49.548+0000] {docker.py:438} INFO - INFO:kubernetes_actions:Restarting deployment: user-service
[2025-11-05T08:34:49.766+0000] {docker.py:438} INFO - INFO:kubernetes_actions:✅ Successfully restarted user-service
[2025-11-05T08:34:49.767+0000] {docker.py:438} INFO - INFO:kubernetes_actions:Restarting deployment: post-storage-service
[2025-11-05T08:34:49.998+0000] {docker.py:438} INFO - INFO:kubernetes_actions:✅ Successfully restarted post-storage-service
[2025-11-05T08:34:50.000+0000] {docker.py:438} INFO - INFO:kubernetes_actions:Restarting deployment: compose-post-service
[2025-11-05T08:34:50.207+0000] {docker.py:438} INFO - INFO:kubernetes_actions:✅ Successfully restarted compose-post-service
[2025-11-05T08:34:50.208+0000] {docker.py:438} INFO - INFO:kubernetes_actions:Restarting deployment: home-timeline-service
[2025-11-05T08:34:50.468+0000] {docker.py:438} INFO - INFO:kubernetes_actions:✅ Successfully restarted home-timeline-service
[2025-11-05T08:34:50.470+0000] {docker.py:438} INFO - INFO:kubernetes_actions:Restarting deployment: user-timeline-service
[2025-11-05T08:34:50.675+0000] {docker.py:438} INFO - INFO:kubernetes_actions:✅ Successfully restarted user-timeline-service
[2025-11-05T08:34:50.677+0000] {docker.py:438} INFO - INFO:kubernetes_actions:Restarting deployment: nginx-thrift
[2025-11-05T08:34:51.246+0000] {docker.py:438} INFO - INFO:kubernetes_actions:✅ Successfully restarted nginx-thrift
[2025-11-05T08:34:51.250+0000] {docker.py:438} INFO - INFO:kubernetes_actions:Restarting deployment: text-service
[2025-11-05T08:34:51.469+0000] {docker.py:438} INFO - INFO:kubernetes_actions:✅ Successfully restarted text-service
[2025-11-05T08:34:51.471+0000] {docker.py:438} INFO - INFO:kubernetes_actions:Restarting deployment: unique-id-service
[2025-11-05T08:34:51.706+0000] {docker.py:438} INFO - INFO:kubernetes_actions:✅ Successfully restarted unique-id-service
[2025-11-05T08:34:51.707+0000] {docker.py:438} INFO - INFO:kubernetes_actions:Restarting deployment: user-mention-service
[2025-11-05T08:34:51.896+0000] {docker.py:438} INFO - INFO:kubernetes_actions:✅ Successfully restarted user-mention-service
[2025-11-05T08:34:51.897+0000] {docker.py:438} INFO - INFO:kubernetes_actions:Waiting 90 seconds for services to restart...
[2025-11-05T08:36:21.900+0000] {docker.py:438} INFO - INFO:kubernetes_actions:Reinitializing social network data...
[2025-11-05T08:53:30.737+0000] {docker.py:438} INFO - INFO:kubernetes_actions:Social network reinitialization completed successfully
[2025-11-05T08:53:30.739+0000] {docker.py:438} INFO - [32m[2025-11-05 08:53:30 INFO] Let's rollback...
[2025-11-05T08:53:30.740+0000] {docker.py:438} INFO - [32m[2025-11-05 08:53:30 INFO] No declared rollbacks, let's move on.
[2025-11-05T08:53:30.741+0000] {docker.py:438} INFO - [32m[2025-11-05 08:53:30 INFO] Experiment ended with status: completed
[2025-11-05T08:53:30.934+0000] {docker.py:438} INFO - Reinitialized Social Networking APplication successfully
[2025-11-05T08:53:31.309+0000] {taskinstance.py:340} INFO - ::group::Post task execution logs
[2025-11-05T08:53:31.309+0000] {taskinstance.py:352} INFO - Marking task as SUCCESS. dag_id=Reinitialize_Application, task_id=apply_container_restart_docker, run_id=manual__2025-11-05T08:33:54.411282+00:00, execution_date=20251105T083354, start_date=20251105T083356, end_date=20251105T085331
[2025-11-05T08:53:31.354+0000] {local_task_job_runner.py:266} INFO - Task exited with return code 0
[2025-11-05T08:53:31.378+0000] {taskinstance.py:3900} INFO - 0 downstream tasks scheduled from follow-on schedule check
[2025-11-05T08:53:31.381+0000] {local_task_job_runner.py:245} INFO - ::endgroup::
