[2025-11-13T22:00:23.552+0000] {local_task_job_runner.py:123} INFO - ::group::Pre task execution logs
[2025-11-13T22:00:23.575+0000] {taskinstance.py:2612} INFO - Dependencies all met for dep_context=non-requeueable deps ti=<TaskInstance: Reinitialize_Application.apply_container_restart_docker manual__2025-11-13T22:00:21.421362+00:00 [queued]>
[2025-11-13T22:00:23.587+0000] {taskinstance.py:2612} INFO - Dependencies all met for dep_context=requeueable deps ti=<TaskInstance: Reinitialize_Application.apply_container_restart_docker manual__2025-11-13T22:00:21.421362+00:00 [queued]>
[2025-11-13T22:00:23.587+0000] {taskinstance.py:2865} INFO - Starting attempt 1 of 1
[2025-11-13T22:00:23.614+0000] {taskinstance.py:2888} INFO - Executing <Task(DockerOperator): apply_container_restart_docker> on 2025-11-13 22:00:21.421362+00:00
[2025-11-13T22:00:23.626+0000] {standard_task_runner.py:72} INFO - Started process 172 to run task
[2025-11-13T22:00:23.639+0000] {standard_task_runner.py:104} INFO - Running: ['***', 'tasks', 'run', 'Reinitialize_Application', 'apply_container_restart_docker', 'manual__2025-11-13T22:00:21.421362+00:00', '--job-id', '15009', '--raw', '--subdir', 'DAGS_FOLDER/dag_factory.py', '--cfg-path', '/tmp/tmposh8em8a']
[2025-11-13T22:00:23.640+0000] {standard_task_runner.py:105} INFO - Job 15009: Subtask apply_container_restart_docker
[2025-11-13T22:00:23.725+0000] {task_command.py:467} INFO - Running <TaskInstance: Reinitialize_Application.apply_container_restart_docker manual__2025-11-13T22:00:21.421362+00:00 [running]> on host workflow.y2twbfvcjkaujnl2bmtbxunhcb.cx.internal.cloudapp.net
[2025-11-13T22:00:23.893+0000] {taskinstance.py:3131} INFO - Exporting env vars: AIRFLOW_CTX_DAG_OWNER='***' AIRFLOW_CTX_DAG_ID='Reinitialize_Application' AIRFLOW_CTX_TASK_ID='apply_container_restart_docker' AIRFLOW_CTX_EXECUTION_DATE='2025-11-13T22:00:21.421362+00:00' AIRFLOW_CTX_TRY_NUMBER='1' AIRFLOW_CTX_DAG_RUN_ID='manual__2025-11-13T22:00:21.421362+00:00'
[2025-11-13T22:00:23.895+0000] {taskinstance.py:731} INFO - ::endgroup::
[2025-11-13T22:00:23.958+0000] {docker.py:367} INFO - Starting docker container from image priyanshu01ce/***_chaos:latest
[2025-11-13T22:00:24.485+0000] {docker.py:438} INFO - The container is run as root user. For security, consider using a regular user account.
[2025-11-13T22:00:38.317+0000] {docker.py:438} INFO - 
[2025-11-13T22:00:38.332+0000] {docker.py:438} INFO - total 10592
[2025-11-13T22:00:38.333+0000] {docker.py:438} INFO - drwxr-xr-x 6    1000 1000     4096 Nov 11 11:35 .
[2025-11-13T22:00:38.333+0000] {docker.py:438} INFO - drwxr-xr-x 1 *** root     4096 Sep 26 10:44 ..
[2025-11-13T22:00:38.334+0000] {docker.py:438} INFO - -rw-r--r-- 1    1000 1000     1193 Sep  8 07:02 API_Latency.json
[2025-11-13T22:00:38.334+0000] {docker.py:438} INFO - -rw-r--r-- 1    1000 1000      729 Sep  9 10:30 API_Timeout.json
[2025-11-13T22:00:38.334+0000] {docker.py:438} INFO - -rw-r--r-- 1    1000 1000     1331 Oct  7 18:22 Continuous_Load_Test_Azure.yaml
[2025-11-13T22:00:38.335+0000] {docker.py:438} INFO - -rw-r--r-- 1    1000 1000     1665 Nov 11 09:21 Memory_Stress_Test_Azure.yaml
[2025-11-13T22:00:38.335+0000] {docker.py:438} INFO - -rw-r--r-- 1    1000 1000     1178 Sep 30 18:19 Stress_Test_Azure.yaml
[2025-11-13T22:00:38.335+0000] {docker.py:438} INFO - drwxrwxr-x 2 root    root     4096 Oct 29 06:31 __pycache__
[2025-11-13T22:00:38.336+0000] {docker.py:438} INFO - drwxrwxr-x 5    1000 1000     4096 Oct 21 08:05 chaos_env
[2025-11-13T22:00:38.336+0000] {docker.py:438} INFO - -rw-r--r-- 1    1000 1000     8875 Sep 25 16:54 chaosk6_actions.py
[2025-11-13T22:00:38.336+0000] {docker.py:438} INFO - -rw-rw-r-- 1    1000 1000 10166439 Nov 13 21:45 chaostoolkit.log
[2025-11-13T22:00:38.337+0000] {docker.py:438} INFO - -rw-rw-r-- 1    1000 1000     1421 Oct 23 09:34 check.py
[2025-11-13T22:00:38.337+0000] {docker.py:438} INFO - -rw-r--r-- 1    1000 1000     3213 Sep  9 09:11 combined-sequential.json
[2025-11-13T22:00:38.338+0000] {docker.py:438} INFO - -rwxrwxr-x 1    1000 1000     1489 Oct 27 06:29 complete_chaos_mesh-cleanup.sh
[2025-11-13T22:00:38.338+0000] {docker.py:438} INFO - -rw-r--r-- 1    1000 1000      502 Sep 16 05:31 connection_test_experiment.json
[2025-11-13T22:00:38.339+0000] {docker.py:438} INFO - -rw-rw-r-- 1    1000 1000      692 Oct 24 01:43 container_probe.json
[2025-11-13T22:00:38.339+0000] {docker.py:438} INFO - -rw-rw-r-- 1    1000 1000     2533 Oct 23 09:28 container_probe.yaml
[2025-11-13T22:00:38.340+0000] {docker.py:438} INFO - -rw-r--r-- 1    1000 1000     1420 Sep 24 06:53 container_restart.json
[2025-11-13T22:00:38.340+0000] {docker.py:438} INFO - -rw-r--r-- 1    1000 1000    16452 Sep 26 09:59 container_restart.py
[2025-11-13T22:00:38.340+0000] {docker.py:438} INFO - -rw-r--r-- 1    1000 1000     1744 Nov 11 09:15 container_restart_Azure.yaml
[2025-11-13T22:00:38.341+0000] {docker.py:438} INFO - -rw-r--r-- 1    1000 1000     1409 Sep 18 12:30 continuous_load_test.json
[2025-11-13T22:00:38.341+0000] {docker.py:438} INFO - -rw-r--r-- 1    1000 1000     1637 Sep 25 10:13 cordon-uncordon-node.json
[2025-11-13T22:00:38.342+0000] {docker.py:438} INFO - -rw-r--r-- 1    1000 1000     1637 Sep 25 04:39 cordon_test.json
[2025-11-13T22:00:38.342+0000] {docker.py:438} INFO - -rw-r--r-- 1    1000 1000     1430 Nov 11 09:16 cordon_uncordon_node_Azure.yaml
[2025-11-13T22:00:38.343+0000] {docker.py:438} INFO - -rw-r--r-- 1    1000 1000     1203 Sep 30 06:51 cpu_stress_ng.json
[2025-11-13T22:00:38.343+0000] {docker.py:438} INFO - -rw-r--r-- 1    1000 1000     1760 Oct 21 08:00 db_cleanup.json
[2025-11-13T22:00:38.343+0000] {docker.py:438} INFO - -rw-r--r-- 1    1000 1000     6399 Sep 24 07:40 db_cleanup.py
[2025-11-13T22:00:38.344+0000] {docker.py:438} INFO - -rw-rw-r-- 1    1000 1000     5855 Oct 28 12:27 direct_memory_stress.py
[2025-11-13T22:00:38.344+0000] {docker.py:438} INFO - -rw-r--r-- 1    1000 1000     3217 Nov 13 21:45 journal.json
[2025-11-13T22:00:38.345+0000] {docker.py:438} INFO - -rw-rw-r-- 1    1000 1000        0 Nov 11 11:31 json
[2025-11-13T22:00:38.345+0000] {docker.py:438} INFO - -rw-rw-r-- 1 root    root   373516 Nov 13 21:45 k6_continuous_load.log
[2025-11-13T22:00:38.346+0000] {docker.py:438} INFO - -rw-r--r-- 1    1000 1000     3913 Nov 13 21:45 k6_continuous_summary.json
[2025-11-13T22:00:38.346+0000] {docker.py:438} INFO - -rw-r--r-- 1    1000 1000     3433 Sep 25 09:28 k6_summary.json
[2025-11-13T22:00:38.346+0000] {docker.py:438} INFO - -rw-r--r-- 1    1000 1000      989 Sep 30 09:24 kubernetes_actions.json
[2025-11-13T22:00:38.347+0000] {docker.py:438} INFO - -rw-r--r-- 1    1000 1000    10961 Sep 30 09:23 kubernetes_actions.py
[2025-11-13T22:00:38.347+0000] {docker.py:438} INFO - -rw-r--r-- 1    1000 1000      945 Sep 21 16:40 load_test.json
[2025-11-13T22:00:38.348+0000] {docker.py:438} INFO - -rw-r--r-- 1    1000 1000      528 Sep 17 12:13 max_connection_experiment.json
[2025-11-13T22:00:38.348+0000] {docker.py:438} INFO - -rw-r--r-- 1    1000 1000     1227 Sep 13 15:20 memory-stress-rollback.json
[2025-11-13T22:00:38.348+0000] {docker.py:438} INFO - -rw-rw-r-- 1    1000 1000     1066 Oct 30 12:27 memory_stress.json
[2025-11-13T22:00:38.349+0000] {docker.py:438} INFO - -rw-rw-r-- 1    1000 1000     6653 Oct 29 06:18 memory_stress.py
[2025-11-13T22:00:38.349+0000] {docker.py:438} INFO - -rw-r--r-- 1    1000 1000     1421 Sep 29 05:20 mongo_db_container_restart.json
[2025-11-13T22:00:38.350+0000] {docker.py:438} INFO - -rw-r--r-- 1    1000 1000     7586 Sep 18 05:54 mongodb_actions.py
[2025-11-13T22:00:38.350+0000] {docker.py:438} INFO - -rw-r--r-- 1    1000 1000     2136 Sep 18 11:23 mongodb_connection.json
[2025-11-13T22:00:38.351+0000] {docker.py:438} INFO - -rw-r--r-- 1    1000 1000      597 Sep 16 09:17 mongodb_network_latency_experiment.json
[2025-11-13T22:00:38.351+0000] {docker.py:438} INFO - -rw-r--r-- 1    1000 1000     3657 Sep 18 05:42 mongodb_probes.py
[2025-11-13T22:00:38.351+0000] {docker.py:438} INFO - -rw-r--r-- 1    1000 1000     6161 Sep 12 08:04 pod_restart.py
[2025-11-13T22:00:38.352+0000] {docker.py:438} INFO - -rw-r--r-- 1    1000 1000     1497 Sep 30 05:50 redis_config_faults.py
[2025-11-13T22:00:38.352+0000] {docker.py:438} INFO - -rw-r--r-- 1    1000 1000      862 Sep 30 05:50 redis_experiment.json
[2025-11-13T22:00:38.353+0000] {docker.py:438} INFO - -rw-r--r-- 1    1000 1000      945 Sep 18 06:53 redis_load.json
[2025-11-13T22:00:38.353+0000] {docker.py:438} INFO - -rw-r--r-- 1    1000 1000     1634 Nov 11 09:16 redis_memory_stress_Azure.yaml
[2025-11-13T22:00:38.354+0000] {docker.py:438} INFO - -rw-rw-r-- 1    1000 1000     1333 Oct 21 09:39 reinitialize_application.yaml
[2025-11-13T22:00:38.354+0000] {docker.py:438} INFO - -rw-r--r-- 1    1000 1000     1284 Sep 25 10:53 run_load_test_with_cleanup.py
[2025-11-13T22:00:38.354+0000] {docker.py:438} INFO - -rw-rw-r-- 1    1000 1000     1307 Oct 27 10:33 sample_probe.yaml
[2025-11-13T22:00:38.355+0000] {docker.py:438} INFO - drwxr-xr-x 2    1000 1000     4096 Oct 22 06:46 scripts
[2025-11-13T22:00:38.355+0000] {docker.py:438} INFO - -rw-rw-r-- 1    1000 1000      272 Oct 27 08:51 simple-stress-test.yaml
[2025-11-13T22:00:38.357+0000] {docker.py:438} INFO - drwxr-xr-x 4    1000 1000     4096 Sep 30 09:41 socialNetwork
[2025-11-13T22:00:38.358+0000] {docker.py:438} INFO - -rw-r--r-- 1    1000 1000      821 Sep 26 13:20 stress_test.json
[2025-11-13T22:00:38.358+0000] {docker.py:438} INFO - -rw-rw-r-- 1    1000 1000      301 Oct 27 08:46 test-stress-fixed.yaml
[2025-11-13T22:00:38.359+0000] {docker.py:438} INFO - -rw-rw-r-- 1    1000 1000      295 Oct 27 08:49 test_after_fix.yaml
[2025-11-13T22:00:38.359+0000] {docker.py:438} INFO - -rw-r--r-- 1    1000 1000      367 Sep 17 07:24 test_params.json
[2025-11-13T22:00:38.360+0000] {docker.py:438} INFO - Starting Reinitializing the Social Networking Application...
[2025-11-13T22:00:38.911+0000] {docker.py:438} INFO - [32m[2025-11-13 22:00:38 INFO] Validating the experiment's syntax
[2025-11-13T22:00:39.183+0000] {docker.py:438} INFO - [32m[2025-11-13 22:00:39 INFO] Experiment looks valid
[2025-11-13T22:00:39.184+0000] {docker.py:438} INFO - [32m[2025-11-13 22:00:39 INFO] Running experiment: Simple Social Network Reset
[2025-11-13T22:00:39.187+0000] {docker.py:438} INFO - [32m[2025-11-13 22:00:39 INFO] Steady-state strategy: default
[2025-11-13T22:00:39.187+0000] {docker.py:438} INFO - [32m[2025-11-13 22:00:39 INFO] Rollbacks strategy: default
[2025-11-13T22:00:39.188+0000] {docker.py:438} INFO - [32m[2025-11-13 22:00:39 INFO] No steady state hypothesis defined. That's ok, just exploring.
[2025-11-13T22:00:39.188+0000] {docker.py:438} INFO - [32m[2025-11-13 22:00:39 INFO] Playing your experiment's method now...
[2025-11-13T22:00:39.189+0000] {docker.py:438} INFO - [32m[2025-11-13 22:00:39 INFO] Action: complete-reset-and-reinit
[2025-11-13T22:00:39.189+0000] {docker.py:438} INFO - INFO:kubernetes_actions:Starting complete reset and reinitialization...
[2025-11-13T22:00:39.190+0000] {docker.py:438} INFO - INFO:kubernetes_actions:Starting full social network reset...
[2025-11-13T22:00:39.190+0000] {docker.py:438} INFO - INFO:kubernetes_actions:Clearing Redis data...
[2025-11-13T22:00:39.210+0000] {docker.py:438} INFO - INFO:kubernetes_actions:Loaded local Kubernetes config
[2025-11-13T22:00:39.222+0000] {docker.py:438} INFO - INFO:kubernetes_actions:Loaded local Kubernetes config
[2025-11-13T22:00:39.478+0000] {docker.py:438} INFO - INFO:kubernetes_actions:Found running pod: social-graph-redis-64bd79b48b-gpwdg for deployment: social-graph-redis
[2025-11-13T22:00:39.479+0000] {docker.py:438} INFO - INFO:kubernetes_actions:Executing command in pod social-graph-redis-64bd79b48b-gpwdg, container social-graph-redis: redis-cli FLUSHALL
[2025-11-13T22:00:39.919+0000] {docker.py:438} INFO - INFO:kubernetes_actions:Command executed successfully. Output: OK
[2025-11-13T22:00:39.936+0000] {docker.py:438} INFO - INFO:kubernetes_actions:Loaded local Kubernetes config
[2025-11-13T22:00:39.949+0000] {docker.py:438} INFO - INFO:kubernetes_actions:Loaded local Kubernetes config
[2025-11-13T22:00:40.258+0000] {docker.py:438} INFO - INFO:kubernetes_actions:Found running pod: home-timeline-redis-744dd9998f-xqjsk for deployment: home-timeline-redis
[2025-11-13T22:00:40.259+0000] {docker.py:438} INFO - INFO:kubernetes_actions:Executing command in pod home-timeline-redis-744dd9998f-xqjsk, container home-timeline-redis: redis-cli FLUSHALL
[2025-11-13T22:00:41.838+0000] {docker.py:438} INFO - INFO:kubernetes_actions:Command executed successfully. Output: OK
[2025-11-13T22:00:41.856+0000] {docker.py:438} INFO - INFO:kubernetes_actions:Loaded local Kubernetes config
[2025-11-13T22:00:41.870+0000] {docker.py:438} INFO - INFO:kubernetes_actions:Loaded local Kubernetes config
[2025-11-13T22:00:42.111+0000] {docker.py:438} INFO - INFO:kubernetes_actions:Found running pod: user-timeline-redis-7b8f6ff4fb-5s87m for deployment: user-timeline-redis
[2025-11-13T22:00:42.112+0000] {docker.py:438} INFO - INFO:kubernetes_actions:Executing command in pod user-timeline-redis-7b8f6ff4fb-5s87m, container user-timeline-redis: redis-cli FLUSHALL
[2025-11-13T22:00:43.546+0000] {docker.py:438} INFO - INFO:kubernetes_actions:Command executed successfully. Output: OK
[2025-11-13T22:00:43.547+0000] {docker.py:438} INFO - 
[2025-11-13T22:00:43.547+0000] {docker.py:438} INFO - INFO:kubernetes_actions:Clearing Memcached data...
[2025-11-13T22:00:43.560+0000] {docker.py:438} INFO - INFO:kubernetes_actions:Loaded local Kubernetes config
[2025-11-13T22:00:43.572+0000] {docker.py:438} INFO - INFO:kubernetes_actions:Loaded local Kubernetes config
[2025-11-13T22:00:43.837+0000] {docker.py:438} INFO - INFO:kubernetes_actions:Found running pod: post-storage-memcached-67c6cc65cc-j4jdz for deployment: post-storage-memcached
[2025-11-13T22:00:43.838+0000] {docker.py:438} INFO - INFO:kubernetes_actions:Executing command in pod post-storage-memcached-67c6cc65cc-j4jdz, container post-storage-memcached: sh -c echo 'flush_all' | nc localhost 11211
[2025-11-13T22:00:45.241+0000] {docker.py:438} INFO - INFO:kubernetes_actions:Command executed successfully. Output: sh: 1: nc: not found
[2025-11-13T22:00:45.253+0000] {docker.py:438} INFO - INFO:kubernetes_actions:Loaded local Kubernetes config
[2025-11-13T22:00:45.266+0000] {docker.py:438} INFO - INFO:kubernetes_actions:Loaded local Kubernetes config
[2025-11-13T22:00:45.515+0000] {docker.py:438} INFO - INFO:kubernetes_actions:Found running pod: user-memcached-56f89988c-kswck for deployment: user-memcached
[2025-11-13T22:00:45.515+0000] {docker.py:438} INFO - INFO:kubernetes_actions:Executing command in pod user-memcached-56f89988c-kswck, container user-memcached: sh -c echo 'flush_all' | nc localhost 11211
[2025-11-13T22:00:46.878+0000] {docker.py:438} INFO - INFO:kubernetes_actions:Command executed successfully. Output: sh: 1: nc: not found
[2025-11-13T22:00:46.879+0000] {docker.py:438} INFO - 
[2025-11-13T22:00:46.879+0000] {docker.py:438} INFO - INFO:kubernetes_actions:Dropping MongoDB databases...
[2025-11-13T22:00:46.891+0000] {docker.py:438} INFO - INFO:kubernetes_actions:Loaded local Kubernetes config
[2025-11-13T22:00:46.904+0000] {docker.py:438} INFO - INFO:kubernetes_actions:Loaded local Kubernetes config
[2025-11-13T22:00:47.210+0000] {docker.py:438} INFO - INFO:kubernetes_actions:Found running pod: post-storage-mongodb-7f7657964c-b2fld for deployment: post-storage-mongodb
[2025-11-13T22:00:47.211+0000] {docker.py:438} INFO - INFO:kubernetes_actions:Executing command in pod post-storage-mongodb-7f7657964c-b2fld, container post-storage-mongodb: mongo --eval db.getSiblingDB('post').dropDatabase()
[2025-11-13T22:00:48.892+0000] {docker.py:438} INFO - INFO:kubernetes_actions:Command executed successfully. Output: MongoDB shell version v4.4.6
[2025-11-13T22:00:48.892+0000] {docker.py:438} INFO - connecting to: mongodb://127.0.0.1:27017/?compressors=disabled&gssapiServiceName=mongodb
[2025-11-13T22:00:48.893+0000] {docker.py:438} INFO - Implicit session: session { "id" : UUID("4ffb67a8-9e07-4481-9d1e-6bd90d33a0fa") }
[2025-11-13T22:00:48.893+0000] {docker.py:438} INFO - MongoDB server version: 4.4.6
[2025-11-13T22:00:48.894+0000] {docker.py:438} INFO - { "dropped" : "post", "ok" : 1 }
[2025-11-13T22:00:48.905+0000] {docker.py:438} INFO - INFO:kubernetes_actions:Loaded local Kubernetes config
[2025-11-13T22:00:48.917+0000] {docker.py:438} INFO - INFO:kubernetes_actions:Loaded local Kubernetes config
[2025-11-13T22:00:49.207+0000] {docker.py:438} INFO - INFO:kubernetes_actions:Found running pod: post-storage-mongodb-7f7657964c-b2fld for deployment: post-storage-mongodb
[2025-11-13T22:00:49.208+0000] {docker.py:438} INFO - INFO:kubernetes_actions:Executing command in pod post-storage-mongodb-7f7657964c-b2fld, container post-storage-mongodb: mongo --eval db.getSiblingDB('READ__ME_TO_RECOVER_YOUR_DATA').dropDatabase()
[2025-11-13T22:00:50.712+0000] {docker.py:438} INFO - INFO:kubernetes_actions:Command executed successfully. Output: MongoDB shell version v4.4.6
[2025-11-13T22:00:50.712+0000] {docker.py:438} INFO - connecting to: mongodb://127.0.0.1:27017/?compressors=disabled&gssapiServiceName=mongodb
[2025-11-13T22:00:50.713+0000] {docker.py:438} INFO - Implicit session: session { "id" : UUID("8543cf18-0cab-47b1-be47-988cf23d4a85") }
[2025-11-13T22:00:50.713+0000] {docker.py:438} INFO - MongoDB server version: 4.4.6
[2025-11-13T22:00:50.714+0000] {docker.py:438} INFO - { "ok" : 1 }
[2025-11-13T22:00:50.727+0000] {docker.py:438} INFO - INFO:kubernetes_actions:Loaded local Kubernetes config
[2025-11-13T22:00:50.741+0000] {docker.py:438} INFO - INFO:kubernetes_actions:Loaded local Kubernetes config
[2025-11-13T22:00:51.052+0000] {docker.py:438} INFO - INFO:kubernetes_actions:Found running pod: user-mongodb-f95b7d968-tqlld for deployment: user-mongodb
[2025-11-13T22:00:51.054+0000] {docker.py:438} INFO - INFO:kubernetes_actions:Executing command in pod user-mongodb-f95b7d968-tqlld, container user-mongodb: mongo --eval db.getSiblingDB('user').dropDatabase()
[2025-11-13T22:00:52.626+0000] {docker.py:438} INFO - INFO:kubernetes_actions:Command executed successfully. Output: MongoDB shell version v4.4.6
[2025-11-13T22:00:52.627+0000] {docker.py:438} INFO - connecting to: mongodb://127.0.0.1:27017/?compressors=disabled&gssapiServiceName=mongodb
[2025-11-13T22:00:52.628+0000] {docker.py:438} INFO - Implicit session: session { "id" : UUID("aeae3c13-e357-46fc-8c32-2e062af4c7fa") }
[2025-11-13T22:00:52.628+0000] {docker.py:438} INFO - MongoDB server version: 4.4.6
[2025-11-13T22:00:52.629+0000] {docker.py:438} INFO - { "dropped" : "user", "ok" : 1 }
[2025-11-13T22:00:52.640+0000] {docker.py:438} INFO - INFO:kubernetes_actions:Loaded local Kubernetes config
[2025-11-13T22:00:52.660+0000] {docker.py:438} INFO - INFO:kubernetes_actions:Loaded local Kubernetes config
[2025-11-13T22:00:52.947+0000] {docker.py:438} INFO - INFO:kubernetes_actions:Found running pod: user-mongodb-f95b7d968-tqlld for deployment: user-mongodb
[2025-11-13T22:00:52.948+0000] {docker.py:438} INFO - INFO:kubernetes_actions:Executing command in pod user-mongodb-f95b7d968-tqlld, container user-mongodb: mongo --eval db.getSiblingDB('READ__ME_TO_RECOVER_YOUR_DATA').dropDatabase()
[2025-11-13T22:00:54.438+0000] {docker.py:438} INFO - INFO:kubernetes_actions:Command executed successfully. Output: MongoDB shell version v4.4.6
[2025-11-13T22:00:54.439+0000] {docker.py:438} INFO - connecting to: mongodb://127.0.0.1:27017/?compressors=disabled&gssapiServiceName=mongodb
[2025-11-13T22:00:54.439+0000] {docker.py:438} INFO - Implicit session: session { "id" : UUID("77339bbc-8e37-4600-ab09-3246a14c19b4") }
[2025-11-13T22:00:54.440+0000] {docker.py:438} INFO - MongoDB server version: 4.4.6
[2025-11-13T22:00:54.440+0000] {docker.py:438} INFO - { "ok" : 1 }
[2025-11-13T22:00:54.452+0000] {docker.py:438} INFO - INFO:kubernetes_actions:Loaded local Kubernetes config
[2025-11-13T22:00:54.465+0000] {docker.py:438} INFO - INFO:kubernetes_actions:Loaded local Kubernetes config
[2025-11-13T22:00:54.722+0000] {docker.py:438} INFO - INFO:kubernetes_actions:Found running pod: social-graph-mongodb-77fd77d9f4-jj4vn for deployment: social-graph-mongodb
[2025-11-13T22:00:54.723+0000] {docker.py:438} INFO - INFO:kubernetes_actions:Executing command in pod social-graph-mongodb-77fd77d9f4-jj4vn, container social-graph-mongodb: mongo --eval db.getSiblingDB('social-graph').dropDatabase()
[2025-11-13T22:00:56.435+0000] {docker.py:438} INFO - INFO:kubernetes_actions:Command executed successfully. Output: MongoDB shell version v4.4.6
[2025-11-13T22:00:56.436+0000] {docker.py:438} INFO - connecting to: mongodb://127.0.0.1:27017/?compressors=disabled&gssapiServiceName=mongodb
[2025-11-13T22:00:56.437+0000] {docker.py:438} INFO - Implicit session: session { "id" : UUID("59cf8f93-ba0f-46da-890f-adea89ce5762") }
[2025-11-13T22:00:56.437+0000] {docker.py:438} INFO - MongoDB server version: 4.4.6
[2025-11-13T22:00:56.439+0000] {docker.py:438} INFO - { "dropped" : "social-graph", "ok" : 1 }
[2025-11-13T22:00:56.452+0000] {docker.py:438} INFO - INFO:kubernetes_actions:Loaded local Kubernetes config
[2025-11-13T22:00:56.468+0000] {docker.py:438} INFO - INFO:kubernetes_actions:Loaded local Kubernetes config
[2025-11-13T22:00:56.753+0000] {docker.py:438} INFO - INFO:kubernetes_actions:Found running pod: social-graph-mongodb-77fd77d9f4-jj4vn for deployment: social-graph-mongodb
[2025-11-13T22:00:56.754+0000] {docker.py:438} INFO - INFO:kubernetes_actions:Executing command in pod social-graph-mongodb-77fd77d9f4-jj4vn, container social-graph-mongodb: mongo --eval db.getSiblingDB('READ__ME_TO_RECOVER_YOUR_DATA').dropDatabase()
[2025-11-13T22:00:58.239+0000] {docker.py:438} INFO - INFO:kubernetes_actions:Command executed successfully. Output: MongoDB shell version v4.4.6
[2025-11-13T22:00:58.240+0000] {docker.py:438} INFO - connecting to: mongodb://127.0.0.1:27017/?compressors=disabled&gssapiServiceName=mongodb
[2025-11-13T22:00:58.240+0000] {docker.py:438} INFO - Implicit session: session { "id" : UUID("0ebf2775-5364-4d2d-b1e2-2aeb41930ef8") }
[2025-11-13T22:00:58.241+0000] {docker.py:438} INFO - MongoDB server version: 4.4.6
[2025-11-13T22:00:58.241+0000] {docker.py:438} INFO - { "ok" : 1 }
[2025-11-13T22:00:58.253+0000] {docker.py:438} INFO - INFO:kubernetes_actions:Loaded local Kubernetes config
[2025-11-13T22:00:58.267+0000] {docker.py:438} INFO - INFO:kubernetes_actions:Loaded local Kubernetes config
[2025-11-13T22:00:58.572+0000] {docker.py:438} INFO - INFO:kubernetes_actions:Found running pod: user-timeline-mongodb-6ff9797bfc-bnf8b for deployment: user-timeline-mongodb
[2025-11-13T22:00:58.572+0000] {docker.py:438} INFO - INFO:kubernetes_actions:Executing command in pod user-timeline-mongodb-6ff9797bfc-bnf8b, container user-timeline-mongodb: mongo --eval db.getSiblingDB('user-timeline').dropDatabase()
[2025-11-13T22:00:59.470+0000] {docker.py:438} INFO - INFO:kubernetes_actions:Command executed successfully. Output: MongoDB shell version v4.4.6
[2025-11-13T22:00:59.471+0000] {docker.py:438} INFO - connecting to: mongodb://127.0.0.1:27017/?compressors=disabled&gssapiServiceName=mongodb
[2025-11-13T22:00:59.471+0000] {docker.py:438} INFO - Implicit session: session { "id" : UUID("f4854b36-ffe5-42d5-83a4-2c41d032970a") }
[2025-11-13T22:00:59.472+0000] {docker.py:438} INFO - MongoDB server version: 4.4.6
[2025-11-13T22:00:59.472+0000] {docker.py:438} INFO - { "dropped" : "user-timeline", "ok" : 1 }
[2025-11-13T22:00:59.483+0000] {docker.py:438} INFO - INFO:kubernetes_actions:Loaded local Kubernetes config
[2025-11-13T22:00:59.495+0000] {docker.py:438} INFO - INFO:kubernetes_actions:Loaded local Kubernetes config
[2025-11-13T22:00:59.802+0000] {docker.py:438} INFO - INFO:kubernetes_actions:Found running pod: user-timeline-mongodb-6ff9797bfc-bnf8b for deployment: user-timeline-mongodb
[2025-11-13T22:00:59.803+0000] {docker.py:438} INFO - INFO:kubernetes_actions:Executing command in pod user-timeline-mongodb-6ff9797bfc-bnf8b, container user-timeline-mongodb: mongo --eval db.getSiblingDB('READ__ME_TO_RECOVER_YOUR_DATA').dropDatabase()
[2025-11-13T22:01:01.773+0000] {docker.py:438} INFO - INFO:kubernetes_actions:Command executed successfully. Output: MongoDB shell version v4.4.6
[2025-11-13T22:01:01.773+0000] {docker.py:438} INFO - connecting to: mongodb://127.0.0.1:27017/?compressors=disabled&gssapiServiceName=mongodb
[2025-11-13T22:01:01.773+0000] {docker.py:438} INFO - Implicit session: session { "id" : UUID("f4a2eeca-d28d-4bc8-949a-d49654085b42") }
[2025-11-13T22:01:01.774+0000] {docker.py:438} INFO - MongoDB server version: 4.4.6
[2025-11-13T22:01:01.774+0000] {docker.py:438} INFO - { "ok" : 1 }
[2025-11-13T22:01:01.774+0000] {docker.py:438} INFO - 
[2025-11-13T22:01:01.774+0000] {docker.py:438} INFO - INFO:kubernetes_actions:Full social network reset completed
[2025-11-13T22:01:06.794+0000] {docker.py:438} INFO - INFO:kubernetes_actions:Loaded local Kubernetes config
[2025-11-13T22:01:06.795+0000] {docker.py:438} INFO - INFO:kubernetes_actions:Restarting deployment: social-graph-service
[2025-11-13T22:01:07.251+0000] {docker.py:438} INFO - INFO:kubernetes_actions:✅ Successfully restarted social-graph-service
[2025-11-13T22:01:07.251+0000] {docker.py:438} INFO - INFO:kubernetes_actions:Restarting deployment: user-service
[2025-11-13T22:01:07.448+0000] {docker.py:438} INFO - INFO:kubernetes_actions:✅ Successfully restarted user-service
[2025-11-13T22:01:07.449+0000] {docker.py:438} INFO - INFO:kubernetes_actions:Restarting deployment: post-storage-service
[2025-11-13T22:01:07.665+0000] {docker.py:438} INFO - INFO:kubernetes_actions:✅ Successfully restarted post-storage-service
[2025-11-13T22:01:07.666+0000] {docker.py:438} INFO - INFO:kubernetes_actions:Restarting deployment: compose-post-service
[2025-11-13T22:01:07.872+0000] {docker.py:438} INFO - INFO:kubernetes_actions:✅ Successfully restarted compose-post-service
[2025-11-13T22:01:07.873+0000] {docker.py:438} INFO - INFO:kubernetes_actions:Restarting deployment: home-timeline-service
[2025-11-13T22:01:08.078+0000] {docker.py:438} INFO - INFO:kubernetes_actions:✅ Successfully restarted home-timeline-service
[2025-11-13T22:01:08.079+0000] {docker.py:438} INFO - INFO:kubernetes_actions:Restarting deployment: user-timeline-service
[2025-11-13T22:01:08.311+0000] {docker.py:438} INFO - INFO:kubernetes_actions:✅ Successfully restarted user-timeline-service
[2025-11-13T22:01:08.312+0000] {docker.py:438} INFO - INFO:kubernetes_actions:Restarting deployment: nginx-thrift
[2025-11-13T22:01:08.634+0000] {docker.py:438} INFO - INFO:kubernetes_actions:✅ Successfully restarted nginx-thrift
[2025-11-13T22:01:08.635+0000] {docker.py:438} INFO - INFO:kubernetes_actions:Restarting deployment: text-service
[2025-11-13T22:01:08.872+0000] {docker.py:438} INFO - INFO:kubernetes_actions:✅ Successfully restarted text-service
[2025-11-13T22:01:08.872+0000] {docker.py:438} INFO - INFO:kubernetes_actions:Restarting deployment: unique-id-service
[2025-11-13T22:01:09.123+0000] {docker.py:438} INFO - INFO:kubernetes_actions:✅ Successfully restarted unique-id-service
[2025-11-13T22:01:09.124+0000] {docker.py:438} INFO - INFO:kubernetes_actions:Restarting deployment: user-mention-service
[2025-11-13T22:01:09.352+0000] {docker.py:438} INFO - INFO:kubernetes_actions:✅ Successfully restarted user-mention-service
[2025-11-13T22:01:09.352+0000] {docker.py:438} INFO - INFO:kubernetes_actions:Waiting 90 seconds for services to restart...
[2025-11-13T22:02:39.352+0000] {docker.py:438} INFO - INFO:kubernetes_actions:Reinitializing social network data...
[2025-11-13T22:23:34.078+0000] {docker.py:438} INFO - INFO:kubernetes_actions:Social network reinitialization completed successfully
[2025-11-13T22:23:34.079+0000] {docker.py:438} INFO - [32m[2025-11-13 22:23:34 INFO] Let's rollback...
[2025-11-13T22:23:34.081+0000] {docker.py:438} INFO - [32m[2025-11-13 22:23:34 INFO] No declared rollbacks, let's move on.
[2025-11-13T22:23:34.082+0000] {docker.py:438} INFO - [32m[2025-11-13 22:23:34 INFO] Experiment ended with status: completed
[2025-11-13T22:23:34.288+0000] {docker.py:438} INFO - Reinitialized Social Networking APplication successfully
[2025-11-13T22:23:34.962+0000] {taskinstance.py:340} INFO - ::group::Post task execution logs
[2025-11-13T22:23:34.962+0000] {taskinstance.py:352} INFO - Marking task as SUCCESS. dag_id=Reinitialize_Application, task_id=apply_container_restart_docker, run_id=manual__2025-11-13T22:00:21.421362+00:00, execution_date=20251113T220021, start_date=20251113T220023, end_date=20251113T222334
[2025-11-13T22:23:35.017+0000] {local_task_job_runner.py:266} INFO - Task exited with return code 0
[2025-11-13T22:23:35.058+0000] {taskinstance.py:3900} INFO - 0 downstream tasks scheduled from follow-on schedule check
[2025-11-13T22:23:35.061+0000] {local_task_job_runner.py:245} INFO - ::endgroup::
