[2025-10-22T06:51:38.675+0000] {local_task_job_runner.py:123} INFO - ::group::Pre task execution logs
[2025-10-22T06:51:38.727+0000] {taskinstance.py:2612} INFO - Dependencies all met for dep_context=non-requeueable deps ti=<TaskInstance: Cordon_Uncordon_Node.apply_cordon_uncordon_node scheduled__2025-10-22T03:00:00+00:00 [queued]>
[2025-10-22T06:51:38.746+0000] {taskinstance.py:2612} INFO - Dependencies all met for dep_context=requeueable deps ti=<TaskInstance: Cordon_Uncordon_Node.apply_cordon_uncordon_node scheduled__2025-10-22T03:00:00+00:00 [queued]>
[2025-10-22T06:51:38.747+0000] {taskinstance.py:2865} INFO - Starting attempt 1 of 1
[2025-10-22T06:51:38.793+0000] {taskinstance.py:2888} INFO - Executing <Task(DockerOperator): apply_cordon_uncordon_node> on 2025-10-22 03:00:00+00:00
[2025-10-22T06:51:38.812+0000] {standard_task_runner.py:72} INFO - Started process 3287 to run task
[2025-10-22T06:51:38.826+0000] {standard_task_runner.py:104} INFO - Running: ['***', 'tasks', 'run', 'Cordon_Uncordon_Node', 'apply_cordon_uncordon_node', 'scheduled__2025-10-22T03:00:00+00:00', '--job-id', '10323', '--raw', '--subdir', 'DAGS_FOLDER/dag_factory.py', '--cfg-path', '/tmp/tmp3tnm3nem']
[2025-10-22T06:51:38.829+0000] {standard_task_runner.py:105} INFO - Job 10323: Subtask apply_cordon_uncordon_node
[2025-10-22T06:51:39.004+0000] {task_command.py:467} INFO - Running <TaskInstance: Cordon_Uncordon_Node.apply_cordon_uncordon_node scheduled__2025-10-22T03:00:00+00:00 [running]> on host workflow.y2twbfvcjkaujnl2bmtbxunhcb.cx.internal.cloudapp.net
[2025-10-22T06:51:39.292+0000] {taskinstance.py:3131} INFO - Exporting env vars: AIRFLOW_CTX_DAG_OWNER='***' AIRFLOW_CTX_DAG_ID='Cordon_Uncordon_Node' AIRFLOW_CTX_TASK_ID='apply_cordon_uncordon_node' AIRFLOW_CTX_EXECUTION_DATE='2025-10-22T03:00:00+00:00' AIRFLOW_CTX_TRY_NUMBER='1' AIRFLOW_CTX_DAG_RUN_ID='scheduled__2025-10-22T03:00:00+00:00'
[2025-10-22T06:51:39.295+0000] {taskinstance.py:731} INFO - ::endgroup::
[2025-10-22T06:51:39.420+0000] {docker.py:367} INFO - Starting docker container from image ***_chaos:latest
[2025-10-22T06:51:40.128+0000] {docker.py:438} INFO - The container is run as root user. For security, consider using a regular user account.
[2025-10-22T06:52:12.583+0000] {docker.py:438} INFO - 
[2025-10-22T06:52:14.201+0000] {docker.py:438} INFO - [32m[2025-10-22 06:52:14 INFO] Validating the experiment's syntax
[2025-10-22T06:52:15.453+0000] {docker.py:438} INFO - [32m[2025-10-22 06:52:15 INFO] Experiment looks valid
[2025-10-22T06:52:15.458+0000] {docker.py:438} INFO - [32m[2025-10-22 06:52:15 INFO] Running experiment: Cordon-Pod Restart Combined Experiment
[2025-10-22T06:52:15.470+0000] {docker.py:438} INFO - [32m[2025-10-22 06:52:15 INFO] Steady-state strategy: default
[2025-10-22T06:52:15.472+0000] {docker.py:438} INFO - [32m[2025-10-22 06:52:15 INFO] Rollbacks strategy: default
[2025-10-22T06:52:15.472+0000] {docker.py:438} INFO - [32m[2025-10-22 06:52:15 INFO] No steady state hypothesis defined. That's ok, just exploring.
[2025-10-22T06:52:15.473+0000] {docker.py:438} INFO - [32m[2025-10-22 06:52:15 INFO] Playing your experiment's method now...
[2025-10-22T06:52:15.473+0000] {docker.py:438} INFO - [32m[2025-10-22 06:52:15 INFO] Action: cordon-nodes
[2025-10-22T06:52:16.575+0000] {docker.py:438} INFO - [32m[2025-10-22 06:52:16 INFO] Action: continuous-pod-restart-during-cordon
[2025-10-22T06:57:03.168+0000] {docker.py:438} INFO - 🚀 Starting continuous pod restart experiment
[2025-10-22T06:57:03.168+0000] {docker.py:438} INFO - 📅 Interval: 20 seconds
[2025-10-22T06:57:03.169+0000] {docker.py:438} INFO - ⏱️  Duration: 300 seconds
[2025-10-22T06:57:03.169+0000] {docker.py:438} INFO - 🎯 Target: app=post-storage-service
[2025-10-22T06:57:03.171+0000] {docker.py:438} INFO - 📍 Namespace: default
[2025-10-22T06:57:03.171+0000] {docker.py:438} INFO - 
[2025-10-22T06:57:03.171+0000] {docker.py:438} INFO - ==================================================
[2025-10-22T06:57:03.172+0000] {docker.py:438} INFO - 🔄 Restart #1 at 2025-10-22 06:52:16
[2025-10-22T06:57:03.173+0000] {docker.py:438} INFO - ==================================================
[2025-10-22T06:57:03.173+0000] {docker.py:438} INFO - Hello world - terminate function started!
[2025-10-22T06:57:03.174+0000] {docker.py:438} INFO - Selecting pods with label_selector: app=post-storage-service
[2025-10-22T06:57:03.174+0000] {docker.py:438} INFO - Found 1 pods initially
[2025-10-22T06:57:03.174+0000] {docker.py:438} INFO - Random selection: 1 pods
[2025-10-22T06:57:03.175+0000] {docker.py:438} INFO - Deleting pod: post-storage-service-7985448bc7-vx29r
[2025-10-22T06:57:03.175+0000] {docker.py:438} INFO - Deleted 1 pods: ['post-storage-service-7985448bc7-vx29r']
[2025-10-22T06:57:03.176+0000] {docker.py:438} INFO - ✅ Successfully restarted pods: ['post-storage-service-7985448bc7-vx29r']
[2025-10-22T06:57:03.176+0000] {docker.py:438} INFO - ⏳ Waiting 20 seconds until next restart...
[2025-10-22T06:57:03.177+0000] {docker.py:438} INFO - 📊 Time remaining: 300 seconds
[2025-10-22T06:57:03.177+0000] {docker.py:438} INFO - 
[2025-10-22T06:57:03.177+0000] {docker.py:438} INFO - ==================================================
[2025-10-22T06:57:03.178+0000] {docker.py:438} INFO - 🔄 Restart #2 at 2025-10-22 06:52:36
[2025-10-22T06:57:03.178+0000] {docker.py:438} INFO - ==================================================
[2025-10-22T06:57:03.179+0000] {docker.py:438} INFO - Hello world - terminate function started!
[2025-10-22T06:57:03.179+0000] {docker.py:438} INFO - Selecting pods with label_selector: app=post-storage-service
[2025-10-22T06:57:03.180+0000] {docker.py:438} INFO - Found 3 pods initially
[2025-10-22T06:57:03.180+0000] {docker.py:438} INFO - Random selection: 1 pods
[2025-10-22T06:57:03.180+0000] {docker.py:438} INFO - Deleting pod: post-storage-service-7985448bc7-zprx7
[2025-10-22T06:57:03.181+0000] {docker.py:438} INFO - Deleted 1 pods: ['post-storage-service-7985448bc7-zprx7']
[2025-10-22T06:57:03.181+0000] {docker.py:438} INFO - ✅ Successfully restarted pods: ['post-storage-service-7985448bc7-zprx7']
[2025-10-22T06:57:03.182+0000] {docker.py:438} INFO - ⏳ Waiting 20 seconds until next restart...
[2025-10-22T06:57:03.182+0000] {docker.py:438} INFO - 📊 Time remaining: 279 seconds
[2025-10-22T06:57:03.182+0000] {docker.py:438} INFO - 
[2025-10-22T06:57:03.183+0000] {docker.py:438} INFO - ==================================================
[2025-10-22T06:57:03.183+0000] {docker.py:438} INFO - 🔄 Restart #3 at 2025-10-22 06:52:57
[2025-10-22T06:57:03.184+0000] {docker.py:438} INFO - ==================================================
[2025-10-22T06:57:03.184+0000] {docker.py:438} INFO - Hello world - terminate function started!
[2025-10-22T06:57:03.185+0000] {docker.py:438} INFO - Selecting pods with label_selector: app=post-storage-service
[2025-10-22T06:57:03.185+0000] {docker.py:438} INFO - Found 2 pods initially
[2025-10-22T06:57:03.185+0000] {docker.py:438} INFO - Random selection: 1 pods
[2025-10-22T06:57:03.186+0000] {docker.py:438} INFO - Deleting pod: post-storage-service-7985448bc7-6cccb
[2025-10-22T06:57:03.186+0000] {docker.py:438} INFO - Deleted 1 pods: ['post-storage-service-7985448bc7-6cccb']
[2025-10-22T06:57:03.187+0000] {docker.py:438} INFO - ✅ Successfully restarted pods: ['post-storage-service-7985448bc7-6cccb']
[2025-10-22T06:57:03.187+0000] {docker.py:438} INFO - ⏳ Waiting 20 seconds until next restart...
[2025-10-22T06:57:03.188+0000] {docker.py:438} INFO - 📊 Time remaining: 259 seconds
[2025-10-22T06:57:03.188+0000] {docker.py:438} INFO - 
[2025-10-22T06:57:03.188+0000] {docker.py:438} INFO - ==================================================
[2025-10-22T06:57:03.189+0000] {docker.py:438} INFO - 🔄 Restart #4 at 2025-10-22 06:53:17
[2025-10-22T06:57:03.189+0000] {docker.py:438} INFO - ==================================================
[2025-10-22T06:57:03.190+0000] {docker.py:438} INFO - Hello world - terminate function started!
[2025-10-22T06:57:03.190+0000] {docker.py:438} INFO - Selecting pods with label_selector: app=post-storage-service
[2025-10-22T06:57:03.190+0000] {docker.py:438} INFO - Found 3 pods initially
[2025-10-22T06:57:03.191+0000] {docker.py:438} INFO - Random selection: 1 pods
[2025-10-22T06:57:03.191+0000] {docker.py:438} INFO - Deleting pod: post-storage-service-7985448bc7-6cccb
[2025-10-22T06:57:03.192+0000] {docker.py:438} INFO - Deleted 1 pods: ['post-storage-service-7985448bc7-6cccb']
[2025-10-22T06:57:03.192+0000] {docker.py:438} INFO - ✅ Successfully restarted pods: ['post-storage-service-7985448bc7-6cccb']
[2025-10-22T06:57:03.193+0000] {docker.py:438} INFO - ⏳ Waiting 20 seconds until next restart...
[2025-10-22T06:57:03.193+0000] {docker.py:438} INFO - 📊 Time remaining: 238 seconds
[2025-10-22T06:57:03.193+0000] {docker.py:438} INFO - 
[2025-10-22T06:57:03.194+0000] {docker.py:438} INFO - ==================================================
[2025-10-22T06:57:03.194+0000] {docker.py:438} INFO - 🔄 Restart #5 at 2025-10-22 06:53:38
[2025-10-22T06:57:03.195+0000] {docker.py:438} INFO - ==================================================
[2025-10-22T06:57:03.195+0000] {docker.py:438} INFO - Hello world - terminate function started!
[2025-10-22T06:57:03.195+0000] {docker.py:438} INFO - Selecting pods with label_selector: app=post-storage-service
[2025-10-22T06:57:03.196+0000] {docker.py:438} INFO - Found 1 pods initially
[2025-10-22T06:57:03.196+0000] {docker.py:438} INFO - Random selection: 1 pods
[2025-10-22T06:57:03.197+0000] {docker.py:438} INFO - Deleting pod: post-storage-service-7985448bc7-8glx6
[2025-10-22T06:57:03.197+0000] {docker.py:438} INFO - Deleted 1 pods: ['post-storage-service-7985448bc7-8glx6']
[2025-10-22T06:57:03.198+0000] {docker.py:438} INFO - ✅ Successfully restarted pods: ['post-storage-service-7985448bc7-8glx6']
[2025-10-22T06:57:03.198+0000] {docker.py:438} INFO - ⏳ Waiting 20 seconds until next restart...
[2025-10-22T06:57:03.198+0000] {docker.py:438} INFO - 📊 Time remaining: 218 seconds
[2025-10-22T06:57:03.199+0000] {docker.py:438} INFO - 
[2025-10-22T06:57:03.199+0000] {docker.py:438} INFO - ==================================================
[2025-10-22T06:57:03.200+0000] {docker.py:438} INFO - 🔄 Restart #6 at 2025-10-22 06:53:58
[2025-10-22T06:57:03.200+0000] {docker.py:438} INFO - ==================================================
[2025-10-22T06:57:03.200+0000] {docker.py:438} INFO - Hello world - terminate function started!
[2025-10-22T06:57:03.201+0000] {docker.py:438} INFO - Selecting pods with label_selector: app=post-storage-service
[2025-10-22T06:57:03.201+0000] {docker.py:438} INFO - Found 3 pods initially
[2025-10-22T06:57:03.202+0000] {docker.py:438} INFO - Random selection: 1 pods
[2025-10-22T06:57:03.202+0000] {docker.py:438} INFO - Deleting pod: post-storage-service-7985448bc7-pc82t
[2025-10-22T06:57:03.202+0000] {docker.py:438} INFO - Deleted 1 pods: ['post-storage-service-7985448bc7-pc82t']
[2025-10-22T06:57:03.203+0000] {docker.py:438} INFO - ✅ Successfully restarted pods: ['post-storage-service-7985448bc7-pc82t']
[2025-10-22T06:57:03.203+0000] {docker.py:438} INFO - ⏳ Waiting 20 seconds until next restart...
[2025-10-22T06:57:03.204+0000] {docker.py:438} INFO - 📊 Time remaining: 197 seconds
[2025-10-22T06:57:03.204+0000] {docker.py:438} INFO - 
[2025-10-22T06:57:03.206+0000] {docker.py:438} INFO - ==================================================
[2025-10-22T06:57:03.206+0000] {docker.py:438} INFO - 🔄 Restart #7 at 2025-10-22 06:54:19
[2025-10-22T06:57:03.208+0000] {docker.py:438} INFO - ==================================================
[2025-10-22T06:57:03.208+0000] {docker.py:438} INFO - Hello world - terminate function started!
[2025-10-22T06:57:03.208+0000] {docker.py:438} INFO - Selecting pods with label_selector: app=post-storage-service
[2025-10-22T06:57:03.209+0000] {docker.py:438} INFO - Found 2 pods initially
[2025-10-22T06:57:03.209+0000] {docker.py:438} INFO - Random selection: 1 pods
[2025-10-22T06:57:03.211+0000] {docker.py:438} INFO - Deleting pod: post-storage-service-7985448bc7-pc82t
[2025-10-22T06:57:03.211+0000] {docker.py:438} INFO - Deleted 1 pods: ['post-storage-service-7985448bc7-pc82t']
[2025-10-22T06:57:03.212+0000] {docker.py:438} INFO - ✅ Successfully restarted pods: ['post-storage-service-7985448bc7-pc82t']
[2025-10-22T06:57:03.212+0000] {docker.py:438} INFO - ⏳ Waiting 20 seconds until next restart...
[2025-10-22T06:57:03.212+0000] {docker.py:438} INFO - 📊 Time remaining: 177 seconds
[2025-10-22T06:57:03.214+0000] {docker.py:438} INFO - 
[2025-10-22T06:57:03.214+0000] {docker.py:438} INFO - ==================================================
[2025-10-22T06:57:03.215+0000] {docker.py:438} INFO - 🔄 Restart #8 at 2025-10-22 06:54:39
[2025-10-22T06:57:03.215+0000] {docker.py:438} INFO - ==================================================
[2025-10-22T06:57:03.215+0000] {docker.py:438} INFO - Hello world - terminate function started!
[2025-10-22T06:57:03.216+0000] {docker.py:438} INFO - Selecting pods with label_selector: app=post-storage-service
[2025-10-22T06:57:03.216+0000] {docker.py:438} INFO - Found 1 pods initially
[2025-10-22T06:57:03.217+0000] {docker.py:438} INFO - Random selection: 1 pods
[2025-10-22T06:57:03.217+0000] {docker.py:438} INFO - Deleting pod: post-storage-service-7985448bc7-5mf9p
[2025-10-22T06:57:03.218+0000] {docker.py:438} INFO - Deleted 1 pods: ['post-storage-service-7985448bc7-5mf9p']
[2025-10-22T06:57:03.218+0000] {docker.py:438} INFO - ✅ Successfully restarted pods: ['post-storage-service-7985448bc7-5mf9p']
[2025-10-22T06:57:03.218+0000] {docker.py:438} INFO - ⏳ Waiting 20 seconds until next restart...
[2025-10-22T06:57:03.219+0000] {docker.py:438} INFO - 📊 Time remaining: 156 seconds
[2025-10-22T06:57:03.219+0000] {docker.py:438} INFO - 
[2025-10-22T06:57:03.220+0000] {docker.py:438} INFO - ==================================================
[2025-10-22T06:57:03.220+0000] {docker.py:438} INFO - 🔄 Restart #9 at 2025-10-22 06:55:00
[2025-10-22T06:57:03.221+0000] {docker.py:438} INFO - ==================================================
[2025-10-22T06:57:03.221+0000] {docker.py:438} INFO - Hello world - terminate function started!
[2025-10-22T06:57:03.222+0000] {docker.py:438} INFO - Selecting pods with label_selector: app=post-storage-service
[2025-10-22T06:57:03.222+0000] {docker.py:438} INFO - Found 3 pods initially
[2025-10-22T06:57:03.223+0000] {docker.py:438} INFO - Random selection: 1 pods
[2025-10-22T06:57:03.224+0000] {docker.py:438} INFO - Deleting pod: post-storage-service-7985448bc7-t8hmr
[2025-10-22T06:57:03.224+0000] {docker.py:438} INFO - Deleted 1 pods: ['post-storage-service-7985448bc7-t8hmr']
[2025-10-22T06:57:03.225+0000] {docker.py:438} INFO - ✅ Successfully restarted pods: ['post-storage-service-7985448bc7-t8hmr']
[2025-10-22T06:57:03.225+0000] {docker.py:438} INFO - ⏳ Waiting 20 seconds until next restart...
[2025-10-22T06:57:03.226+0000] {docker.py:438} INFO - 📊 Time remaining: 136 seconds
[2025-10-22T06:57:03.226+0000] {docker.py:438} INFO - 
[2025-10-22T06:57:03.226+0000] {docker.py:438} INFO - ==================================================
[2025-10-22T06:57:03.227+0000] {docker.py:438} INFO - 🔄 Restart #10 at 2025-10-22 06:55:20
[2025-10-22T06:57:03.227+0000] {docker.py:438} INFO - ==================================================
[2025-10-22T06:57:03.228+0000] {docker.py:438} INFO - Hello world - terminate function started!
[2025-10-22T06:57:03.228+0000] {docker.py:438} INFO - Selecting pods with label_selector: app=post-storage-service
[2025-10-22T06:57:03.229+0000] {docker.py:438} INFO - Found 2 pods initially
[2025-10-22T06:57:03.229+0000] {docker.py:438} INFO - Random selection: 1 pods
[2025-10-22T06:57:03.230+0000] {docker.py:438} INFO - Deleting pod: post-storage-service-7985448bc7-t8hmr
[2025-10-22T06:57:03.230+0000] {docker.py:438} INFO - Deleted 1 pods: ['post-storage-service-7985448bc7-t8hmr']
[2025-10-22T06:57:03.230+0000] {docker.py:438} INFO - ✅ Successfully restarted pods: ['post-storage-service-7985448bc7-t8hmr']
[2025-10-22T06:57:03.231+0000] {docker.py:438} INFO - ⏳ Waiting 20 seconds until next restart...
[2025-10-22T06:57:03.231+0000] {docker.py:438} INFO - 📊 Time remaining: 115 seconds
[2025-10-22T06:57:03.232+0000] {docker.py:438} INFO - 
[2025-10-22T06:57:03.232+0000] {docker.py:438} INFO - ==================================================
[2025-10-22T06:57:03.232+0000] {docker.py:438} INFO - 🔄 Restart #11 at 2025-10-22 06:55:41
[2025-10-22T06:57:03.233+0000] {docker.py:438} INFO - ==================================================
[2025-10-22T06:57:03.233+0000] {docker.py:438} INFO - Hello world - terminate function started!
[2025-10-22T06:57:03.234+0000] {docker.py:438} INFO - Selecting pods with label_selector: app=post-storage-service
[2025-10-22T06:57:03.234+0000] {docker.py:438} INFO - Found 2 pods initially
[2025-10-22T06:57:03.234+0000] {docker.py:438} INFO - Random selection: 1 pods
[2025-10-22T06:57:03.235+0000] {docker.py:438} INFO - Deleting pod: post-storage-service-7985448bc7-8fqw8
[2025-10-22T06:57:03.235+0000] {docker.py:438} INFO - Deleted 1 pods: ['post-storage-service-7985448bc7-8fqw8']
[2025-10-22T06:57:03.236+0000] {docker.py:438} INFO - ✅ Successfully restarted pods: ['post-storage-service-7985448bc7-8fqw8']
[2025-10-22T06:57:03.236+0000] {docker.py:438} INFO - ⏳ Waiting 20 seconds until next restart...
[2025-10-22T06:57:03.237+0000] {docker.py:438} INFO - 📊 Time remaining: 95 seconds
[2025-10-22T06:57:03.237+0000] {docker.py:438} INFO - 
[2025-10-22T06:57:03.238+0000] {docker.py:438} INFO - ==================================================
[2025-10-22T06:57:03.238+0000] {docker.py:438} INFO - 🔄 Restart #12 at 2025-10-22 06:56:01
[2025-10-22T06:57:03.239+0000] {docker.py:438} INFO - ==================================================
[2025-10-22T06:57:03.239+0000] {docker.py:438} INFO - Hello world - terminate function started!
[2025-10-22T06:57:03.239+0000] {docker.py:438} INFO - Selecting pods with label_selector: app=post-storage-service
[2025-10-22T06:57:03.240+0000] {docker.py:438} INFO - Found 2 pods initially
[2025-10-22T06:57:03.240+0000] {docker.py:438} INFO - Random selection: 1 pods
[2025-10-22T06:57:03.241+0000] {docker.py:438} INFO - Deleting pod: post-storage-service-7985448bc7-59ck4
[2025-10-22T06:57:03.241+0000] {docker.py:438} INFO - Deleted 1 pods: ['post-storage-service-7985448bc7-59ck4']
[2025-10-22T06:57:03.241+0000] {docker.py:438} INFO - ✅ Successfully restarted pods: ['post-storage-service-7985448bc7-59ck4']
[2025-10-22T06:57:03.242+0000] {docker.py:438} INFO - ⏳ Waiting 20 seconds until next restart...
[2025-10-22T06:57:03.242+0000] {docker.py:438} INFO - 📊 Time remaining: 74 seconds
[2025-10-22T06:57:03.243+0000] {docker.py:438} INFO - 
[2025-10-22T06:57:03.243+0000] {docker.py:438} INFO - ==================================================
[2025-10-22T06:57:03.243+0000] {docker.py:438} INFO - 🔄 Restart #13 at 2025-10-22 06:56:22
[2025-10-22T06:57:03.244+0000] {docker.py:438} INFO - ==================================================
[2025-10-22T06:57:03.244+0000] {docker.py:438} INFO - Hello world - terminate function started!
[2025-10-22T06:57:03.245+0000] {docker.py:438} INFO - Selecting pods with label_selector: app=post-storage-service
[2025-10-22T06:57:03.245+0000] {docker.py:438} INFO - Found 2 pods initially
[2025-10-22T06:57:03.246+0000] {docker.py:438} INFO - Random selection: 1 pods
[2025-10-22T06:57:03.246+0000] {docker.py:438} INFO - Deleting pod: post-storage-service-7985448bc7-hpzg6
[2025-10-22T06:57:03.246+0000] {docker.py:438} INFO - Deleted 1 pods: ['post-storage-service-7985448bc7-hpzg6']
[2025-10-22T06:57:03.247+0000] {docker.py:438} INFO - ✅ Successfully restarted pods: ['post-storage-service-7985448bc7-hpzg6']
[2025-10-22T06:57:03.247+0000] {docker.py:438} INFO - ⏳ Waiting 20 seconds until next restart...
[2025-10-22T06:57:03.248+0000] {docker.py:438} INFO - 📊 Time remaining: 54 seconds
[2025-10-22T06:57:03.248+0000] {docker.py:438} INFO - 
[2025-10-22T06:57:03.249+0000] {docker.py:438} INFO - ==================================================
[2025-10-22T06:57:03.249+0000] {docker.py:438} INFO - 🔄 Restart #14 at 2025-10-22 06:56:42
[2025-10-22T06:57:03.249+0000] {docker.py:438} INFO - ==================================================
[2025-10-22T06:57:03.250+0000] {docker.py:438} INFO - Hello world - terminate function started!
[2025-10-22T06:57:03.250+0000] {docker.py:438} INFO - Selecting pods with label_selector: app=post-storage-service
[2025-10-22T06:57:03.251+0000] {docker.py:438} INFO - Found 2 pods initially
[2025-10-22T06:57:03.251+0000] {docker.py:438} INFO - Random selection: 1 pods
[2025-10-22T06:57:03.252+0000] {docker.py:438} INFO - Deleting pod: post-storage-service-7985448bc7-2xg8f
[2025-10-22T06:57:03.252+0000] {docker.py:438} INFO - Deleted 1 pods: ['post-storage-service-7985448bc7-2xg8f']
[2025-10-22T06:57:03.252+0000] {docker.py:438} INFO - ✅ Successfully restarted pods: ['post-storage-service-7985448bc7-2xg8f']
[2025-10-22T06:57:03.253+0000] {docker.py:438} INFO - ⏳ Waiting 20 seconds until next restart...
[2025-10-22T06:57:03.253+0000] {docker.py:438} INFO - 📊 Time remaining: 33 seconds
[2025-10-22T06:57:03.253+0000] {docker.py:438} INFO - 
[2025-10-22T06:57:03.254+0000] {docker.py:438} INFO - ==================================================
[2025-10-22T06:57:03.254+0000] {docker.py:438} INFO - 🔄 Restart #15 at 2025-10-22 06:57:03
[2025-10-22T06:57:03.255+0000] {docker.py:438} INFO - ==================================================
[2025-10-22T06:57:03.255+0000] {docker.py:438} INFO - Hello world - terminate function started!
[2025-10-22T06:57:03.256+0000] {docker.py:438} INFO - Selecting pods with label_selector: app=post-storage-service
[2025-10-22T06:57:03.628+0000] {docker.py:438} INFO - [32m[2025-10-22 06:57:03 INFO] Let's rollback...
[2025-10-22T06:57:03.629+0000] {docker.py:438} INFO - [32m[2025-10-22 06:57:03 INFO] Rollback: uncordon-all-nodes
[2025-10-22T06:57:03.630+0000] {docker.py:438} INFO - [32m[2025-10-22 06:57:03 INFO] Action: uncordon-all-nodes
[2025-10-22T06:57:04.798+0000] {docker.py:438} INFO - [32m[2025-10-22 06:57:04 INFO] Experiment ended with status: completed
[2025-10-22T06:57:04.800+0000] {docker.py:438} INFO - Found 1 pods initially
[2025-10-22T06:57:04.801+0000] {docker.py:438} INFO - Random selection: 1 pods
[2025-10-22T06:57:04.801+0000] {docker.py:438} INFO - Deleting pod: post-storage-service-7985448bc7-thwb4
[2025-10-22T06:57:04.802+0000] {docker.py:438} INFO - Deleted 1 pods: ['post-storage-service-7985448bc7-thwb4']
[2025-10-22T06:57:04.802+0000] {docker.py:438} INFO - ✅ Successfully restarted pods: ['post-storage-service-7985448bc7-thwb4']
[2025-10-22T06:57:04.803+0000] {docker.py:438} INFO - ⏰ Less than 20 seconds remaining, stopping experiment
[2025-10-22T06:57:04.803+0000] {docker.py:438} INFO - 
[2025-10-22T06:57:04.803+0000] {docker.py:438} INFO - ==================================================
[2025-10-22T06:57:04.806+0000] {docker.py:438} INFO - 🏁 Experiment Completed!
[2025-10-22T06:57:04.806+0000] {docker.py:438} INFO - ==================================================
[2025-10-22T06:57:04.807+0000] {docker.py:438} INFO - 📈 Total restarts performed: 15
[2025-10-22T06:57:04.807+0000] {docker.py:438} INFO - ⏱️  Total duration: 287 seconds
[2025-10-22T06:57:04.808+0000] {docker.py:438} INFO - 📊 Average interval: 19.1 seconds
[2025-10-22T06:57:05.399+0000] {taskinstance.py:340} INFO - ::group::Post task execution logs
[2025-10-22T06:57:05.399+0000] {taskinstance.py:352} INFO - Marking task as SUCCESS. dag_id=Cordon_Uncordon_Node, task_id=apply_cordon_uncordon_node, run_id=scheduled__2025-10-22T03:00:00+00:00, execution_date=20251022T030000, start_date=20251022T065138, end_date=20251022T065705
[2025-10-22T06:57:05.479+0000] {local_task_job_runner.py:266} INFO - Task exited with return code 0
[2025-10-22T06:57:05.516+0000] {taskinstance.py:3900} INFO - 0 downstream tasks scheduled from follow-on schedule check
[2025-10-22T06:57:05.521+0000] {local_task_job_runner.py:245} INFO - ::endgroup::
