[2025-10-22T11:07:43.671+0000] {local_task_job_runner.py:123} INFO - ::group::Pre task execution logs
[2025-10-22T11:07:43.698+0000] {taskinstance.py:2612} INFO - Dependencies all met for dep_context=non-requeueable deps ti=<TaskInstance: Reinitialize_Application.apply_container_restart_docker manual__2025-10-22T11:07:41.388093+00:00 [queued]>
[2025-10-22T11:07:43.722+0000] {taskinstance.py:2612} INFO - Dependencies all met for dep_context=requeueable deps ti=<TaskInstance: Reinitialize_Application.apply_container_restart_docker manual__2025-10-22T11:07:41.388093+00:00 [queued]>
[2025-10-22T11:07:43.722+0000] {taskinstance.py:2865} INFO - Starting attempt 1 of 1
[2025-10-22T11:07:43.760+0000] {taskinstance.py:2888} INFO - Executing <Task(DockerOperator): apply_container_restart_docker> on 2025-10-22 11:07:41.388093+00:00
[2025-10-22T11:07:43.775+0000] {standard_task_runner.py:72} INFO - Started process 3346 to run task
[2025-10-22T11:07:43.786+0000] {standard_task_runner.py:104} INFO - Running: ['***', 'tasks', 'run', 'Reinitialize_Application', 'apply_container_restart_docker', 'manual__2025-10-22T11:07:41.388093+00:00', '--job-id', '10376', '--raw', '--subdir', 'DAGS_FOLDER/dag_factory.py', '--cfg-path', '/tmp/tmpqe66vljo']
[2025-10-22T11:07:43.788+0000] {standard_task_runner.py:105} INFO - Job 10376: Subtask apply_container_restart_docker
[2025-10-22T11:07:43.869+0000] {task_command.py:467} INFO - Running <TaskInstance: Reinitialize_Application.apply_container_restart_docker manual__2025-10-22T11:07:41.388093+00:00 [running]> on host workflow.y2twbfvcjkaujnl2bmtbxunhcb.cx.internal.cloudapp.net
[2025-10-22T11:07:44.039+0000] {taskinstance.py:3131} INFO - Exporting env vars: AIRFLOW_CTX_DAG_OWNER='***' AIRFLOW_CTX_DAG_ID='Reinitialize_Application' AIRFLOW_CTX_TASK_ID='apply_container_restart_docker' AIRFLOW_CTX_EXECUTION_DATE='2025-10-22T11:07:41.388093+00:00' AIRFLOW_CTX_TRY_NUMBER='1' AIRFLOW_CTX_DAG_RUN_ID='manual__2025-10-22T11:07:41.388093+00:00'
[2025-10-22T11:07:44.044+0000] {taskinstance.py:731} INFO - ::endgroup::
[2025-10-22T11:07:44.103+0000] {docker.py:367} INFO - Starting docker container from image priyanshu01ce/***_chaos:latest
[2025-10-22T11:07:44.709+0000] {docker.py:438} INFO - The container is run as root user. For security, consider using a regular user account.
[2025-10-22T11:08:03.301+0000] {docker.py:438} INFO - 
[2025-10-22T11:08:03.312+0000] {docker.py:438} INFO - total 1164
[2025-10-22T11:08:03.313+0000] {docker.py:438} INFO - drwxr-xr-x 6    1000 1000   4096 Oct 21 10:46 .
[2025-10-22T11:08:03.314+0000] {docker.py:438} INFO - drwxr-xr-x 1 *** root   4096 Sep 26 10:44 ..
[2025-10-22T11:08:03.314+0000] {docker.py:438} INFO - -rw-r--r-- 1    1000 1000   1193 Sep  8 07:02 API_Latency.json
[2025-10-22T11:08:03.314+0000] {docker.py:438} INFO - -rw-r--r-- 1    1000 1000    729 Sep  9 10:30 API_Timeout.json
[2025-10-22T11:08:03.315+0000] {docker.py:438} INFO - -rw-r--r-- 1    1000 1000   1331 Oct  7 18:22 Continuous_Load_Test_Azure.yaml
[2025-10-22T11:08:03.315+0000] {docker.py:438} INFO - -rw-r--r-- 1    1000 1000   1266 Oct 10 06:39 Memory_Stress_Test_Azure.yaml
[2025-10-22T11:08:03.316+0000] {docker.py:438} INFO - -rw-r--r-- 1    1000 1000   1178 Sep 30 18:19 Stress_Test_Azure.yaml
[2025-10-22T11:08:03.316+0000] {docker.py:438} INFO - drwxrwxr-x 2 root    root   4096 Oct 21 09:41 __pycache__
[2025-10-22T11:08:03.317+0000] {docker.py:438} INFO - drwxrwxr-x 5    1000 1000   4096 Oct 21 08:05 chaos_env
[2025-10-22T11:08:03.318+0000] {docker.py:438} INFO - -rw-r--r-- 1    1000 1000   8875 Sep 25 16:54 chaosk6_actions.py
[2025-10-22T11:08:03.318+0000] {docker.py:438} INFO - -rw-rw-r-- 1    1000 1000 840922 Oct 22 11:07 chaostoolkit.log
[2025-10-22T11:08:03.319+0000] {docker.py:438} INFO - -rw-r--r-- 1    1000 1000   3213 Sep  9 09:11 combined-sequential.json
[2025-10-22T11:08:03.319+0000] {docker.py:438} INFO - -rw-r--r-- 1    1000 1000    502 Sep 16 05:31 connection_test_experiment.json
[2025-10-22T11:08:03.319+0000] {docker.py:438} INFO - -rw-r--r-- 1    1000 1000   1420 Sep 24 06:53 container_restart.json
[2025-10-22T11:08:03.321+0000] {docker.py:438} INFO - -rw-r--r-- 1    1000 1000  16452 Sep 26 09:59 container_restart.py
[2025-10-22T11:08:03.321+0000] {docker.py:438} INFO - -rw-r--r-- 1    1000 1000   1313 Oct  9 06:32 container_restart_Azure.yaml
[2025-10-22T11:08:03.323+0000] {docker.py:438} INFO - -rw-r--r-- 1    1000 1000   1409 Sep 18 12:30 continuous_load_test.json
[2025-10-22T11:08:03.323+0000] {docker.py:438} INFO - -rw-r--r-- 1    1000 1000   1637 Sep 25 10:13 cordon-uncordon-node.json
[2025-10-22T11:08:03.324+0000] {docker.py:438} INFO - -rw-r--r-- 1    1000 1000   1637 Sep 25 04:39 cordon_test.json
[2025-10-22T11:08:03.324+0000] {docker.py:438} INFO - -rw-r--r-- 1    1000 1000   1034 Sep 30 18:27 cordon_uncordon_node_Azure.yaml
[2025-10-22T11:08:03.324+0000] {docker.py:438} INFO - -rw-r--r-- 1    1000 1000   1203 Sep 30 06:51 cpu_stress_ng.json
[2025-10-22T11:08:03.325+0000] {docker.py:438} INFO - -rw-r--r-- 1    1000 1000   1760 Oct 21 08:00 db_cleanup.json
[2025-10-22T11:08:03.325+0000] {docker.py:438} INFO - -rw-r--r-- 1    1000 1000   6399 Sep 24 07:40 db_cleanup.py
[2025-10-22T11:08:03.325+0000] {docker.py:438} INFO - -rw-r--r-- 1    1000 1000   2362 Oct 22 11:05 journal.json
[2025-10-22T11:08:03.328+0000] {docker.py:438} INFO - -rw-rw-r-- 1 root    root  87290 Oct 22 11:07 k6_continuous_load.log
[2025-10-22T11:08:03.328+0000] {docker.py:438} INFO - -rw-r--r-- 1    1000 1000   3904 Oct 22 10:50 k6_continuous_summary.json
[2025-10-22T11:08:03.329+0000] {docker.py:438} INFO - -rw-r--r-- 1    1000 1000   3433 Sep 25 09:28 k6_summary.json
[2025-10-22T11:08:03.329+0000] {docker.py:438} INFO - -rw-r--r-- 1    1000 1000    989 Sep 30 09:24 kubernetes_actions.json
[2025-10-22T11:08:03.329+0000] {docker.py:438} INFO - -rw-r--r-- 1    1000 1000  10961 Sep 30 09:23 kubernetes_actions.py
[2025-10-22T11:08:03.330+0000] {docker.py:438} INFO - -rw-r--r-- 1    1000 1000    945 Sep 21 16:40 load_test.json
[2025-10-22T11:08:03.330+0000] {docker.py:438} INFO - -rw-r--r-- 1    1000 1000    528 Sep 17 12:13 max_connection_experiment.json
[2025-10-22T11:08:03.331+0000] {docker.py:438} INFO - -rw-r--r-- 1    1000 1000   1227 Sep 13 15:20 memory-stress-rollback.json
[2025-10-22T11:08:03.331+0000] {docker.py:438} INFO - -rw-rw-r-- 1    1000 1000    982 Oct 10 06:38 memory_stress.json
[2025-10-22T11:08:03.331+0000] {docker.py:438} INFO - -rw-rw-r-- 1    1000 1000   4581 Oct 10 06:38 memory_stress.py
[2025-10-22T11:08:03.333+0000] {docker.py:438} INFO - -rw-r--r-- 1    1000 1000   1421 Sep 29 05:20 mongo_db_container_restart.json
[2025-10-22T11:08:03.333+0000] {docker.py:438} INFO - -rw-r--r-- 1    1000 1000   7586 Sep 18 05:54 mongodb_actions.py
[2025-10-22T11:08:03.334+0000] {docker.py:438} INFO - -rw-r--r-- 1    1000 1000   2136 Sep 18 11:23 mongodb_connection.json
[2025-10-22T11:08:03.334+0000] {docker.py:438} INFO - -rw-r--r-- 1    1000 1000    597 Sep 16 09:17 mongodb_network_latency_experiment.json
[2025-10-22T11:08:03.334+0000] {docker.py:438} INFO - -rw-r--r-- 1    1000 1000   3657 Sep 18 05:42 mongodb_probes.py
[2025-10-22T11:08:03.335+0000] {docker.py:438} INFO - -rw-r--r-- 1    1000 1000   6161 Sep 12 08:04 pod_restart.py
[2025-10-22T11:08:03.335+0000] {docker.py:438} INFO - -rw-r--r-- 1    1000 1000   1497 Sep 30 05:50 redis_config_faults.py
[2025-10-22T11:08:03.337+0000] {docker.py:438} INFO - -rw-r--r-- 1    1000 1000    862 Sep 30 05:50 redis_experiment.json
[2025-10-22T11:08:03.337+0000] {docker.py:438} INFO - -rw-r--r-- 1    1000 1000    945 Sep 18 06:53 redis_load.json
[2025-10-22T11:08:03.338+0000] {docker.py:438} INFO - -rw-r--r-- 1    1000 1000   1306 Oct  9 16:34 redis_memory_stress_Azure.yaml
[2025-10-22T11:08:03.338+0000] {docker.py:438} INFO - -rw-rw-r-- 1    1000 1000   1333 Oct 21 09:39 reinitialize_application.yaml
[2025-10-22T11:08:03.338+0000] {docker.py:438} INFO - -rw-r--r-- 1    1000 1000   1284 Sep 25 10:53 run_load_test_with_cleanup.py
[2025-10-22T11:08:03.341+0000] {docker.py:438} INFO - drwxr-xr-x 2    1000 1000   4096 Oct 22 06:46 scripts
[2025-10-22T11:08:03.341+0000] {docker.py:438} INFO - drwxr-xr-x 4    1000 1000   4096 Sep 30 09:41 socialNetwork
[2025-10-22T11:08:03.342+0000] {docker.py:438} INFO - -rw-r--r-- 1    1000 1000    821 Sep 26 13:20 stress_test.json
[2025-10-22T11:08:03.342+0000] {docker.py:438} INFO - -rw-r--r-- 1    1000 1000    367 Sep 17 07:24 test_params.json
[2025-10-22T11:08:03.343+0000] {docker.py:438} INFO - Starting Reinitializing the Social Networking Application...
[2025-10-22T11:08:04.431+0000] {docker.py:438} INFO - [32m[2025-10-22 11:08:04 INFO] Validating the experiment's syntax
[2025-10-22T11:08:05.017+0000] {docker.py:438} INFO - [32m[2025-10-22 11:08:05 INFO] Experiment looks valid
[2025-10-22T11:08:05.019+0000] {docker.py:438} INFO - [32m[2025-10-22 11:08:05 INFO] Running experiment: Simple Social Network Reset
[2025-10-22T11:08:05.024+0000] {docker.py:438} INFO - [32m[2025-10-22 11:08:05 INFO] Steady-state strategy: default
[2025-10-22T11:08:05.025+0000] {docker.py:438} INFO - [32m[2025-10-22 11:08:05 INFO] Rollbacks strategy: default
[2025-10-22T11:08:05.026+0000] {docker.py:438} INFO - [32m[2025-10-22 11:08:05 INFO] No steady state hypothesis defined. That's ok, just exploring.
[2025-10-22T11:08:05.027+0000] {docker.py:438} INFO - [32m[2025-10-22 11:08:05 INFO] Playing your experiment's method now...
[2025-10-22T11:08:05.028+0000] {docker.py:438} INFO - [32m[2025-10-22 11:08:05 INFO] Action: complete-reset-and-reinit
[2025-10-22T11:08:05.029+0000] {docker.py:438} INFO - INFO:kubernetes_actions:Starting complete reset and reinitialization...
[2025-10-22T11:08:05.030+0000] {docker.py:438} INFO - INFO:kubernetes_actions:Starting full social network reset...
[2025-10-22T11:08:05.030+0000] {docker.py:438} INFO - INFO:kubernetes_actions:Clearing Redis data...
[2025-10-22T11:08:05.058+0000] {docker.py:438} INFO - INFO:kubernetes_actions:Loaded local Kubernetes config
[2025-10-22T11:08:05.076+0000] {docker.py:438} INFO - INFO:kubernetes_actions:Loaded local Kubernetes config
[2025-10-22T11:08:05.406+0000] {docker.py:438} INFO - INFO:kubernetes_actions:Found running pod: social-graph-redis-64bd79b48b-872bt for deployment: social-graph-redis
[2025-10-22T11:08:05.406+0000] {docker.py:438} INFO - INFO:kubernetes_actions:Executing command in pod social-graph-redis-64bd79b48b-872bt, container social-graph-redis: redis-cli FLUSHALL
[2025-10-22T11:08:06.757+0000] {docker.py:438} INFO - INFO:kubernetes_actions:Command executed successfully. Output: OK
[2025-10-22T11:08:06.776+0000] {docker.py:438} INFO - INFO:kubernetes_actions:Loaded local Kubernetes config
[2025-10-22T11:08:06.792+0000] {docker.py:438} INFO - INFO:kubernetes_actions:Loaded local Kubernetes config
[2025-10-22T11:08:07.159+0000] {docker.py:438} INFO - INFO:kubernetes_actions:Found running pod: home-timeline-redis-744dd9998f-pjkn8 for deployment: home-timeline-redis
[2025-10-22T11:08:07.160+0000] {docker.py:438} INFO - INFO:kubernetes_actions:Executing command in pod home-timeline-redis-744dd9998f-pjkn8, container home-timeline-redis: redis-cli FLUSHALL
[2025-10-22T11:08:09.103+0000] {docker.py:438} INFO - INFO:kubernetes_actions:Command executed successfully. Output: OK
[2025-10-22T11:08:09.121+0000] {docker.py:438} INFO - INFO:kubernetes_actions:Loaded local Kubernetes config
[2025-10-22T11:08:09.147+0000] {docker.py:438} INFO - INFO:kubernetes_actions:Loaded local Kubernetes config
[2025-10-22T11:08:09.448+0000] {docker.py:438} INFO - INFO:kubernetes_actions:Found running pod: user-timeline-redis-7b8f6ff4fb-nnwvw for deployment: user-timeline-redis
[2025-10-22T11:08:09.449+0000] {docker.py:438} INFO - INFO:kubernetes_actions:Executing command in pod user-timeline-redis-7b8f6ff4fb-nnwvw, container user-timeline-redis: redis-cli FLUSHALL
[2025-10-22T11:08:10.800+0000] {docker.py:438} INFO - INFO:kubernetes_actions:Command executed successfully. Output: OK
[2025-10-22T11:08:10.801+0000] {docker.py:438} INFO - 
[2025-10-22T11:08:10.801+0000] {docker.py:438} INFO - INFO:kubernetes_actions:Clearing Memcached data...
[2025-10-22T11:08:10.817+0000] {docker.py:438} INFO - INFO:kubernetes_actions:Loaded local Kubernetes config
[2025-10-22T11:08:10.835+0000] {docker.py:438} INFO - INFO:kubernetes_actions:Loaded local Kubernetes config
[2025-10-22T11:08:11.183+0000] {docker.py:438} INFO - INFO:kubernetes_actions:Found running pod: post-storage-memcached-67c6cc65cc-kzdlc for deployment: post-storage-memcached
[2025-10-22T11:08:11.185+0000] {docker.py:438} INFO - INFO:kubernetes_actions:Executing command in pod post-storage-memcached-67c6cc65cc-kzdlc, container post-storage-memcached: sh -c echo 'flush_all' | nc localhost 11211
[2025-10-22T11:08:12.555+0000] {docker.py:438} INFO - INFO:kubernetes_actions:Command executed successfully. Output: sh: 1: nc: not found
[2025-10-22T11:08:12.572+0000] {docker.py:438} INFO - INFO:kubernetes_actions:Loaded local Kubernetes config
[2025-10-22T11:08:12.590+0000] {docker.py:438} INFO - INFO:kubernetes_actions:Loaded local Kubernetes config
[2025-10-22T11:08:12.938+0000] {docker.py:438} INFO - INFO:kubernetes_actions:Found running pod: user-memcached-56f89988c-68wlh for deployment: user-memcached
[2025-10-22T11:08:12.940+0000] {docker.py:438} INFO - INFO:kubernetes_actions:Executing command in pod user-memcached-56f89988c-68wlh, container user-memcached: sh -c echo 'flush_all' | nc localhost 11211
[2025-10-22T11:08:14.288+0000] {docker.py:438} INFO - INFO:kubernetes_actions:Command executed successfully. Output: sh: 1: nc: not found
[2025-10-22T11:08:14.290+0000] {docker.py:438} INFO - INFO:kubernetes_actions:Dropping MongoDB databases...
[2025-10-22T11:08:14.307+0000] {docker.py:438} INFO - INFO:kubernetes_actions:Loaded local Kubernetes config
[2025-10-22T11:08:14.326+0000] {docker.py:438} INFO - INFO:kubernetes_actions:Loaded local Kubernetes config
[2025-10-22T11:08:14.635+0000] {docker.py:438} INFO - INFO:kubernetes_actions:Found running pod: post-storage-mongodb-7f7657964c-qvfvs for deployment: post-storage-mongodb
[2025-10-22T11:08:14.637+0000] {docker.py:438} INFO - INFO:kubernetes_actions:Executing command in pod post-storage-mongodb-7f7657964c-qvfvs, container post-storage-mongodb: mongo --eval db.getSiblingDB('post').dropDatabase()
[2025-10-22T11:08:16.201+0000] {docker.py:438} INFO - INFO:kubernetes_actions:Command executed successfully. Output: MongoDB shell version v4.4.6
[2025-10-22T11:08:16.202+0000] {docker.py:438} INFO - connecting to: mongodb://127.0.0.1:27017/?compressors=disabled&gssapiServiceName=mongodb
[2025-10-22T11:08:16.203+0000] {docker.py:438} INFO - Implicit session: session { "id" : UUID("fd0bed95-6e00-4509-8103-b2e2e5d69f43") }
[2025-10-22T11:08:16.203+0000] {docker.py:438} INFO - MongoDB server version: 4.4.6
[2025-10-22T11:08:16.203+0000] {docker.py:438} INFO - { "dropped" : "post", "ok" : 1 }
[2025-10-22T11:08:16.245+0000] {docker.py:438} INFO - INFO:kubernetes_actions:Loaded local Kubernetes config
[2025-10-22T11:08:16.256+0000] {docker.py:438} INFO - INFO:kubernetes_actions:Loaded local Kubernetes config
[2025-10-22T11:08:16.577+0000] {docker.py:438} INFO - INFO:kubernetes_actions:Found running pod: post-storage-mongodb-7f7657964c-qvfvs for deployment: post-storage-mongodb
[2025-10-22T11:08:16.578+0000] {docker.py:438} INFO - INFO:kubernetes_actions:Executing command in pod post-storage-mongodb-7f7657964c-qvfvs, container post-storage-mongodb: mongo --eval db.getSiblingDB('READ__ME_TO_RECOVER_YOUR_DATA').dropDatabase()
[2025-10-22T11:08:18.203+0000] {docker.py:438} INFO - INFO:kubernetes_actions:Command executed successfully. Output: MongoDB shell version v4.4.6
[2025-10-22T11:08:18.204+0000] {docker.py:438} INFO - connecting to: mongodb://127.0.0.1:27017/?compressors=disabled&gssapiServiceName=mongodb
[2025-10-22T11:08:18.204+0000] {docker.py:438} INFO - Implicit session: session { "id" : UUID("df4ba811-fb43-4790-abff-dff920e30a38") }
[2025-10-22T11:08:18.205+0000] {docker.py:438} INFO - MongoDB server version: 4.4.6
[2025-10-22T11:08:18.205+0000] {docker.py:438} INFO - { "ok" : 1 }
[2025-10-22T11:08:18.223+0000] {docker.py:438} INFO - INFO:kubernetes_actions:Loaded local Kubernetes config
[2025-10-22T11:08:18.241+0000] {docker.py:438} INFO - INFO:kubernetes_actions:Loaded local Kubernetes config
[2025-10-22T11:08:18.611+0000] {docker.py:438} INFO - INFO:kubernetes_actions:Found running pod: user-mongodb-f95b7d968-bhjcd for deployment: user-mongodb
[2025-10-22T11:08:18.613+0000] {docker.py:438} INFO - INFO:kubernetes_actions:Executing command in pod user-mongodb-f95b7d968-bhjcd, container user-mongodb: mongo --eval db.getSiblingDB('user').dropDatabase()
[2025-10-22T11:08:20.108+0000] {docker.py:438} INFO - INFO:kubernetes_actions:Command executed successfully. Output: MongoDB shell version v4.4.6
[2025-10-22T11:08:20.109+0000] {docker.py:438} INFO - connecting to: mongodb://127.0.0.1:27017/?compressors=disabled&gssapiServiceName=mongodb
[2025-10-22T11:08:20.109+0000] {docker.py:438} INFO - Implicit session: session { "id" : UUID("7f6bc641-744e-46d0-9638-0f3438018e84") }
[2025-10-22T11:08:20.110+0000] {docker.py:438} INFO - MongoDB server version: 4.4.6
[2025-10-22T11:08:20.110+0000] {docker.py:438} INFO - { "dropped" : "user", "ok" : 1 }
[2025-10-22T11:08:20.136+0000] {docker.py:438} INFO - INFO:kubernetes_actions:Loaded local Kubernetes config
[2025-10-22T11:08:20.153+0000] {docker.py:438} INFO - INFO:kubernetes_actions:Loaded local Kubernetes config
[2025-10-22T11:08:20.537+0000] {docker.py:438} INFO - INFO:kubernetes_actions:Found running pod: user-mongodb-f95b7d968-bhjcd for deployment: user-mongodb
[2025-10-22T11:08:20.538+0000] {docker.py:438} INFO - INFO:kubernetes_actions:Executing command in pod user-mongodb-f95b7d968-bhjcd, container user-mongodb: mongo --eval db.getSiblingDB('READ__ME_TO_RECOVER_YOUR_DATA').dropDatabase()
[2025-10-22T11:08:22.101+0000] {docker.py:438} INFO - INFO:kubernetes_actions:Command executed successfully. Output: MongoDB shell version v4.4.6
[2025-10-22T11:08:22.102+0000] {docker.py:438} INFO - connecting to: mongodb://127.0.0.1:27017/?compressors=disabled&gssapiServiceName=mongodb
[2025-10-22T11:08:22.102+0000] {docker.py:438} INFO - Implicit session: session { "id" : UUID("4ed46eaa-f4b4-4076-854f-4c2a6e03d2bb") }
[2025-10-22T11:08:22.102+0000] {docker.py:438} INFO - MongoDB server version: 4.4.6
[2025-10-22T11:08:22.103+0000] {docker.py:438} INFO - { "ok" : 1 }
[2025-10-22T11:08:22.118+0000] {docker.py:438} INFO - INFO:kubernetes_actions:Loaded local Kubernetes config
[2025-10-22T11:08:22.136+0000] {docker.py:438} INFO - INFO:kubernetes_actions:Loaded local Kubernetes config
[2025-10-22T11:08:22.418+0000] {docker.py:438} INFO - INFO:kubernetes_actions:Found running pod: social-graph-mongodb-77fd77d9f4-ckft8 for deployment: social-graph-mongodb
[2025-10-22T11:08:22.420+0000] {docker.py:438} INFO - INFO:kubernetes_actions:Executing command in pod social-graph-mongodb-77fd77d9f4-ckft8, container social-graph-mongodb: mongo --eval db.getSiblingDB('social-graph').dropDatabase()
[2025-10-22T11:08:24.101+0000] {docker.py:438} INFO - INFO:kubernetes_actions:Command executed successfully. Output: MongoDB shell version v4.4.6
[2025-10-22T11:08:24.102+0000] {docker.py:438} INFO - connecting to: mongodb://127.0.0.1:27017/?compressors=disabled&gssapiServiceName=mongodb
[2025-10-22T11:08:24.102+0000] {docker.py:438} INFO - Implicit session: session { "id" : UUID("920a684b-2d4a-4a55-9e90-f83a1224b006") }
[2025-10-22T11:08:24.103+0000] {docker.py:438} INFO - MongoDB server version: 4.4.6
[2025-10-22T11:08:24.103+0000] {docker.py:438} INFO - { "dropped" : "social-graph", "ok" : 1 }
[2025-10-22T11:08:24.126+0000] {docker.py:438} INFO - INFO:kubernetes_actions:Loaded local Kubernetes config
[2025-10-22T11:08:24.143+0000] {docker.py:438} INFO - INFO:kubernetes_actions:Loaded local Kubernetes config
[2025-10-22T11:08:24.419+0000] {docker.py:438} INFO - INFO:kubernetes_actions:Found running pod: social-graph-mongodb-77fd77d9f4-ckft8 for deployment: social-graph-mongodb
[2025-10-22T11:08:24.420+0000] {docker.py:438} INFO - INFO:kubernetes_actions:Executing command in pod social-graph-mongodb-77fd77d9f4-ckft8, container social-graph-mongodb: mongo --eval db.getSiblingDB('READ__ME_TO_RECOVER_YOUR_DATA').dropDatabase()
[2025-10-22T11:08:26.015+0000] {docker.py:438} INFO - INFO:kubernetes_actions:Command executed successfully. Output: MongoDB shell version v4.4.6
[2025-10-22T11:08:26.016+0000] {docker.py:438} INFO - connecting to: mongodb://127.0.0.1:27017/?compressors=disabled&gssapiServiceName=mongodb
[2025-10-22T11:08:26.016+0000] {docker.py:438} INFO - Implicit session: session { "id" : UUID("f3cac7f7-92b1-45b5-b18f-c5d987400ac2") }
[2025-10-22T11:08:26.017+0000] {docker.py:438} INFO - MongoDB server version: 4.4.6
[2025-10-22T11:08:26.017+0000] {docker.py:438} INFO - { "ok" : 1 }
[2025-10-22T11:08:26.035+0000] {docker.py:438} INFO - INFO:kubernetes_actions:Loaded local Kubernetes config
[2025-10-22T11:08:26.052+0000] {docker.py:438} INFO - INFO:kubernetes_actions:Loaded local Kubernetes config
[2025-10-22T11:08:26.404+0000] {docker.py:438} INFO - INFO:kubernetes_actions:Found running pod: user-timeline-mongodb-6ff9797bfc-wz2jn for deployment: user-timeline-mongodb
[2025-10-22T11:08:26.405+0000] {docker.py:438} INFO - INFO:kubernetes_actions:Executing command in pod user-timeline-mongodb-6ff9797bfc-wz2jn, container user-timeline-mongodb: mongo --eval db.getSiblingDB('user-timeline').dropDatabase()
[2025-10-22T11:08:27.910+0000] {docker.py:438} INFO - INFO:kubernetes_actions:Command executed successfully. Output: MongoDB shell version v4.4.6
[2025-10-22T11:08:27.911+0000] {docker.py:438} INFO - connecting to: mongodb://127.0.0.1:27017/?compressors=disabled&gssapiServiceName=mongodb
[2025-10-22T11:08:27.911+0000] {docker.py:438} INFO - Implicit session: session { "id" : UUID("0a6d10bd-b876-48bc-a2f6-3342b3bdca57") }
[2025-10-22T11:08:27.912+0000] {docker.py:438} INFO - MongoDB server version: 4.4.6
[2025-10-22T11:08:27.912+0000] {docker.py:438} INFO - { "dropped" : "user-timeline", "ok" : 1 }
[2025-10-22T11:08:27.929+0000] {docker.py:438} INFO - INFO:kubernetes_actions:Loaded local Kubernetes config
[2025-10-22T11:08:27.947+0000] {docker.py:438} INFO - INFO:kubernetes_actions:Loaded local Kubernetes config
[2025-10-22T11:08:28.299+0000] {docker.py:438} INFO - INFO:kubernetes_actions:Found running pod: user-timeline-mongodb-6ff9797bfc-wz2jn for deployment: user-timeline-mongodb
[2025-10-22T11:08:28.300+0000] {docker.py:438} INFO - INFO:kubernetes_actions:Executing command in pod user-timeline-mongodb-6ff9797bfc-wz2jn, container user-timeline-mongodb: mongo --eval db.getSiblingDB('READ__ME_TO_RECOVER_YOUR_DATA').dropDatabase()
[2025-10-22T11:08:29.898+0000] {docker.py:438} INFO - INFO:kubernetes_actions:Command executed successfully. Output: MongoDB shell version v4.4.6
[2025-10-22T11:08:29.899+0000] {docker.py:438} INFO - connecting to: mongodb://127.0.0.1:27017/?compressors=disabled&gssapiServiceName=mongodb
[2025-10-22T11:08:29.899+0000] {docker.py:438} INFO - Implicit session: session { "id" : UUID("a18b0d6c-7417-4f3f-aae8-7d2e07ce3f45") }
[2025-10-22T11:08:29.900+0000] {docker.py:438} INFO - MongoDB server version: 4.4.6
[2025-10-22T11:08:29.900+0000] {docker.py:438} INFO - { "ok" : 1 }
[2025-10-22T11:08:29.901+0000] {docker.py:438} INFO - 
[2025-10-22T11:08:29.901+0000] {docker.py:438} INFO - INFO:kubernetes_actions:Full social network reset completed
[2025-10-22T11:08:34.920+0000] {docker.py:438} INFO - INFO:kubernetes_actions:Loaded local Kubernetes config
[2025-10-22T11:08:34.921+0000] {docker.py:438} INFO - INFO:kubernetes_actions:Restarting deployment: social-graph-service
[2025-10-22T11:08:35.329+0000] {docker.py:438} INFO - INFO:kubernetes_actions:✅ Successfully restarted social-graph-service
[2025-10-22T11:08:35.329+0000] {docker.py:438} INFO - INFO:kubernetes_actions:Restarting deployment: user-service
[2025-10-22T11:08:35.507+0000] {docker.py:438} INFO - INFO:kubernetes_actions:✅ Successfully restarted user-service
[2025-10-22T11:08:35.508+0000] {docker.py:438} INFO - INFO:kubernetes_actions:Restarting deployment: post-storage-service
[2025-10-22T11:08:35.686+0000] {docker.py:438} INFO - INFO:kubernetes_actions:✅ Successfully restarted post-storage-service
[2025-10-22T11:08:35.688+0000] {docker.py:438} INFO - INFO:kubernetes_actions:Restarting deployment: compose-post-service
[2025-10-22T11:08:35.883+0000] {docker.py:438} INFO - INFO:kubernetes_actions:✅ Successfully restarted compose-post-service
[2025-10-22T11:08:35.884+0000] {docker.py:438} INFO - INFO:kubernetes_actions:Restarting deployment: home-timeline-service
[2025-10-22T11:08:36.059+0000] {docker.py:438} INFO - INFO:kubernetes_actions:✅ Successfully restarted home-timeline-service
[2025-10-22T11:08:36.060+0000] {docker.py:438} INFO - INFO:kubernetes_actions:Restarting deployment: user-timeline-service
[2025-10-22T11:08:36.256+0000] {docker.py:438} INFO - INFO:kubernetes_actions:✅ Successfully restarted user-timeline-service
[2025-10-22T11:08:36.256+0000] {docker.py:438} INFO - INFO:kubernetes_actions:Restarting deployment: nginx-thrift
[2025-10-22T11:08:36.555+0000] {docker.py:438} INFO - INFO:kubernetes_actions:✅ Successfully restarted nginx-thrift
[2025-10-22T11:08:36.556+0000] {docker.py:438} INFO - INFO:kubernetes_actions:Restarting deployment: text-service
[2025-10-22T11:08:36.738+0000] {docker.py:438} INFO - INFO:kubernetes_actions:✅ Successfully restarted text-service
[2025-10-22T11:08:36.740+0000] {docker.py:438} INFO - INFO:kubernetes_actions:Restarting deployment: unique-id-service
[2025-10-22T11:08:36.933+0000] {docker.py:438} INFO - INFO:kubernetes_actions:✅ Successfully restarted unique-id-service
[2025-10-22T11:08:36.934+0000] {docker.py:438} INFO - INFO:kubernetes_actions:Restarting deployment: user-mention-service
[2025-10-22T11:08:37.114+0000] {docker.py:438} INFO - INFO:kubernetes_actions:✅ Successfully restarted user-mention-service
[2025-10-22T11:08:37.116+0000] {docker.py:438} INFO - INFO:kubernetes_actions:Waiting 90 seconds for services to restart...
[2025-10-22T11:10:07.117+0000] {docker.py:438} INFO - INFO:kubernetes_actions:Reinitializing social network data...
[2025-10-22T11:20:54.370+0000] {docker.py:438} INFO - INFO:kubernetes_actions:Social network reinitialization completed successfully
[2025-10-22T11:20:54.371+0000] {docker.py:438} INFO - [32m[2025-10-22 11:20:54 INFO] Let's rollback...
[2025-10-22T11:20:54.372+0000] {docker.py:438} INFO - [32m[2025-10-22 11:20:54 INFO] No declared rollbacks, let's move on.
[2025-10-22T11:20:54.373+0000] {docker.py:438} INFO - [32m[2025-10-22 11:20:54 INFO] Experiment ended with status: completed
[2025-10-22T11:20:54.536+0000] {docker.py:438} INFO - Reinitialized Social Networking APplication successfully
[2025-10-22T11:20:54.927+0000] {taskinstance.py:340} INFO - ::group::Post task execution logs
[2025-10-22T11:20:54.927+0000] {taskinstance.py:352} INFO - Marking task as SUCCESS. dag_id=Reinitialize_Application, task_id=apply_container_restart_docker, run_id=manual__2025-10-22T11:07:41.388093+00:00, execution_date=20251022T110741, start_date=20251022T110743, end_date=20251022T112054
[2025-10-22T11:20:55.055+0000] {local_task_job_runner.py:266} INFO - Task exited with return code 0
[2025-10-22T11:20:55.081+0000] {taskinstance.py:3900} INFO - 0 downstream tasks scheduled from follow-on schedule check
[2025-10-22T11:20:55.084+0000] {local_task_job_runner.py:245} INFO - ::endgroup::
