[2025-10-22T04:54:01.905+0000] {local_task_job_runner.py:123} INFO - ::group::Pre task execution logs
[2025-10-22T04:54:01.932+0000] {taskinstance.py:2612} INFO - Dependencies all met for dep_context=non-requeueable deps ti=<TaskInstance: Reinitialize_Application.apply_container_restart_docker manual__2025-10-22T04:53:59.738219+00:00 [queued]>
[2025-10-22T04:54:01.943+0000] {taskinstance.py:2612} INFO - Dependencies all met for dep_context=requeueable deps ti=<TaskInstance: Reinitialize_Application.apply_container_restart_docker manual__2025-10-22T04:53:59.738219+00:00 [queued]>
[2025-10-22T04:54:01.944+0000] {taskinstance.py:2865} INFO - Starting attempt 1 of 1
[2025-10-22T04:54:01.975+0000] {taskinstance.py:2888} INFO - Executing <Task(DockerOperator): apply_container_restart_docker> on 2025-10-22 04:53:59.738219+00:00
[2025-10-22T04:54:01.988+0000] {standard_task_runner.py:72} INFO - Started process 3265 to run task
[2025-10-22T04:54:02.001+0000] {standard_task_runner.py:104} INFO - Running: ['***', 'tasks', 'run', 'Reinitialize_Application', 'apply_container_restart_docker', 'manual__2025-10-22T04:53:59.738219+00:00', '--job-id', '10283', '--raw', '--subdir', 'DAGS_FOLDER/dag_factory.py', '--cfg-path', '/tmp/tmplst460qt']
[2025-10-22T04:54:02.003+0000] {standard_task_runner.py:105} INFO - Job 10283: Subtask apply_container_restart_docker
[2025-10-22T04:54:02.119+0000] {task_command.py:467} INFO - Running <TaskInstance: Reinitialize_Application.apply_container_restart_docker manual__2025-10-22T04:53:59.738219+00:00 [running]> on host workflow.y2twbfvcjkaujnl2bmtbxunhcb.cx.internal.cloudapp.net
[2025-10-22T04:54:02.275+0000] {taskinstance.py:3131} INFO - Exporting env vars: AIRFLOW_CTX_DAG_OWNER='***' AIRFLOW_CTX_DAG_ID='Reinitialize_Application' AIRFLOW_CTX_TASK_ID='apply_container_restart_docker' AIRFLOW_CTX_EXECUTION_DATE='2025-10-22T04:53:59.738219+00:00' AIRFLOW_CTX_TRY_NUMBER='1' AIRFLOW_CTX_DAG_RUN_ID='manual__2025-10-22T04:53:59.738219+00:00'
[2025-10-22T04:54:02.284+0000] {taskinstance.py:731} INFO - ::endgroup::
[2025-10-22T04:54:02.347+0000] {docker.py:367} INFO - Starting docker container from image priyanshu01ce/***_chaos:latest
[2025-10-22T04:54:02.919+0000] {docker.py:438} INFO - The container is run as root user. For security, consider using a regular user account.
[2025-10-22T04:54:21.357+0000] {docker.py:438} INFO - 
[2025-10-22T04:54:21.379+0000] {docker.py:438} INFO - total 1272
[2025-10-22T04:54:21.380+0000] {docker.py:438} INFO - drwxr-xr-x 6    1000 1000   4096 Oct 21 10:46 .
[2025-10-22T04:54:21.380+0000] {docker.py:438} INFO - drwxr-xr-x 1 *** root   4096 Sep 26 10:44 ..
[2025-10-22T04:54:21.381+0000] {docker.py:438} INFO - -rw-r--r-- 1    1000 1000   1193 Sep  8 07:02 API_Latency.json
[2025-10-22T04:54:21.381+0000] {docker.py:438} INFO - -rw-r--r-- 1    1000 1000    729 Sep  9 10:30 API_Timeout.json
[2025-10-22T04:54:21.381+0000] {docker.py:438} INFO - -rw-r--r-- 1    1000 1000   1331 Oct  7 18:22 Continuous_Load_Test_Azure.yaml
[2025-10-22T04:54:21.382+0000] {docker.py:438} INFO - -rw-r--r-- 1    1000 1000   1266 Oct 10 06:39 Memory_Stress_Test_Azure.yaml
[2025-10-22T04:54:21.382+0000] {docker.py:438} INFO - -rw-r--r-- 1    1000 1000   1178 Sep 30 18:19 Stress_Test_Azure.yaml
[2025-10-22T04:54:21.383+0000] {docker.py:438} INFO - drwxrwxr-x 2 root    root   4096 Oct 21 09:41 __pycache__
[2025-10-22T04:54:21.383+0000] {docker.py:438} INFO - drwxrwxr-x 5    1000 1000   4096 Oct 21 08:05 chaos_env
[2025-10-22T04:54:21.384+0000] {docker.py:438} INFO - -rw-r--r-- 1    1000 1000   8875 Sep 25 16:54 chaosk6_actions.py
[2025-10-22T04:54:21.384+0000] {docker.py:438} INFO - -rw-rw-r-- 1    1000 1000 665494 Oct 22 04:50 chaostoolkit.log
[2025-10-22T04:54:21.384+0000] {docker.py:438} INFO - -rw-r--r-- 1    1000 1000   3213 Sep  9 09:11 combined-sequential.json
[2025-10-22T04:54:21.387+0000] {docker.py:438} INFO - -rw-r--r-- 1    1000 1000    502 Sep 16 05:31 connection_test_experiment.json
[2025-10-22T04:54:21.387+0000] {docker.py:438} INFO - -rw-r--r-- 1    1000 1000   1420 Sep 24 06:53 container_restart.json
[2025-10-22T04:54:21.388+0000] {docker.py:438} INFO - -rw-r--r-- 1    1000 1000  16452 Sep 26 09:59 container_restart.py
[2025-10-22T04:54:21.388+0000] {docker.py:438} INFO - -rw-r--r-- 1    1000 1000   1313 Oct  9 06:32 container_restart_Azure.yaml
[2025-10-22T04:54:21.390+0000] {docker.py:438} INFO - -rw-r--r-- 1    1000 1000   1409 Sep 18 12:30 continuous_load_test.json
[2025-10-22T04:54:21.390+0000] {docker.py:438} INFO - -rw-r--r-- 1    1000 1000   1637 Sep 25 10:13 cordon-uncordon-node.json
[2025-10-22T04:54:21.391+0000] {docker.py:438} INFO - -rw-r--r-- 1    1000 1000   1637 Sep 25 04:39 cordon_test.json
[2025-10-22T04:54:21.392+0000] {docker.py:438} INFO - -rw-r--r-- 1    1000 1000   1034 Sep 30 18:27 cordon_uncordon_node_Azure.yaml
[2025-10-22T04:54:21.392+0000] {docker.py:438} INFO - -rw-r--r-- 1    1000 1000   1203 Sep 30 06:51 cpu_stress_ng.json
[2025-10-22T04:54:21.393+0000] {docker.py:438} INFO - -rw-r--r-- 1    1000 1000   1760 Oct 21 08:00 db_cleanup.json
[2025-10-22T04:54:21.393+0000] {docker.py:438} INFO - -rw-r--r-- 1    1000 1000   6399 Sep 24 07:40 db_cleanup.py
[2025-10-22T04:54:21.394+0000] {docker.py:438} INFO - -rw-r--r-- 1    1000 1000   3217 Oct 22 04:50 journal.json
[2025-10-22T04:54:21.396+0000] {docker.py:438} INFO - -rw-rw-r-- 1 root    root 373358 Oct 22 04:50 k6_continuous_load.log
[2025-10-22T04:54:21.396+0000] {docker.py:438} INFO - -rw-r--r-- 1    1000 1000   3933 Oct 22 04:50 k6_continuous_summary.json
[2025-10-22T04:54:21.397+0000] {docker.py:438} INFO - -rw-r--r-- 1    1000 1000   3433 Sep 25 09:28 k6_summary.json
[2025-10-22T04:54:21.397+0000] {docker.py:438} INFO - -rw-r--r-- 1    1000 1000    989 Sep 30 09:24 kubernetes_actions.json
[2025-10-22T04:54:21.398+0000] {docker.py:438} INFO - -rw-r--r-- 1    1000 1000  10961 Sep 30 09:23 kubernetes_actions.py
[2025-10-22T04:54:21.398+0000] {docker.py:438} INFO - -rw-r--r-- 1    1000 1000    945 Sep 21 16:40 load_test.json
[2025-10-22T04:54:21.398+0000] {docker.py:438} INFO - -rw-r--r-- 1    1000 1000    528 Sep 17 12:13 max_connection_experiment.json
[2025-10-22T04:54:21.399+0000] {docker.py:438} INFO - -rw-r--r-- 1    1000 1000   1227 Sep 13 15:20 memory-stress-rollback.json
[2025-10-22T04:54:21.399+0000] {docker.py:438} INFO - -rw-rw-r-- 1    1000 1000    982 Oct 10 06:38 memory_stress.json
[2025-10-22T04:54:21.400+0000] {docker.py:438} INFO - -rw-rw-r-- 1    1000 1000   4581 Oct 10 06:38 memory_stress.py
[2025-10-22T04:54:21.400+0000] {docker.py:438} INFO - -rw-r--r-- 1    1000 1000   1421 Sep 29 05:20 mongo_db_container_restart.json
[2025-10-22T04:54:21.401+0000] {docker.py:438} INFO - -rw-r--r-- 1    1000 1000   7586 Sep 18 05:54 mongodb_actions.py
[2025-10-22T04:54:21.403+0000] {docker.py:438} INFO - -rw-r--r-- 1    1000 1000   2136 Sep 18 11:23 mongodb_connection.json
[2025-10-22T04:54:21.403+0000] {docker.py:438} INFO - -rw-r--r-- 1    1000 1000    597 Sep 16 09:17 mongodb_network_latency_experiment.json
[2025-10-22T04:54:21.404+0000] {docker.py:438} INFO - -rw-r--r-- 1    1000 1000   3657 Sep 18 05:42 mongodb_probes.py
[2025-10-22T04:54:21.404+0000] {docker.py:438} INFO - -rw-r--r-- 1    1000 1000   6161 Sep 12 08:04 pod_restart.py
[2025-10-22T04:54:21.405+0000] {docker.py:438} INFO - -rw-r--r-- 1    1000 1000   1497 Sep 30 05:50 redis_config_faults.py
[2025-10-22T04:54:21.405+0000] {docker.py:438} INFO - -rw-r--r-- 1    1000 1000    862 Sep 30 05:50 redis_experiment.json
[2025-10-22T04:54:21.405+0000] {docker.py:438} INFO - -rw-r--r-- 1    1000 1000    945 Sep 18 06:53 redis_load.json
[2025-10-22T04:54:21.406+0000] {docker.py:438} INFO - -rw-r--r-- 1    1000 1000   1306 Oct  9 16:34 redis_memory_stress_Azure.yaml
[2025-10-22T04:54:21.406+0000] {docker.py:438} INFO - -rw-rw-r-- 1    1000 1000   1333 Oct 21 09:39 reinitialize_application.yaml
[2025-10-22T04:54:21.407+0000] {docker.py:438} INFO - -rw-r--r-- 1    1000 1000   1284 Sep 25 10:53 run_load_test_with_cleanup.py
[2025-10-22T04:54:21.407+0000] {docker.py:438} INFO - drwxr-xr-x 2    1000 1000   4096 Oct  8 01:13 scripts
[2025-10-22T04:54:21.407+0000] {docker.py:438} INFO - drwxr-xr-x 4    1000 1000   4096 Sep 30 09:41 socialNetwork
[2025-10-22T04:54:21.410+0000] {docker.py:438} INFO - -rw-r--r-- 1    1000 1000    821 Sep 26 13:20 stress_test.json
[2025-10-22T04:54:21.410+0000] {docker.py:438} INFO - -rw-r--r-- 1    1000 1000    367 Sep 17 07:24 test_params.json
[2025-10-22T04:54:21.411+0000] {docker.py:438} INFO - Starting Reinitializing the Social Networking Application...
[2025-10-22T04:54:22.404+0000] {docker.py:438} INFO - [32m[2025-10-22 04:54:22 INFO] Validating the experiment's syntax
[2025-10-22T04:54:22.982+0000] {docker.py:438} INFO - [32m[2025-10-22 04:54:22 INFO] Experiment looks valid
[2025-10-22T04:54:22.984+0000] {docker.py:438} INFO - [32m[2025-10-22 04:54:22 INFO] Running experiment: Simple Social Network Reset
[2025-10-22T04:54:22.989+0000] {docker.py:438} INFO - [32m[2025-10-22 04:54:22 INFO] Steady-state strategy: default
[2025-10-22T04:54:22.990+0000] {docker.py:438} INFO - [32m[2025-10-22 04:54:22 INFO] Rollbacks strategy: default
[2025-10-22T04:54:22.991+0000] {docker.py:438} INFO - [32m[2025-10-22 04:54:22 INFO] No steady state hypothesis defined. That's ok, just exploring.
[2025-10-22T04:54:22.991+0000] {docker.py:438} INFO - [32m[2025-10-22 04:54:22 INFO] Playing your experiment's method now...
[2025-10-22T04:54:22.993+0000] {docker.py:438} INFO - [32m[2025-10-22 04:54:22 INFO] Action: complete-reset-and-reinit
[2025-10-22T04:54:23.000+0000] {docker.py:438} INFO - INFO:kubernetes_actions:Starting complete reset and reinitialization...
[2025-10-22T04:54:23.001+0000] {docker.py:438} INFO - INFO:kubernetes_actions:Starting full social network reset...
[2025-10-22T04:54:23.002+0000] {docker.py:438} INFO - INFO:kubernetes_actions:Clearing Redis data...
[2025-10-22T04:54:23.032+0000] {docker.py:438} INFO - INFO:kubernetes_actions:Loaded local Kubernetes config
[2025-10-22T04:54:23.050+0000] {docker.py:438} INFO - INFO:kubernetes_actions:Loaded local Kubernetes config
[2025-10-22T04:54:23.427+0000] {docker.py:438} INFO - INFO:kubernetes_actions:Found running pod: social-graph-redis-64bd79b48b-872bt for deployment: social-graph-redis
[2025-10-22T04:54:23.429+0000] {docker.py:438} INFO - INFO:kubernetes_actions:Executing command in pod social-graph-redis-64bd79b48b-872bt, container social-graph-redis: redis-cli FLUSHALL
[2025-10-22T04:54:24.784+0000] {docker.py:438} INFO - INFO:kubernetes_actions:Command executed successfully. Output: OK
[2025-10-22T04:54:24.802+0000] {docker.py:438} INFO - INFO:kubernetes_actions:Loaded local Kubernetes config
[2025-10-22T04:54:24.861+0000] {docker.py:438} INFO - INFO:kubernetes_actions:Loaded local Kubernetes config
[2025-10-22T04:54:25.195+0000] {docker.py:438} INFO - INFO:kubernetes_actions:Found running pod: home-timeline-redis-744dd9998f-pjkn8 for deployment: home-timeline-redis
[2025-10-22T04:54:25.197+0000] {docker.py:438} INFO - INFO:kubernetes_actions:Executing command in pod home-timeline-redis-744dd9998f-pjkn8, container home-timeline-redis: redis-cli FLUSHALL
[2025-10-22T04:54:26.895+0000] {docker.py:438} INFO - INFO:kubernetes_actions:Command executed successfully. Output: OK
[2025-10-22T04:54:26.912+0000] {docker.py:438} INFO - INFO:kubernetes_actions:Loaded local Kubernetes config
[2025-10-22T04:54:26.930+0000] {docker.py:438} INFO - INFO:kubernetes_actions:Loaded local Kubernetes config
[2025-10-22T04:54:27.208+0000] {docker.py:438} INFO - INFO:kubernetes_actions:Found running pod: user-timeline-redis-7b8f6ff4fb-nnwvw for deployment: user-timeline-redis
[2025-10-22T04:54:27.210+0000] {docker.py:438} INFO - INFO:kubernetes_actions:Executing command in pod user-timeline-redis-7b8f6ff4fb-nnwvw, container user-timeline-redis: redis-cli FLUSHALL
[2025-10-22T04:54:28.944+0000] {docker.py:438} INFO - INFO:kubernetes_actions:Command executed successfully. Output: OK
[2025-10-22T04:54:28.945+0000] {docker.py:438} INFO - 
[2025-10-22T04:54:28.945+0000] {docker.py:438} INFO - INFO:kubernetes_actions:Clearing Memcached data...
[2025-10-22T04:54:28.962+0000] {docker.py:438} INFO - INFO:kubernetes_actions:Loaded local Kubernetes config
[2025-10-22T04:54:28.980+0000] {docker.py:438} INFO - INFO:kubernetes_actions:Loaded local Kubernetes config
[2025-10-22T04:54:29.355+0000] {docker.py:438} INFO - INFO:kubernetes_actions:Found running pod: post-storage-memcached-67c6cc65cc-kzdlc for deployment: post-storage-memcached
[2025-10-22T04:54:29.357+0000] {docker.py:438} INFO - INFO:kubernetes_actions:Executing command in pod post-storage-memcached-67c6cc65cc-kzdlc, container post-storage-memcached: sh -c echo 'flush_all' | nc localhost 11211
[2025-10-22T04:54:30.708+0000] {docker.py:438} INFO - INFO:kubernetes_actions:Command executed successfully. Output: sh: 1: nc: not found
[2025-10-22T04:54:30.726+0000] {docker.py:438} INFO - INFO:kubernetes_actions:Loaded local Kubernetes config
[2025-10-22T04:54:30.743+0000] {docker.py:438} INFO - INFO:kubernetes_actions:Loaded local Kubernetes config
[2025-10-22T04:54:31.148+0000] {docker.py:438} INFO - INFO:kubernetes_actions:Found running pod: user-memcached-56f89988c-68wlh for deployment: user-memcached
[2025-10-22T04:54:31.149+0000] {docker.py:438} INFO - INFO:kubernetes_actions:Executing command in pod user-memcached-56f89988c-68wlh, container user-memcached: sh -c echo 'flush_all' | nc localhost 11211
[2025-10-22T04:54:32.486+0000] {docker.py:438} INFO - INFO:kubernetes_actions:Command executed successfully. Output: sh: 1: nc: not found
[2025-10-22T04:54:32.487+0000] {docker.py:438} INFO - INFO:kubernetes_actions:Dropping MongoDB databases...
[2025-10-22T04:54:32.504+0000] {docker.py:438} INFO - INFO:kubernetes_actions:Loaded local Kubernetes config
[2025-10-22T04:54:32.521+0000] {docker.py:438} INFO - INFO:kubernetes_actions:Loaded local Kubernetes config
[2025-10-22T04:54:32.842+0000] {docker.py:438} INFO - INFO:kubernetes_actions:Found running pod: post-storage-mongodb-7f7657964c-qvfvs for deployment: post-storage-mongodb
[2025-10-22T04:54:32.843+0000] {docker.py:438} INFO - INFO:kubernetes_actions:Executing command in pod post-storage-mongodb-7f7657964c-qvfvs, container post-storage-mongodb: mongo --eval db.getSiblingDB('post').dropDatabase()
[2025-10-22T04:54:34.509+0000] {docker.py:438} INFO - INFO:kubernetes_actions:Command executed successfully. Output: MongoDB shell version v4.4.6
[2025-10-22T04:54:34.510+0000] {docker.py:438} INFO - connecting to: mongodb://127.0.0.1:27017/?compressors=disabled&gssapiServiceName=mongodb
[2025-10-22T04:54:34.510+0000] {docker.py:438} INFO - Implicit session: session { "id" : UUID("39989970-46d1-4d1c-97f1-57cc4663467d") }
[2025-10-22T04:54:34.511+0000] {docker.py:438} INFO - MongoDB server version: 4.4.6
[2025-10-22T04:54:34.511+0000] {docker.py:438} INFO - { "dropped" : "post", "ok" : 1 }
[2025-10-22T04:54:34.528+0000] {docker.py:438} INFO - INFO:kubernetes_actions:Loaded local Kubernetes config
[2025-10-22T04:54:34.545+0000] {docker.py:438} INFO - INFO:kubernetes_actions:Loaded local Kubernetes config
[2025-10-22T04:54:34.838+0000] {docker.py:438} INFO - INFO:kubernetes_actions:Found running pod: post-storage-mongodb-7f7657964c-qvfvs for deployment: post-storage-mongodb
[2025-10-22T04:54:34.840+0000] {docker.py:438} INFO - INFO:kubernetes_actions:Executing command in pod post-storage-mongodb-7f7657964c-qvfvs, container post-storage-mongodb: mongo --eval db.getSiblingDB('READ__ME_TO_RECOVER_YOUR_DATA').dropDatabase()
[2025-10-22T04:54:36.501+0000] {docker.py:438} INFO - INFO:kubernetes_actions:Command executed successfully. Output: MongoDB shell version v4.4.6
[2025-10-22T04:54:36.502+0000] {docker.py:438} INFO - connecting to: mongodb://127.0.0.1:27017/?compressors=disabled&gssapiServiceName=mongodb
[2025-10-22T04:54:36.502+0000] {docker.py:438} INFO - Implicit session: session { "id" : UUID("99b1e6c2-86da-462f-9c5e-83a9d721ec4b") }
[2025-10-22T04:54:36.504+0000] {docker.py:438} INFO - MongoDB server version: 4.4.6
[2025-10-22T04:54:36.506+0000] {docker.py:438} INFO - { "ok" : 1 }
[2025-10-22T04:54:36.534+0000] {docker.py:438} INFO - INFO:kubernetes_actions:Loaded local Kubernetes config
[2025-10-22T04:54:36.551+0000] {docker.py:438} INFO - INFO:kubernetes_actions:Loaded local Kubernetes config
[2025-10-22T04:54:36.886+0000] {docker.py:438} INFO - INFO:kubernetes_actions:Found running pod: user-mongodb-f95b7d968-bhjcd for deployment: user-mongodb
[2025-10-22T04:54:36.888+0000] {docker.py:438} INFO - INFO:kubernetes_actions:Executing command in pod user-mongodb-f95b7d968-bhjcd, container user-mongodb: mongo --eval db.getSiblingDB('user').dropDatabase()
[2025-10-22T04:54:38.510+0000] {docker.py:438} INFO - INFO:kubernetes_actions:Command executed successfully. Output: MongoDB shell version v4.4.6
[2025-10-22T04:54:38.511+0000] {docker.py:438} INFO - connecting to: mongodb://127.0.0.1:27017/?compressors=disabled&gssapiServiceName=mongodb
[2025-10-22T04:54:38.511+0000] {docker.py:438} INFO - Implicit session: session { "id" : UUID("030c2610-36c7-4d87-9ed0-5662acbaa186") }
[2025-10-22T04:54:38.512+0000] {docker.py:438} INFO - MongoDB server version: 4.4.6
[2025-10-22T04:54:38.512+0000] {docker.py:438} INFO - { "dropped" : "user", "ok" : 1 }
[2025-10-22T04:54:38.543+0000] {docker.py:438} INFO - INFO:kubernetes_actions:Loaded local Kubernetes config
[2025-10-22T04:54:38.563+0000] {docker.py:438} INFO - INFO:kubernetes_actions:Loaded local Kubernetes config
[2025-10-22T04:54:38.896+0000] {docker.py:438} INFO - INFO:kubernetes_actions:Found running pod: user-mongodb-f95b7d968-bhjcd for deployment: user-mongodb
[2025-10-22T04:54:38.898+0000] {docker.py:438} INFO - INFO:kubernetes_actions:Executing command in pod user-mongodb-f95b7d968-bhjcd, container user-mongodb: mongo --eval db.getSiblingDB('READ__ME_TO_RECOVER_YOUR_DATA').dropDatabase()
[2025-10-22T04:54:40.416+0000] {docker.py:438} INFO - INFO:kubernetes_actions:Command executed successfully. Output: MongoDB shell version v4.4.6
[2025-10-22T04:54:40.417+0000] {docker.py:438} INFO - connecting to: mongodb://127.0.0.1:27017/?compressors=disabled&gssapiServiceName=mongodb
[2025-10-22T04:54:40.417+0000] {docker.py:438} INFO - Implicit session: session { "id" : UUID("6c39ae68-3537-4936-ab2b-5c149917db94") }
[2025-10-22T04:54:40.418+0000] {docker.py:438} INFO - MongoDB server version: 4.4.6
[2025-10-22T04:54:40.418+0000] {docker.py:438} INFO - { "ok" : 1 }
[2025-10-22T04:54:40.434+0000] {docker.py:438} INFO - INFO:kubernetes_actions:Loaded local Kubernetes config
[2025-10-22T04:54:40.452+0000] {docker.py:438} INFO - INFO:kubernetes_actions:Loaded local Kubernetes config
[2025-10-22T04:54:40.713+0000] {docker.py:438} INFO - INFO:kubernetes_actions:Found running pod: social-graph-mongodb-77fd77d9f4-ckft8 for deployment: social-graph-mongodb
[2025-10-22T04:54:40.715+0000] {docker.py:438} INFO - INFO:kubernetes_actions:Executing command in pod social-graph-mongodb-77fd77d9f4-ckft8, container social-graph-mongodb: mongo --eval db.getSiblingDB('social-graph').dropDatabase()
[2025-10-22T04:54:42.309+0000] {docker.py:438} INFO - INFO:kubernetes_actions:Command executed successfully. Output: MongoDB shell version v4.4.6
[2025-10-22T04:54:42.310+0000] {docker.py:438} INFO - connecting to: mongodb://127.0.0.1:27017/?compressors=disabled&gssapiServiceName=mongodb
[2025-10-22T04:54:42.311+0000] {docker.py:438} INFO - Implicit session: session { "id" : UUID("55fb38fc-ed14-4293-aad2-70a37cc638c8") }
[2025-10-22T04:54:42.311+0000] {docker.py:438} INFO - MongoDB server version: 4.4.6
[2025-10-22T04:54:42.313+0000] {docker.py:438} INFO - { "dropped" : "social-graph", "ok" : 1 }
[2025-10-22T04:54:42.329+0000] {docker.py:438} INFO - INFO:kubernetes_actions:Loaded local Kubernetes config
[2025-10-22T04:54:42.347+0000] {docker.py:438} INFO - INFO:kubernetes_actions:Loaded local Kubernetes config
[2025-10-22T04:54:42.629+0000] {docker.py:438} INFO - INFO:kubernetes_actions:Found running pod: social-graph-mongodb-77fd77d9f4-ckft8 for deployment: social-graph-mongodb
[2025-10-22T04:54:42.630+0000] {docker.py:438} INFO - INFO:kubernetes_actions:Executing command in pod social-graph-mongodb-77fd77d9f4-ckft8, container social-graph-mongodb: mongo --eval db.getSiblingDB('READ__ME_TO_RECOVER_YOUR_DATA').dropDatabase()
[2025-10-22T04:54:44.208+0000] {docker.py:438} INFO - INFO:kubernetes_actions:Command executed successfully. Output: MongoDB shell version v4.4.6
[2025-10-22T04:54:44.209+0000] {docker.py:438} INFO - connecting to: mongodb://127.0.0.1:27017/?compressors=disabled&gssapiServiceName=mongodb
[2025-10-22T04:54:44.209+0000] {docker.py:438} INFO - Implicit session: session { "id" : UUID("afbeb6fd-8f38-4f9d-83a3-77dc2c715ee8") }
[2025-10-22T04:54:44.210+0000] {docker.py:438} INFO - MongoDB server version: 4.4.6
[2025-10-22T04:54:44.210+0000] {docker.py:438} INFO - { "ok" : 1 }
[2025-10-22T04:54:44.250+0000] {docker.py:438} INFO - INFO:kubernetes_actions:Loaded local Kubernetes config
[2025-10-22T04:54:44.281+0000] {docker.py:438} INFO - INFO:kubernetes_actions:Loaded local Kubernetes config
[2025-10-22T04:54:44.545+0000] {docker.py:438} INFO - INFO:kubernetes_actions:Found running pod: user-timeline-mongodb-6ff9797bfc-bcwvx for deployment: user-timeline-mongodb
[2025-10-22T04:54:44.547+0000] {docker.py:438} INFO - INFO:kubernetes_actions:Executing command in pod user-timeline-mongodb-6ff9797bfc-bcwvx, container user-timeline-mongodb: mongo --eval db.getSiblingDB('user-timeline').dropDatabase()
[2025-10-22T04:54:46.240+0000] {docker.py:438} INFO - INFO:kubernetes_actions:Command executed successfully. Output: MongoDB shell version v4.4.6
[2025-10-22T04:54:46.240+0000] {docker.py:438} INFO - connecting to: mongodb://127.0.0.1:27017/?compressors=disabled&gssapiServiceName=mongodb
[2025-10-22T04:54:46.242+0000] {docker.py:438} INFO - Implicit session: session { "id" : UUID("b61db0bf-444c-4181-bbb2-a1bed2939b30") }
[2025-10-22T04:54:46.242+0000] {docker.py:438} INFO - MongoDB server version: 4.4.6
[2025-10-22T04:54:46.244+0000] {docker.py:438} INFO - { "dropped" : "user-timeline", "ok" : 1 }
[2025-10-22T04:54:46.282+0000] {docker.py:438} INFO - INFO:kubernetes_actions:Loaded local Kubernetes config
[2025-10-22T04:54:46.326+0000] {docker.py:438} INFO - INFO:kubernetes_actions:Loaded local Kubernetes config
[2025-10-22T04:54:46.676+0000] {docker.py:438} INFO - INFO:kubernetes_actions:Found running pod: user-timeline-mongodb-6ff9797bfc-bcwvx for deployment: user-timeline-mongodb
[2025-10-22T04:54:46.679+0000] {docker.py:438} INFO - INFO:kubernetes_actions:Executing command in pod user-timeline-mongodb-6ff9797bfc-bcwvx, container user-timeline-mongodb: mongo --eval db.getSiblingDB('READ__ME_TO_RECOVER_YOUR_DATA').dropDatabase()
[2025-10-22T04:54:48.424+0000] {docker.py:438} INFO - INFO:kubernetes_actions:Command executed successfully. Output: MongoDB shell version v4.4.6
[2025-10-22T04:54:48.425+0000] {docker.py:438} INFO - connecting to: mongodb://127.0.0.1:27017/?compressors=disabled&gssapiServiceName=mongodb
[2025-10-22T04:54:48.426+0000] {docker.py:438} INFO - Implicit session: session { "id" : UUID("c8d0ed90-c001-4a7e-9a9a-6f1bcf995924") }
[2025-10-22T04:54:48.427+0000] {docker.py:438} INFO - MongoDB server version: 4.4.6
[2025-10-22T04:54:48.427+0000] {docker.py:438} INFO - { "ok" : 1 }
[2025-10-22T04:54:48.428+0000] {docker.py:438} INFO - INFO:kubernetes_actions:Full social network reset completed
[2025-10-22T04:54:53.445+0000] {docker.py:438} INFO - INFO:kubernetes_actions:Loaded local Kubernetes config
[2025-10-22T04:54:53.447+0000] {docker.py:438} INFO - INFO:kubernetes_actions:Restarting deployment: social-graph-service
[2025-10-22T04:54:53.839+0000] {docker.py:438} INFO - INFO:kubernetes_actions:✅ Successfully restarted social-graph-service
[2025-10-22T04:54:53.841+0000] {docker.py:438} INFO - INFO:kubernetes_actions:Restarting deployment: user-service
[2025-10-22T04:54:54.031+0000] {docker.py:438} INFO - INFO:kubernetes_actions:✅ Successfully restarted user-service
[2025-10-22T04:54:54.032+0000] {docker.py:438} INFO - INFO:kubernetes_actions:Restarting deployment: post-storage-service
[2025-10-22T04:54:54.275+0000] {docker.py:438} INFO - INFO:kubernetes_actions:✅ Successfully restarted post-storage-service
[2025-10-22T04:54:54.279+0000] {docker.py:438} INFO - INFO:kubernetes_actions:Restarting deployment: compose-post-service
[2025-10-22T04:54:54.495+0000] {docker.py:438} INFO - INFO:kubernetes_actions:✅ Successfully restarted compose-post-service
[2025-10-22T04:54:54.495+0000] {docker.py:438} INFO - INFO:kubernetes_actions:Restarting deployment: home-timeline-service
[2025-10-22T04:54:54.680+0000] {docker.py:438} INFO - INFO:kubernetes_actions:✅ Successfully restarted home-timeline-service
[2025-10-22T04:54:54.681+0000] {docker.py:438} INFO - INFO:kubernetes_actions:Restarting deployment: user-timeline-service
[2025-10-22T04:54:54.892+0000] {docker.py:438} INFO - INFO:kubernetes_actions:✅ Successfully restarted user-timeline-service
[2025-10-22T04:54:54.893+0000] {docker.py:438} INFO - INFO:kubernetes_actions:Restarting deployment: nginx-thrift
[2025-10-22T04:54:55.169+0000] {docker.py:438} INFO - INFO:kubernetes_actions:✅ Successfully restarted nginx-thrift
[2025-10-22T04:54:55.170+0000] {docker.py:438} INFO - INFO:kubernetes_actions:Restarting deployment: text-service
[2025-10-22T04:54:55.363+0000] {docker.py:438} INFO - INFO:kubernetes_actions:✅ Successfully restarted text-service
[2025-10-22T04:54:55.364+0000] {docker.py:438} INFO - INFO:kubernetes_actions:Restarting deployment: unique-id-service
[2025-10-22T04:54:55.574+0000] {docker.py:438} INFO - INFO:kubernetes_actions:✅ Successfully restarted unique-id-service
[2025-10-22T04:54:55.575+0000] {docker.py:438} INFO - INFO:kubernetes_actions:Restarting deployment: user-mention-service
[2025-10-22T04:54:55.775+0000] {docker.py:438} INFO - INFO:kubernetes_actions:✅ Successfully restarted user-mention-service
[2025-10-22T04:54:55.776+0000] {docker.py:438} INFO - INFO:kubernetes_actions:Waiting 90 seconds for services to restart...
[2025-10-22T04:56:25.780+0000] {docker.py:438} INFO - INFO:kubernetes_actions:Reinitializing social network data...
[2025-10-22T05:01:39.473+0000] {docker.py:438} INFO - INFO:kubernetes_actions:Social network reinitialization completed successfully
[2025-10-22T05:01:39.474+0000] {docker.py:438} INFO - [32m[2025-10-22 05:01:39 INFO] Let's rollback...
[2025-10-22T05:01:39.475+0000] {docker.py:438} INFO - [32m[2025-10-22 05:01:39 INFO] No declared rollbacks, let's move on.
[2025-10-22T05:01:39.476+0000] {docker.py:438} INFO - [32m[2025-10-22 05:01:39 INFO] Experiment ended with status: completed
[2025-10-22T05:01:39.703+0000] {docker.py:438} INFO - Reinitialized Social Networking APplication successfully
[2025-10-22T05:01:40.071+0000] {taskinstance.py:340} INFO - ::group::Post task execution logs
[2025-10-22T05:01:40.072+0000] {taskinstance.py:352} INFO - Marking task as SUCCESS. dag_id=Reinitialize_Application, task_id=apply_container_restart_docker, run_id=manual__2025-10-22T04:53:59.738219+00:00, execution_date=20251022T045359, start_date=20251022T045401, end_date=20251022T050140
[2025-10-22T05:01:40.159+0000] {local_task_job_runner.py:266} INFO - Task exited with return code 0
[2025-10-22T05:01:40.183+0000] {taskinstance.py:3900} INFO - 0 downstream tasks scheduled from follow-on schedule check
[2025-10-22T05:01:40.186+0000] {local_task_job_runner.py:245} INFO - ::endgroup::
