[2025-10-05T12:00:02.280+0000] {local_task_job_runner.py:123} INFO - ::group::Pre task execution logs
[2025-10-05T12:00:02.315+0000] {taskinstance.py:2612} INFO - Dependencies all met for dep_context=non-requeueable deps ti=<TaskInstance: Cordon_Uncordon_Node.apply_cordon_uncordon_node scheduled__2025-10-05T09:00:00+00:00 [queued]>
[2025-10-05T12:00:02.327+0000] {taskinstance.py:2612} INFO - Dependencies all met for dep_context=requeueable deps ti=<TaskInstance: Cordon_Uncordon_Node.apply_cordon_uncordon_node scheduled__2025-10-05T09:00:00+00:00 [queued]>
[2025-10-05T12:00:02.327+0000] {taskinstance.py:2865} INFO - Starting attempt 1 of 1
[2025-10-05T12:00:02.350+0000] {taskinstance.py:2888} INFO - Executing <Task(DockerOperator): apply_cordon_uncordon_node> on 2025-10-05 09:00:00+00:00
[2025-10-05T12:00:02.361+0000] {standard_task_runner.py:72} INFO - Started process 1024 to run task
[2025-10-05T12:00:02.371+0000] {standard_task_runner.py:104} INFO - Running: ['***', 'tasks', 'run', 'Cordon_Uncordon_Node', 'apply_cordon_uncordon_node', 'scheduled__2025-10-05T09:00:00+00:00', '--job-id', '342', '--raw', '--subdir', 'DAGS_FOLDER/dag_factory.py', '--cfg-path', '/tmp/tmpu1jyren6']
[2025-10-05T12:00:02.373+0000] {standard_task_runner.py:105} INFO - Job 342: Subtask apply_cordon_uncordon_node
[2025-10-05T12:00:02.480+0000] {task_command.py:467} INFO - Running <TaskInstance: Cordon_Uncordon_Node.apply_cordon_uncordon_node scheduled__2025-10-05T09:00:00+00:00 [running]> on host workflow.y2twbfvcjkaujnl2bmtbxunhcb.cx.internal.cloudapp.net
[2025-10-05T12:00:02.650+0000] {taskinstance.py:3131} INFO - Exporting env vars: AIRFLOW_CTX_DAG_OWNER='***' AIRFLOW_CTX_DAG_ID='Cordon_Uncordon_Node' AIRFLOW_CTX_TASK_ID='apply_cordon_uncordon_node' AIRFLOW_CTX_EXECUTION_DATE='2025-10-05T09:00:00+00:00' AIRFLOW_CTX_TRY_NUMBER='1' AIRFLOW_CTX_DAG_RUN_ID='scheduled__2025-10-05T09:00:00+00:00'
[2025-10-05T12:00:02.651+0000] {taskinstance.py:731} INFO - ::endgroup::
[2025-10-05T12:00:02.732+0000] {docker.py:367} INFO - Starting docker container from image ***_chaos:latest
[2025-10-05T12:00:03.300+0000] {docker.py:438} INFO - The container is run as root user. For security, consider using a regular user account.
[2025-10-05T12:00:16.828+0000] {docker.py:438} INFO - 
[2025-10-05T12:00:17.843+0000] {docker.py:438} INFO - [32m[2025-10-05 12:00:17 INFO] Validating the experiment's syntax
[2025-10-05T12:00:18.186+0000] {docker.py:438} INFO - [32m[2025-10-05 12:00:18 INFO] Experiment looks valid
[2025-10-05T12:00:18.192+0000] {docker.py:438} INFO - [32m[2025-10-05 12:00:18 INFO] Running experiment: Cordon-Pod Restart Combined Experiment
[2025-10-05T12:00:18.204+0000] {docker.py:438} INFO - [32m[2025-10-05 12:00:18 INFO] Steady-state strategy: default
[2025-10-05T12:00:18.205+0000] {docker.py:438} INFO - [32m[2025-10-05 12:00:18 INFO] Rollbacks strategy: default
[2025-10-05T12:00:18.206+0000] {docker.py:438} INFO - [32m[2025-10-05 12:00:18 INFO] No steady state hypothesis defined. That's ok, just exploring.
[2025-10-05T12:00:18.209+0000] {docker.py:438} INFO - [32m[2025-10-05 12:00:18 INFO] Playing your experiment's method now...
[2025-10-05T12:00:18.210+0000] {docker.py:438} INFO - [32m[2025-10-05 12:00:18 INFO] Action: cordon-nodes
[2025-10-05T12:00:19.278+0000] {docker.py:438} INFO - [32m[2025-10-05 12:00:19 INFO] Action: continuous-pod-restart-during-cordon
[2025-10-05T12:05:05.290+0000] {docker.py:438} INFO - 🚀 Starting continuous pod restart experiment
[2025-10-05T12:05:05.290+0000] {docker.py:438} INFO - 📅 Interval: 20 seconds
[2025-10-05T12:05:05.291+0000] {docker.py:438} INFO - ⏱️  Duration: 300 seconds
[2025-10-05T12:05:05.291+0000] {docker.py:438} INFO - 🎯 Target: app=post-storage-service
[2025-10-05T12:05:05.291+0000] {docker.py:438} INFO - 📍 Namespace: default
[2025-10-05T12:05:05.292+0000] {docker.py:438} INFO - 
[2025-10-05T12:05:05.292+0000] {docker.py:438} INFO - ==================================================
[2025-10-05T12:05:05.292+0000] {docker.py:438} INFO - 🔄 Restart #1 at 2025-10-05 12:00:19
[2025-10-05T12:05:05.292+0000] {docker.py:438} INFO - ==================================================
[2025-10-05T12:05:05.292+0000] {docker.py:438} INFO - Hello world - terminate function started!
[2025-10-05T12:05:05.293+0000] {docker.py:438} INFO - Selecting pods with label_selector: app=post-storage-service
[2025-10-05T12:05:05.293+0000] {docker.py:438} INFO - Found 1 pods initially
[2025-10-05T12:05:05.293+0000] {docker.py:438} INFO - Random selection: 1 pods
[2025-10-05T12:05:05.293+0000] {docker.py:438} INFO - Deleting pod: post-storage-service-769cf6947d-crdqx
[2025-10-05T12:05:05.293+0000] {docker.py:438} INFO - Deleted 1 pods: ['post-storage-service-769cf6947d-crdqx']
[2025-10-05T12:05:05.294+0000] {docker.py:438} INFO - ✅ Successfully restarted pods: ['post-storage-service-769cf6947d-crdqx']
[2025-10-05T12:05:05.294+0000] {docker.py:438} INFO - ⏳ Waiting 20 seconds until next restart...
[2025-10-05T12:05:05.294+0000] {docker.py:438} INFO - 📊 Time remaining: 300 seconds
[2025-10-05T12:05:05.294+0000] {docker.py:438} INFO - 
[2025-10-05T12:05:05.295+0000] {docker.py:438} INFO - ==================================================
[2025-10-05T12:05:05.295+0000] {docker.py:438} INFO - 🔄 Restart #2 at 2025-10-05 12:00:39
[2025-10-05T12:05:05.295+0000] {docker.py:438} INFO - ==================================================
[2025-10-05T12:05:05.295+0000] {docker.py:438} INFO - Hello world - terminate function started!
[2025-10-05T12:05:05.295+0000] {docker.py:438} INFO - Selecting pods with label_selector: app=post-storage-service
[2025-10-05T12:05:05.296+0000] {docker.py:438} INFO - Found 2 pods initially
[2025-10-05T12:05:05.296+0000] {docker.py:438} INFO - Random selection: 1 pods
[2025-10-05T12:05:05.296+0000] {docker.py:438} INFO - Deleting pod: post-storage-service-769cf6947d-gw7q2
[2025-10-05T12:05:05.296+0000] {docker.py:438} INFO - Deleted 1 pods: ['post-storage-service-769cf6947d-gw7q2']
[2025-10-05T12:05:05.296+0000] {docker.py:438} INFO - ✅ Successfully restarted pods: ['post-storage-service-769cf6947d-gw7q2']
[2025-10-05T12:05:05.297+0000] {docker.py:438} INFO - ⏳ Waiting 20 seconds until next restart...
[2025-10-05T12:05:05.297+0000] {docker.py:438} INFO - 📊 Time remaining: 279 seconds
[2025-10-05T12:05:05.297+0000] {docker.py:438} INFO - 
[2025-10-05T12:05:05.297+0000] {docker.py:438} INFO - ==================================================
[2025-10-05T12:05:05.298+0000] {docker.py:438} INFO - 🔄 Restart #3 at 2025-10-05 12:01:00
[2025-10-05T12:05:05.298+0000] {docker.py:438} INFO - ==================================================
[2025-10-05T12:05:05.298+0000] {docker.py:438} INFO - Hello world - terminate function started!
[2025-10-05T12:05:05.299+0000] {docker.py:438} INFO - Selecting pods with label_selector: app=post-storage-service
[2025-10-05T12:05:05.299+0000] {docker.py:438} INFO - Found 2 pods initially
[2025-10-05T12:05:05.299+0000] {docker.py:438} INFO - Random selection: 1 pods
[2025-10-05T12:05:05.300+0000] {docker.py:438} INFO - Deleting pod: post-storage-service-769cf6947d-gw7q2
[2025-10-05T12:05:05.300+0000] {docker.py:438} INFO - Deleted 1 pods: ['post-storage-service-769cf6947d-gw7q2']
[2025-10-05T12:05:05.300+0000] {docker.py:438} INFO - ✅ Successfully restarted pods: ['post-storage-service-769cf6947d-gw7q2']
[2025-10-05T12:05:05.301+0000] {docker.py:438} INFO - ⏳ Waiting 20 seconds until next restart...
[2025-10-05T12:05:05.301+0000] {docker.py:438} INFO - 📊 Time remaining: 259 seconds
[2025-10-05T12:05:05.301+0000] {docker.py:438} INFO - 
[2025-10-05T12:05:05.302+0000] {docker.py:438} INFO - ==================================================
[2025-10-05T12:05:05.302+0000] {docker.py:438} INFO - 🔄 Restart #4 at 2025-10-05 12:01:20
[2025-10-05T12:05:05.302+0000] {docker.py:438} INFO - ==================================================
[2025-10-05T12:05:05.303+0000] {docker.py:438} INFO - Hello world - terminate function started!
[2025-10-05T12:05:05.303+0000] {docker.py:438} INFO - Selecting pods with label_selector: app=post-storage-service
[2025-10-05T12:05:05.303+0000] {docker.py:438} INFO - Found 1 pods initially
[2025-10-05T12:05:05.304+0000] {docker.py:438} INFO - Random selection: 1 pods
[2025-10-05T12:05:05.304+0000] {docker.py:438} INFO - Deleting pod: post-storage-service-769cf6947d-nfr5s
[2025-10-05T12:05:05.304+0000] {docker.py:438} INFO - Deleted 1 pods: ['post-storage-service-769cf6947d-nfr5s']
[2025-10-05T12:05:05.305+0000] {docker.py:438} INFO - ✅ Successfully restarted pods: ['post-storage-service-769cf6947d-nfr5s']
[2025-10-05T12:05:05.305+0000] {docker.py:438} INFO - ⏳ Waiting 20 seconds until next restart...
[2025-10-05T12:05:05.305+0000] {docker.py:438} INFO - 📊 Time remaining: 238 seconds
[2025-10-05T12:05:05.305+0000] {docker.py:438} INFO - 
[2025-10-05T12:05:05.306+0000] {docker.py:438} INFO - ==================================================
[2025-10-05T12:05:05.306+0000] {docker.py:438} INFO - 🔄 Restart #5 at 2025-10-05 12:01:41
[2025-10-05T12:05:05.306+0000] {docker.py:438} INFO - ==================================================
[2025-10-05T12:05:05.306+0000] {docker.py:438} INFO - Hello world - terminate function started!
[2025-10-05T12:05:05.306+0000] {docker.py:438} INFO - Selecting pods with label_selector: app=post-storage-service
[2025-10-05T12:05:05.307+0000] {docker.py:438} INFO - Found 2 pods initially
[2025-10-05T12:05:05.307+0000] {docker.py:438} INFO - Random selection: 1 pods
[2025-10-05T12:05:05.307+0000] {docker.py:438} INFO - Deleting pod: post-storage-service-769cf6947d-nfr5s
[2025-10-05T12:05:05.307+0000] {docker.py:438} INFO - Deleted 1 pods: ['post-storage-service-769cf6947d-nfr5s']
[2025-10-05T12:05:05.307+0000] {docker.py:438} INFO - ✅ Successfully restarted pods: ['post-storage-service-769cf6947d-nfr5s']
[2025-10-05T12:05:05.308+0000] {docker.py:438} INFO - ⏳ Waiting 20 seconds until next restart...
[2025-10-05T12:05:05.308+0000] {docker.py:438} INFO - 📊 Time remaining: 218 seconds
[2025-10-05T12:05:05.308+0000] {docker.py:438} INFO - 
[2025-10-05T12:05:05.308+0000] {docker.py:438} INFO - ==================================================
[2025-10-05T12:05:05.308+0000] {docker.py:438} INFO - 🔄 Restart #6 at 2025-10-05 12:02:01
[2025-10-05T12:05:05.308+0000] {docker.py:438} INFO - ==================================================
[2025-10-05T12:05:05.309+0000] {docker.py:438} INFO - Hello world - terminate function started!
[2025-10-05T12:05:05.309+0000] {docker.py:438} INFO - Selecting pods with label_selector: app=post-storage-service
[2025-10-05T12:05:05.309+0000] {docker.py:438} INFO - Found 1 pods initially
[2025-10-05T12:05:05.309+0000] {docker.py:438} INFO - Random selection: 1 pods
[2025-10-05T12:05:05.309+0000] {docker.py:438} INFO - Deleting pod: post-storage-service-769cf6947d-rr9q9
[2025-10-05T12:05:05.310+0000] {docker.py:438} INFO - Deleted 1 pods: ['post-storage-service-769cf6947d-rr9q9']
[2025-10-05T12:05:05.310+0000] {docker.py:438} INFO - ✅ Successfully restarted pods: ['post-storage-service-769cf6947d-rr9q9']
[2025-10-05T12:05:05.310+0000] {docker.py:438} INFO - ⏳ Waiting 20 seconds until next restart...
[2025-10-05T12:05:05.310+0000] {docker.py:438} INFO - 📊 Time remaining: 197 seconds
[2025-10-05T12:05:05.310+0000] {docker.py:438} INFO - 
[2025-10-05T12:05:05.311+0000] {docker.py:438} INFO - ==================================================
[2025-10-05T12:05:05.311+0000] {docker.py:438} INFO - 🔄 Restart #7 at 2025-10-05 12:02:21
[2025-10-05T12:05:05.311+0000] {docker.py:438} INFO - ==================================================
[2025-10-05T12:05:05.311+0000] {docker.py:438} INFO - Hello world - terminate function started!
[2025-10-05T12:05:05.311+0000] {docker.py:438} INFO - Selecting pods with label_selector: app=post-storage-service
[2025-10-05T12:05:05.311+0000] {docker.py:438} INFO - Found 2 pods initially
[2025-10-05T12:05:05.312+0000] {docker.py:438} INFO - Random selection: 1 pods
[2025-10-05T12:05:05.312+0000] {docker.py:438} INFO - Deleting pod: post-storage-service-769cf6947d-dchdt
[2025-10-05T12:05:05.312+0000] {docker.py:438} INFO - Deleted 1 pods: ['post-storage-service-769cf6947d-dchdt']
[2025-10-05T12:05:05.312+0000] {docker.py:438} INFO - ✅ Successfully restarted pods: ['post-storage-service-769cf6947d-dchdt']
[2025-10-05T12:05:05.312+0000] {docker.py:438} INFO - ⏳ Waiting 20 seconds until next restart...
[2025-10-05T12:05:05.313+0000] {docker.py:438} INFO - 📊 Time remaining: 177 seconds
[2025-10-05T12:05:05.313+0000] {docker.py:438} INFO - 
[2025-10-05T12:05:05.313+0000] {docker.py:438} INFO - ==================================================
[2025-10-05T12:05:05.313+0000] {docker.py:438} INFO - 🔄 Restart #8 at 2025-10-05 12:02:42
[2025-10-05T12:05:05.313+0000] {docker.py:438} INFO - ==================================================
[2025-10-05T12:05:05.313+0000] {docker.py:438} INFO - Hello world - terminate function started!
[2025-10-05T12:05:05.314+0000] {docker.py:438} INFO - Selecting pods with label_selector: app=post-storage-service
[2025-10-05T12:05:05.314+0000] {docker.py:438} INFO - Found 2 pods initially
[2025-10-05T12:05:05.314+0000] {docker.py:438} INFO - Random selection: 1 pods
[2025-10-05T12:05:05.314+0000] {docker.py:438} INFO - Deleting pod: post-storage-service-769cf6947d-zzbv7
[2025-10-05T12:05:05.314+0000] {docker.py:438} INFO - Deleted 1 pods: ['post-storage-service-769cf6947d-zzbv7']
[2025-10-05T12:05:05.315+0000] {docker.py:438} INFO - ✅ Successfully restarted pods: ['post-storage-service-769cf6947d-zzbv7']
[2025-10-05T12:05:05.315+0000] {docker.py:438} INFO - ⏳ Waiting 20 seconds until next restart...
[2025-10-05T12:05:05.315+0000] {docker.py:438} INFO - 📊 Time remaining: 157 seconds
[2025-10-05T12:05:05.315+0000] {docker.py:438} INFO - 
[2025-10-05T12:05:05.315+0000] {docker.py:438} INFO - ==================================================
[2025-10-05T12:05:05.315+0000] {docker.py:438} INFO - 🔄 Restart #9 at 2025-10-05 12:03:02
[2025-10-05T12:05:05.316+0000] {docker.py:438} INFO - ==================================================
[2025-10-05T12:05:05.316+0000] {docker.py:438} INFO - Hello world - terminate function started!
[2025-10-05T12:05:05.316+0000] {docker.py:438} INFO - Selecting pods with label_selector: app=post-storage-service
[2025-10-05T12:05:05.316+0000] {docker.py:438} INFO - Found 2 pods initially
[2025-10-05T12:05:05.316+0000] {docker.py:438} INFO - Random selection: 1 pods
[2025-10-05T12:05:05.317+0000] {docker.py:438} INFO - Deleting pod: post-storage-service-769cf6947d-9s8lh
[2025-10-05T12:05:05.317+0000] {docker.py:438} INFO - Deleted 1 pods: ['post-storage-service-769cf6947d-9s8lh']
[2025-10-05T12:05:05.317+0000] {docker.py:438} INFO - ✅ Successfully restarted pods: ['post-storage-service-769cf6947d-9s8lh']
[2025-10-05T12:05:05.317+0000] {docker.py:438} INFO - ⏳ Waiting 20 seconds until next restart...
[2025-10-05T12:05:05.317+0000] {docker.py:438} INFO - 📊 Time remaining: 136 seconds
[2025-10-05T12:05:05.317+0000] {docker.py:438} INFO - 
[2025-10-05T12:05:05.318+0000] {docker.py:438} INFO - ==================================================
[2025-10-05T12:05:05.318+0000] {docker.py:438} INFO - 🔄 Restart #10 at 2025-10-05 12:03:23
[2025-10-05T12:05:05.318+0000] {docker.py:438} INFO - ==================================================
[2025-10-05T12:05:05.318+0000] {docker.py:438} INFO - Hello world - terminate function started!
[2025-10-05T12:05:05.318+0000] {docker.py:438} INFO - Selecting pods with label_selector: app=post-storage-service
[2025-10-05T12:05:05.319+0000] {docker.py:438} INFO - Found 2 pods initially
[2025-10-05T12:05:05.319+0000] {docker.py:438} INFO - Random selection: 1 pods
[2025-10-05T12:05:05.319+0000] {docker.py:438} INFO - Deleting pod: post-storage-service-769cf6947d-b6ckb
[2025-10-05T12:05:05.319+0000] {docker.py:438} INFO - Deleted 1 pods: ['post-storage-service-769cf6947d-b6ckb']
[2025-10-05T12:05:05.319+0000] {docker.py:438} INFO - ✅ Successfully restarted pods: ['post-storage-service-769cf6947d-b6ckb']
[2025-10-05T12:05:05.319+0000] {docker.py:438} INFO - ⏳ Waiting 20 seconds until next restart...
[2025-10-05T12:05:05.320+0000] {docker.py:438} INFO - 📊 Time remaining: 116 seconds
[2025-10-05T12:05:05.320+0000] {docker.py:438} INFO - 
[2025-10-05T12:05:05.320+0000] {docker.py:438} INFO - ==================================================
[2025-10-05T12:05:05.320+0000] {docker.py:438} INFO - 🔄 Restart #11 at 2025-10-05 12:03:43
[2025-10-05T12:05:05.320+0000] {docker.py:438} INFO - ==================================================
[2025-10-05T12:05:05.321+0000] {docker.py:438} INFO - Hello world - terminate function started!
[2025-10-05T12:05:05.321+0000] {docker.py:438} INFO - Selecting pods with label_selector: app=post-storage-service
[2025-10-05T12:05:05.321+0000] {docker.py:438} INFO - Found 2 pods initially
[2025-10-05T12:05:05.321+0000] {docker.py:438} INFO - Random selection: 1 pods
[2025-10-05T12:05:05.321+0000] {docker.py:438} INFO - Deleting pod: post-storage-service-769cf6947d-fzjsp
[2025-10-05T12:05:05.322+0000] {docker.py:438} INFO - Deleted 1 pods: ['post-storage-service-769cf6947d-fzjsp']
[2025-10-05T12:05:05.322+0000] {docker.py:438} INFO - ✅ Successfully restarted pods: ['post-storage-service-769cf6947d-fzjsp']
[2025-10-05T12:05:05.322+0000] {docker.py:438} INFO - ⏳ Waiting 20 seconds until next restart...
[2025-10-05T12:05:05.322+0000] {docker.py:438} INFO - 📊 Time remaining: 95 seconds
[2025-10-05T12:05:05.322+0000] {docker.py:438} INFO - 
[2025-10-05T12:05:05.323+0000] {docker.py:438} INFO - ==================================================
[2025-10-05T12:05:05.323+0000] {docker.py:438} INFO - 🔄 Restart #12 at 2025-10-05 12:04:04
[2025-10-05T12:05:05.323+0000] {docker.py:438} INFO - ==================================================
[2025-10-05T12:05:05.323+0000] {docker.py:438} INFO - Hello world - terminate function started!
[2025-10-05T12:05:05.323+0000] {docker.py:438} INFO - Selecting pods with label_selector: app=post-storage-service
[2025-10-05T12:05:05.324+0000] {docker.py:438} INFO - Found 2 pods initially
[2025-10-05T12:05:05.324+0000] {docker.py:438} INFO - Random selection: 1 pods
[2025-10-05T12:05:05.324+0000] {docker.py:438} INFO - Deleting pod: post-storage-service-769cf6947d-qkbbn
[2025-10-05T12:05:05.324+0000] {docker.py:438} INFO - Deleted 1 pods: ['post-storage-service-769cf6947d-qkbbn']
[2025-10-05T12:05:05.324+0000] {docker.py:438} INFO - ✅ Successfully restarted pods: ['post-storage-service-769cf6947d-qkbbn']
[2025-10-05T12:05:05.324+0000] {docker.py:438} INFO - ⏳ Waiting 20 seconds until next restart...
[2025-10-05T12:05:05.325+0000] {docker.py:438} INFO - 📊 Time remaining: 75 seconds
[2025-10-05T12:05:05.325+0000] {docker.py:438} INFO - 
[2025-10-05T12:05:05.325+0000] {docker.py:438} INFO - ==================================================
[2025-10-05T12:05:05.325+0000] {docker.py:438} INFO - 🔄 Restart #13 at 2025-10-05 12:04:24
[2025-10-05T12:05:05.325+0000] {docker.py:438} INFO - ==================================================
[2025-10-05T12:05:05.326+0000] {docker.py:438} INFO - Hello world - terminate function started!
[2025-10-05T12:05:05.326+0000] {docker.py:438} INFO - Selecting pods with label_selector: app=post-storage-service
[2025-10-05T12:05:05.326+0000] {docker.py:438} INFO - Found 2 pods initially
[2025-10-05T12:05:05.326+0000] {docker.py:438} INFO - Random selection: 1 pods
[2025-10-05T12:05:05.326+0000] {docker.py:438} INFO - Deleting pod: post-storage-service-769cf6947d-xw7hn
[2025-10-05T12:05:05.326+0000] {docker.py:438} INFO - Deleted 1 pods: ['post-storage-service-769cf6947d-xw7hn']
[2025-10-05T12:05:05.327+0000] {docker.py:438} INFO - ✅ Successfully restarted pods: ['post-storage-service-769cf6947d-xw7hn']
[2025-10-05T12:05:05.327+0000] {docker.py:438} INFO - ⏳ Waiting 20 seconds until next restart...
[2025-10-05T12:05:05.327+0000] {docker.py:438} INFO - 📊 Time remaining: 54 seconds
[2025-10-05T12:05:05.327+0000] {docker.py:438} INFO - 
[2025-10-05T12:05:05.327+0000] {docker.py:438} INFO - ==================================================
[2025-10-05T12:05:05.328+0000] {docker.py:438} INFO - 🔄 Restart #14 at 2025-10-05 12:04:44
[2025-10-05T12:05:05.328+0000] {docker.py:438} INFO - ==================================================
[2025-10-05T12:05:05.328+0000] {docker.py:438} INFO - Hello world - terminate function started!
[2025-10-05T12:05:05.328+0000] {docker.py:438} INFO - Selecting pods with label_selector: app=post-storage-service
[2025-10-05T12:05:05.328+0000] {docker.py:438} INFO - Found 2 pods initially
[2025-10-05T12:05:05.328+0000] {docker.py:438} INFO - Random selection: 1 pods
[2025-10-05T12:05:05.329+0000] {docker.py:438} INFO - Deleting pod: post-storage-service-769cf6947d-xw7hn
[2025-10-05T12:05:05.329+0000] {docker.py:438} INFO - Deleted 1 pods: ['post-storage-service-769cf6947d-xw7hn']
[2025-10-05T12:05:05.329+0000] {docker.py:438} INFO - ✅ Successfully restarted pods: ['post-storage-service-769cf6947d-xw7hn']
[2025-10-05T12:05:05.329+0000] {docker.py:438} INFO - ⏳ Waiting 20 seconds until next restart...
[2025-10-05T12:05:05.329+0000] {docker.py:438} INFO - 📊 Time remaining: 34 seconds
[2025-10-05T12:05:05.330+0000] {docker.py:438} INFO - 
[2025-10-05T12:05:05.330+0000] {docker.py:438} INFO - ==================================================
[2025-10-05T12:05:05.330+0000] {docker.py:438} INFO - 🔄 Restart #15 at 2025-10-05 12:05:05
[2025-10-05T12:05:05.330+0000] {docker.py:438} INFO - ==================================================
[2025-10-05T12:05:05.330+0000] {docker.py:438} INFO - Hello world - terminate function started!
[2025-10-05T12:05:05.331+0000] {docker.py:438} INFO - Selecting pods with label_selector: app=post-storage-service
[2025-10-05T12:05:05.603+0000] {docker.py:438} INFO - [32m[2025-10-05 12:05:05 INFO] Let's rollback...
[2025-10-05T12:05:05.603+0000] {docker.py:438} INFO - [32m[2025-10-05 12:05:05 INFO] Rollback: uncordon-all-nodes
[2025-10-05T12:05:05.604+0000] {docker.py:438} INFO - [32m[2025-10-05 12:05:05 INFO] Action: uncordon-all-nodes
[2025-10-05T12:05:06.537+0000] {docker.py:438} INFO - [32m[2025-10-05 12:05:06 INFO] Experiment ended with status: completed
[2025-10-05T12:05:06.538+0000] {docker.py:438} INFO - Found 1 pods initially
[2025-10-05T12:05:06.538+0000] {docker.py:438} INFO - Random selection: 1 pods
[2025-10-05T12:05:06.538+0000] {docker.py:438} INFO - Deleting pod: post-storage-service-769cf6947d-hmbrv
[2025-10-05T12:05:06.539+0000] {docker.py:438} INFO - Deleted 1 pods: ['post-storage-service-769cf6947d-hmbrv']
[2025-10-05T12:05:06.539+0000] {docker.py:438} INFO - ✅ Successfully restarted pods: ['post-storage-service-769cf6947d-hmbrv']
[2025-10-05T12:05:06.540+0000] {docker.py:438} INFO - ⏰ Less than 20 seconds remaining, stopping experiment
[2025-10-05T12:05:06.540+0000] {docker.py:438} INFO - 
[2025-10-05T12:05:06.540+0000] {docker.py:438} INFO - ==================================================
[2025-10-05T12:05:06.541+0000] {docker.py:438} INFO - 🏁 Experiment Completed!
[2025-10-05T12:05:06.541+0000] {docker.py:438} INFO - ==================================================
[2025-10-05T12:05:06.541+0000] {docker.py:438} INFO - 📈 Total restarts performed: 15
[2025-10-05T12:05:06.542+0000] {docker.py:438} INFO - ⏱️  Total duration: 286 seconds
[2025-10-05T12:05:06.542+0000] {docker.py:438} INFO - 📊 Average interval: 19.1 seconds
[2025-10-05T12:05:06.794+0000] {taskinstance.py:340} INFO - ::group::Post task execution logs
[2025-10-05T12:05:06.795+0000] {taskinstance.py:352} INFO - Marking task as SUCCESS. dag_id=Cordon_Uncordon_Node, task_id=apply_cordon_uncordon_node, run_id=scheduled__2025-10-05T09:00:00+00:00, execution_date=20251005T090000, start_date=20251005T120002, end_date=20251005T120506
[2025-10-05T12:05:06.857+0000] {local_task_job_runner.py:266} INFO - Task exited with return code 0
[2025-10-05T12:05:06.870+0000] {taskinstance.py:3900} INFO - 0 downstream tasks scheduled from follow-on schedule check
[2025-10-05T12:05:06.873+0000] {local_task_job_runner.py:245} INFO - ::endgroup::
