[2025-10-06T18:00:02.068+0000] {local_task_job_runner.py:123} INFO - ::group::Pre task execution logs
[2025-10-06T18:00:02.113+0000] {taskinstance.py:2612} INFO - Dependencies all met for dep_context=non-requeueable deps ti=<TaskInstance: Cordon_Uncordon_Node.apply_cordon_uncordon_node scheduled__2025-10-06T15:00:00+00:00 [queued]>
[2025-10-06T18:00:02.129+0000] {taskinstance.py:2612} INFO - Dependencies all met for dep_context=requeueable deps ti=<TaskInstance: Cordon_Uncordon_Node.apply_cordon_uncordon_node scheduled__2025-10-06T15:00:00+00:00 [queued]>
[2025-10-06T18:00:02.130+0000] {taskinstance.py:2865} INFO - Starting attempt 1 of 1
[2025-10-06T18:00:02.173+0000] {taskinstance.py:2888} INFO - Executing <Task(DockerOperator): apply_cordon_uncordon_node> on 2025-10-06 15:00:00+00:00
[2025-10-06T18:00:02.184+0000] {standard_task_runner.py:72} INFO - Started process 1359 to run task
[2025-10-06T18:00:02.198+0000] {standard_task_runner.py:104} INFO - Running: ['***', 'tasks', 'run', 'Cordon_Uncordon_Node', 'apply_cordon_uncordon_node', 'scheduled__2025-10-06T15:00:00+00:00', '--job-id', '453', '--raw', '--subdir', 'DAGS_FOLDER/dag_factory.py', '--cfg-path', '/tmp/tmp85xc5ma9']
[2025-10-06T18:00:02.206+0000] {standard_task_runner.py:105} INFO - Job 453: Subtask apply_cordon_uncordon_node
[2025-10-06T18:00:02.295+0000] {task_command.py:467} INFO - Running <TaskInstance: Cordon_Uncordon_Node.apply_cordon_uncordon_node scheduled__2025-10-06T15:00:00+00:00 [running]> on host workflow.y2twbfvcjkaujnl2bmtbxunhcb.cx.internal.cloudapp.net
[2025-10-06T18:00:02.460+0000] {taskinstance.py:3131} INFO - Exporting env vars: AIRFLOW_CTX_DAG_OWNER='***' AIRFLOW_CTX_DAG_ID='Cordon_Uncordon_Node' AIRFLOW_CTX_TASK_ID='apply_cordon_uncordon_node' AIRFLOW_CTX_EXECUTION_DATE='2025-10-06T15:00:00+00:00' AIRFLOW_CTX_TRY_NUMBER='1' AIRFLOW_CTX_DAG_RUN_ID='scheduled__2025-10-06T15:00:00+00:00'
[2025-10-06T18:00:02.464+0000] {taskinstance.py:731} INFO - ::endgroup::
[2025-10-06T18:00:02.556+0000] {docker.py:367} INFO - Starting docker container from image ***_chaos:latest
[2025-10-06T18:00:03.135+0000] {docker.py:438} INFO - The container is run as root user. For security, consider using a regular user account.
[2025-10-06T18:00:17.079+0000] {docker.py:438} INFO - 
[2025-10-06T18:00:17.884+0000] {docker.py:438} INFO - [32m[2025-10-06 18:00:17 INFO] Validating the experiment's syntax
[2025-10-06T18:00:18.289+0000] {docker.py:438} INFO - [32m[2025-10-06 18:00:18 INFO] Experiment looks valid
[2025-10-06T18:00:18.290+0000] {docker.py:438} INFO - [32m[2025-10-06 18:00:18 INFO] Running experiment: Cordon-Pod Restart Combined Experiment
[2025-10-06T18:00:18.295+0000] {docker.py:438} INFO - [32m[2025-10-06 18:00:18 INFO] Steady-state strategy: default
[2025-10-06T18:00:18.295+0000] {docker.py:438} INFO - [32m[2025-10-06 18:00:18 INFO] Rollbacks strategy: default
[2025-10-06T18:00:18.296+0000] {docker.py:438} INFO - [32m[2025-10-06 18:00:18 INFO] No steady state hypothesis defined. That's ok, just exploring.
[2025-10-06T18:00:18.297+0000] {docker.py:438} INFO - [32m[2025-10-06 18:00:18 INFO] Playing your experiment's method now...
[2025-10-06T18:00:18.298+0000] {docker.py:438} INFO - [32m[2025-10-06 18:00:18 INFO] Action: cordon-nodes
[2025-10-06T18:00:19.331+0000] {docker.py:438} INFO - [32m[2025-10-06 18:00:19 INFO] Action: continuous-pod-restart-during-cordon
[2025-10-06T18:05:05.179+0000] {docker.py:438} INFO - 🚀 Starting continuous pod restart experiment
[2025-10-06T18:05:05.179+0000] {docker.py:438} INFO - 📅 Interval: 20 seconds
[2025-10-06T18:05:05.179+0000] {docker.py:438} INFO - ⏱️  Duration: 300 seconds
[2025-10-06T18:05:05.180+0000] {docker.py:438} INFO - 🎯 Target: app=post-storage-service
[2025-10-06T18:05:05.180+0000] {docker.py:438} INFO - 📍 Namespace: default
[2025-10-06T18:05:05.180+0000] {docker.py:438} INFO - 
[2025-10-06T18:05:05.180+0000] {docker.py:438} INFO - ==================================================
[2025-10-06T18:05:05.180+0000] {docker.py:438} INFO - 🔄 Restart #1 at 2025-10-06 18:00:19
[2025-10-06T18:05:05.181+0000] {docker.py:438} INFO - ==================================================
[2025-10-06T18:05:05.181+0000] {docker.py:438} INFO - Hello world - terminate function started!
[2025-10-06T18:05:05.181+0000] {docker.py:438} INFO - Selecting pods with label_selector: app=post-storage-service
[2025-10-06T18:05:05.181+0000] {docker.py:438} INFO - Found 1 pods initially
[2025-10-06T18:05:05.181+0000] {docker.py:438} INFO - Random selection: 1 pods
[2025-10-06T18:05:05.181+0000] {docker.py:438} INFO - Deleting pod: post-storage-service-769cf6947d-s9xq8
[2025-10-06T18:05:05.182+0000] {docker.py:438} INFO - Deleted 1 pods: ['post-storage-service-769cf6947d-s9xq8']
[2025-10-06T18:05:05.182+0000] {docker.py:438} INFO - ✅ Successfully restarted pods: ['post-storage-service-769cf6947d-s9xq8']
[2025-10-06T18:05:05.182+0000] {docker.py:438} INFO - ⏳ Waiting 20 seconds until next restart...
[2025-10-06T18:05:05.182+0000] {docker.py:438} INFO - 📊 Time remaining: 300 seconds
[2025-10-06T18:05:05.183+0000] {docker.py:438} INFO - 
[2025-10-06T18:05:05.183+0000] {docker.py:438} INFO - ==================================================
[2025-10-06T18:05:05.183+0000] {docker.py:438} INFO - 🔄 Restart #2 at 2025-10-06 18:00:39
[2025-10-06T18:05:05.183+0000] {docker.py:438} INFO - ==================================================
[2025-10-06T18:05:05.183+0000] {docker.py:438} INFO - Hello world - terminate function started!
[2025-10-06T18:05:05.183+0000] {docker.py:438} INFO - Selecting pods with label_selector: app=post-storage-service
[2025-10-06T18:05:05.184+0000] {docker.py:438} INFO - Found 2 pods initially
[2025-10-06T18:05:05.184+0000] {docker.py:438} INFO - Random selection: 1 pods
[2025-10-06T18:05:05.184+0000] {docker.py:438} INFO - Deleting pod: post-storage-service-769cf6947d-s9xq8
[2025-10-06T18:05:05.184+0000] {docker.py:438} INFO - Deleted 1 pods: ['post-storage-service-769cf6947d-s9xq8']
[2025-10-06T18:05:05.184+0000] {docker.py:438} INFO - ✅ Successfully restarted pods: ['post-storage-service-769cf6947d-s9xq8']
[2025-10-06T18:05:05.185+0000] {docker.py:438} INFO - ⏳ Waiting 20 seconds until next restart...
[2025-10-06T18:05:05.185+0000] {docker.py:438} INFO - 📊 Time remaining: 279 seconds
[2025-10-06T18:05:05.185+0000] {docker.py:438} INFO - 
[2025-10-06T18:05:05.185+0000] {docker.py:438} INFO - ==================================================
[2025-10-06T18:05:05.185+0000] {docker.py:438} INFO - 🔄 Restart #3 at 2025-10-06 18:01:00
[2025-10-06T18:05:05.185+0000] {docker.py:438} INFO - ==================================================
[2025-10-06T18:05:05.186+0000] {docker.py:438} INFO - Hello world - terminate function started!
[2025-10-06T18:05:05.186+0000] {docker.py:438} INFO - Selecting pods with label_selector: app=post-storage-service
[2025-10-06T18:05:05.186+0000] {docker.py:438} INFO - Found 1 pods initially
[2025-10-06T18:05:05.186+0000] {docker.py:438} INFO - Random selection: 1 pods
[2025-10-06T18:05:05.186+0000] {docker.py:438} INFO - Deleting pod: post-storage-service-769cf6947d-8j8gd
[2025-10-06T18:05:05.187+0000] {docker.py:438} INFO - Deleted 1 pods: ['post-storage-service-769cf6947d-8j8gd']
[2025-10-06T18:05:05.187+0000] {docker.py:438} INFO - ✅ Successfully restarted pods: ['post-storage-service-769cf6947d-8j8gd']
[2025-10-06T18:05:05.187+0000] {docker.py:438} INFO - ⏳ Waiting 20 seconds until next restart...
[2025-10-06T18:05:05.187+0000] {docker.py:438} INFO - 📊 Time remaining: 259 seconds
[2025-10-06T18:05:05.187+0000] {docker.py:438} INFO - 
[2025-10-06T18:05:05.188+0000] {docker.py:438} INFO - ==================================================
[2025-10-06T18:05:05.188+0000] {docker.py:438} INFO - 🔄 Restart #4 at 2025-10-06 18:01:20
[2025-10-06T18:05:05.188+0000] {docker.py:438} INFO - ==================================================
[2025-10-06T18:05:05.188+0000] {docker.py:438} INFO - Hello world - terminate function started!
[2025-10-06T18:05:05.188+0000] {docker.py:438} INFO - Selecting pods with label_selector: app=post-storage-service
[2025-10-06T18:05:05.188+0000] {docker.py:438} INFO - Found 2 pods initially
[2025-10-06T18:05:05.189+0000] {docker.py:438} INFO - Random selection: 1 pods
[2025-10-06T18:05:05.189+0000] {docker.py:438} INFO - Deleting pod: post-storage-service-769cf6947d-rz5wl
[2025-10-06T18:05:05.189+0000] {docker.py:438} INFO - Deleted 1 pods: ['post-storage-service-769cf6947d-rz5wl']
[2025-10-06T18:05:05.189+0000] {docker.py:438} INFO - ✅ Successfully restarted pods: ['post-storage-service-769cf6947d-rz5wl']
[2025-10-06T18:05:05.189+0000] {docker.py:438} INFO - ⏳ Waiting 20 seconds until next restart...
[2025-10-06T18:05:05.190+0000] {docker.py:438} INFO - 📊 Time remaining: 238 seconds
[2025-10-06T18:05:05.190+0000] {docker.py:438} INFO - 
[2025-10-06T18:05:05.190+0000] {docker.py:438} INFO - ==================================================
[2025-10-06T18:05:05.190+0000] {docker.py:438} INFO - 🔄 Restart #5 at 2025-10-06 18:01:40
[2025-10-06T18:05:05.190+0000] {docker.py:438} INFO - ==================================================
[2025-10-06T18:05:05.190+0000] {docker.py:438} INFO - Hello world - terminate function started!
[2025-10-06T18:05:05.191+0000] {docker.py:438} INFO - Selecting pods with label_selector: app=post-storage-service
[2025-10-06T18:05:05.191+0000] {docker.py:438} INFO - Found 2 pods initially
[2025-10-06T18:05:05.191+0000] {docker.py:438} INFO - Random selection: 1 pods
[2025-10-06T18:05:05.191+0000] {docker.py:438} INFO - Deleting pod: post-storage-service-769cf6947d-ttqk7
[2025-10-06T18:05:05.191+0000] {docker.py:438} INFO - Deleted 1 pods: ['post-storage-service-769cf6947d-ttqk7']
[2025-10-06T18:05:05.192+0000] {docker.py:438} INFO - ✅ Successfully restarted pods: ['post-storage-service-769cf6947d-ttqk7']
[2025-10-06T18:05:05.192+0000] {docker.py:438} INFO - ⏳ Waiting 20 seconds until next restart...
[2025-10-06T18:05:05.192+0000] {docker.py:438} INFO - 📊 Time remaining: 218 seconds
[2025-10-06T18:05:05.192+0000] {docker.py:438} INFO - 
[2025-10-06T18:05:05.192+0000] {docker.py:438} INFO - ==================================================
[2025-10-06T18:05:05.193+0000] {docker.py:438} INFO - 🔄 Restart #6 at 2025-10-06 18:02:01
[2025-10-06T18:05:05.193+0000] {docker.py:438} INFO - ==================================================
[2025-10-06T18:05:05.193+0000] {docker.py:438} INFO - Hello world - terminate function started!
[2025-10-06T18:05:05.193+0000] {docker.py:438} INFO - Selecting pods with label_selector: app=post-storage-service
[2025-10-06T18:05:05.193+0000] {docker.py:438} INFO - Found 2 pods initially
[2025-10-06T18:05:05.194+0000] {docker.py:438} INFO - Random selection: 1 pods
[2025-10-06T18:05:05.194+0000] {docker.py:438} INFO - Deleting pod: post-storage-service-769cf6947d-csn58
[2025-10-06T18:05:05.194+0000] {docker.py:438} INFO - Deleted 1 pods: ['post-storage-service-769cf6947d-csn58']
[2025-10-06T18:05:05.194+0000] {docker.py:438} INFO - ✅ Successfully restarted pods: ['post-storage-service-769cf6947d-csn58']
[2025-10-06T18:05:05.194+0000] {docker.py:438} INFO - ⏳ Waiting 20 seconds until next restart...
[2025-10-06T18:05:05.194+0000] {docker.py:438} INFO - 📊 Time remaining: 197 seconds
[2025-10-06T18:05:05.195+0000] {docker.py:438} INFO - 
[2025-10-06T18:05:05.195+0000] {docker.py:438} INFO - ==================================================
[2025-10-06T18:05:05.195+0000] {docker.py:438} INFO - 🔄 Restart #7 at 2025-10-06 18:02:21
[2025-10-06T18:05:05.195+0000] {docker.py:438} INFO - ==================================================
[2025-10-06T18:05:05.195+0000] {docker.py:438} INFO - Hello world - terminate function started!
[2025-10-06T18:05:05.196+0000] {docker.py:438} INFO - Selecting pods with label_selector: app=post-storage-service
[2025-10-06T18:05:05.196+0000] {docker.py:438} INFO - Found 2 pods initially
[2025-10-06T18:05:05.196+0000] {docker.py:438} INFO - Random selection: 1 pods
[2025-10-06T18:05:05.196+0000] {docker.py:438} INFO - Deleting pod: post-storage-service-769cf6947d-csn58
[2025-10-06T18:05:05.196+0000] {docker.py:438} INFO - Deleted 1 pods: ['post-storage-service-769cf6947d-csn58']
[2025-10-06T18:05:05.197+0000] {docker.py:438} INFO - ✅ Successfully restarted pods: ['post-storage-service-769cf6947d-csn58']
[2025-10-06T18:05:05.197+0000] {docker.py:438} INFO - ⏳ Waiting 20 seconds until next restart...
[2025-10-06T18:05:05.197+0000] {docker.py:438} INFO - 📊 Time remaining: 177 seconds
[2025-10-06T18:05:05.197+0000] {docker.py:438} INFO - 
[2025-10-06T18:05:05.197+0000] {docker.py:438} INFO - ==================================================
[2025-10-06T18:05:05.198+0000] {docker.py:438} INFO - 🔄 Restart #8 at 2025-10-06 18:02:42
[2025-10-06T18:05:05.198+0000] {docker.py:438} INFO - ==================================================
[2025-10-06T18:05:05.198+0000] {docker.py:438} INFO - Hello world - terminate function started!
[2025-10-06T18:05:05.198+0000] {docker.py:438} INFO - Selecting pods with label_selector: app=post-storage-service
[2025-10-06T18:05:05.198+0000] {docker.py:438} INFO - Found 1 pods initially
[2025-10-06T18:05:05.198+0000] {docker.py:438} INFO - Random selection: 1 pods
[2025-10-06T18:05:05.199+0000] {docker.py:438} INFO - Deleting pod: post-storage-service-769cf6947d-xh9np
[2025-10-06T18:05:05.199+0000] {docker.py:438} INFO - Deleted 1 pods: ['post-storage-service-769cf6947d-xh9np']
[2025-10-06T18:05:05.199+0000] {docker.py:438} INFO - ✅ Successfully restarted pods: ['post-storage-service-769cf6947d-xh9np']
[2025-10-06T18:05:05.199+0000] {docker.py:438} INFO - ⏳ Waiting 20 seconds until next restart...
[2025-10-06T18:05:05.199+0000] {docker.py:438} INFO - 📊 Time remaining: 157 seconds
[2025-10-06T18:05:05.199+0000] {docker.py:438} INFO - 
[2025-10-06T18:05:05.200+0000] {docker.py:438} INFO - ==================================================
[2025-10-06T18:05:05.200+0000] {docker.py:438} INFO - 🔄 Restart #9 at 2025-10-06 18:03:02
[2025-10-06T18:05:05.200+0000] {docker.py:438} INFO - ==================================================
[2025-10-06T18:05:05.200+0000] {docker.py:438} INFO - Hello world - terminate function started!
[2025-10-06T18:05:05.200+0000] {docker.py:438} INFO - Selecting pods with label_selector: app=post-storage-service
[2025-10-06T18:05:05.201+0000] {docker.py:438} INFO - Found 2 pods initially
[2025-10-06T18:05:05.201+0000] {docker.py:438} INFO - Random selection: 1 pods
[2025-10-06T18:05:05.201+0000] {docker.py:438} INFO - Deleting pod: post-storage-service-769cf6947d-s422h
[2025-10-06T18:05:05.201+0000] {docker.py:438} INFO - Deleted 1 pods: ['post-storage-service-769cf6947d-s422h']
[2025-10-06T18:05:05.201+0000] {docker.py:438} INFO - ✅ Successfully restarted pods: ['post-storage-service-769cf6947d-s422h']
[2025-10-06T18:05:05.201+0000] {docker.py:438} INFO - ⏳ Waiting 20 seconds until next restart...
[2025-10-06T18:05:05.202+0000] {docker.py:438} INFO - 📊 Time remaining: 136 seconds
[2025-10-06T18:05:05.202+0000] {docker.py:438} INFO - 
[2025-10-06T18:05:05.202+0000] {docker.py:438} INFO - ==================================================
[2025-10-06T18:05:05.202+0000] {docker.py:438} INFO - 🔄 Restart #10 at 2025-10-06 18:03:23
[2025-10-06T18:05:05.203+0000] {docker.py:438} INFO - ==================================================
[2025-10-06T18:05:05.203+0000] {docker.py:438} INFO - Hello world - terminate function started!
[2025-10-06T18:05:05.203+0000] {docker.py:438} INFO - Selecting pods with label_selector: app=post-storage-service
[2025-10-06T18:05:05.203+0000] {docker.py:438} INFO - Found 2 pods initially
[2025-10-06T18:05:05.203+0000] {docker.py:438} INFO - Random selection: 1 pods
[2025-10-06T18:05:05.204+0000] {docker.py:438} INFO - Deleting pod: post-storage-service-769cf6947d-s6qn5
[2025-10-06T18:05:05.204+0000] {docker.py:438} INFO - Deleted 1 pods: ['post-storage-service-769cf6947d-s6qn5']
[2025-10-06T18:05:05.204+0000] {docker.py:438} INFO - ✅ Successfully restarted pods: ['post-storage-service-769cf6947d-s6qn5']
[2025-10-06T18:05:05.204+0000] {docker.py:438} INFO - ⏳ Waiting 20 seconds until next restart...
[2025-10-06T18:05:05.205+0000] {docker.py:438} INFO - 📊 Time remaining: 116 seconds
[2025-10-06T18:05:05.205+0000] {docker.py:438} INFO - 
[2025-10-06T18:05:05.205+0000] {docker.py:438} INFO - ==================================================
[2025-10-06T18:05:05.205+0000] {docker.py:438} INFO - 🔄 Restart #11 at 2025-10-06 18:03:43
[2025-10-06T18:05:05.205+0000] {docker.py:438} INFO - ==================================================
[2025-10-06T18:05:05.206+0000] {docker.py:438} INFO - Hello world - terminate function started!
[2025-10-06T18:05:05.206+0000] {docker.py:438} INFO - Selecting pods with label_selector: app=post-storage-service
[2025-10-06T18:05:05.206+0000] {docker.py:438} INFO - Found 2 pods initially
[2025-10-06T18:05:05.206+0000] {docker.py:438} INFO - Random selection: 1 pods
[2025-10-06T18:05:05.206+0000] {docker.py:438} INFO - Deleting pod: post-storage-service-769cf6947d-s6qn5
[2025-10-06T18:05:05.207+0000] {docker.py:438} INFO - Deleted 1 pods: ['post-storage-service-769cf6947d-s6qn5']
[2025-10-06T18:05:05.207+0000] {docker.py:438} INFO - ✅ Successfully restarted pods: ['post-storage-service-769cf6947d-s6qn5']
[2025-10-06T18:05:05.207+0000] {docker.py:438} INFO - ⏳ Waiting 20 seconds until next restart...
[2025-10-06T18:05:05.207+0000] {docker.py:438} INFO - 📊 Time remaining: 95 seconds
[2025-10-06T18:05:05.208+0000] {docker.py:438} INFO - 
[2025-10-06T18:05:05.208+0000] {docker.py:438} INFO - ==================================================
[2025-10-06T18:05:05.208+0000] {docker.py:438} INFO - 🔄 Restart #12 at 2025-10-06 18:04:03
[2025-10-06T18:05:05.208+0000] {docker.py:438} INFO - ==================================================
[2025-10-06T18:05:05.208+0000] {docker.py:438} INFO - Hello world - terminate function started!
[2025-10-06T18:05:05.208+0000] {docker.py:438} INFO - Selecting pods with label_selector: app=post-storage-service
[2025-10-06T18:05:05.209+0000] {docker.py:438} INFO - Found 1 pods initially
[2025-10-06T18:05:05.209+0000] {docker.py:438} INFO - Random selection: 1 pods
[2025-10-06T18:05:05.209+0000] {docker.py:438} INFO - Deleting pod: post-storage-service-769cf6947d-9qhhh
[2025-10-06T18:05:05.209+0000] {docker.py:438} INFO - Deleted 1 pods: ['post-storage-service-769cf6947d-9qhhh']
[2025-10-06T18:05:05.209+0000] {docker.py:438} INFO - ✅ Successfully restarted pods: ['post-storage-service-769cf6947d-9qhhh']
[2025-10-06T18:05:05.210+0000] {docker.py:438} INFO - ⏳ Waiting 20 seconds until next restart...
[2025-10-06T18:05:05.210+0000] {docker.py:438} INFO - 📊 Time remaining: 75 seconds
[2025-10-06T18:05:05.210+0000] {docker.py:438} INFO - 
[2025-10-06T18:05:05.210+0000] {docker.py:438} INFO - ==================================================
[2025-10-06T18:05:05.210+0000] {docker.py:438} INFO - 🔄 Restart #13 at 2025-10-06 18:04:24
[2025-10-06T18:05:05.210+0000] {docker.py:438} INFO - ==================================================
[2025-10-06T18:05:05.211+0000] {docker.py:438} INFO - Hello world - terminate function started!
[2025-10-06T18:05:05.211+0000] {docker.py:438} INFO - Selecting pods with label_selector: app=post-storage-service
[2025-10-06T18:05:05.211+0000] {docker.py:438} INFO - Found 2 pods initially
[2025-10-06T18:05:05.211+0000] {docker.py:438} INFO - Random selection: 1 pods
[2025-10-06T18:05:05.211+0000] {docker.py:438} INFO - Deleting pod: post-storage-service-769cf6947d-9qhhh
[2025-10-06T18:05:05.211+0000] {docker.py:438} INFO - Deleted 1 pods: ['post-storage-service-769cf6947d-9qhhh']
[2025-10-06T18:05:05.212+0000] {docker.py:438} INFO - ✅ Successfully restarted pods: ['post-storage-service-769cf6947d-9qhhh']
[2025-10-06T18:05:05.212+0000] {docker.py:438} INFO - ⏳ Waiting 20 seconds until next restart...
[2025-10-06T18:05:05.212+0000] {docker.py:438} INFO - 📊 Time remaining: 55 seconds
[2025-10-06T18:05:05.212+0000] {docker.py:438} INFO - 
[2025-10-06T18:05:05.212+0000] {docker.py:438} INFO - ==================================================
[2025-10-06T18:05:05.213+0000] {docker.py:438} INFO - 🔄 Restart #14 at 2025-10-06 18:04:44
[2025-10-06T18:05:05.213+0000] {docker.py:438} INFO - ==================================================
[2025-10-06T18:05:05.213+0000] {docker.py:438} INFO - Hello world - terminate function started!
[2025-10-06T18:05:05.213+0000] {docker.py:438} INFO - Selecting pods with label_selector: app=post-storage-service
[2025-10-06T18:05:05.213+0000] {docker.py:438} INFO - Found 1 pods initially
[2025-10-06T18:05:05.214+0000] {docker.py:438} INFO - Random selection: 1 pods
[2025-10-06T18:05:05.214+0000] {docker.py:438} INFO - Deleting pod: post-storage-service-769cf6947d-dmwj2
[2025-10-06T18:05:05.214+0000] {docker.py:438} INFO - Deleted 1 pods: ['post-storage-service-769cf6947d-dmwj2']
[2025-10-06T18:05:05.214+0000] {docker.py:438} INFO - ✅ Successfully restarted pods: ['post-storage-service-769cf6947d-dmwj2']
[2025-10-06T18:05:05.215+0000] {docker.py:438} INFO - ⏳ Waiting 20 seconds until next restart...
[2025-10-06T18:05:05.215+0000] {docker.py:438} INFO - 📊 Time remaining: 34 seconds
[2025-10-06T18:05:05.215+0000] {docker.py:438} INFO - 
[2025-10-06T18:05:05.215+0000] {docker.py:438} INFO - ==================================================
[2025-10-06T18:05:05.216+0000] {docker.py:438} INFO - 🔄 Restart #15 at 2025-10-06 18:05:05
[2025-10-06T18:05:05.216+0000] {docker.py:438} INFO - ==================================================
[2025-10-06T18:05:05.216+0000] {docker.py:438} INFO - Hello world - terminate function started!
[2025-10-06T18:05:05.216+0000] {docker.py:438} INFO - Selecting pods with label_selector: app=post-storage-service
[2025-10-06T18:05:05.612+0000] {docker.py:438} INFO - [32m[2025-10-06 18:05:05 INFO] Let's rollback...
[2025-10-06T18:05:05.612+0000] {docker.py:438} INFO - [32m[2025-10-06 18:05:05 INFO] Rollback: uncordon-all-nodes
[2025-10-06T18:05:05.613+0000] {docker.py:438} INFO - [32m[2025-10-06 18:05:05 INFO] Action: uncordon-all-nodes
[2025-10-06T18:05:06.609+0000] {docker.py:438} INFO - [32m[2025-10-06 18:05:06 INFO] Experiment ended with status: completed
[2025-10-06T18:05:06.609+0000] {docker.py:438} INFO - Found 2 pods initially
[2025-10-06T18:05:06.610+0000] {docker.py:438} INFO - Random selection: 1 pods
[2025-10-06T18:05:06.610+0000] {docker.py:438} INFO - Deleting pod: post-storage-service-769cf6947d-nglhr
[2025-10-06T18:05:06.610+0000] {docker.py:438} INFO - Deleted 1 pods: ['post-storage-service-769cf6947d-nglhr']
[2025-10-06T18:05:06.611+0000] {docker.py:438} INFO - ✅ Successfully restarted pods: ['post-storage-service-769cf6947d-nglhr']
[2025-10-06T18:05:06.611+0000] {docker.py:438} INFO - ⏰ Less than 20 seconds remaining, stopping experiment
[2025-10-06T18:05:06.611+0000] {docker.py:438} INFO - 
[2025-10-06T18:05:06.611+0000] {docker.py:438} INFO - ==================================================
[2025-10-06T18:05:06.612+0000] {docker.py:438} INFO - 🏁 Experiment Completed!
[2025-10-06T18:05:06.612+0000] {docker.py:438} INFO - ==================================================
[2025-10-06T18:05:06.613+0000] {docker.py:438} INFO - 📈 Total restarts performed: 15
[2025-10-06T18:05:06.613+0000] {docker.py:438} INFO - ⏱️  Total duration: 286 seconds
[2025-10-06T18:05:06.613+0000] {docker.py:438} INFO - 📊 Average interval: 19.1 seconds
[2025-10-06T18:05:06.949+0000] {taskinstance.py:340} INFO - ::group::Post task execution logs
[2025-10-06T18:05:06.950+0000] {taskinstance.py:352} INFO - Marking task as SUCCESS. dag_id=Cordon_Uncordon_Node, task_id=apply_cordon_uncordon_node, run_id=scheduled__2025-10-06T15:00:00+00:00, execution_date=20251006T150000, start_date=20251006T180002, end_date=20251006T180506
[2025-10-06T18:05:06.974+0000] {local_task_job_runner.py:266} INFO - Task exited with return code 0
[2025-10-06T18:05:06.992+0000] {taskinstance.py:3900} INFO - 0 downstream tasks scheduled from follow-on schedule check
[2025-10-06T18:05:06.996+0000] {local_task_job_runner.py:245} INFO - ::endgroup::
