[2025-10-29T09:58:42.015+0000] {local_task_job_runner.py:123} INFO - ::group::Pre task execution logs
[2025-10-29T09:58:42.042+0000] {taskinstance.py:2612} INFO - Dependencies all met for dep_context=non-requeueable deps ti=<TaskInstance: Reinitialize_Application.apply_container_restart_docker manual__2025-10-29T09:58:40.079524+00:00 [queued]>
[2025-10-29T09:58:42.060+0000] {taskinstance.py:2612} INFO - Dependencies all met for dep_context=requeueable deps ti=<TaskInstance: Reinitialize_Application.apply_container_restart_docker manual__2025-10-29T09:58:40.079524+00:00 [queued]>
[2025-10-29T09:58:42.061+0000] {taskinstance.py:2865} INFO - Starting attempt 1 of 1
[2025-10-29T09:58:42.089+0000] {taskinstance.py:2888} INFO - Executing <Task(DockerOperator): apply_container_restart_docker> on 2025-10-29 09:58:40.079524+00:00
[2025-10-29T09:58:42.104+0000] {standard_task_runner.py:72} INFO - Started process 3982 to run task
[2025-10-29T09:58:42.115+0000] {standard_task_runner.py:104} INFO - Running: ['***', 'tasks', 'run', 'Reinitialize_Application', 'apply_container_restart_docker', 'manual__2025-10-29T09:58:40.079524+00:00', '--job-id', '11404', '--raw', '--subdir', 'DAGS_FOLDER/dag_factory.py', '--cfg-path', '/tmp/tmp3lun9c3w']
[2025-10-29T09:58:42.118+0000] {standard_task_runner.py:105} INFO - Job 11404: Subtask apply_container_restart_docker
[2025-10-29T09:58:42.197+0000] {task_command.py:467} INFO - Running <TaskInstance: Reinitialize_Application.apply_container_restart_docker manual__2025-10-29T09:58:40.079524+00:00 [running]> on host workflow.y2twbfvcjkaujnl2bmtbxunhcb.cx.internal.cloudapp.net
[2025-10-29T09:58:42.380+0000] {taskinstance.py:3131} INFO - Exporting env vars: AIRFLOW_CTX_DAG_OWNER='***' AIRFLOW_CTX_DAG_ID='Reinitialize_Application' AIRFLOW_CTX_TASK_ID='apply_container_restart_docker' AIRFLOW_CTX_EXECUTION_DATE='2025-10-29T09:58:40.079524+00:00' AIRFLOW_CTX_TRY_NUMBER='1' AIRFLOW_CTX_DAG_RUN_ID='manual__2025-10-29T09:58:40.079524+00:00'
[2025-10-29T09:58:42.384+0000] {taskinstance.py:731} INFO - ::endgroup::
[2025-10-29T09:58:42.445+0000] {docker.py:367} INFO - Starting docker container from image priyanshu01ce/***_chaos:latest
[2025-10-29T09:58:43.087+0000] {docker.py:438} INFO - The container is run as root user. For security, consider using a regular user account.
[2025-10-29T09:59:02.712+0000] {docker.py:438} INFO - 
[2025-10-29T09:59:02.724+0000] {docker.py:438} INFO - total 2896
[2025-10-29T09:59:02.725+0000] {docker.py:438} INFO - drwxr-xr-x 6    1000 1000    4096 Oct 29 06:29 .
[2025-10-29T09:59:02.725+0000] {docker.py:438} INFO - drwxr-xr-x 1 *** root    4096 Sep 26 10:44 ..
[2025-10-29T09:59:02.726+0000] {docker.py:438} INFO - -rw-r--r-- 1    1000 1000    1193 Sep  8 07:02 API_Latency.json
[2025-10-29T09:59:02.726+0000] {docker.py:438} INFO - -rw-r--r-- 1    1000 1000     729 Sep  9 10:30 API_Timeout.json
[2025-10-29T09:59:02.727+0000] {docker.py:438} INFO - -rw-r--r-- 1    1000 1000    1331 Oct  7 18:22 Continuous_Load_Test_Azure.yaml
[2025-10-29T09:59:02.727+0000] {docker.py:438} INFO - -rw-r--r-- 1    1000 1000    1639 Oct 27 04:49 Memory_Stress_Test_Azure.yaml
[2025-10-29T09:59:02.727+0000] {docker.py:438} INFO - -rw-r--r-- 1    1000 1000    1178 Sep 30 18:19 Stress_Test_Azure.yaml
[2025-10-29T09:59:02.728+0000] {docker.py:438} INFO - drwxrwxr-x 2 root    root    4096 Oct 29 06:31 __pycache__
[2025-10-29T09:59:02.728+0000] {docker.py:438} INFO - drwxrwxr-x 5    1000 1000    4096 Oct 21 08:05 chaos_env
[2025-10-29T09:59:02.729+0000] {docker.py:438} INFO - -rw-r--r-- 1    1000 1000    8875 Sep 25 16:54 chaosk6_actions.py
[2025-10-29T09:59:02.729+0000] {docker.py:438} INFO - -rw-rw-r-- 1    1000 1000 2641488 Oct 29 09:58 chaostoolkit.log
[2025-10-29T09:59:02.729+0000] {docker.py:438} INFO - -rw-rw-r-- 1    1000 1000    1421 Oct 23 09:34 check.py
[2025-10-29T09:59:02.730+0000] {docker.py:438} INFO - -rw-r--r-- 1    1000 1000    3213 Sep  9 09:11 combined-sequential.json
[2025-10-29T09:59:02.730+0000] {docker.py:438} INFO - -rwxrwxr-x 1    1000 1000    1489 Oct 27 06:29 complete_chaos_mesh-cleanup.sh
[2025-10-29T09:59:02.731+0000] {docker.py:438} INFO - -rw-r--r-- 1    1000 1000     502 Sep 16 05:31 connection_test_experiment.json
[2025-10-29T09:59:02.731+0000] {docker.py:438} INFO - -rw-rw-r-- 1    1000 1000     692 Oct 24 01:43 container_probe.json
[2025-10-29T09:59:02.731+0000] {docker.py:438} INFO - -rw-rw-r-- 1    1000 1000    2533 Oct 23 09:28 container_probe.yaml
[2025-10-29T09:59:02.732+0000] {docker.py:438} INFO - -rw-r--r-- 1    1000 1000    1420 Sep 24 06:53 container_restart.json
[2025-10-29T09:59:02.732+0000] {docker.py:438} INFO - -rw-r--r-- 1    1000 1000   16452 Sep 26 09:59 container_restart.py
[2025-10-29T09:59:02.733+0000] {docker.py:438} INFO - -rw-r--r-- 1    1000 1000    1718 Oct 27 05:00 container_restart_Azure.yaml
[2025-10-29T09:59:02.733+0000] {docker.py:438} INFO - -rw-r--r-- 1    1000 1000    1409 Sep 18 12:30 continuous_load_test.json
[2025-10-29T09:59:02.733+0000] {docker.py:438} INFO - -rw-r--r-- 1    1000 1000    1637 Sep 25 10:13 cordon-uncordon-node.json
[2025-10-29T09:59:02.735+0000] {docker.py:438} INFO - -rw-r--r-- 1    1000 1000    1637 Sep 25 04:39 cordon_test.json
[2025-10-29T09:59:02.735+0000] {docker.py:438} INFO - -rw-r--r-- 1    1000 1000    1403 Oct 27 05:05 cordon_uncordon_node_Azure.yaml
[2025-10-29T09:59:02.736+0000] {docker.py:438} INFO - -rw-r--r-- 1    1000 1000    1203 Sep 30 06:51 cpu_stress_ng.json
[2025-10-29T09:59:02.736+0000] {docker.py:438} INFO - -rw-r--r-- 1    1000 1000    1760 Oct 21 08:00 db_cleanup.json
[2025-10-29T09:59:02.738+0000] {docker.py:438} INFO - -rw-r--r-- 1    1000 1000    6399 Sep 24 07:40 db_cleanup.py
[2025-10-29T09:59:02.738+0000] {docker.py:438} INFO - -rw-rw-r-- 1    1000 1000    5855 Oct 28 12:27 direct_memory_stress.py
[2025-10-29T09:59:02.739+0000] {docker.py:438} INFO - -rw-r--r-- 1    1000 1000    2489 Oct 29 09:49 journal.json
[2025-10-29T09:59:02.739+0000] {docker.py:438} INFO - -rw-rw-r-- 1 root    root   22943 Oct 29 09:58 k6_continuous_load.log
[2025-10-29T09:59:02.740+0000] {docker.py:438} INFO - -rw-r--r-- 1    1000 1000    3909 Oct 29 09:45 k6_continuous_summary.json
[2025-10-29T09:59:02.740+0000] {docker.py:438} INFO - -rw-r--r-- 1    1000 1000    3433 Sep 25 09:28 k6_summary.json
[2025-10-29T09:59:02.741+0000] {docker.py:438} INFO - -rw-r--r-- 1    1000 1000     989 Sep 30 09:24 kubernetes_actions.json
[2025-10-29T09:59:02.741+0000] {docker.py:438} INFO - -rw-r--r-- 1    1000 1000   10961 Sep 30 09:23 kubernetes_actions.py
[2025-10-29T09:59:02.741+0000] {docker.py:438} INFO - -rw-r--r-- 1    1000 1000     945 Sep 21 16:40 load_test.json
[2025-10-29T09:59:02.744+0000] {docker.py:438} INFO - -rw-r--r-- 1    1000 1000     528 Sep 17 12:13 max_connection_experiment.json
[2025-10-29T09:59:02.744+0000] {docker.py:438} INFO - -rw-r--r-- 1    1000 1000    1227 Sep 13 15:20 memory-stress-rollback.json
[2025-10-29T09:59:02.745+0000] {docker.py:438} INFO - -rw-rw-r-- 1    1000 1000    1066 Oct 29 06:29 memory_stress.json
[2025-10-29T09:59:02.745+0000] {docker.py:438} INFO - -rw-rw-r-- 1    1000 1000    6653 Oct 29 06:18 memory_stress.py
[2025-10-29T09:59:02.745+0000] {docker.py:438} INFO - -rw-r--r-- 1    1000 1000    1421 Sep 29 05:20 mongo_db_container_restart.json
[2025-10-29T09:59:02.746+0000] {docker.py:438} INFO - -rw-r--r-- 1    1000 1000    7586 Sep 18 05:54 mongodb_actions.py
[2025-10-29T09:59:02.746+0000] {docker.py:438} INFO - -rw-r--r-- 1    1000 1000    2136 Sep 18 11:23 mongodb_connection.json
[2025-10-29T09:59:02.747+0000] {docker.py:438} INFO - -rw-r--r-- 1    1000 1000     597 Sep 16 09:17 mongodb_network_latency_experiment.json
[2025-10-29T09:59:02.747+0000] {docker.py:438} INFO - -rw-r--r-- 1    1000 1000    3657 Sep 18 05:42 mongodb_probes.py
[2025-10-29T09:59:02.747+0000] {docker.py:438} INFO - -rw-r--r-- 1    1000 1000    6161 Sep 12 08:04 pod_restart.py
[2025-10-29T09:59:02.748+0000] {docker.py:438} INFO - -rw-r--r-- 1    1000 1000    1497 Sep 30 05:50 redis_config_faults.py
[2025-10-29T09:59:02.748+0000] {docker.py:438} INFO - -rw-r--r-- 1    1000 1000     862 Sep 30 05:50 redis_experiment.json
[2025-10-29T09:59:02.749+0000] {docker.py:438} INFO - -rw-r--r-- 1    1000 1000     945 Sep 18 06:53 redis_load.json
[2025-10-29T09:59:02.749+0000] {docker.py:438} INFO - -rw-r--r-- 1    1000 1000    1609 Oct 27 05:10 redis_memory_stress_Azure.yaml
[2025-10-29T09:59:02.749+0000] {docker.py:438} INFO - -rw-rw-r-- 1    1000 1000    1333 Oct 21 09:39 reinitialize_application.yaml
[2025-10-29T09:59:02.752+0000] {docker.py:438} INFO - -rw-r--r-- 1    1000 1000    1284 Sep 25 10:53 run_load_test_with_cleanup.py
[2025-10-29T09:59:02.752+0000] {docker.py:438} INFO - -rw-rw-r-- 1    1000 1000    1307 Oct 27 10:33 sample_probe.yaml
[2025-10-29T09:59:02.753+0000] {docker.py:438} INFO - drwxr-xr-x 2    1000 1000    4096 Oct 22 06:46 scripts
[2025-10-29T09:59:02.753+0000] {docker.py:438} INFO - -rw-rw-r-- 1    1000 1000     272 Oct 27 08:51 simple-stress-test.yaml
[2025-10-29T09:59:02.753+0000] {docker.py:438} INFO - drwxr-xr-x 4    1000 1000    4096 Sep 30 09:41 socialNetwork
[2025-10-29T09:59:02.754+0000] {docker.py:438} INFO - -rw-r--r-- 1    1000 1000     821 Sep 26 13:20 stress_test.json
[2025-10-29T09:59:02.754+0000] {docker.py:438} INFO - -rw-rw-r-- 1    1000 1000     301 Oct 27 08:46 test-stress-fixed.yaml
[2025-10-29T09:59:02.755+0000] {docker.py:438} INFO - -rw-rw-r-- 1    1000 1000     295 Oct 27 08:49 test_after_fix.yaml
[2025-10-29T09:59:02.755+0000] {docker.py:438} INFO - -rw-r--r-- 1    1000 1000     367 Sep 17 07:24 test_params.json
[2025-10-29T09:59:02.758+0000] {docker.py:438} INFO - Starting Reinitializing the Social Networking Application...
[2025-10-29T09:59:03.673+0000] {docker.py:438} INFO - [32m[2025-10-29 09:59:03 INFO] Validating the experiment's syntax
[2025-10-29T09:59:04.235+0000] {docker.py:438} INFO - [32m[2025-10-29 09:59:04 INFO] Experiment looks valid
[2025-10-29T09:59:04.238+0000] {docker.py:438} INFO - [32m[2025-10-29 09:59:04 INFO] Running experiment: Simple Social Network Reset
[2025-10-29T09:59:04.243+0000] {docker.py:438} INFO - [32m[2025-10-29 09:59:04 INFO] Steady-state strategy: default
[2025-10-29T09:59:04.244+0000] {docker.py:438} INFO - [32m[2025-10-29 09:59:04 INFO] Rollbacks strategy: default
[2025-10-29T09:59:04.245+0000] {docker.py:438} INFO - [32m[2025-10-29 09:59:04 INFO] No steady state hypothesis defined. That's ok, just exploring.
[2025-10-29T09:59:04.251+0000] {docker.py:438} INFO - [32m[2025-10-29 09:59:04 INFO] Playing your experiment's method now...
[2025-10-29T09:59:04.252+0000] {docker.py:438} INFO - [32m[2025-10-29 09:59:04 INFO] Action: complete-reset-and-reinit
[2025-10-29T09:59:04.255+0000] {docker.py:438} INFO - INFO:kubernetes_actions:Starting complete reset and reinitialization...
[2025-10-29T09:59:04.256+0000] {docker.py:438} INFO - INFO:kubernetes_actions:Starting full social network reset...
[2025-10-29T09:59:04.256+0000] {docker.py:438} INFO - INFO:kubernetes_actions:Clearing Redis data...
[2025-10-29T09:59:04.290+0000] {docker.py:438} INFO - INFO:kubernetes_actions:Loaded local Kubernetes config
[2025-10-29T09:59:04.308+0000] {docker.py:438} INFO - INFO:kubernetes_actions:Loaded local Kubernetes config
[2025-10-29T09:59:04.619+0000] {docker.py:438} INFO - INFO:kubernetes_actions:Found running pod: social-graph-redis-64bd79b48b-gpwdg for deployment: social-graph-redis
[2025-10-29T09:59:04.624+0000] {docker.py:438} INFO - INFO:kubernetes_actions:Executing command in pod social-graph-redis-64bd79b48b-gpwdg, container social-graph-redis: redis-cli FLUSHALL
[2025-10-29T09:59:06.136+0000] {docker.py:438} INFO - INFO:kubernetes_actions:Command executed successfully. Output: OK
[2025-10-29T09:59:06.154+0000] {docker.py:438} INFO - INFO:kubernetes_actions:Loaded local Kubernetes config
[2025-10-29T09:59:06.172+0000] {docker.py:438} INFO - INFO:kubernetes_actions:Loaded local Kubernetes config
[2025-10-29T09:59:06.587+0000] {docker.py:438} INFO - INFO:kubernetes_actions:Found running pod: home-timeline-redis-744dd9998f-xqjsk for deployment: home-timeline-redis
[2025-10-29T09:59:06.590+0000] {docker.py:438} INFO - INFO:kubernetes_actions:Executing command in pod home-timeline-redis-744dd9998f-xqjsk, container home-timeline-redis: redis-cli FLUSHALL
[2025-10-29T09:59:07.925+0000] {docker.py:438} INFO - INFO:kubernetes_actions:Command executed successfully. Output: OK
[2025-10-29T09:59:07.955+0000] {docker.py:438} INFO - INFO:kubernetes_actions:Loaded local Kubernetes config
[2025-10-29T09:59:07.973+0000] {docker.py:438} INFO - INFO:kubernetes_actions:Loaded local Kubernetes config
[2025-10-29T09:59:08.234+0000] {docker.py:438} INFO - INFO:kubernetes_actions:Found running pod: user-timeline-redis-7b8f6ff4fb-5s87m for deployment: user-timeline-redis
[2025-10-29T09:59:08.236+0000] {docker.py:438} INFO - INFO:kubernetes_actions:Executing command in pod user-timeline-redis-7b8f6ff4fb-5s87m, container user-timeline-redis: redis-cli FLUSHALL
[2025-10-29T09:59:09.597+0000] {docker.py:438} INFO - INFO:kubernetes_actions:Command executed successfully. Output: OK
[2025-10-29T09:59:09.598+0000] {docker.py:438} INFO - 
[2025-10-29T09:59:09.599+0000] {docker.py:438} INFO - INFO:kubernetes_actions:Clearing Memcached data...
[2025-10-29T09:59:09.616+0000] {docker.py:438} INFO - INFO:kubernetes_actions:Loaded local Kubernetes config
[2025-10-29T09:59:09.634+0000] {docker.py:438} INFO - INFO:kubernetes_actions:Loaded local Kubernetes config
[2025-10-29T09:59:09.886+0000] {docker.py:438} INFO - INFO:kubernetes_actions:Found running pod: post-storage-memcached-67c6cc65cc-j4jdz for deployment: post-storage-memcached
[2025-10-29T09:59:09.888+0000] {docker.py:438} INFO - INFO:kubernetes_actions:Executing command in pod post-storage-memcached-67c6cc65cc-j4jdz, container post-storage-memcached: sh -c echo 'flush_all' | nc localhost 11211
[2025-10-29T09:59:11.389+0000] {docker.py:438} INFO - INFO:kubernetes_actions:Command executed successfully. Output: sh: 1: nc: not found
[2025-10-29T09:59:11.410+0000] {docker.py:438} INFO - INFO:kubernetes_actions:Loaded local Kubernetes config
[2025-10-29T09:59:11.435+0000] {docker.py:438} INFO - INFO:kubernetes_actions:Loaded local Kubernetes config
[2025-10-29T09:59:11.761+0000] {docker.py:438} INFO - INFO:kubernetes_actions:Found running pod: user-memcached-56f89988c-nxdzl for deployment: user-memcached
[2025-10-29T09:59:11.763+0000] {docker.py:438} INFO - INFO:kubernetes_actions:Executing command in pod user-memcached-56f89988c-nxdzl, container user-memcached: sh -c echo 'flush_all' | nc localhost 11211
[2025-10-29T09:59:13.233+0000] {docker.py:438} INFO - INFO:kubernetes_actions:Command executed successfully. Output: sh: 1: nc: not found
[2025-10-29T09:59:13.234+0000] {docker.py:438} INFO - INFO:kubernetes_actions:Dropping MongoDB databases...
[2025-10-29T09:59:13.253+0000] {docker.py:438} INFO - INFO:kubernetes_actions:Loaded local Kubernetes config
[2025-10-29T09:59:13.270+0000] {docker.py:438} INFO - INFO:kubernetes_actions:Loaded local Kubernetes config
[2025-10-29T09:59:13.598+0000] {docker.py:438} INFO - INFO:kubernetes_actions:Found running pod: post-storage-mongodb-7f7657964c-b2fld for deployment: post-storage-mongodb
[2025-10-29T09:59:13.599+0000] {docker.py:438} INFO - INFO:kubernetes_actions:Executing command in pod post-storage-mongodb-7f7657964c-b2fld, container post-storage-mongodb: mongo --eval db.getSiblingDB('post').dropDatabase()
[2025-10-29T09:59:15.205+0000] {docker.py:438} INFO - INFO:kubernetes_actions:Command executed successfully. Output: MongoDB shell version v4.4.6
[2025-10-29T09:59:15.206+0000] {docker.py:438} INFO - connecting to: mongodb://127.0.0.1:27017/?compressors=disabled&gssapiServiceName=mongodb
[2025-10-29T09:59:15.206+0000] {docker.py:438} INFO - Implicit session: session { "id" : UUID("b99edbb8-c7a7-4ed3-9ac1-44699f61b460") }
[2025-10-29T09:59:15.207+0000] {docker.py:438} INFO - MongoDB server version: 4.4.6
[2025-10-29T09:59:15.207+0000] {docker.py:438} INFO - { "dropped" : "post", "ok" : 1 }
[2025-10-29T09:59:15.224+0000] {docker.py:438} INFO - INFO:kubernetes_actions:Loaded local Kubernetes config
[2025-10-29T09:59:15.242+0000] {docker.py:438} INFO - INFO:kubernetes_actions:Loaded local Kubernetes config
[2025-10-29T09:59:15.551+0000] {docker.py:438} INFO - INFO:kubernetes_actions:Found running pod: post-storage-mongodb-7f7657964c-b2fld for deployment: post-storage-mongodb
[2025-10-29T09:59:15.554+0000] {docker.py:438} INFO - INFO:kubernetes_actions:Executing command in pod post-storage-mongodb-7f7657964c-b2fld, container post-storage-mongodb: mongo --eval db.getSiblingDB('READ__ME_TO_RECOVER_YOUR_DATA').dropDatabase()
[2025-10-29T09:59:17.109+0000] {docker.py:438} INFO - INFO:kubernetes_actions:Command executed successfully. Output: MongoDB shell version v4.4.6
[2025-10-29T09:59:17.110+0000] {docker.py:438} INFO - connecting to: mongodb://127.0.0.1:27017/?compressors=disabled&gssapiServiceName=mongodb
[2025-10-29T09:59:17.110+0000] {docker.py:438} INFO - Implicit session: session { "id" : UUID("f0217ed9-722c-420c-b28e-a744269b1e24") }
[2025-10-29T09:59:17.111+0000] {docker.py:438} INFO - MongoDB server version: 4.4.6
[2025-10-29T09:59:17.111+0000] {docker.py:438} INFO - { "ok" : 1 }
[2025-10-29T09:59:17.128+0000] {docker.py:438} INFO - INFO:kubernetes_actions:Loaded local Kubernetes config
[2025-10-29T09:59:17.147+0000] {docker.py:438} INFO - INFO:kubernetes_actions:Loaded local Kubernetes config
[2025-10-29T09:59:17.397+0000] {docker.py:438} INFO - INFO:kubernetes_actions:Found running pod: user-mongodb-f95b7d968-tqlld for deployment: user-mongodb
[2025-10-29T09:59:17.399+0000] {docker.py:438} INFO - INFO:kubernetes_actions:Executing command in pod user-mongodb-f95b7d968-tqlld, container user-mongodb: mongo --eval db.getSiblingDB('user').dropDatabase()
[2025-10-29T09:59:18.946+0000] {docker.py:438} INFO - INFO:kubernetes_actions:Command executed successfully. Output: MongoDB shell version v4.4.6
[2025-10-29T09:59:18.947+0000] {docker.py:438} INFO - connecting to: mongodb://127.0.0.1:27017/?compressors=disabled&gssapiServiceName=mongodb
[2025-10-29T09:59:18.947+0000] {docker.py:438} INFO - Implicit session: session { "id" : UUID("6bbbb42f-7b52-4ebd-869c-a01d0a4d8860") }
[2025-10-29T09:59:18.948+0000] {docker.py:438} INFO - MongoDB server version: 4.4.6
[2025-10-29T09:59:18.948+0000] {docker.py:438} INFO - { "dropped" : "user", "ok" : 1 }
[2025-10-29T09:59:18.966+0000] {docker.py:438} INFO - INFO:kubernetes_actions:Loaded local Kubernetes config
[2025-10-29T09:59:18.985+0000] {docker.py:438} INFO - INFO:kubernetes_actions:Loaded local Kubernetes config
[2025-10-29T09:59:19.287+0000] {docker.py:438} INFO - INFO:kubernetes_actions:Found running pod: user-mongodb-f95b7d968-tqlld for deployment: user-mongodb
[2025-10-29T09:59:19.289+0000] {docker.py:438} INFO - INFO:kubernetes_actions:Executing command in pod user-mongodb-f95b7d968-tqlld, container user-mongodb: mongo --eval db.getSiblingDB('READ__ME_TO_RECOVER_YOUR_DATA').dropDatabase()
[2025-10-29T09:59:20.851+0000] {docker.py:438} INFO - INFO:kubernetes_actions:Command executed successfully. Output: MongoDB shell version v4.4.6
[2025-10-29T09:59:20.852+0000] {docker.py:438} INFO - connecting to: mongodb://127.0.0.1:27017/?compressors=disabled&gssapiServiceName=mongodb
[2025-10-29T09:59:20.852+0000] {docker.py:438} INFO - Implicit session: session { "id" : UUID("4e889baf-8f0c-4fc0-9774-aadb4cf6e804") }
[2025-10-29T09:59:20.854+0000] {docker.py:438} INFO - MongoDB server version: 4.4.6
[2025-10-29T09:59:20.854+0000] {docker.py:438} INFO - { "ok" : 1 }
[2025-10-29T09:59:20.871+0000] {docker.py:438} INFO - INFO:kubernetes_actions:Loaded local Kubernetes config
[2025-10-29T09:59:20.888+0000] {docker.py:438} INFO - INFO:kubernetes_actions:Loaded local Kubernetes config
[2025-10-29T09:59:21.150+0000] {docker.py:438} INFO - INFO:kubernetes_actions:Found running pod: social-graph-mongodb-77fd77d9f4-jj4vn for deployment: social-graph-mongodb
[2025-10-29T09:59:21.152+0000] {docker.py:438} INFO - INFO:kubernetes_actions:Executing command in pod social-graph-mongodb-77fd77d9f4-jj4vn, container social-graph-mongodb: mongo --eval db.getSiblingDB('social-graph').dropDatabase()
[2025-10-29T09:59:21.649+0000] {docker.py:438} INFO - INFO:kubernetes_actions:Command executed successfully. Output: MongoDB shell version v4.4.6
[2025-10-29T09:59:21.650+0000] {docker.py:438} INFO - connecting to: mongodb://127.0.0.1:27017/?compressors=disabled&gssapiServiceName=mongodb
[2025-10-29T09:59:21.650+0000] {docker.py:438} INFO - Implicit session: session { "id" : UUID("56c55c9f-0988-4dcb-8de8-cbb402f8f39d") }
[2025-10-29T09:59:21.652+0000] {docker.py:438} INFO - MongoDB server version: 4.4.6
[2025-10-29T09:59:21.652+0000] {docker.py:438} INFO - { "dropped" : "social-graph", "ok" : 1 }
[2025-10-29T09:59:21.669+0000] {docker.py:438} INFO - INFO:kubernetes_actions:Loaded local Kubernetes config
[2025-10-29T09:59:21.687+0000] {docker.py:438} INFO - INFO:kubernetes_actions:Loaded local Kubernetes config
[2025-10-29T09:59:21.969+0000] {docker.py:438} INFO - INFO:kubernetes_actions:Found running pod: social-graph-mongodb-77fd77d9f4-jj4vn for deployment: social-graph-mongodb
[2025-10-29T09:59:21.971+0000] {docker.py:438} INFO - INFO:kubernetes_actions:Executing command in pod social-graph-mongodb-77fd77d9f4-jj4vn, container social-graph-mongodb: mongo --eval db.getSiblingDB('READ__ME_TO_RECOVER_YOUR_DATA').dropDatabase()
[2025-10-29T09:59:23.550+0000] {docker.py:438} INFO - INFO:kubernetes_actions:Command executed successfully. Output: MongoDB shell version v4.4.6
[2025-10-29T09:59:23.551+0000] {docker.py:438} INFO - connecting to: mongodb://127.0.0.1:27017/?compressors=disabled&gssapiServiceName=mongodb
[2025-10-29T09:59:23.551+0000] {docker.py:438} INFO - Implicit session: session { "id" : UUID("47198397-abb0-45d1-9b3e-73ab3c627a17") }
[2025-10-29T09:59:23.552+0000] {docker.py:438} INFO - MongoDB server version: 4.4.6
[2025-10-29T09:59:23.553+0000] {docker.py:438} INFO - { "ok" : 1 }
[2025-10-29T09:59:23.584+0000] {docker.py:438} INFO - INFO:kubernetes_actions:Loaded local Kubernetes config
[2025-10-29T09:59:23.608+0000] {docker.py:438} INFO - INFO:kubernetes_actions:Loaded local Kubernetes config
[2025-10-29T09:59:23.975+0000] {docker.py:438} INFO - INFO:kubernetes_actions:Found running pod: user-timeline-mongodb-6ff9797bfc-lz2wj for deployment: user-timeline-mongodb
[2025-10-29T09:59:23.978+0000] {docker.py:438} INFO - INFO:kubernetes_actions:Executing command in pod user-timeline-mongodb-6ff9797bfc-lz2wj, container user-timeline-mongodb: mongo --eval db.getSiblingDB('user-timeline').dropDatabase()
[2025-10-29T09:59:26.877+0000] {docker.py:438} INFO - INFO:kubernetes_actions:Command executed successfully. Output: MongoDB shell version v4.4.6
[2025-10-29T09:59:26.877+0000] {docker.py:438} INFO - connecting to: mongodb://127.0.0.1:27017/?compressors=disabled&gssapiServiceName=mongodb
[2025-10-29T09:59:26.878+0000] {docker.py:438} INFO - Error: couldn't connect to server 127.0.0.1:27017, connection attempt failed: SocketException: Error connecting to 127.0.0.1:27017 :: caused by :: Connection refused :
[2025-10-29T09:59:26.878+0000] {docker.py:438} INFO - connect@src/mongo/shell/mongo.js:374:17
[2025-10-29T09:59:26.879+0000] {docker.py:438} INFO - @(connect):2:6
[2025-10-29T09:59:26.879+0000] {docker.py:438} INFO - exception: connect failed
[2025-10-29T09:59:26.879+0000] {docker.py:438} INFO - exiting with code 1
[2025-10-29T09:59:26.896+0000] {docker.py:438} INFO - INFO:kubernetes_actions:Loaded local Kubernetes config
[2025-10-29T09:59:26.914+0000] {docker.py:438} INFO - INFO:kubernetes_actions:Loaded local Kubernetes config
[2025-10-29T09:59:27.207+0000] {docker.py:438} INFO - INFO:kubernetes_actions:Found running pod: user-timeline-mongodb-6ff9797bfc-lz2wj for deployment: user-timeline-mongodb
[2025-10-29T09:59:27.209+0000] {docker.py:438} INFO - INFO:kubernetes_actions:Executing command in pod user-timeline-mongodb-6ff9797bfc-lz2wj, container user-timeline-mongodb: mongo --eval db.getSiblingDB('READ__ME_TO_RECOVER_YOUR_DATA').dropDatabase()
[2025-10-29T09:59:30.286+0000] {docker.py:438} INFO - INFO:kubernetes_actions:Command executed successfully. Output: MongoDB shell version v4.4.6
[2025-10-29T09:59:30.286+0000] {docker.py:438} INFO - connecting to: mongodb://127.0.0.1:27017/?compressors=disabled&gssapiServiceName=mongodb
[2025-10-29T09:59:30.287+0000] {docker.py:438} INFO - Error: couldn't connect to server 127.0.0.1:27017, connection attempt failed: SocketException: Error connecting to 127.0.0.1:27017 :: caused by :: Connection refused :
[2025-10-29T09:59:30.287+0000] {docker.py:438} INFO - connect@src/mongo/shell/mongo.js:374:17
[2025-10-29T09:59:30.288+0000] {docker.py:438} INFO - @(connect):2:6
[2025-10-29T09:59:30.288+0000] {docker.py:438} INFO - exception: connect failed
[2025-10-29T09:59:30.289+0000] {docker.py:438} INFO - exiting with code 1
[2025-10-29T09:59:30.290+0000] {docker.py:438} INFO - INFO:kubernetes_actions:Full social network reset completed
[2025-10-29T09:59:35.308+0000] {docker.py:438} INFO - INFO:kubernetes_actions:Loaded local Kubernetes config
[2025-10-29T09:59:35.309+0000] {docker.py:438} INFO - INFO:kubernetes_actions:Restarting deployment: social-graph-service
[2025-10-29T09:59:35.735+0000] {docker.py:438} INFO - INFO:kubernetes_actions:✅ Successfully restarted social-graph-service
[2025-10-29T09:59:35.737+0000] {docker.py:438} INFO - INFO:kubernetes_actions:Restarting deployment: user-service
[2025-10-29T09:59:35.923+0000] {docker.py:438} INFO - INFO:kubernetes_actions:✅ Successfully restarted user-service
[2025-10-29T09:59:35.925+0000] {docker.py:438} INFO - INFO:kubernetes_actions:Restarting deployment: post-storage-service
[2025-10-29T09:59:36.127+0000] {docker.py:438} INFO - INFO:kubernetes_actions:✅ Successfully restarted post-storage-service
[2025-10-29T09:59:36.128+0000] {docker.py:438} INFO - INFO:kubernetes_actions:Restarting deployment: compose-post-service
[2025-10-29T09:59:36.325+0000] {docker.py:438} INFO - INFO:kubernetes_actions:✅ Successfully restarted compose-post-service
[2025-10-29T09:59:36.326+0000] {docker.py:438} INFO - INFO:kubernetes_actions:Restarting deployment: home-timeline-service
[2025-10-29T09:59:36.530+0000] {docker.py:438} INFO - INFO:kubernetes_actions:✅ Successfully restarted home-timeline-service
[2025-10-29T09:59:36.531+0000] {docker.py:438} INFO - INFO:kubernetes_actions:Restarting deployment: user-timeline-service
[2025-10-29T09:59:36.716+0000] {docker.py:438} INFO - INFO:kubernetes_actions:✅ Successfully restarted user-timeline-service
[2025-10-29T09:59:36.717+0000] {docker.py:438} INFO - INFO:kubernetes_actions:Restarting deployment: nginx-thrift
[2025-10-29T09:59:36.944+0000] {docker.py:438} INFO - INFO:kubernetes_actions:✅ Successfully restarted nginx-thrift
[2025-10-29T09:59:36.945+0000] {docker.py:438} INFO - INFO:kubernetes_actions:Restarting deployment: text-service
[2025-10-29T09:59:37.156+0000] {docker.py:438} INFO - INFO:kubernetes_actions:✅ Successfully restarted text-service
[2025-10-29T09:59:37.157+0000] {docker.py:438} INFO - INFO:kubernetes_actions:Restarting deployment: unique-id-service
[2025-10-29T09:59:37.351+0000] {docker.py:438} INFO - INFO:kubernetes_actions:✅ Successfully restarted unique-id-service
[2025-10-29T09:59:37.352+0000] {docker.py:438} INFO - INFO:kubernetes_actions:Restarting deployment: user-mention-service
[2025-10-29T09:59:37.744+0000] {docker.py:438} INFO - INFO:kubernetes_actions:✅ Successfully restarted user-mention-service
[2025-10-29T09:59:37.748+0000] {docker.py:438} INFO - INFO:kubernetes_actions:Waiting 90 seconds for services to restart...
[2025-10-29T10:01:07.750+0000] {docker.py:438} INFO - INFO:kubernetes_actions:Reinitializing social network data...
[2025-10-29T10:08:49.069+0000] {docker.py:438} INFO - INFO:kubernetes_actions:Social network reinitialization completed successfully
[2025-10-29T10:08:49.070+0000] {docker.py:438} INFO - [32m[2025-10-29 10:08:49 INFO] Let's rollback...
[2025-10-29T10:08:49.070+0000] {docker.py:438} INFO - [32m[2025-10-29 10:08:49 INFO] No declared rollbacks, let's move on.
[2025-10-29T10:08:49.071+0000] {docker.py:438} INFO - [32m[2025-10-29 10:08:49 INFO] Experiment ended with status: completed
[2025-10-29T10:08:49.300+0000] {docker.py:438} INFO - Reinitialized Social Networking APplication successfully
[2025-10-29T10:08:49.617+0000] {taskinstance.py:340} INFO - ::group::Post task execution logs
[2025-10-29T10:08:49.618+0000] {taskinstance.py:352} INFO - Marking task as SUCCESS. dag_id=Reinitialize_Application, task_id=apply_container_restart_docker, run_id=manual__2025-10-29T09:58:40.079524+00:00, execution_date=20251029T095840, start_date=20251029T095842, end_date=20251029T100849
[2025-10-29T10:08:49.672+0000] {local_task_job_runner.py:266} INFO - Task exited with return code 0
[2025-10-29T10:08:49.700+0000] {taskinstance.py:3900} INFO - 0 downstream tasks scheduled from follow-on schedule check
[2025-10-29T10:08:49.703+0000] {local_task_job_runner.py:245} INFO - ::endgroup::
