[2025-10-11T09:00:03.023+0000] {local_task_job_runner.py:123} INFO - ::group::Pre task execution logs
[2025-10-11T09:00:03.087+0000] {taskinstance.py:2612} INFO - Dependencies all met for dep_context=non-requeueable deps ti=<TaskInstance: Cordon_Uncordon_Node.apply_cordon_uncordon_node scheduled__2025-10-11T06:00:00+00:00 [queued]>
[2025-10-11T09:00:03.131+0000] {taskinstance.py:2612} INFO - Dependencies all met for dep_context=requeueable deps ti=<TaskInstance: Cordon_Uncordon_Node.apply_cordon_uncordon_node scheduled__2025-10-11T06:00:00+00:00 [queued]>
[2025-10-11T09:00:03.131+0000] {taskinstance.py:2865} INFO - Starting attempt 1 of 1
[2025-10-11T09:00:03.200+0000] {taskinstance.py:2888} INFO - Executing <Task(DockerOperator): apply_cordon_uncordon_node> on 2025-10-11 06:00:00+00:00
[2025-10-11T09:00:03.234+0000] {standard_task_runner.py:72} INFO - Started process 98 to run task
[2025-10-11T09:00:03.256+0000] {standard_task_runner.py:104} INFO - Running: ['***', 'tasks', 'run', 'Cordon_Uncordon_Node', 'apply_cordon_uncordon_node', 'scheduled__2025-10-11T06:00:00+00:00', '--job-id', '7705', '--raw', '--subdir', 'DAGS_FOLDER/dag_factory.py', '--cfg-path', '/tmp/tmp4bdhdixy']
[2025-10-11T09:00:03.257+0000] {standard_task_runner.py:105} INFO - Job 7705: Subtask apply_cordon_uncordon_node
[2025-10-11T09:00:03.396+0000] {task_command.py:467} INFO - Running <TaskInstance: Cordon_Uncordon_Node.apply_cordon_uncordon_node scheduled__2025-10-11T06:00:00+00:00 [running]> on host workflow.y2twbfvcjkaujnl2bmtbxunhcb.cx.internal.cloudapp.net
[2025-10-11T09:00:03.791+0000] {taskinstance.py:3131} INFO - Exporting env vars: AIRFLOW_CTX_DAG_OWNER='***' AIRFLOW_CTX_DAG_ID='Cordon_Uncordon_Node' AIRFLOW_CTX_TASK_ID='apply_cordon_uncordon_node' AIRFLOW_CTX_EXECUTION_DATE='2025-10-11T06:00:00+00:00' AIRFLOW_CTX_TRY_NUMBER='1' AIRFLOW_CTX_DAG_RUN_ID='scheduled__2025-10-11T06:00:00+00:00'
[2025-10-11T09:00:03.802+0000] {taskinstance.py:731} INFO - ::endgroup::
[2025-10-11T09:00:03.874+0000] {docker.py:367} INFO - Starting docker container from image ***_chaos:latest
[2025-10-11T09:00:04.592+0000] {docker.py:438} INFO - The container is run as root user. For security, consider using a regular user account.
[2025-10-11T09:00:25.607+0000] {docker.py:438} INFO - 
[2025-10-11T09:00:26.734+0000] {docker.py:438} INFO - [32m[2025-10-11 09:00:26 INFO] Validating the experiment's syntax
[2025-10-11T09:00:27.220+0000] {docker.py:438} INFO - [32m[2025-10-11 09:00:27 INFO] Experiment looks valid
[2025-10-11T09:00:27.221+0000] {docker.py:438} INFO - [32m[2025-10-11 09:00:27 INFO] Running experiment: Cordon-Pod Restart Combined Experiment
[2025-10-11T09:00:27.224+0000] {docker.py:438} INFO - [32m[2025-10-11 09:00:27 INFO] Steady-state strategy: default
[2025-10-11T09:00:27.225+0000] {docker.py:438} INFO - [32m[2025-10-11 09:00:27 INFO] Rollbacks strategy: default
[2025-10-11T09:00:27.225+0000] {docker.py:438} INFO - [32m[2025-10-11 09:00:27 INFO] No steady state hypothesis defined. That's ok, just exploring.
[2025-10-11T09:00:27.225+0000] {docker.py:438} INFO - [32m[2025-10-11 09:00:27 INFO] Playing your experiment's method now...
[2025-10-11T09:00:27.226+0000] {docker.py:438} INFO - [32m[2025-10-11 09:00:27 INFO] Action: cordon-nodes
[2025-10-11T09:00:28.466+0000] {docker.py:438} INFO - [32m[2025-10-11 09:00:28 INFO] Action: continuous-pod-restart-during-cordon
[2025-10-11T09:05:13.423+0000] {docker.py:438} INFO - 🚀 Starting continuous pod restart experiment
[2025-10-11T09:05:13.424+0000] {docker.py:438} INFO - 📅 Interval: 20 seconds
[2025-10-11T09:05:13.424+0000] {docker.py:438} INFO - ⏱️  Duration: 300 seconds
[2025-10-11T09:05:13.425+0000] {docker.py:438} INFO - 🎯 Target: app=post-storage-service
[2025-10-11T09:05:13.425+0000] {docker.py:438} INFO - 📍 Namespace: default
[2025-10-11T09:05:13.425+0000] {docker.py:438} INFO - 
[2025-10-11T09:05:13.426+0000] {docker.py:438} INFO - ==================================================
[2025-10-11T09:05:13.426+0000] {docker.py:438} INFO - 🔄 Restart #1 at 2025-10-11 09:00:28
[2025-10-11T09:05:13.426+0000] {docker.py:438} INFO - ==================================================
[2025-10-11T09:05:13.427+0000] {docker.py:438} INFO - Hello world - terminate function started!
[2025-10-11T09:05:13.427+0000] {docker.py:438} INFO - Selecting pods with label_selector: app=post-storage-service
[2025-10-11T09:05:13.427+0000] {docker.py:438} INFO - Found 1 pods initially
[2025-10-11T09:05:13.427+0000] {docker.py:438} INFO - Random selection: 1 pods
[2025-10-11T09:05:13.428+0000] {docker.py:438} INFO - Deleting pod: post-storage-service-6cbbf5f9fb-kx9gx
[2025-10-11T09:05:13.428+0000] {docker.py:438} INFO - Deleted 1 pods: ['post-storage-service-6cbbf5f9fb-kx9gx']
[2025-10-11T09:05:13.428+0000] {docker.py:438} INFO - ✅ Successfully restarted pods: ['post-storage-service-6cbbf5f9fb-kx9gx']
[2025-10-11T09:05:13.428+0000] {docker.py:438} INFO - ⏳ Waiting 20 seconds until next restart...
[2025-10-11T09:05:13.429+0000] {docker.py:438} INFO - 📊 Time remaining: 300 seconds
[2025-10-11T09:05:13.429+0000] {docker.py:438} INFO - 
[2025-10-11T09:05:13.429+0000] {docker.py:438} INFO - ==================================================
[2025-10-11T09:05:13.429+0000] {docker.py:438} INFO - 🔄 Restart #2 at 2025-10-11 09:00:48
[2025-10-11T09:05:13.430+0000] {docker.py:438} INFO - ==================================================
[2025-10-11T09:05:13.430+0000] {docker.py:438} INFO - Hello world - terminate function started!
[2025-10-11T09:05:13.430+0000] {docker.py:438} INFO - Selecting pods with label_selector: app=post-storage-service
[2025-10-11T09:05:13.430+0000] {docker.py:438} INFO - Found 1 pods initially
[2025-10-11T09:05:13.431+0000] {docker.py:438} INFO - Random selection: 1 pods
[2025-10-11T09:05:13.431+0000] {docker.py:438} INFO - Deleting pod: post-storage-service-6cbbf5f9fb-r7pxd
[2025-10-11T09:05:13.431+0000] {docker.py:438} INFO - Deleted 1 pods: ['post-storage-service-6cbbf5f9fb-r7pxd']
[2025-10-11T09:05:13.431+0000] {docker.py:438} INFO - ✅ Successfully restarted pods: ['post-storage-service-6cbbf5f9fb-r7pxd']
[2025-10-11T09:05:13.432+0000] {docker.py:438} INFO - ⏳ Waiting 20 seconds until next restart...
[2025-10-11T09:05:13.432+0000] {docker.py:438} INFO - 📊 Time remaining: 279 seconds
[2025-10-11T09:05:13.432+0000] {docker.py:438} INFO - 
[2025-10-11T09:05:13.432+0000] {docker.py:438} INFO - ==================================================
[2025-10-11T09:05:13.433+0000] {docker.py:438} INFO - 🔄 Restart #3 at 2025-10-11 09:01:09
[2025-10-11T09:05:13.433+0000] {docker.py:438} INFO - ==================================================
[2025-10-11T09:05:13.433+0000] {docker.py:438} INFO - Hello world - terminate function started!
[2025-10-11T09:05:13.433+0000] {docker.py:438} INFO - Selecting pods with label_selector: app=post-storage-service
[2025-10-11T09:05:13.434+0000] {docker.py:438} INFO - Found 1 pods initially
[2025-10-11T09:05:13.434+0000] {docker.py:438} INFO - Random selection: 1 pods
[2025-10-11T09:05:13.434+0000] {docker.py:438} INFO - Deleting pod: post-storage-service-6cbbf5f9fb-b9mp8
[2025-10-11T09:05:13.434+0000] {docker.py:438} INFO - Deleted 1 pods: ['post-storage-service-6cbbf5f9fb-b9mp8']
[2025-10-11T09:05:13.435+0000] {docker.py:438} INFO - ✅ Successfully restarted pods: ['post-storage-service-6cbbf5f9fb-b9mp8']
[2025-10-11T09:05:13.435+0000] {docker.py:438} INFO - ⏳ Waiting 20 seconds until next restart...
[2025-10-11T09:05:13.435+0000] {docker.py:438} INFO - 📊 Time remaining: 259 seconds
[2025-10-11T09:05:13.435+0000] {docker.py:438} INFO - 
[2025-10-11T09:05:13.436+0000] {docker.py:438} INFO - ==================================================
[2025-10-11T09:05:13.436+0000] {docker.py:438} INFO - 🔄 Restart #4 at 2025-10-11 09:01:29
[2025-10-11T09:05:13.436+0000] {docker.py:438} INFO - ==================================================
[2025-10-11T09:05:13.436+0000] {docker.py:438} INFO - Hello world - terminate function started!
[2025-10-11T09:05:13.436+0000] {docker.py:438} INFO - Selecting pods with label_selector: app=post-storage-service
[2025-10-11T09:05:13.437+0000] {docker.py:438} INFO - Found 1 pods initially
[2025-10-11T09:05:13.437+0000] {docker.py:438} INFO - Random selection: 1 pods
[2025-10-11T09:05:13.437+0000] {docker.py:438} INFO - Deleting pod: post-storage-service-6cbbf5f9fb-qjql8
[2025-10-11T09:05:13.437+0000] {docker.py:438} INFO - Deleted 1 pods: ['post-storage-service-6cbbf5f9fb-qjql8']
[2025-10-11T09:05:13.438+0000] {docker.py:438} INFO - ✅ Successfully restarted pods: ['post-storage-service-6cbbf5f9fb-qjql8']
[2025-10-11T09:05:13.438+0000] {docker.py:438} INFO - ⏳ Waiting 20 seconds until next restart...
[2025-10-11T09:05:13.438+0000] {docker.py:438} INFO - 📊 Time remaining: 239 seconds
[2025-10-11T09:05:13.438+0000] {docker.py:438} INFO - 
[2025-10-11T09:05:13.439+0000] {docker.py:438} INFO - ==================================================
[2025-10-11T09:05:13.439+0000] {docker.py:438} INFO - 🔄 Restart #5 at 2025-10-11 09:01:49
[2025-10-11T09:05:13.439+0000] {docker.py:438} INFO - ==================================================
[2025-10-11T09:05:13.439+0000] {docker.py:438} INFO - Hello world - terminate function started!
[2025-10-11T09:05:13.439+0000] {docker.py:438} INFO - Selecting pods with label_selector: app=post-storage-service
[2025-10-11T09:05:13.440+0000] {docker.py:438} INFO - Found 1 pods initially
[2025-10-11T09:05:13.440+0000] {docker.py:438} INFO - Random selection: 1 pods
[2025-10-11T09:05:13.440+0000] {docker.py:438} INFO - Deleting pod: post-storage-service-6cbbf5f9fb-6r5dp
[2025-10-11T09:05:13.440+0000] {docker.py:438} INFO - Deleted 1 pods: ['post-storage-service-6cbbf5f9fb-6r5dp']
[2025-10-11T09:05:13.441+0000] {docker.py:438} INFO - ✅ Successfully restarted pods: ['post-storage-service-6cbbf5f9fb-6r5dp']
[2025-10-11T09:05:13.441+0000] {docker.py:438} INFO - ⏳ Waiting 20 seconds until next restart...
[2025-10-11T09:05:13.441+0000] {docker.py:438} INFO - 📊 Time remaining: 218 seconds
[2025-10-11T09:05:13.441+0000] {docker.py:438} INFO - 
[2025-10-11T09:05:13.442+0000] {docker.py:438} INFO - ==================================================
[2025-10-11T09:05:13.442+0000] {docker.py:438} INFO - 🔄 Restart #6 at 2025-10-11 09:02:10
[2025-10-11T09:05:13.442+0000] {docker.py:438} INFO - ==================================================
[2025-10-11T09:05:13.442+0000] {docker.py:438} INFO - Hello world - terminate function started!
[2025-10-11T09:05:13.443+0000] {docker.py:438} INFO - Selecting pods with label_selector: app=post-storage-service
[2025-10-11T09:05:13.443+0000] {docker.py:438} INFO - Found 1 pods initially
[2025-10-11T09:05:13.443+0000] {docker.py:438} INFO - Random selection: 1 pods
[2025-10-11T09:05:13.443+0000] {docker.py:438} INFO - Deleting pod: post-storage-service-6cbbf5f9fb-9wvpr
[2025-10-11T09:05:13.444+0000] {docker.py:438} INFO - Deleted 1 pods: ['post-storage-service-6cbbf5f9fb-9wvpr']
[2025-10-11T09:05:13.444+0000] {docker.py:438} INFO - ✅ Successfully restarted pods: ['post-storage-service-6cbbf5f9fb-9wvpr']
[2025-10-11T09:05:13.444+0000] {docker.py:438} INFO - ⏳ Waiting 20 seconds until next restart...
[2025-10-11T09:05:13.444+0000] {docker.py:438} INFO - 📊 Time remaining: 198 seconds
[2025-10-11T09:05:13.445+0000] {docker.py:438} INFO - 
[2025-10-11T09:05:13.445+0000] {docker.py:438} INFO - ==================================================
[2025-10-11T09:05:13.445+0000] {docker.py:438} INFO - 🔄 Restart #7 at 2025-10-11 09:02:30
[2025-10-11T09:05:13.445+0000] {docker.py:438} INFO - ==================================================
[2025-10-11T09:05:13.445+0000] {docker.py:438} INFO - Hello world - terminate function started!
[2025-10-11T09:05:13.446+0000] {docker.py:438} INFO - Selecting pods with label_selector: app=post-storage-service
[2025-10-11T09:05:13.446+0000] {docker.py:438} INFO - Found 1 pods initially
[2025-10-11T09:05:13.446+0000] {docker.py:438} INFO - Random selection: 1 pods
[2025-10-11T09:05:13.446+0000] {docker.py:438} INFO - Deleting pod: post-storage-service-6cbbf5f9fb-tns5d
[2025-10-11T09:05:13.447+0000] {docker.py:438} INFO - Deleted 1 pods: ['post-storage-service-6cbbf5f9fb-tns5d']
[2025-10-11T09:05:13.447+0000] {docker.py:438} INFO - ✅ Successfully restarted pods: ['post-storage-service-6cbbf5f9fb-tns5d']
[2025-10-11T09:05:13.447+0000] {docker.py:438} INFO - ⏳ Waiting 20 seconds until next restart...
[2025-10-11T09:05:13.447+0000] {docker.py:438} INFO - 📊 Time remaining: 177 seconds
[2025-10-11T09:05:13.448+0000] {docker.py:438} INFO - 
[2025-10-11T09:05:13.448+0000] {docker.py:438} INFO - ==================================================
[2025-10-11T09:05:13.448+0000] {docker.py:438} INFO - 🔄 Restart #8 at 2025-10-11 09:02:50
[2025-10-11T09:05:13.448+0000] {docker.py:438} INFO - ==================================================
[2025-10-11T09:05:13.449+0000] {docker.py:438} INFO - Hello world - terminate function started!
[2025-10-11T09:05:13.449+0000] {docker.py:438} INFO - Selecting pods with label_selector: app=post-storage-service
[2025-10-11T09:05:13.449+0000] {docker.py:438} INFO - Found 1 pods initially
[2025-10-11T09:05:13.449+0000] {docker.py:438} INFO - Random selection: 1 pods
[2025-10-11T09:05:13.449+0000] {docker.py:438} INFO - Deleting pod: post-storage-service-6cbbf5f9fb-ggkwn
[2025-10-11T09:05:13.450+0000] {docker.py:438} INFO - Deleted 1 pods: ['post-storage-service-6cbbf5f9fb-ggkwn']
[2025-10-11T09:05:13.450+0000] {docker.py:438} INFO - ✅ Successfully restarted pods: ['post-storage-service-6cbbf5f9fb-ggkwn']
[2025-10-11T09:05:13.450+0000] {docker.py:438} INFO - ⏳ Waiting 20 seconds until next restart...
[2025-10-11T09:05:13.450+0000] {docker.py:438} INFO - 📊 Time remaining: 157 seconds
[2025-10-11T09:05:13.451+0000] {docker.py:438} INFO - 
[2025-10-11T09:05:13.451+0000] {docker.py:438} INFO - ==================================================
[2025-10-11T09:05:13.451+0000] {docker.py:438} INFO - 🔄 Restart #9 at 2025-10-11 09:03:11
[2025-10-11T09:05:13.451+0000] {docker.py:438} INFO - ==================================================
[2025-10-11T09:05:13.451+0000] {docker.py:438} INFO - Hello world - terminate function started!
[2025-10-11T09:05:13.452+0000] {docker.py:438} INFO - Selecting pods with label_selector: app=post-storage-service
[2025-10-11T09:05:13.452+0000] {docker.py:438} INFO - Found 1 pods initially
[2025-10-11T09:05:13.452+0000] {docker.py:438} INFO - Random selection: 1 pods
[2025-10-11T09:05:13.452+0000] {docker.py:438} INFO - Deleting pod: post-storage-service-6cbbf5f9fb-f6tmz
[2025-10-11T09:05:13.453+0000] {docker.py:438} INFO - Deleted 1 pods: ['post-storage-service-6cbbf5f9fb-f6tmz']
[2025-10-11T09:05:13.453+0000] {docker.py:438} INFO - ✅ Successfully restarted pods: ['post-storage-service-6cbbf5f9fb-f6tmz']
[2025-10-11T09:05:13.453+0000] {docker.py:438} INFO - ⏳ Waiting 20 seconds until next restart...
[2025-10-11T09:05:13.453+0000] {docker.py:438} INFO - 📊 Time remaining: 137 seconds
[2025-10-11T09:05:13.454+0000] {docker.py:438} INFO - 
[2025-10-11T09:05:13.454+0000] {docker.py:438} INFO - ==================================================
[2025-10-11T09:05:13.454+0000] {docker.py:438} INFO - 🔄 Restart #10 at 2025-10-11 09:03:31
[2025-10-11T09:05:13.454+0000] {docker.py:438} INFO - ==================================================
[2025-10-11T09:05:13.455+0000] {docker.py:438} INFO - Hello world - terminate function started!
[2025-10-11T09:05:13.455+0000] {docker.py:438} INFO - Selecting pods with label_selector: app=post-storage-service
[2025-10-11T09:05:13.455+0000] {docker.py:438} INFO - Found 1 pods initially
[2025-10-11T09:05:13.455+0000] {docker.py:438} INFO - Random selection: 1 pods
[2025-10-11T09:05:13.455+0000] {docker.py:438} INFO - Deleting pod: post-storage-service-6cbbf5f9fb-m4wt2
[2025-10-11T09:05:13.456+0000] {docker.py:438} INFO - Deleted 1 pods: ['post-storage-service-6cbbf5f9fb-m4wt2']
[2025-10-11T09:05:13.456+0000] {docker.py:438} INFO - ✅ Successfully restarted pods: ['post-storage-service-6cbbf5f9fb-m4wt2']
[2025-10-11T09:05:13.456+0000] {docker.py:438} INFO - ⏳ Waiting 20 seconds until next restart...
[2025-10-11T09:05:13.456+0000] {docker.py:438} INFO - 📊 Time remaining: 116 seconds
[2025-10-11T09:05:13.457+0000] {docker.py:438} INFO - 
[2025-10-11T09:05:13.457+0000] {docker.py:438} INFO - ==================================================
[2025-10-11T09:05:13.457+0000] {docker.py:438} INFO - 🔄 Restart #11 at 2025-10-11 09:03:52
[2025-10-11T09:05:13.458+0000] {docker.py:438} INFO - ==================================================
[2025-10-11T09:05:13.458+0000] {docker.py:438} INFO - Hello world - terminate function started!
[2025-10-11T09:05:13.458+0000] {docker.py:438} INFO - Selecting pods with label_selector: app=post-storage-service
[2025-10-11T09:05:13.458+0000] {docker.py:438} INFO - Found 1 pods initially
[2025-10-11T09:05:13.459+0000] {docker.py:438} INFO - Random selection: 1 pods
[2025-10-11T09:05:13.459+0000] {docker.py:438} INFO - Deleting pod: post-storage-service-6cbbf5f9fb-hx475
[2025-10-11T09:05:13.459+0000] {docker.py:438} INFO - Deleted 1 pods: ['post-storage-service-6cbbf5f9fb-hx475']
[2025-10-11T09:05:13.459+0000] {docker.py:438} INFO - ✅ Successfully restarted pods: ['post-storage-service-6cbbf5f9fb-hx475']
[2025-10-11T09:05:13.460+0000] {docker.py:438} INFO - ⏳ Waiting 20 seconds until next restart...
[2025-10-11T09:05:13.460+0000] {docker.py:438} INFO - 📊 Time remaining: 96 seconds
[2025-10-11T09:05:13.460+0000] {docker.py:438} INFO - 
[2025-10-11T09:05:13.460+0000] {docker.py:438} INFO - ==================================================
[2025-10-11T09:05:13.461+0000] {docker.py:438} INFO - 🔄 Restart #12 at 2025-10-11 09:04:12
[2025-10-11T09:05:13.461+0000] {docker.py:438} INFO - ==================================================
[2025-10-11T09:05:13.461+0000] {docker.py:438} INFO - Hello world - terminate function started!
[2025-10-11T09:05:13.461+0000] {docker.py:438} INFO - Selecting pods with label_selector: app=post-storage-service
[2025-10-11T09:05:13.462+0000] {docker.py:438} INFO - Found 1 pods initially
[2025-10-11T09:05:13.462+0000] {docker.py:438} INFO - Random selection: 1 pods
[2025-10-11T09:05:13.462+0000] {docker.py:438} INFO - Deleting pod: post-storage-service-6cbbf5f9fb-dkjcm
[2025-10-11T09:05:13.462+0000] {docker.py:438} INFO - Deleted 1 pods: ['post-storage-service-6cbbf5f9fb-dkjcm']
[2025-10-11T09:05:13.463+0000] {docker.py:438} INFO - ✅ Successfully restarted pods: ['post-storage-service-6cbbf5f9fb-dkjcm']
[2025-10-11T09:05:13.463+0000] {docker.py:438} INFO - ⏳ Waiting 20 seconds until next restart...
[2025-10-11T09:05:13.463+0000] {docker.py:438} INFO - 📊 Time remaining: 76 seconds
[2025-10-11T09:05:13.463+0000] {docker.py:438} INFO - 
[2025-10-11T09:05:13.464+0000] {docker.py:438} INFO - ==================================================
[2025-10-11T09:05:13.464+0000] {docker.py:438} INFO - 🔄 Restart #13 at 2025-10-11 09:04:32
[2025-10-11T09:05:13.464+0000] {docker.py:438} INFO - ==================================================
[2025-10-11T09:05:13.464+0000] {docker.py:438} INFO - Hello world - terminate function started!
[2025-10-11T09:05:13.465+0000] {docker.py:438} INFO - Selecting pods with label_selector: app=post-storage-service
[2025-10-11T09:05:13.465+0000] {docker.py:438} INFO - Found 1 pods initially
[2025-10-11T09:05:13.465+0000] {docker.py:438} INFO - Random selection: 1 pods
[2025-10-11T09:05:13.465+0000] {docker.py:438} INFO - Deleting pod: post-storage-service-6cbbf5f9fb-mpm6f
[2025-10-11T09:05:13.465+0000] {docker.py:438} INFO - Deleted 1 pods: ['post-storage-service-6cbbf5f9fb-mpm6f']
[2025-10-11T09:05:13.466+0000] {docker.py:438} INFO - ✅ Successfully restarted pods: ['post-storage-service-6cbbf5f9fb-mpm6f']
[2025-10-11T09:05:13.466+0000] {docker.py:438} INFO - ⏳ Waiting 20 seconds until next restart...
[2025-10-11T09:05:13.466+0000] {docker.py:438} INFO - 📊 Time remaining: 55 seconds
[2025-10-11T09:05:13.466+0000] {docker.py:438} INFO - 
[2025-10-11T09:05:13.467+0000] {docker.py:438} INFO - ==================================================
[2025-10-11T09:05:13.467+0000] {docker.py:438} INFO - 🔄 Restart #14 at 2025-10-11 09:04:53
[2025-10-11T09:05:13.467+0000] {docker.py:438} INFO - ==================================================
[2025-10-11T09:05:13.467+0000] {docker.py:438} INFO - Hello world - terminate function started!
[2025-10-11T09:05:13.468+0000] {docker.py:438} INFO - Selecting pods with label_selector: app=post-storage-service
[2025-10-11T09:05:13.468+0000] {docker.py:438} INFO - Found 1 pods initially
[2025-10-11T09:05:13.468+0000] {docker.py:438} INFO - Random selection: 1 pods
[2025-10-11T09:05:13.468+0000] {docker.py:438} INFO - Deleting pod: post-storage-service-6cbbf5f9fb-d49s4
[2025-10-11T09:05:13.469+0000] {docker.py:438} INFO - Deleted 1 pods: ['post-storage-service-6cbbf5f9fb-d49s4']
[2025-10-11T09:05:13.469+0000] {docker.py:438} INFO - ✅ Successfully restarted pods: ['post-storage-service-6cbbf5f9fb-d49s4']
[2025-10-11T09:05:13.469+0000] {docker.py:438} INFO - ⏳ Waiting 20 seconds until next restart...
[2025-10-11T09:05:13.469+0000] {docker.py:438} INFO - 📊 Time remaining: 35 seconds
[2025-10-11T09:05:13.469+0000] {docker.py:438} INFO - 
[2025-10-11T09:05:13.470+0000] {docker.py:438} INFO - ==================================================
[2025-10-11T09:05:13.470+0000] {docker.py:438} INFO - 🔄 Restart #15 at 2025-10-11 09:05:13
[2025-10-11T09:05:13.470+0000] {docker.py:438} INFO - ==================================================
[2025-10-11T09:05:13.470+0000] {docker.py:438} INFO - Hello world - terminate function started!
[2025-10-11T09:05:13.471+0000] {docker.py:438} INFO - Selecting pods with label_selector: app=post-storage-service
[2025-10-11T09:05:13.737+0000] {docker.py:438} INFO - [32m[2025-10-11 09:05:13 INFO] Let's rollback...
[2025-10-11T09:05:13.738+0000] {docker.py:438} INFO - [32m[2025-10-11 09:05:13 INFO] Rollback: uncordon-all-nodes
[2025-10-11T09:05:13.738+0000] {docker.py:438} INFO - [32m[2025-10-11 09:05:13 INFO] Action: uncordon-all-nodes
[2025-10-11T09:05:14.663+0000] {docker.py:438} INFO - [32m[2025-10-11 09:05:14 INFO] Experiment ended with status: completed
[2025-10-11T09:05:14.664+0000] {docker.py:438} INFO - Found 1 pods initially
[2025-10-11T09:05:14.665+0000] {docker.py:438} INFO - Random selection: 1 pods
[2025-10-11T09:05:14.665+0000] {docker.py:438} INFO - Deleting pod: post-storage-service-6cbbf5f9fb-b7n2d
[2025-10-11T09:05:14.665+0000] {docker.py:438} INFO - Deleted 1 pods: ['post-storage-service-6cbbf5f9fb-b7n2d']
[2025-10-11T09:05:14.666+0000] {docker.py:438} INFO - ✅ Successfully restarted pods: ['post-storage-service-6cbbf5f9fb-b7n2d']
[2025-10-11T09:05:14.666+0000] {docker.py:438} INFO - ⏰ Less than 20 seconds remaining, stopping experiment
[2025-10-11T09:05:14.667+0000] {docker.py:438} INFO - 
[2025-10-11T09:05:14.667+0000] {docker.py:438} INFO - ==================================================
[2025-10-11T09:05:14.667+0000] {docker.py:438} INFO - 🏁 Experiment Completed!
[2025-10-11T09:05:14.668+0000] {docker.py:438} INFO - ==================================================
[2025-10-11T09:05:14.668+0000] {docker.py:438} INFO - 📈 Total restarts performed: 15
[2025-10-11T09:05:14.669+0000] {docker.py:438} INFO - ⏱️  Total duration: 285 seconds
[2025-10-11T09:05:14.669+0000] {docker.py:438} INFO - 📊 Average interval: 19.0 seconds
[2025-10-11T09:05:15.105+0000] {taskinstance.py:340} INFO - ::group::Post task execution logs
[2025-10-11T09:05:15.106+0000] {taskinstance.py:352} INFO - Marking task as SUCCESS. dag_id=Cordon_Uncordon_Node, task_id=apply_cordon_uncordon_node, run_id=scheduled__2025-10-11T06:00:00+00:00, execution_date=20251011T060000, start_date=20251011T090003, end_date=20251011T090515
[2025-10-11T09:05:15.169+0000] {local_task_job_runner.py:266} INFO - Task exited with return code 0
[2025-10-11T09:05:15.187+0000] {taskinstance.py:3900} INFO - 0 downstream tasks scheduled from follow-on schedule check
[2025-10-11T09:05:15.191+0000] {local_task_job_runner.py:245} INFO - ::endgroup::
