[2025-10-06T00:00:02.073+0000] {local_task_job_runner.py:123} INFO - ::group::Pre task execution logs
[2025-10-06T00:00:02.093+0000] {taskinstance.py:2612} INFO - Dependencies all met for dep_context=non-requeueable deps ti=<TaskInstance: Cordon_Uncordon_Node.apply_cordon_uncordon_node scheduled__2025-10-05T21:00:00+00:00 [queued]>
[2025-10-06T00:00:02.105+0000] {taskinstance.py:2612} INFO - Dependencies all met for dep_context=requeueable deps ti=<TaskInstance: Cordon_Uncordon_Node.apply_cordon_uncordon_node scheduled__2025-10-05T21:00:00+00:00 [queued]>
[2025-10-06T00:00:02.106+0000] {taskinstance.py:2865} INFO - Starting attempt 1 of 1
[2025-10-06T00:00:02.134+0000] {taskinstance.py:2888} INFO - Executing <Task(DockerOperator): apply_cordon_uncordon_node> on 2025-10-05 21:00:00+00:00
[2025-10-06T00:00:02.144+0000] {standard_task_runner.py:72} INFO - Started process 1124 to run task
[2025-10-06T00:00:02.153+0000] {standard_task_runner.py:104} INFO - Running: ['***', 'tasks', 'run', 'Cordon_Uncordon_Node', 'apply_cordon_uncordon_node', 'scheduled__2025-10-05T21:00:00+00:00', '--job-id', '376', '--raw', '--subdir', 'DAGS_FOLDER/dag_factory.py', '--cfg-path', '/tmp/tmpi1p1pj51']
[2025-10-06T00:00:02.155+0000] {standard_task_runner.py:105} INFO - Job 376: Subtask apply_cordon_uncordon_node
[2025-10-06T00:00:02.266+0000] {task_command.py:467} INFO - Running <TaskInstance: Cordon_Uncordon_Node.apply_cordon_uncordon_node scheduled__2025-10-05T21:00:00+00:00 [running]> on host workflow.y2twbfvcjkaujnl2bmtbxunhcb.cx.internal.cloudapp.net
[2025-10-06T00:00:02.472+0000] {taskinstance.py:3131} INFO - Exporting env vars: AIRFLOW_CTX_DAG_OWNER='***' AIRFLOW_CTX_DAG_ID='Cordon_Uncordon_Node' AIRFLOW_CTX_TASK_ID='apply_cordon_uncordon_node' AIRFLOW_CTX_EXECUTION_DATE='2025-10-05T21:00:00+00:00' AIRFLOW_CTX_TRY_NUMBER='1' AIRFLOW_CTX_DAG_RUN_ID='scheduled__2025-10-05T21:00:00+00:00'
[2025-10-06T00:00:02.476+0000] {taskinstance.py:731} INFO - ::endgroup::
[2025-10-06T00:00:02.534+0000] {docker.py:367} INFO - Starting docker container from image ***_chaos:latest
[2025-10-06T00:00:03.091+0000] {docker.py:438} INFO - The container is run as root user. For security, consider using a regular user account.
[2025-10-06T00:00:17.011+0000] {docker.py:438} INFO - 
[2025-10-06T00:00:17.625+0000] {docker.py:438} INFO - [32m[2025-10-06 00:00:17 INFO] Validating the experiment's syntax
[2025-10-06T00:00:18.166+0000] {docker.py:438} INFO - [32m[2025-10-06 00:00:18 INFO] Experiment looks valid
[2025-10-06T00:00:18.168+0000] {docker.py:438} INFO - [32m[2025-10-06 00:00:18 INFO] Running experiment: Cordon-Pod Restart Combined Experiment
[2025-10-06T00:00:18.178+0000] {docker.py:438} INFO - [32m[2025-10-06 00:00:18 INFO] Steady-state strategy: default
[2025-10-06T00:00:18.179+0000] {docker.py:438} INFO - [32m[2025-10-06 00:00:18 INFO] Rollbacks strategy: default
[2025-10-06T00:00:18.179+0000] {docker.py:438} INFO - [32m[2025-10-06 00:00:18 INFO] No steady state hypothesis defined. That's ok, just exploring.
[2025-10-06T00:00:18.183+0000] {docker.py:438} INFO - [32m[2025-10-06 00:00:18 INFO] Playing your experiment's method now...
[2025-10-06T00:00:18.183+0000] {docker.py:438} INFO - [32m[2025-10-06 00:00:18 INFO] Action: cordon-nodes
[2025-10-06T00:00:19.204+0000] {docker.py:438} INFO - [32m[2025-10-06 00:00:19 INFO] Action: continuous-pod-restart-during-cordon
[2025-10-06T00:05:04.893+0000] {docker.py:438} INFO - 🚀 Starting continuous pod restart experiment
[2025-10-06T00:05:04.894+0000] {docker.py:438} INFO - 📅 Interval: 20 seconds
[2025-10-06T00:05:04.894+0000] {docker.py:438} INFO - ⏱️  Duration: 300 seconds
[2025-10-06T00:05:04.894+0000] {docker.py:438} INFO - 🎯 Target: app=post-storage-service
[2025-10-06T00:05:04.894+0000] {docker.py:438} INFO - 📍 Namespace: default
[2025-10-06T00:05:04.895+0000] {docker.py:438} INFO - 
[2025-10-06T00:05:04.895+0000] {docker.py:438} INFO - ==================================================
[2025-10-06T00:05:04.895+0000] {docker.py:438} INFO - 🔄 Restart #1 at 2025-10-06 00:00:19
[2025-10-06T00:05:04.895+0000] {docker.py:438} INFO - ==================================================
[2025-10-06T00:05:04.896+0000] {docker.py:438} INFO - Hello world - terminate function started!
[2025-10-06T00:05:04.896+0000] {docker.py:438} INFO - Selecting pods with label_selector: app=post-storage-service
[2025-10-06T00:05:04.896+0000] {docker.py:438} INFO - Found 1 pods initially
[2025-10-06T00:05:04.896+0000] {docker.py:438} INFO - Random selection: 1 pods
[2025-10-06T00:05:04.896+0000] {docker.py:438} INFO - Deleting pod: post-storage-service-769cf6947d-mrl4l
[2025-10-06T00:05:04.897+0000] {docker.py:438} INFO - Deleted 1 pods: ['post-storage-service-769cf6947d-mrl4l']
[2025-10-06T00:05:04.897+0000] {docker.py:438} INFO - ✅ Successfully restarted pods: ['post-storage-service-769cf6947d-mrl4l']
[2025-10-06T00:05:04.897+0000] {docker.py:438} INFO - ⏳ Waiting 20 seconds until next restart...
[2025-10-06T00:05:04.897+0000] {docker.py:438} INFO - 📊 Time remaining: 300 seconds
[2025-10-06T00:05:04.897+0000] {docker.py:438} INFO - 
[2025-10-06T00:05:04.898+0000] {docker.py:438} INFO - ==================================================
[2025-10-06T00:05:04.898+0000] {docker.py:438} INFO - 🔄 Restart #2 at 2025-10-06 00:00:39
[2025-10-06T00:05:04.898+0000] {docker.py:438} INFO - ==================================================
[2025-10-06T00:05:04.898+0000] {docker.py:438} INFO - Hello world - terminate function started!
[2025-10-06T00:05:04.898+0000] {docker.py:438} INFO - Selecting pods with label_selector: app=post-storage-service
[2025-10-06T00:05:04.899+0000] {docker.py:438} INFO - Found 2 pods initially
[2025-10-06T00:05:04.899+0000] {docker.py:438} INFO - Random selection: 1 pods
[2025-10-06T00:05:04.899+0000] {docker.py:438} INFO - Deleting pod: post-storage-service-769cf6947d-gltxn
[2025-10-06T00:05:04.899+0000] {docker.py:438} INFO - Deleted 1 pods: ['post-storage-service-769cf6947d-gltxn']
[2025-10-06T00:05:04.899+0000] {docker.py:438} INFO - ✅ Successfully restarted pods: ['post-storage-service-769cf6947d-gltxn']
[2025-10-06T00:05:04.900+0000] {docker.py:438} INFO - ⏳ Waiting 20 seconds until next restart...
[2025-10-06T00:05:04.900+0000] {docker.py:438} INFO - 📊 Time remaining: 279 seconds
[2025-10-06T00:05:04.900+0000] {docker.py:438} INFO - 
[2025-10-06T00:05:04.900+0000] {docker.py:438} INFO - ==================================================
[2025-10-06T00:05:04.900+0000] {docker.py:438} INFO - 🔄 Restart #3 at 2025-10-06 00:01:00
[2025-10-06T00:05:04.901+0000] {docker.py:438} INFO - ==================================================
[2025-10-06T00:05:04.901+0000] {docker.py:438} INFO - Hello world - terminate function started!
[2025-10-06T00:05:04.901+0000] {docker.py:438} INFO - Selecting pods with label_selector: app=post-storage-service
[2025-10-06T00:05:04.901+0000] {docker.py:438} INFO - Found 2 pods initially
[2025-10-06T00:05:04.902+0000] {docker.py:438} INFO - Random selection: 1 pods
[2025-10-06T00:05:04.902+0000] {docker.py:438} INFO - Deleting pod: post-storage-service-769cf6947d-gltxn
[2025-10-06T00:05:04.902+0000] {docker.py:438} INFO - Deleted 1 pods: ['post-storage-service-769cf6947d-gltxn']
[2025-10-06T00:05:04.902+0000] {docker.py:438} INFO - ✅ Successfully restarted pods: ['post-storage-service-769cf6947d-gltxn']
[2025-10-06T00:05:04.902+0000] {docker.py:438} INFO - ⏳ Waiting 20 seconds until next restart...
[2025-10-06T00:05:04.903+0000] {docker.py:438} INFO - 📊 Time remaining: 259 seconds
[2025-10-06T00:05:04.903+0000] {docker.py:438} INFO - 
[2025-10-06T00:05:04.903+0000] {docker.py:438} INFO - ==================================================
[2025-10-06T00:05:04.903+0000] {docker.py:438} INFO - 🔄 Restart #4 at 2025-10-06 00:01:20
[2025-10-06T00:05:04.903+0000] {docker.py:438} INFO - ==================================================
[2025-10-06T00:05:04.903+0000] {docker.py:438} INFO - Hello world - terminate function started!
[2025-10-06T00:05:04.904+0000] {docker.py:438} INFO - Selecting pods with label_selector: app=post-storage-service
[2025-10-06T00:05:04.904+0000] {docker.py:438} INFO - Found 1 pods initially
[2025-10-06T00:05:04.904+0000] {docker.py:438} INFO - Random selection: 1 pods
[2025-10-06T00:05:04.904+0000] {docker.py:438} INFO - Deleting pod: post-storage-service-769cf6947d-jvtjw
[2025-10-06T00:05:04.904+0000] {docker.py:438} INFO - Deleted 1 pods: ['post-storage-service-769cf6947d-jvtjw']
[2025-10-06T00:05:04.905+0000] {docker.py:438} INFO - ✅ Successfully restarted pods: ['post-storage-service-769cf6947d-jvtjw']
[2025-10-06T00:05:04.905+0000] {docker.py:438} INFO - ⏳ Waiting 20 seconds until next restart...
[2025-10-06T00:05:04.905+0000] {docker.py:438} INFO - 📊 Time remaining: 238 seconds
[2025-10-06T00:05:04.905+0000] {docker.py:438} INFO - 
[2025-10-06T00:05:04.905+0000] {docker.py:438} INFO - ==================================================
[2025-10-06T00:05:04.906+0000] {docker.py:438} INFO - 🔄 Restart #5 at 2025-10-06 00:01:40
[2025-10-06T00:05:04.906+0000] {docker.py:438} INFO - ==================================================
[2025-10-06T00:05:04.906+0000] {docker.py:438} INFO - Hello world - terminate function started!
[2025-10-06T00:05:04.906+0000] {docker.py:438} INFO - Selecting pods with label_selector: app=post-storage-service
[2025-10-06T00:05:04.906+0000] {docker.py:438} INFO - Found 2 pods initially
[2025-10-06T00:05:04.906+0000] {docker.py:438} INFO - Random selection: 1 pods
[2025-10-06T00:05:04.907+0000] {docker.py:438} INFO - Deleting pod: post-storage-service-769cf6947d-jvtjw
[2025-10-06T00:05:04.907+0000] {docker.py:438} INFO - Deleted 1 pods: ['post-storage-service-769cf6947d-jvtjw']
[2025-10-06T00:05:04.907+0000] {docker.py:438} INFO - ✅ Successfully restarted pods: ['post-storage-service-769cf6947d-jvtjw']
[2025-10-06T00:05:04.907+0000] {docker.py:438} INFO - ⏳ Waiting 20 seconds until next restart...
[2025-10-06T00:05:04.907+0000] {docker.py:438} INFO - 📊 Time remaining: 218 seconds
[2025-10-06T00:05:04.908+0000] {docker.py:438} INFO - 
[2025-10-06T00:05:04.908+0000] {docker.py:438} INFO - ==================================================
[2025-10-06T00:05:04.908+0000] {docker.py:438} INFO - 🔄 Restart #6 at 2025-10-06 00:02:01
[2025-10-06T00:05:04.908+0000] {docker.py:438} INFO - ==================================================
[2025-10-06T00:05:04.908+0000] {docker.py:438} INFO - Hello world - terminate function started!
[2025-10-06T00:05:04.908+0000] {docker.py:438} INFO - Selecting pods with label_selector: app=post-storage-service
[2025-10-06T00:05:04.909+0000] {docker.py:438} INFO - Found 1 pods initially
[2025-10-06T00:05:04.909+0000] {docker.py:438} INFO - Random selection: 1 pods
[2025-10-06T00:05:04.909+0000] {docker.py:438} INFO - Deleting pod: post-storage-service-769cf6947d-wckvc
[2025-10-06T00:05:04.909+0000] {docker.py:438} INFO - Deleted 1 pods: ['post-storage-service-769cf6947d-wckvc']
[2025-10-06T00:05:04.909+0000] {docker.py:438} INFO - ✅ Successfully restarted pods: ['post-storage-service-769cf6947d-wckvc']
[2025-10-06T00:05:04.910+0000] {docker.py:438} INFO - ⏳ Waiting 20 seconds until next restart...
[2025-10-06T00:05:04.910+0000] {docker.py:438} INFO - 📊 Time remaining: 198 seconds
[2025-10-06T00:05:04.910+0000] {docker.py:438} INFO - 
[2025-10-06T00:05:04.910+0000] {docker.py:438} INFO - ==================================================
[2025-10-06T00:05:04.910+0000] {docker.py:438} INFO - 🔄 Restart #7 at 2025-10-06 00:02:21
[2025-10-06T00:05:04.911+0000] {docker.py:438} INFO - ==================================================
[2025-10-06T00:05:04.911+0000] {docker.py:438} INFO - Hello world - terminate function started!
[2025-10-06T00:05:04.911+0000] {docker.py:438} INFO - Selecting pods with label_selector: app=post-storage-service
[2025-10-06T00:05:04.911+0000] {docker.py:438} INFO - Found 2 pods initially
[2025-10-06T00:05:04.911+0000] {docker.py:438} INFO - Random selection: 1 pods
[2025-10-06T00:05:04.912+0000] {docker.py:438} INFO - Deleting pod: post-storage-service-769cf6947d-wckvc
[2025-10-06T00:05:04.912+0000] {docker.py:438} INFO - Deleted 1 pods: ['post-storage-service-769cf6947d-wckvc']
[2025-10-06T00:05:04.912+0000] {docker.py:438} INFO - ✅ Successfully restarted pods: ['post-storage-service-769cf6947d-wckvc']
[2025-10-06T00:05:04.912+0000] {docker.py:438} INFO - ⏳ Waiting 20 seconds until next restart...
[2025-10-06T00:05:04.912+0000] {docker.py:438} INFO - 📊 Time remaining: 177 seconds
[2025-10-06T00:05:04.912+0000] {docker.py:438} INFO - 
[2025-10-06T00:05:04.913+0000] {docker.py:438} INFO - ==================================================
[2025-10-06T00:05:04.913+0000] {docker.py:438} INFO - 🔄 Restart #8 at 2025-10-06 00:02:42
[2025-10-06T00:05:04.913+0000] {docker.py:438} INFO - ==================================================
[2025-10-06T00:05:04.913+0000] {docker.py:438} INFO - Hello world - terminate function started!
[2025-10-06T00:05:04.913+0000] {docker.py:438} INFO - Selecting pods with label_selector: app=post-storage-service
[2025-10-06T00:05:04.914+0000] {docker.py:438} INFO - Found 1 pods initially
[2025-10-06T00:05:04.914+0000] {docker.py:438} INFO - Random selection: 1 pods
[2025-10-06T00:05:04.914+0000] {docker.py:438} INFO - Deleting pod: post-storage-service-769cf6947d-mcxcq
[2025-10-06T00:05:04.914+0000] {docker.py:438} INFO - Deleted 1 pods: ['post-storage-service-769cf6947d-mcxcq']
[2025-10-06T00:05:04.914+0000] {docker.py:438} INFO - ✅ Successfully restarted pods: ['post-storage-service-769cf6947d-mcxcq']
[2025-10-06T00:05:04.915+0000] {docker.py:438} INFO - ⏳ Waiting 20 seconds until next restart...
[2025-10-06T00:05:04.915+0000] {docker.py:438} INFO - 📊 Time remaining: 157 seconds
[2025-10-06T00:05:04.915+0000] {docker.py:438} INFO - 
[2025-10-06T00:05:04.915+0000] {docker.py:438} INFO - ==================================================
[2025-10-06T00:05:04.915+0000] {docker.py:438} INFO - 🔄 Restart #9 at 2025-10-06 00:03:02
[2025-10-06T00:05:04.915+0000] {docker.py:438} INFO - ==================================================
[2025-10-06T00:05:04.916+0000] {docker.py:438} INFO - Hello world - terminate function started!
[2025-10-06T00:05:04.916+0000] {docker.py:438} INFO - Selecting pods with label_selector: app=post-storage-service
[2025-10-06T00:05:04.916+0000] {docker.py:438} INFO - Found 2 pods initially
[2025-10-06T00:05:04.916+0000] {docker.py:438} INFO - Random selection: 1 pods
[2025-10-06T00:05:04.916+0000] {docker.py:438} INFO - Deleting pod: post-storage-service-769cf6947d-mcxcq
[2025-10-06T00:05:04.917+0000] {docker.py:438} INFO - Deleted 1 pods: ['post-storage-service-769cf6947d-mcxcq']
[2025-10-06T00:05:04.917+0000] {docker.py:438} INFO - ✅ Successfully restarted pods: ['post-storage-service-769cf6947d-mcxcq']
[2025-10-06T00:05:04.917+0000] {docker.py:438} INFO - ⏳ Waiting 20 seconds until next restart...
[2025-10-06T00:05:04.917+0000] {docker.py:438} INFO - 📊 Time remaining: 136 seconds
[2025-10-06T00:05:04.917+0000] {docker.py:438} INFO - 
[2025-10-06T00:05:04.917+0000] {docker.py:438} INFO - ==================================================
[2025-10-06T00:05:04.918+0000] {docker.py:438} INFO - 🔄 Restart #10 at 2025-10-06 00:03:22
[2025-10-06T00:05:04.918+0000] {docker.py:438} INFO - ==================================================
[2025-10-06T00:05:04.918+0000] {docker.py:438} INFO - Hello world - terminate function started!
[2025-10-06T00:05:04.918+0000] {docker.py:438} INFO - Selecting pods with label_selector: app=post-storage-service
[2025-10-06T00:05:04.918+0000] {docker.py:438} INFO - Found 1 pods initially
[2025-10-06T00:05:04.919+0000] {docker.py:438} INFO - Random selection: 1 pods
[2025-10-06T00:05:04.919+0000] {docker.py:438} INFO - Deleting pod: post-storage-service-769cf6947d-tgs8f
[2025-10-06T00:05:04.919+0000] {docker.py:438} INFO - Deleted 1 pods: ['post-storage-service-769cf6947d-tgs8f']
[2025-10-06T00:05:04.919+0000] {docker.py:438} INFO - ✅ Successfully restarted pods: ['post-storage-service-769cf6947d-tgs8f']
[2025-10-06T00:05:04.919+0000] {docker.py:438} INFO - ⏳ Waiting 20 seconds until next restart...
[2025-10-06T00:05:04.920+0000] {docker.py:438} INFO - 📊 Time remaining: 116 seconds
[2025-10-06T00:05:04.920+0000] {docker.py:438} INFO - 
[2025-10-06T00:05:04.920+0000] {docker.py:438} INFO - ==================================================
[2025-10-06T00:05:04.920+0000] {docker.py:438} INFO - 🔄 Restart #11 at 2025-10-06 00:03:43
[2025-10-06T00:05:04.920+0000] {docker.py:438} INFO - ==================================================
[2025-10-06T00:05:04.921+0000] {docker.py:438} INFO - Hello world - terminate function started!
[2025-10-06T00:05:04.921+0000] {docker.py:438} INFO - Selecting pods with label_selector: app=post-storage-service
[2025-10-06T00:05:04.921+0000] {docker.py:438} INFO - Found 2 pods initially
[2025-10-06T00:05:04.921+0000] {docker.py:438} INFO - Random selection: 1 pods
[2025-10-06T00:05:04.921+0000] {docker.py:438} INFO - Deleting pod: post-storage-service-769cf6947d-g7jwd
[2025-10-06T00:05:04.922+0000] {docker.py:438} INFO - Deleted 1 pods: ['post-storage-service-769cf6947d-g7jwd']
[2025-10-06T00:05:04.922+0000] {docker.py:438} INFO - ✅ Successfully restarted pods: ['post-storage-service-769cf6947d-g7jwd']
[2025-10-06T00:05:04.922+0000] {docker.py:438} INFO - ⏳ Waiting 20 seconds until next restart...
[2025-10-06T00:05:04.922+0000] {docker.py:438} INFO - 📊 Time remaining: 96 seconds
[2025-10-06T00:05:04.922+0000] {docker.py:438} INFO - 
[2025-10-06T00:05:04.923+0000] {docker.py:438} INFO - ==================================================
[2025-10-06T00:05:04.923+0000] {docker.py:438} INFO - 🔄 Restart #12 at 2025-10-06 00:04:03
[2025-10-06T00:05:04.923+0000] {docker.py:438} INFO - ==================================================
[2025-10-06T00:05:04.923+0000] {docker.py:438} INFO - Hello world - terminate function started!
[2025-10-06T00:05:04.923+0000] {docker.py:438} INFO - Selecting pods with label_selector: app=post-storage-service
[2025-10-06T00:05:04.924+0000] {docker.py:438} INFO - Found 2 pods initially
[2025-10-06T00:05:04.924+0000] {docker.py:438} INFO - Random selection: 1 pods
[2025-10-06T00:05:04.924+0000] {docker.py:438} INFO - Deleting pod: post-storage-service-769cf6947d-g7jwd
[2025-10-06T00:05:04.924+0000] {docker.py:438} INFO - Deleted 1 pods: ['post-storage-service-769cf6947d-g7jwd']
[2025-10-06T00:05:04.924+0000] {docker.py:438} INFO - ✅ Successfully restarted pods: ['post-storage-service-769cf6947d-g7jwd']
[2025-10-06T00:05:04.925+0000] {docker.py:438} INFO - ⏳ Waiting 20 seconds until next restart...
[2025-10-06T00:05:04.925+0000] {docker.py:438} INFO - 📊 Time remaining: 75 seconds
[2025-10-06T00:05:04.925+0000] {docker.py:438} INFO - 
[2025-10-06T00:05:04.925+0000] {docker.py:438} INFO - ==================================================
[2025-10-06T00:05:04.925+0000] {docker.py:438} INFO - 🔄 Restart #13 at 2025-10-06 00:04:24
[2025-10-06T00:05:04.926+0000] {docker.py:438} INFO - ==================================================
[2025-10-06T00:05:04.926+0000] {docker.py:438} INFO - Hello world - terminate function started!
[2025-10-06T00:05:04.926+0000] {docker.py:438} INFO - Selecting pods with label_selector: app=post-storage-service
[2025-10-06T00:05:04.926+0000] {docker.py:438} INFO - Found 1 pods initially
[2025-10-06T00:05:04.926+0000] {docker.py:438} INFO - Random selection: 1 pods
[2025-10-06T00:05:04.926+0000] {docker.py:438} INFO - Deleting pod: post-storage-service-769cf6947d-tb99g
[2025-10-06T00:05:04.927+0000] {docker.py:438} INFO - Deleted 1 pods: ['post-storage-service-769cf6947d-tb99g']
[2025-10-06T00:05:04.927+0000] {docker.py:438} INFO - ✅ Successfully restarted pods: ['post-storage-service-769cf6947d-tb99g']
[2025-10-06T00:05:04.927+0000] {docker.py:438} INFO - ⏳ Waiting 20 seconds until next restart...
[2025-10-06T00:05:04.927+0000] {docker.py:438} INFO - 📊 Time remaining: 55 seconds
[2025-10-06T00:05:04.927+0000] {docker.py:438} INFO - 
[2025-10-06T00:05:04.928+0000] {docker.py:438} INFO - ==================================================
[2025-10-06T00:05:04.928+0000] {docker.py:438} INFO - 🔄 Restart #14 at 2025-10-06 00:04:44
[2025-10-06T00:05:04.928+0000] {docker.py:438} INFO - ==================================================
[2025-10-06T00:05:04.928+0000] {docker.py:438} INFO - Hello world - terminate function started!
[2025-10-06T00:05:04.928+0000] {docker.py:438} INFO - Selecting pods with label_selector: app=post-storage-service
[2025-10-06T00:05:04.928+0000] {docker.py:438} INFO - Found 2 pods initially
[2025-10-06T00:05:04.929+0000] {docker.py:438} INFO - Random selection: 1 pods
[2025-10-06T00:05:04.929+0000] {docker.py:438} INFO - Deleting pod: post-storage-service-769cf6947d-rsrkv
[2025-10-06T00:05:04.929+0000] {docker.py:438} INFO - Deleted 1 pods: ['post-storage-service-769cf6947d-rsrkv']
[2025-10-06T00:05:04.929+0000] {docker.py:438} INFO - ✅ Successfully restarted pods: ['post-storage-service-769cf6947d-rsrkv']
[2025-10-06T00:05:04.929+0000] {docker.py:438} INFO - ⏳ Waiting 20 seconds until next restart...
[2025-10-06T00:05:04.930+0000] {docker.py:438} INFO - 📊 Time remaining: 34 seconds
[2025-10-06T00:05:04.930+0000] {docker.py:438} INFO - 
[2025-10-06T00:05:04.930+0000] {docker.py:438} INFO - ==================================================
[2025-10-06T00:05:04.930+0000] {docker.py:438} INFO - 🔄 Restart #15 at 2025-10-06 00:05:04
[2025-10-06T00:05:04.930+0000] {docker.py:438} INFO - ==================================================
[2025-10-06T00:05:04.930+0000] {docker.py:438} INFO - Hello world - terminate function started!
[2025-10-06T00:05:04.931+0000] {docker.py:438} INFO - Selecting pods with label_selector: app=post-storage-service
[2025-10-06T00:05:05.300+0000] {docker.py:438} INFO - [32m[2025-10-06 00:05:05 INFO] Let's rollback...
[2025-10-06T00:05:05.301+0000] {docker.py:438} INFO - [32m[2025-10-06 00:05:05 INFO] Rollback: uncordon-all-nodes
[2025-10-06T00:05:05.301+0000] {docker.py:438} INFO - [32m[2025-10-06 00:05:05 INFO] Action: uncordon-all-nodes
[2025-10-06T00:05:06.359+0000] {docker.py:438} INFO - [32m[2025-10-06 00:05:06 INFO] Experiment ended with status: completed
[2025-10-06T00:05:06.360+0000] {docker.py:438} INFO - Found 2 pods initially
[2025-10-06T00:05:06.360+0000] {docker.py:438} INFO - Random selection: 1 pods
[2025-10-06T00:05:06.360+0000] {docker.py:438} INFO - Deleting pod: post-storage-service-769cf6947d-rsrkv
[2025-10-06T00:05:06.361+0000] {docker.py:438} INFO - Deleted 1 pods: ['post-storage-service-769cf6947d-rsrkv']
[2025-10-06T00:05:06.361+0000] {docker.py:438} INFO - ✅ Successfully restarted pods: ['post-storage-service-769cf6947d-rsrkv']
[2025-10-06T00:05:06.361+0000] {docker.py:438} INFO - ⏰ Less than 20 seconds remaining, stopping experiment
[2025-10-06T00:05:06.362+0000] {docker.py:438} INFO - 
[2025-10-06T00:05:06.362+0000] {docker.py:438} INFO - ==================================================
[2025-10-06T00:05:06.362+0000] {docker.py:438} INFO - 🏁 Experiment Completed!
[2025-10-06T00:05:06.363+0000] {docker.py:438} INFO - ==================================================
[2025-10-06T00:05:06.363+0000] {docker.py:438} INFO - 📈 Total restarts performed: 15
[2025-10-06T00:05:06.363+0000] {docker.py:438} INFO - ⏱️  Total duration: 286 seconds
[2025-10-06T00:05:06.364+0000] {docker.py:438} INFO - 📊 Average interval: 19.1 seconds
[2025-10-06T00:05:06.610+0000] {taskinstance.py:340} INFO - ::group::Post task execution logs
[2025-10-06T00:05:06.611+0000] {taskinstance.py:352} INFO - Marking task as SUCCESS. dag_id=Cordon_Uncordon_Node, task_id=apply_cordon_uncordon_node, run_id=scheduled__2025-10-05T21:00:00+00:00, execution_date=20251005T210000, start_date=20251006T000002, end_date=20251006T000506
[2025-10-06T00:05:06.645+0000] {local_task_job_runner.py:266} INFO - Task exited with return code 0
[2025-10-06T00:05:06.659+0000] {taskinstance.py:3900} INFO - 0 downstream tasks scheduled from follow-on schedule check
[2025-10-06T00:05:06.662+0000] {local_task_job_runner.py:245} INFO - ::endgroup::
