[2025-10-03T18:00:02.200+0000] {local_task_job_runner.py:123} INFO - ::group::Pre task execution logs
[2025-10-03T18:00:02.241+0000] {taskinstance.py:2612} INFO - Dependencies all met for dep_context=non-requeueable deps ti=<TaskInstance: Cordon_Uncordon_Node.apply_cordon_uncordon_node scheduled__2025-10-03T15:00:00+00:00 [queued]>
[2025-10-03T18:00:02.257+0000] {taskinstance.py:2612} INFO - Dependencies all met for dep_context=requeueable deps ti=<TaskInstance: Cordon_Uncordon_Node.apply_cordon_uncordon_node scheduled__2025-10-03T15:00:00+00:00 [queued]>
[2025-10-03T18:00:02.257+0000] {taskinstance.py:2865} INFO - Starting attempt 1 of 1
[2025-10-03T18:00:02.283+0000] {taskinstance.py:2888} INFO - Executing <Task(DockerOperator): apply_cordon_uncordon_node> on 2025-10-03 15:00:00+00:00
[2025-10-03T18:00:02.306+0000] {standard_task_runner.py:72} INFO - Started process 688 to run task
[2025-10-03T18:00:02.318+0000] {standard_task_runner.py:104} INFO - Running: ['***', 'tasks', 'run', 'Cordon_Uncordon_Node', 'apply_cordon_uncordon_node', 'scheduled__2025-10-03T15:00:00+00:00', '--job-id', '230', '--raw', '--subdir', 'DAGS_FOLDER/dag_factory.py', '--cfg-path', '/tmp/tmprdlxfmwu']
[2025-10-03T18:00:02.321+0000] {standard_task_runner.py:105} INFO - Job 230: Subtask apply_cordon_uncordon_node
[2025-10-03T18:00:02.439+0000] {task_command.py:467} INFO - Running <TaskInstance: Cordon_Uncordon_Node.apply_cordon_uncordon_node scheduled__2025-10-03T15:00:00+00:00 [running]> on host workflow.y2twbfvcjkaujnl2bmtbxunhcb.cx.internal.cloudapp.net
[2025-10-03T18:00:02.685+0000] {taskinstance.py:3131} INFO - Exporting env vars: AIRFLOW_CTX_DAG_OWNER='***' AIRFLOW_CTX_DAG_ID='Cordon_Uncordon_Node' AIRFLOW_CTX_TASK_ID='apply_cordon_uncordon_node' AIRFLOW_CTX_EXECUTION_DATE='2025-10-03T15:00:00+00:00' AIRFLOW_CTX_TRY_NUMBER='1' AIRFLOW_CTX_DAG_RUN_ID='scheduled__2025-10-03T15:00:00+00:00'
[2025-10-03T18:00:02.686+0000] {taskinstance.py:731} INFO - ::endgroup::
[2025-10-03T18:00:02.770+0000] {docker.py:367} INFO - Starting docker container from image ***_chaos:latest
[2025-10-03T18:00:03.328+0000] {docker.py:438} INFO - The container is run as root user. For security, consider using a regular user account.
[2025-10-03T18:00:17.483+0000] {docker.py:438} INFO - 
[2025-10-03T18:00:18.452+0000] {docker.py:438} INFO - [32m[2025-10-03 18:00:18 INFO] Validating the experiment's syntax
[2025-10-03T18:00:18.829+0000] {docker.py:438} INFO - [32m[2025-10-03 18:00:18 INFO] Experiment looks valid
[2025-10-03T18:00:18.830+0000] {docker.py:438} INFO - [32m[2025-10-03 18:00:18 INFO] Running experiment: Cordon-Pod Restart Combined Experiment
[2025-10-03T18:00:18.834+0000] {docker.py:438} INFO - [32m[2025-10-03 18:00:18 INFO] Steady-state strategy: default
[2025-10-03T18:00:18.834+0000] {docker.py:438} INFO - [32m[2025-10-03 18:00:18 INFO] Rollbacks strategy: default
[2025-10-03T18:00:18.835+0000] {docker.py:438} INFO - [32m[2025-10-03 18:00:18 INFO] No steady state hypothesis defined. That's ok, just exploring.
[2025-10-03T18:00:18.835+0000] {docker.py:438} INFO - [32m[2025-10-03 18:00:18 INFO] Playing your experiment's method now...
[2025-10-03T18:00:18.836+0000] {docker.py:438} INFO - [32m[2025-10-03 18:00:18 INFO] Action: cordon-nodes
[2025-10-03T18:00:19.869+0000] {docker.py:438} INFO - [32m[2025-10-03 18:00:19 INFO] Action: continuous-pod-restart-during-cordon
[2025-10-03T18:05:05.903+0000] {docker.py:438} INFO - 🚀 Starting continuous pod restart experiment
[2025-10-03T18:05:05.904+0000] {docker.py:438} INFO - 📅 Interval: 20 seconds
[2025-10-03T18:05:05.904+0000] {docker.py:438} INFO - ⏱️  Duration: 300 seconds
[2025-10-03T18:05:05.904+0000] {docker.py:438} INFO - 🎯 Target: app=post-storage-service
[2025-10-03T18:05:05.904+0000] {docker.py:438} INFO - 📍 Namespace: default
[2025-10-03T18:05:05.905+0000] {docker.py:438} INFO - 
[2025-10-03T18:05:05.905+0000] {docker.py:438} INFO - ==================================================
[2025-10-03T18:05:05.905+0000] {docker.py:438} INFO - 🔄 Restart #1 at 2025-10-03 18:00:19
[2025-10-03T18:05:05.905+0000] {docker.py:438} INFO - ==================================================
[2025-10-03T18:05:05.906+0000] {docker.py:438} INFO - Hello world - terminate function started!
[2025-10-03T18:05:05.906+0000] {docker.py:438} INFO - Selecting pods with label_selector: app=post-storage-service
[2025-10-03T18:05:05.906+0000] {docker.py:438} INFO - Found 1 pods initially
[2025-10-03T18:05:05.906+0000] {docker.py:438} INFO - Random selection: 1 pods
[2025-10-03T18:05:05.906+0000] {docker.py:438} INFO - Deleting pod: post-storage-service-769cf6947d-2ntgk
[2025-10-03T18:05:05.907+0000] {docker.py:438} INFO - Deleted 1 pods: ['post-storage-service-769cf6947d-2ntgk']
[2025-10-03T18:05:05.907+0000] {docker.py:438} INFO - ✅ Successfully restarted pods: ['post-storage-service-769cf6947d-2ntgk']
[2025-10-03T18:05:05.907+0000] {docker.py:438} INFO - ⏳ Waiting 20 seconds until next restart...
[2025-10-03T18:05:05.907+0000] {docker.py:438} INFO - 📊 Time remaining: 300 seconds
[2025-10-03T18:05:05.908+0000] {docker.py:438} INFO - 
[2025-10-03T18:05:05.908+0000] {docker.py:438} INFO - ==================================================
[2025-10-03T18:05:05.908+0000] {docker.py:438} INFO - 🔄 Restart #2 at 2025-10-03 18:00:40
[2025-10-03T18:05:05.908+0000] {docker.py:438} INFO - ==================================================
[2025-10-03T18:05:05.908+0000] {docker.py:438} INFO - Hello world - terminate function started!
[2025-10-03T18:05:05.909+0000] {docker.py:438} INFO - Selecting pods with label_selector: app=post-storage-service
[2025-10-03T18:05:05.909+0000] {docker.py:438} INFO - Found 2 pods initially
[2025-10-03T18:05:05.909+0000] {docker.py:438} INFO - Random selection: 1 pods
[2025-10-03T18:05:05.909+0000] {docker.py:438} INFO - Deleting pod: post-storage-service-769cf6947d-qx2gf
[2025-10-03T18:05:05.909+0000] {docker.py:438} INFO - Deleted 1 pods: ['post-storage-service-769cf6947d-qx2gf']
[2025-10-03T18:05:05.910+0000] {docker.py:438} INFO - ✅ Successfully restarted pods: ['post-storage-service-769cf6947d-qx2gf']
[2025-10-03T18:05:05.910+0000] {docker.py:438} INFO - ⏳ Waiting 20 seconds until next restart...
[2025-10-03T18:05:05.910+0000] {docker.py:438} INFO - 📊 Time remaining: 279 seconds
[2025-10-03T18:05:05.910+0000] {docker.py:438} INFO - 
[2025-10-03T18:05:05.910+0000] {docker.py:438} INFO - ==================================================
[2025-10-03T18:05:05.910+0000] {docker.py:438} INFO - 🔄 Restart #3 at 2025-10-03 18:01:00
[2025-10-03T18:05:05.911+0000] {docker.py:438} INFO - ==================================================
[2025-10-03T18:05:05.911+0000] {docker.py:438} INFO - Hello world - terminate function started!
[2025-10-03T18:05:05.911+0000] {docker.py:438} INFO - Selecting pods with label_selector: app=post-storage-service
[2025-10-03T18:05:05.911+0000] {docker.py:438} INFO - Found 2 pods initially
[2025-10-03T18:05:05.912+0000] {docker.py:438} INFO - Random selection: 1 pods
[2025-10-03T18:05:05.912+0000] {docker.py:438} INFO - Deleting pod: post-storage-service-769cf6947d-qx2gf
[2025-10-03T18:05:05.912+0000] {docker.py:438} INFO - Deleted 1 pods: ['post-storage-service-769cf6947d-qx2gf']
[2025-10-03T18:05:05.912+0000] {docker.py:438} INFO - ✅ Successfully restarted pods: ['post-storage-service-769cf6947d-qx2gf']
[2025-10-03T18:05:05.912+0000] {docker.py:438} INFO - ⏳ Waiting 20 seconds until next restart...
[2025-10-03T18:05:05.913+0000] {docker.py:438} INFO - 📊 Time remaining: 259 seconds
[2025-10-03T18:05:05.913+0000] {docker.py:438} INFO - 
[2025-10-03T18:05:05.913+0000] {docker.py:438} INFO - ==================================================
[2025-10-03T18:05:05.913+0000] {docker.py:438} INFO - 🔄 Restart #4 at 2025-10-03 18:01:21
[2025-10-03T18:05:05.913+0000] {docker.py:438} INFO - ==================================================
[2025-10-03T18:05:05.914+0000] {docker.py:438} INFO - Hello world - terminate function started!
[2025-10-03T18:05:05.914+0000] {docker.py:438} INFO - Selecting pods with label_selector: app=post-storage-service
[2025-10-03T18:05:05.914+0000] {docker.py:438} INFO - Found 1 pods initially
[2025-10-03T18:05:05.914+0000] {docker.py:438} INFO - Random selection: 1 pods
[2025-10-03T18:05:05.914+0000] {docker.py:438} INFO - Deleting pod: post-storage-service-769cf6947d-p2x4p
[2025-10-03T18:05:05.914+0000] {docker.py:438} INFO - Deleted 1 pods: ['post-storage-service-769cf6947d-p2x4p']
[2025-10-03T18:05:05.915+0000] {docker.py:438} INFO - ✅ Successfully restarted pods: ['post-storage-service-769cf6947d-p2x4p']
[2025-10-03T18:05:05.915+0000] {docker.py:438} INFO - ⏳ Waiting 20 seconds until next restart...
[2025-10-03T18:05:05.915+0000] {docker.py:438} INFO - 📊 Time remaining: 238 seconds
[2025-10-03T18:05:05.915+0000] {docker.py:438} INFO - 
[2025-10-03T18:05:05.915+0000] {docker.py:438} INFO - ==================================================
[2025-10-03T18:05:05.916+0000] {docker.py:438} INFO - 🔄 Restart #5 at 2025-10-03 18:01:41
[2025-10-03T18:05:05.916+0000] {docker.py:438} INFO - ==================================================
[2025-10-03T18:05:05.916+0000] {docker.py:438} INFO - Hello world - terminate function started!
[2025-10-03T18:05:05.916+0000] {docker.py:438} INFO - Selecting pods with label_selector: app=post-storage-service
[2025-10-03T18:05:05.916+0000] {docker.py:438} INFO - Found 2 pods initially
[2025-10-03T18:05:05.916+0000] {docker.py:438} INFO - Random selection: 1 pods
[2025-10-03T18:05:05.917+0000] {docker.py:438} INFO - Deleting pod: post-storage-service-769cf6947d-p2x4p
[2025-10-03T18:05:05.917+0000] {docker.py:438} INFO - Deleted 1 pods: ['post-storage-service-769cf6947d-p2x4p']
[2025-10-03T18:05:05.917+0000] {docker.py:438} INFO - ✅ Successfully restarted pods: ['post-storage-service-769cf6947d-p2x4p']
[2025-10-03T18:05:05.917+0000] {docker.py:438} INFO - ⏳ Waiting 20 seconds until next restart...
[2025-10-03T18:05:05.917+0000] {docker.py:438} INFO - 📊 Time remaining: 218 seconds
[2025-10-03T18:05:05.918+0000] {docker.py:438} INFO - 
[2025-10-03T18:05:05.918+0000] {docker.py:438} INFO - ==================================================
[2025-10-03T18:05:05.918+0000] {docker.py:438} INFO - 🔄 Restart #6 at 2025-10-03 18:02:01
[2025-10-03T18:05:05.918+0000] {docker.py:438} INFO - ==================================================
[2025-10-03T18:05:05.918+0000] {docker.py:438} INFO - Hello world - terminate function started!
[2025-10-03T18:05:05.918+0000] {docker.py:438} INFO - Selecting pods with label_selector: app=post-storage-service
[2025-10-03T18:05:05.919+0000] {docker.py:438} INFO - Found 1 pods initially
[2025-10-03T18:05:05.919+0000] {docker.py:438} INFO - Random selection: 1 pods
[2025-10-03T18:05:05.919+0000] {docker.py:438} INFO - Deleting pod: post-storage-service-769cf6947d-xwhxv
[2025-10-03T18:05:05.919+0000] {docker.py:438} INFO - Deleted 1 pods: ['post-storage-service-769cf6947d-xwhxv']
[2025-10-03T18:05:05.919+0000] {docker.py:438} INFO - ✅ Successfully restarted pods: ['post-storage-service-769cf6947d-xwhxv']
[2025-10-03T18:05:05.920+0000] {docker.py:438} INFO - ⏳ Waiting 20 seconds until next restart...
[2025-10-03T18:05:05.920+0000] {docker.py:438} INFO - 📊 Time remaining: 197 seconds
[2025-10-03T18:05:05.920+0000] {docker.py:438} INFO - 
[2025-10-03T18:05:05.920+0000] {docker.py:438} INFO - ==================================================
[2025-10-03T18:05:05.921+0000] {docker.py:438} INFO - 🔄 Restart #7 at 2025-10-03 18:02:22
[2025-10-03T18:05:05.921+0000] {docker.py:438} INFO - ==================================================
[2025-10-03T18:05:05.921+0000] {docker.py:438} INFO - Hello world - terminate function started!
[2025-10-03T18:05:05.921+0000] {docker.py:438} INFO - Selecting pods with label_selector: app=post-storage-service
[2025-10-03T18:05:05.921+0000] {docker.py:438} INFO - Found 2 pods initially
[2025-10-03T18:05:05.921+0000] {docker.py:438} INFO - Random selection: 1 pods
[2025-10-03T18:05:05.922+0000] {docker.py:438} INFO - Deleting pod: post-storage-service-769cf6947d-2p928
[2025-10-03T18:05:05.922+0000] {docker.py:438} INFO - Deleted 1 pods: ['post-storage-service-769cf6947d-2p928']
[2025-10-03T18:05:05.922+0000] {docker.py:438} INFO - ✅ Successfully restarted pods: ['post-storage-service-769cf6947d-2p928']
[2025-10-03T18:05:05.922+0000] {docker.py:438} INFO - ⏳ Waiting 20 seconds until next restart...
[2025-10-03T18:05:05.922+0000] {docker.py:438} INFO - 📊 Time remaining: 177 seconds
[2025-10-03T18:05:05.923+0000] {docker.py:438} INFO - 
[2025-10-03T18:05:05.923+0000] {docker.py:438} INFO - ==================================================
[2025-10-03T18:05:05.923+0000] {docker.py:438} INFO - 🔄 Restart #8 at 2025-10-03 18:02:42
[2025-10-03T18:05:05.923+0000] {docker.py:438} INFO - ==================================================
[2025-10-03T18:05:05.923+0000] {docker.py:438} INFO - Hello world - terminate function started!
[2025-10-03T18:05:05.923+0000] {docker.py:438} INFO - Selecting pods with label_selector: app=post-storage-service
[2025-10-03T18:05:05.924+0000] {docker.py:438} INFO - Found 2 pods initially
[2025-10-03T18:05:05.924+0000] {docker.py:438} INFO - Random selection: 1 pods
[2025-10-03T18:05:05.924+0000] {docker.py:438} INFO - Deleting pod: post-storage-service-769cf6947d-plw8d
[2025-10-03T18:05:05.924+0000] {docker.py:438} INFO - Deleted 1 pods: ['post-storage-service-769cf6947d-plw8d']
[2025-10-03T18:05:05.924+0000] {docker.py:438} INFO - ✅ Successfully restarted pods: ['post-storage-service-769cf6947d-plw8d']
[2025-10-03T18:05:05.925+0000] {docker.py:438} INFO - ⏳ Waiting 20 seconds until next restart...
[2025-10-03T18:05:05.925+0000] {docker.py:438} INFO - 📊 Time remaining: 157 seconds
[2025-10-03T18:05:05.925+0000] {docker.py:438} INFO - 
[2025-10-03T18:05:05.925+0000] {docker.py:438} INFO - ==================================================
[2025-10-03T18:05:05.925+0000] {docker.py:438} INFO - 🔄 Restart #9 at 2025-10-03 18:03:03
[2025-10-03T18:05:05.926+0000] {docker.py:438} INFO - ==================================================
[2025-10-03T18:05:05.926+0000] {docker.py:438} INFO - Hello world - terminate function started!
[2025-10-03T18:05:05.926+0000] {docker.py:438} INFO - Selecting pods with label_selector: app=post-storage-service
[2025-10-03T18:05:05.926+0000] {docker.py:438} INFO - Found 2 pods initially
[2025-10-03T18:05:05.926+0000] {docker.py:438} INFO - Random selection: 1 pods
[2025-10-03T18:05:05.926+0000] {docker.py:438} INFO - Deleting pod: post-storage-service-769cf6947d-plw8d
[2025-10-03T18:05:05.927+0000] {docker.py:438} INFO - Deleted 1 pods: ['post-storage-service-769cf6947d-plw8d']
[2025-10-03T18:05:05.927+0000] {docker.py:438} INFO - ✅ Successfully restarted pods: ['post-storage-service-769cf6947d-plw8d']
[2025-10-03T18:05:05.927+0000] {docker.py:438} INFO - ⏳ Waiting 20 seconds until next restart...
[2025-10-03T18:05:05.927+0000] {docker.py:438} INFO - 📊 Time remaining: 136 seconds
[2025-10-03T18:05:05.927+0000] {docker.py:438} INFO - 
[2025-10-03T18:05:05.928+0000] {docker.py:438} INFO - ==================================================
[2025-10-03T18:05:05.928+0000] {docker.py:438} INFO - 🔄 Restart #10 at 2025-10-03 18:03:23
[2025-10-03T18:05:05.928+0000] {docker.py:438} INFO - ==================================================
[2025-10-03T18:05:05.928+0000] {docker.py:438} INFO - Hello world - terminate function started!
[2025-10-03T18:05:05.928+0000] {docker.py:438} INFO - Selecting pods with label_selector: app=post-storage-service
[2025-10-03T18:05:05.928+0000] {docker.py:438} INFO - Found 1 pods initially
[2025-10-03T18:05:05.929+0000] {docker.py:438} INFO - Random selection: 1 pods
[2025-10-03T18:05:05.929+0000] {docker.py:438} INFO - Deleting pod: post-storage-service-769cf6947d-twcm6
[2025-10-03T18:05:05.929+0000] {docker.py:438} INFO - Deleted 1 pods: ['post-storage-service-769cf6947d-twcm6']
[2025-10-03T18:05:05.929+0000] {docker.py:438} INFO - ✅ Successfully restarted pods: ['post-storage-service-769cf6947d-twcm6']
[2025-10-03T18:05:05.929+0000] {docker.py:438} INFO - ⏳ Waiting 20 seconds until next restart...
[2025-10-03T18:05:05.930+0000] {docker.py:438} INFO - 📊 Time remaining: 116 seconds
[2025-10-03T18:05:05.930+0000] {docker.py:438} INFO - 
[2025-10-03T18:05:05.930+0000] {docker.py:438} INFO - ==================================================
[2025-10-03T18:05:05.930+0000] {docker.py:438} INFO - 🔄 Restart #11 at 2025-10-03 18:03:44
[2025-10-03T18:05:05.930+0000] {docker.py:438} INFO - ==================================================
[2025-10-03T18:05:05.931+0000] {docker.py:438} INFO - Hello world - terminate function started!
[2025-10-03T18:05:05.931+0000] {docker.py:438} INFO - Selecting pods with label_selector: app=post-storage-service
[2025-10-03T18:05:05.931+0000] {docker.py:438} INFO - Found 2 pods initially
[2025-10-03T18:05:05.931+0000] {docker.py:438} INFO - Random selection: 1 pods
[2025-10-03T18:05:05.931+0000] {docker.py:438} INFO - Deleting pod: post-storage-service-769cf6947d-9t8b5
[2025-10-03T18:05:05.931+0000] {docker.py:438} INFO - Deleted 1 pods: ['post-storage-service-769cf6947d-9t8b5']
[2025-10-03T18:05:05.932+0000] {docker.py:438} INFO - ✅ Successfully restarted pods: ['post-storage-service-769cf6947d-9t8b5']
[2025-10-03T18:05:05.932+0000] {docker.py:438} INFO - ⏳ Waiting 20 seconds until next restart...
[2025-10-03T18:05:05.932+0000] {docker.py:438} INFO - 📊 Time remaining: 95 seconds
[2025-10-03T18:05:05.932+0000] {docker.py:438} INFO - 
[2025-10-03T18:05:05.933+0000] {docker.py:438} INFO - ==================================================
[2025-10-03T18:05:05.933+0000] {docker.py:438} INFO - 🔄 Restart #12 at 2025-10-03 18:04:04
[2025-10-03T18:05:05.933+0000] {docker.py:438} INFO - ==================================================
[2025-10-03T18:05:05.934+0000] {docker.py:438} INFO - Hello world - terminate function started!
[2025-10-03T18:05:05.934+0000] {docker.py:438} INFO - Selecting pods with label_selector: app=post-storage-service
[2025-10-03T18:05:05.934+0000] {docker.py:438} INFO - Found 2 pods initially
[2025-10-03T18:05:05.935+0000] {docker.py:438} INFO - Random selection: 1 pods
[2025-10-03T18:05:05.935+0000] {docker.py:438} INFO - Deleting pod: post-storage-service-769cf6947d-9t8b5
[2025-10-03T18:05:05.935+0000] {docker.py:438} INFO - Deleted 1 pods: ['post-storage-service-769cf6947d-9t8b5']
[2025-10-03T18:05:05.936+0000] {docker.py:438} INFO - ✅ Successfully restarted pods: ['post-storage-service-769cf6947d-9t8b5']
[2025-10-03T18:05:05.936+0000] {docker.py:438} INFO - ⏳ Waiting 20 seconds until next restart...
[2025-10-03T18:05:05.936+0000] {docker.py:438} INFO - 📊 Time remaining: 75 seconds
[2025-10-03T18:05:05.936+0000] {docker.py:438} INFO - 
[2025-10-03T18:05:05.937+0000] {docker.py:438} INFO - ==================================================
[2025-10-03T18:05:05.937+0000] {docker.py:438} INFO - 🔄 Restart #13 at 2025-10-03 18:04:25
[2025-10-03T18:05:05.937+0000] {docker.py:438} INFO - ==================================================
[2025-10-03T18:05:05.937+0000] {docker.py:438} INFO - Hello world - terminate function started!
[2025-10-03T18:05:05.937+0000] {docker.py:438} INFO - Selecting pods with label_selector: app=post-storage-service
[2025-10-03T18:05:05.937+0000] {docker.py:438} INFO - Found 1 pods initially
[2025-10-03T18:05:05.938+0000] {docker.py:438} INFO - Random selection: 1 pods
[2025-10-03T18:05:05.938+0000] {docker.py:438} INFO - Deleting pod: post-storage-service-769cf6947d-gwg87
[2025-10-03T18:05:05.938+0000] {docker.py:438} INFO - Deleted 1 pods: ['post-storage-service-769cf6947d-gwg87']
[2025-10-03T18:05:05.938+0000] {docker.py:438} INFO - ✅ Successfully restarted pods: ['post-storage-service-769cf6947d-gwg87']
[2025-10-03T18:05:05.938+0000] {docker.py:438} INFO - ⏳ Waiting 20 seconds until next restart...
[2025-10-03T18:05:05.939+0000] {docker.py:438} INFO - 📊 Time remaining: 54 seconds
[2025-10-03T18:05:05.939+0000] {docker.py:438} INFO - 
[2025-10-03T18:05:05.939+0000] {docker.py:438} INFO - ==================================================
[2025-10-03T18:05:05.939+0000] {docker.py:438} INFO - 🔄 Restart #14 at 2025-10-03 18:04:45
[2025-10-03T18:05:05.939+0000] {docker.py:438} INFO - ==================================================
[2025-10-03T18:05:05.940+0000] {docker.py:438} INFO - Hello world - terminate function started!
[2025-10-03T18:05:05.940+0000] {docker.py:438} INFO - Selecting pods with label_selector: app=post-storage-service
[2025-10-03T18:05:05.940+0000] {docker.py:438} INFO - Found 2 pods initially
[2025-10-03T18:05:05.940+0000] {docker.py:438} INFO - Random selection: 1 pods
[2025-10-03T18:05:05.940+0000] {docker.py:438} INFO - Deleting pod: post-storage-service-769cf6947d-gwg87
[2025-10-03T18:05:05.941+0000] {docker.py:438} INFO - Deleted 1 pods: ['post-storage-service-769cf6947d-gwg87']
[2025-10-03T18:05:05.941+0000] {docker.py:438} INFO - ✅ Successfully restarted pods: ['post-storage-service-769cf6947d-gwg87']
[2025-10-03T18:05:05.941+0000] {docker.py:438} INFO - ⏳ Waiting 20 seconds until next restart...
[2025-10-03T18:05:05.941+0000] {docker.py:438} INFO - 📊 Time remaining: 34 seconds
[2025-10-03T18:05:05.941+0000] {docker.py:438} INFO - 
[2025-10-03T18:05:05.942+0000] {docker.py:438} INFO - ==================================================
[2025-10-03T18:05:05.942+0000] {docker.py:438} INFO - 🔄 Restart #15 at 2025-10-03 18:05:05
[2025-10-03T18:05:05.942+0000] {docker.py:438} INFO - ==================================================
[2025-10-03T18:05:05.942+0000] {docker.py:438} INFO - Hello world - terminate function started!
[2025-10-03T18:05:05.942+0000] {docker.py:438} INFO - Selecting pods with label_selector: app=post-storage-service
[2025-10-03T18:05:06.267+0000] {docker.py:438} INFO - [32m[2025-10-03 18:05:06 INFO] Let's rollback...
[2025-10-03T18:05:06.268+0000] {docker.py:438} INFO - [32m[2025-10-03 18:05:06 INFO] Rollback: uncordon-all-nodes
[2025-10-03T18:05:06.268+0000] {docker.py:438} INFO - [32m[2025-10-03 18:05:06 INFO] Action: uncordon-all-nodes
[2025-10-03T18:05:07.171+0000] {docker.py:438} INFO - [32m[2025-10-03 18:05:07 INFO] Experiment ended with status: completed
[2025-10-03T18:05:07.172+0000] {docker.py:438} INFO - Found 1 pods initially
[2025-10-03T18:05:07.172+0000] {docker.py:438} INFO - Random selection: 1 pods
[2025-10-03T18:05:07.172+0000] {docker.py:438} INFO - Deleting pod: post-storage-service-769cf6947d-45rwk
[2025-10-03T18:05:07.173+0000] {docker.py:438} INFO - Deleted 1 pods: ['post-storage-service-769cf6947d-45rwk']
[2025-10-03T18:05:07.173+0000] {docker.py:438} INFO - ✅ Successfully restarted pods: ['post-storage-service-769cf6947d-45rwk']
[2025-10-03T18:05:07.173+0000] {docker.py:438} INFO - ⏰ Less than 20 seconds remaining, stopping experiment
[2025-10-03T18:05:07.174+0000] {docker.py:438} INFO - 
[2025-10-03T18:05:07.174+0000] {docker.py:438} INFO - ==================================================
[2025-10-03T18:05:07.175+0000] {docker.py:438} INFO - 🏁 Experiment Completed!
[2025-10-03T18:05:07.175+0000] {docker.py:438} INFO - ==================================================
[2025-10-03T18:05:07.175+0000] {docker.py:438} INFO - 📈 Total restarts performed: 15
[2025-10-03T18:05:07.176+0000] {docker.py:438} INFO - ⏱️  Total duration: 286 seconds
[2025-10-03T18:05:07.176+0000] {docker.py:438} INFO - 📊 Average interval: 19.1 seconds
[2025-10-03T18:05:07.482+0000] {taskinstance.py:340} INFO - ::group::Post task execution logs
[2025-10-03T18:05:07.482+0000] {taskinstance.py:352} INFO - Marking task as SUCCESS. dag_id=Cordon_Uncordon_Node, task_id=apply_cordon_uncordon_node, run_id=scheduled__2025-10-03T15:00:00+00:00, execution_date=20251003T150000, start_date=20251003T180002, end_date=20251003T180507
[2025-10-03T18:05:07.539+0000] {local_task_job_runner.py:266} INFO - Task exited with return code 0
[2025-10-03T18:05:07.553+0000] {taskinstance.py:3900} INFO - 0 downstream tasks scheduled from follow-on schedule check
[2025-10-03T18:05:07.555+0000] {local_task_job_runner.py:245} INFO - ::endgroup::
