[2025-11-06T16:44:49.667+0000] {local_task_job_runner.py:123} INFO - ::group::Pre task execution logs
[2025-11-06T16:44:49.700+0000] {taskinstance.py:2612} INFO - Dependencies all met for dep_context=non-requeueable deps ti=<TaskInstance: Reinitialize_Application.apply_container_restart_docker manual__2025-11-06T16:44:47.137230+00:00 [queued]>
[2025-11-06T16:44:49.712+0000] {taskinstance.py:2612} INFO - Dependencies all met for dep_context=requeueable deps ti=<TaskInstance: Reinitialize_Application.apply_container_restart_docker manual__2025-11-06T16:44:47.137230+00:00 [queued]>
[2025-11-06T16:44:49.712+0000] {taskinstance.py:2865} INFO - Starting attempt 1 of 1
[2025-11-06T16:44:49.735+0000] {taskinstance.py:2888} INFO - Executing <Task(DockerOperator): apply_container_restart_docker> on 2025-11-06 16:44:47.137230+00:00
[2025-11-06T16:44:49.752+0000] {standard_task_runner.py:72} INFO - Started process 6364 to run task
[2025-11-06T16:44:49.773+0000] {standard_task_runner.py:104} INFO - Running: ['***', 'tasks', 'run', 'Reinitialize_Application', 'apply_container_restart_docker', 'manual__2025-11-06T16:44:47.137230+00:00', '--job-id', '14100', '--raw', '--subdir', 'DAGS_FOLDER/dag_factory.py', '--cfg-path', '/tmp/tmpgj9qwg0d']
[2025-11-06T16:44:49.774+0000] {standard_task_runner.py:105} INFO - Job 14100: Subtask apply_container_restart_docker
[2025-11-06T16:44:49.933+0000] {task_command.py:467} INFO - Running <TaskInstance: Reinitialize_Application.apply_container_restart_docker manual__2025-11-06T16:44:47.137230+00:00 [running]> on host workflow.y2twbfvcjkaujnl2bmtbxunhcb.cx.internal.cloudapp.net
[2025-11-06T16:44:50.112+0000] {taskinstance.py:3131} INFO - Exporting env vars: AIRFLOW_CTX_DAG_OWNER='***' AIRFLOW_CTX_DAG_ID='Reinitialize_Application' AIRFLOW_CTX_TASK_ID='apply_container_restart_docker' AIRFLOW_CTX_EXECUTION_DATE='2025-11-06T16:44:47.137230+00:00' AIRFLOW_CTX_TRY_NUMBER='1' AIRFLOW_CTX_DAG_RUN_ID='manual__2025-11-06T16:44:47.137230+00:00'
[2025-11-06T16:44:50.115+0000] {taskinstance.py:731} INFO - ::endgroup::
[2025-11-06T16:44:50.188+0000] {docker.py:367} INFO - Starting docker container from image priyanshu01ce/***_chaos:latest
[2025-11-06T16:44:50.808+0000] {docker.py:438} INFO - The container is run as root user. For security, consider using a regular user account.
[2025-11-06T16:45:09.708+0000] {docker.py:438} INFO - 
[2025-11-06T16:45:09.747+0000] {docker.py:438} INFO - total 8852
[2025-11-06T16:45:09.748+0000] {docker.py:438} INFO - drwxr-xr-x 6    1000 1000    4096 Nov  3 08:06 .
[2025-11-06T16:45:09.748+0000] {docker.py:438} INFO - drwxr-xr-x 1 *** root    4096 Sep 26 10:44 ..
[2025-11-06T16:45:09.750+0000] {docker.py:438} INFO - -rw-r--r-- 1    1000 1000    1193 Sep  8 07:02 API_Latency.json
[2025-11-06T16:45:09.750+0000] {docker.py:438} INFO - -rw-r--r-- 1    1000 1000     729 Sep  9 10:30 API_Timeout.json
[2025-11-06T16:45:09.751+0000] {docker.py:438} INFO - -rw-r--r-- 1    1000 1000    1331 Oct  7 18:22 Continuous_Load_Test_Azure.yaml
[2025-11-06T16:45:09.751+0000] {docker.py:438} INFO - -rw-r--r-- 1    1000 1000    1672 Oct 30 07:48 Memory_Stress_Test_Azure.yaml
[2025-11-06T16:45:09.755+0000] {docker.py:438} INFO - -rw-r--r-- 1    1000 1000    1178 Sep 30 18:19 Stress_Test_Azure.yaml
[2025-11-06T16:45:09.755+0000] {docker.py:438} INFO - drwxrwxr-x 2 root    root    4096 Oct 29 06:31 __pycache__
[2025-11-06T16:45:09.755+0000] {docker.py:438} INFO - drwxrwxr-x 5    1000 1000    4096 Oct 21 08:05 chaos_env
[2025-11-06T16:45:09.756+0000] {docker.py:438} INFO - -rw-r--r-- 1    1000 1000    8875 Sep 25 16:54 chaosk6_actions.py
[2025-11-06T16:45:09.756+0000] {docker.py:438} INFO - -rw-rw-r-- 1    1000 1000 8390874 Nov  6 16:09 chaostoolkit.log
[2025-11-06T16:45:09.761+0000] {docker.py:438} INFO - -rw-rw-r-- 1    1000 1000    1421 Oct 23 09:34 check.py
[2025-11-06T16:45:09.761+0000] {docker.py:438} INFO - -rw-r--r-- 1    1000 1000    3213 Sep  9 09:11 combined-sequential.json
[2025-11-06T16:45:09.762+0000] {docker.py:438} INFO - -rwxrwxr-x 1    1000 1000    1489 Oct 27 06:29 complete_chaos_mesh-cleanup.sh
[2025-11-06T16:45:09.764+0000] {docker.py:438} INFO - -rw-r--r-- 1    1000 1000     502 Sep 16 05:31 connection_test_experiment.json
[2025-11-06T16:45:09.765+0000] {docker.py:438} INFO - -rw-rw-r-- 1    1000 1000     692 Oct 24 01:43 container_probe.json
[2025-11-06T16:45:09.766+0000] {docker.py:438} INFO - -rw-rw-r-- 1    1000 1000    2533 Oct 23 09:28 container_probe.yaml
[2025-11-06T16:45:09.766+0000] {docker.py:438} INFO - -rw-r--r-- 1    1000 1000    1420 Sep 24 06:53 container_restart.json
[2025-11-06T16:45:09.769+0000] {docker.py:438} INFO - -rw-r--r-- 1    1000 1000   16452 Sep 26 09:59 container_restart.py
[2025-11-06T16:45:09.769+0000] {docker.py:438} INFO - -rw-r--r-- 1    1000 1000    1751 Nov  3 05:42 container_restart_Azure.yaml
[2025-11-06T16:45:09.770+0000] {docker.py:438} INFO - -rw-r--r-- 1    1000 1000    1409 Sep 18 12:30 continuous_load_test.json
[2025-11-06T16:45:09.770+0000] {docker.py:438} INFO - -rw-r--r-- 1    1000 1000    1637 Sep 25 10:13 cordon-uncordon-node.json
[2025-11-06T16:45:09.776+0000] {docker.py:438} INFO - -rw-r--r-- 1    1000 1000    1637 Sep 25 04:39 cordon_test.json
[2025-11-06T16:45:09.776+0000] {docker.py:438} INFO - -rw-r--r-- 1    1000 1000    1436 Oct 30 12:28 cordon_uncordon_node_Azure.yaml
[2025-11-06T16:45:09.779+0000] {docker.py:438} INFO - -rw-r--r-- 1    1000 1000    1203 Sep 30 06:51 cpu_stress_ng.json
[2025-11-06T16:45:09.779+0000] {docker.py:438} INFO - -rw-r--r-- 1    1000 1000    1760 Oct 21 08:00 db_cleanup.json
[2025-11-06T16:45:09.780+0000] {docker.py:438} INFO - -rw-r--r-- 1    1000 1000    6399 Sep 24 07:40 db_cleanup.py
[2025-11-06T16:45:09.780+0000] {docker.py:438} INFO - -rw-rw-r-- 1    1000 1000    5855 Oct 28 12:27 direct_memory_stress.py
[2025-11-06T16:45:09.782+0000] {docker.py:438} INFO - -rw-r--r-- 1    1000 1000    2487 Nov  6 16:09 journal.json
[2025-11-06T16:45:09.782+0000] {docker.py:438} INFO - -rw-rw-r-- 1 root    root  369537 Nov  6 16:45 k6_continuous_load.log
[2025-11-06T16:45:09.784+0000] {docker.py:438} INFO - -rw-r--r-- 1    1000 1000    3943 Nov  6 15:45 k6_continuous_summary.json
[2025-11-06T16:45:09.784+0000] {docker.py:438} INFO - -rw-r--r-- 1    1000 1000    3433 Sep 25 09:28 k6_summary.json
[2025-11-06T16:45:09.785+0000] {docker.py:438} INFO - -rw-r--r-- 1    1000 1000     989 Sep 30 09:24 kubernetes_actions.json
[2025-11-06T16:45:09.787+0000] {docker.py:438} INFO - -rw-r--r-- 1    1000 1000   10961 Sep 30 09:23 kubernetes_actions.py
[2025-11-06T16:45:09.787+0000] {docker.py:438} INFO - -rw-r--r-- 1    1000 1000     945 Sep 21 16:40 load_test.json
[2025-11-06T16:45:09.788+0000] {docker.py:438} INFO - -rw-r--r-- 1    1000 1000     528 Sep 17 12:13 max_connection_experiment.json
[2025-11-06T16:45:09.788+0000] {docker.py:438} INFO - -rw-r--r-- 1    1000 1000    1227 Sep 13 15:20 memory-stress-rollback.json
[2025-11-06T16:45:09.791+0000] {docker.py:438} INFO - -rw-rw-r-- 1    1000 1000    1066 Oct 30 12:27 memory_stress.json
[2025-11-06T16:45:09.791+0000] {docker.py:438} INFO - -rw-rw-r-- 1    1000 1000    6653 Oct 29 06:18 memory_stress.py
[2025-11-06T16:45:09.792+0000] {docker.py:438} INFO - -rw-r--r-- 1    1000 1000    1421 Sep 29 05:20 mongo_db_container_restart.json
[2025-11-06T16:45:09.792+0000] {docker.py:438} INFO - -rw-r--r-- 1    1000 1000    7586 Sep 18 05:54 mongodb_actions.py
[2025-11-06T16:45:09.795+0000] {docker.py:438} INFO - -rw-r--r-- 1    1000 1000    2136 Sep 18 11:23 mongodb_connection.json
[2025-11-06T16:45:09.795+0000] {docker.py:438} INFO - -rw-r--r-- 1    1000 1000     597 Sep 16 09:17 mongodb_network_latency_experiment.json
[2025-11-06T16:45:09.796+0000] {docker.py:438} INFO - -rw-r--r-- 1    1000 1000    3657 Sep 18 05:42 mongodb_probes.py
[2025-11-06T16:45:09.796+0000] {docker.py:438} INFO - -rw-r--r-- 1    1000 1000    6161 Sep 12 08:04 pod_restart.py
[2025-11-06T16:45:09.799+0000] {docker.py:438} INFO - -rw-r--r-- 1    1000 1000    1497 Sep 30 05:50 redis_config_faults.py
[2025-11-06T16:45:09.799+0000] {docker.py:438} INFO - -rw-r--r-- 1    1000 1000     862 Sep 30 05:50 redis_experiment.json
[2025-11-06T16:45:09.799+0000] {docker.py:438} INFO - -rw-r--r-- 1    1000 1000     945 Sep 18 06:53 redis_load.json
[2025-11-06T16:45:09.800+0000] {docker.py:438} INFO - -rw-r--r-- 1    1000 1000    1641 Oct 30 12:29 redis_memory_stress_Azure.yaml
[2025-11-06T16:45:09.800+0000] {docker.py:438} INFO - -rw-rw-r-- 1    1000 1000    1333 Oct 21 09:39 reinitialize_application.yaml
[2025-11-06T16:45:09.803+0000] {docker.py:438} INFO - -rw-r--r-- 1    1000 1000    1284 Sep 25 10:53 run_load_test_with_cleanup.py
[2025-11-06T16:45:09.803+0000] {docker.py:438} INFO - -rw-rw-r-- 1    1000 1000    1307 Oct 27 10:33 sample_probe.yaml
[2025-11-06T16:45:09.804+0000] {docker.py:438} INFO - drwxr-xr-x 2    1000 1000    4096 Oct 22 06:46 scripts
[2025-11-06T16:45:09.804+0000] {docker.py:438} INFO - -rw-rw-r-- 1    1000 1000     272 Oct 27 08:51 simple-stress-test.yaml
[2025-11-06T16:45:09.804+0000] {docker.py:438} INFO - drwxr-xr-x 4    1000 1000    4096 Sep 30 09:41 socialNetwork
[2025-11-06T16:45:09.807+0000] {docker.py:438} INFO - -rw-r--r-- 1    1000 1000     821 Sep 26 13:20 stress_test.json
[2025-11-06T16:45:09.807+0000] {docker.py:438} INFO - -rw-rw-r-- 1    1000 1000     301 Oct 27 08:46 test-stress-fixed.yaml
[2025-11-06T16:45:09.808+0000] {docker.py:438} INFO - -rw-rw-r-- 1    1000 1000     295 Oct 27 08:49 test_after_fix.yaml
[2025-11-06T16:45:09.808+0000] {docker.py:438} INFO - -rw-r--r-- 1    1000 1000     367 Sep 17 07:24 test_params.json
[2025-11-06T16:45:09.809+0000] {docker.py:438} INFO - Starting Reinitializing the Social Networking Application...
[2025-11-06T16:45:10.860+0000] {docker.py:438} INFO - [32m[2025-11-06 16:45:10 INFO] Validating the experiment's syntax
[2025-11-06T16:45:11.627+0000] {docker.py:438} INFO - [32m[2025-11-06 16:45:11 INFO] Experiment looks valid
[2025-11-06T16:45:11.629+0000] {docker.py:438} INFO - [32m[2025-11-06 16:45:11 INFO] Running experiment: Simple Social Network Reset
[2025-11-06T16:45:11.635+0000] {docker.py:438} INFO - [32m[2025-11-06 16:45:11 INFO] Steady-state strategy: default
[2025-11-06T16:45:11.636+0000] {docker.py:438} INFO - [32m[2025-11-06 16:45:11 INFO] Rollbacks strategy: default
[2025-11-06T16:45:11.637+0000] {docker.py:438} INFO - [32m[2025-11-06 16:45:11 INFO] No steady state hypothesis defined. That's ok, just exploring.
[2025-11-06T16:45:11.638+0000] {docker.py:438} INFO - [32m[2025-11-06 16:45:11 INFO] Playing your experiment's method now...
[2025-11-06T16:45:11.639+0000] {docker.py:438} INFO - [32m[2025-11-06 16:45:11 INFO] Action: complete-reset-and-reinit
[2025-11-06T16:45:11.640+0000] {docker.py:438} INFO - INFO:kubernetes_actions:Starting complete reset and reinitialization...
[2025-11-06T16:45:11.641+0000] {docker.py:438} INFO - INFO:kubernetes_actions:Starting full social network reset...
[2025-11-06T16:45:11.642+0000] {docker.py:438} INFO - INFO:kubernetes_actions:Clearing Redis data...
[2025-11-06T16:45:11.672+0000] {docker.py:438} INFO - INFO:kubernetes_actions:Loaded local Kubernetes config
[2025-11-06T16:45:11.690+0000] {docker.py:438} INFO - INFO:kubernetes_actions:Loaded local Kubernetes config
[2025-11-06T16:45:12.002+0000] {docker.py:438} INFO - INFO:kubernetes_actions:Found running pod: social-graph-redis-64bd79b48b-gpwdg for deployment: social-graph-redis
[2025-11-06T16:45:12.003+0000] {docker.py:438} INFO - INFO:kubernetes_actions:Executing command in pod social-graph-redis-64bd79b48b-gpwdg, container social-graph-redis: redis-cli FLUSHALL
[2025-11-06T16:45:13.426+0000] {docker.py:438} INFO - INFO:kubernetes_actions:Command executed successfully. Output: OK
[2025-11-06T16:45:13.482+0000] {docker.py:438} INFO - INFO:kubernetes_actions:Loaded local Kubernetes config
[2025-11-06T16:45:13.544+0000] {docker.py:438} INFO - INFO:kubernetes_actions:Loaded local Kubernetes config
[2025-11-06T16:45:13.925+0000] {docker.py:438} INFO - INFO:kubernetes_actions:Found running pod: home-timeline-redis-744dd9998f-xqjsk for deployment: home-timeline-redis
[2025-11-06T16:45:13.929+0000] {docker.py:438} INFO - INFO:kubernetes_actions:Executing command in pod home-timeline-redis-744dd9998f-xqjsk, container home-timeline-redis: redis-cli FLUSHALL
[2025-11-06T16:45:15.745+0000] {docker.py:438} INFO - INFO:kubernetes_actions:Command executed successfully. Output: OK
[2025-11-06T16:45:15.763+0000] {docker.py:438} INFO - INFO:kubernetes_actions:Loaded local Kubernetes config
[2025-11-06T16:45:15.783+0000] {docker.py:438} INFO - INFO:kubernetes_actions:Loaded local Kubernetes config
[2025-11-06T16:45:16.048+0000] {docker.py:438} INFO - INFO:kubernetes_actions:Found running pod: user-timeline-redis-7b8f6ff4fb-5s87m for deployment: user-timeline-redis
[2025-11-06T16:45:16.050+0000] {docker.py:438} INFO - INFO:kubernetes_actions:Executing command in pod user-timeline-redis-7b8f6ff4fb-5s87m, container user-timeline-redis: redis-cli FLUSHALL
[2025-11-06T16:45:17.430+0000] {docker.py:438} INFO - INFO:kubernetes_actions:Command executed successfully. Output: OK
[2025-11-06T16:45:17.431+0000] {docker.py:438} INFO - 
[2025-11-06T16:45:17.431+0000] {docker.py:438} INFO - INFO:kubernetes_actions:Clearing Memcached data...
[2025-11-06T16:45:17.453+0000] {docker.py:438} INFO - INFO:kubernetes_actions:Loaded local Kubernetes config
[2025-11-06T16:45:17.471+0000] {docker.py:438} INFO - INFO:kubernetes_actions:Loaded local Kubernetes config
[2025-11-06T16:45:17.756+0000] {docker.py:438} INFO - INFO:kubernetes_actions:Found running pod: post-storage-memcached-67c6cc65cc-j4jdz for deployment: post-storage-memcached
[2025-11-06T16:45:17.760+0000] {docker.py:438} INFO - INFO:kubernetes_actions:Executing command in pod post-storage-memcached-67c6cc65cc-j4jdz, container post-storage-memcached: sh -c echo 'flush_all' | nc localhost 11211
[2025-11-06T16:45:19.207+0000] {docker.py:438} INFO - INFO:kubernetes_actions:Command executed successfully. Output: sh: 1: nc: not found
[2025-11-06T16:45:19.224+0000] {docker.py:438} INFO - INFO:kubernetes_actions:Loaded local Kubernetes config
[2025-11-06T16:45:19.242+0000] {docker.py:438} INFO - INFO:kubernetes_actions:Loaded local Kubernetes config
[2025-11-06T16:45:19.539+0000] {docker.py:438} INFO - INFO:kubernetes_actions:Found running pod: user-memcached-56f89988c-nxdzl for deployment: user-memcached
[2025-11-06T16:45:19.541+0000] {docker.py:438} INFO - INFO:kubernetes_actions:Executing command in pod user-memcached-56f89988c-nxdzl, container user-memcached: sh -c echo 'flush_all' | nc localhost 11211
[2025-11-06T16:45:21.174+0000] {docker.py:438} INFO - INFO:kubernetes_actions:Command executed successfully. Output: sh: 1: nc: not found
[2025-11-06T16:45:21.174+0000] {docker.py:438} INFO - 
[2025-11-06T16:45:21.175+0000] {docker.py:438} INFO - INFO:kubernetes_actions:Dropping MongoDB databases...
[2025-11-06T16:45:21.210+0000] {docker.py:438} INFO - INFO:kubernetes_actions:Loaded local Kubernetes config
[2025-11-06T16:45:21.230+0000] {docker.py:438} INFO - INFO:kubernetes_actions:Loaded local Kubernetes config
[2025-11-06T16:45:21.494+0000] {docker.py:438} INFO - INFO:kubernetes_actions:Found running pod: post-storage-mongodb-7f7657964c-b2fld for deployment: post-storage-mongodb
[2025-11-06T16:45:21.496+0000] {docker.py:438} INFO - INFO:kubernetes_actions:Executing command in pod post-storage-mongodb-7f7657964c-b2fld, container post-storage-mongodb: mongo --eval db.getSiblingDB('post').dropDatabase()
[2025-11-06T16:45:23.208+0000] {docker.py:438} INFO - INFO:kubernetes_actions:Command executed successfully. Output: MongoDB shell version v4.4.6
[2025-11-06T16:45:23.209+0000] {docker.py:438} INFO - connecting to: mongodb://127.0.0.1:27017/?compressors=disabled&gssapiServiceName=mongodb
[2025-11-06T16:45:23.209+0000] {docker.py:438} INFO - Implicit session: session { "id" : UUID("727f091e-41c9-41a9-a6ee-3d9fb5d5217c") }
[2025-11-06T16:45:23.219+0000] {docker.py:438} INFO - MongoDB server version: 4.4.6
[2025-11-06T16:45:23.219+0000] {docker.py:438} INFO - { "dropped" : "post", "ok" : 1 }
[2025-11-06T16:45:23.238+0000] {docker.py:438} INFO - INFO:kubernetes_actions:Loaded local Kubernetes config
[2025-11-06T16:45:23.255+0000] {docker.py:438} INFO - INFO:kubernetes_actions:Loaded local Kubernetes config
[2025-11-06T16:45:23.611+0000] {docker.py:438} INFO - INFO:kubernetes_actions:Found running pod: post-storage-mongodb-7f7657964c-b2fld for deployment: post-storage-mongodb
[2025-11-06T16:45:23.616+0000] {docker.py:438} INFO - INFO:kubernetes_actions:Executing command in pod post-storage-mongodb-7f7657964c-b2fld, container post-storage-mongodb: mongo --eval db.getSiblingDB('READ__ME_TO_RECOVER_YOUR_DATA').dropDatabase()
[2025-11-06T16:45:25.207+0000] {docker.py:438} INFO - INFO:kubernetes_actions:Command executed successfully. Output: MongoDB shell version v4.4.6
[2025-11-06T16:45:25.208+0000] {docker.py:438} INFO - connecting to: mongodb://127.0.0.1:27017/?compressors=disabled&gssapiServiceName=mongodb
[2025-11-06T16:45:25.210+0000] {docker.py:438} INFO - Implicit session: session { "id" : UUID("80ee4482-4cc3-4d18-97b3-23133d7fb04f") }
[2025-11-06T16:45:25.210+0000] {docker.py:438} INFO - MongoDB server version: 4.4.6
[2025-11-06T16:45:25.211+0000] {docker.py:438} INFO - { "ok" : 1 }
[2025-11-06T16:45:25.228+0000] {docker.py:438} INFO - INFO:kubernetes_actions:Loaded local Kubernetes config
[2025-11-06T16:45:25.259+0000] {docker.py:438} INFO - INFO:kubernetes_actions:Loaded local Kubernetes config
[2025-11-06T16:45:25.557+0000] {docker.py:438} INFO - INFO:kubernetes_actions:Found running pod: user-mongodb-f95b7d968-tqlld for deployment: user-mongodb
[2025-11-06T16:45:25.558+0000] {docker.py:438} INFO - INFO:kubernetes_actions:Executing command in pod user-mongodb-f95b7d968-tqlld, container user-mongodb: mongo --eval db.getSiblingDB('user').dropDatabase()
[2025-11-06T16:45:27.139+0000] {docker.py:438} INFO - INFO:kubernetes_actions:Command executed successfully. Output: MongoDB shell version v4.4.6
[2025-11-06T16:45:27.142+0000] {docker.py:438} INFO - connecting to: mongodb://127.0.0.1:27017/?compressors=disabled&gssapiServiceName=mongodb
[2025-11-06T16:45:27.142+0000] {docker.py:438} INFO - Implicit session: session { "id" : UUID("af498107-d8a4-4542-9c40-9eac40eb1877") }
[2025-11-06T16:45:27.143+0000] {docker.py:438} INFO - MongoDB server version: 4.4.6
[2025-11-06T16:45:27.143+0000] {docker.py:438} INFO - { "dropped" : "user", "ok" : 1 }
[2025-11-06T16:45:27.172+0000] {docker.py:438} INFO - INFO:kubernetes_actions:Loaded local Kubernetes config
[2025-11-06T16:45:27.199+0000] {docker.py:438} INFO - INFO:kubernetes_actions:Loaded local Kubernetes config
[2025-11-06T16:45:27.476+0000] {docker.py:438} INFO - INFO:kubernetes_actions:Found running pod: user-mongodb-f95b7d968-tqlld for deployment: user-mongodb
[2025-11-06T16:45:27.478+0000] {docker.py:438} INFO - INFO:kubernetes_actions:Executing command in pod user-mongodb-f95b7d968-tqlld, container user-mongodb: mongo --eval db.getSiblingDB('READ__ME_TO_RECOVER_YOUR_DATA').dropDatabase()
[2025-11-06T16:45:29.042+0000] {docker.py:438} INFO - INFO:kubernetes_actions:Command executed successfully. Output: MongoDB shell version v4.4.6
[2025-11-06T16:45:29.042+0000] {docker.py:438} INFO - connecting to: mongodb://127.0.0.1:27017/?compressors=disabled&gssapiServiceName=mongodb
[2025-11-06T16:45:29.043+0000] {docker.py:438} INFO - Implicit session: session { "id" : UUID("b9aec9e9-50fe-418d-8ca2-00b0f095281a") }
[2025-11-06T16:45:29.043+0000] {docker.py:438} INFO - MongoDB server version: 4.4.6
[2025-11-06T16:45:29.044+0000] {docker.py:438} INFO - { "ok" : 1 }
[2025-11-06T16:45:29.062+0000] {docker.py:438} INFO - INFO:kubernetes_actions:Loaded local Kubernetes config
[2025-11-06T16:45:29.080+0000] {docker.py:438} INFO - INFO:kubernetes_actions:Loaded local Kubernetes config
[2025-11-06T16:45:29.413+0000] {docker.py:438} INFO - INFO:kubernetes_actions:Found running pod: social-graph-mongodb-77fd77d9f4-jj4vn for deployment: social-graph-mongodb
[2025-11-06T16:45:29.417+0000] {docker.py:438} INFO - INFO:kubernetes_actions:Executing command in pod social-graph-mongodb-77fd77d9f4-jj4vn, container social-graph-mongodb: mongo --eval db.getSiblingDB('social-graph').dropDatabase()
[2025-11-06T16:45:30.951+0000] {docker.py:438} INFO - INFO:kubernetes_actions:Command executed successfully. Output: MongoDB shell version v4.4.6
[2025-11-06T16:45:30.952+0000] {docker.py:438} INFO - connecting to: mongodb://127.0.0.1:27017/?compressors=disabled&gssapiServiceName=mongodb
[2025-11-06T16:45:30.952+0000] {docker.py:438} INFO - Implicit session: session { "id" : UUID("10828c0a-6572-461d-9365-4bae5d910459") }
[2025-11-06T16:45:30.953+0000] {docker.py:438} INFO - MongoDB server version: 4.4.6
[2025-11-06T16:45:30.953+0000] {docker.py:438} INFO - { "dropped" : "social-graph", "ok" : 1 }
[2025-11-06T16:45:30.975+0000] {docker.py:438} INFO - INFO:kubernetes_actions:Loaded local Kubernetes config
[2025-11-06T16:45:30.993+0000] {docker.py:438} INFO - INFO:kubernetes_actions:Loaded local Kubernetes config
[2025-11-06T16:45:31.275+0000] {docker.py:438} INFO - INFO:kubernetes_actions:Found running pod: social-graph-mongodb-77fd77d9f4-jj4vn for deployment: social-graph-mongodb
[2025-11-06T16:45:31.277+0000] {docker.py:438} INFO - INFO:kubernetes_actions:Executing command in pod social-graph-mongodb-77fd77d9f4-jj4vn, container social-graph-mongodb: mongo --eval db.getSiblingDB('READ__ME_TO_RECOVER_YOUR_DATA').dropDatabase()
[2025-11-06T16:45:32.845+0000] {docker.py:438} INFO - INFO:kubernetes_actions:Command executed successfully. Output: MongoDB shell version v4.4.6
[2025-11-06T16:45:32.846+0000] {docker.py:438} INFO - connecting to: mongodb://127.0.0.1:27017/?compressors=disabled&gssapiServiceName=mongodb
[2025-11-06T16:45:32.846+0000] {docker.py:438} INFO - Implicit session: session { "id" : UUID("e7603e4c-1d82-499b-b48f-a043ebd92636") }
[2025-11-06T16:45:32.848+0000] {docker.py:438} INFO - MongoDB server version: 4.4.6
[2025-11-06T16:45:32.854+0000] {docker.py:438} INFO - { "ok" : 1 }
[2025-11-06T16:45:32.882+0000] {docker.py:438} INFO - INFO:kubernetes_actions:Loaded local Kubernetes config
[2025-11-06T16:45:32.911+0000] {docker.py:438} INFO - INFO:kubernetes_actions:Loaded local Kubernetes config
[2025-11-06T16:45:33.200+0000] {docker.py:438} INFO - INFO:kubernetes_actions:Found running pod: user-timeline-mongodb-6ff9797bfc-lz2wj for deployment: user-timeline-mongodb
[2025-11-06T16:45:33.201+0000] {docker.py:438} INFO - INFO:kubernetes_actions:Executing command in pod user-timeline-mongodb-6ff9797bfc-lz2wj, container user-timeline-mongodb: mongo --eval db.getSiblingDB('user-timeline').dropDatabase()
[2025-11-06T16:45:36.994+0000] {docker.py:438} INFO - INFO:kubernetes_actions:Command executed successfully. Output: MongoDB shell version v4.4.6
[2025-11-06T16:45:36.995+0000] {docker.py:438} INFO - connecting to: mongodb://127.0.0.1:27017/?compressors=disabled&gssapiServiceName=mongodb
[2025-11-06T16:45:36.995+0000] {docker.py:438} INFO - Implicit session: session { "id" : UUID("965d7048-76a7-40d0-81c8-4c655ab3d55e") }
[2025-11-06T16:45:36.996+0000] {docker.py:438} INFO - MongoDB server version: 4.4.6
[2025-11-06T16:45:36.996+0000] {docker.py:438} INFO - { "dropped" : "user-timeline", "ok" : 1 }
[2025-11-06T16:45:37.017+0000] {docker.py:438} INFO - INFO:kubernetes_actions:Loaded local Kubernetes config
[2025-11-06T16:45:37.034+0000] {docker.py:438} INFO - INFO:kubernetes_actions:Loaded local Kubernetes config
[2025-11-06T16:45:37.354+0000] {docker.py:438} INFO - INFO:kubernetes_actions:Found running pod: user-timeline-mongodb-6ff9797bfc-lz2wj for deployment: user-timeline-mongodb
[2025-11-06T16:45:37.357+0000] {docker.py:438} INFO - INFO:kubernetes_actions:Executing command in pod user-timeline-mongodb-6ff9797bfc-lz2wj, container user-timeline-mongodb: mongo --eval db.getSiblingDB('READ__ME_TO_RECOVER_YOUR_DATA').dropDatabase()
[2025-11-06T16:45:39.278+0000] {docker.py:438} INFO - INFO:kubernetes_actions:Command executed successfully. Output: MongoDB shell version v4.4.6
[2025-11-06T16:45:39.303+0000] {docker.py:438} INFO - connecting to: mongodb://127.0.0.1:27017/?compressors=disabled&gssapiServiceName=mongodb
[2025-11-06T16:45:39.303+0000] {docker.py:438} INFO - Implicit session: session { "id" : UUID("2e0f4e29-7efe-4c4c-88d4-3d565e4b08e3") }
[2025-11-06T16:45:39.305+0000] {docker.py:438} INFO - MongoDB server version: 4.4.6
[2025-11-06T16:45:39.305+0000] {docker.py:438} INFO - { "ok" : 1 }
[2025-11-06T16:45:39.307+0000] {docker.py:438} INFO - INFO:kubernetes_actions:Full social network reset completed
[2025-11-06T16:45:44.325+0000] {docker.py:438} INFO - INFO:kubernetes_actions:Loaded local Kubernetes config
[2025-11-06T16:45:44.328+0000] {docker.py:438} INFO - INFO:kubernetes_actions:Restarting deployment: social-graph-service
[2025-11-06T16:45:44.783+0000] {docker.py:438} INFO - INFO:kubernetes_actions:✅ Successfully restarted social-graph-service
[2025-11-06T16:45:44.786+0000] {docker.py:438} INFO - INFO:kubernetes_actions:Restarting deployment: user-service
[2025-11-06T16:45:44.969+0000] {docker.py:438} INFO - INFO:kubernetes_actions:✅ Successfully restarted user-service
[2025-11-06T16:45:44.970+0000] {docker.py:438} INFO - INFO:kubernetes_actions:Restarting deployment: post-storage-service
[2025-11-06T16:45:45.167+0000] {docker.py:438} INFO - INFO:kubernetes_actions:✅ Successfully restarted post-storage-service
[2025-11-06T16:45:45.167+0000] {docker.py:438} INFO - INFO:kubernetes_actions:Restarting deployment: compose-post-service
[2025-11-06T16:45:45.375+0000] {docker.py:438} INFO - INFO:kubernetes_actions:✅ Successfully restarted compose-post-service
[2025-11-06T16:45:45.376+0000] {docker.py:438} INFO - INFO:kubernetes_actions:Restarting deployment: home-timeline-service
[2025-11-06T16:45:45.570+0000] {docker.py:438} INFO - INFO:kubernetes_actions:✅ Successfully restarted home-timeline-service
[2025-11-06T16:45:45.572+0000] {docker.py:438} INFO - INFO:kubernetes_actions:Restarting deployment: user-timeline-service
[2025-11-06T16:45:45.789+0000] {docker.py:438} INFO - INFO:kubernetes_actions:✅ Successfully restarted user-timeline-service
[2025-11-06T16:45:45.790+0000] {docker.py:438} INFO - INFO:kubernetes_actions:Restarting deployment: nginx-thrift
[2025-11-06T16:45:46.077+0000] {docker.py:438} INFO - INFO:kubernetes_actions:✅ Successfully restarted nginx-thrift
[2025-11-06T16:45:46.078+0000] {docker.py:438} INFO - INFO:kubernetes_actions:Restarting deployment: text-service
[2025-11-06T16:45:46.281+0000] {docker.py:438} INFO - INFO:kubernetes_actions:✅ Successfully restarted text-service
[2025-11-06T16:45:46.281+0000] {docker.py:438} INFO - INFO:kubernetes_actions:Restarting deployment: unique-id-service
[2025-11-06T16:45:46.494+0000] {docker.py:438} INFO - INFO:kubernetes_actions:✅ Successfully restarted unique-id-service
[2025-11-06T16:45:46.495+0000] {docker.py:438} INFO - INFO:kubernetes_actions:Restarting deployment: user-mention-service
[2025-11-06T16:45:46.685+0000] {docker.py:438} INFO - INFO:kubernetes_actions:✅ Successfully restarted user-mention-service
[2025-11-06T16:45:46.686+0000] {docker.py:438} INFO - INFO:kubernetes_actions:Waiting 90 seconds for services to restart...
[2025-11-06T16:47:16.691+0000] {docker.py:438} INFO - INFO:kubernetes_actions:Reinitializing social network data...
[2025-11-06T16:53:59.788+0000] {docker.py:438} INFO - INFO:kubernetes_actions:Social network reinitialization completed successfully
[2025-11-06T16:53:59.790+0000] {docker.py:438} INFO - [32m[2025-11-06 16:53:59 INFO] Let's rollback...
[2025-11-06T16:53:59.791+0000] {docker.py:438} INFO - [32m[2025-11-06 16:53:59 INFO] No declared rollbacks, let's move on.
[2025-11-06T16:53:59.792+0000] {docker.py:438} INFO - [32m[2025-11-06 16:53:59 INFO] Experiment ended with status: completed
[2025-11-06T16:54:00.136+0000] {docker.py:438} INFO - Reinitialized Social Networking APplication successfully
[2025-11-06T16:54:00.481+0000] {taskinstance.py:340} INFO - ::group::Post task execution logs
[2025-11-06T16:54:00.484+0000] {taskinstance.py:352} INFO - Marking task as SUCCESS. dag_id=Reinitialize_Application, task_id=apply_container_restart_docker, run_id=manual__2025-11-06T16:44:47.137230+00:00, execution_date=20251106T164447, start_date=20251106T164449, end_date=20251106T165400
[2025-11-06T16:54:00.560+0000] {local_task_job_runner.py:266} INFO - Task exited with return code 0
[2025-11-06T16:54:00.586+0000] {taskinstance.py:3900} INFO - 0 downstream tasks scheduled from follow-on schedule check
[2025-11-06T16:54:00.591+0000] {local_task_job_runner.py:245} INFO - ::endgroup::
