[2025-10-22T15:41:22.396+0000] {local_task_job_runner.py:123} INFO - ::group::Pre task execution logs
[2025-10-22T15:41:22.429+0000] {taskinstance.py:2612} INFO - Dependencies all met for dep_context=non-requeueable deps ti=<TaskInstance: Reinitialize_Application.apply_container_restart_docker manual__2025-10-22T15:41:19.795337+00:00 [queued]>
[2025-10-22T15:41:22.442+0000] {taskinstance.py:2612} INFO - Dependencies all met for dep_context=requeueable deps ti=<TaskInstance: Reinitialize_Application.apply_container_restart_docker manual__2025-10-22T15:41:19.795337+00:00 [queued]>
[2025-10-22T15:41:22.443+0000] {taskinstance.py:2865} INFO - Starting attempt 1 of 1
[2025-10-22T15:41:22.464+0000] {taskinstance.py:2888} INFO - Executing <Task(DockerOperator): apply_container_restart_docker> on 2025-10-22 15:41:19.795337+00:00
[2025-10-22T15:41:22.478+0000] {standard_task_runner.py:72} INFO - Started process 3388 to run task
[2025-10-22T15:41:22.490+0000] {standard_task_runner.py:104} INFO - Running: ['***', 'tasks', 'run', 'Reinitialize_Application', 'apply_container_restart_docker', 'manual__2025-10-22T15:41:19.795337+00:00', '--job-id', '10456', '--raw', '--subdir', 'DAGS_FOLDER/dag_factory.py', '--cfg-path', '/tmp/tmpgq12oy27']
[2025-10-22T15:41:22.492+0000] {standard_task_runner.py:105} INFO - Job 10456: Subtask apply_container_restart_docker
[2025-10-22T15:41:22.578+0000] {task_command.py:467} INFO - Running <TaskInstance: Reinitialize_Application.apply_container_restart_docker manual__2025-10-22T15:41:19.795337+00:00 [running]> on host workflow.y2twbfvcjkaujnl2bmtbxunhcb.cx.internal.cloudapp.net
[2025-10-22T15:41:22.781+0000] {taskinstance.py:3131} INFO - Exporting env vars: AIRFLOW_CTX_DAG_OWNER='***' AIRFLOW_CTX_DAG_ID='Reinitialize_Application' AIRFLOW_CTX_TASK_ID='apply_container_restart_docker' AIRFLOW_CTX_EXECUTION_DATE='2025-10-22T15:41:19.795337+00:00' AIRFLOW_CTX_TRY_NUMBER='1' AIRFLOW_CTX_DAG_RUN_ID='manual__2025-10-22T15:41:19.795337+00:00'
[2025-10-22T15:41:22.787+0000] {taskinstance.py:731} INFO - ::endgroup::
[2025-10-22T15:41:22.853+0000] {docker.py:367} INFO - Starting docker container from image priyanshu01ce/***_chaos:latest
[2025-10-22T15:41:23.464+0000] {docker.py:438} INFO - The container is run as root user. For security, consider using a regular user account.
[2025-10-22T15:41:41.224+0000] {docker.py:438} INFO - 
[2025-10-22T15:41:41.291+0000] {docker.py:438} INFO - total 1580
[2025-10-22T15:41:41.291+0000] {docker.py:438} INFO - drwxr-xr-x 6    1000 1000   4096 Oct 21 10:46 .
[2025-10-22T15:41:41.292+0000] {docker.py:438} INFO - drwxr-xr-x 1 *** root   4096 Sep 26 10:44 ..
[2025-10-22T15:41:41.292+0000] {docker.py:438} INFO - -rw-r--r-- 1    1000 1000   1193 Sep  8 07:02 API_Latency.json
[2025-10-22T15:41:41.293+0000] {docker.py:438} INFO - -rw-r--r-- 1    1000 1000    729 Sep  9 10:30 API_Timeout.json
[2025-10-22T15:41:41.294+0000] {docker.py:438} INFO - -rw-r--r-- 1    1000 1000   1331 Oct  7 18:22 Continuous_Load_Test_Azure.yaml
[2025-10-22T15:41:41.294+0000] {docker.py:438} INFO - -rw-r--r-- 1    1000 1000   1266 Oct 10 06:39 Memory_Stress_Test_Azure.yaml
[2025-10-22T15:41:41.297+0000] {docker.py:438} INFO - -rw-r--r-- 1    1000 1000   1178 Sep 30 18:19 Stress_Test_Azure.yaml
[2025-10-22T15:41:41.297+0000] {docker.py:438} INFO - drwxrwxr-x 2 root    root   4096 Oct 21 09:41 __pycache__
[2025-10-22T15:41:41.298+0000] {docker.py:438} INFO - drwxrwxr-x 5    1000 1000   4096 Oct 21 08:05 chaos_env
[2025-10-22T15:41:41.298+0000] {docker.py:438} INFO - -rw-r--r-- 1    1000 1000   8875 Sep 25 16:54 chaosk6_actions.py
[2025-10-22T15:41:41.298+0000] {docker.py:438} INFO - -rw-rw-r-- 1    1000 1000 981624 Oct 22 14:45 chaostoolkit.log
[2025-10-22T15:41:41.301+0000] {docker.py:438} INFO - -rw-r--r-- 1    1000 1000   3213 Sep  9 09:11 combined-sequential.json
[2025-10-22T15:41:41.301+0000] {docker.py:438} INFO - -rw-r--r-- 1    1000 1000    502 Sep 16 05:31 connection_test_experiment.json
[2025-10-22T15:41:41.302+0000] {docker.py:438} INFO - -rw-r--r-- 1    1000 1000   1420 Sep 24 06:53 container_restart.json
[2025-10-22T15:41:41.302+0000] {docker.py:438} INFO - -rw-r--r-- 1    1000 1000  16452 Sep 26 09:59 container_restart.py
[2025-10-22T15:41:41.303+0000] {docker.py:438} INFO - -rw-r--r-- 1    1000 1000   1313 Oct  9 06:32 container_restart_Azure.yaml
[2025-10-22T15:41:41.303+0000] {docker.py:438} INFO - -rw-r--r-- 1    1000 1000   1409 Sep 18 12:30 continuous_load_test.json
[2025-10-22T15:41:41.303+0000] {docker.py:438} INFO - -rw-r--r-- 1    1000 1000   1637 Sep 25 10:13 cordon-uncordon-node.json
[2025-10-22T15:41:41.304+0000] {docker.py:438} INFO - -rw-r--r-- 1    1000 1000   1637 Sep 25 04:39 cordon_test.json
[2025-10-22T15:41:41.304+0000] {docker.py:438} INFO - -rw-r--r-- 1    1000 1000   1034 Sep 30 18:27 cordon_uncordon_node_Azure.yaml
[2025-10-22T15:41:41.305+0000] {docker.py:438} INFO - -rw-r--r-- 1    1000 1000   1203 Sep 30 06:51 cpu_stress_ng.json
[2025-10-22T15:41:41.306+0000] {docker.py:438} INFO - -rw-r--r-- 1    1000 1000   1760 Oct 21 08:00 db_cleanup.json
[2025-10-22T15:41:41.306+0000] {docker.py:438} INFO - -rw-r--r-- 1    1000 1000   6399 Sep 24 07:40 db_cleanup.py
[2025-10-22T15:41:41.308+0000] {docker.py:438} INFO - -rw-r--r-- 1    1000 1000   3217 Oct 22 14:45 journal.json
[2025-10-22T15:41:41.308+0000] {docker.py:438} INFO - -rw-rw-r-- 1 root    root 373585 Oct 22 14:45 k6_continuous_load.log
[2025-10-22T15:41:41.309+0000] {docker.py:438} INFO - -rw-r--r-- 1    1000 1000   3944 Oct 22 14:45 k6_continuous_summary.json
[2025-10-22T15:41:41.309+0000] {docker.py:438} INFO - -rw-r--r-- 1    1000 1000   3433 Sep 25 09:28 k6_summary.json
[2025-10-22T15:41:41.309+0000] {docker.py:438} INFO - -rw-r--r-- 1    1000 1000    989 Sep 30 09:24 kubernetes_actions.json
[2025-10-22T15:41:41.311+0000] {docker.py:438} INFO - -rw-r--r-- 1    1000 1000  10961 Sep 30 09:23 kubernetes_actions.py
[2025-10-22T15:41:41.311+0000] {docker.py:438} INFO - -rw-r--r-- 1    1000 1000    945 Sep 21 16:40 load_test.json
[2025-10-22T15:41:41.312+0000] {docker.py:438} INFO - -rw-r--r-- 1    1000 1000    528 Sep 17 12:13 max_connection_experiment.json
[2025-10-22T15:41:41.312+0000] {docker.py:438} INFO - -rw-r--r-- 1    1000 1000   1227 Sep 13 15:20 memory-stress-rollback.json
[2025-10-22T15:41:41.312+0000] {docker.py:438} INFO - -rw-rw-r-- 1    1000 1000    982 Oct 10 06:38 memory_stress.json
[2025-10-22T15:41:41.314+0000] {docker.py:438} INFO - -rw-rw-r-- 1    1000 1000   4581 Oct 10 06:38 memory_stress.py
[2025-10-22T15:41:41.314+0000] {docker.py:438} INFO - -rw-r--r-- 1    1000 1000   1421 Sep 29 05:20 mongo_db_container_restart.json
[2025-10-22T15:41:41.317+0000] {docker.py:438} INFO - -rw-r--r-- 1    1000 1000   7586 Sep 18 05:54 mongodb_actions.py
[2025-10-22T15:41:41.317+0000] {docker.py:438} INFO - -rw-r--r-- 1    1000 1000   2136 Sep 18 11:23 mongodb_connection.json
[2025-10-22T15:41:41.318+0000] {docker.py:438} INFO - -rw-r--r-- 1    1000 1000    597 Sep 16 09:17 mongodb_network_latency_experiment.json
[2025-10-22T15:41:41.318+0000] {docker.py:438} INFO - -rw-r--r-- 1    1000 1000   3657 Sep 18 05:42 mongodb_probes.py
[2025-10-22T15:41:41.318+0000] {docker.py:438} INFO - -rw-r--r-- 1    1000 1000   6161 Sep 12 08:04 pod_restart.py
[2025-10-22T15:41:41.319+0000] {docker.py:438} INFO - -rw-r--r-- 1    1000 1000   1497 Sep 30 05:50 redis_config_faults.py
[2025-10-22T15:41:41.319+0000] {docker.py:438} INFO - -rw-r--r-- 1    1000 1000    862 Sep 30 05:50 redis_experiment.json
[2025-10-22T15:41:41.320+0000] {docker.py:438} INFO - -rw-r--r-- 1    1000 1000    945 Sep 18 06:53 redis_load.json
[2025-10-22T15:41:41.320+0000] {docker.py:438} INFO - -rw-r--r-- 1    1000 1000   1306 Oct  9 16:34 redis_memory_stress_Azure.yaml
[2025-10-22T15:41:41.320+0000] {docker.py:438} INFO - -rw-rw-r-- 1    1000 1000   1333 Oct 21 09:39 reinitialize_application.yaml
[2025-10-22T15:41:41.321+0000] {docker.py:438} INFO - -rw-r--r-- 1    1000 1000   1284 Sep 25 10:53 run_load_test_with_cleanup.py
[2025-10-22T15:41:41.321+0000] {docker.py:438} INFO - drwxr-xr-x 2    1000 1000   4096 Oct 22 06:46 scripts
[2025-10-22T15:41:41.322+0000] {docker.py:438} INFO - drwxr-xr-x 4    1000 1000   4096 Sep 30 09:41 socialNetwork
[2025-10-22T15:41:41.323+0000] {docker.py:438} INFO - -rw-r--r-- 1    1000 1000    821 Sep 26 13:20 stress_test.json
[2025-10-22T15:41:41.323+0000] {docker.py:438} INFO - -rw-r--r-- 1    1000 1000    367 Sep 17 07:24 test_params.json
[2025-10-22T15:41:41.325+0000] {docker.py:438} INFO - Starting Reinitializing the Social Networking Application...
[2025-10-22T15:41:42.381+0000] {docker.py:438} INFO - [32m[2025-10-22 15:41:42 INFO] Validating the experiment's syntax
[2025-10-22T15:41:42.885+0000] {docker.py:438} INFO - [32m[2025-10-22 15:41:42 INFO] Experiment looks valid
[2025-10-22T15:41:42.886+0000] {docker.py:438} INFO - [32m[2025-10-22 15:41:42 INFO] Running experiment: Simple Social Network Reset
[2025-10-22T15:41:42.890+0000] {docker.py:438} INFO - [32m[2025-10-22 15:41:42 INFO] Steady-state strategy: default
[2025-10-22T15:41:42.891+0000] {docker.py:438} INFO - [32m[2025-10-22 15:41:42 INFO] Rollbacks strategy: default
[2025-10-22T15:41:42.892+0000] {docker.py:438} INFO - [32m[2025-10-22 15:41:42 INFO] No steady state hypothesis defined. That's ok, just exploring.
[2025-10-22T15:41:42.892+0000] {docker.py:438} INFO - [32m[2025-10-22 15:41:42 INFO] Playing your experiment's method now...
[2025-10-22T15:41:42.893+0000] {docker.py:438} INFO - [32m[2025-10-22 15:41:42 INFO] Action: complete-reset-and-reinit
[2025-10-22T15:41:42.895+0000] {docker.py:438} INFO - INFO:kubernetes_actions:Starting complete reset and reinitialization...
[2025-10-22T15:41:42.895+0000] {docker.py:438} INFO - INFO:kubernetes_actions:Starting full social network reset...
[2025-10-22T15:41:42.896+0000] {docker.py:438} INFO - INFO:kubernetes_actions:Clearing Redis data...
[2025-10-22T15:41:42.919+0000] {docker.py:438} INFO - INFO:kubernetes_actions:Loaded local Kubernetes config
[2025-10-22T15:41:42.937+0000] {docker.py:438} INFO - INFO:kubernetes_actions:Loaded local Kubernetes config
[2025-10-22T15:41:43.264+0000] {docker.py:438} INFO - INFO:kubernetes_actions:Found running pod: social-graph-redis-64bd79b48b-872bt for deployment: social-graph-redis
[2025-10-22T15:41:43.266+0000] {docker.py:438} INFO - INFO:kubernetes_actions:Executing command in pod social-graph-redis-64bd79b48b-872bt, container social-graph-redis: redis-cli FLUSHALL
[2025-10-22T15:41:43.690+0000] {docker.py:438} INFO - INFO:kubernetes_actions:Command executed successfully. Output: OK
[2025-10-22T15:41:43.706+0000] {docker.py:438} INFO - INFO:kubernetes_actions:Loaded local Kubernetes config
[2025-10-22T15:41:43.724+0000] {docker.py:438} INFO - INFO:kubernetes_actions:Loaded local Kubernetes config
[2025-10-22T15:41:44.073+0000] {docker.py:438} INFO - INFO:kubernetes_actions:Found running pod: home-timeline-redis-744dd9998f-pjkn8 for deployment: home-timeline-redis
[2025-10-22T15:41:44.074+0000] {docker.py:438} INFO - INFO:kubernetes_actions:Executing command in pod home-timeline-redis-744dd9998f-pjkn8, container home-timeline-redis: redis-cli FLUSHALL
[2025-10-22T15:41:45.605+0000] {docker.py:438} INFO - INFO:kubernetes_actions:Command executed successfully. Output: OK
[2025-10-22T15:41:45.622+0000] {docker.py:438} INFO - INFO:kubernetes_actions:Loaded local Kubernetes config
[2025-10-22T15:41:45.639+0000] {docker.py:438} INFO - INFO:kubernetes_actions:Loaded local Kubernetes config
[2025-10-22T15:41:45.941+0000] {docker.py:438} INFO - INFO:kubernetes_actions:Found running pod: user-timeline-redis-7b8f6ff4fb-nnwvw for deployment: user-timeline-redis
[2025-10-22T15:41:45.943+0000] {docker.py:438} INFO - INFO:kubernetes_actions:Executing command in pod user-timeline-redis-7b8f6ff4fb-nnwvw, container user-timeline-redis: redis-cli FLUSHALL
[2025-10-22T15:41:47.309+0000] {docker.py:438} INFO - INFO:kubernetes_actions:Command executed successfully. Output: OK
[2025-10-22T15:41:47.310+0000] {docker.py:438} INFO - 
[2025-10-22T15:41:47.310+0000] {docker.py:438} INFO - INFO:kubernetes_actions:Clearing Memcached data...
[2025-10-22T15:41:47.326+0000] {docker.py:438} INFO - INFO:kubernetes_actions:Loaded local Kubernetes config
[2025-10-22T15:41:47.348+0000] {docker.py:438} INFO - INFO:kubernetes_actions:Loaded local Kubernetes config
[2025-10-22T15:41:47.693+0000] {docker.py:438} INFO - INFO:kubernetes_actions:Found running pod: post-storage-memcached-67c6cc65cc-kzdlc for deployment: post-storage-memcached
[2025-10-22T15:41:47.695+0000] {docker.py:438} INFO - INFO:kubernetes_actions:Executing command in pod post-storage-memcached-67c6cc65cc-kzdlc, container post-storage-memcached: sh -c echo 'flush_all' | nc localhost 11211
[2025-10-22T15:41:49.048+0000] {docker.py:438} INFO - INFO:kubernetes_actions:Command executed successfully. Output: sh: 1: nc: not found
[2025-10-22T15:41:49.064+0000] {docker.py:438} INFO - INFO:kubernetes_actions:Loaded local Kubernetes config
[2025-10-22T15:41:49.087+0000] {docker.py:438} INFO - INFO:kubernetes_actions:Loaded local Kubernetes config
[2025-10-22T15:41:49.443+0000] {docker.py:438} INFO - INFO:kubernetes_actions:Found running pod: user-memcached-56f89988c-68wlh for deployment: user-memcached
[2025-10-22T15:41:49.444+0000] {docker.py:438} INFO - INFO:kubernetes_actions:Executing command in pod user-memcached-56f89988c-68wlh, container user-memcached: sh -c echo 'flush_all' | nc localhost 11211
[2025-10-22T15:41:50.777+0000] {docker.py:438} INFO - INFO:kubernetes_actions:Command executed successfully. Output: sh: 1: nc: not found
[2025-10-22T15:41:50.778+0000] {docker.py:438} INFO - 
[2025-10-22T15:41:50.778+0000] {docker.py:438} INFO - INFO:kubernetes_actions:Dropping MongoDB databases...
[2025-10-22T15:41:50.795+0000] {docker.py:438} INFO - INFO:kubernetes_actions:Loaded local Kubernetes config
[2025-10-22T15:41:50.812+0000] {docker.py:438} INFO - INFO:kubernetes_actions:Loaded local Kubernetes config
[2025-10-22T15:41:51.065+0000] {docker.py:438} INFO - INFO:kubernetes_actions:Found running pod: post-storage-mongodb-7f7657964c-qvfvs for deployment: post-storage-mongodb
[2025-10-22T15:41:51.067+0000] {docker.py:438} INFO - INFO:kubernetes_actions:Executing command in pod post-storage-mongodb-7f7657964c-qvfvs, container post-storage-mongodb: mongo --eval db.getSiblingDB('post').dropDatabase()
[2025-10-22T15:41:56.403+0000] {docker.py:438} INFO - INFO:kubernetes_actions:Command executed successfully. Output: MongoDB shell version v4.4.6
[2025-10-22T15:41:56.424+0000] {docker.py:438} INFO - INFO:kubernetes_actions:Loaded local Kubernetes config
[2025-10-22T15:41:56.441+0000] {docker.py:438} INFO - INFO:kubernetes_actions:Loaded local Kubernetes config
[2025-10-22T15:41:56.800+0000] {docker.py:438} INFO - INFO:kubernetes_actions:Found running pod: post-storage-mongodb-7f7657964c-qvfvs for deployment: post-storage-mongodb
[2025-10-22T15:41:56.801+0000] {docker.py:438} INFO - INFO:kubernetes_actions:Executing command in pod post-storage-mongodb-7f7657964c-qvfvs, container post-storage-mongodb: mongo --eval db.getSiblingDB('READ__ME_TO_RECOVER_YOUR_DATA').dropDatabase()
[2025-10-22T15:41:58.710+0000] {docker.py:438} INFO - INFO:kubernetes_actions:Command executed successfully. Output: MongoDB shell version v4.4.6
[2025-10-22T15:41:58.711+0000] {docker.py:438} INFO - connecting to: mongodb://127.0.0.1:27017/?compressors=disabled&gssapiServiceName=mongodb
[2025-10-22T15:41:58.711+0000] {docker.py:438} INFO - Error: couldn't connect to server 127.0.0.1:27017, connection attempt failed: SocketException: Error connecting to 127.0.0.1:27017 :: caused by :: Connection refused :
[2025-10-22T15:41:58.712+0000] {docker.py:438} INFO - connect@src/mongo/shell/mongo.js:374:17
[2025-10-22T15:41:58.712+0000] {docker.py:438} INFO - @(connect):2:6
[2025-10-22T15:41:58.713+0000] {docker.py:438} INFO - exception: connect failed
[2025-10-22T15:41:58.713+0000] {docker.py:438} INFO - exiting with code 1
[2025-10-22T15:41:58.743+0000] {docker.py:438} INFO - INFO:kubernetes_actions:Loaded local Kubernetes config
[2025-10-22T15:41:58.779+0000] {docker.py:438} INFO - INFO:kubernetes_actions:Loaded local Kubernetes config
[2025-10-22T15:41:59.105+0000] {docker.py:438} INFO - INFO:kubernetes_actions:Found running pod: user-mongodb-f95b7d968-bhjcd for deployment: user-mongodb
[2025-10-22T15:41:59.107+0000] {docker.py:438} INFO - INFO:kubernetes_actions:Executing command in pod user-mongodb-f95b7d968-bhjcd, container user-mongodb: mongo --eval db.getSiblingDB('user').dropDatabase()
[2025-10-22T15:42:00.697+0000] {docker.py:438} INFO - INFO:kubernetes_actions:Command executed successfully. Output: MongoDB shell version v4.4.6
[2025-10-22T15:42:00.698+0000] {docker.py:438} INFO - connecting to: mongodb://127.0.0.1:27017/?compressors=disabled&gssapiServiceName=mongodb
[2025-10-22T15:42:00.699+0000] {docker.py:438} INFO - Implicit session: session { "id" : UUID("519e9842-7d9d-4ab9-bad3-43e9013a0141") }
[2025-10-22T15:42:00.699+0000] {docker.py:438} INFO - MongoDB server version: 4.4.6
[2025-10-22T15:42:00.700+0000] {docker.py:438} INFO - { "dropped" : "user", "ok" : 1 }
[2025-10-22T15:42:00.717+0000] {docker.py:438} INFO - INFO:kubernetes_actions:Loaded local Kubernetes config
[2025-10-22T15:42:00.740+0000] {docker.py:438} INFO - INFO:kubernetes_actions:Loaded local Kubernetes config
[2025-10-22T15:42:01.066+0000] {docker.py:438} INFO - INFO:kubernetes_actions:Found running pod: user-mongodb-f95b7d968-bhjcd for deployment: user-mongodb
[2025-10-22T15:42:01.068+0000] {docker.py:438} INFO - INFO:kubernetes_actions:Executing command in pod user-mongodb-f95b7d968-bhjcd, container user-mongodb: mongo --eval db.getSiblingDB('READ__ME_TO_RECOVER_YOUR_DATA').dropDatabase()
[2025-10-22T15:42:02.617+0000] {docker.py:438} INFO - INFO:kubernetes_actions:Command executed successfully. Output: MongoDB shell version v4.4.6
[2025-10-22T15:42:02.618+0000] {docker.py:438} INFO - connecting to: mongodb://127.0.0.1:27017/?compressors=disabled&gssapiServiceName=mongodb
[2025-10-22T15:42:02.618+0000] {docker.py:438} INFO - Implicit session: session { "id" : UUID("960d518e-5eb4-4597-8394-f372fe3be9af") }
[2025-10-22T15:42:02.619+0000] {docker.py:438} INFO - MongoDB server version: 4.4.6
[2025-10-22T15:42:02.619+0000] {docker.py:438} INFO - { "ok" : 1 }
[2025-10-22T15:42:02.635+0000] {docker.py:438} INFO - INFO:kubernetes_actions:Loaded local Kubernetes config
[2025-10-22T15:42:02.652+0000] {docker.py:438} INFO - INFO:kubernetes_actions:Loaded local Kubernetes config
[2025-10-22T15:42:02.914+0000] {docker.py:438} INFO - INFO:kubernetes_actions:Found running pod: social-graph-mongodb-77fd77d9f4-ckft8 for deployment: social-graph-mongodb
[2025-10-22T15:42:02.917+0000] {docker.py:438} INFO - INFO:kubernetes_actions:Executing command in pod social-graph-mongodb-77fd77d9f4-ckft8, container social-graph-mongodb: mongo --eval db.getSiblingDB('social-graph').dropDatabase()
[2025-10-22T15:42:04.509+0000] {docker.py:438} INFO - INFO:kubernetes_actions:Command executed successfully. Output: MongoDB shell version v4.4.6
[2025-10-22T15:42:04.510+0000] {docker.py:438} INFO - connecting to: mongodb://127.0.0.1:27017/?compressors=disabled&gssapiServiceName=mongodb
[2025-10-22T15:42:04.510+0000] {docker.py:438} INFO - Implicit session: session { "id" : UUID("9ebd1106-5846-4a2f-9add-371cbb6e29df") }
[2025-10-22T15:42:04.513+0000] {docker.py:438} INFO - MongoDB server version: 4.4.6
[2025-10-22T15:42:04.514+0000] {docker.py:438} INFO - { "dropped" : "social-graph", "ok" : 1 }
[2025-10-22T15:42:04.547+0000] {docker.py:438} INFO - INFO:kubernetes_actions:Loaded local Kubernetes config
[2025-10-22T15:42:04.565+0000] {docker.py:438} INFO - INFO:kubernetes_actions:Loaded local Kubernetes config
[2025-10-22T15:42:04.819+0000] {docker.py:438} INFO - INFO:kubernetes_actions:Found running pod: social-graph-mongodb-77fd77d9f4-ckft8 for deployment: social-graph-mongodb
[2025-10-22T15:42:04.821+0000] {docker.py:438} INFO - INFO:kubernetes_actions:Executing command in pod social-graph-mongodb-77fd77d9f4-ckft8, container social-graph-mongodb: mongo --eval db.getSiblingDB('READ__ME_TO_RECOVER_YOUR_DATA').dropDatabase()
[2025-10-22T15:42:06.398+0000] {docker.py:438} INFO - INFO:kubernetes_actions:Command executed successfully. Output: MongoDB shell version v4.4.6
[2025-10-22T15:42:06.399+0000] {docker.py:438} INFO - connecting to: mongodb://127.0.0.1:27017/?compressors=disabled&gssapiServiceName=mongodb
[2025-10-22T15:42:06.399+0000] {docker.py:438} INFO - Implicit session: session { "id" : UUID("b0530fd2-851a-442d-9105-148cf3dde243") }
[2025-10-22T15:42:06.400+0000] {docker.py:438} INFO - MongoDB server version: 4.4.6
[2025-10-22T15:42:06.400+0000] {docker.py:438} INFO - { "ok" : 1 }
[2025-10-22T15:42:06.416+0000] {docker.py:438} INFO - INFO:kubernetes_actions:Loaded local Kubernetes config
[2025-10-22T15:42:06.435+0000] {docker.py:438} INFO - INFO:kubernetes_actions:Loaded local Kubernetes config
[2025-10-22T15:42:06.730+0000] {docker.py:438} INFO - INFO:kubernetes_actions:Found running pod: user-timeline-mongodb-6ff9797bfc-wz2jn for deployment: user-timeline-mongodb
[2025-10-22T15:42:06.732+0000] {docker.py:438} INFO - INFO:kubernetes_actions:Executing command in pod user-timeline-mongodb-6ff9797bfc-wz2jn, container user-timeline-mongodb: mongo --eval db.getSiblingDB('user-timeline').dropDatabase()
[2025-10-22T15:42:08.212+0000] {docker.py:438} INFO - INFO:kubernetes_actions:Command executed successfully. Output: MongoDB shell version v4.4.6
[2025-10-22T15:42:08.213+0000] {docker.py:438} INFO - connecting to: mongodb://127.0.0.1:27017/?compressors=disabled&gssapiServiceName=mongodb
[2025-10-22T15:42:08.213+0000] {docker.py:438} INFO - Implicit session: session { "id" : UUID("73cc6319-62d5-474e-92f7-88943bde1bf7") }
[2025-10-22T15:42:08.214+0000] {docker.py:438} INFO - MongoDB server version: 4.4.6
[2025-10-22T15:42:08.214+0000] {docker.py:438} INFO - { "ok" : 1 }
[2025-10-22T15:42:08.231+0000] {docker.py:438} INFO - INFO:kubernetes_actions:Loaded local Kubernetes config
[2025-10-22T15:42:08.249+0000] {docker.py:438} INFO - INFO:kubernetes_actions:Loaded local Kubernetes config
[2025-10-22T15:42:08.629+0000] {docker.py:438} INFO - INFO:kubernetes_actions:Found running pod: user-timeline-mongodb-6ff9797bfc-wz2jn for deployment: user-timeline-mongodb
[2025-10-22T15:42:08.631+0000] {docker.py:438} INFO - INFO:kubernetes_actions:Executing command in pod user-timeline-mongodb-6ff9797bfc-wz2jn, container user-timeline-mongodb: mongo --eval db.getSiblingDB('READ__ME_TO_RECOVER_YOUR_DATA').dropDatabase()
[2025-10-22T15:42:10.295+0000] {docker.py:438} INFO - INFO:kubernetes_actions:Command executed successfully. Output: MongoDB shell version v4.4.6
[2025-10-22T15:42:10.296+0000] {docker.py:438} INFO - connecting to: mongodb://127.0.0.1:27017/?compressors=disabled&gssapiServiceName=mongodb
[2025-10-22T15:42:10.297+0000] {docker.py:438} INFO - Implicit session: session { "id" : UUID("987708d9-0037-43a3-ba22-0b1c1578c8ad") }
[2025-10-22T15:42:10.298+0000] {docker.py:438} INFO - MongoDB server version: 4.4.6
[2025-10-22T15:42:10.298+0000] {docker.py:438} INFO - { "ok" : 1 }
[2025-10-22T15:42:10.299+0000] {docker.py:438} INFO - INFO:kubernetes_actions:Full social network reset completed
[2025-10-22T15:42:15.315+0000] {docker.py:438} INFO - INFO:kubernetes_actions:Loaded local Kubernetes config
[2025-10-22T15:42:15.317+0000] {docker.py:438} INFO - INFO:kubernetes_actions:Restarting deployment: social-graph-service
[2025-10-22T15:42:15.689+0000] {docker.py:438} INFO - INFO:kubernetes_actions:✅ Successfully restarted social-graph-service
[2025-10-22T15:42:15.691+0000] {docker.py:438} INFO - INFO:kubernetes_actions:Restarting deployment: user-service
[2025-10-22T15:42:15.867+0000] {docker.py:438} INFO - INFO:kubernetes_actions:✅ Successfully restarted user-service
[2025-10-22T15:42:15.868+0000] {docker.py:438} INFO - INFO:kubernetes_actions:Restarting deployment: post-storage-service
[2025-10-22T15:42:16.047+0000] {docker.py:438} INFO - INFO:kubernetes_actions:✅ Successfully restarted post-storage-service
[2025-10-22T15:42:16.048+0000] {docker.py:438} INFO - INFO:kubernetes_actions:Restarting deployment: compose-post-service
[2025-10-22T15:42:16.226+0000] {docker.py:438} INFO - INFO:kubernetes_actions:✅ Successfully restarted compose-post-service
[2025-10-22T15:42:16.227+0000] {docker.py:438} INFO - INFO:kubernetes_actions:Restarting deployment: home-timeline-service
[2025-10-22T15:42:16.398+0000] {docker.py:438} INFO - INFO:kubernetes_actions:✅ Successfully restarted home-timeline-service
[2025-10-22T15:42:16.400+0000] {docker.py:438} INFO - INFO:kubernetes_actions:Restarting deployment: user-timeline-service
[2025-10-22T15:42:16.572+0000] {docker.py:438} INFO - INFO:kubernetes_actions:✅ Successfully restarted user-timeline-service
[2025-10-22T15:42:16.573+0000] {docker.py:438} INFO - INFO:kubernetes_actions:Restarting deployment: nginx-thrift
[2025-10-22T15:42:16.767+0000] {docker.py:438} INFO - INFO:kubernetes_actions:✅ Successfully restarted nginx-thrift
[2025-10-22T15:42:16.768+0000] {docker.py:438} INFO - INFO:kubernetes_actions:Restarting deployment: text-service
[2025-10-22T15:42:16.954+0000] {docker.py:438} INFO - INFO:kubernetes_actions:✅ Successfully restarted text-service
[2025-10-22T15:42:16.956+0000] {docker.py:438} INFO - INFO:kubernetes_actions:Restarting deployment: unique-id-service
[2025-10-22T15:42:17.138+0000] {docker.py:438} INFO - INFO:kubernetes_actions:✅ Successfully restarted unique-id-service
[2025-10-22T15:42:17.140+0000] {docker.py:438} INFO - INFO:kubernetes_actions:Restarting deployment: user-mention-service
[2025-10-22T15:42:17.319+0000] {docker.py:438} INFO - INFO:kubernetes_actions:✅ Successfully restarted user-mention-service
[2025-10-22T15:42:17.320+0000] {docker.py:438} INFO - INFO:kubernetes_actions:Waiting 90 seconds for services to restart...
[2025-10-22T15:43:47.322+0000] {docker.py:438} INFO - INFO:kubernetes_actions:Reinitializing social network data...
[2025-10-22T15:56:09.435+0000] {docker.py:438} INFO - INFO:kubernetes_actions:Social network reinitialization completed successfully
[2025-10-22T15:56:09.437+0000] {docker.py:438} INFO - [32m[2025-10-22 15:56:09 INFO] Let's rollback...
[2025-10-22T15:56:09.439+0000] {docker.py:438} INFO - [32m[2025-10-22 15:56:09 INFO] No declared rollbacks, let's move on.
[2025-10-22T15:56:09.439+0000] {docker.py:438} INFO - [32m[2025-10-22 15:56:09 INFO] Experiment ended with status: completed
[2025-10-22T15:56:09.614+0000] {docker.py:438} INFO - Reinitialized Social Networking APplication successfully
[2025-10-22T15:56:10.044+0000] {taskinstance.py:340} INFO - ::group::Post task execution logs
[2025-10-22T15:56:10.045+0000] {taskinstance.py:352} INFO - Marking task as SUCCESS. dag_id=Reinitialize_Application, task_id=apply_container_restart_docker, run_id=manual__2025-10-22T15:41:19.795337+00:00, execution_date=20251022T154119, start_date=20251022T154122, end_date=20251022T155610
[2025-10-22T15:56:10.101+0000] {local_task_job_runner.py:266} INFO - Task exited with return code 0
[2025-10-22T15:56:10.124+0000] {taskinstance.py:3900} INFO - 0 downstream tasks scheduled from follow-on schedule check
[2025-10-22T15:56:10.127+0000] {local_task_job_runner.py:245} INFO - ::endgroup::
