[2025-10-05T21:00:02.145+0000] {local_task_job_runner.py:123} INFO - ::group::Pre task execution logs
[2025-10-05T21:00:02.183+0000] {taskinstance.py:2612} INFO - Dependencies all met for dep_context=non-requeueable deps ti=<TaskInstance: Cordon_Uncordon_Node.apply_cordon_uncordon_node scheduled__2025-10-05T18:00:00+00:00 [queued]>
[2025-10-05T21:00:02.209+0000] {taskinstance.py:2612} INFO - Dependencies all met for dep_context=requeueable deps ti=<TaskInstance: Cordon_Uncordon_Node.apply_cordon_uncordon_node scheduled__2025-10-05T18:00:00+00:00 [queued]>
[2025-10-05T21:00:02.210+0000] {taskinstance.py:2865} INFO - Starting attempt 1 of 1
[2025-10-05T21:00:02.233+0000] {taskinstance.py:2888} INFO - Executing <Task(DockerOperator): apply_cordon_uncordon_node> on 2025-10-05 18:00:00+00:00
[2025-10-05T21:00:02.250+0000] {standard_task_runner.py:72} INFO - Started process 1100 to run task
[2025-10-05T21:00:02.264+0000] {standard_task_runner.py:104} INFO - Running: ['***', 'tasks', 'run', 'Cordon_Uncordon_Node', 'apply_cordon_uncordon_node', 'scheduled__2025-10-05T18:00:00+00:00', '--job-id', '368', '--raw', '--subdir', 'DAGS_FOLDER/dag_factory.py', '--cfg-path', '/tmp/tmpgywcjrfi']
[2025-10-05T21:00:02.267+0000] {standard_task_runner.py:105} INFO - Job 368: Subtask apply_cordon_uncordon_node
[2025-10-05T21:00:02.362+0000] {task_command.py:467} INFO - Running <TaskInstance: Cordon_Uncordon_Node.apply_cordon_uncordon_node scheduled__2025-10-05T18:00:00+00:00 [running]> on host workflow.y2twbfvcjkaujnl2bmtbxunhcb.cx.internal.cloudapp.net
[2025-10-05T21:00:02.550+0000] {taskinstance.py:3131} INFO - Exporting env vars: AIRFLOW_CTX_DAG_OWNER='***' AIRFLOW_CTX_DAG_ID='Cordon_Uncordon_Node' AIRFLOW_CTX_TASK_ID='apply_cordon_uncordon_node' AIRFLOW_CTX_EXECUTION_DATE='2025-10-05T18:00:00+00:00' AIRFLOW_CTX_TRY_NUMBER='1' AIRFLOW_CTX_DAG_RUN_ID='scheduled__2025-10-05T18:00:00+00:00'
[2025-10-05T21:00:02.555+0000] {taskinstance.py:731} INFO - ::endgroup::
[2025-10-05T21:00:02.627+0000] {docker.py:367} INFO - Starting docker container from image ***_chaos:latest
[2025-10-05T21:00:03.282+0000] {docker.py:438} INFO - The container is run as root user. For security, consider using a regular user account.
[2025-10-05T21:00:23.110+0000] {docker.py:438} INFO - 
[2025-10-05T21:00:24.985+0000] {docker.py:438} INFO - [32m[2025-10-05 21:00:24 INFO] Validating the experiment's syntax
[2025-10-05T21:00:25.622+0000] {docker.py:438} INFO - [32m[2025-10-05 21:00:25 INFO] Experiment looks valid
[2025-10-05T21:00:25.623+0000] {docker.py:438} INFO - [32m[2025-10-05 21:00:25 INFO] Running experiment: Cordon-Pod Restart Combined Experiment
[2025-10-05T21:00:25.631+0000] {docker.py:438} INFO - [32m[2025-10-05 21:00:25 INFO] Steady-state strategy: default
[2025-10-05T21:00:25.632+0000] {docker.py:438} INFO - [32m[2025-10-05 21:00:25 INFO] Rollbacks strategy: default
[2025-10-05T21:00:25.633+0000] {docker.py:438} INFO - [32m[2025-10-05 21:00:25 INFO] No steady state hypothesis defined. That's ok, just exploring.
[2025-10-05T21:00:25.633+0000] {docker.py:438} INFO - [32m[2025-10-05 21:00:25 INFO] Playing your experiment's method now...
[2025-10-05T21:00:25.633+0000] {docker.py:438} INFO - [32m[2025-10-05 21:00:25 INFO] Action: cordon-nodes
[2025-10-05T21:00:26.826+0000] {docker.py:438} INFO - [32m[2025-10-05 21:00:26 INFO] Action: continuous-pod-restart-during-cordon
[2025-10-05T21:05:12.584+0000] {docker.py:438} INFO - 🚀 Starting continuous pod restart experiment
[2025-10-05T21:05:12.585+0000] {docker.py:438} INFO - 📅 Interval: 20 seconds
[2025-10-05T21:05:12.585+0000] {docker.py:438} INFO - ⏱️  Duration: 300 seconds
[2025-10-05T21:05:12.585+0000] {docker.py:438} INFO - 🎯 Target: app=post-storage-service
[2025-10-05T21:05:12.585+0000] {docker.py:438} INFO - 📍 Namespace: default
[2025-10-05T21:05:12.586+0000] {docker.py:438} INFO - 
[2025-10-05T21:05:12.586+0000] {docker.py:438} INFO - ==================================================
[2025-10-05T21:05:12.586+0000] {docker.py:438} INFO - 🔄 Restart #1 at 2025-10-05 21:00:26
[2025-10-05T21:05:12.586+0000] {docker.py:438} INFO - ==================================================
[2025-10-05T21:05:12.586+0000] {docker.py:438} INFO - Hello world - terminate function started!
[2025-10-05T21:05:12.587+0000] {docker.py:438} INFO - Selecting pods with label_selector: app=post-storage-service
[2025-10-05T21:05:12.587+0000] {docker.py:438} INFO - Found 1 pods initially
[2025-10-05T21:05:12.587+0000] {docker.py:438} INFO - Random selection: 1 pods
[2025-10-05T21:05:12.587+0000] {docker.py:438} INFO - Deleting pod: post-storage-service-769cf6947d-k5mwb
[2025-10-05T21:05:12.588+0000] {docker.py:438} INFO - Deleted 1 pods: ['post-storage-service-769cf6947d-k5mwb']
[2025-10-05T21:05:12.588+0000] {docker.py:438} INFO - ✅ Successfully restarted pods: ['post-storage-service-769cf6947d-k5mwb']
[2025-10-05T21:05:12.588+0000] {docker.py:438} INFO - ⏳ Waiting 20 seconds until next restart...
[2025-10-05T21:05:12.588+0000] {docker.py:438} INFO - 📊 Time remaining: 300 seconds
[2025-10-05T21:05:12.588+0000] {docker.py:438} INFO - 
[2025-10-05T21:05:12.589+0000] {docker.py:438} INFO - ==================================================
[2025-10-05T21:05:12.589+0000] {docker.py:438} INFO - 🔄 Restart #2 at 2025-10-05 21:00:47
[2025-10-05T21:05:12.589+0000] {docker.py:438} INFO - ==================================================
[2025-10-05T21:05:12.589+0000] {docker.py:438} INFO - Hello world - terminate function started!
[2025-10-05T21:05:12.589+0000] {docker.py:438} INFO - Selecting pods with label_selector: app=post-storage-service
[2025-10-05T21:05:12.590+0000] {docker.py:438} INFO - Found 2 pods initially
[2025-10-05T21:05:12.590+0000] {docker.py:438} INFO - Random selection: 1 pods
[2025-10-05T21:05:12.590+0000] {docker.py:438} INFO - Deleting pod: post-storage-service-769cf6947d-k5mwb
[2025-10-05T21:05:12.590+0000] {docker.py:438} INFO - Deleted 1 pods: ['post-storage-service-769cf6947d-k5mwb']
[2025-10-05T21:05:12.590+0000] {docker.py:438} INFO - ✅ Successfully restarted pods: ['post-storage-service-769cf6947d-k5mwb']
[2025-10-05T21:05:12.590+0000] {docker.py:438} INFO - ⏳ Waiting 20 seconds until next restart...
[2025-10-05T21:05:12.591+0000] {docker.py:438} INFO - 📊 Time remaining: 279 seconds
[2025-10-05T21:05:12.591+0000] {docker.py:438} INFO - 
[2025-10-05T21:05:12.591+0000] {docker.py:438} INFO - ==================================================
[2025-10-05T21:05:12.591+0000] {docker.py:438} INFO - 🔄 Restart #3 at 2025-10-05 21:01:07
[2025-10-05T21:05:12.591+0000] {docker.py:438} INFO - ==================================================
[2025-10-05T21:05:12.592+0000] {docker.py:438} INFO - Hello world - terminate function started!
[2025-10-05T21:05:12.592+0000] {docker.py:438} INFO - Selecting pods with label_selector: app=post-storage-service
[2025-10-05T21:05:12.592+0000] {docker.py:438} INFO - Found 1 pods initially
[2025-10-05T21:05:12.592+0000] {docker.py:438} INFO - Random selection: 1 pods
[2025-10-05T21:05:12.593+0000] {docker.py:438} INFO - Deleting pod: post-storage-service-769cf6947d-6tp7c
[2025-10-05T21:05:12.593+0000] {docker.py:438} INFO - Deleted 1 pods: ['post-storage-service-769cf6947d-6tp7c']
[2025-10-05T21:05:12.593+0000] {docker.py:438} INFO - ✅ Successfully restarted pods: ['post-storage-service-769cf6947d-6tp7c']
[2025-10-05T21:05:12.593+0000] {docker.py:438} INFO - ⏳ Waiting 20 seconds until next restart...
[2025-10-05T21:05:12.593+0000] {docker.py:438} INFO - 📊 Time remaining: 259 seconds
[2025-10-05T21:05:12.594+0000] {docker.py:438} INFO - 
[2025-10-05T21:05:12.594+0000] {docker.py:438} INFO - ==================================================
[2025-10-05T21:05:12.594+0000] {docker.py:438} INFO - 🔄 Restart #4 at 2025-10-05 21:01:27
[2025-10-05T21:05:12.594+0000] {docker.py:438} INFO - ==================================================
[2025-10-05T21:05:12.595+0000] {docker.py:438} INFO - Hello world - terminate function started!
[2025-10-05T21:05:12.595+0000] {docker.py:438} INFO - Selecting pods with label_selector: app=post-storage-service
[2025-10-05T21:05:12.595+0000] {docker.py:438} INFO - Found 2 pods initially
[2025-10-05T21:05:12.595+0000] {docker.py:438} INFO - Random selection: 1 pods
[2025-10-05T21:05:12.596+0000] {docker.py:438} INFO - Deleting pod: post-storage-service-769cf6947d-6tp7c
[2025-10-05T21:05:12.596+0000] {docker.py:438} INFO - Deleted 1 pods: ['post-storage-service-769cf6947d-6tp7c']
[2025-10-05T21:05:12.596+0000] {docker.py:438} INFO - ✅ Successfully restarted pods: ['post-storage-service-769cf6947d-6tp7c']
[2025-10-05T21:05:12.596+0000] {docker.py:438} INFO - ⏳ Waiting 20 seconds until next restart...
[2025-10-05T21:05:12.596+0000] {docker.py:438} INFO - 📊 Time remaining: 238 seconds
[2025-10-05T21:05:12.597+0000] {docker.py:438} INFO - 
[2025-10-05T21:05:12.597+0000] {docker.py:438} INFO - ==================================================
[2025-10-05T21:05:12.597+0000] {docker.py:438} INFO - 🔄 Restart #5 at 2025-10-05 21:01:48
[2025-10-05T21:05:12.597+0000] {docker.py:438} INFO - ==================================================
[2025-10-05T21:05:12.597+0000] {docker.py:438} INFO - Hello world - terminate function started!
[2025-10-05T21:05:12.598+0000] {docker.py:438} INFO - Selecting pods with label_selector: app=post-storage-service
[2025-10-05T21:05:12.598+0000] {docker.py:438} INFO - Found 1 pods initially
[2025-10-05T21:05:12.598+0000] {docker.py:438} INFO - Random selection: 1 pods
[2025-10-05T21:05:12.598+0000] {docker.py:438} INFO - Deleting pod: post-storage-service-769cf6947d-jgk9v
[2025-10-05T21:05:12.598+0000] {docker.py:438} INFO - Deleted 1 pods: ['post-storage-service-769cf6947d-jgk9v']
[2025-10-05T21:05:12.599+0000] {docker.py:438} INFO - ✅ Successfully restarted pods: ['post-storage-service-769cf6947d-jgk9v']
[2025-10-05T21:05:12.599+0000] {docker.py:438} INFO - ⏳ Waiting 20 seconds until next restart...
[2025-10-05T21:05:12.599+0000] {docker.py:438} INFO - 📊 Time remaining: 218 seconds
[2025-10-05T21:05:12.599+0000] {docker.py:438} INFO - 
[2025-10-05T21:05:12.599+0000] {docker.py:438} INFO - ==================================================
[2025-10-05T21:05:12.600+0000] {docker.py:438} INFO - 🔄 Restart #6 at 2025-10-05 21:02:08
[2025-10-05T21:05:12.600+0000] {docker.py:438} INFO - ==================================================
[2025-10-05T21:05:12.600+0000] {docker.py:438} INFO - Hello world - terminate function started!
[2025-10-05T21:05:12.600+0000] {docker.py:438} INFO - Selecting pods with label_selector: app=post-storage-service
[2025-10-05T21:05:12.600+0000] {docker.py:438} INFO - Found 2 pods initially
[2025-10-05T21:05:12.601+0000] {docker.py:438} INFO - Random selection: 1 pods
[2025-10-05T21:05:12.601+0000] {docker.py:438} INFO - Deleting pod: post-storage-service-769cf6947d-lvgtm
[2025-10-05T21:05:12.601+0000] {docker.py:438} INFO - Deleted 1 pods: ['post-storage-service-769cf6947d-lvgtm']
[2025-10-05T21:05:12.601+0000] {docker.py:438} INFO - ✅ Successfully restarted pods: ['post-storage-service-769cf6947d-lvgtm']
[2025-10-05T21:05:12.601+0000] {docker.py:438} INFO - ⏳ Waiting 20 seconds until next restart...
[2025-10-05T21:05:12.602+0000] {docker.py:438} INFO - 📊 Time remaining: 198 seconds
[2025-10-05T21:05:12.602+0000] {docker.py:438} INFO - 
[2025-10-05T21:05:12.602+0000] {docker.py:438} INFO - ==================================================
[2025-10-05T21:05:12.602+0000] {docker.py:438} INFO - 🔄 Restart #7 at 2025-10-05 21:02:29
[2025-10-05T21:05:12.602+0000] {docker.py:438} INFO - ==================================================
[2025-10-05T21:05:12.603+0000] {docker.py:438} INFO - Hello world - terminate function started!
[2025-10-05T21:05:12.603+0000] {docker.py:438} INFO - Selecting pods with label_selector: app=post-storage-service
[2025-10-05T21:05:12.603+0000] {docker.py:438} INFO - Found 2 pods initially
[2025-10-05T21:05:12.603+0000] {docker.py:438} INFO - Random selection: 1 pods
[2025-10-05T21:05:12.604+0000] {docker.py:438} INFO - Deleting pod: post-storage-service-769cf6947d-lvgtm
[2025-10-05T21:05:12.604+0000] {docker.py:438} INFO - Deleted 1 pods: ['post-storage-service-769cf6947d-lvgtm']
[2025-10-05T21:05:12.604+0000] {docker.py:438} INFO - ✅ Successfully restarted pods: ['post-storage-service-769cf6947d-lvgtm']
[2025-10-05T21:05:12.604+0000] {docker.py:438} INFO - ⏳ Waiting 20 seconds until next restart...
[2025-10-05T21:05:12.604+0000] {docker.py:438} INFO - 📊 Time remaining: 177 seconds
[2025-10-05T21:05:12.604+0000] {docker.py:438} INFO - 
[2025-10-05T21:05:12.605+0000] {docker.py:438} INFO - ==================================================
[2025-10-05T21:05:12.605+0000] {docker.py:438} INFO - 🔄 Restart #8 at 2025-10-05 21:02:49
[2025-10-05T21:05:12.605+0000] {docker.py:438} INFO - ==================================================
[2025-10-05T21:05:12.605+0000] {docker.py:438} INFO - Hello world - terminate function started!
[2025-10-05T21:05:12.606+0000] {docker.py:438} INFO - Selecting pods with label_selector: app=post-storage-service
[2025-10-05T21:05:12.606+0000] {docker.py:438} INFO - Found 1 pods initially
[2025-10-05T21:05:12.606+0000] {docker.py:438} INFO - Random selection: 1 pods
[2025-10-05T21:05:12.606+0000] {docker.py:438} INFO - Deleting pod: post-storage-service-769cf6947d-wv8kc
[2025-10-05T21:05:12.606+0000] {docker.py:438} INFO - Deleted 1 pods: ['post-storage-service-769cf6947d-wv8kc']
[2025-10-05T21:05:12.607+0000] {docker.py:438} INFO - ✅ Successfully restarted pods: ['post-storage-service-769cf6947d-wv8kc']
[2025-10-05T21:05:12.607+0000] {docker.py:438} INFO - ⏳ Waiting 20 seconds until next restart...
[2025-10-05T21:05:12.607+0000] {docker.py:438} INFO - 📊 Time remaining: 157 seconds
[2025-10-05T21:05:12.607+0000] {docker.py:438} INFO - 
[2025-10-05T21:05:12.607+0000] {docker.py:438} INFO - ==================================================
[2025-10-05T21:05:12.607+0000] {docker.py:438} INFO - 🔄 Restart #9 at 2025-10-05 21:03:10
[2025-10-05T21:05:12.608+0000] {docker.py:438} INFO - ==================================================
[2025-10-05T21:05:12.608+0000] {docker.py:438} INFO - Hello world - terminate function started!
[2025-10-05T21:05:12.608+0000] {docker.py:438} INFO - Selecting pods with label_selector: app=post-storage-service
[2025-10-05T21:05:12.608+0000] {docker.py:438} INFO - Found 2 pods initially
[2025-10-05T21:05:12.608+0000] {docker.py:438} INFO - Random selection: 1 pods
[2025-10-05T21:05:12.609+0000] {docker.py:438} INFO - Deleting pod: post-storage-service-769cf6947d-wv8kc
[2025-10-05T21:05:12.609+0000] {docker.py:438} INFO - Deleted 1 pods: ['post-storage-service-769cf6947d-wv8kc']
[2025-10-05T21:05:12.609+0000] {docker.py:438} INFO - ✅ Successfully restarted pods: ['post-storage-service-769cf6947d-wv8kc']
[2025-10-05T21:05:12.609+0000] {docker.py:438} INFO - ⏳ Waiting 20 seconds until next restart...
[2025-10-05T21:05:12.609+0000] {docker.py:438} INFO - 📊 Time remaining: 136 seconds
[2025-10-05T21:05:12.610+0000] {docker.py:438} INFO - 
[2025-10-05T21:05:12.610+0000] {docker.py:438} INFO - ==================================================
[2025-10-05T21:05:12.610+0000] {docker.py:438} INFO - 🔄 Restart #10 at 2025-10-05 21:03:30
[2025-10-05T21:05:12.610+0000] {docker.py:438} INFO - ==================================================
[2025-10-05T21:05:12.610+0000] {docker.py:438} INFO - Hello world - terminate function started!
[2025-10-05T21:05:12.610+0000] {docker.py:438} INFO - Selecting pods with label_selector: app=post-storage-service
[2025-10-05T21:05:12.611+0000] {docker.py:438} INFO - Found 1 pods initially
[2025-10-05T21:05:12.611+0000] {docker.py:438} INFO - Random selection: 1 pods
[2025-10-05T21:05:12.611+0000] {docker.py:438} INFO - Deleting pod: post-storage-service-769cf6947d-dq4x7
[2025-10-05T21:05:12.612+0000] {docker.py:438} INFO - Deleted 1 pods: ['post-storage-service-769cf6947d-dq4x7']
[2025-10-05T21:05:12.612+0000] {docker.py:438} INFO - ✅ Successfully restarted pods: ['post-storage-service-769cf6947d-dq4x7']
[2025-10-05T21:05:12.612+0000] {docker.py:438} INFO - ⏳ Waiting 20 seconds until next restart...
[2025-10-05T21:05:12.612+0000] {docker.py:438} INFO - 📊 Time remaining: 116 seconds
[2025-10-05T21:05:12.613+0000] {docker.py:438} INFO - 
[2025-10-05T21:05:12.613+0000] {docker.py:438} INFO - ==================================================
[2025-10-05T21:05:12.613+0000] {docker.py:438} INFO - 🔄 Restart #11 at 2025-10-05 21:03:50
[2025-10-05T21:05:12.613+0000] {docker.py:438} INFO - ==================================================
[2025-10-05T21:05:12.613+0000] {docker.py:438} INFO - Hello world - terminate function started!
[2025-10-05T21:05:12.614+0000] {docker.py:438} INFO - Selecting pods with label_selector: app=post-storage-service
[2025-10-05T21:05:12.614+0000] {docker.py:438} INFO - Found 2 pods initially
[2025-10-05T21:05:12.614+0000] {docker.py:438} INFO - Random selection: 1 pods
[2025-10-05T21:05:12.614+0000] {docker.py:438} INFO - Deleting pod: post-storage-service-769cf6947d-dq4x7
[2025-10-05T21:05:12.614+0000] {docker.py:438} INFO - Deleted 1 pods: ['post-storage-service-769cf6947d-dq4x7']
[2025-10-05T21:05:12.615+0000] {docker.py:438} INFO - ✅ Successfully restarted pods: ['post-storage-service-769cf6947d-dq4x7']
[2025-10-05T21:05:12.615+0000] {docker.py:438} INFO - ⏳ Waiting 20 seconds until next restart...
[2025-10-05T21:05:12.615+0000] {docker.py:438} INFO - 📊 Time remaining: 96 seconds
[2025-10-05T21:05:12.615+0000] {docker.py:438} INFO - 
[2025-10-05T21:05:12.615+0000] {docker.py:438} INFO - ==================================================
[2025-10-05T21:05:12.616+0000] {docker.py:438} INFO - 🔄 Restart #12 at 2025-10-05 21:04:11
[2025-10-05T21:05:12.616+0000] {docker.py:438} INFO - ==================================================
[2025-10-05T21:05:12.616+0000] {docker.py:438} INFO - Hello world - terminate function started!
[2025-10-05T21:05:12.616+0000] {docker.py:438} INFO - Selecting pods with label_selector: app=post-storage-service
[2025-10-05T21:05:12.616+0000] {docker.py:438} INFO - Found 1 pods initially
[2025-10-05T21:05:12.617+0000] {docker.py:438} INFO - Random selection: 1 pods
[2025-10-05T21:05:12.617+0000] {docker.py:438} INFO - Deleting pod: post-storage-service-769cf6947d-896cr
[2025-10-05T21:05:12.617+0000] {docker.py:438} INFO - Deleted 1 pods: ['post-storage-service-769cf6947d-896cr']
[2025-10-05T21:05:12.617+0000] {docker.py:438} INFO - ✅ Successfully restarted pods: ['post-storage-service-769cf6947d-896cr']
[2025-10-05T21:05:12.617+0000] {docker.py:438} INFO - ⏳ Waiting 20 seconds until next restart...
[2025-10-05T21:05:12.618+0000] {docker.py:438} INFO - 📊 Time remaining: 75 seconds
[2025-10-05T21:05:12.618+0000] {docker.py:438} INFO - 
[2025-10-05T21:05:12.618+0000] {docker.py:438} INFO - ==================================================
[2025-10-05T21:05:12.618+0000] {docker.py:438} INFO - 🔄 Restart #13 at 2025-10-05 21:04:31
[2025-10-05T21:05:12.618+0000] {docker.py:438} INFO - ==================================================
[2025-10-05T21:05:12.619+0000] {docker.py:438} INFO - Hello world - terminate function started!
[2025-10-05T21:05:12.619+0000] {docker.py:438} INFO - Selecting pods with label_selector: app=post-storage-service
[2025-10-05T21:05:12.619+0000] {docker.py:438} INFO - Found 2 pods initially
[2025-10-05T21:05:12.619+0000] {docker.py:438} INFO - Random selection: 1 pods
[2025-10-05T21:05:12.620+0000] {docker.py:438} INFO - Deleting pod: post-storage-service-769cf6947d-k85wc
[2025-10-05T21:05:12.620+0000] {docker.py:438} INFO - Deleted 1 pods: ['post-storage-service-769cf6947d-k85wc']
[2025-10-05T21:05:12.620+0000] {docker.py:438} INFO - ✅ Successfully restarted pods: ['post-storage-service-769cf6947d-k85wc']
[2025-10-05T21:05:12.620+0000] {docker.py:438} INFO - ⏳ Waiting 20 seconds until next restart...
[2025-10-05T21:05:12.621+0000] {docker.py:438} INFO - 📊 Time remaining: 55 seconds
[2025-10-05T21:05:12.621+0000] {docker.py:438} INFO - 
[2025-10-05T21:05:12.621+0000] {docker.py:438} INFO - ==================================================
[2025-10-05T21:05:12.621+0000] {docker.py:438} INFO - 🔄 Restart #14 at 2025-10-05 21:04:52
[2025-10-05T21:05:12.621+0000] {docker.py:438} INFO - ==================================================
[2025-10-05T21:05:12.622+0000] {docker.py:438} INFO - Hello world - terminate function started!
[2025-10-05T21:05:12.622+0000] {docker.py:438} INFO - Selecting pods with label_selector: app=post-storage-service
[2025-10-05T21:05:12.622+0000] {docker.py:438} INFO - Found 2 pods initially
[2025-10-05T21:05:12.622+0000] {docker.py:438} INFO - Random selection: 1 pods
[2025-10-05T21:05:12.622+0000] {docker.py:438} INFO - Deleting pod: post-storage-service-769cf6947d-bkb6w
[2025-10-05T21:05:12.623+0000] {docker.py:438} INFO - Deleted 1 pods: ['post-storage-service-769cf6947d-bkb6w']
[2025-10-05T21:05:12.623+0000] {docker.py:438} INFO - ✅ Successfully restarted pods: ['post-storage-service-769cf6947d-bkb6w']
[2025-10-05T21:05:12.623+0000] {docker.py:438} INFO - ⏳ Waiting 20 seconds until next restart...
[2025-10-05T21:05:12.623+0000] {docker.py:438} INFO - 📊 Time remaining: 34 seconds
[2025-10-05T21:05:12.623+0000] {docker.py:438} INFO - 
[2025-10-05T21:05:12.624+0000] {docker.py:438} INFO - ==================================================
[2025-10-05T21:05:12.624+0000] {docker.py:438} INFO - 🔄 Restart #15 at 2025-10-05 21:05:12
[2025-10-05T21:05:12.624+0000] {docker.py:438} INFO - ==================================================
[2025-10-05T21:05:12.624+0000] {docker.py:438} INFO - Hello world - terminate function started!
[2025-10-05T21:05:12.625+0000] {docker.py:438} INFO - Selecting pods with label_selector: app=post-storage-service
[2025-10-05T21:05:13.025+0000] {docker.py:438} INFO - [32m[2025-10-05 21:05:13 INFO] Let's rollback...
[2025-10-05T21:05:13.026+0000] {docker.py:438} INFO - [32m[2025-10-05 21:05:13 INFO] Rollback: uncordon-all-nodes
[2025-10-05T21:05:13.026+0000] {docker.py:438} INFO - [32m[2025-10-05 21:05:13 INFO] Action: uncordon-all-nodes
[2025-10-05T21:05:13.941+0000] {docker.py:438} INFO - [32m[2025-10-05 21:05:13 INFO] Experiment ended with status: completed
[2025-10-05T21:05:13.942+0000] {docker.py:438} INFO - Found 2 pods initially
[2025-10-05T21:05:13.942+0000] {docker.py:438} INFO - Random selection: 1 pods
[2025-10-05T21:05:13.943+0000] {docker.py:438} INFO - Deleting pod: post-storage-service-769cf6947d-rzr26
[2025-10-05T21:05:13.943+0000] {docker.py:438} INFO - Deleted 1 pods: ['post-storage-service-769cf6947d-rzr26']
[2025-10-05T21:05:13.944+0000] {docker.py:438} INFO - ✅ Successfully restarted pods: ['post-storage-service-769cf6947d-rzr26']
[2025-10-05T21:05:13.944+0000] {docker.py:438} INFO - ⏰ Less than 20 seconds remaining, stopping experiment
[2025-10-05T21:05:13.944+0000] {docker.py:438} INFO - 
[2025-10-05T21:05:13.945+0000] {docker.py:438} INFO - ==================================================
[2025-10-05T21:05:13.945+0000] {docker.py:438} INFO - 🏁 Experiment Completed!
[2025-10-05T21:05:13.945+0000] {docker.py:438} INFO - ==================================================
[2025-10-05T21:05:13.946+0000] {docker.py:438} INFO - 📈 Total restarts performed: 15
[2025-10-05T21:05:13.946+0000] {docker.py:438} INFO - ⏱️  Total duration: 286 seconds
[2025-10-05T21:05:13.946+0000] {docker.py:438} INFO - 📊 Average interval: 19.1 seconds
[2025-10-05T21:05:14.215+0000] {taskinstance.py:340} INFO - ::group::Post task execution logs
[2025-10-05T21:05:14.215+0000] {taskinstance.py:352} INFO - Marking task as SUCCESS. dag_id=Cordon_Uncordon_Node, task_id=apply_cordon_uncordon_node, run_id=scheduled__2025-10-05T18:00:00+00:00, execution_date=20251005T180000, start_date=20251005T210002, end_date=20251005T210514
[2025-10-05T21:05:14.265+0000] {local_task_job_runner.py:266} INFO - Task exited with return code 0
[2025-10-05T21:05:14.285+0000] {taskinstance.py:3900} INFO - 0 downstream tasks scheduled from follow-on schedule check
[2025-10-05T21:05:14.287+0000] {local_task_job_runner.py:245} INFO - ::endgroup::
