[2025-10-12T21:00:03.544+0000] {local_task_job_runner.py:123} INFO - ::group::Pre task execution logs
[2025-10-12T21:00:03.612+0000] {taskinstance.py:2612} INFO - Dependencies all met for dep_context=non-requeueable deps ti=<TaskInstance: Cordon_Uncordon_Node.apply_cordon_uncordon_node scheduled__2025-10-12T18:00:00+00:00 [queued]>
[2025-10-12T21:00:03.635+0000] {taskinstance.py:2612} INFO - Dependencies all met for dep_context=requeueable deps ti=<TaskInstance: Cordon_Uncordon_Node.apply_cordon_uncordon_node scheduled__2025-10-12T18:00:00+00:00 [queued]>
[2025-10-12T21:00:03.635+0000] {taskinstance.py:2865} INFO - Starting attempt 1 of 1
[2025-10-12T21:00:03.690+0000] {taskinstance.py:2888} INFO - Executing <Task(DockerOperator): apply_cordon_uncordon_node> on 2025-10-12 18:00:00+00:00
[2025-10-12T21:00:03.713+0000] {standard_task_runner.py:72} INFO - Started process 787 to run task
[2025-10-12T21:00:03.731+0000] {standard_task_runner.py:104} INFO - Running: ['***', 'tasks', 'run', 'Cordon_Uncordon_Node', 'apply_cordon_uncordon_node', 'scheduled__2025-10-12T18:00:00+00:00', '--job-id', '7938', '--raw', '--subdir', 'DAGS_FOLDER/dag_factory.py', '--cfg-path', '/tmp/tmpzm107hqu']
[2025-10-12T21:00:03.737+0000] {standard_task_runner.py:105} INFO - Job 7938: Subtask apply_cordon_uncordon_node
[2025-10-12T21:00:03.908+0000] {task_command.py:467} INFO - Running <TaskInstance: Cordon_Uncordon_Node.apply_cordon_uncordon_node scheduled__2025-10-12T18:00:00+00:00 [running]> on host workflow.y2twbfvcjkaujnl2bmtbxunhcb.cx.internal.cloudapp.net
[2025-10-12T21:00:04.233+0000] {taskinstance.py:3131} INFO - Exporting env vars: AIRFLOW_CTX_DAG_OWNER='***' AIRFLOW_CTX_DAG_ID='Cordon_Uncordon_Node' AIRFLOW_CTX_TASK_ID='apply_cordon_uncordon_node' AIRFLOW_CTX_EXECUTION_DATE='2025-10-12T18:00:00+00:00' AIRFLOW_CTX_TRY_NUMBER='1' AIRFLOW_CTX_DAG_RUN_ID='scheduled__2025-10-12T18:00:00+00:00'
[2025-10-12T21:00:04.235+0000] {taskinstance.py:731} INFO - ::endgroup::
[2025-10-12T21:00:04.313+0000] {docker.py:367} INFO - Starting docker container from image ***_chaos:latest
[2025-10-12T21:00:05.004+0000] {docker.py:438} INFO - The container is run as root user. For security, consider using a regular user account.
[2025-10-12T21:00:25.644+0000] {docker.py:438} INFO - 
[2025-10-12T21:00:26.545+0000] {docker.py:438} INFO - [32m[2025-10-12 21:00:26 INFO] Validating the experiment's syntax
[2025-10-12T21:00:26.837+0000] {docker.py:438} INFO - [32m[2025-10-12 21:00:26 INFO] Experiment looks valid
[2025-10-12T21:00:26.838+0000] {docker.py:438} INFO - [32m[2025-10-12 21:00:26 INFO] Running experiment: Cordon-Pod Restart Combined Experiment
[2025-10-12T21:00:26.842+0000] {docker.py:438} INFO - [32m[2025-10-12 21:00:26 INFO] Steady-state strategy: default
[2025-10-12T21:00:26.842+0000] {docker.py:438} INFO - [32m[2025-10-12 21:00:26 INFO] Rollbacks strategy: default
[2025-10-12T21:00:26.843+0000] {docker.py:438} INFO - [32m[2025-10-12 21:00:26 INFO] No steady state hypothesis defined. That's ok, just exploring.
[2025-10-12T21:00:26.843+0000] {docker.py:438} INFO - [32m[2025-10-12 21:00:26 INFO] Playing your experiment's method now...
[2025-10-12T21:00:26.845+0000] {docker.py:438} INFO - [32m[2025-10-12 21:00:26 INFO] Action: cordon-nodes
[2025-10-12T21:00:27.846+0000] {docker.py:438} INFO - [32m[2025-10-12 21:00:27 INFO] Action: continuous-pod-restart-during-cordon
[2025-10-12T21:05:12.661+0000] {docker.py:438} INFO - 🚀 Starting continuous pod restart experiment
[2025-10-12T21:05:12.661+0000] {docker.py:438} INFO - 📅 Interval: 20 seconds
[2025-10-12T21:05:12.662+0000] {docker.py:438} INFO - ⏱️  Duration: 300 seconds
[2025-10-12T21:05:12.662+0000] {docker.py:438} INFO - 🎯 Target: app=post-storage-service
[2025-10-12T21:05:12.662+0000] {docker.py:438} INFO - 📍 Namespace: default
[2025-10-12T21:05:12.663+0000] {docker.py:438} INFO - 
[2025-10-12T21:05:12.663+0000] {docker.py:438} INFO - ==================================================
[2025-10-12T21:05:12.663+0000] {docker.py:438} INFO - 🔄 Restart #1 at 2025-10-12 21:00:27
[2025-10-12T21:05:12.663+0000] {docker.py:438} INFO - ==================================================
[2025-10-12T21:05:12.664+0000] {docker.py:438} INFO - Hello world - terminate function started!
[2025-10-12T21:05:12.664+0000] {docker.py:438} INFO - Selecting pods with label_selector: app=post-storage-service
[2025-10-12T21:05:12.664+0000] {docker.py:438} INFO - Found 1 pods initially
[2025-10-12T21:05:12.664+0000] {docker.py:438} INFO - Random selection: 1 pods
[2025-10-12T21:05:12.665+0000] {docker.py:438} INFO - Deleting pod: post-storage-service-6cbbf5f9fb-j6kt9
[2025-10-12T21:05:12.665+0000] {docker.py:438} INFO - Deleted 1 pods: ['post-storage-service-6cbbf5f9fb-j6kt9']
[2025-10-12T21:05:12.665+0000] {docker.py:438} INFO - ✅ Successfully restarted pods: ['post-storage-service-6cbbf5f9fb-j6kt9']
[2025-10-12T21:05:12.665+0000] {docker.py:438} INFO - ⏳ Waiting 20 seconds until next restart...
[2025-10-12T21:05:12.666+0000] {docker.py:438} INFO - 📊 Time remaining: 300 seconds
[2025-10-12T21:05:12.666+0000] {docker.py:438} INFO - 
[2025-10-12T21:05:12.666+0000] {docker.py:438} INFO - ==================================================
[2025-10-12T21:05:12.666+0000] {docker.py:438} INFO - 🔄 Restart #2 at 2025-10-12 21:00:48
[2025-10-12T21:05:12.667+0000] {docker.py:438} INFO - ==================================================
[2025-10-12T21:05:12.667+0000] {docker.py:438} INFO - Hello world - terminate function started!
[2025-10-12T21:05:12.667+0000] {docker.py:438} INFO - Selecting pods with label_selector: app=post-storage-service
[2025-10-12T21:05:12.667+0000] {docker.py:438} INFO - Found 1 pods initially
[2025-10-12T21:05:12.667+0000] {docker.py:438} INFO - Random selection: 1 pods
[2025-10-12T21:05:12.668+0000] {docker.py:438} INFO - Deleting pod: post-storage-service-6cbbf5f9fb-nwhcf
[2025-10-12T21:05:12.668+0000] {docker.py:438} INFO - Deleted 1 pods: ['post-storage-service-6cbbf5f9fb-nwhcf']
[2025-10-12T21:05:12.668+0000] {docker.py:438} INFO - ✅ Successfully restarted pods: ['post-storage-service-6cbbf5f9fb-nwhcf']
[2025-10-12T21:05:12.669+0000] {docker.py:438} INFO - ⏳ Waiting 20 seconds until next restart...
[2025-10-12T21:05:12.669+0000] {docker.py:438} INFO - 📊 Time remaining: 279 seconds
[2025-10-12T21:05:12.669+0000] {docker.py:438} INFO - 
[2025-10-12T21:05:12.669+0000] {docker.py:438} INFO - ==================================================
[2025-10-12T21:05:12.670+0000] {docker.py:438} INFO - 🔄 Restart #3 at 2025-10-12 21:01:08
[2025-10-12T21:05:12.670+0000] {docker.py:438} INFO - ==================================================
[2025-10-12T21:05:12.670+0000] {docker.py:438} INFO - Hello world - terminate function started!
[2025-10-12T21:05:12.670+0000] {docker.py:438} INFO - Selecting pods with label_selector: app=post-storage-service
[2025-10-12T21:05:12.671+0000] {docker.py:438} INFO - Found 1 pods initially
[2025-10-12T21:05:12.671+0000] {docker.py:438} INFO - Random selection: 1 pods
[2025-10-12T21:05:12.671+0000] {docker.py:438} INFO - Deleting pod: post-storage-service-6cbbf5f9fb-vq897
[2025-10-12T21:05:12.671+0000] {docker.py:438} INFO - Deleted 1 pods: ['post-storage-service-6cbbf5f9fb-vq897']
[2025-10-12T21:05:12.672+0000] {docker.py:438} INFO - ✅ Successfully restarted pods: ['post-storage-service-6cbbf5f9fb-vq897']
[2025-10-12T21:05:12.672+0000] {docker.py:438} INFO - ⏳ Waiting 20 seconds until next restart...
[2025-10-12T21:05:12.673+0000] {docker.py:438} INFO - 📊 Time remaining: 259 seconds
[2025-10-12T21:05:12.673+0000] {docker.py:438} INFO - 
[2025-10-12T21:05:12.673+0000] {docker.py:438} INFO - ==================================================
[2025-10-12T21:05:12.674+0000] {docker.py:438} INFO - 🔄 Restart #4 at 2025-10-12 21:01:28
[2025-10-12T21:05:12.674+0000] {docker.py:438} INFO - ==================================================
[2025-10-12T21:05:12.675+0000] {docker.py:438} INFO - Hello world - terminate function started!
[2025-10-12T21:05:12.675+0000] {docker.py:438} INFO - Selecting pods with label_selector: app=post-storage-service
[2025-10-12T21:05:12.675+0000] {docker.py:438} INFO - Found 1 pods initially
[2025-10-12T21:05:12.676+0000] {docker.py:438} INFO - Random selection: 1 pods
[2025-10-12T21:05:12.676+0000] {docker.py:438} INFO - Deleting pod: post-storage-service-6cbbf5f9fb-kwr9d
[2025-10-12T21:05:12.676+0000] {docker.py:438} INFO - Deleted 1 pods: ['post-storage-service-6cbbf5f9fb-kwr9d']
[2025-10-12T21:05:12.677+0000] {docker.py:438} INFO - ✅ Successfully restarted pods: ['post-storage-service-6cbbf5f9fb-kwr9d']
[2025-10-12T21:05:12.677+0000] {docker.py:438} INFO - ⏳ Waiting 20 seconds until next restart...
[2025-10-12T21:05:12.677+0000] {docker.py:438} INFO - 📊 Time remaining: 239 seconds
[2025-10-12T21:05:12.677+0000] {docker.py:438} INFO - 
[2025-10-12T21:05:12.677+0000] {docker.py:438} INFO - ==================================================
[2025-10-12T21:05:12.678+0000] {docker.py:438} INFO - 🔄 Restart #5 at 2025-10-12 21:01:49
[2025-10-12T21:05:12.678+0000] {docker.py:438} INFO - ==================================================
[2025-10-12T21:05:12.678+0000] {docker.py:438} INFO - Hello world - terminate function started!
[2025-10-12T21:05:12.678+0000] {docker.py:438} INFO - Selecting pods with label_selector: app=post-storage-service
[2025-10-12T21:05:12.679+0000] {docker.py:438} INFO - Found 1 pods initially
[2025-10-12T21:05:12.679+0000] {docker.py:438} INFO - Random selection: 1 pods
[2025-10-12T21:05:12.679+0000] {docker.py:438} INFO - Deleting pod: post-storage-service-6cbbf5f9fb-x7fk5
[2025-10-12T21:05:12.679+0000] {docker.py:438} INFO - Deleted 1 pods: ['post-storage-service-6cbbf5f9fb-x7fk5']
[2025-10-12T21:05:12.680+0000] {docker.py:438} INFO - ✅ Successfully restarted pods: ['post-storage-service-6cbbf5f9fb-x7fk5']
[2025-10-12T21:05:12.680+0000] {docker.py:438} INFO - ⏳ Waiting 20 seconds until next restart...
[2025-10-12T21:05:12.680+0000] {docker.py:438} INFO - 📊 Time remaining: 218 seconds
[2025-10-12T21:05:12.680+0000] {docker.py:438} INFO - 
[2025-10-12T21:05:12.681+0000] {docker.py:438} INFO - ==================================================
[2025-10-12T21:05:12.681+0000] {docker.py:438} INFO - 🔄 Restart #6 at 2025-10-12 21:02:09
[2025-10-12T21:05:12.681+0000] {docker.py:438} INFO - ==================================================
[2025-10-12T21:05:12.681+0000] {docker.py:438} INFO - Hello world - terminate function started!
[2025-10-12T21:05:12.681+0000] {docker.py:438} INFO - Selecting pods with label_selector: app=post-storage-service
[2025-10-12T21:05:12.682+0000] {docker.py:438} INFO - Found 1 pods initially
[2025-10-12T21:05:12.682+0000] {docker.py:438} INFO - Random selection: 1 pods
[2025-10-12T21:05:12.682+0000] {docker.py:438} INFO - Deleting pod: post-storage-service-6cbbf5f9fb-7tsh8
[2025-10-12T21:05:12.682+0000] {docker.py:438} INFO - Deleted 1 pods: ['post-storage-service-6cbbf5f9fb-7tsh8']
[2025-10-12T21:05:12.683+0000] {docker.py:438} INFO - ✅ Successfully restarted pods: ['post-storage-service-6cbbf5f9fb-7tsh8']
[2025-10-12T21:05:12.683+0000] {docker.py:438} INFO - ⏳ Waiting 20 seconds until next restart...
[2025-10-12T21:05:12.683+0000] {docker.py:438} INFO - 📊 Time remaining: 198 seconds
[2025-10-12T21:05:12.683+0000] {docker.py:438} INFO - 
[2025-10-12T21:05:12.684+0000] {docker.py:438} INFO - ==================================================
[2025-10-12T21:05:12.684+0000] {docker.py:438} INFO - 🔄 Restart #7 at 2025-10-12 21:02:29
[2025-10-12T21:05:12.684+0000] {docker.py:438} INFO - ==================================================
[2025-10-12T21:05:12.684+0000] {docker.py:438} INFO - Hello world - terminate function started!
[2025-10-12T21:05:12.685+0000] {docker.py:438} INFO - Selecting pods with label_selector: app=post-storage-service
[2025-10-12T21:05:12.685+0000] {docker.py:438} INFO - Found 1 pods initially
[2025-10-12T21:05:12.685+0000] {docker.py:438} INFO - Random selection: 1 pods
[2025-10-12T21:05:12.685+0000] {docker.py:438} INFO - Deleting pod: post-storage-service-6cbbf5f9fb-7k6bs
[2025-10-12T21:05:12.686+0000] {docker.py:438} INFO - Deleted 1 pods: ['post-storage-service-6cbbf5f9fb-7k6bs']
[2025-10-12T21:05:12.686+0000] {docker.py:438} INFO - ✅ Successfully restarted pods: ['post-storage-service-6cbbf5f9fb-7k6bs']
[2025-10-12T21:05:12.686+0000] {docker.py:438} INFO - ⏳ Waiting 20 seconds until next restart...
[2025-10-12T21:05:12.686+0000] {docker.py:438} INFO - 📊 Time remaining: 178 seconds
[2025-10-12T21:05:12.686+0000] {docker.py:438} INFO - 
[2025-10-12T21:05:12.687+0000] {docker.py:438} INFO - ==================================================
[2025-10-12T21:05:12.687+0000] {docker.py:438} INFO - 🔄 Restart #8 at 2025-10-12 21:02:50
[2025-10-12T21:05:12.687+0000] {docker.py:438} INFO - ==================================================
[2025-10-12T21:05:12.687+0000] {docker.py:438} INFO - Hello world - terminate function started!
[2025-10-12T21:05:12.688+0000] {docker.py:438} INFO - Selecting pods with label_selector: app=post-storage-service
[2025-10-12T21:05:12.688+0000] {docker.py:438} INFO - Found 1 pods initially
[2025-10-12T21:05:12.688+0000] {docker.py:438} INFO - Random selection: 1 pods
[2025-10-12T21:05:12.688+0000] {docker.py:438} INFO - Deleting pod: post-storage-service-6cbbf5f9fb-kvxgw
[2025-10-12T21:05:12.689+0000] {docker.py:438} INFO - Deleted 1 pods: ['post-storage-service-6cbbf5f9fb-kvxgw']
[2025-10-12T21:05:12.689+0000] {docker.py:438} INFO - ✅ Successfully restarted pods: ['post-storage-service-6cbbf5f9fb-kvxgw']
[2025-10-12T21:05:12.689+0000] {docker.py:438} INFO - ⏳ Waiting 20 seconds until next restart...
[2025-10-12T21:05:12.689+0000] {docker.py:438} INFO - 📊 Time remaining: 157 seconds
[2025-10-12T21:05:12.690+0000] {docker.py:438} INFO - 
[2025-10-12T21:05:12.690+0000] {docker.py:438} INFO - ==================================================
[2025-10-12T21:05:12.690+0000] {docker.py:438} INFO - 🔄 Restart #9 at 2025-10-12 21:03:10
[2025-10-12T21:05:12.690+0000] {docker.py:438} INFO - ==================================================
[2025-10-12T21:05:12.690+0000] {docker.py:438} INFO - Hello world - terminate function started!
[2025-10-12T21:05:12.691+0000] {docker.py:438} INFO - Selecting pods with label_selector: app=post-storage-service
[2025-10-12T21:05:12.691+0000] {docker.py:438} INFO - Found 1 pods initially
[2025-10-12T21:05:12.691+0000] {docker.py:438} INFO - Random selection: 1 pods
[2025-10-12T21:05:12.691+0000] {docker.py:438} INFO - Deleting pod: post-storage-service-6cbbf5f9fb-blmzx
[2025-10-12T21:05:12.692+0000] {docker.py:438} INFO - Deleted 1 pods: ['post-storage-service-6cbbf5f9fb-blmzx']
[2025-10-12T21:05:12.692+0000] {docker.py:438} INFO - ✅ Successfully restarted pods: ['post-storage-service-6cbbf5f9fb-blmzx']
[2025-10-12T21:05:12.692+0000] {docker.py:438} INFO - ⏳ Waiting 20 seconds until next restart...
[2025-10-12T21:05:12.693+0000] {docker.py:438} INFO - 📊 Time remaining: 137 seconds
[2025-10-12T21:05:12.693+0000] {docker.py:438} INFO - 
[2025-10-12T21:05:12.693+0000] {docker.py:438} INFO - ==================================================
[2025-10-12T21:05:12.693+0000] {docker.py:438} INFO - 🔄 Restart #10 at 2025-10-12 21:03:31
[2025-10-12T21:05:12.694+0000] {docker.py:438} INFO - ==================================================
[2025-10-12T21:05:12.694+0000] {docker.py:438} INFO - Hello world - terminate function started!
[2025-10-12T21:05:12.694+0000] {docker.py:438} INFO - Selecting pods with label_selector: app=post-storage-service
[2025-10-12T21:05:12.694+0000] {docker.py:438} INFO - Found 1 pods initially
[2025-10-12T21:05:12.694+0000] {docker.py:438} INFO - Random selection: 1 pods
[2025-10-12T21:05:12.695+0000] {docker.py:438} INFO - Deleting pod: post-storage-service-6cbbf5f9fb-7nrrh
[2025-10-12T21:05:12.695+0000] {docker.py:438} INFO - Deleted 1 pods: ['post-storage-service-6cbbf5f9fb-7nrrh']
[2025-10-12T21:05:12.695+0000] {docker.py:438} INFO - ✅ Successfully restarted pods: ['post-storage-service-6cbbf5f9fb-7nrrh']
[2025-10-12T21:05:12.695+0000] {docker.py:438} INFO - ⏳ Waiting 20 seconds until next restart...
[2025-10-12T21:05:12.696+0000] {docker.py:438} INFO - 📊 Time remaining: 117 seconds
[2025-10-12T21:05:12.696+0000] {docker.py:438} INFO - 
[2025-10-12T21:05:12.696+0000] {docker.py:438} INFO - ==================================================
[2025-10-12T21:05:12.696+0000] {docker.py:438} INFO - 🔄 Restart #11 at 2025-10-12 21:03:51
[2025-10-12T21:05:12.697+0000] {docker.py:438} INFO - ==================================================
[2025-10-12T21:05:12.697+0000] {docker.py:438} INFO - Hello world - terminate function started!
[2025-10-12T21:05:12.697+0000] {docker.py:438} INFO - Selecting pods with label_selector: app=post-storage-service
[2025-10-12T21:05:12.697+0000] {docker.py:438} INFO - Found 1 pods initially
[2025-10-12T21:05:12.698+0000] {docker.py:438} INFO - Random selection: 1 pods
[2025-10-12T21:05:12.698+0000] {docker.py:438} INFO - Deleting pod: post-storage-service-6cbbf5f9fb-52nh9
[2025-10-12T21:05:12.698+0000] {docker.py:438} INFO - Deleted 1 pods: ['post-storage-service-6cbbf5f9fb-52nh9']
[2025-10-12T21:05:12.698+0000] {docker.py:438} INFO - ✅ Successfully restarted pods: ['post-storage-service-6cbbf5f9fb-52nh9']
[2025-10-12T21:05:12.698+0000] {docker.py:438} INFO - ⏳ Waiting 20 seconds until next restart...
[2025-10-12T21:05:12.699+0000] {docker.py:438} INFO - 📊 Time remaining: 96 seconds
[2025-10-12T21:05:12.699+0000] {docker.py:438} INFO - 
[2025-10-12T21:05:12.699+0000] {docker.py:438} INFO - ==================================================
[2025-10-12T21:05:12.700+0000] {docker.py:438} INFO - 🔄 Restart #12 at 2025-10-12 21:04:11
[2025-10-12T21:05:12.700+0000] {docker.py:438} INFO - ==================================================
[2025-10-12T21:05:12.700+0000] {docker.py:438} INFO - Hello world - terminate function started!
[2025-10-12T21:05:12.700+0000] {docker.py:438} INFO - Selecting pods with label_selector: app=post-storage-service
[2025-10-12T21:05:12.701+0000] {docker.py:438} INFO - Found 1 pods initially
[2025-10-12T21:05:12.701+0000] {docker.py:438} INFO - Random selection: 1 pods
[2025-10-12T21:05:12.701+0000] {docker.py:438} INFO - Deleting pod: post-storage-service-6cbbf5f9fb-sxph2
[2025-10-12T21:05:12.701+0000] {docker.py:438} INFO - Deleted 1 pods: ['post-storage-service-6cbbf5f9fb-sxph2']
[2025-10-12T21:05:12.702+0000] {docker.py:438} INFO - ✅ Successfully restarted pods: ['post-storage-service-6cbbf5f9fb-sxph2']
[2025-10-12T21:05:12.702+0000] {docker.py:438} INFO - ⏳ Waiting 20 seconds until next restart...
[2025-10-12T21:05:12.702+0000] {docker.py:438} INFO - 📊 Time remaining: 76 seconds
[2025-10-12T21:05:12.702+0000] {docker.py:438} INFO - 
[2025-10-12T21:05:12.702+0000] {docker.py:438} INFO - ==================================================
[2025-10-12T21:05:12.703+0000] {docker.py:438} INFO - 🔄 Restart #13 at 2025-10-12 21:04:32
[2025-10-12T21:05:12.703+0000] {docker.py:438} INFO - ==================================================
[2025-10-12T21:05:12.703+0000] {docker.py:438} INFO - Hello world - terminate function started!
[2025-10-12T21:05:12.703+0000] {docker.py:438} INFO - Selecting pods with label_selector: app=post-storage-service
[2025-10-12T21:05:12.704+0000] {docker.py:438} INFO - Found 1 pods initially
[2025-10-12T21:05:12.704+0000] {docker.py:438} INFO - Random selection: 1 pods
[2025-10-12T21:05:12.704+0000] {docker.py:438} INFO - Deleting pod: post-storage-service-6cbbf5f9fb-wtsv8
[2025-10-12T21:05:12.704+0000] {docker.py:438} INFO - Deleted 1 pods: ['post-storage-service-6cbbf5f9fb-wtsv8']
[2025-10-12T21:05:12.705+0000] {docker.py:438} INFO - ✅ Successfully restarted pods: ['post-storage-service-6cbbf5f9fb-wtsv8']
[2025-10-12T21:05:12.705+0000] {docker.py:438} INFO - ⏳ Waiting 20 seconds until next restart...
[2025-10-12T21:05:12.705+0000] {docker.py:438} INFO - 📊 Time remaining: 56 seconds
[2025-10-12T21:05:12.705+0000] {docker.py:438} INFO - 
[2025-10-12T21:05:12.706+0000] {docker.py:438} INFO - ==================================================
[2025-10-12T21:05:12.706+0000] {docker.py:438} INFO - 🔄 Restart #14 at 2025-10-12 21:04:52
[2025-10-12T21:05:12.706+0000] {docker.py:438} INFO - ==================================================
[2025-10-12T21:05:12.706+0000] {docker.py:438} INFO - Hello world - terminate function started!
[2025-10-12T21:05:12.706+0000] {docker.py:438} INFO - Selecting pods with label_selector: app=post-storage-service
[2025-10-12T21:05:12.707+0000] {docker.py:438} INFO - Found 1 pods initially
[2025-10-12T21:05:12.707+0000] {docker.py:438} INFO - Random selection: 1 pods
[2025-10-12T21:05:12.707+0000] {docker.py:438} INFO - Deleting pod: post-storage-service-6cbbf5f9fb-mkr2n
[2025-10-12T21:05:12.707+0000] {docker.py:438} INFO - Deleted 1 pods: ['post-storage-service-6cbbf5f9fb-mkr2n']
[2025-10-12T21:05:12.708+0000] {docker.py:438} INFO - ✅ Successfully restarted pods: ['post-storage-service-6cbbf5f9fb-mkr2n']
[2025-10-12T21:05:12.708+0000] {docker.py:438} INFO - ⏳ Waiting 20 seconds until next restart...
[2025-10-12T21:05:12.708+0000] {docker.py:438} INFO - 📊 Time remaining: 35 seconds
[2025-10-12T21:05:12.708+0000] {docker.py:438} INFO - 
[2025-10-12T21:05:12.708+0000] {docker.py:438} INFO - ==================================================
[2025-10-12T21:05:12.709+0000] {docker.py:438} INFO - 🔄 Restart #15 at 2025-10-12 21:05:12
[2025-10-12T21:05:12.709+0000] {docker.py:438} INFO - ==================================================
[2025-10-12T21:05:12.709+0000] {docker.py:438} INFO - Hello world - terminate function started!
[2025-10-12T21:05:12.709+0000] {docker.py:438} INFO - Selecting pods with label_selector: app=post-storage-service
[2025-10-12T21:05:12.982+0000] {docker.py:438} INFO - [32m[2025-10-12 21:05:12 INFO] Let's rollback...
[2025-10-12T21:05:12.983+0000] {docker.py:438} INFO - [32m[2025-10-12 21:05:12 INFO] Rollback: uncordon-all-nodes
[2025-10-12T21:05:12.983+0000] {docker.py:438} INFO - [32m[2025-10-12 21:05:12 INFO] Action: uncordon-all-nodes
[2025-10-12T21:05:13.941+0000] {docker.py:438} INFO - [32m[2025-10-12 21:05:13 INFO] Experiment ended with status: completed
[2025-10-12T21:05:13.942+0000] {docker.py:438} INFO - Found 1 pods initially
[2025-10-12T21:05:13.942+0000] {docker.py:438} INFO - Random selection: 1 pods
[2025-10-12T21:05:13.943+0000] {docker.py:438} INFO - Deleting pod: post-storage-service-6cbbf5f9fb-b2hsp
[2025-10-12T21:05:13.943+0000] {docker.py:438} INFO - Deleted 1 pods: ['post-storage-service-6cbbf5f9fb-b2hsp']
[2025-10-12T21:05:13.943+0000] {docker.py:438} INFO - ✅ Successfully restarted pods: ['post-storage-service-6cbbf5f9fb-b2hsp']
[2025-10-12T21:05:13.944+0000] {docker.py:438} INFO - ⏰ Less than 20 seconds remaining, stopping experiment
[2025-10-12T21:05:13.944+0000] {docker.py:438} INFO - 
[2025-10-12T21:05:13.945+0000] {docker.py:438} INFO - ==================================================
[2025-10-12T21:05:13.945+0000] {docker.py:438} INFO - 🏁 Experiment Completed!
[2025-10-12T21:05:13.945+0000] {docker.py:438} INFO - ==================================================
[2025-10-12T21:05:13.946+0000] {docker.py:438} INFO - 📈 Total restarts performed: 15
[2025-10-12T21:05:13.946+0000] {docker.py:438} INFO - ⏱️  Total duration: 285 seconds
[2025-10-12T21:05:13.947+0000] {docker.py:438} INFO - 📊 Average interval: 19.0 seconds
[2025-10-12T21:05:14.354+0000] {taskinstance.py:340} INFO - ::group::Post task execution logs
[2025-10-12T21:05:14.354+0000] {taskinstance.py:352} INFO - Marking task as SUCCESS. dag_id=Cordon_Uncordon_Node, task_id=apply_cordon_uncordon_node, run_id=scheduled__2025-10-12T18:00:00+00:00, execution_date=20251012T180000, start_date=20251012T210003, end_date=20251012T210514
[2025-10-12T21:05:14.426+0000] {local_task_job_runner.py:266} INFO - Task exited with return code 0
[2025-10-12T21:05:14.437+0000] {local_task_job_runner.py:245} INFO - ::endgroup::
