[2025-10-06T08:42:38.683+0000] {local_task_job_runner.py:123} INFO - ::group::Pre task execution logs
[2025-10-06T08:42:38.696+0000] {taskinstance.py:2612} INFO - Dependencies all met for dep_context=non-requeueable deps ti=<TaskInstance: Cordon_Uncordon_Node.apply_cordon_uncordon_node manual__2025-10-06T08:42:37.970439+00:00 [queued]>
[2025-10-06T08:42:38.703+0000] {taskinstance.py:2612} INFO - Dependencies all met for dep_context=requeueable deps ti=<TaskInstance: Cordon_Uncordon_Node.apply_cordon_uncordon_node manual__2025-10-06T08:42:37.970439+00:00 [queued]>
[2025-10-06T08:42:38.704+0000] {taskinstance.py:2865} INFO - Starting attempt 1 of 1
[2025-10-06T08:42:38.717+0000] {taskinstance.py:2888} INFO - Executing <Task(DockerOperator): apply_cordon_uncordon_node> on 2025-10-06 08:42:37.970439+00:00
[2025-10-06T08:42:38.727+0000] {standard_task_runner.py:72} INFO - Started process 1220 to run task
[2025-10-06T08:42:38.734+0000] {standard_task_runner.py:104} INFO - Running: ['***', 'tasks', 'run', 'Cordon_Uncordon_Node', 'apply_cordon_uncordon_node', 'manual__2025-10-06T08:42:37.970439+00:00', '--job-id', '408', '--raw', '--subdir', 'DAGS_FOLDER/dag_factory.py', '--cfg-path', '/tmp/tmppew8osui']
[2025-10-06T08:42:38.736+0000] {standard_task_runner.py:105} INFO - Job 408: Subtask apply_cordon_uncordon_node
[2025-10-06T08:42:38.786+0000] {task_command.py:467} INFO - Running <TaskInstance: Cordon_Uncordon_Node.apply_cordon_uncordon_node manual__2025-10-06T08:42:37.970439+00:00 [running]> on host workflow.y2twbfvcjkaujnl2bmtbxunhcb.cx.internal.cloudapp.net
[2025-10-06T08:42:38.868+0000] {taskinstance.py:3131} INFO - Exporting env vars: AIRFLOW_CTX_DAG_OWNER='***' AIRFLOW_CTX_DAG_ID='Cordon_Uncordon_Node' AIRFLOW_CTX_TASK_ID='apply_cordon_uncordon_node' AIRFLOW_CTX_EXECUTION_DATE='2025-10-06T08:42:37.970439+00:00' AIRFLOW_CTX_TRY_NUMBER='1' AIRFLOW_CTX_DAG_RUN_ID='manual__2025-10-06T08:42:37.970439+00:00'
[2025-10-06T08:42:38.869+0000] {taskinstance.py:731} INFO - ::endgroup::
[2025-10-06T08:42:38.901+0000] {docker.py:367} INFO - Starting docker container from image ***_chaos:latest
[2025-10-06T08:42:39.306+0000] {docker.py:438} INFO - The container is run as root user. For security, consider using a regular user account.
[2025-10-06T08:42:48.077+0000] {docker.py:438} INFO - 
[2025-10-06T08:42:48.694+0000] {docker.py:438} INFO - [32m[2025-10-06 08:42:48 INFO] Validating the experiment's syntax
[2025-10-06T08:42:48.974+0000] {docker.py:438} INFO - [32m[2025-10-06 08:42:48 INFO] Experiment looks valid
[2025-10-06T08:42:48.975+0000] {docker.py:438} INFO - [32m[2025-10-06 08:42:48 INFO] Running experiment: Cordon-Pod Restart Combined Experiment
[2025-10-06T08:42:48.977+0000] {docker.py:438} INFO - [32m[2025-10-06 08:42:48 INFO] Steady-state strategy: default
[2025-10-06T08:42:48.978+0000] {docker.py:438} INFO - [32m[2025-10-06 08:42:48 INFO] Rollbacks strategy: default
[2025-10-06T08:42:48.978+0000] {docker.py:438} INFO - [32m[2025-10-06 08:42:48 INFO] No steady state hypothesis defined. That's ok, just exploring.
[2025-10-06T08:42:48.979+0000] {docker.py:438} INFO - [32m[2025-10-06 08:42:48 INFO] Playing your experiment's method now...
[2025-10-06T08:42:48.979+0000] {docker.py:438} INFO - [32m[2025-10-06 08:42:48 INFO] Action: cordon-nodes
[2025-10-06T08:42:49.988+0000] {docker.py:438} INFO - [32m[2025-10-06 08:42:49 INFO] Action: continuous-pod-restart-during-cordon
[2025-10-06T08:47:35.871+0000] {docker.py:438} INFO - 🚀 Starting continuous pod restart experiment
[2025-10-06T08:47:35.871+0000] {docker.py:438} INFO - 📅 Interval: 20 seconds
[2025-10-06T08:47:35.871+0000] {docker.py:438} INFO - ⏱️  Duration: 300 seconds
[2025-10-06T08:47:35.872+0000] {docker.py:438} INFO - 🎯 Target: app=post-storage-service
[2025-10-06T08:47:35.872+0000] {docker.py:438} INFO - 📍 Namespace: default
[2025-10-06T08:47:35.872+0000] {docker.py:438} INFO - 
[2025-10-06T08:47:35.872+0000] {docker.py:438} INFO - ==================================================
[2025-10-06T08:47:35.872+0000] {docker.py:438} INFO - 🔄 Restart #1 at 2025-10-06 08:42:49
[2025-10-06T08:47:35.873+0000] {docker.py:438} INFO - ==================================================
[2025-10-06T08:47:35.873+0000] {docker.py:438} INFO - Hello world - terminate function started!
[2025-10-06T08:47:35.873+0000] {docker.py:438} INFO - Selecting pods with label_selector: app=post-storage-service
[2025-10-06T08:47:35.873+0000] {docker.py:438} INFO - Found 1 pods initially
[2025-10-06T08:47:35.873+0000] {docker.py:438} INFO - Random selection: 1 pods
[2025-10-06T08:47:35.874+0000] {docker.py:438} INFO - Deleting pod: post-storage-service-769cf6947d-bc4vg
[2025-10-06T08:47:35.874+0000] {docker.py:438} INFO - Deleted 1 pods: ['post-storage-service-769cf6947d-bc4vg']
[2025-10-06T08:47:35.874+0000] {docker.py:438} INFO - ✅ Successfully restarted pods: ['post-storage-service-769cf6947d-bc4vg']
[2025-10-06T08:47:35.874+0000] {docker.py:438} INFO - ⏳ Waiting 20 seconds until next restart...
[2025-10-06T08:47:35.875+0000] {docker.py:438} INFO - 📊 Time remaining: 300 seconds
[2025-10-06T08:47:35.875+0000] {docker.py:438} INFO - 
[2025-10-06T08:47:35.875+0000] {docker.py:438} INFO - ==================================================
[2025-10-06T08:47:35.875+0000] {docker.py:438} INFO - 🔄 Restart #2 at 2025-10-06 08:43:10
[2025-10-06T08:47:35.875+0000] {docker.py:438} INFO - ==================================================
[2025-10-06T08:47:35.876+0000] {docker.py:438} INFO - Hello world - terminate function started!
[2025-10-06T08:47:35.876+0000] {docker.py:438} INFO - Selecting pods with label_selector: app=post-storage-service
[2025-10-06T08:47:35.876+0000] {docker.py:438} INFO - Found 2 pods initially
[2025-10-06T08:47:35.876+0000] {docker.py:438} INFO - Random selection: 1 pods
[2025-10-06T08:47:35.876+0000] {docker.py:438} INFO - Deleting pod: post-storage-service-769cf6947d-bc4vg
[2025-10-06T08:47:35.877+0000] {docker.py:438} INFO - Deleted 1 pods: ['post-storage-service-769cf6947d-bc4vg']
[2025-10-06T08:47:35.877+0000] {docker.py:438} INFO - ✅ Successfully restarted pods: ['post-storage-service-769cf6947d-bc4vg']
[2025-10-06T08:47:35.877+0000] {docker.py:438} INFO - ⏳ Waiting 20 seconds until next restart...
[2025-10-06T08:47:35.877+0000] {docker.py:438} INFO - 📊 Time remaining: 279 seconds
[2025-10-06T08:47:35.877+0000] {docker.py:438} INFO - 
[2025-10-06T08:47:35.878+0000] {docker.py:438} INFO - ==================================================
[2025-10-06T08:47:35.878+0000] {docker.py:438} INFO - 🔄 Restart #3 at 2025-10-06 08:43:30
[2025-10-06T08:47:35.878+0000] {docker.py:438} INFO - ==================================================
[2025-10-06T08:47:35.879+0000] {docker.py:438} INFO - Hello world - terminate function started!
[2025-10-06T08:47:35.879+0000] {docker.py:438} INFO - Selecting pods with label_selector: app=post-storage-service
[2025-10-06T08:47:35.879+0000] {docker.py:438} INFO - Found 1 pods initially
[2025-10-06T08:47:35.879+0000] {docker.py:438} INFO - Random selection: 1 pods
[2025-10-06T08:47:35.880+0000] {docker.py:438} INFO - Deleting pod: post-storage-service-769cf6947d-tc2jh
[2025-10-06T08:47:35.880+0000] {docker.py:438} INFO - Deleted 1 pods: ['post-storage-service-769cf6947d-tc2jh']
[2025-10-06T08:47:35.880+0000] {docker.py:438} INFO - ✅ Successfully restarted pods: ['post-storage-service-769cf6947d-tc2jh']
[2025-10-06T08:47:35.880+0000] {docker.py:438} INFO - ⏳ Waiting 20 seconds until next restart...
[2025-10-06T08:47:35.880+0000] {docker.py:438} INFO - 📊 Time remaining: 259 seconds
[2025-10-06T08:47:35.881+0000] {docker.py:438} INFO - 
[2025-10-06T08:47:35.881+0000] {docker.py:438} INFO - ==================================================
[2025-10-06T08:47:35.881+0000] {docker.py:438} INFO - 🔄 Restart #4 at 2025-10-06 08:43:51
[2025-10-06T08:47:35.881+0000] {docker.py:438} INFO - ==================================================
[2025-10-06T08:47:35.881+0000] {docker.py:438} INFO - Hello world - terminate function started!
[2025-10-06T08:47:35.882+0000] {docker.py:438} INFO - Selecting pods with label_selector: app=post-storage-service
[2025-10-06T08:47:35.882+0000] {docker.py:438} INFO - Found 2 pods initially
[2025-10-06T08:47:35.882+0000] {docker.py:438} INFO - Random selection: 1 pods
[2025-10-06T08:47:35.882+0000] {docker.py:438} INFO - Deleting pod: post-storage-service-769cf6947d-rcwjd
[2025-10-06T08:47:35.882+0000] {docker.py:438} INFO - Deleted 1 pods: ['post-storage-service-769cf6947d-rcwjd']
[2025-10-06T08:47:35.883+0000] {docker.py:438} INFO - ✅ Successfully restarted pods: ['post-storage-service-769cf6947d-rcwjd']
[2025-10-06T08:47:35.883+0000] {docker.py:438} INFO - ⏳ Waiting 20 seconds until next restart...
[2025-10-06T08:47:35.883+0000] {docker.py:438} INFO - 📊 Time remaining: 238 seconds
[2025-10-06T08:47:35.883+0000] {docker.py:438} INFO - 
[2025-10-06T08:47:35.883+0000] {docker.py:438} INFO - ==================================================
[2025-10-06T08:47:35.884+0000] {docker.py:438} INFO - 🔄 Restart #5 at 2025-10-06 08:44:11
[2025-10-06T08:47:35.884+0000] {docker.py:438} INFO - ==================================================
[2025-10-06T08:47:35.884+0000] {docker.py:438} INFO - Hello world - terminate function started!
[2025-10-06T08:47:35.884+0000] {docker.py:438} INFO - Selecting pods with label_selector: app=post-storage-service
[2025-10-06T08:47:35.884+0000] {docker.py:438} INFO - Found 2 pods initially
[2025-10-06T08:47:35.885+0000] {docker.py:438} INFO - Random selection: 1 pods
[2025-10-06T08:47:35.885+0000] {docker.py:438} INFO - Deleting pod: post-storage-service-769cf6947d-knff7
[2025-10-06T08:47:35.885+0000] {docker.py:438} INFO - Deleted 1 pods: ['post-storage-service-769cf6947d-knff7']
[2025-10-06T08:47:35.885+0000] {docker.py:438} INFO - ✅ Successfully restarted pods: ['post-storage-service-769cf6947d-knff7']
[2025-10-06T08:47:35.885+0000] {docker.py:438} INFO - ⏳ Waiting 20 seconds until next restart...
[2025-10-06T08:47:35.886+0000] {docker.py:438} INFO - 📊 Time remaining: 218 seconds
[2025-10-06T08:47:35.886+0000] {docker.py:438} INFO - 
[2025-10-06T08:47:35.886+0000] {docker.py:438} INFO - ==================================================
[2025-10-06T08:47:35.886+0000] {docker.py:438} INFO - 🔄 Restart #6 at 2025-10-06 08:44:31
[2025-10-06T08:47:35.886+0000] {docker.py:438} INFO - ==================================================
[2025-10-06T08:47:35.887+0000] {docker.py:438} INFO - Hello world - terminate function started!
[2025-10-06T08:47:35.887+0000] {docker.py:438} INFO - Selecting pods with label_selector: app=post-storage-service
[2025-10-06T08:47:35.887+0000] {docker.py:438} INFO - Found 2 pods initially
[2025-10-06T08:47:35.888+0000] {docker.py:438} INFO - Random selection: 1 pods
[2025-10-06T08:47:35.888+0000] {docker.py:438} INFO - Deleting pod: post-storage-service-769cf6947d-rjf2d
[2025-10-06T08:47:35.888+0000] {docker.py:438} INFO - Deleted 1 pods: ['post-storage-service-769cf6947d-rjf2d']
[2025-10-06T08:47:35.888+0000] {docker.py:438} INFO - ✅ Successfully restarted pods: ['post-storage-service-769cf6947d-rjf2d']
[2025-10-06T08:47:35.889+0000] {docker.py:438} INFO - ⏳ Waiting 20 seconds until next restart...
[2025-10-06T08:47:35.889+0000] {docker.py:438} INFO - 📊 Time remaining: 198 seconds
[2025-10-06T08:47:35.889+0000] {docker.py:438} INFO - 
[2025-10-06T08:47:35.889+0000] {docker.py:438} INFO - ==================================================
[2025-10-06T08:47:35.890+0000] {docker.py:438} INFO - 🔄 Restart #7 at 2025-10-06 08:44:52
[2025-10-06T08:47:35.890+0000] {docker.py:438} INFO - ==================================================
[2025-10-06T08:47:35.890+0000] {docker.py:438} INFO - Hello world - terminate function started!
[2025-10-06T08:47:35.890+0000] {docker.py:438} INFO - Selecting pods with label_selector: app=post-storage-service
[2025-10-06T08:47:35.890+0000] {docker.py:438} INFO - Found 2 pods initially
[2025-10-06T08:47:35.891+0000] {docker.py:438} INFO - Random selection: 1 pods
[2025-10-06T08:47:35.891+0000] {docker.py:438} INFO - Deleting pod: post-storage-service-769cf6947d-7hmmt
[2025-10-06T08:47:35.891+0000] {docker.py:438} INFO - Deleted 1 pods: ['post-storage-service-769cf6947d-7hmmt']
[2025-10-06T08:47:35.891+0000] {docker.py:438} INFO - ✅ Successfully restarted pods: ['post-storage-service-769cf6947d-7hmmt']
[2025-10-06T08:47:35.891+0000] {docker.py:438} INFO - ⏳ Waiting 20 seconds until next restart...
[2025-10-06T08:47:35.892+0000] {docker.py:438} INFO - 📊 Time remaining: 177 seconds
[2025-10-06T08:47:35.892+0000] {docker.py:438} INFO - 
[2025-10-06T08:47:35.892+0000] {docker.py:438} INFO - ==================================================
[2025-10-06T08:47:35.892+0000] {docker.py:438} INFO - 🔄 Restart #8 at 2025-10-06 08:45:12
[2025-10-06T08:47:35.892+0000] {docker.py:438} INFO - ==================================================
[2025-10-06T08:47:35.892+0000] {docker.py:438} INFO - Hello world - terminate function started!
[2025-10-06T08:47:35.893+0000] {docker.py:438} INFO - Selecting pods with label_selector: app=post-storage-service
[2025-10-06T08:47:35.893+0000] {docker.py:438} INFO - Found 2 pods initially
[2025-10-06T08:47:35.893+0000] {docker.py:438} INFO - Random selection: 1 pods
[2025-10-06T08:47:35.893+0000] {docker.py:438} INFO - Deleting pod: post-storage-service-769cf6947d-g98x9
[2025-10-06T08:47:35.893+0000] {docker.py:438} INFO - Deleted 1 pods: ['post-storage-service-769cf6947d-g98x9']
[2025-10-06T08:47:35.894+0000] {docker.py:438} INFO - ✅ Successfully restarted pods: ['post-storage-service-769cf6947d-g98x9']
[2025-10-06T08:47:35.894+0000] {docker.py:438} INFO - ⏳ Waiting 20 seconds until next restart...
[2025-10-06T08:47:35.894+0000] {docker.py:438} INFO - 📊 Time remaining: 157 seconds
[2025-10-06T08:47:35.894+0000] {docker.py:438} INFO - 
[2025-10-06T08:47:35.894+0000] {docker.py:438} INFO - ==================================================
[2025-10-06T08:47:35.894+0000] {docker.py:438} INFO - 🔄 Restart #9 at 2025-10-06 08:45:33
[2025-10-06T08:47:35.895+0000] {docker.py:438} INFO - ==================================================
[2025-10-06T08:47:35.895+0000] {docker.py:438} INFO - Hello world - terminate function started!
[2025-10-06T08:47:35.895+0000] {docker.py:438} INFO - Selecting pods with label_selector: app=post-storage-service
[2025-10-06T08:47:35.895+0000] {docker.py:438} INFO - Found 2 pods initially
[2025-10-06T08:47:35.895+0000] {docker.py:438} INFO - Random selection: 1 pods
[2025-10-06T08:47:35.896+0000] {docker.py:438} INFO - Deleting pod: post-storage-service-769cf6947d-2hb5m
[2025-10-06T08:47:35.896+0000] {docker.py:438} INFO - Deleted 1 pods: ['post-storage-service-769cf6947d-2hb5m']
[2025-10-06T08:47:35.896+0000] {docker.py:438} INFO - ✅ Successfully restarted pods: ['post-storage-service-769cf6947d-2hb5m']
[2025-10-06T08:47:35.896+0000] {docker.py:438} INFO - ⏳ Waiting 20 seconds until next restart...
[2025-10-06T08:47:35.896+0000] {docker.py:438} INFO - 📊 Time remaining: 136 seconds
[2025-10-06T08:47:35.896+0000] {docker.py:438} INFO - 
[2025-10-06T08:47:35.897+0000] {docker.py:438} INFO - ==================================================
[2025-10-06T08:47:35.897+0000] {docker.py:438} INFO - 🔄 Restart #10 at 2025-10-06 08:45:53
[2025-10-06T08:47:35.897+0000] {docker.py:438} INFO - ==================================================
[2025-10-06T08:47:35.897+0000] {docker.py:438} INFO - Hello world - terminate function started!
[2025-10-06T08:47:35.898+0000] {docker.py:438} INFO - Selecting pods with label_selector: app=post-storage-service
[2025-10-06T08:47:35.898+0000] {docker.py:438} INFO - Found 2 pods initially
[2025-10-06T08:47:35.898+0000] {docker.py:438} INFO - Random selection: 1 pods
[2025-10-06T08:47:35.898+0000] {docker.py:438} INFO - Deleting pod: post-storage-service-769cf6947d-2hb5m
[2025-10-06T08:47:35.898+0000] {docker.py:438} INFO - Deleted 1 pods: ['post-storage-service-769cf6947d-2hb5m']
[2025-10-06T08:47:35.899+0000] {docker.py:438} INFO - ✅ Successfully restarted pods: ['post-storage-service-769cf6947d-2hb5m']
[2025-10-06T08:47:35.899+0000] {docker.py:438} INFO - ⏳ Waiting 20 seconds until next restart...
[2025-10-06T08:47:35.899+0000] {docker.py:438} INFO - 📊 Time remaining: 116 seconds
[2025-10-06T08:47:35.899+0000] {docker.py:438} INFO - 
[2025-10-06T08:47:35.900+0000] {docker.py:438} INFO - ==================================================
[2025-10-06T08:47:35.900+0000] {docker.py:438} INFO - 🔄 Restart #11 at 2025-10-06 08:46:14
[2025-10-06T08:47:35.900+0000] {docker.py:438} INFO - ==================================================
[2025-10-06T08:47:35.900+0000] {docker.py:438} INFO - Hello world - terminate function started!
[2025-10-06T08:47:35.900+0000] {docker.py:438} INFO - Selecting pods with label_selector: app=post-storage-service
[2025-10-06T08:47:35.901+0000] {docker.py:438} INFO - Found 1 pods initially
[2025-10-06T08:47:35.901+0000] {docker.py:438} INFO - Random selection: 1 pods
[2025-10-06T08:47:35.901+0000] {docker.py:438} INFO - Deleting pod: post-storage-service-769cf6947d-dw8n6
[2025-10-06T08:47:35.901+0000] {docker.py:438} INFO - Deleted 1 pods: ['post-storage-service-769cf6947d-dw8n6']
[2025-10-06T08:47:35.901+0000] {docker.py:438} INFO - ✅ Successfully restarted pods: ['post-storage-service-769cf6947d-dw8n6']
[2025-10-06T08:47:35.901+0000] {docker.py:438} INFO - ⏳ Waiting 20 seconds until next restart...
[2025-10-06T08:47:35.902+0000] {docker.py:438} INFO - 📊 Time remaining: 95 seconds
[2025-10-06T08:47:35.902+0000] {docker.py:438} INFO - 
[2025-10-06T08:47:35.902+0000] {docker.py:438} INFO - ==================================================
[2025-10-06T08:47:35.902+0000] {docker.py:438} INFO - 🔄 Restart #12 at 2025-10-06 08:46:34
[2025-10-06T08:47:35.902+0000] {docker.py:438} INFO - ==================================================
[2025-10-06T08:47:35.903+0000] {docker.py:438} INFO - Hello world - terminate function started!
[2025-10-06T08:47:35.903+0000] {docker.py:438} INFO - Selecting pods with label_selector: app=post-storage-service
[2025-10-06T08:47:35.903+0000] {docker.py:438} INFO - Found 2 pods initially
[2025-10-06T08:47:35.903+0000] {docker.py:438} INFO - Random selection: 1 pods
[2025-10-06T08:47:35.903+0000] {docker.py:438} INFO - Deleting pod: post-storage-service-769cf6947d-zm64l
[2025-10-06T08:47:35.903+0000] {docker.py:438} INFO - Deleted 1 pods: ['post-storage-service-769cf6947d-zm64l']
[2025-10-06T08:47:35.904+0000] {docker.py:438} INFO - ✅ Successfully restarted pods: ['post-storage-service-769cf6947d-zm64l']
[2025-10-06T08:47:35.904+0000] {docker.py:438} INFO - ⏳ Waiting 20 seconds until next restart...
[2025-10-06T08:47:35.904+0000] {docker.py:438} INFO - 📊 Time remaining: 75 seconds
[2025-10-06T08:47:35.904+0000] {docker.py:438} INFO - 
[2025-10-06T08:47:35.904+0000] {docker.py:438} INFO - ==================================================
[2025-10-06T08:47:35.905+0000] {docker.py:438} INFO - 🔄 Restart #13 at 2025-10-06 08:46:55
[2025-10-06T08:47:35.905+0000] {docker.py:438} INFO - ==================================================
[2025-10-06T08:47:35.905+0000] {docker.py:438} INFO - Hello world - terminate function started!
[2025-10-06T08:47:35.905+0000] {docker.py:438} INFO - Selecting pods with label_selector: app=post-storage-service
[2025-10-06T08:47:35.905+0000] {docker.py:438} INFO - Found 2 pods initially
[2025-10-06T08:47:35.906+0000] {docker.py:438} INFO - Random selection: 1 pods
[2025-10-06T08:47:35.906+0000] {docker.py:438} INFO - Deleting pod: post-storage-service-769cf6947d-zm64l
[2025-10-06T08:47:35.906+0000] {docker.py:438} INFO - Deleted 1 pods: ['post-storage-service-769cf6947d-zm64l']
[2025-10-06T08:47:35.906+0000] {docker.py:438} INFO - ✅ Successfully restarted pods: ['post-storage-service-769cf6947d-zm64l']
[2025-10-06T08:47:35.907+0000] {docker.py:438} INFO - ⏳ Waiting 20 seconds until next restart...
[2025-10-06T08:47:35.907+0000] {docker.py:438} INFO - 📊 Time remaining: 55 seconds
[2025-10-06T08:47:35.907+0000] {docker.py:438} INFO - 
[2025-10-06T08:47:35.908+0000] {docker.py:438} INFO - ==================================================
[2025-10-06T08:47:35.908+0000] {docker.py:438} INFO - 🔄 Restart #14 at 2025-10-06 08:47:15
[2025-10-06T08:47:35.908+0000] {docker.py:438} INFO - ==================================================
[2025-10-06T08:47:35.908+0000] {docker.py:438} INFO - Hello world - terminate function started!
[2025-10-06T08:47:35.908+0000] {docker.py:438} INFO - Selecting pods with label_selector: app=post-storage-service
[2025-10-06T08:47:35.908+0000] {docker.py:438} INFO - Found 1 pods initially
[2025-10-06T08:47:35.909+0000] {docker.py:438} INFO - Random selection: 1 pods
[2025-10-06T08:47:35.909+0000] {docker.py:438} INFO - Deleting pod: post-storage-service-769cf6947d-7kkvb
[2025-10-06T08:47:35.909+0000] {docker.py:438} INFO - Deleted 1 pods: ['post-storage-service-769cf6947d-7kkvb']
[2025-10-06T08:47:35.909+0000] {docker.py:438} INFO - ✅ Successfully restarted pods: ['post-storage-service-769cf6947d-7kkvb']
[2025-10-06T08:47:35.909+0000] {docker.py:438} INFO - ⏳ Waiting 20 seconds until next restart...
[2025-10-06T08:47:35.910+0000] {docker.py:438} INFO - 📊 Time remaining: 34 seconds
[2025-10-06T08:47:35.910+0000] {docker.py:438} INFO - 
[2025-10-06T08:47:35.910+0000] {docker.py:438} INFO - ==================================================
[2025-10-06T08:47:35.910+0000] {docker.py:438} INFO - 🔄 Restart #15 at 2025-10-06 08:47:35
[2025-10-06T08:47:35.910+0000] {docker.py:438} INFO - ==================================================
[2025-10-06T08:47:35.911+0000] {docker.py:438} INFO - Hello world - terminate function started!
[2025-10-06T08:47:35.911+0000] {docker.py:438} INFO - Selecting pods with label_selector: app=post-storage-service
[2025-10-06T08:47:36.248+0000] {docker.py:438} INFO - [32m[2025-10-06 08:47:36 INFO] Let's rollback...
[2025-10-06T08:47:36.249+0000] {docker.py:438} INFO - [32m[2025-10-06 08:47:36 INFO] Rollback: uncordon-all-nodes
[2025-10-06T08:47:36.250+0000] {docker.py:438} INFO - [32m[2025-10-06 08:47:36 INFO] Action: uncordon-all-nodes
[2025-10-06T08:47:37.259+0000] {docker.py:438} INFO - [32m[2025-10-06 08:47:37 INFO] Experiment ended with status: completed
[2025-10-06T08:47:37.260+0000] {docker.py:438} INFO - Found 2 pods initially
[2025-10-06T08:47:37.260+0000] {docker.py:438} INFO - Random selection: 1 pods
[2025-10-06T08:47:37.260+0000] {docker.py:438} INFO - Deleting pod: post-storage-service-769cf6947d-7kkvb
[2025-10-06T08:47:37.261+0000] {docker.py:438} INFO - Deleted 1 pods: ['post-storage-service-769cf6947d-7kkvb']
[2025-10-06T08:47:37.261+0000] {docker.py:438} INFO - ✅ Successfully restarted pods: ['post-storage-service-769cf6947d-7kkvb']
[2025-10-06T08:47:37.262+0000] {docker.py:438} INFO - ⏰ Less than 20 seconds remaining, stopping experiment
[2025-10-06T08:47:37.262+0000] {docker.py:438} INFO - 
[2025-10-06T08:47:37.262+0000] {docker.py:438} INFO - ==================================================
[2025-10-06T08:47:37.263+0000] {docker.py:438} INFO - 🏁 Experiment Completed!
[2025-10-06T08:47:37.263+0000] {docker.py:438} INFO - ==================================================
[2025-10-06T08:47:37.263+0000] {docker.py:438} INFO - 📈 Total restarts performed: 15
[2025-10-06T08:47:37.264+0000] {docker.py:438} INFO - ⏱️  Total duration: 286 seconds
[2025-10-06T08:47:37.264+0000] {docker.py:438} INFO - 📊 Average interval: 19.1 seconds
[2025-10-06T08:47:37.538+0000] {taskinstance.py:340} INFO - ::group::Post task execution logs
[2025-10-06T08:47:37.538+0000] {taskinstance.py:352} INFO - Marking task as SUCCESS. dag_id=Cordon_Uncordon_Node, task_id=apply_cordon_uncordon_node, run_id=manual__2025-10-06T08:42:37.970439+00:00, execution_date=20251006T084237, start_date=20251006T084238, end_date=20251006T084737
[2025-10-06T08:47:37.570+0000] {local_task_job_runner.py:266} INFO - Task exited with return code 0
[2025-10-06T08:47:37.585+0000] {taskinstance.py:3900} INFO - 0 downstream tasks scheduled from follow-on schedule check
[2025-10-06T08:47:37.587+0000] {local_task_job_runner.py:245} INFO - ::endgroup::
