[2025-11-10T22:05:57.864+0000] {local_task_job_runner.py:123} INFO - ::group::Pre task execution logs
[2025-11-10T22:05:57.893+0000] {taskinstance.py:2612} INFO - Dependencies all met for dep_context=non-requeueable deps ti=<TaskInstance: Reinitialize_Application.apply_container_restart_docker manual__2025-11-10T22:05:55.558108+00:00 [queued]>
[2025-11-10T22:05:57.904+0000] {taskinstance.py:2612} INFO - Dependencies all met for dep_context=requeueable deps ti=<TaskInstance: Reinitialize_Application.apply_container_restart_docker manual__2025-11-10T22:05:55.558108+00:00 [queued]>
[2025-11-10T22:05:57.904+0000] {taskinstance.py:2865} INFO - Starting attempt 1 of 1
[2025-11-10T22:05:57.926+0000] {taskinstance.py:2888} INFO - Executing <Task(DockerOperator): apply_container_restart_docker> on 2025-11-10 22:05:55.558108+00:00
[2025-11-10T22:05:57.942+0000] {standard_task_runner.py:72} INFO - Started process 122 to run task
[2025-11-10T22:05:57.954+0000] {standard_task_runner.py:104} INFO - Running: ['***', 'tasks', 'run', 'Reinitialize_Application', 'apply_container_restart_docker', 'manual__2025-11-10T22:05:55.558108+00:00', '--job-id', '14420', '--raw', '--subdir', 'DAGS_FOLDER/dag_factory.py', '--cfg-path', '/tmp/tmptxk8mkjb']
[2025-11-10T22:05:57.956+0000] {standard_task_runner.py:105} INFO - Job 14420: Subtask apply_container_restart_docker
[2025-11-10T22:05:58.056+0000] {task_command.py:467} INFO - Running <TaskInstance: Reinitialize_Application.apply_container_restart_docker manual__2025-11-10T22:05:55.558108+00:00 [running]> on host workflow.y2twbfvcjkaujnl2bmtbxunhcb.cx.internal.cloudapp.net
[2025-11-10T22:05:58.227+0000] {taskinstance.py:3131} INFO - Exporting env vars: AIRFLOW_CTX_DAG_OWNER='***' AIRFLOW_CTX_DAG_ID='Reinitialize_Application' AIRFLOW_CTX_TASK_ID='apply_container_restart_docker' AIRFLOW_CTX_EXECUTION_DATE='2025-11-10T22:05:55.558108+00:00' AIRFLOW_CTX_TRY_NUMBER='1' AIRFLOW_CTX_DAG_RUN_ID='manual__2025-11-10T22:05:55.558108+00:00'
[2025-11-10T22:05:58.230+0000] {taskinstance.py:731} INFO - ::endgroup::
[2025-11-10T22:05:58.294+0000] {docker.py:367} INFO - Starting docker container from image priyanshu01ce/***_chaos:latest
[2025-11-10T22:05:58.854+0000] {docker.py:438} INFO - The container is run as root user. For security, consider using a regular user account.
[2025-11-10T22:06:14.980+0000] {docker.py:438} INFO - 
[2025-11-10T22:06:14.991+0000] {docker.py:438} INFO - total 9964
[2025-11-10T22:06:14.992+0000] {docker.py:438} INFO - drwxr-xr-x 6    1000 1000    4096 Nov  3 08:06 .
[2025-11-10T22:06:14.992+0000] {docker.py:438} INFO - drwxr-xr-x 1 *** root    4096 Sep 26 10:44 ..
[2025-11-10T22:06:14.992+0000] {docker.py:438} INFO - -rw-r--r-- 1    1000 1000    1193 Sep  8 07:02 API_Latency.json
[2025-11-10T22:06:14.996+0000] {docker.py:438} INFO - -rw-r--r-- 1    1000 1000     729 Sep  9 10:30 API_Timeout.json
[2025-11-10T22:06:14.996+0000] {docker.py:438} INFO - -rw-r--r-- 1    1000 1000    1331 Oct  7 18:22 Continuous_Load_Test_Azure.yaml
[2025-11-10T22:06:14.997+0000] {docker.py:438} INFO - -rw-r--r-- 1    1000 1000    1672 Oct 30 07:48 Memory_Stress_Test_Azure.yaml
[2025-11-10T22:06:14.997+0000] {docker.py:438} INFO - -rw-r--r-- 1    1000 1000    1178 Sep 30 18:19 Stress_Test_Azure.yaml
[2025-11-10T22:06:15.000+0000] {docker.py:438} INFO - drwxrwxr-x 2 root    root    4096 Oct 29 06:31 __pycache__
[2025-11-10T22:06:15.000+0000] {docker.py:438} INFO - drwxrwxr-x 5    1000 1000    4096 Oct 21 08:05 chaos_env
[2025-11-10T22:06:15.001+0000] {docker.py:438} INFO - -rw-r--r-- 1    1000 1000    8875 Sep 25 16:54 chaosk6_actions.py
[2025-11-10T22:06:15.001+0000] {docker.py:438} INFO - -rw-rw-r-- 1    1000 1000 9236025 Nov 10 21:57 chaostoolkit.log
[2025-11-10T22:06:15.001+0000] {docker.py:438} INFO - -rw-rw-r-- 1    1000 1000    1421 Oct 23 09:34 check.py
[2025-11-10T22:06:15.003+0000] {docker.py:438} INFO - -rw-r--r-- 1    1000 1000    3213 Sep  9 09:11 combined-sequential.json
[2025-11-10T22:06:15.004+0000] {docker.py:438} INFO - -rwxrwxr-x 1    1000 1000    1489 Oct 27 06:29 complete_chaos_mesh-cleanup.sh
[2025-11-10T22:06:15.004+0000] {docker.py:438} INFO - -rw-r--r-- 1    1000 1000     502 Sep 16 05:31 connection_test_experiment.json
[2025-11-10T22:06:15.004+0000] {docker.py:438} INFO - -rw-rw-r-- 1    1000 1000     692 Oct 24 01:43 container_probe.json
[2025-11-10T22:06:15.008+0000] {docker.py:438} INFO - -rw-rw-r-- 1    1000 1000    2533 Oct 23 09:28 container_probe.yaml
[2025-11-10T22:06:15.008+0000] {docker.py:438} INFO - -rw-r--r-- 1    1000 1000    1420 Sep 24 06:53 container_restart.json
[2025-11-10T22:06:15.009+0000] {docker.py:438} INFO - -rw-r--r-- 1    1000 1000   16452 Sep 26 09:59 container_restart.py
[2025-11-10T22:06:15.009+0000] {docker.py:438} INFO - -rw-r--r-- 1    1000 1000    1751 Nov  3 05:42 container_restart_Azure.yaml
[2025-11-10T22:06:15.012+0000] {docker.py:438} INFO - -rw-r--r-- 1    1000 1000    1409 Sep 18 12:30 continuous_load_test.json
[2025-11-10T22:06:15.012+0000] {docker.py:438} INFO - -rw-r--r-- 1    1000 1000    1637 Sep 25 10:13 cordon-uncordon-node.json
[2025-11-10T22:06:15.013+0000] {docker.py:438} INFO - -rw-r--r-- 1    1000 1000    1637 Sep 25 04:39 cordon_test.json
[2025-11-10T22:06:15.013+0000] {docker.py:438} INFO - -rw-r--r-- 1    1000 1000    1436 Oct 30 12:28 cordon_uncordon_node_Azure.yaml
[2025-11-10T22:06:15.013+0000] {docker.py:438} INFO - -rw-r--r-- 1    1000 1000    1203 Sep 30 06:51 cpu_stress_ng.json
[2025-11-10T22:06:15.016+0000] {docker.py:438} INFO - -rw-r--r-- 1    1000 1000    1760 Oct 21 08:00 db_cleanup.json
[2025-11-10T22:06:15.016+0000] {docker.py:438} INFO - -rw-r--r-- 1    1000 1000    6399 Sep 24 07:40 db_cleanup.py
[2025-11-10T22:06:15.017+0000] {docker.py:438} INFO - -rw-rw-r-- 1    1000 1000    5855 Oct 28 12:27 direct_memory_stress.py
[2025-11-10T22:06:15.017+0000] {docker.py:438} INFO - -rw-r--r-- 1    1000 1000  292434 Nov 10 21:57 journal.json
[2025-11-10T22:06:15.017+0000] {docker.py:438} INFO - -rw-rw-r-- 1 root    root  373317 Nov 10 21:45 k6_continuous_load.log
[2025-11-10T22:06:15.020+0000] {docker.py:438} INFO - -rw-r--r-- 1    1000 1000    3881 Nov 10 21:45 k6_continuous_summary.json
[2025-11-10T22:06:15.020+0000] {docker.py:438} INFO - -rw-r--r-- 1    1000 1000    3433 Sep 25 09:28 k6_summary.json
[2025-11-10T22:06:15.021+0000] {docker.py:438} INFO - -rw-r--r-- 1    1000 1000     989 Sep 30 09:24 kubernetes_actions.json
[2025-11-10T22:06:15.021+0000] {docker.py:438} INFO - -rw-r--r-- 1    1000 1000   10961 Sep 30 09:23 kubernetes_actions.py
[2025-11-10T22:06:15.024+0000] {docker.py:438} INFO - -rw-r--r-- 1    1000 1000     945 Sep 21 16:40 load_test.json
[2025-11-10T22:06:15.024+0000] {docker.py:438} INFO - -rw-r--r-- 1    1000 1000     528 Sep 17 12:13 max_connection_experiment.json
[2025-11-10T22:06:15.024+0000] {docker.py:438} INFO - -rw-r--r-- 1    1000 1000    1227 Sep 13 15:20 memory-stress-rollback.json
[2025-11-10T22:06:15.025+0000] {docker.py:438} INFO - -rw-rw-r-- 1    1000 1000    1066 Oct 30 12:27 memory_stress.json
[2025-11-10T22:06:15.025+0000] {docker.py:438} INFO - -rw-rw-r-- 1    1000 1000    6653 Oct 29 06:18 memory_stress.py
[2025-11-10T22:06:15.028+0000] {docker.py:438} INFO - -rw-r--r-- 1    1000 1000    1421 Sep 29 05:20 mongo_db_container_restart.json
[2025-11-10T22:06:15.028+0000] {docker.py:438} INFO - -rw-r--r-- 1    1000 1000    7586 Sep 18 05:54 mongodb_actions.py
[2025-11-10T22:06:15.028+0000] {docker.py:438} INFO - -rw-r--r-- 1    1000 1000    2136 Sep 18 11:23 mongodb_connection.json
[2025-11-10T22:06:15.029+0000] {docker.py:438} INFO - -rw-r--r-- 1    1000 1000     597 Sep 16 09:17 mongodb_network_latency_experiment.json
[2025-11-10T22:06:15.029+0000] {docker.py:438} INFO - -rw-r--r-- 1    1000 1000    3657 Sep 18 05:42 mongodb_probes.py
[2025-11-10T22:06:15.032+0000] {docker.py:438} INFO - -rw-r--r-- 1    1000 1000    6161 Sep 12 08:04 pod_restart.py
[2025-11-10T22:06:15.032+0000] {docker.py:438} INFO - -rw-r--r-- 1    1000 1000    1497 Sep 30 05:50 redis_config_faults.py
[2025-11-10T22:06:15.033+0000] {docker.py:438} INFO - -rw-r--r-- 1    1000 1000     862 Sep 30 05:50 redis_experiment.json
[2025-11-10T22:06:15.033+0000] {docker.py:438} INFO - -rw-r--r-- 1    1000 1000     945 Sep 18 06:53 redis_load.json
[2025-11-10T22:06:15.033+0000] {docker.py:438} INFO - -rw-r--r-- 1    1000 1000    1641 Oct 30 12:29 redis_memory_stress_Azure.yaml
[2025-11-10T22:06:15.036+0000] {docker.py:438} INFO - -rw-rw-r-- 1    1000 1000    1333 Oct 21 09:39 reinitialize_application.yaml
[2025-11-10T22:06:15.036+0000] {docker.py:438} INFO - -rw-r--r-- 1    1000 1000    1284 Sep 25 10:53 run_load_test_with_cleanup.py
[2025-11-10T22:06:15.037+0000] {docker.py:438} INFO - -rw-rw-r-- 1    1000 1000    1307 Oct 27 10:33 sample_probe.yaml
[2025-11-10T22:06:15.037+0000] {docker.py:438} INFO - drwxr-xr-x 2    1000 1000    4096 Oct 22 06:46 scripts
[2025-11-10T22:06:15.037+0000] {docker.py:438} INFO - -rw-rw-r-- 1    1000 1000     272 Oct 27 08:51 simple-stress-test.yaml
[2025-11-10T22:06:15.040+0000] {docker.py:438} INFO - drwxr-xr-x 4    1000 1000    4096 Sep 30 09:41 socialNetwork
[2025-11-10T22:06:15.040+0000] {docker.py:438} INFO - -rw-r--r-- 1    1000 1000     821 Sep 26 13:20 stress_test.json
[2025-11-10T22:06:15.041+0000] {docker.py:438} INFO - -rw-rw-r-- 1    1000 1000     301 Oct 27 08:46 test-stress-fixed.yaml
[2025-11-10T22:06:15.041+0000] {docker.py:438} INFO - -rw-rw-r-- 1    1000 1000     295 Oct 27 08:49 test_after_fix.yaml
[2025-11-10T22:06:15.044+0000] {docker.py:438} INFO - -rw-r--r-- 1    1000 1000     367 Sep 17 07:24 test_params.json
[2025-11-10T22:06:15.044+0000] {docker.py:438} INFO - Starting Reinitializing the Social Networking Application...
[2025-11-10T22:06:15.798+0000] {docker.py:438} INFO - [32m[2025-11-10 22:06:15 INFO] Validating the experiment's syntax
[2025-11-10T22:06:16.292+0000] {docker.py:438} INFO - [32m[2025-11-10 22:06:16 INFO] Experiment looks valid
[2025-11-10T22:06:16.294+0000] {docker.py:438} INFO - [32m[2025-11-10 22:06:16 INFO] Running experiment: Simple Social Network Reset
[2025-11-10T22:06:16.298+0000] {docker.py:438} INFO - [32m[2025-11-10 22:06:16 INFO] Steady-state strategy: default
[2025-11-10T22:06:16.301+0000] {docker.py:438} INFO - [32m[2025-11-10 22:06:16 INFO] Rollbacks strategy: default
[2025-11-10T22:06:16.301+0000] {docker.py:438} INFO - [32m[2025-11-10 22:06:16 INFO] No steady state hypothesis defined. That's ok, just exploring.
[2025-11-10T22:06:16.301+0000] {docker.py:438} INFO - [32m[2025-11-10 22:06:16 INFO] Playing your experiment's method now...
[2025-11-10T22:06:16.304+0000] {docker.py:438} INFO - [32m[2025-11-10 22:06:16 INFO] Action: complete-reset-and-reinit
[2025-11-10T22:06:16.304+0000] {docker.py:438} INFO - INFO:kubernetes_actions:Starting complete reset and reinitialization...
[2025-11-10T22:06:16.305+0000] {docker.py:438} INFO - INFO:kubernetes_actions:Starting full social network reset...
[2025-11-10T22:06:16.305+0000] {docker.py:438} INFO - INFO:kubernetes_actions:Clearing Redis data...
[2025-11-10T22:06:16.329+0000] {docker.py:438} INFO - INFO:kubernetes_actions:Loaded local Kubernetes config
[2025-11-10T22:06:16.346+0000] {docker.py:438} INFO - INFO:kubernetes_actions:Loaded local Kubernetes config
[2025-11-10T22:06:16.653+0000] {docker.py:438} INFO - INFO:kubernetes_actions:Found running pod: social-graph-redis-64bd79b48b-gpwdg for deployment: social-graph-redis
[2025-11-10T22:06:16.655+0000] {docker.py:438} INFO - INFO:kubernetes_actions:Executing command in pod social-graph-redis-64bd79b48b-gpwdg, container social-graph-redis: redis-cli FLUSHALL
[2025-11-10T22:06:18.091+0000] {docker.py:438} INFO - INFO:kubernetes_actions:Command executed successfully. Output: OK
[2025-11-10T22:06:18.114+0000] {docker.py:438} INFO - INFO:kubernetes_actions:Loaded local Kubernetes config
[2025-11-10T22:06:18.146+0000] {docker.py:438} INFO - INFO:kubernetes_actions:Loaded local Kubernetes config
[2025-11-10T22:06:18.475+0000] {docker.py:438} INFO - INFO:kubernetes_actions:Found running pod: home-timeline-redis-744dd9998f-xqjsk for deployment: home-timeline-redis
[2025-11-10T22:06:18.477+0000] {docker.py:438} INFO - INFO:kubernetes_actions:Executing command in pod home-timeline-redis-744dd9998f-xqjsk, container home-timeline-redis: redis-cli FLUSHALL
[2025-11-10T22:06:19.837+0000] {docker.py:438} INFO - INFO:kubernetes_actions:Command executed successfully. Output: OK
[2025-11-10T22:06:19.852+0000] {docker.py:438} INFO - INFO:kubernetes_actions:Loaded local Kubernetes config
[2025-11-10T22:06:19.869+0000] {docker.py:438} INFO - INFO:kubernetes_actions:Loaded local Kubernetes config
[2025-11-10T22:06:20.132+0000] {docker.py:438} INFO - INFO:kubernetes_actions:Found running pod: user-timeline-redis-7b8f6ff4fb-5s87m for deployment: user-timeline-redis
[2025-11-10T22:06:20.134+0000] {docker.py:438} INFO - INFO:kubernetes_actions:Executing command in pod user-timeline-redis-7b8f6ff4fb-5s87m, container user-timeline-redis: redis-cli FLUSHALL
[2025-11-10T22:06:21.526+0000] {docker.py:438} INFO - INFO:kubernetes_actions:Command executed successfully. Output: OK
[2025-11-10T22:06:21.529+0000] {docker.py:438} INFO - 
[2025-11-10T22:06:21.529+0000] {docker.py:438} INFO - INFO:kubernetes_actions:Clearing Memcached data...
[2025-11-10T22:06:21.543+0000] {docker.py:438} INFO - INFO:kubernetes_actions:Loaded local Kubernetes config
[2025-11-10T22:06:21.560+0000] {docker.py:438} INFO - INFO:kubernetes_actions:Loaded local Kubernetes config
[2025-11-10T22:06:21.848+0000] {docker.py:438} INFO - INFO:kubernetes_actions:Found running pod: post-storage-memcached-67c6cc65cc-j4jdz for deployment: post-storage-memcached
[2025-11-10T22:06:21.850+0000] {docker.py:438} INFO - INFO:kubernetes_actions:Executing command in pod post-storage-memcached-67c6cc65cc-j4jdz, container post-storage-memcached: sh -c echo 'flush_all' | nc localhost 11211
[2025-11-10T22:06:23.221+0000] {docker.py:438} INFO - INFO:kubernetes_actions:Command executed successfully. Output: sh: 1: nc: not found
[2025-11-10T22:06:23.243+0000] {docker.py:438} INFO - INFO:kubernetes_actions:Loaded local Kubernetes config
[2025-11-10T22:06:23.269+0000] {docker.py:438} INFO - INFO:kubernetes_actions:Loaded local Kubernetes config
[2025-11-10T22:06:23.521+0000] {docker.py:438} INFO - INFO:kubernetes_actions:Found running pod: user-memcached-56f89988c-nxdzl for deployment: user-memcached
[2025-11-10T22:06:23.522+0000] {docker.py:438} INFO - INFO:kubernetes_actions:Executing command in pod user-memcached-56f89988c-nxdzl, container user-memcached: sh -c echo 'flush_all' | nc localhost 11211
[2025-11-10T22:06:24.965+0000] {docker.py:438} INFO - INFO:kubernetes_actions:Command executed successfully. Output: sh: 1: nc: not found
[2025-11-10T22:06:24.966+0000] {docker.py:438} INFO - 
[2025-11-10T22:06:24.967+0000] {docker.py:438} INFO - INFO:kubernetes_actions:Dropping MongoDB databases...
[2025-11-10T22:06:24.985+0000] {docker.py:438} INFO - INFO:kubernetes_actions:Loaded local Kubernetes config
[2025-11-10T22:06:25.004+0000] {docker.py:438} INFO - INFO:kubernetes_actions:Loaded local Kubernetes config
[2025-11-10T22:06:25.323+0000] {docker.py:438} INFO - INFO:kubernetes_actions:Found running pod: post-storage-mongodb-7f7657964c-b2fld for deployment: post-storage-mongodb
[2025-11-10T22:06:25.324+0000] {docker.py:438} INFO - INFO:kubernetes_actions:Executing command in pod post-storage-mongodb-7f7657964c-b2fld, container post-storage-mongodb: mongo --eval db.getSiblingDB('post').dropDatabase()
[2025-11-10T22:06:27.229+0000] {docker.py:438} INFO - INFO:kubernetes_actions:Command executed successfully. Output: MongoDB shell version v4.4.6
[2025-11-10T22:06:27.230+0000] {docker.py:438} INFO - connecting to: mongodb://127.0.0.1:27017/?compressors=disabled&gssapiServiceName=mongodb
[2025-11-10T22:06:27.230+0000] {docker.py:438} INFO - Implicit session: session { "id" : UUID("73a99288-ef22-41cd-a3c8-2147801e9892") }
[2025-11-10T22:06:27.233+0000] {docker.py:438} INFO - MongoDB server version: 4.4.6
[2025-11-10T22:06:27.233+0000] {docker.py:438} INFO - { "dropped" : "post", "ok" : 1 }
[2025-11-10T22:06:27.247+0000] {docker.py:438} INFO - INFO:kubernetes_actions:Loaded local Kubernetes config
[2025-11-10T22:06:27.264+0000] {docker.py:438} INFO - INFO:kubernetes_actions:Loaded local Kubernetes config
[2025-11-10T22:06:27.583+0000] {docker.py:438} INFO - INFO:kubernetes_actions:Found running pod: post-storage-mongodb-7f7657964c-b2fld for deployment: post-storage-mongodb
[2025-11-10T22:06:27.584+0000] {docker.py:438} INFO - INFO:kubernetes_actions:Executing command in pod post-storage-mongodb-7f7657964c-b2fld, container post-storage-mongodb: mongo --eval db.getSiblingDB('READ__ME_TO_RECOVER_YOUR_DATA').dropDatabase()
[2025-11-10T22:06:29.333+0000] {docker.py:438} INFO - INFO:kubernetes_actions:Command executed successfully. Output: MongoDB shell version v4.4.6
[2025-11-10T22:06:29.333+0000] {docker.py:438} INFO - connecting to: mongodb://127.0.0.1:27017/?compressors=disabled&gssapiServiceName=mongodb
[2025-11-10T22:06:29.334+0000] {docker.py:438} INFO - Implicit session: session { "id" : UUID("9e965dab-c70c-49f7-9040-2883f0cb88ef") }
[2025-11-10T22:06:29.334+0000] {docker.py:438} INFO - MongoDB server version: 4.4.6
[2025-11-10T22:06:29.337+0000] {docker.py:438} INFO - { "ok" : 1 }
[2025-11-10T22:06:29.349+0000] {docker.py:438} INFO - INFO:kubernetes_actions:Loaded local Kubernetes config
[2025-11-10T22:06:29.366+0000] {docker.py:438} INFO - INFO:kubernetes_actions:Loaded local Kubernetes config
[2025-11-10T22:06:29.649+0000] {docker.py:438} INFO - INFO:kubernetes_actions:Found running pod: user-mongodb-f95b7d968-tqlld for deployment: user-mongodb
[2025-11-10T22:06:29.650+0000] {docker.py:438} INFO - INFO:kubernetes_actions:Executing command in pod user-mongodb-f95b7d968-tqlld, container user-mongodb: mongo --eval db.getSiblingDB('user').dropDatabase()
[2025-11-10T22:06:31.245+0000] {docker.py:438} INFO - INFO:kubernetes_actions:Command executed successfully. Output: MongoDB shell version v4.4.6
[2025-11-10T22:06:31.246+0000] {docker.py:438} INFO - connecting to: mongodb://127.0.0.1:27017/?compressors=disabled&gssapiServiceName=mongodb
[2025-11-10T22:06:31.246+0000] {docker.py:438} INFO - Implicit session: session { "id" : UUID("bab00504-ef1b-4db9-b2f5-390bf58b4e2e") }
[2025-11-10T22:06:31.249+0000] {docker.py:438} INFO - MongoDB server version: 4.4.6
[2025-11-10T22:06:31.249+0000] {docker.py:438} INFO - { "dropped" : "user", "ok" : 1 }
[2025-11-10T22:06:31.263+0000] {docker.py:438} INFO - INFO:kubernetes_actions:Loaded local Kubernetes config
[2025-11-10T22:06:31.279+0000] {docker.py:438} INFO - INFO:kubernetes_actions:Loaded local Kubernetes config
[2025-11-10T22:06:31.532+0000] {docker.py:438} INFO - INFO:kubernetes_actions:Found running pod: user-mongodb-f95b7d968-tqlld for deployment: user-mongodb
[2025-11-10T22:06:31.535+0000] {docker.py:438} INFO - INFO:kubernetes_actions:Executing command in pod user-mongodb-f95b7d968-tqlld, container user-mongodb: mongo --eval db.getSiblingDB('READ__ME_TO_RECOVER_YOUR_DATA').dropDatabase()
[2025-11-10T22:06:33.151+0000] {docker.py:438} INFO - INFO:kubernetes_actions:Command executed successfully. Output: MongoDB shell version v4.4.6
[2025-11-10T22:06:33.154+0000] {docker.py:438} INFO - connecting to: mongodb://127.0.0.1:27017/?compressors=disabled&gssapiServiceName=mongodb
[2025-11-10T22:06:33.154+0000] {docker.py:438} INFO - Implicit session: session { "id" : UUID("172df999-74fd-48ec-a8cf-4d70ee5ed80e") }
[2025-11-10T22:06:33.155+0000] {docker.py:438} INFO - MongoDB server version: 4.4.6
[2025-11-10T22:06:33.155+0000] {docker.py:438} INFO - { "ok" : 1 }
[2025-11-10T22:06:33.169+0000] {docker.py:438} INFO - INFO:kubernetes_actions:Loaded local Kubernetes config
[2025-11-10T22:06:33.185+0000] {docker.py:438} INFO - INFO:kubernetes_actions:Loaded local Kubernetes config
[2025-11-10T22:06:33.466+0000] {docker.py:438} INFO - INFO:kubernetes_actions:Found running pod: social-graph-mongodb-77fd77d9f4-jj4vn for deployment: social-graph-mongodb
[2025-11-10T22:06:33.468+0000] {docker.py:438} INFO - INFO:kubernetes_actions:Executing command in pod social-graph-mongodb-77fd77d9f4-jj4vn, container social-graph-mongodb: mongo --eval db.getSiblingDB('social-graph').dropDatabase()
[2025-11-10T22:06:35.045+0000] {docker.py:438} INFO - INFO:kubernetes_actions:Command executed successfully. Output: MongoDB shell version v4.4.6
[2025-11-10T22:06:35.046+0000] {docker.py:438} INFO - connecting to: mongodb://127.0.0.1:27017/?compressors=disabled&gssapiServiceName=mongodb
[2025-11-10T22:06:35.046+0000] {docker.py:438} INFO - Implicit session: session { "id" : UUID("b32ec7bc-8f46-4923-b23b-5b5133e51782") }
[2025-11-10T22:06:35.049+0000] {docker.py:438} INFO - MongoDB server version: 4.4.6
[2025-11-10T22:06:35.049+0000] {docker.py:438} INFO - { "dropped" : "social-graph", "ok" : 1 }
[2025-11-10T22:06:35.063+0000] {docker.py:438} INFO - INFO:kubernetes_actions:Loaded local Kubernetes config
[2025-11-10T22:06:35.080+0000] {docker.py:438} INFO - INFO:kubernetes_actions:Loaded local Kubernetes config
[2025-11-10T22:06:35.327+0000] {docker.py:438} INFO - INFO:kubernetes_actions:Found running pod: social-graph-mongodb-77fd77d9f4-jj4vn for deployment: social-graph-mongodb
[2025-11-10T22:06:35.330+0000] {docker.py:438} INFO - INFO:kubernetes_actions:Executing command in pod social-graph-mongodb-77fd77d9f4-jj4vn, container social-graph-mongodb: mongo --eval db.getSiblingDB('READ__ME_TO_RECOVER_YOUR_DATA').dropDatabase()
[2025-11-10T22:06:36.846+0000] {docker.py:438} INFO - INFO:kubernetes_actions:Command executed successfully. Output: MongoDB shell version v4.4.6
[2025-11-10T22:06:36.847+0000] {docker.py:438} INFO - connecting to: mongodb://127.0.0.1:27017/?compressors=disabled&gssapiServiceName=mongodb
[2025-11-10T22:06:36.847+0000] {docker.py:438} INFO - Implicit session: session { "id" : UUID("7eeef438-1112-4ffa-a66c-4babe41f6137") }
[2025-11-10T22:06:36.850+0000] {docker.py:438} INFO - MongoDB server version: 4.4.6
[2025-11-10T22:06:36.850+0000] {docker.py:438} INFO - { "ok" : 1 }
[2025-11-10T22:06:36.863+0000] {docker.py:438} INFO - INFO:kubernetes_actions:Loaded local Kubernetes config
[2025-11-10T22:06:36.879+0000] {docker.py:438} INFO - INFO:kubernetes_actions:Loaded local Kubernetes config
[2025-11-10T22:06:37.197+0000] {docker.py:438} INFO - INFO:kubernetes_actions:Found running pod: user-timeline-mongodb-6ff9797bfc-lz2wj for deployment: user-timeline-mongodb
[2025-11-10T22:06:37.198+0000] {docker.py:438} INFO - INFO:kubernetes_actions:Executing command in pod user-timeline-mongodb-6ff9797bfc-lz2wj, container user-timeline-mongodb: mongo --eval db.getSiblingDB('user-timeline').dropDatabase()
[2025-11-10T22:06:39.143+0000] {docker.py:438} INFO - INFO:kubernetes_actions:Command executed successfully. Output: MongoDB shell version v4.4.6
[2025-11-10T22:06:39.144+0000] {docker.py:438} INFO - connecting to: mongodb://127.0.0.1:27017/?compressors=disabled&gssapiServiceName=mongodb
[2025-11-10T22:06:39.144+0000] {docker.py:438} INFO - Implicit session: session { "id" : UUID("41b65f25-7df7-459e-bc3f-a2d439d0c7d0") }
[2025-11-10T22:06:39.145+0000] {docker.py:438} INFO - MongoDB server version: 4.4.6
[2025-11-10T22:06:39.145+0000] {docker.py:438} INFO - { "dropped" : "user-timeline", "ok" : 1 }
[2025-11-10T22:06:39.166+0000] {docker.py:438} INFO - INFO:kubernetes_actions:Loaded local Kubernetes config
[2025-11-10T22:06:39.197+0000] {docker.py:438} INFO - INFO:kubernetes_actions:Loaded local Kubernetes config
[2025-11-10T22:06:39.517+0000] {docker.py:438} INFO - INFO:kubernetes_actions:Found running pod: user-timeline-mongodb-6ff9797bfc-lz2wj for deployment: user-timeline-mongodb
[2025-11-10T22:06:39.520+0000] {docker.py:438} INFO - INFO:kubernetes_actions:Executing command in pod user-timeline-mongodb-6ff9797bfc-lz2wj, container user-timeline-mongodb: mongo --eval db.getSiblingDB('READ__ME_TO_RECOVER_YOUR_DATA').dropDatabase()
[2025-11-10T22:06:41.770+0000] {docker.py:438} INFO - INFO:kubernetes_actions:Command executed successfully. Output: MongoDB shell version v4.4.6
[2025-11-10T22:06:41.771+0000] {docker.py:438} INFO - connecting to: mongodb://127.0.0.1:27017/?compressors=disabled&gssapiServiceName=mongodb
[2025-11-10T22:06:41.772+0000] {docker.py:438} INFO - Implicit session: session { "id" : UUID("7f680c55-913f-4eab-b450-b51f5cecb65e") }
[2025-11-10T22:06:41.772+0000] {docker.py:438} INFO - MongoDB server version: 4.4.6
[2025-11-10T22:06:41.772+0000] {docker.py:438} INFO - { "ok" : 1 }
[2025-11-10T22:06:41.773+0000] {docker.py:438} INFO - 
[2025-11-10T22:06:41.773+0000] {docker.py:438} INFO - INFO:kubernetes_actions:Full social network reset completed
[2025-11-10T22:06:46.788+0000] {docker.py:438} INFO - INFO:kubernetes_actions:Loaded local Kubernetes config
[2025-11-10T22:06:46.788+0000] {docker.py:438} INFO - INFO:kubernetes_actions:Restarting deployment: social-graph-service
[2025-11-10T22:06:47.159+0000] {docker.py:438} INFO - INFO:kubernetes_actions:✅ Successfully restarted social-graph-service
[2025-11-10T22:06:47.159+0000] {docker.py:438} INFO - INFO:kubernetes_actions:Restarting deployment: user-service
[2025-11-10T22:06:47.354+0000] {docker.py:438} INFO - INFO:kubernetes_actions:✅ Successfully restarted user-service
[2025-11-10T22:06:47.354+0000] {docker.py:438} INFO - INFO:kubernetes_actions:Restarting deployment: post-storage-service
[2025-11-10T22:06:47.597+0000] {docker.py:438} INFO - INFO:kubernetes_actions:✅ Successfully restarted post-storage-service
[2025-11-10T22:06:47.598+0000] {docker.py:438} INFO - INFO:kubernetes_actions:Restarting deployment: compose-post-service
[2025-11-10T22:06:47.834+0000] {docker.py:438} INFO - INFO:kubernetes_actions:✅ Successfully restarted compose-post-service
[2025-11-10T22:06:47.835+0000] {docker.py:438} INFO - INFO:kubernetes_actions:Restarting deployment: home-timeline-service
[2025-11-10T22:06:48.092+0000] {docker.py:438} INFO - INFO:kubernetes_actions:✅ Successfully restarted home-timeline-service
[2025-11-10T22:06:48.093+0000] {docker.py:438} INFO - INFO:kubernetes_actions:Restarting deployment: user-timeline-service
[2025-11-10T22:06:48.396+0000] {docker.py:438} INFO - INFO:kubernetes_actions:✅ Successfully restarted user-timeline-service
[2025-11-10T22:06:48.397+0000] {docker.py:438} INFO - INFO:kubernetes_actions:Restarting deployment: nginx-thrift
[2025-11-10T22:06:48.733+0000] {docker.py:438} INFO - INFO:kubernetes_actions:✅ Successfully restarted nginx-thrift
[2025-11-10T22:06:48.735+0000] {docker.py:438} INFO - INFO:kubernetes_actions:Restarting deployment: text-service
[2025-11-10T22:06:48.928+0000] {docker.py:438} INFO - INFO:kubernetes_actions:✅ Successfully restarted text-service
[2025-11-10T22:06:48.929+0000] {docker.py:438} INFO - INFO:kubernetes_actions:Restarting deployment: unique-id-service
[2025-11-10T22:06:49.429+0000] {docker.py:438} INFO - INFO:kubernetes_actions:✅ Successfully restarted unique-id-service
[2025-11-10T22:06:49.431+0000] {docker.py:438} INFO - INFO:kubernetes_actions:Restarting deployment: user-mention-service
[2025-11-10T22:06:49.733+0000] {docker.py:438} INFO - INFO:kubernetes_actions:✅ Successfully restarted user-mention-service
[2025-11-10T22:06:49.733+0000] {docker.py:438} INFO - INFO:kubernetes_actions:Waiting 90 seconds for services to restart...
[2025-11-10T22:08:19.727+0000] {docker.py:438} INFO - INFO:kubernetes_actions:Reinitializing social network data...
[2025-11-10T22:18:32.536+0000] {docker.py:438} INFO - INFO:kubernetes_actions:Social network reinitialization completed successfully
[2025-11-10T22:18:32.538+0000] {docker.py:438} INFO - [32m[2025-11-10 22:18:32 INFO] Let's rollback...
[2025-11-10T22:18:32.540+0000] {docker.py:438} INFO - [32m[2025-11-10 22:18:32 INFO] No declared rollbacks, let's move on.
[2025-11-10T22:18:32.540+0000] {docker.py:438} INFO - [32m[2025-11-10 22:18:32 INFO] Experiment ended with status: completed
[2025-11-10T22:18:32.816+0000] {docker.py:438} INFO - Reinitialized Social Networking APplication successfully
[2025-11-10T22:18:33.129+0000] {taskinstance.py:340} INFO - ::group::Post task execution logs
[2025-11-10T22:18:33.130+0000] {taskinstance.py:352} INFO - Marking task as SUCCESS. dag_id=Reinitialize_Application, task_id=apply_container_restart_docker, run_id=manual__2025-11-10T22:05:55.558108+00:00, execution_date=20251110T220555, start_date=20251110T220557, end_date=20251110T221833
[2025-11-10T22:18:33.201+0000] {local_task_job_runner.py:266} INFO - Task exited with return code 0
[2025-11-10T22:18:33.226+0000] {taskinstance.py:3900} INFO - 0 downstream tasks scheduled from follow-on schedule check
[2025-11-10T22:18:33.230+0000] {local_task_job_runner.py:245} INFO - ::endgroup::
