[2025-10-01T09:32:16.729+0000] {local_task_job_runner.py:123} INFO - ::group::Pre task execution logs
[2025-10-01T09:32:16.743+0000] {taskinstance.py:2612} INFO - Dependencies all met for dep_context=non-requeueable deps ti=<TaskInstance: Cordon_Uncordon_Node.apply_cordon_uncordon_node manual__2025-10-01T09:32:14.943738+00:00 [queued]>
[2025-10-01T09:32:16.750+0000] {taskinstance.py:2612} INFO - Dependencies all met for dep_context=requeueable deps ti=<TaskInstance: Cordon_Uncordon_Node.apply_cordon_uncordon_node manual__2025-10-01T09:32:14.943738+00:00 [queued]>
[2025-10-01T09:32:16.750+0000] {taskinstance.py:2865} INFO - Starting attempt 1 of 1
[2025-10-01T09:32:16.762+0000] {taskinstance.py:2888} INFO - Executing <Task(DockerOperator): apply_cordon_uncordon_node> on 2025-10-01 09:32:14.943738+00:00
[2025-10-01T09:32:16.769+0000] {standard_task_runner.py:72} INFO - Started process 212 to run task
[2025-10-01T09:32:16.774+0000] {standard_task_runner.py:104} INFO - Running: ['***', 'tasks', 'run', 'Cordon_Uncordon_Node', 'apply_cordon_uncordon_node', 'manual__2025-10-01T09:32:14.943738+00:00', '--job-id', '72', '--raw', '--subdir', 'DAGS_FOLDER/dag_factory.py', '--cfg-path', '/tmp/tmp8mk7m_3t']
[2025-10-01T09:32:16.775+0000] {standard_task_runner.py:105} INFO - Job 72: Subtask apply_cordon_uncordon_node
[2025-10-01T09:32:16.821+0000] {task_command.py:467} INFO - Running <TaskInstance: Cordon_Uncordon_Node.apply_cordon_uncordon_node manual__2025-10-01T09:32:14.943738+00:00 [running]> on host workflow.y2twbfvcjkaujnl2bmtbxunhcb.cx.internal.cloudapp.net
[2025-10-01T09:32:16.903+0000] {taskinstance.py:3131} INFO - Exporting env vars: AIRFLOW_CTX_DAG_OWNER='***' AIRFLOW_CTX_DAG_ID='Cordon_Uncordon_Node' AIRFLOW_CTX_TASK_ID='apply_cordon_uncordon_node' AIRFLOW_CTX_EXECUTION_DATE='2025-10-01T09:32:14.943738+00:00' AIRFLOW_CTX_TRY_NUMBER='1' AIRFLOW_CTX_DAG_RUN_ID='manual__2025-10-01T09:32:14.943738+00:00'
[2025-10-01T09:32:16.904+0000] {taskinstance.py:731} INFO - ::endgroup::
[2025-10-01T09:32:16.936+0000] {docker.py:367} INFO - Starting docker container from image ***_chaos:latest
[2025-10-01T09:32:17.359+0000] {docker.py:438} INFO - The container is run as root user. For security, consider using a regular user account.
[2025-10-01T09:32:25.844+0000] {docker.py:438} INFO - 
[2025-10-01T09:32:26.398+0000] {docker.py:438} INFO - [32m[2025-10-01 09:32:26 INFO] Validating the experiment's syntax
[2025-10-01T09:32:26.671+0000] {docker.py:438} INFO - [32m[2025-10-01 09:32:26 INFO] Experiment looks valid
[2025-10-01T09:32:26.672+0000] {docker.py:438} INFO - [32m[2025-10-01 09:32:26 INFO] Running experiment: Cordon-Pod Restart Combined Experiment
[2025-10-01T09:32:26.674+0000] {docker.py:438} INFO - [32m[2025-10-01 09:32:26 INFO] Steady-state strategy: default
[2025-10-01T09:32:26.674+0000] {docker.py:438} INFO - [32m[2025-10-01 09:32:26 INFO] Rollbacks strategy: default
[2025-10-01T09:32:26.675+0000] {docker.py:438} INFO - [32m[2025-10-01 09:32:26 INFO] No steady state hypothesis defined. That's ok, just exploring.
[2025-10-01T09:32:26.675+0000] {docker.py:438} INFO - [32m[2025-10-01 09:32:26 INFO] Playing your experiment's method now...
[2025-10-01T09:32:26.676+0000] {docker.py:438} INFO - [32m[2025-10-01 09:32:26 INFO] Action: cordon-nodes
[2025-10-01T09:32:27.692+0000] {docker.py:438} INFO - [32m[2025-10-01 09:32:27 INFO] Action: continuous-pod-restart-during-cordon
[2025-10-01T09:37:13.255+0000] {docker.py:438} INFO - 🚀 Starting continuous pod restart experiment
[2025-10-01T09:37:13.256+0000] {docker.py:438} INFO - 📅 Interval: 20 seconds
[2025-10-01T09:37:13.256+0000] {docker.py:438} INFO - ⏱️  Duration: 300 seconds
[2025-10-01T09:37:13.256+0000] {docker.py:438} INFO - 🎯 Target: app=post-storage-service
[2025-10-01T09:37:13.256+0000] {docker.py:438} INFO - 📍 Namespace: default
[2025-10-01T09:37:13.257+0000] {docker.py:438} INFO - 
[2025-10-01T09:37:13.257+0000] {docker.py:438} INFO - ==================================================
[2025-10-01T09:37:13.257+0000] {docker.py:438} INFO - 🔄 Restart #1 at 2025-10-01 09:32:27
[2025-10-01T09:37:13.257+0000] {docker.py:438} INFO - ==================================================
[2025-10-01T09:37:13.258+0000] {docker.py:438} INFO - Hello world - terminate function started!
[2025-10-01T09:37:13.258+0000] {docker.py:438} INFO - Selecting pods with label_selector: app=post-storage-service
[2025-10-01T09:37:13.258+0000] {docker.py:438} INFO - Found 2 pods initially
[2025-10-01T09:37:13.258+0000] {docker.py:438} INFO - Random selection: 1 pods
[2025-10-01T09:37:13.258+0000] {docker.py:438} INFO - Deleting pod: post-storage-service-786f97cf87-twv2v
[2025-10-01T09:37:13.259+0000] {docker.py:438} INFO - Deleted 1 pods: ['post-storage-service-786f97cf87-twv2v']
[2025-10-01T09:37:13.259+0000] {docker.py:438} INFO - ✅ Successfully restarted pods: ['post-storage-service-786f97cf87-twv2v']
[2025-10-01T09:37:13.259+0000] {docker.py:438} INFO - ⏳ Waiting 20 seconds until next restart...
[2025-10-01T09:37:13.259+0000] {docker.py:438} INFO - 📊 Time remaining: 300 seconds
[2025-10-01T09:37:13.259+0000] {docker.py:438} INFO - 
[2025-10-01T09:37:13.260+0000] {docker.py:438} INFO - ==================================================
[2025-10-01T09:37:13.260+0000] {docker.py:438} INFO - 🔄 Restart #2 at 2025-10-01 09:32:48
[2025-10-01T09:37:13.260+0000] {docker.py:438} INFO - ==================================================
[2025-10-01T09:37:13.260+0000] {docker.py:438} INFO - Hello world - terminate function started!
[2025-10-01T09:37:13.261+0000] {docker.py:438} INFO - Selecting pods with label_selector: app=post-storage-service
[2025-10-01T09:37:13.261+0000] {docker.py:438} INFO - Found 1 pods initially
[2025-10-01T09:37:13.261+0000] {docker.py:438} INFO - Random selection: 1 pods
[2025-10-01T09:37:13.261+0000] {docker.py:438} INFO - Deleting pod: post-storage-service-786f97cf87-29qqs
[2025-10-01T09:37:13.262+0000] {docker.py:438} INFO - Deleted 1 pods: ['post-storage-service-786f97cf87-29qqs']
[2025-10-01T09:37:13.262+0000] {docker.py:438} INFO - ✅ Successfully restarted pods: ['post-storage-service-786f97cf87-29qqs']
[2025-10-01T09:37:13.262+0000] {docker.py:438} INFO - ⏳ Waiting 20 seconds until next restart...
[2025-10-01T09:37:13.262+0000] {docker.py:438} INFO - 📊 Time remaining: 279 seconds
[2025-10-01T09:37:13.262+0000] {docker.py:438} INFO - 
[2025-10-01T09:37:13.263+0000] {docker.py:438} INFO - ==================================================
[2025-10-01T09:37:13.263+0000] {docker.py:438} INFO - 🔄 Restart #3 at 2025-10-01 09:33:08
[2025-10-01T09:37:13.263+0000] {docker.py:438} INFO - ==================================================
[2025-10-01T09:37:13.263+0000] {docker.py:438} INFO - Hello world - terminate function started!
[2025-10-01T09:37:13.263+0000] {docker.py:438} INFO - Selecting pods with label_selector: app=post-storage-service
[2025-10-01T09:37:13.264+0000] {docker.py:438} INFO - Found 1 pods initially
[2025-10-01T09:37:13.264+0000] {docker.py:438} INFO - Random selection: 1 pods
[2025-10-01T09:37:13.264+0000] {docker.py:438} INFO - Deleting pod: post-storage-service-786f97cf87-7c22r
[2025-10-01T09:37:13.265+0000] {docker.py:438} INFO - Deleted 1 pods: ['post-storage-service-786f97cf87-7c22r']
[2025-10-01T09:37:13.265+0000] {docker.py:438} INFO - ✅ Successfully restarted pods: ['post-storage-service-786f97cf87-7c22r']
[2025-10-01T09:37:13.265+0000] {docker.py:438} INFO - ⏳ Waiting 20 seconds until next restart...
[2025-10-01T09:37:13.265+0000] {docker.py:438} INFO - 📊 Time remaining: 259 seconds
[2025-10-01T09:37:13.265+0000] {docker.py:438} INFO - 
[2025-10-01T09:37:13.265+0000] {docker.py:438} INFO - ==================================================
[2025-10-01T09:37:13.266+0000] {docker.py:438} INFO - 🔄 Restart #4 at 2025-10-01 09:33:28
[2025-10-01T09:37:13.266+0000] {docker.py:438} INFO - ==================================================
[2025-10-01T09:37:13.266+0000] {docker.py:438} INFO - Hello world - terminate function started!
[2025-10-01T09:37:13.266+0000] {docker.py:438} INFO - Selecting pods with label_selector: app=post-storage-service
[2025-10-01T09:37:13.266+0000] {docker.py:438} INFO - Found 1 pods initially
[2025-10-01T09:37:13.267+0000] {docker.py:438} INFO - Random selection: 1 pods
[2025-10-01T09:37:13.267+0000] {docker.py:438} INFO - Deleting pod: post-storage-service-786f97cf87-lghjg
[2025-10-01T09:37:13.267+0000] {docker.py:438} INFO - Deleted 1 pods: ['post-storage-service-786f97cf87-lghjg']
[2025-10-01T09:37:13.267+0000] {docker.py:438} INFO - ✅ Successfully restarted pods: ['post-storage-service-786f97cf87-lghjg']
[2025-10-01T09:37:13.268+0000] {docker.py:438} INFO - ⏳ Waiting 20 seconds until next restart...
[2025-10-01T09:37:13.268+0000] {docker.py:438} INFO - 📊 Time remaining: 238 seconds
[2025-10-01T09:37:13.268+0000] {docker.py:438} INFO - 
[2025-10-01T09:37:13.268+0000] {docker.py:438} INFO - ==================================================
[2025-10-01T09:37:13.268+0000] {docker.py:438} INFO - 🔄 Restart #5 at 2025-10-01 09:33:49
[2025-10-01T09:37:13.269+0000] {docker.py:438} INFO - ==================================================
[2025-10-01T09:37:13.269+0000] {docker.py:438} INFO - Hello world - terminate function started!
[2025-10-01T09:37:13.269+0000] {docker.py:438} INFO - Selecting pods with label_selector: app=post-storage-service
[2025-10-01T09:37:13.269+0000] {docker.py:438} INFO - Found 1 pods initially
[2025-10-01T09:37:13.269+0000] {docker.py:438} INFO - Random selection: 1 pods
[2025-10-01T09:37:13.270+0000] {docker.py:438} INFO - Deleting pod: post-storage-service-786f97cf87-9lsdb
[2025-10-01T09:37:13.270+0000] {docker.py:438} INFO - Deleted 1 pods: ['post-storage-service-786f97cf87-9lsdb']
[2025-10-01T09:37:13.270+0000] {docker.py:438} INFO - ✅ Successfully restarted pods: ['post-storage-service-786f97cf87-9lsdb']
[2025-10-01T09:37:13.270+0000] {docker.py:438} INFO - ⏳ Waiting 20 seconds until next restart...
[2025-10-01T09:37:13.270+0000] {docker.py:438} INFO - 📊 Time remaining: 218 seconds
[2025-10-01T09:37:13.271+0000] {docker.py:438} INFO - 
[2025-10-01T09:37:13.271+0000] {docker.py:438} INFO - ==================================================
[2025-10-01T09:37:13.271+0000] {docker.py:438} INFO - 🔄 Restart #6 at 2025-10-01 09:34:09
[2025-10-01T09:37:13.271+0000] {docker.py:438} INFO - ==================================================
[2025-10-01T09:37:13.271+0000] {docker.py:438} INFO - Hello world - terminate function started!
[2025-10-01T09:37:13.271+0000] {docker.py:438} INFO - Selecting pods with label_selector: app=post-storage-service
[2025-10-01T09:37:13.272+0000] {docker.py:438} INFO - Found 1 pods initially
[2025-10-01T09:37:13.272+0000] {docker.py:438} INFO - Random selection: 1 pods
[2025-10-01T09:37:13.272+0000] {docker.py:438} INFO - Deleting pod: post-storage-service-786f97cf87-7w2gn
[2025-10-01T09:37:13.272+0000] {docker.py:438} INFO - Deleted 1 pods: ['post-storage-service-786f97cf87-7w2gn']
[2025-10-01T09:37:13.272+0000] {docker.py:438} INFO - ✅ Successfully restarted pods: ['post-storage-service-786f97cf87-7w2gn']
[2025-10-01T09:37:13.273+0000] {docker.py:438} INFO - ⏳ Waiting 20 seconds until next restart...
[2025-10-01T09:37:13.273+0000] {docker.py:438} INFO - 📊 Time remaining: 198 seconds
[2025-10-01T09:37:13.273+0000] {docker.py:438} INFO - 
[2025-10-01T09:37:13.273+0000] {docker.py:438} INFO - ==================================================
[2025-10-01T09:37:13.273+0000] {docker.py:438} INFO - 🔄 Restart #7 at 2025-10-01 09:34:30
[2025-10-01T09:37:13.274+0000] {docker.py:438} INFO - ==================================================
[2025-10-01T09:37:13.274+0000] {docker.py:438} INFO - Hello world - terminate function started!
[2025-10-01T09:37:13.274+0000] {docker.py:438} INFO - Selecting pods with label_selector: app=post-storage-service
[2025-10-01T09:37:13.274+0000] {docker.py:438} INFO - Found 1 pods initially
[2025-10-01T09:37:13.274+0000] {docker.py:438} INFO - Random selection: 1 pods
[2025-10-01T09:37:13.274+0000] {docker.py:438} INFO - Deleting pod: post-storage-service-786f97cf87-mkqm4
[2025-10-01T09:37:13.275+0000] {docker.py:438} INFO - Deleted 1 pods: ['post-storage-service-786f97cf87-mkqm4']
[2025-10-01T09:37:13.275+0000] {docker.py:438} INFO - ✅ Successfully restarted pods: ['post-storage-service-786f97cf87-mkqm4']
[2025-10-01T09:37:13.275+0000] {docker.py:438} INFO - ⏳ Waiting 20 seconds until next restart...
[2025-10-01T09:37:13.275+0000] {docker.py:438} INFO - 📊 Time remaining: 177 seconds
[2025-10-01T09:37:13.275+0000] {docker.py:438} INFO - 
[2025-10-01T09:37:13.276+0000] {docker.py:438} INFO - ==================================================
[2025-10-01T09:37:13.276+0000] {docker.py:438} INFO - 🔄 Restart #8 at 2025-10-01 09:34:50
[2025-10-01T09:37:13.276+0000] {docker.py:438} INFO - ==================================================
[2025-10-01T09:37:13.276+0000] {docker.py:438} INFO - Hello world - terminate function started!
[2025-10-01T09:37:13.276+0000] {docker.py:438} INFO - Selecting pods with label_selector: app=post-storage-service
[2025-10-01T09:37:13.277+0000] {docker.py:438} INFO - Found 1 pods initially
[2025-10-01T09:37:13.277+0000] {docker.py:438} INFO - Random selection: 1 pods
[2025-10-01T09:37:13.277+0000] {docker.py:438} INFO - Deleting pod: post-storage-service-786f97cf87-xbhcd
[2025-10-01T09:37:13.277+0000] {docker.py:438} INFO - Deleted 1 pods: ['post-storage-service-786f97cf87-xbhcd']
[2025-10-01T09:37:13.277+0000] {docker.py:438} INFO - ✅ Successfully restarted pods: ['post-storage-service-786f97cf87-xbhcd']
[2025-10-01T09:37:13.278+0000] {docker.py:438} INFO - ⏳ Waiting 20 seconds until next restart...
[2025-10-01T09:37:13.278+0000] {docker.py:438} INFO - 📊 Time remaining: 157 seconds
[2025-10-01T09:37:13.278+0000] {docker.py:438} INFO - 
[2025-10-01T09:37:13.278+0000] {docker.py:438} INFO - ==================================================
[2025-10-01T09:37:13.278+0000] {docker.py:438} INFO - 🔄 Restart #9 at 2025-10-01 09:35:10
[2025-10-01T09:37:13.279+0000] {docker.py:438} INFO - ==================================================
[2025-10-01T09:37:13.279+0000] {docker.py:438} INFO - Hello world - terminate function started!
[2025-10-01T09:37:13.279+0000] {docker.py:438} INFO - Selecting pods with label_selector: app=post-storage-service
[2025-10-01T09:37:13.279+0000] {docker.py:438} INFO - Found 1 pods initially
[2025-10-01T09:37:13.279+0000] {docker.py:438} INFO - Random selection: 1 pods
[2025-10-01T09:37:13.280+0000] {docker.py:438} INFO - Deleting pod: post-storage-service-786f97cf87-dlm9b
[2025-10-01T09:37:13.280+0000] {docker.py:438} INFO - Deleted 1 pods: ['post-storage-service-786f97cf87-dlm9b']
[2025-10-01T09:37:13.280+0000] {docker.py:438} INFO - ✅ Successfully restarted pods: ['post-storage-service-786f97cf87-dlm9b']
[2025-10-01T09:37:13.280+0000] {docker.py:438} INFO - ⏳ Waiting 20 seconds until next restart...
[2025-10-01T09:37:13.280+0000] {docker.py:438} INFO - 📊 Time remaining: 136 seconds
[2025-10-01T09:37:13.280+0000] {docker.py:438} INFO - 
[2025-10-01T09:37:13.281+0000] {docker.py:438} INFO - ==================================================
[2025-10-01T09:37:13.281+0000] {docker.py:438} INFO - 🔄 Restart #10 at 2025-10-01 09:35:31
[2025-10-01T09:37:13.281+0000] {docker.py:438} INFO - ==================================================
[2025-10-01T09:37:13.281+0000] {docker.py:438} INFO - Hello world - terminate function started!
[2025-10-01T09:37:13.281+0000] {docker.py:438} INFO - Selecting pods with label_selector: app=post-storage-service
[2025-10-01T09:37:13.282+0000] {docker.py:438} INFO - Found 1 pods initially
[2025-10-01T09:37:13.282+0000] {docker.py:438} INFO - Random selection: 1 pods
[2025-10-01T09:37:13.282+0000] {docker.py:438} INFO - Deleting pod: post-storage-service-786f97cf87-nhlrm
[2025-10-01T09:37:13.282+0000] {docker.py:438} INFO - Deleted 1 pods: ['post-storage-service-786f97cf87-nhlrm']
[2025-10-01T09:37:13.283+0000] {docker.py:438} INFO - ✅ Successfully restarted pods: ['post-storage-service-786f97cf87-nhlrm']
[2025-10-01T09:37:13.283+0000] {docker.py:438} INFO - ⏳ Waiting 20 seconds until next restart...
[2025-10-01T09:37:13.283+0000] {docker.py:438} INFO - 📊 Time remaining: 116 seconds
[2025-10-01T09:37:13.283+0000] {docker.py:438} INFO - 
[2025-10-01T09:37:13.283+0000] {docker.py:438} INFO - ==================================================
[2025-10-01T09:37:13.284+0000] {docker.py:438} INFO - 🔄 Restart #11 at 2025-10-01 09:35:51
[2025-10-01T09:37:13.284+0000] {docker.py:438} INFO - ==================================================
[2025-10-01T09:37:13.284+0000] {docker.py:438} INFO - Hello world - terminate function started!
[2025-10-01T09:37:13.284+0000] {docker.py:438} INFO - Selecting pods with label_selector: app=post-storage-service
[2025-10-01T09:37:13.284+0000] {docker.py:438} INFO - Found 1 pods initially
[2025-10-01T09:37:13.285+0000] {docker.py:438} INFO - Random selection: 1 pods
[2025-10-01T09:37:13.285+0000] {docker.py:438} INFO - Deleting pod: post-storage-service-786f97cf87-8482s
[2025-10-01T09:37:13.285+0000] {docker.py:438} INFO - Deleted 1 pods: ['post-storage-service-786f97cf87-8482s']
[2025-10-01T09:37:13.285+0000] {docker.py:438} INFO - ✅ Successfully restarted pods: ['post-storage-service-786f97cf87-8482s']
[2025-10-01T09:37:13.285+0000] {docker.py:438} INFO - ⏳ Waiting 20 seconds until next restart...
[2025-10-01T09:37:13.285+0000] {docker.py:438} INFO - 📊 Time remaining: 96 seconds
[2025-10-01T09:37:13.286+0000] {docker.py:438} INFO - 
[2025-10-01T09:37:13.286+0000] {docker.py:438} INFO - ==================================================
[2025-10-01T09:37:13.286+0000] {docker.py:438} INFO - 🔄 Restart #12 at 2025-10-01 09:36:12
[2025-10-01T09:37:13.286+0000] {docker.py:438} INFO - ==================================================
[2025-10-01T09:37:13.286+0000] {docker.py:438} INFO - Hello world - terminate function started!
[2025-10-01T09:37:13.287+0000] {docker.py:438} INFO - Selecting pods with label_selector: app=post-storage-service
[2025-10-01T09:37:13.287+0000] {docker.py:438} INFO - Found 1 pods initially
[2025-10-01T09:37:13.287+0000] {docker.py:438} INFO - Random selection: 1 pods
[2025-10-01T09:37:13.287+0000] {docker.py:438} INFO - Deleting pod: post-storage-service-786f97cf87-h2zhh
[2025-10-01T09:37:13.287+0000] {docker.py:438} INFO - Deleted 1 pods: ['post-storage-service-786f97cf87-h2zhh']
[2025-10-01T09:37:13.288+0000] {docker.py:438} INFO - ✅ Successfully restarted pods: ['post-storage-service-786f97cf87-h2zhh']
[2025-10-01T09:37:13.288+0000] {docker.py:438} INFO - ⏳ Waiting 20 seconds until next restart...
[2025-10-01T09:37:13.288+0000] {docker.py:438} INFO - 📊 Time remaining: 75 seconds
[2025-10-01T09:37:13.288+0000] {docker.py:438} INFO - 
[2025-10-01T09:37:13.289+0000] {docker.py:438} INFO - ==================================================
[2025-10-01T09:37:13.289+0000] {docker.py:438} INFO - 🔄 Restart #13 at 2025-10-01 09:36:32
[2025-10-01T09:37:13.289+0000] {docker.py:438} INFO - ==================================================
[2025-10-01T09:37:13.289+0000] {docker.py:438} INFO - Hello world - terminate function started!
[2025-10-01T09:37:13.289+0000] {docker.py:438} INFO - Selecting pods with label_selector: app=post-storage-service
[2025-10-01T09:37:13.290+0000] {docker.py:438} INFO - Found 1 pods initially
[2025-10-01T09:37:13.290+0000] {docker.py:438} INFO - Random selection: 1 pods
[2025-10-01T09:37:13.290+0000] {docker.py:438} INFO - Deleting pod: post-storage-service-786f97cf87-c8cgl
[2025-10-01T09:37:13.290+0000] {docker.py:438} INFO - Deleted 1 pods: ['post-storage-service-786f97cf87-c8cgl']
[2025-10-01T09:37:13.290+0000] {docker.py:438} INFO - ✅ Successfully restarted pods: ['post-storage-service-786f97cf87-c8cgl']
[2025-10-01T09:37:13.290+0000] {docker.py:438} INFO - ⏳ Waiting 20 seconds until next restart...
[2025-10-01T09:37:13.291+0000] {docker.py:438} INFO - 📊 Time remaining: 55 seconds
[2025-10-01T09:37:13.291+0000] {docker.py:438} INFO - 
[2025-10-01T09:37:13.291+0000] {docker.py:438} INFO - ==================================================
[2025-10-01T09:37:13.291+0000] {docker.py:438} INFO - 🔄 Restart #14 at 2025-10-01 09:36:52
[2025-10-01T09:37:13.291+0000] {docker.py:438} INFO - ==================================================
[2025-10-01T09:37:13.292+0000] {docker.py:438} INFO - Hello world - terminate function started!
[2025-10-01T09:37:13.292+0000] {docker.py:438} INFO - Selecting pods with label_selector: app=post-storage-service
[2025-10-01T09:37:13.292+0000] {docker.py:438} INFO - Found 1 pods initially
[2025-10-01T09:37:13.292+0000] {docker.py:438} INFO - Random selection: 1 pods
[2025-10-01T09:37:13.292+0000] {docker.py:438} INFO - Deleting pod: post-storage-service-786f97cf87-2gfx9
[2025-10-01T09:37:13.293+0000] {docker.py:438} INFO - Deleted 1 pods: ['post-storage-service-786f97cf87-2gfx9']
[2025-10-01T09:37:13.293+0000] {docker.py:438} INFO - ✅ Successfully restarted pods: ['post-storage-service-786f97cf87-2gfx9']
[2025-10-01T09:37:13.293+0000] {docker.py:438} INFO - ⏳ Waiting 20 seconds until next restart...
[2025-10-01T09:37:13.293+0000] {docker.py:438} INFO - 📊 Time remaining: 34 seconds
[2025-10-01T09:37:13.293+0000] {docker.py:438} INFO - 
[2025-10-01T09:37:13.293+0000] {docker.py:438} INFO - ==================================================
[2025-10-01T09:37:13.294+0000] {docker.py:438} INFO - 🔄 Restart #15 at 2025-10-01 09:37:13
[2025-10-01T09:37:13.294+0000] {docker.py:438} INFO - ==================================================
[2025-10-01T09:37:13.294+0000] {docker.py:438} INFO - Hello world - terminate function started!
[2025-10-01T09:37:13.294+0000] {docker.py:438} INFO - Selecting pods with label_selector: app=post-storage-service
[2025-10-01T09:37:13.721+0000] {docker.py:438} INFO - [32m[2025-10-01 09:37:13 INFO] Let's rollback...
[2025-10-01T09:37:13.721+0000] {docker.py:438} INFO - [32m[2025-10-01 09:37:13 INFO] Rollback: uncordon-all-nodes
[2025-10-01T09:37:13.722+0000] {docker.py:438} INFO - [32m[2025-10-01 09:37:13 INFO] Action: uncordon-all-nodes
[2025-10-01T09:37:14.727+0000] {docker.py:438} INFO - [32m[2025-10-01 09:37:14 INFO] Experiment ended with status: completed
[2025-10-01T09:37:14.728+0000] {docker.py:438} INFO - Found 3 pods initially
[2025-10-01T09:37:14.729+0000] {docker.py:438} INFO - Random selection: 1 pods
[2025-10-01T09:37:14.729+0000] {docker.py:438} INFO - Deleting pod: post-storage-service-786f97cf87-r942l
[2025-10-01T09:37:14.729+0000] {docker.py:438} INFO - Deleted 1 pods: ['post-storage-service-786f97cf87-r942l']
[2025-10-01T09:37:14.730+0000] {docker.py:438} INFO - ✅ Successfully restarted pods: ['post-storage-service-786f97cf87-r942l']
[2025-10-01T09:37:14.730+0000] {docker.py:438} INFO - ⏰ Less than 20 seconds remaining, stopping experiment
[2025-10-01T09:37:14.730+0000] {docker.py:438} INFO - 
[2025-10-01T09:37:14.731+0000] {docker.py:438} INFO - ==================================================
[2025-10-01T09:37:14.731+0000] {docker.py:438} INFO - 🏁 Experiment Completed!
[2025-10-01T09:37:14.731+0000] {docker.py:438} INFO - ==================================================
[2025-10-01T09:37:14.732+0000] {docker.py:438} INFO - 📈 Total restarts performed: 15
[2025-10-01T09:37:14.732+0000] {docker.py:438} INFO - ⏱️  Total duration: 286 seconds
[2025-10-01T09:37:14.732+0000] {docker.py:438} INFO - 📊 Average interval: 19.1 seconds
[2025-10-01T09:37:14.996+0000] {taskinstance.py:340} INFO - ::group::Post task execution logs
[2025-10-01T09:37:14.997+0000] {taskinstance.py:352} INFO - Marking task as SUCCESS. dag_id=Cordon_Uncordon_Node, task_id=apply_cordon_uncordon_node, run_id=manual__2025-10-01T09:32:14.943738+00:00, execution_date=20251001T093214, start_date=20251001T093216, end_date=20251001T093714
[2025-10-01T09:37:15.054+0000] {local_task_job_runner.py:266} INFO - Task exited with return code 0
[2025-10-01T09:37:15.069+0000] {taskinstance.py:3900} INFO - 0 downstream tasks scheduled from follow-on schedule check
[2025-10-01T09:37:15.071+0000] {local_task_job_runner.py:245} INFO - ::endgroup::
