[2025-10-21T07:39:39.561+0000] {local_task_job_runner.py:123} INFO - ::group::Pre task execution logs
[2025-10-21T07:39:39.642+0000] {taskinstance.py:2612} INFO - Dependencies all met for dep_context=non-requeueable deps ti=<TaskInstance: DB_Cleanup.run_db_cleanup_docker manual__2025-10-21T07:39:37.348295+00:00 [queued]>
[2025-10-21T07:39:39.664+0000] {taskinstance.py:2612} INFO - Dependencies all met for dep_context=requeueable deps ti=<TaskInstance: DB_Cleanup.run_db_cleanup_docker manual__2025-10-21T07:39:37.348295+00:00 [queued]>
[2025-10-21T07:39:39.664+0000] {taskinstance.py:2865} INFO - Starting attempt 1 of 2
[2025-10-21T07:39:39.707+0000] {taskinstance.py:2888} INFO - Executing <Task(DockerOperator): run_db_cleanup_docker> on 2025-10-21 07:39:37.348295+00:00
[2025-10-21T07:39:39.721+0000] {standard_task_runner.py:72} INFO - Started process 3007 to run task
[2025-10-21T07:39:39.729+0000] {standard_task_runner.py:104} INFO - Running: ['***', 'tasks', 'run', 'DB_Cleanup', 'run_db_cleanup_docker', 'manual__2025-10-21T07:39:37.348295+00:00', '--job-id', '10099', '--raw', '--subdir', 'DAGS_FOLDER/dag_factory.py', '--cfg-path', '/tmp/tmpv5o9xgrv']
[2025-10-21T07:39:39.733+0000] {standard_task_runner.py:105} INFO - Job 10099: Subtask run_db_cleanup_docker
[2025-10-21T07:39:39.847+0000] {task_command.py:467} INFO - Running <TaskInstance: DB_Cleanup.run_db_cleanup_docker manual__2025-10-21T07:39:37.348295+00:00 [running]> on host workflow.y2twbfvcjkaujnl2bmtbxunhcb.cx.internal.cloudapp.net
[2025-10-21T07:39:40.041+0000] {taskinstance.py:3131} INFO - Exporting env vars: AIRFLOW_CTX_DAG_OWNER='***' AIRFLOW_CTX_DAG_ID='DB_Cleanup' AIRFLOW_CTX_TASK_ID='run_db_cleanup_docker' AIRFLOW_CTX_EXECUTION_DATE='2025-10-21T07:39:37.348295+00:00' AIRFLOW_CTX_TRY_NUMBER='1' AIRFLOW_CTX_DAG_RUN_ID='manual__2025-10-21T07:39:37.348295+00:00'
[2025-10-21T07:39:40.044+0000] {taskinstance.py:731} INFO - ::endgroup::
[2025-10-21T07:39:40.132+0000] {docker.py:367} INFO - Starting docker container from image priyanshu01ce/***_chaos:latest
[2025-10-21T07:39:41.487+0000] {docker.py:438} INFO - The container is run as root user. For security, consider using a regular user account.
[2025-10-21T07:40:04.045+0000] {docker.py:438} INFO - 
[2025-10-21T07:40:04.050+0000] {docker.py:438} INFO - Starting database cleanup check...
[2025-10-21T07:40:04.899+0000] {docker.py:438} INFO - [32m[2025-10-21 07:40:04 INFO] Validating the experiment's syntax
[2025-10-21T07:40:05.071+0000] {docker.py:438} INFO - [32m[2025-10-21 07:40:05 INFO] Experiment looks valid
[2025-10-21T07:40:05.072+0000] {docker.py:438} INFO - [32m[2025-10-21 07:40:05 INFO] Running experiment: Database Cleanup Experiment
[2025-10-21T07:40:05.076+0000] {docker.py:438} INFO - [32m[2025-10-21 07:40:05 INFO] Steady-state strategy: default
[2025-10-21T07:40:05.076+0000] {docker.py:438} INFO - [32m[2025-10-21 07:40:05 INFO] Rollbacks strategy: default
[2025-10-21T07:40:05.077+0000] {docker.py:438} INFO - [32m[2025-10-21 07:40:05 INFO] No steady state hypothesis defined. That's ok, just exploring.
[2025-10-21T07:40:05.077+0000] {docker.py:438} INFO - [32m[2025-10-21 07:40:05 INFO] Playing your experiment's method now...
[2025-10-21T07:40:05.078+0000] {docker.py:438} INFO - [32m[2025-10-21 07:40:05 INFO] Probe: Check current database size
[2025-10-21T07:40:10.089+0000] {docker.py:438} INFO - [31m[2025-10-21 07:40:10 ERROR] Failed to count posts: No servers found yet, Timeout: 5.0s, Topology Description: <TopologyDescription id: 68f738d5e05a43653bb81f82, topology_type: Unknown, servers: [<ServerDescription ('172.179.55.194', 27017) server_type: Unknown, rtt: None>]>
[2025-10-21T07:40:10.091+0000] {docker.py:438} INFO - [32m[2025-10-21 07:40:10 INFO] Action: Auto cleanup if records exceed threshold
[2025-10-21T07:40:10.092+0000] {docker.py:438} INFO - [32m[2025-10-21 07:40:10 INFO] 🔍 Starting auto-cleanup check...
[2025-10-21T07:40:10.093+0000] {docker.py:438} INFO - [32m[2025-10-21 07:40:10 INFO] 📋 Database: 172.179.55.194:27017/post.post
[2025-10-21T07:40:10.094+0000] {docker.py:438} INFO - [32m[2025-10-21 07:40:10 INFO] 📊 Threshold: 10000, Keep count: 10000
[2025-10-21T07:40:15.105+0000] {docker.py:438} INFO - [31m[2025-10-21 07:40:15 ERROR] Failed to count posts: No servers found yet, Timeout: 5.0s, Topology Description: <TopologyDescription id: 68f738dae05a43653bb81f83, topology_type: Unknown, servers: [<ServerDescription ('172.179.55.194', 27017) server_type: Unknown, rtt: None>]>
[2025-10-21T07:40:15.106+0000] {docker.py:438} INFO - [31m[2025-10-21 07:40:15 ERROR] ❌ Failed to count posts, cannot proceed with cleanup
[2025-10-21T07:40:15.106+0000] {docker.py:438} INFO - [32m[2025-10-21 07:40:15 INFO] Probe: Verify final database size
[2025-10-21T07:40:20.120+0000] {docker.py:438} INFO - [31m[2025-10-21 07:40:20 ERROR] Failed to count posts: No servers found yet, Timeout: 5.0s, Topology Description: <TopologyDescription id: 68f738dfe05a43653bb81f84, topology_type: Unknown, servers: [<ServerDescription ('172.179.55.194', 27017) server_type: Unknown, rtt: None>]>
[2025-10-21T07:40:20.122+0000] {docker.py:438} INFO - [32m[2025-10-21 07:40:20 INFO] Let's rollback...
[2025-10-21T07:40:20.122+0000] {docker.py:438} INFO - [32m[2025-10-21 07:40:20 INFO] Rollback: Final verification after cleanup
[2025-10-21T07:40:20.125+0000] {docker.py:438} INFO - [32m[2025-10-21 07:40:20 INFO] Probe: Final verification after cleanup
[2025-10-21T07:40:25.145+0000] {docker.py:438} INFO - [31m[2025-10-21 07:40:25 ERROR] Failed to count posts: No servers found yet, Timeout: 5.0s, Topology Description: <TopologyDescription id: 68f738e4e05a43653bb81f85, topology_type: Unknown, servers: [<ServerDescription ('172.179.55.194', 27017) server_type: Unknown, rtt: None>]>
[2025-10-21T07:40:25.146+0000] {docker.py:438} INFO - [32m[2025-10-21 07:40:25 INFO] Experiment ended with status: completed
[2025-10-21T07:40:28.276+0000] {docker.py:438} INFO - Database cleanup completed successfully
[2025-10-21T07:40:28.657+0000] {taskinstance.py:340} INFO - ::group::Post task execution logs
[2025-10-21T07:40:28.658+0000] {taskinstance.py:352} INFO - Marking task as SUCCESS. dag_id=DB_Cleanup, task_id=run_db_cleanup_docker, run_id=manual__2025-10-21T07:39:37.348295+00:00, execution_date=20251021T073937, start_date=20251021T073939, end_date=20251021T074028
[2025-10-21T07:40:28.715+0000] {local_task_job_runner.py:266} INFO - Task exited with return code 0
[2025-10-21T07:40:28.744+0000] {taskinstance.py:3900} INFO - 0 downstream tasks scheduled from follow-on schedule check
[2025-10-21T07:40:28.747+0000] {local_task_job_runner.py:245} INFO - ::endgroup::
